[2022-07-21 06:28:07,385] {taskinstance.py:1179} INFO - Dependencies all met for <TaskInstance: etl_dag.extract scheduled__2022-07-20T00:00:00+00:00 [queued]>
[2022-07-21 06:28:07,408] {taskinstance.py:1179} INFO - Dependencies all met for <TaskInstance: etl_dag.extract scheduled__2022-07-20T00:00:00+00:00 [queued]>
[2022-07-21 06:28:07,409] {taskinstance.py:1376} INFO - 
--------------------------------------------------------------------------------
[2022-07-21 06:28:07,409] {taskinstance.py:1377} INFO - Starting attempt 1 of 1
[2022-07-21 06:28:07,409] {taskinstance.py:1378} INFO - 
--------------------------------------------------------------------------------
[2022-07-21 06:28:07,440] {taskinstance.py:1397} INFO - Executing <Task(PythonOperator): extract> on 2022-07-20 00:00:00+00:00
[2022-07-21 06:28:07,448] {standard_task_runner.py:52} INFO - Started process 68 to run task
[2022-07-21 06:28:07,455] {standard_task_runner.py:79} INFO - Running: ['***', 'tasks', 'run', 'etl_dag', 'extract', 'scheduled__2022-07-20T00:00:00+00:00', '--job-id', '58', '--raw', '--subdir', 'DAGS_FOLDER/etl_dag.py', '--cfg-path', '/tmp/tmpllj0m54a', '--error-file', '/tmp/tmp93g6d9hi']
[2022-07-21 06:28:07,457] {standard_task_runner.py:80} INFO - Job 58: Subtask extract
[2022-07-21 06:28:07,587] {task_command.py:371} INFO - Running <TaskInstance: etl_dag.extract scheduled__2022-07-20T00:00:00+00:00 [running]> on host 4514cd19035a
[2022-07-21 06:28:07,877] {taskinstance.py:1591} INFO - Exporting the following env vars:
AIRFLOW_CTX_DAG_OWNER=***
AIRFLOW_CTX_DAG_ID=etl_dag
AIRFLOW_CTX_TASK_ID=extract
AIRFLOW_CTX_EXECUTION_DATE=2022-07-20T00:00:00+00:00
AIRFLOW_CTX_TRY_NUMBER=1
AIRFLOW_CTX_DAG_RUN_ID=scheduled__2022-07-20T00:00:00+00:00
[2022-07-21 06:28:07,879] {logging_mixin.py:115} INFO - extracting
[2022-07-21 06:28:08,938] {python.py:173} INFO - Done. Returned value was: {'song_name': ['Miras'], 'artist_name': ['Siavash Ghomayshi'], 'played_at': ['2022-07-21T06:26:06.330Z'], 'timestamp': ['2022-07-21']}
[2022-07-21 06:28:09,019] {taskinstance.py:1420} INFO - Marking task as SUCCESS. dag_id=etl_dag, task_id=extract, execution_date=20220720T000000, start_date=20220721T062807, end_date=20220721T062809
[2022-07-21 06:28:09,086] {local_task_job.py:156} INFO - Task exited with return code 0
[2022-07-21 06:28:09,224] {local_task_job.py:273} INFO - 1 downstream tasks scheduled from follow-on schedule check
