[2022-07-21 06:28:42,495] {taskinstance.py:1179} INFO - Dependencies all met for <TaskInstance: etl_dag.transform manual__2022-07-21T06:28:32.800540+00:00 [queued]>
[2022-07-21 06:28:42,508] {taskinstance.py:1179} INFO - Dependencies all met for <TaskInstance: etl_dag.transform manual__2022-07-21T06:28:32.800540+00:00 [queued]>
[2022-07-21 06:28:42,508] {taskinstance.py:1376} INFO - 
--------------------------------------------------------------------------------
[2022-07-21 06:28:42,509] {taskinstance.py:1377} INFO - Starting attempt 1 of 1
[2022-07-21 06:28:42,509] {taskinstance.py:1378} INFO - 
--------------------------------------------------------------------------------
[2022-07-21 06:28:42,529] {taskinstance.py:1397} INFO - Executing <Task(PythonOperator): transform> on 2022-07-21 06:28:32.800540+00:00
[2022-07-21 06:28:42,536] {standard_task_runner.py:52} INFO - Started process 126 to run task
[2022-07-21 06:28:42,540] {standard_task_runner.py:79} INFO - Running: ['***', 'tasks', 'run', 'etl_dag', 'transform', 'manual__2022-07-21T06:28:32.800540+00:00', '--job-id', '68', '--raw', '--subdir', 'DAGS_FOLDER/etl_dag.py', '--cfg-path', '/tmp/tmpdps0j9n2', '--error-file', '/tmp/tmpaxjkwpgc']
[2022-07-21 06:28:42,541] {standard_task_runner.py:80} INFO - Job 68: Subtask transform
[2022-07-21 06:28:42,622] {task_command.py:371} INFO - Running <TaskInstance: etl_dag.transform manual__2022-07-21T06:28:32.800540+00:00 [running]> on host 4514cd19035a
[2022-07-21 06:28:42,727] {taskinstance.py:1591} INFO - Exporting the following env vars:
AIRFLOW_CTX_DAG_OWNER=***
AIRFLOW_CTX_DAG_ID=etl_dag
AIRFLOW_CTX_TASK_ID=transform
AIRFLOW_CTX_EXECUTION_DATE=2022-07-21T06:28:32.800540+00:00
AIRFLOW_CTX_TRY_NUMBER=1
AIRFLOW_CTX_DAG_RUN_ID=manual__2022-07-21T06:28:32.800540+00:00
[2022-07-21 06:28:42,740] {logging_mixin.py:115} INFO - {'song_name': ['Miras'], 'artist_name': ['Siavash Ghomayshi'], 'played_at': ['2022-07-21T06:26:06.330Z'], 'timestamp': ['2022-07-21']}
[2022-07-21 06:28:42,753] {logging_mixin.py:115} INFO - Data valid, proceed to Load stage
[2022-07-21 06:28:42,753] {python.py:173} INFO - Done. Returned value was: {'song_name': ['Miras'], 'artist_name': ['Siavash Ghomayshi'], 'played_at': ['2022-07-21T06:26:06.330Z'], 'timestamp': ['2022-07-21']}
[2022-07-21 06:28:42,788] {taskinstance.py:1420} INFO - Marking task as SUCCESS. dag_id=etl_dag, task_id=transform, execution_date=20220721T062832, start_date=20220721T062842, end_date=20220721T062842
[2022-07-21 06:28:42,831] {local_task_job.py:156} INFO - Task exited with return code 0
[2022-07-21 06:28:42,881] {local_task_job.py:273} INFO - 1 downstream tasks scheduled from follow-on schedule check
