[2022-07-21 06:28:12,096] {taskinstance.py:1179} INFO - Dependencies all met for <TaskInstance: etl_dag.sleep scheduled__2022-07-18T00:00:00+00:00 [queued]>
[2022-07-21 06:28:12,115] {taskinstance.py:1179} INFO - Dependencies all met for <TaskInstance: etl_dag.sleep scheduled__2022-07-18T00:00:00+00:00 [queued]>
[2022-07-21 06:28:12,115] {taskinstance.py:1376} INFO - 
--------------------------------------------------------------------------------
[2022-07-21 06:28:12,115] {taskinstance.py:1377} INFO - Starting attempt 1 of 1
[2022-07-21 06:28:12,115] {taskinstance.py:1378} INFO - 
--------------------------------------------------------------------------------
[2022-07-21 06:28:12,143] {taskinstance.py:1397} INFO - Executing <Task(BashOperator): sleep> on 2022-07-18 00:00:00+00:00
[2022-07-21 06:28:12,152] {standard_task_runner.py:52} INFO - Started process 84 to run task
[2022-07-21 06:28:12,159] {standard_task_runner.py:79} INFO - Running: ['***', 'tasks', 'run', 'etl_dag', 'sleep', 'scheduled__2022-07-18T00:00:00+00:00', '--job-id', '61', '--raw', '--subdir', 'DAGS_FOLDER/etl_dag.py', '--cfg-path', '/tmp/tmpo66uah1e', '--error-file', '/tmp/tmpifnm3b0h']
[2022-07-21 06:28:12,161] {standard_task_runner.py:80} INFO - Job 61: Subtask sleep
[2022-07-21 06:28:12,278] {task_command.py:371} INFO - Running <TaskInstance: etl_dag.sleep scheduled__2022-07-18T00:00:00+00:00 [running]> on host 4514cd19035a
[2022-07-21 06:28:12,433] {taskinstance.py:1591} INFO - Exporting the following env vars:
AIRFLOW_CTX_DAG_OWNER=***
AIRFLOW_CTX_DAG_ID=etl_dag
AIRFLOW_CTX_TASK_ID=sleep
AIRFLOW_CTX_EXECUTION_DATE=2022-07-18T00:00:00+00:00
AIRFLOW_CTX_TRY_NUMBER=1
AIRFLOW_CTX_DAG_RUN_ID=scheduled__2022-07-18T00:00:00+00:00
[2022-07-21 06:28:12,434] {subprocess.py:62} INFO - Tmp dir root location: 
 /tmp
[2022-07-21 06:28:12,435] {subprocess.py:74} INFO - Running command: ['bash', '-c', 'sleep 3']
[2022-07-21 06:28:12,456] {subprocess.py:85} INFO - Output:
[2022-07-21 06:28:15,476] {subprocess.py:96} INFO - Command exited with return code 0
[2022-07-21 06:28:15,514] {taskinstance.py:1420} INFO - Marking task as SUCCESS. dag_id=etl_dag, task_id=sleep, execution_date=20220718T000000, start_date=20220721T062812, end_date=20220721T062815
[2022-07-21 06:28:15,548] {local_task_job.py:156} INFO - Task exited with return code 0
[2022-07-21 06:28:15,611] {local_task_job.py:273} INFO - 1 downstream tasks scheduled from follow-on schedule check
