[2022-07-16 15:32:39,084] {taskinstance.py:1179} INFO - Dependencies all met for <TaskInstance: my_dag.choose_best_model scheduled__2022-07-15T00:00:00+00:00 [queued]>
[2022-07-16 15:32:39,119] {taskinstance.py:1179} INFO - Dependencies all met for <TaskInstance: my_dag.choose_best_model scheduled__2022-07-15T00:00:00+00:00 [queued]>
[2022-07-16 15:32:39,120] {taskinstance.py:1376} INFO - 
--------------------------------------------------------------------------------
[2022-07-16 15:32:39,120] {taskinstance.py:1377} INFO - Starting attempt 1 of 1
[2022-07-16 15:32:39,120] {taskinstance.py:1378} INFO - 
--------------------------------------------------------------------------------
[2022-07-16 15:32:39,177] {taskinstance.py:1397} INFO - Executing <Task(BranchPythonOperator): choose_best_model> on 2022-07-15 00:00:00+00:00
[2022-07-16 15:32:39,185] {standard_task_runner.py:52} INFO - Started process 1730 to run task
[2022-07-16 15:32:39,192] {standard_task_runner.py:79} INFO - Running: ['***', 'tasks', 'run', 'my_dag', 'choose_best_model', 'scheduled__2022-07-15T00:00:00+00:00', '--job-id', '41', '--raw', '--subdir', 'DAGS_FOLDER/my_dag.py', '--cfg-path', '/tmp/tmpg8c_8aln', '--error-file', '/tmp/tmppuff0no5']
[2022-07-16 15:32:39,193] {standard_task_runner.py:80} INFO - Job 41: Subtask choose_best_model
[2022-07-16 15:32:39,350] {task_command.py:371} INFO - Running <TaskInstance: my_dag.choose_best_model scheduled__2022-07-15T00:00:00+00:00 [running]> on host f32a6ddd91ec
[2022-07-16 15:32:39,545] {taskinstance.py:1591} INFO - Exporting the following env vars:
AIRFLOW_CTX_DAG_OWNER=***
AIRFLOW_CTX_DAG_ID=my_dag
AIRFLOW_CTX_TASK_ID=choose_best_model
AIRFLOW_CTX_EXECUTION_DATE=2022-07-15T00:00:00+00:00
AIRFLOW_CTX_TRY_NUMBER=1
AIRFLOW_CTX_DAG_RUN_ID=scheduled__2022-07-15T00:00:00+00:00
[2022-07-16 15:32:39,576] {python.py:173} INFO - Done. Returned value was: accurate
[2022-07-16 15:32:39,576] {skipmixin.py:140} INFO - Following branch accurate
[2022-07-16 15:32:39,577] {skipmixin.py:175} INFO - Skipping tasks ['inaccurate']
[2022-07-16 15:32:39,707] {taskinstance.py:1420} INFO - Marking task as SUCCESS. dag_id=my_dag, task_id=choose_best_model, execution_date=20220715T000000, start_date=20220716T153239, end_date=20220716T153239
[2022-07-16 15:32:39,766] {local_task_job.py:156} INFO - Task exited with return code 0
[2022-07-16 15:32:39,863] {local_task_job.py:273} INFO - 1 downstream tasks scheduled from follow-on schedule check
