[2022-07-17 19:36:55,500] {processor.py:153} INFO - Started process (PID=75) to work on /home/airflow/.local/lib/python3.7/site-packages/airflow/example_dags/example_xcomargs.py
[2022-07-17 19:36:55,500] {processor.py:641} INFO - Processing file /home/airflow/.local/lib/python3.7/site-packages/airflow/example_dags/example_xcomargs.py for tasks to queue
[2022-07-17 19:36:55,501] {logging_mixin.py:115} INFO - [2022-07-17 19:36:55,501] {dagbag.py:508} INFO - Filling up the DagBag from /home/airflow/.local/lib/python3.7/site-packages/airflow/example_dags/example_xcomargs.py
[2022-07-17 19:36:55,530] {processor.py:651} INFO - DAG(s) dict_keys(['example_xcom_args', 'example_xcom_args_with_operators']) retrieved from /home/airflow/.local/lib/python3.7/site-packages/airflow/example_dags/example_xcomargs.py
[2022-07-17 19:36:55,653] {logging_mixin.py:115} INFO - [2022-07-17 19:36:55,653] {manager.py:508} INFO - Created Permission View: can delete on DAG:example_xcom_args
[2022-07-17 19:36:55,667] {logging_mixin.py:115} INFO - [2022-07-17 19:36:55,667] {manager.py:508} INFO - Created Permission View: can read on DAG:example_xcom_args
[2022-07-17 19:36:55,677] {logging_mixin.py:115} INFO - [2022-07-17 19:36:55,677] {manager.py:508} INFO - Created Permission View: can edit on DAG:example_xcom_args
[2022-07-17 19:36:55,698] {logging_mixin.py:115} INFO - [2022-07-17 19:36:55,698] {manager.py:508} INFO - Created Permission View: can delete on DAG:example_xcom_args_with_operators
[2022-07-17 19:36:55,710] {logging_mixin.py:115} INFO - [2022-07-17 19:36:55,710] {manager.py:508} INFO - Created Permission View: can read on DAG:example_xcom_args_with_operators
[2022-07-17 19:36:55,721] {logging_mixin.py:115} INFO - [2022-07-17 19:36:55,721] {manager.py:508} INFO - Created Permission View: can edit on DAG:example_xcom_args_with_operators
[2022-07-17 19:36:55,721] {logging_mixin.py:115} INFO - [2022-07-17 19:36:55,721] {dag.py:2420} INFO - Sync 2 DAGs
[2022-07-17 19:36:55,734] {logging_mixin.py:115} INFO - [2022-07-17 19:36:55,734] {dag.py:2439} INFO - Creating ORM DAG for example_xcom_args_with_operators
[2022-07-17 19:36:55,735] {logging_mixin.py:115} INFO - [2022-07-17 19:36:55,735] {dag.py:2439} INFO - Creating ORM DAG for example_xcom_args
[2022-07-17 19:36:55,754] {logging_mixin.py:115} INFO - [2022-07-17 19:36:55,753] {dag.py:2972} INFO - Setting next_dagrun for example_xcom_args to None, run_after=None
[2022-07-17 19:36:55,754] {logging_mixin.py:115} INFO - [2022-07-17 19:36:55,754] {dag.py:2972} INFO - Setting next_dagrun for example_xcom_args_with_operators to None, run_after=None
[2022-07-17 19:36:55,777] {processor.py:161} INFO - Processing /home/airflow/.local/lib/python3.7/site-packages/airflow/example_dags/example_xcomargs.py took 0.281 seconds
[2022-07-17 19:37:26,004] {processor.py:153} INFO - Started process (PID=140) to work on /home/airflow/.local/lib/python3.7/site-packages/airflow/example_dags/example_xcomargs.py
[2022-07-17 19:37:26,004] {processor.py:641} INFO - Processing file /home/airflow/.local/lib/python3.7/site-packages/airflow/example_dags/example_xcomargs.py for tasks to queue
[2022-07-17 19:37:26,005] {logging_mixin.py:115} INFO - [2022-07-17 19:37:26,005] {dagbag.py:508} INFO - Filling up the DagBag from /home/airflow/.local/lib/python3.7/site-packages/airflow/example_dags/example_xcomargs.py
[2022-07-17 19:37:26,034] {processor.py:651} INFO - DAG(s) dict_keys(['example_xcom_args', 'example_xcom_args_with_operators']) retrieved from /home/airflow/.local/lib/python3.7/site-packages/airflow/example_dags/example_xcomargs.py
[2022-07-17 19:37:26,160] {logging_mixin.py:115} INFO - [2022-07-17 19:37:26,160] {dag.py:2420} INFO - Sync 2 DAGs
[2022-07-17 19:37:26,195] {logging_mixin.py:115} INFO - [2022-07-17 19:37:26,195] {dag.py:2972} INFO - Setting next_dagrun for example_xcom_args to None, run_after=None
[2022-07-17 19:37:26,195] {logging_mixin.py:115} INFO - [2022-07-17 19:37:26,195] {dag.py:2972} INFO - Setting next_dagrun for example_xcom_args_with_operators to None, run_after=None
[2022-07-17 19:37:26,212] {processor.py:161} INFO - Processing /home/airflow/.local/lib/python3.7/site-packages/airflow/example_dags/example_xcomargs.py took 0.213 seconds
[2022-07-17 19:37:57,056] {processor.py:153} INFO - Started process (PID=195) to work on /home/airflow/.local/lib/python3.7/site-packages/airflow/example_dags/example_xcomargs.py
[2022-07-17 19:37:57,057] {processor.py:641} INFO - Processing file /home/airflow/.local/lib/python3.7/site-packages/airflow/example_dags/example_xcomargs.py for tasks to queue
[2022-07-17 19:37:57,057] {logging_mixin.py:115} INFO - [2022-07-17 19:37:57,057] {dagbag.py:508} INFO - Filling up the DagBag from /home/airflow/.local/lib/python3.7/site-packages/airflow/example_dags/example_xcomargs.py
[2022-07-17 19:37:57,077] {processor.py:651} INFO - DAG(s) dict_keys(['example_xcom_args', 'example_xcom_args_with_operators']) retrieved from /home/airflow/.local/lib/python3.7/site-packages/airflow/example_dags/example_xcomargs.py
[2022-07-17 19:37:57,158] {logging_mixin.py:115} INFO - [2022-07-17 19:37:57,158] {dag.py:2420} INFO - Sync 2 DAGs
[2022-07-17 19:37:57,180] {logging_mixin.py:115} INFO - [2022-07-17 19:37:57,180] {dag.py:2972} INFO - Setting next_dagrun for example_xcom_args to None, run_after=None
[2022-07-17 19:37:57,181] {logging_mixin.py:115} INFO - [2022-07-17 19:37:57,180] {dag.py:2972} INFO - Setting next_dagrun for example_xcom_args_with_operators to None, run_after=None
[2022-07-17 19:37:57,194] {processor.py:161} INFO - Processing /home/airflow/.local/lib/python3.7/site-packages/airflow/example_dags/example_xcomargs.py took 0.141 seconds
[2022-07-17 19:38:27,573] {processor.py:153} INFO - Started process (PID=258) to work on /home/airflow/.local/lib/python3.7/site-packages/airflow/example_dags/example_xcomargs.py
[2022-07-17 19:38:27,574] {processor.py:641} INFO - Processing file /home/airflow/.local/lib/python3.7/site-packages/airflow/example_dags/example_xcomargs.py for tasks to queue
[2022-07-17 19:38:27,574] {logging_mixin.py:115} INFO - [2022-07-17 19:38:27,574] {dagbag.py:508} INFO - Filling up the DagBag from /home/airflow/.local/lib/python3.7/site-packages/airflow/example_dags/example_xcomargs.py
[2022-07-17 19:38:27,600] {processor.py:651} INFO - DAG(s) dict_keys(['example_xcom_args', 'example_xcom_args_with_operators']) retrieved from /home/airflow/.local/lib/python3.7/site-packages/airflow/example_dags/example_xcomargs.py
[2022-07-17 19:38:27,631] {logging_mixin.py:115} INFO - [2022-07-17 19:38:27,631] {dag.py:2420} INFO - Sync 2 DAGs
[2022-07-17 19:38:27,657] {logging_mixin.py:115} INFO - [2022-07-17 19:38:27,657] {dag.py:2972} INFO - Setting next_dagrun for example_xcom_args to None, run_after=None
[2022-07-17 19:38:27,657] {logging_mixin.py:115} INFO - [2022-07-17 19:38:27,657] {dag.py:2972} INFO - Setting next_dagrun for example_xcom_args_with_operators to None, run_after=None
[2022-07-17 19:38:27,671] {processor.py:161} INFO - Processing /home/airflow/.local/lib/python3.7/site-packages/airflow/example_dags/example_xcomargs.py took 0.101 seconds
[2022-07-17 19:38:57,912] {processor.py:153} INFO - Started process (PID=311) to work on /home/airflow/.local/lib/python3.7/site-packages/airflow/example_dags/example_xcomargs.py
[2022-07-17 19:38:57,912] {processor.py:641} INFO - Processing file /home/airflow/.local/lib/python3.7/site-packages/airflow/example_dags/example_xcomargs.py for tasks to queue
[2022-07-17 19:38:57,913] {logging_mixin.py:115} INFO - [2022-07-17 19:38:57,913] {dagbag.py:508} INFO - Filling up the DagBag from /home/airflow/.local/lib/python3.7/site-packages/airflow/example_dags/example_xcomargs.py
[2022-07-17 19:38:57,934] {processor.py:651} INFO - DAG(s) dict_keys(['example_xcom_args', 'example_xcom_args_with_operators']) retrieved from /home/airflow/.local/lib/python3.7/site-packages/airflow/example_dags/example_xcomargs.py
[2022-07-17 19:38:58,104] {logging_mixin.py:115} INFO - [2022-07-17 19:38:58,104] {dag.py:2420} INFO - Sync 2 DAGs
[2022-07-17 19:38:58,126] {logging_mixin.py:115} INFO - [2022-07-17 19:38:58,126] {dag.py:2972} INFO - Setting next_dagrun for example_xcom_args to None, run_after=None
[2022-07-17 19:38:58,126] {logging_mixin.py:115} INFO - [2022-07-17 19:38:58,126] {dag.py:2972} INFO - Setting next_dagrun for example_xcom_args_with_operators to None, run_after=None
[2022-07-17 19:38:58,143] {processor.py:161} INFO - Processing /home/airflow/.local/lib/python3.7/site-packages/airflow/example_dags/example_xcomargs.py took 0.234 seconds
[2022-07-17 19:39:28,256] {processor.py:153} INFO - Started process (PID=375) to work on /home/airflow/.local/lib/python3.7/site-packages/airflow/example_dags/example_xcomargs.py
[2022-07-17 19:39:28,257] {processor.py:641} INFO - Processing file /home/airflow/.local/lib/python3.7/site-packages/airflow/example_dags/example_xcomargs.py for tasks to queue
[2022-07-17 19:39:28,257] {logging_mixin.py:115} INFO - [2022-07-17 19:39:28,257] {dagbag.py:508} INFO - Filling up the DagBag from /home/airflow/.local/lib/python3.7/site-packages/airflow/example_dags/example_xcomargs.py
[2022-07-17 19:39:28,284] {processor.py:651} INFO - DAG(s) dict_keys(['example_xcom_args', 'example_xcom_args_with_operators']) retrieved from /home/airflow/.local/lib/python3.7/site-packages/airflow/example_dags/example_xcomargs.py
[2022-07-17 19:39:28,391] {logging_mixin.py:115} INFO - [2022-07-17 19:39:28,391] {dag.py:2420} INFO - Sync 2 DAGs
[2022-07-17 19:39:28,419] {logging_mixin.py:115} INFO - [2022-07-17 19:39:28,418] {dag.py:2972} INFO - Setting next_dagrun for example_xcom_args to None, run_after=None
[2022-07-17 19:39:28,419] {logging_mixin.py:115} INFO - [2022-07-17 19:39:28,419] {dag.py:2972} INFO - Setting next_dagrun for example_xcom_args_with_operators to None, run_after=None
[2022-07-17 19:39:28,435] {processor.py:161} INFO - Processing /home/airflow/.local/lib/python3.7/site-packages/airflow/example_dags/example_xcomargs.py took 0.183 seconds
[2022-07-17 19:39:58,804] {processor.py:153} INFO - Started process (PID=440) to work on /home/airflow/.local/lib/python3.7/site-packages/airflow/example_dags/example_xcomargs.py
[2022-07-17 19:39:58,805] {processor.py:641} INFO - Processing file /home/airflow/.local/lib/python3.7/site-packages/airflow/example_dags/example_xcomargs.py for tasks to queue
[2022-07-17 19:39:58,806] {logging_mixin.py:115} INFO - [2022-07-17 19:39:58,805] {dagbag.py:508} INFO - Filling up the DagBag from /home/airflow/.local/lib/python3.7/site-packages/airflow/example_dags/example_xcomargs.py
[2022-07-17 19:39:58,829] {processor.py:651} INFO - DAG(s) dict_keys(['example_xcom_args', 'example_xcom_args_with_operators']) retrieved from /home/airflow/.local/lib/python3.7/site-packages/airflow/example_dags/example_xcomargs.py
[2022-07-17 19:39:58,973] {logging_mixin.py:115} INFO - [2022-07-17 19:39:58,972] {dag.py:2420} INFO - Sync 2 DAGs
[2022-07-17 19:39:59,010] {logging_mixin.py:115} INFO - [2022-07-17 19:39:59,010] {dag.py:2972} INFO - Setting next_dagrun for example_xcom_args to None, run_after=None
[2022-07-17 19:39:59,011] {logging_mixin.py:115} INFO - [2022-07-17 19:39:59,011] {dag.py:2972} INFO - Setting next_dagrun for example_xcom_args_with_operators to None, run_after=None
[2022-07-17 19:39:59,032] {processor.py:161} INFO - Processing /home/airflow/.local/lib/python3.7/site-packages/airflow/example_dags/example_xcomargs.py took 0.232 seconds
[2022-07-17 19:40:29,077] {processor.py:153} INFO - Started process (PID=496) to work on /home/airflow/.local/lib/python3.7/site-packages/airflow/example_dags/example_xcomargs.py
[2022-07-17 19:40:29,078] {processor.py:641} INFO - Processing file /home/airflow/.local/lib/python3.7/site-packages/airflow/example_dags/example_xcomargs.py for tasks to queue
[2022-07-17 19:40:29,079] {logging_mixin.py:115} INFO - [2022-07-17 19:40:29,078] {dagbag.py:508} INFO - Filling up the DagBag from /home/airflow/.local/lib/python3.7/site-packages/airflow/example_dags/example_xcomargs.py
[2022-07-17 19:40:29,098] {processor.py:651} INFO - DAG(s) dict_keys(['example_xcom_args', 'example_xcom_args_with_operators']) retrieved from /home/airflow/.local/lib/python3.7/site-packages/airflow/example_dags/example_xcomargs.py
[2022-07-17 19:40:29,172] {logging_mixin.py:115} INFO - [2022-07-17 19:40:29,172] {dag.py:2420} INFO - Sync 2 DAGs
[2022-07-17 19:40:29,193] {logging_mixin.py:115} INFO - [2022-07-17 19:40:29,193] {dag.py:2972} INFO - Setting next_dagrun for example_xcom_args to None, run_after=None
[2022-07-17 19:40:29,193] {logging_mixin.py:115} INFO - [2022-07-17 19:40:29,193] {dag.py:2972} INFO - Setting next_dagrun for example_xcom_args_with_operators to None, run_after=None
[2022-07-17 19:40:29,207] {processor.py:161} INFO - Processing /home/airflow/.local/lib/python3.7/site-packages/airflow/example_dags/example_xcomargs.py took 0.133 seconds
[2022-07-17 19:41:00,327] {processor.py:153} INFO - Started process (PID=560) to work on /home/airflow/.local/lib/python3.7/site-packages/airflow/example_dags/example_xcomargs.py
[2022-07-17 19:41:00,327] {processor.py:641} INFO - Processing file /home/airflow/.local/lib/python3.7/site-packages/airflow/example_dags/example_xcomargs.py for tasks to queue
[2022-07-17 19:41:00,328] {logging_mixin.py:115} INFO - [2022-07-17 19:41:00,328] {dagbag.py:508} INFO - Filling up the DagBag from /home/airflow/.local/lib/python3.7/site-packages/airflow/example_dags/example_xcomargs.py
[2022-07-17 19:41:00,348] {processor.py:651} INFO - DAG(s) dict_keys(['example_xcom_args', 'example_xcom_args_with_operators']) retrieved from /home/airflow/.local/lib/python3.7/site-packages/airflow/example_dags/example_xcomargs.py
[2022-07-17 19:41:00,434] {logging_mixin.py:115} INFO - [2022-07-17 19:41:00,434] {dag.py:2420} INFO - Sync 2 DAGs
[2022-07-17 19:41:00,459] {logging_mixin.py:115} INFO - [2022-07-17 19:41:00,459] {dag.py:2972} INFO - Setting next_dagrun for example_xcom_args to None, run_after=None
[2022-07-17 19:41:00,459] {logging_mixin.py:115} INFO - [2022-07-17 19:41:00,459] {dag.py:2972} INFO - Setting next_dagrun for example_xcom_args_with_operators to None, run_after=None
[2022-07-17 19:41:00,475] {processor.py:161} INFO - Processing /home/airflow/.local/lib/python3.7/site-packages/airflow/example_dags/example_xcomargs.py took 0.152 seconds
[2022-07-17 19:41:31,389] {processor.py:153} INFO - Started process (PID=617) to work on /home/airflow/.local/lib/python3.7/site-packages/airflow/example_dags/example_xcomargs.py
[2022-07-17 19:41:31,390] {processor.py:641} INFO - Processing file /home/airflow/.local/lib/python3.7/site-packages/airflow/example_dags/example_xcomargs.py for tasks to queue
[2022-07-17 19:41:31,390] {logging_mixin.py:115} INFO - [2022-07-17 19:41:31,390] {dagbag.py:508} INFO - Filling up the DagBag from /home/airflow/.local/lib/python3.7/site-packages/airflow/example_dags/example_xcomargs.py
[2022-07-17 19:41:31,417] {processor.py:651} INFO - DAG(s) dict_keys(['example_xcom_args', 'example_xcom_args_with_operators']) retrieved from /home/airflow/.local/lib/python3.7/site-packages/airflow/example_dags/example_xcomargs.py
[2022-07-17 19:41:31,514] {logging_mixin.py:115} INFO - [2022-07-17 19:41:31,514] {dag.py:2420} INFO - Sync 2 DAGs
[2022-07-17 19:41:31,542] {logging_mixin.py:115} INFO - [2022-07-17 19:41:31,542] {dag.py:2972} INFO - Setting next_dagrun for example_xcom_args to None, run_after=None
[2022-07-17 19:41:31,542] {logging_mixin.py:115} INFO - [2022-07-17 19:41:31,542] {dag.py:2972} INFO - Setting next_dagrun for example_xcom_args_with_operators to None, run_after=None
[2022-07-17 19:41:31,560] {processor.py:161} INFO - Processing /home/airflow/.local/lib/python3.7/site-packages/airflow/example_dags/example_xcomargs.py took 0.177 seconds
[2022-07-17 19:42:01,683] {processor.py:153} INFO - Started process (PID=681) to work on /home/airflow/.local/lib/python3.7/site-packages/airflow/example_dags/example_xcomargs.py
[2022-07-17 19:42:01,684] {processor.py:641} INFO - Processing file /home/airflow/.local/lib/python3.7/site-packages/airflow/example_dags/example_xcomargs.py for tasks to queue
[2022-07-17 19:42:01,684] {logging_mixin.py:115} INFO - [2022-07-17 19:42:01,684] {dagbag.py:508} INFO - Filling up the DagBag from /home/airflow/.local/lib/python3.7/site-packages/airflow/example_dags/example_xcomargs.py
[2022-07-17 19:42:01,705] {processor.py:651} INFO - DAG(s) dict_keys(['example_xcom_args', 'example_xcom_args_with_operators']) retrieved from /home/airflow/.local/lib/python3.7/site-packages/airflow/example_dags/example_xcomargs.py
[2022-07-17 19:42:01,783] {logging_mixin.py:115} INFO - [2022-07-17 19:42:01,782] {dag.py:2420} INFO - Sync 2 DAGs
[2022-07-17 19:42:01,806] {logging_mixin.py:115} INFO - [2022-07-17 19:42:01,806] {dag.py:2972} INFO - Setting next_dagrun for example_xcom_args to None, run_after=None
[2022-07-17 19:42:01,806] {logging_mixin.py:115} INFO - [2022-07-17 19:42:01,806] {dag.py:2972} INFO - Setting next_dagrun for example_xcom_args_with_operators to None, run_after=None
[2022-07-17 19:42:01,822] {processor.py:161} INFO - Processing /home/airflow/.local/lib/python3.7/site-packages/airflow/example_dags/example_xcomargs.py took 0.142 seconds
[2022-07-17 19:42:31,932] {processor.py:153} INFO - Started process (PID=745) to work on /home/airflow/.local/lib/python3.7/site-packages/airflow/example_dags/example_xcomargs.py
[2022-07-17 19:42:31,933] {processor.py:641} INFO - Processing file /home/airflow/.local/lib/python3.7/site-packages/airflow/example_dags/example_xcomargs.py for tasks to queue
[2022-07-17 19:42:31,933] {logging_mixin.py:115} INFO - [2022-07-17 19:42:31,933] {dagbag.py:508} INFO - Filling up the DagBag from /home/airflow/.local/lib/python3.7/site-packages/airflow/example_dags/example_xcomargs.py
[2022-07-17 19:42:31,967] {processor.py:651} INFO - DAG(s) dict_keys(['example_xcom_args', 'example_xcom_args_with_operators']) retrieved from /home/airflow/.local/lib/python3.7/site-packages/airflow/example_dags/example_xcomargs.py
[2022-07-17 19:42:32,088] {logging_mixin.py:115} INFO - [2022-07-17 19:42:32,087] {dag.py:2420} INFO - Sync 2 DAGs
[2022-07-17 19:42:32,118] {logging_mixin.py:115} INFO - [2022-07-17 19:42:32,118] {dag.py:2972} INFO - Setting next_dagrun for example_xcom_args to None, run_after=None
[2022-07-17 19:42:32,118] {logging_mixin.py:115} INFO - [2022-07-17 19:42:32,118] {dag.py:2972} INFO - Setting next_dagrun for example_xcom_args_with_operators to None, run_after=None
[2022-07-17 19:42:32,140] {processor.py:161} INFO - Processing /home/airflow/.local/lib/python3.7/site-packages/airflow/example_dags/example_xcomargs.py took 0.214 seconds
[2022-07-17 19:43:02,208] {processor.py:153} INFO - Started process (PID=799) to work on /home/airflow/.local/lib/python3.7/site-packages/airflow/example_dags/example_xcomargs.py
[2022-07-17 19:43:02,209] {processor.py:641} INFO - Processing file /home/airflow/.local/lib/python3.7/site-packages/airflow/example_dags/example_xcomargs.py for tasks to queue
[2022-07-17 19:43:02,209] {logging_mixin.py:115} INFO - [2022-07-17 19:43:02,209] {dagbag.py:508} INFO - Filling up the DagBag from /home/airflow/.local/lib/python3.7/site-packages/airflow/example_dags/example_xcomargs.py
[2022-07-17 19:43:02,230] {processor.py:651} INFO - DAG(s) dict_keys(['example_xcom_args', 'example_xcom_args_with_operators']) retrieved from /home/airflow/.local/lib/python3.7/site-packages/airflow/example_dags/example_xcomargs.py
[2022-07-17 19:43:02,262] {logging_mixin.py:115} INFO - [2022-07-17 19:43:02,262] {dag.py:2420} INFO - Sync 2 DAGs
[2022-07-17 19:43:02,290] {logging_mixin.py:115} INFO - [2022-07-17 19:43:02,290] {dag.py:2972} INFO - Setting next_dagrun for example_xcom_args to None, run_after=None
[2022-07-17 19:43:02,290] {logging_mixin.py:115} INFO - [2022-07-17 19:43:02,290] {dag.py:2972} INFO - Setting next_dagrun for example_xcom_args_with_operators to None, run_after=None
[2022-07-17 19:43:02,304] {processor.py:161} INFO - Processing /home/airflow/.local/lib/python3.7/site-packages/airflow/example_dags/example_xcomargs.py took 0.099 seconds
[2022-07-17 19:43:32,673] {processor.py:153} INFO - Started process (PID=863) to work on /home/airflow/.local/lib/python3.7/site-packages/airflow/example_dags/example_xcomargs.py
[2022-07-17 19:43:32,674] {processor.py:641} INFO - Processing file /home/airflow/.local/lib/python3.7/site-packages/airflow/example_dags/example_xcomargs.py for tasks to queue
[2022-07-17 19:43:32,674] {logging_mixin.py:115} INFO - [2022-07-17 19:43:32,674] {dagbag.py:508} INFO - Filling up the DagBag from /home/airflow/.local/lib/python3.7/site-packages/airflow/example_dags/example_xcomargs.py
[2022-07-17 19:43:32,702] {processor.py:651} INFO - DAG(s) dict_keys(['example_xcom_args', 'example_xcom_args_with_operators']) retrieved from /home/airflow/.local/lib/python3.7/site-packages/airflow/example_dags/example_xcomargs.py
[2022-07-17 19:43:32,826] {logging_mixin.py:115} INFO - [2022-07-17 19:43:32,826] {dag.py:2420} INFO - Sync 2 DAGs
[2022-07-17 19:43:32,869] {logging_mixin.py:115} INFO - [2022-07-17 19:43:32,869] {dag.py:2972} INFO - Setting next_dagrun for example_xcom_args to None, run_after=None
[2022-07-17 19:43:32,870] {logging_mixin.py:115} INFO - [2022-07-17 19:43:32,869] {dag.py:2972} INFO - Setting next_dagrun for example_xcom_args_with_operators to None, run_after=None
[2022-07-17 19:43:32,890] {processor.py:161} INFO - Processing /home/airflow/.local/lib/python3.7/site-packages/airflow/example_dags/example_xcomargs.py took 0.220 seconds
[2022-07-17 19:44:03,034] {processor.py:153} INFO - Started process (PID=918) to work on /home/airflow/.local/lib/python3.7/site-packages/airflow/example_dags/example_xcomargs.py
[2022-07-17 19:44:03,034] {processor.py:641} INFO - Processing file /home/airflow/.local/lib/python3.7/site-packages/airflow/example_dags/example_xcomargs.py for tasks to queue
[2022-07-17 19:44:03,035] {logging_mixin.py:115} INFO - [2022-07-17 19:44:03,035] {dagbag.py:508} INFO - Filling up the DagBag from /home/airflow/.local/lib/python3.7/site-packages/airflow/example_dags/example_xcomargs.py
[2022-07-17 19:44:03,055] {processor.py:651} INFO - DAG(s) dict_keys(['example_xcom_args', 'example_xcom_args_with_operators']) retrieved from /home/airflow/.local/lib/python3.7/site-packages/airflow/example_dags/example_xcomargs.py
[2022-07-17 19:44:03,084] {logging_mixin.py:115} INFO - [2022-07-17 19:44:03,084] {dag.py:2420} INFO - Sync 2 DAGs
[2022-07-17 19:44:03,109] {logging_mixin.py:115} INFO - [2022-07-17 19:44:03,109] {dag.py:2972} INFO - Setting next_dagrun for example_xcom_args to None, run_after=None
[2022-07-17 19:44:03,110] {logging_mixin.py:115} INFO - [2022-07-17 19:44:03,110] {dag.py:2972} INFO - Setting next_dagrun for example_xcom_args_with_operators to None, run_after=None
[2022-07-17 19:44:03,124] {processor.py:161} INFO - Processing /home/airflow/.local/lib/python3.7/site-packages/airflow/example_dags/example_xcomargs.py took 0.094 seconds
[2022-07-17 19:44:33,911] {processor.py:153} INFO - Started process (PID=982) to work on /home/airflow/.local/lib/python3.7/site-packages/airflow/example_dags/example_xcomargs.py
[2022-07-17 19:44:33,911] {processor.py:641} INFO - Processing file /home/airflow/.local/lib/python3.7/site-packages/airflow/example_dags/example_xcomargs.py for tasks to queue
[2022-07-17 19:44:33,912] {logging_mixin.py:115} INFO - [2022-07-17 19:44:33,912] {dagbag.py:508} INFO - Filling up the DagBag from /home/airflow/.local/lib/python3.7/site-packages/airflow/example_dags/example_xcomargs.py
[2022-07-17 19:44:33,930] {processor.py:651} INFO - DAG(s) dict_keys(['example_xcom_args', 'example_xcom_args_with_operators']) retrieved from /home/airflow/.local/lib/python3.7/site-packages/airflow/example_dags/example_xcomargs.py
[2022-07-17 19:44:33,960] {logging_mixin.py:115} INFO - [2022-07-17 19:44:33,959] {dag.py:2420} INFO - Sync 2 DAGs
[2022-07-17 19:44:33,985] {logging_mixin.py:115} INFO - [2022-07-17 19:44:33,985] {dag.py:2972} INFO - Setting next_dagrun for example_xcom_args to None, run_after=None
[2022-07-17 19:44:33,986] {logging_mixin.py:115} INFO - [2022-07-17 19:44:33,986] {dag.py:2972} INFO - Setting next_dagrun for example_xcom_args_with_operators to None, run_after=None
[2022-07-17 19:44:33,999] {processor.py:161} INFO - Processing /home/airflow/.local/lib/python3.7/site-packages/airflow/example_dags/example_xcomargs.py took 0.091 seconds
[2022-07-17 19:45:04,223] {processor.py:153} INFO - Started process (PID=1037) to work on /home/airflow/.local/lib/python3.7/site-packages/airflow/example_dags/example_xcomargs.py
[2022-07-17 19:45:04,224] {processor.py:641} INFO - Processing file /home/airflow/.local/lib/python3.7/site-packages/airflow/example_dags/example_xcomargs.py for tasks to queue
[2022-07-17 19:45:04,224] {logging_mixin.py:115} INFO - [2022-07-17 19:45:04,224] {dagbag.py:508} INFO - Filling up the DagBag from /home/airflow/.local/lib/python3.7/site-packages/airflow/example_dags/example_xcomargs.py
[2022-07-17 19:45:04,246] {processor.py:651} INFO - DAG(s) dict_keys(['example_xcom_args', 'example_xcom_args_with_operators']) retrieved from /home/airflow/.local/lib/python3.7/site-packages/airflow/example_dags/example_xcomargs.py
[2022-07-17 19:45:04,339] {logging_mixin.py:115} INFO - [2022-07-17 19:45:04,339] {dag.py:2420} INFO - Sync 2 DAGs
[2022-07-17 19:45:04,364] {logging_mixin.py:115} INFO - [2022-07-17 19:45:04,363] {dag.py:2972} INFO - Setting next_dagrun for example_xcom_args to None, run_after=None
[2022-07-17 19:45:04,364] {logging_mixin.py:115} INFO - [2022-07-17 19:45:04,364] {dag.py:2972} INFO - Setting next_dagrun for example_xcom_args_with_operators to None, run_after=None
[2022-07-17 19:45:04,380] {processor.py:161} INFO - Processing /home/airflow/.local/lib/python3.7/site-packages/airflow/example_dags/example_xcomargs.py took 0.160 seconds
[2022-07-17 19:45:35,320] {processor.py:153} INFO - Started process (PID=1101) to work on /home/airflow/.local/lib/python3.7/site-packages/airflow/example_dags/example_xcomargs.py
[2022-07-17 19:45:35,321] {processor.py:641} INFO - Processing file /home/airflow/.local/lib/python3.7/site-packages/airflow/example_dags/example_xcomargs.py for tasks to queue
[2022-07-17 19:45:35,322] {logging_mixin.py:115} INFO - [2022-07-17 19:45:35,322] {dagbag.py:508} INFO - Filling up the DagBag from /home/airflow/.local/lib/python3.7/site-packages/airflow/example_dags/example_xcomargs.py
[2022-07-17 19:45:35,345] {processor.py:651} INFO - DAG(s) dict_keys(['example_xcom_args', 'example_xcom_args_with_operators']) retrieved from /home/airflow/.local/lib/python3.7/site-packages/airflow/example_dags/example_xcomargs.py
[2022-07-17 19:45:35,439] {logging_mixin.py:115} INFO - [2022-07-17 19:45:35,439] {dag.py:2420} INFO - Sync 2 DAGs
[2022-07-17 19:45:35,463] {logging_mixin.py:115} INFO - [2022-07-17 19:45:35,463] {dag.py:2972} INFO - Setting next_dagrun for example_xcom_args to None, run_after=None
[2022-07-17 19:45:35,464] {logging_mixin.py:115} INFO - [2022-07-17 19:45:35,464] {dag.py:2972} INFO - Setting next_dagrun for example_xcom_args_with_operators to None, run_after=None
[2022-07-17 19:45:35,480] {processor.py:161} INFO - Processing /home/airflow/.local/lib/python3.7/site-packages/airflow/example_dags/example_xcomargs.py took 0.163 seconds
[2022-07-17 19:46:05,813] {processor.py:153} INFO - Started process (PID=1164) to work on /home/airflow/.local/lib/python3.7/site-packages/airflow/example_dags/example_xcomargs.py
[2022-07-17 19:46:05,813] {processor.py:641} INFO - Processing file /home/airflow/.local/lib/python3.7/site-packages/airflow/example_dags/example_xcomargs.py for tasks to queue
[2022-07-17 19:46:05,814] {logging_mixin.py:115} INFO - [2022-07-17 19:46:05,814] {dagbag.py:508} INFO - Filling up the DagBag from /home/airflow/.local/lib/python3.7/site-packages/airflow/example_dags/example_xcomargs.py
[2022-07-17 19:46:05,843] {processor.py:651} INFO - DAG(s) dict_keys(['example_xcom_args', 'example_xcom_args_with_operators']) retrieved from /home/airflow/.local/lib/python3.7/site-packages/airflow/example_dags/example_xcomargs.py
[2022-07-17 19:46:05,884] {logging_mixin.py:115} INFO - [2022-07-17 19:46:05,884] {dag.py:2420} INFO - Sync 2 DAGs
[2022-07-17 19:46:05,917] {logging_mixin.py:115} INFO - [2022-07-17 19:46:05,917] {dag.py:2972} INFO - Setting next_dagrun for example_xcom_args to None, run_after=None
[2022-07-17 19:46:05,917] {logging_mixin.py:115} INFO - [2022-07-17 19:46:05,917] {dag.py:2972} INFO - Setting next_dagrun for example_xcom_args_with_operators to None, run_after=None
[2022-07-17 19:46:05,938] {processor.py:161} INFO - Processing /home/airflow/.local/lib/python3.7/site-packages/airflow/example_dags/example_xcomargs.py took 0.129 seconds
[2022-07-17 19:46:35,988] {processor.py:153} INFO - Started process (PID=1219) to work on /home/airflow/.local/lib/python3.7/site-packages/airflow/example_dags/example_xcomargs.py
[2022-07-17 19:46:35,989] {processor.py:641} INFO - Processing file /home/airflow/.local/lib/python3.7/site-packages/airflow/example_dags/example_xcomargs.py for tasks to queue
[2022-07-17 19:46:35,989] {logging_mixin.py:115} INFO - [2022-07-17 19:46:35,989] {dagbag.py:508} INFO - Filling up the DagBag from /home/airflow/.local/lib/python3.7/site-packages/airflow/example_dags/example_xcomargs.py
[2022-07-17 19:46:36,011] {processor.py:651} INFO - DAG(s) dict_keys(['example_xcom_args', 'example_xcom_args_with_operators']) retrieved from /home/airflow/.local/lib/python3.7/site-packages/airflow/example_dags/example_xcomargs.py
[2022-07-17 19:46:36,093] {logging_mixin.py:115} INFO - [2022-07-17 19:46:36,093] {dag.py:2420} INFO - Sync 2 DAGs
[2022-07-17 19:46:36,127] {logging_mixin.py:115} INFO - [2022-07-17 19:46:36,127] {dag.py:2972} INFO - Setting next_dagrun for example_xcom_args to None, run_after=None
[2022-07-17 19:46:36,128] {logging_mixin.py:115} INFO - [2022-07-17 19:46:36,128] {dag.py:2972} INFO - Setting next_dagrun for example_xcom_args_with_operators to None, run_after=None
[2022-07-17 19:46:36,146] {processor.py:161} INFO - Processing /home/airflow/.local/lib/python3.7/site-packages/airflow/example_dags/example_xcomargs.py took 0.162 seconds
[2022-07-17 19:47:06,223] {processor.py:153} INFO - Started process (PID=1285) to work on /home/airflow/.local/lib/python3.7/site-packages/airflow/example_dags/example_xcomargs.py
[2022-07-17 19:47:06,223] {processor.py:641} INFO - Processing file /home/airflow/.local/lib/python3.7/site-packages/airflow/example_dags/example_xcomargs.py for tasks to queue
[2022-07-17 19:47:06,224] {logging_mixin.py:115} INFO - [2022-07-17 19:47:06,224] {dagbag.py:508} INFO - Filling up the DagBag from /home/airflow/.local/lib/python3.7/site-packages/airflow/example_dags/example_xcomargs.py
[2022-07-17 19:47:06,243] {processor.py:651} INFO - DAG(s) dict_keys(['example_xcom_args', 'example_xcom_args_with_operators']) retrieved from /home/airflow/.local/lib/python3.7/site-packages/airflow/example_dags/example_xcomargs.py
[2022-07-17 19:47:06,320] {logging_mixin.py:115} INFO - [2022-07-17 19:47:06,320] {dag.py:2420} INFO - Sync 2 DAGs
[2022-07-17 19:47:06,341] {logging_mixin.py:115} INFO - [2022-07-17 19:47:06,341] {dag.py:2972} INFO - Setting next_dagrun for example_xcom_args to None, run_after=None
[2022-07-17 19:47:06,341] {logging_mixin.py:115} INFO - [2022-07-17 19:47:06,341] {dag.py:2972} INFO - Setting next_dagrun for example_xcom_args_with_operators to None, run_after=None
[2022-07-17 19:47:06,354] {processor.py:161} INFO - Processing /home/airflow/.local/lib/python3.7/site-packages/airflow/example_dags/example_xcomargs.py took 0.135 seconds
[2022-07-17 19:47:36,465] {processor.py:153} INFO - Started process (PID=1340) to work on /home/airflow/.local/lib/python3.7/site-packages/airflow/example_dags/example_xcomargs.py
[2022-07-17 19:47:36,466] {processor.py:641} INFO - Processing file /home/airflow/.local/lib/python3.7/site-packages/airflow/example_dags/example_xcomargs.py for tasks to queue
[2022-07-17 19:47:36,466] {logging_mixin.py:115} INFO - [2022-07-17 19:47:36,466] {dagbag.py:508} INFO - Filling up the DagBag from /home/airflow/.local/lib/python3.7/site-packages/airflow/example_dags/example_xcomargs.py
[2022-07-17 19:47:36,486] {processor.py:651} INFO - DAG(s) dict_keys(['example_xcom_args', 'example_xcom_args_with_operators']) retrieved from /home/airflow/.local/lib/python3.7/site-packages/airflow/example_dags/example_xcomargs.py
[2022-07-17 19:47:36,566] {logging_mixin.py:115} INFO - [2022-07-17 19:47:36,565] {dag.py:2420} INFO - Sync 2 DAGs
[2022-07-17 19:47:36,589] {logging_mixin.py:115} INFO - [2022-07-17 19:47:36,589] {dag.py:2972} INFO - Setting next_dagrun for example_xcom_args to None, run_after=None
[2022-07-17 19:47:36,590] {logging_mixin.py:115} INFO - [2022-07-17 19:47:36,590] {dag.py:2972} INFO - Setting next_dagrun for example_xcom_args_with_operators to None, run_after=None
[2022-07-17 19:47:36,606] {processor.py:161} INFO - Processing /home/airflow/.local/lib/python3.7/site-packages/airflow/example_dags/example_xcomargs.py took 0.144 seconds
[2022-07-17 19:48:06,863] {processor.py:153} INFO - Started process (PID=1407) to work on /home/airflow/.local/lib/python3.7/site-packages/airflow/example_dags/example_xcomargs.py
[2022-07-17 19:48:06,864] {processor.py:641} INFO - Processing file /home/airflow/.local/lib/python3.7/site-packages/airflow/example_dags/example_xcomargs.py for tasks to queue
[2022-07-17 19:48:06,864] {logging_mixin.py:115} INFO - [2022-07-17 19:48:06,864] {dagbag.py:508} INFO - Filling up the DagBag from /home/airflow/.local/lib/python3.7/site-packages/airflow/example_dags/example_xcomargs.py
[2022-07-17 19:48:06,885] {processor.py:651} INFO - DAG(s) dict_keys(['example_xcom_args', 'example_xcom_args_with_operators']) retrieved from /home/airflow/.local/lib/python3.7/site-packages/airflow/example_dags/example_xcomargs.py
[2022-07-17 19:48:06,968] {logging_mixin.py:115} INFO - [2022-07-17 19:48:06,968] {dag.py:2420} INFO - Sync 2 DAGs
[2022-07-17 19:48:06,992] {logging_mixin.py:115} INFO - [2022-07-17 19:48:06,992] {dag.py:2972} INFO - Setting next_dagrun for example_xcom_args to None, run_after=None
[2022-07-17 19:48:06,992] {logging_mixin.py:115} INFO - [2022-07-17 19:48:06,992] {dag.py:2972} INFO - Setting next_dagrun for example_xcom_args_with_operators to None, run_after=None
[2022-07-17 19:48:07,007] {processor.py:161} INFO - Processing /home/airflow/.local/lib/python3.7/site-packages/airflow/example_dags/example_xcomargs.py took 0.147 seconds
[2022-07-17 19:48:37,170] {processor.py:153} INFO - Started process (PID=1462) to work on /home/airflow/.local/lib/python3.7/site-packages/airflow/example_dags/example_xcomargs.py
[2022-07-17 19:48:37,171] {processor.py:641} INFO - Processing file /home/airflow/.local/lib/python3.7/site-packages/airflow/example_dags/example_xcomargs.py for tasks to queue
[2022-07-17 19:48:37,171] {logging_mixin.py:115} INFO - [2022-07-17 19:48:37,171] {dagbag.py:508} INFO - Filling up the DagBag from /home/airflow/.local/lib/python3.7/site-packages/airflow/example_dags/example_xcomargs.py
[2022-07-17 19:48:37,191] {processor.py:651} INFO - DAG(s) dict_keys(['example_xcom_args', 'example_xcom_args_with_operators']) retrieved from /home/airflow/.local/lib/python3.7/site-packages/airflow/example_dags/example_xcomargs.py
[2022-07-17 19:48:37,220] {logging_mixin.py:115} INFO - [2022-07-17 19:48:37,220] {dag.py:2420} INFO - Sync 2 DAGs
[2022-07-17 19:48:37,244] {logging_mixin.py:115} INFO - [2022-07-17 19:48:37,244] {dag.py:2972} INFO - Setting next_dagrun for example_xcom_args to None, run_after=None
[2022-07-17 19:48:37,244] {logging_mixin.py:115} INFO - [2022-07-17 19:48:37,244] {dag.py:2972} INFO - Setting next_dagrun for example_xcom_args_with_operators to None, run_after=None
[2022-07-17 19:48:37,255] {processor.py:161} INFO - Processing /home/airflow/.local/lib/python3.7/site-packages/airflow/example_dags/example_xcomargs.py took 0.088 seconds
[2022-07-17 19:49:07,617] {processor.py:153} INFO - Started process (PID=1526) to work on /home/airflow/.local/lib/python3.7/site-packages/airflow/example_dags/example_xcomargs.py
[2022-07-17 19:49:07,618] {processor.py:641} INFO - Processing file /home/airflow/.local/lib/python3.7/site-packages/airflow/example_dags/example_xcomargs.py for tasks to queue
[2022-07-17 19:49:07,618] {logging_mixin.py:115} INFO - [2022-07-17 19:49:07,618] {dagbag.py:508} INFO - Filling up the DagBag from /home/airflow/.local/lib/python3.7/site-packages/airflow/example_dags/example_xcomargs.py
[2022-07-17 19:49:07,637] {processor.py:651} INFO - DAG(s) dict_keys(['example_xcom_args', 'example_xcom_args_with_operators']) retrieved from /home/airflow/.local/lib/python3.7/site-packages/airflow/example_dags/example_xcomargs.py
[2022-07-17 19:49:07,668] {logging_mixin.py:115} INFO - [2022-07-17 19:49:07,667] {dag.py:2420} INFO - Sync 2 DAGs
[2022-07-17 19:49:07,693] {logging_mixin.py:115} INFO - [2022-07-17 19:49:07,693] {dag.py:2972} INFO - Setting next_dagrun for example_xcom_args to None, run_after=None
[2022-07-17 19:49:07,693] {logging_mixin.py:115} INFO - [2022-07-17 19:49:07,693] {dag.py:2972} INFO - Setting next_dagrun for example_xcom_args_with_operators to None, run_after=None
[2022-07-17 19:49:07,706] {processor.py:161} INFO - Processing /home/airflow/.local/lib/python3.7/site-packages/airflow/example_dags/example_xcomargs.py took 0.092 seconds
[2022-07-17 19:49:38,113] {processor.py:153} INFO - Started process (PID=1590) to work on /home/airflow/.local/lib/python3.7/site-packages/airflow/example_dags/example_xcomargs.py
[2022-07-17 19:49:38,113] {processor.py:641} INFO - Processing file /home/airflow/.local/lib/python3.7/site-packages/airflow/example_dags/example_xcomargs.py for tasks to queue
[2022-07-17 19:49:38,114] {logging_mixin.py:115} INFO - [2022-07-17 19:49:38,114] {dagbag.py:508} INFO - Filling up the DagBag from /home/airflow/.local/lib/python3.7/site-packages/airflow/example_dags/example_xcomargs.py
[2022-07-17 19:49:38,133] {processor.py:651} INFO - DAG(s) dict_keys(['example_xcom_args', 'example_xcom_args_with_operators']) retrieved from /home/airflow/.local/lib/python3.7/site-packages/airflow/example_dags/example_xcomargs.py
[2022-07-17 19:49:38,246] {logging_mixin.py:115} INFO - [2022-07-17 19:49:38,246] {dag.py:2420} INFO - Sync 2 DAGs
[2022-07-17 19:49:38,269] {logging_mixin.py:115} INFO - [2022-07-17 19:49:38,269] {dag.py:2972} INFO - Setting next_dagrun for example_xcom_args to None, run_after=None
[2022-07-17 19:49:38,269] {logging_mixin.py:115} INFO - [2022-07-17 19:49:38,269] {dag.py:2972} INFO - Setting next_dagrun for example_xcom_args_with_operators to None, run_after=None
[2022-07-17 19:49:38,284] {processor.py:161} INFO - Processing /home/airflow/.local/lib/python3.7/site-packages/airflow/example_dags/example_xcomargs.py took 0.175 seconds
[2022-07-17 19:50:08,429] {processor.py:153} INFO - Started process (PID=1646) to work on /home/airflow/.local/lib/python3.7/site-packages/airflow/example_dags/example_xcomargs.py
[2022-07-17 19:50:08,430] {processor.py:641} INFO - Processing file /home/airflow/.local/lib/python3.7/site-packages/airflow/example_dags/example_xcomargs.py for tasks to queue
[2022-07-17 19:50:08,430] {logging_mixin.py:115} INFO - [2022-07-17 19:50:08,430] {dagbag.py:508} INFO - Filling up the DagBag from /home/airflow/.local/lib/python3.7/site-packages/airflow/example_dags/example_xcomargs.py
[2022-07-17 19:50:08,449] {processor.py:651} INFO - DAG(s) dict_keys(['example_xcom_args', 'example_xcom_args_with_operators']) retrieved from /home/airflow/.local/lib/python3.7/site-packages/airflow/example_dags/example_xcomargs.py
[2022-07-17 19:50:08,527] {logging_mixin.py:115} INFO - [2022-07-17 19:50:08,527] {dag.py:2420} INFO - Sync 2 DAGs
[2022-07-17 19:50:08,551] {logging_mixin.py:115} INFO - [2022-07-17 19:50:08,551] {dag.py:2972} INFO - Setting next_dagrun for example_xcom_args to None, run_after=None
[2022-07-17 19:50:08,551] {logging_mixin.py:115} INFO - [2022-07-17 19:50:08,551] {dag.py:2972} INFO - Setting next_dagrun for example_xcom_args_with_operators to None, run_after=None
[2022-07-17 19:50:08,569] {processor.py:161} INFO - Processing /home/airflow/.local/lib/python3.7/site-packages/airflow/example_dags/example_xcomargs.py took 0.143 seconds
[2022-07-17 19:50:38,860] {processor.py:153} INFO - Started process (PID=1711) to work on /home/airflow/.local/lib/python3.7/site-packages/airflow/example_dags/example_xcomargs.py
[2022-07-17 19:50:38,861] {processor.py:641} INFO - Processing file /home/airflow/.local/lib/python3.7/site-packages/airflow/example_dags/example_xcomargs.py for tasks to queue
[2022-07-17 19:50:38,862] {logging_mixin.py:115} INFO - [2022-07-17 19:50:38,862] {dagbag.py:508} INFO - Filling up the DagBag from /home/airflow/.local/lib/python3.7/site-packages/airflow/example_dags/example_xcomargs.py
[2022-07-17 19:50:38,889] {processor.py:651} INFO - DAG(s) dict_keys(['example_xcom_args', 'example_xcom_args_with_operators']) retrieved from /home/airflow/.local/lib/python3.7/site-packages/airflow/example_dags/example_xcomargs.py
[2022-07-17 19:50:39,002] {logging_mixin.py:115} INFO - [2022-07-17 19:50:39,002] {dag.py:2420} INFO - Sync 2 DAGs
[2022-07-17 19:50:39,048] {logging_mixin.py:115} INFO - [2022-07-17 19:50:39,048] {dag.py:2972} INFO - Setting next_dagrun for example_xcom_args to None, run_after=None
[2022-07-17 19:50:39,049] {logging_mixin.py:115} INFO - [2022-07-17 19:50:39,049] {dag.py:2972} INFO - Setting next_dagrun for example_xcom_args_with_operators to None, run_after=None
[2022-07-17 19:50:39,075] {processor.py:161} INFO - Processing /home/airflow/.local/lib/python3.7/site-packages/airflow/example_dags/example_xcomargs.py took 0.219 seconds
[2022-07-17 19:51:09,117] {processor.py:153} INFO - Started process (PID=1769) to work on /home/airflow/.local/lib/python3.7/site-packages/airflow/example_dags/example_xcomargs.py
[2022-07-17 19:51:09,118] {processor.py:641} INFO - Processing file /home/airflow/.local/lib/python3.7/site-packages/airflow/example_dags/example_xcomargs.py for tasks to queue
[2022-07-17 19:51:09,118] {logging_mixin.py:115} INFO - [2022-07-17 19:51:09,118] {dagbag.py:508} INFO - Filling up the DagBag from /home/airflow/.local/lib/python3.7/site-packages/airflow/example_dags/example_xcomargs.py
[2022-07-17 19:51:09,144] {processor.py:651} INFO - DAG(s) dict_keys(['example_xcom_args', 'example_xcom_args_with_operators']) retrieved from /home/airflow/.local/lib/python3.7/site-packages/airflow/example_dags/example_xcomargs.py
[2022-07-17 19:51:09,236] {logging_mixin.py:115} INFO - [2022-07-17 19:51:09,235] {dag.py:2420} INFO - Sync 2 DAGs
[2022-07-17 19:51:09,263] {logging_mixin.py:115} INFO - [2022-07-17 19:51:09,263] {dag.py:2972} INFO - Setting next_dagrun for example_xcom_args to None, run_after=None
[2022-07-17 19:51:09,263] {logging_mixin.py:115} INFO - [2022-07-17 19:51:09,263] {dag.py:2972} INFO - Setting next_dagrun for example_xcom_args_with_operators to None, run_after=None
[2022-07-17 19:51:09,283] {processor.py:161} INFO - Processing /home/airflow/.local/lib/python3.7/site-packages/airflow/example_dags/example_xcomargs.py took 0.169 seconds
[2022-07-17 19:51:39,314] {processor.py:153} INFO - Started process (PID=1833) to work on /home/airflow/.local/lib/python3.7/site-packages/airflow/example_dags/example_xcomargs.py
[2022-07-17 19:51:39,315] {processor.py:641} INFO - Processing file /home/airflow/.local/lib/python3.7/site-packages/airflow/example_dags/example_xcomargs.py for tasks to queue
[2022-07-17 19:51:39,315] {logging_mixin.py:115} INFO - [2022-07-17 19:51:39,315] {dagbag.py:508} INFO - Filling up the DagBag from /home/airflow/.local/lib/python3.7/site-packages/airflow/example_dags/example_xcomargs.py
[2022-07-17 19:51:39,336] {processor.py:651} INFO - DAG(s) dict_keys(['example_xcom_args', 'example_xcom_args_with_operators']) retrieved from /home/airflow/.local/lib/python3.7/site-packages/airflow/example_dags/example_xcomargs.py
[2022-07-17 19:51:39,439] {logging_mixin.py:115} INFO - [2022-07-17 19:51:39,439] {dag.py:2420} INFO - Sync 2 DAGs
[2022-07-17 19:51:39,472] {logging_mixin.py:115} INFO - [2022-07-17 19:51:39,472] {dag.py:2972} INFO - Setting next_dagrun for example_xcom_args to None, run_after=None
[2022-07-17 19:51:39,472] {logging_mixin.py:115} INFO - [2022-07-17 19:51:39,472] {dag.py:2972} INFO - Setting next_dagrun for example_xcom_args_with_operators to None, run_after=None
[2022-07-17 19:51:39,492] {processor.py:161} INFO - Processing /home/airflow/.local/lib/python3.7/site-packages/airflow/example_dags/example_xcomargs.py took 0.181 seconds
[2022-07-17 19:52:09,800] {processor.py:153} INFO - Started process (PID=1886) to work on /home/airflow/.local/lib/python3.7/site-packages/airflow/example_dags/example_xcomargs.py
[2022-07-17 19:52:09,801] {processor.py:641} INFO - Processing file /home/airflow/.local/lib/python3.7/site-packages/airflow/example_dags/example_xcomargs.py for tasks to queue
[2022-07-17 19:52:09,802] {logging_mixin.py:115} INFO - [2022-07-17 19:52:09,801] {dagbag.py:508} INFO - Filling up the DagBag from /home/airflow/.local/lib/python3.7/site-packages/airflow/example_dags/example_xcomargs.py
[2022-07-17 19:52:09,828] {processor.py:651} INFO - DAG(s) dict_keys(['example_xcom_args', 'example_xcom_args_with_operators']) retrieved from /home/airflow/.local/lib/python3.7/site-packages/airflow/example_dags/example_xcomargs.py
[2022-07-17 19:52:09,910] {logging_mixin.py:115} INFO - [2022-07-17 19:52:09,909] {dag.py:2420} INFO - Sync 2 DAGs
[2022-07-17 19:52:09,931] {logging_mixin.py:115} INFO - [2022-07-17 19:52:09,931] {dag.py:2972} INFO - Setting next_dagrun for example_xcom_args to None, run_after=None
[2022-07-17 19:52:09,931] {logging_mixin.py:115} INFO - [2022-07-17 19:52:09,931] {dag.py:2972} INFO - Setting next_dagrun for example_xcom_args_with_operators to None, run_after=None
[2022-07-17 19:52:09,945] {processor.py:161} INFO - Processing /home/airflow/.local/lib/python3.7/site-packages/airflow/example_dags/example_xcomargs.py took 0.150 seconds
[2022-07-17 19:52:40,042] {processor.py:153} INFO - Started process (PID=1950) to work on /home/airflow/.local/lib/python3.7/site-packages/airflow/example_dags/example_xcomargs.py
[2022-07-17 19:52:40,043] {processor.py:641} INFO - Processing file /home/airflow/.local/lib/python3.7/site-packages/airflow/example_dags/example_xcomargs.py for tasks to queue
[2022-07-17 19:52:40,043] {logging_mixin.py:115} INFO - [2022-07-17 19:52:40,043] {dagbag.py:508} INFO - Filling up the DagBag from /home/airflow/.local/lib/python3.7/site-packages/airflow/example_dags/example_xcomargs.py
[2022-07-17 19:52:40,074] {processor.py:651} INFO - DAG(s) dict_keys(['example_xcom_args', 'example_xcom_args_with_operators']) retrieved from /home/airflow/.local/lib/python3.7/site-packages/airflow/example_dags/example_xcomargs.py
[2022-07-17 19:52:40,120] {logging_mixin.py:115} INFO - [2022-07-17 19:52:40,119] {dag.py:2420} INFO - Sync 2 DAGs
[2022-07-17 19:52:40,161] {logging_mixin.py:115} INFO - [2022-07-17 19:52:40,161] {dag.py:2972} INFO - Setting next_dagrun for example_xcom_args to None, run_after=None
[2022-07-17 19:52:40,162] {logging_mixin.py:115} INFO - [2022-07-17 19:52:40,161] {dag.py:2972} INFO - Setting next_dagrun for example_xcom_args_with_operators to None, run_after=None
[2022-07-17 19:52:40,189] {processor.py:161} INFO - Processing /home/airflow/.local/lib/python3.7/site-packages/airflow/example_dags/example_xcomargs.py took 0.152 seconds
[2022-07-17 19:53:11,150] {processor.py:153} INFO - Started process (PID=2012) to work on /home/airflow/.local/lib/python3.7/site-packages/airflow/example_dags/example_xcomargs.py
[2022-07-17 19:53:11,151] {processor.py:641} INFO - Processing file /home/airflow/.local/lib/python3.7/site-packages/airflow/example_dags/example_xcomargs.py for tasks to queue
[2022-07-17 19:53:11,151] {logging_mixin.py:115} INFO - [2022-07-17 19:53:11,151] {dagbag.py:508} INFO - Filling up the DagBag from /home/airflow/.local/lib/python3.7/site-packages/airflow/example_dags/example_xcomargs.py
[2022-07-17 19:53:11,176] {processor.py:651} INFO - DAG(s) dict_keys(['example_xcom_args', 'example_xcom_args_with_operators']) retrieved from /home/airflow/.local/lib/python3.7/site-packages/airflow/example_dags/example_xcomargs.py
[2022-07-17 19:53:11,257] {logging_mixin.py:115} INFO - [2022-07-17 19:53:11,256] {dag.py:2420} INFO - Sync 2 DAGs
[2022-07-17 19:53:11,286] {logging_mixin.py:115} INFO - [2022-07-17 19:53:11,285] {dag.py:2972} INFO - Setting next_dagrun for example_xcom_args to None, run_after=None
[2022-07-17 19:53:11,286] {logging_mixin.py:115} INFO - [2022-07-17 19:53:11,286] {dag.py:2972} INFO - Setting next_dagrun for example_xcom_args_with_operators to None, run_after=None
[2022-07-17 19:53:11,304] {processor.py:161} INFO - Processing /home/airflow/.local/lib/python3.7/site-packages/airflow/example_dags/example_xcomargs.py took 0.157 seconds
[2022-07-17 19:53:41,542] {processor.py:153} INFO - Started process (PID=2067) to work on /home/airflow/.local/lib/python3.7/site-packages/airflow/example_dags/example_xcomargs.py
[2022-07-17 19:53:41,543] {processor.py:641} INFO - Processing file /home/airflow/.local/lib/python3.7/site-packages/airflow/example_dags/example_xcomargs.py for tasks to queue
[2022-07-17 19:53:41,544] {logging_mixin.py:115} INFO - [2022-07-17 19:53:41,544] {dagbag.py:508} INFO - Filling up the DagBag from /home/airflow/.local/lib/python3.7/site-packages/airflow/example_dags/example_xcomargs.py
[2022-07-17 19:53:41,571] {processor.py:651} INFO - DAG(s) dict_keys(['example_xcom_args', 'example_xcom_args_with_operators']) retrieved from /home/airflow/.local/lib/python3.7/site-packages/airflow/example_dags/example_xcomargs.py
[2022-07-17 19:53:41,652] {logging_mixin.py:115} INFO - [2022-07-17 19:53:41,652] {dag.py:2420} INFO - Sync 2 DAGs
[2022-07-17 19:53:41,681] {logging_mixin.py:115} INFO - [2022-07-17 19:53:41,681] {dag.py:2972} INFO - Setting next_dagrun for example_xcom_args to None, run_after=None
[2022-07-17 19:53:41,682] {logging_mixin.py:115} INFO - [2022-07-17 19:53:41,682] {dag.py:2972} INFO - Setting next_dagrun for example_xcom_args_with_operators to None, run_after=None
[2022-07-17 19:53:41,699] {processor.py:161} INFO - Processing /home/airflow/.local/lib/python3.7/site-packages/airflow/example_dags/example_xcomargs.py took 0.160 seconds
[2022-07-17 19:54:11,925] {processor.py:153} INFO - Started process (PID=2132) to work on /home/airflow/.local/lib/python3.7/site-packages/airflow/example_dags/example_xcomargs.py
[2022-07-17 19:54:11,926] {processor.py:641} INFO - Processing file /home/airflow/.local/lib/python3.7/site-packages/airflow/example_dags/example_xcomargs.py for tasks to queue
[2022-07-17 19:54:11,927] {logging_mixin.py:115} INFO - [2022-07-17 19:54:11,927] {dagbag.py:508} INFO - Filling up the DagBag from /home/airflow/.local/lib/python3.7/site-packages/airflow/example_dags/example_xcomargs.py
[2022-07-17 19:54:11,951] {processor.py:651} INFO - DAG(s) dict_keys(['example_xcom_args', 'example_xcom_args_with_operators']) retrieved from /home/airflow/.local/lib/python3.7/site-packages/airflow/example_dags/example_xcomargs.py
[2022-07-17 19:54:12,039] {logging_mixin.py:115} INFO - [2022-07-17 19:54:12,039] {dag.py:2420} INFO - Sync 2 DAGs
[2022-07-17 19:54:12,064] {logging_mixin.py:115} INFO - [2022-07-17 19:54:12,064] {dag.py:2972} INFO - Setting next_dagrun for example_xcom_args to None, run_after=None
[2022-07-17 19:54:12,064] {logging_mixin.py:115} INFO - [2022-07-17 19:54:12,064] {dag.py:2972} INFO - Setting next_dagrun for example_xcom_args_with_operators to None, run_after=None
[2022-07-17 19:54:12,079] {processor.py:161} INFO - Processing /home/airflow/.local/lib/python3.7/site-packages/airflow/example_dags/example_xcomargs.py took 0.162 seconds
[2022-07-17 19:54:42,159] {processor.py:153} INFO - Started process (PID=2187) to work on /home/airflow/.local/lib/python3.7/site-packages/airflow/example_dags/example_xcomargs.py
[2022-07-17 19:54:42,159] {processor.py:641} INFO - Processing file /home/airflow/.local/lib/python3.7/site-packages/airflow/example_dags/example_xcomargs.py for tasks to queue
[2022-07-17 19:54:42,160] {logging_mixin.py:115} INFO - [2022-07-17 19:54:42,160] {dagbag.py:508} INFO - Filling up the DagBag from /home/airflow/.local/lib/python3.7/site-packages/airflow/example_dags/example_xcomargs.py
[2022-07-17 19:54:42,192] {processor.py:651} INFO - DAG(s) dict_keys(['example_xcom_args', 'example_xcom_args_with_operators']) retrieved from /home/airflow/.local/lib/python3.7/site-packages/airflow/example_dags/example_xcomargs.py
[2022-07-17 19:54:42,236] {logging_mixin.py:115} INFO - [2022-07-17 19:54:42,236] {dag.py:2420} INFO - Sync 2 DAGs
[2022-07-17 19:54:42,262] {logging_mixin.py:115} INFO - [2022-07-17 19:54:42,262] {dag.py:2972} INFO - Setting next_dagrun for example_xcom_args to None, run_after=None
[2022-07-17 19:54:42,262] {logging_mixin.py:115} INFO - [2022-07-17 19:54:42,262] {dag.py:2972} INFO - Setting next_dagrun for example_xcom_args_with_operators to None, run_after=None
[2022-07-17 19:54:42,281] {processor.py:161} INFO - Processing /home/airflow/.local/lib/python3.7/site-packages/airflow/example_dags/example_xcomargs.py took 0.128 seconds
[2022-07-17 19:55:12,303] {processor.py:153} INFO - Started process (PID=2251) to work on /home/airflow/.local/lib/python3.7/site-packages/airflow/example_dags/example_xcomargs.py
[2022-07-17 19:55:12,305] {processor.py:641} INFO - Processing file /home/airflow/.local/lib/python3.7/site-packages/airflow/example_dags/example_xcomargs.py for tasks to queue
[2022-07-17 19:55:12,306] {logging_mixin.py:115} INFO - [2022-07-17 19:55:12,305] {dagbag.py:508} INFO - Filling up the DagBag from /home/airflow/.local/lib/python3.7/site-packages/airflow/example_dags/example_xcomargs.py
[2022-07-17 19:55:12,325] {processor.py:651} INFO - DAG(s) dict_keys(['example_xcom_args', 'example_xcom_args_with_operators']) retrieved from /home/airflow/.local/lib/python3.7/site-packages/airflow/example_dags/example_xcomargs.py
[2022-07-17 19:55:12,405] {logging_mixin.py:115} INFO - [2022-07-17 19:55:12,405] {dag.py:2420} INFO - Sync 2 DAGs
[2022-07-17 19:55:12,434] {logging_mixin.py:115} INFO - [2022-07-17 19:55:12,434] {dag.py:2972} INFO - Setting next_dagrun for example_xcom_args to None, run_after=None
[2022-07-17 19:55:12,434] {logging_mixin.py:115} INFO - [2022-07-17 19:55:12,434] {dag.py:2972} INFO - Setting next_dagrun for example_xcom_args_with_operators to None, run_after=None
[2022-07-17 19:55:12,453] {processor.py:161} INFO - Processing /home/airflow/.local/lib/python3.7/site-packages/airflow/example_dags/example_xcomargs.py took 0.153 seconds
[2022-07-17 19:55:42,752] {processor.py:153} INFO - Started process (PID=2308) to work on /home/airflow/.local/lib/python3.7/site-packages/airflow/example_dags/example_xcomargs.py
[2022-07-17 19:55:42,754] {processor.py:641} INFO - Processing file /home/airflow/.local/lib/python3.7/site-packages/airflow/example_dags/example_xcomargs.py for tasks to queue
[2022-07-17 19:55:42,755] {logging_mixin.py:115} INFO - [2022-07-17 19:55:42,755] {dagbag.py:508} INFO - Filling up the DagBag from /home/airflow/.local/lib/python3.7/site-packages/airflow/example_dags/example_xcomargs.py
[2022-07-17 19:55:42,786] {processor.py:651} INFO - DAG(s) dict_keys(['example_xcom_args', 'example_xcom_args_with_operators']) retrieved from /home/airflow/.local/lib/python3.7/site-packages/airflow/example_dags/example_xcomargs.py
[2022-07-17 19:55:42,826] {logging_mixin.py:115} INFO - [2022-07-17 19:55:42,826] {dag.py:2420} INFO - Sync 2 DAGs
[2022-07-17 19:55:42,852] {logging_mixin.py:115} INFO - [2022-07-17 19:55:42,852] {dag.py:2972} INFO - Setting next_dagrun for example_xcom_args to None, run_after=None
[2022-07-17 19:55:42,852] {logging_mixin.py:115} INFO - [2022-07-17 19:55:42,852] {dag.py:2972} INFO - Setting next_dagrun for example_xcom_args_with_operators to None, run_after=None
[2022-07-17 19:55:42,867] {processor.py:161} INFO - Processing /home/airflow/.local/lib/python3.7/site-packages/airflow/example_dags/example_xcomargs.py took 0.123 seconds
[2022-07-17 19:56:13,464] {processor.py:153} INFO - Started process (PID=2374) to work on /home/airflow/.local/lib/python3.7/site-packages/airflow/example_dags/example_xcomargs.py
[2022-07-17 19:56:13,466] {processor.py:641} INFO - Processing file /home/airflow/.local/lib/python3.7/site-packages/airflow/example_dags/example_xcomargs.py for tasks to queue
[2022-07-17 19:56:13,468] {logging_mixin.py:115} INFO - [2022-07-17 19:56:13,467] {dagbag.py:508} INFO - Filling up the DagBag from /home/airflow/.local/lib/python3.7/site-packages/airflow/example_dags/example_xcomargs.py
[2022-07-17 19:56:13,538] {processor.py:651} INFO - DAG(s) dict_keys(['example_xcom_args', 'example_xcom_args_with_operators']) retrieved from /home/airflow/.local/lib/python3.7/site-packages/airflow/example_dags/example_xcomargs.py
[2022-07-17 19:56:13,637] {logging_mixin.py:115} INFO - [2022-07-17 19:56:13,637] {dag.py:2420} INFO - Sync 2 DAGs
[2022-07-17 19:56:13,668] {logging_mixin.py:115} INFO - [2022-07-17 19:56:13,667] {dag.py:2972} INFO - Setting next_dagrun for example_xcom_args to None, run_after=None
[2022-07-17 19:56:13,668] {logging_mixin.py:115} INFO - [2022-07-17 19:56:13,668] {dag.py:2972} INFO - Setting next_dagrun for example_xcom_args_with_operators to None, run_after=None
[2022-07-17 19:56:13,686] {processor.py:161} INFO - Processing /home/airflow/.local/lib/python3.7/site-packages/airflow/example_dags/example_xcomargs.py took 0.236 seconds
[2022-07-17 19:56:43,716] {processor.py:153} INFO - Started process (PID=2439) to work on /home/airflow/.local/lib/python3.7/site-packages/airflow/example_dags/example_xcomargs.py
[2022-07-17 19:56:43,717] {processor.py:641} INFO - Processing file /home/airflow/.local/lib/python3.7/site-packages/airflow/example_dags/example_xcomargs.py for tasks to queue
[2022-07-17 19:56:43,717] {logging_mixin.py:115} INFO - [2022-07-17 19:56:43,717] {dagbag.py:508} INFO - Filling up the DagBag from /home/airflow/.local/lib/python3.7/site-packages/airflow/example_dags/example_xcomargs.py
[2022-07-17 19:56:43,744] {processor.py:651} INFO - DAG(s) dict_keys(['example_xcom_args', 'example_xcom_args_with_operators']) retrieved from /home/airflow/.local/lib/python3.7/site-packages/airflow/example_dags/example_xcomargs.py
[2022-07-17 19:56:43,877] {logging_mixin.py:115} INFO - [2022-07-17 19:56:43,877] {dag.py:2420} INFO - Sync 2 DAGs
[2022-07-17 19:56:43,911] {logging_mixin.py:115} INFO - [2022-07-17 19:56:43,911] {dag.py:2972} INFO - Setting next_dagrun for example_xcom_args to None, run_after=None
[2022-07-17 19:56:43,912] {logging_mixin.py:115} INFO - [2022-07-17 19:56:43,912] {dag.py:2972} INFO - Setting next_dagrun for example_xcom_args_with_operators to None, run_after=None
[2022-07-17 19:56:43,932] {processor.py:161} INFO - Processing /home/airflow/.local/lib/python3.7/site-packages/airflow/example_dags/example_xcomargs.py took 0.220 seconds
[2022-07-17 19:57:14,044] {processor.py:153} INFO - Started process (PID=2495) to work on /home/airflow/.local/lib/python3.7/site-packages/airflow/example_dags/example_xcomargs.py
[2022-07-17 19:57:14,045] {processor.py:641} INFO - Processing file /home/airflow/.local/lib/python3.7/site-packages/airflow/example_dags/example_xcomargs.py for tasks to queue
[2022-07-17 19:57:14,045] {logging_mixin.py:115} INFO - [2022-07-17 19:57:14,045] {dagbag.py:508} INFO - Filling up the DagBag from /home/airflow/.local/lib/python3.7/site-packages/airflow/example_dags/example_xcomargs.py
[2022-07-17 19:57:14,068] {processor.py:651} INFO - DAG(s) dict_keys(['example_xcom_args', 'example_xcom_args_with_operators']) retrieved from /home/airflow/.local/lib/python3.7/site-packages/airflow/example_dags/example_xcomargs.py
[2022-07-17 19:57:14,157] {logging_mixin.py:115} INFO - [2022-07-17 19:57:14,157] {dag.py:2420} INFO - Sync 2 DAGs
[2022-07-17 19:57:14,187] {logging_mixin.py:115} INFO - [2022-07-17 19:57:14,186] {dag.py:2972} INFO - Setting next_dagrun for example_xcom_args to None, run_after=None
[2022-07-17 19:57:14,187] {logging_mixin.py:115} INFO - [2022-07-17 19:57:14,187] {dag.py:2972} INFO - Setting next_dagrun for example_xcom_args_with_operators to None, run_after=None
[2022-07-17 19:57:14,203] {processor.py:161} INFO - Processing /home/airflow/.local/lib/python3.7/site-packages/airflow/example_dags/example_xcomargs.py took 0.163 seconds
[2022-07-17 19:57:44,269] {processor.py:153} INFO - Started process (PID=2560) to work on /home/airflow/.local/lib/python3.7/site-packages/airflow/example_dags/example_xcomargs.py
[2022-07-17 19:57:44,270] {processor.py:641} INFO - Processing file /home/airflow/.local/lib/python3.7/site-packages/airflow/example_dags/example_xcomargs.py for tasks to queue
[2022-07-17 19:57:44,270] {logging_mixin.py:115} INFO - [2022-07-17 19:57:44,270] {dagbag.py:508} INFO - Filling up the DagBag from /home/airflow/.local/lib/python3.7/site-packages/airflow/example_dags/example_xcomargs.py
[2022-07-17 19:57:44,289] {processor.py:651} INFO - DAG(s) dict_keys(['example_xcom_args', 'example_xcom_args_with_operators']) retrieved from /home/airflow/.local/lib/python3.7/site-packages/airflow/example_dags/example_xcomargs.py
[2022-07-17 19:57:44,374] {logging_mixin.py:115} INFO - [2022-07-17 19:57:44,374] {dag.py:2420} INFO - Sync 2 DAGs
[2022-07-17 19:57:44,398] {logging_mixin.py:115} INFO - [2022-07-17 19:57:44,398] {dag.py:2972} INFO - Setting next_dagrun for example_xcom_args to None, run_after=None
[2022-07-17 19:57:44,398] {logging_mixin.py:115} INFO - [2022-07-17 19:57:44,398] {dag.py:2972} INFO - Setting next_dagrun for example_xcom_args_with_operators to None, run_after=None
[2022-07-17 19:57:44,414] {processor.py:161} INFO - Processing /home/airflow/.local/lib/python3.7/site-packages/airflow/example_dags/example_xcomargs.py took 0.148 seconds
[2022-07-17 19:58:14,496] {processor.py:153} INFO - Started process (PID=2615) to work on /home/airflow/.local/lib/python3.7/site-packages/airflow/example_dags/example_xcomargs.py
[2022-07-17 19:58:14,497] {processor.py:641} INFO - Processing file /home/airflow/.local/lib/python3.7/site-packages/airflow/example_dags/example_xcomargs.py for tasks to queue
[2022-07-17 19:58:14,497] {logging_mixin.py:115} INFO - [2022-07-17 19:58:14,497] {dagbag.py:508} INFO - Filling up the DagBag from /home/airflow/.local/lib/python3.7/site-packages/airflow/example_dags/example_xcomargs.py
[2022-07-17 19:58:14,522] {processor.py:651} INFO - DAG(s) dict_keys(['example_xcom_args', 'example_xcom_args_with_operators']) retrieved from /home/airflow/.local/lib/python3.7/site-packages/airflow/example_dags/example_xcomargs.py
[2022-07-17 19:58:14,613] {logging_mixin.py:115} INFO - [2022-07-17 19:58:14,613] {dag.py:2420} INFO - Sync 2 DAGs
[2022-07-17 19:58:14,637] {logging_mixin.py:115} INFO - [2022-07-17 19:58:14,637] {dag.py:2972} INFO - Setting next_dagrun for example_xcom_args to None, run_after=None
[2022-07-17 19:58:14,637] {logging_mixin.py:115} INFO - [2022-07-17 19:58:14,637] {dag.py:2972} INFO - Setting next_dagrun for example_xcom_args_with_operators to None, run_after=None
[2022-07-17 19:58:14,654] {processor.py:161} INFO - Processing /home/airflow/.local/lib/python3.7/site-packages/airflow/example_dags/example_xcomargs.py took 0.161 seconds
[2022-07-17 19:58:45,397] {processor.py:153} INFO - Started process (PID=2676) to work on /home/airflow/.local/lib/python3.7/site-packages/airflow/example_dags/example_xcomargs.py
[2022-07-17 19:58:45,397] {processor.py:641} INFO - Processing file /home/airflow/.local/lib/python3.7/site-packages/airflow/example_dags/example_xcomargs.py for tasks to queue
[2022-07-17 19:58:45,398] {logging_mixin.py:115} INFO - [2022-07-17 19:58:45,398] {dagbag.py:508} INFO - Filling up the DagBag from /home/airflow/.local/lib/python3.7/site-packages/airflow/example_dags/example_xcomargs.py
[2022-07-17 19:58:45,422] {processor.py:651} INFO - DAG(s) dict_keys(['example_xcom_args', 'example_xcom_args_with_operators']) retrieved from /home/airflow/.local/lib/python3.7/site-packages/airflow/example_dags/example_xcomargs.py
[2022-07-17 19:58:45,500] {logging_mixin.py:115} INFO - [2022-07-17 19:58:45,500] {dag.py:2420} INFO - Sync 2 DAGs
[2022-07-17 19:58:45,523] {logging_mixin.py:115} INFO - [2022-07-17 19:58:45,523] {dag.py:2972} INFO - Setting next_dagrun for example_xcom_args to None, run_after=None
[2022-07-17 19:58:45,523] {logging_mixin.py:115} INFO - [2022-07-17 19:58:45,523] {dag.py:2972} INFO - Setting next_dagrun for example_xcom_args_with_operators to None, run_after=None
[2022-07-17 19:58:45,542] {processor.py:161} INFO - Processing /home/airflow/.local/lib/python3.7/site-packages/airflow/example_dags/example_xcomargs.py took 0.148 seconds
[2022-07-17 19:59:15,928] {processor.py:153} INFO - Started process (PID=2740) to work on /home/airflow/.local/lib/python3.7/site-packages/airflow/example_dags/example_xcomargs.py
[2022-07-17 19:59:15,929] {processor.py:641} INFO - Processing file /home/airflow/.local/lib/python3.7/site-packages/airflow/example_dags/example_xcomargs.py for tasks to queue
[2022-07-17 19:59:15,929] {logging_mixin.py:115} INFO - [2022-07-17 19:59:15,929] {dagbag.py:508} INFO - Filling up the DagBag from /home/airflow/.local/lib/python3.7/site-packages/airflow/example_dags/example_xcomargs.py
[2022-07-17 19:59:15,950] {processor.py:651} INFO - DAG(s) dict_keys(['example_xcom_args', 'example_xcom_args_with_operators']) retrieved from /home/airflow/.local/lib/python3.7/site-packages/airflow/example_dags/example_xcomargs.py
[2022-07-17 19:59:16,026] {logging_mixin.py:115} INFO - [2022-07-17 19:59:16,026] {dag.py:2420} INFO - Sync 2 DAGs
[2022-07-17 19:59:16,050] {logging_mixin.py:115} INFO - [2022-07-17 19:59:16,050] {dag.py:2972} INFO - Setting next_dagrun for example_xcom_args to None, run_after=None
[2022-07-17 19:59:16,051] {logging_mixin.py:115} INFO - [2022-07-17 19:59:16,051] {dag.py:2972} INFO - Setting next_dagrun for example_xcom_args_with_operators to None, run_after=None
[2022-07-17 19:59:16,069] {processor.py:161} INFO - Processing /home/airflow/.local/lib/python3.7/site-packages/airflow/example_dags/example_xcomargs.py took 0.144 seconds
[2022-07-17 19:59:46,119] {processor.py:153} INFO - Started process (PID=2797) to work on /home/airflow/.local/lib/python3.7/site-packages/airflow/example_dags/example_xcomargs.py
[2022-07-17 19:59:46,119] {processor.py:641} INFO - Processing file /home/airflow/.local/lib/python3.7/site-packages/airflow/example_dags/example_xcomargs.py for tasks to queue
[2022-07-17 19:59:46,120] {logging_mixin.py:115} INFO - [2022-07-17 19:59:46,119] {dagbag.py:508} INFO - Filling up the DagBag from /home/airflow/.local/lib/python3.7/site-packages/airflow/example_dags/example_xcomargs.py
[2022-07-17 19:59:46,140] {processor.py:651} INFO - DAG(s) dict_keys(['example_xcom_args', 'example_xcom_args_with_operators']) retrieved from /home/airflow/.local/lib/python3.7/site-packages/airflow/example_dags/example_xcomargs.py
[2022-07-17 19:59:46,214] {logging_mixin.py:115} INFO - [2022-07-17 19:59:46,214] {dag.py:2420} INFO - Sync 2 DAGs
[2022-07-17 19:59:46,237] {logging_mixin.py:115} INFO - [2022-07-17 19:59:46,237] {dag.py:2972} INFO - Setting next_dagrun for example_xcom_args to None, run_after=None
[2022-07-17 19:59:46,238] {logging_mixin.py:115} INFO - [2022-07-17 19:59:46,238] {dag.py:2972} INFO - Setting next_dagrun for example_xcom_args_with_operators to None, run_after=None
[2022-07-17 19:59:46,251] {processor.py:161} INFO - Processing /home/airflow/.local/lib/python3.7/site-packages/airflow/example_dags/example_xcomargs.py took 0.136 seconds
[2022-07-17 20:00:16,415] {processor.py:153} INFO - Started process (PID=2861) to work on /home/airflow/.local/lib/python3.7/site-packages/airflow/example_dags/example_xcomargs.py
[2022-07-17 20:00:16,416] {processor.py:641} INFO - Processing file /home/airflow/.local/lib/python3.7/site-packages/airflow/example_dags/example_xcomargs.py for tasks to queue
[2022-07-17 20:00:16,417] {logging_mixin.py:115} INFO - [2022-07-17 20:00:16,417] {dagbag.py:508} INFO - Filling up the DagBag from /home/airflow/.local/lib/python3.7/site-packages/airflow/example_dags/example_xcomargs.py
[2022-07-17 20:00:16,437] {processor.py:651} INFO - DAG(s) dict_keys(['example_xcom_args', 'example_xcom_args_with_operators']) retrieved from /home/airflow/.local/lib/python3.7/site-packages/airflow/example_dags/example_xcomargs.py
[2022-07-17 20:00:16,521] {logging_mixin.py:115} INFO - [2022-07-17 20:00:16,521] {dag.py:2420} INFO - Sync 2 DAGs
[2022-07-17 20:00:16,558] {logging_mixin.py:115} INFO - [2022-07-17 20:00:16,558] {dag.py:2972} INFO - Setting next_dagrun for example_xcom_args to None, run_after=None
[2022-07-17 20:00:16,559] {logging_mixin.py:115} INFO - [2022-07-17 20:00:16,559] {dag.py:2972} INFO - Setting next_dagrun for example_xcom_args_with_operators to None, run_after=None
[2022-07-17 20:00:16,579] {processor.py:161} INFO - Processing /home/airflow/.local/lib/python3.7/site-packages/airflow/example_dags/example_xcomargs.py took 0.167 seconds
[2022-07-17 20:00:46,874] {processor.py:153} INFO - Started process (PID=2917) to work on /home/airflow/.local/lib/python3.7/site-packages/airflow/example_dags/example_xcomargs.py
[2022-07-17 20:00:46,875] {processor.py:641} INFO - Processing file /home/airflow/.local/lib/python3.7/site-packages/airflow/example_dags/example_xcomargs.py for tasks to queue
[2022-07-17 20:00:46,875] {logging_mixin.py:115} INFO - [2022-07-17 20:00:46,875] {dagbag.py:508} INFO - Filling up the DagBag from /home/airflow/.local/lib/python3.7/site-packages/airflow/example_dags/example_xcomargs.py
[2022-07-17 20:00:46,895] {processor.py:651} INFO - DAG(s) dict_keys(['example_xcom_args', 'example_xcom_args_with_operators']) retrieved from /home/airflow/.local/lib/python3.7/site-packages/airflow/example_dags/example_xcomargs.py
[2022-07-17 20:00:46,924] {logging_mixin.py:115} INFO - [2022-07-17 20:00:46,924] {dag.py:2420} INFO - Sync 2 DAGs
[2022-07-17 20:00:46,953] {logging_mixin.py:115} INFO - [2022-07-17 20:00:46,953] {dag.py:2972} INFO - Setting next_dagrun for example_xcom_args to None, run_after=None
[2022-07-17 20:00:46,953] {logging_mixin.py:115} INFO - [2022-07-17 20:00:46,953] {dag.py:2972} INFO - Setting next_dagrun for example_xcom_args_with_operators to None, run_after=None
[2022-07-17 20:00:46,969] {processor.py:161} INFO - Processing /home/airflow/.local/lib/python3.7/site-packages/airflow/example_dags/example_xcomargs.py took 0.098 seconds
[2022-07-17 20:01:17,142] {processor.py:153} INFO - Started process (PID=2981) to work on /home/airflow/.local/lib/python3.7/site-packages/airflow/example_dags/example_xcomargs.py
[2022-07-17 20:01:17,143] {processor.py:641} INFO - Processing file /home/airflow/.local/lib/python3.7/site-packages/airflow/example_dags/example_xcomargs.py for tasks to queue
[2022-07-17 20:01:17,144] {logging_mixin.py:115} INFO - [2022-07-17 20:01:17,144] {dagbag.py:508} INFO - Filling up the DagBag from /home/airflow/.local/lib/python3.7/site-packages/airflow/example_dags/example_xcomargs.py
[2022-07-17 20:01:17,166] {processor.py:651} INFO - DAG(s) dict_keys(['example_xcom_args', 'example_xcom_args_with_operators']) retrieved from /home/airflow/.local/lib/python3.7/site-packages/airflow/example_dags/example_xcomargs.py
[2022-07-17 20:01:17,254] {logging_mixin.py:115} INFO - [2022-07-17 20:01:17,253] {dag.py:2420} INFO - Sync 2 DAGs
[2022-07-17 20:01:17,279] {logging_mixin.py:115} INFO - [2022-07-17 20:01:17,278] {dag.py:2972} INFO - Setting next_dagrun for example_xcom_args to None, run_after=None
[2022-07-17 20:01:17,279] {logging_mixin.py:115} INFO - [2022-07-17 20:01:17,279] {dag.py:2972} INFO - Setting next_dagrun for example_xcom_args_with_operators to None, run_after=None
[2022-07-17 20:01:17,296] {processor.py:161} INFO - Processing /home/airflow/.local/lib/python3.7/site-packages/airflow/example_dags/example_xcomargs.py took 0.157 seconds
[2022-07-17 20:01:47,532] {processor.py:153} INFO - Started process (PID=3036) to work on /home/airflow/.local/lib/python3.7/site-packages/airflow/example_dags/example_xcomargs.py
[2022-07-17 20:01:47,532] {processor.py:641} INFO - Processing file /home/airflow/.local/lib/python3.7/site-packages/airflow/example_dags/example_xcomargs.py for tasks to queue
[2022-07-17 20:01:47,533] {logging_mixin.py:115} INFO - [2022-07-17 20:01:47,532] {dagbag.py:508} INFO - Filling up the DagBag from /home/airflow/.local/lib/python3.7/site-packages/airflow/example_dags/example_xcomargs.py
[2022-07-17 20:01:47,554] {processor.py:651} INFO - DAG(s) dict_keys(['example_xcom_args', 'example_xcom_args_with_operators']) retrieved from /home/airflow/.local/lib/python3.7/site-packages/airflow/example_dags/example_xcomargs.py
[2022-07-17 20:01:47,631] {logging_mixin.py:115} INFO - [2022-07-17 20:01:47,631] {dag.py:2420} INFO - Sync 2 DAGs
[2022-07-17 20:01:47,654] {logging_mixin.py:115} INFO - [2022-07-17 20:01:47,654] {dag.py:2972} INFO - Setting next_dagrun for example_xcom_args to None, run_after=None
[2022-07-17 20:01:47,654] {logging_mixin.py:115} INFO - [2022-07-17 20:01:47,654] {dag.py:2972} INFO - Setting next_dagrun for example_xcom_args_with_operators to None, run_after=None
[2022-07-17 20:01:47,667] {processor.py:161} INFO - Processing /home/airflow/.local/lib/python3.7/site-packages/airflow/example_dags/example_xcomargs.py took 0.139 seconds
[2022-07-17 20:02:18,230] {processor.py:153} INFO - Started process (PID=3103) to work on /home/airflow/.local/lib/python3.7/site-packages/airflow/example_dags/example_xcomargs.py
[2022-07-17 20:02:18,231] {processor.py:641} INFO - Processing file /home/airflow/.local/lib/python3.7/site-packages/airflow/example_dags/example_xcomargs.py for tasks to queue
[2022-07-17 20:02:18,231] {logging_mixin.py:115} INFO - [2022-07-17 20:02:18,231] {dagbag.py:508} INFO - Filling up the DagBag from /home/airflow/.local/lib/python3.7/site-packages/airflow/example_dags/example_xcomargs.py
[2022-07-17 20:02:18,252] {processor.py:651} INFO - DAG(s) dict_keys(['example_xcom_args', 'example_xcom_args_with_operators']) retrieved from /home/airflow/.local/lib/python3.7/site-packages/airflow/example_dags/example_xcomargs.py
[2022-07-17 20:02:18,335] {logging_mixin.py:115} INFO - [2022-07-17 20:02:18,335] {dag.py:2420} INFO - Sync 2 DAGs
[2022-07-17 20:02:18,358] {logging_mixin.py:115} INFO - [2022-07-17 20:02:18,358] {dag.py:2972} INFO - Setting next_dagrun for example_xcom_args to None, run_after=None
[2022-07-17 20:02:18,358] {logging_mixin.py:115} INFO - [2022-07-17 20:02:18,358] {dag.py:2972} INFO - Setting next_dagrun for example_xcom_args_with_operators to None, run_after=None
[2022-07-17 20:02:18,372] {processor.py:161} INFO - Processing /home/airflow/.local/lib/python3.7/site-packages/airflow/example_dags/example_xcomargs.py took 0.145 seconds
[2022-07-17 20:02:48,652] {processor.py:153} INFO - Started process (PID=3167) to work on /home/airflow/.local/lib/python3.7/site-packages/airflow/example_dags/example_xcomargs.py
[2022-07-17 20:02:48,653] {processor.py:641} INFO - Processing file /home/airflow/.local/lib/python3.7/site-packages/airflow/example_dags/example_xcomargs.py for tasks to queue
[2022-07-17 20:02:48,653] {logging_mixin.py:115} INFO - [2022-07-17 20:02:48,653] {dagbag.py:508} INFO - Filling up the DagBag from /home/airflow/.local/lib/python3.7/site-packages/airflow/example_dags/example_xcomargs.py
[2022-07-17 20:02:48,674] {processor.py:651} INFO - DAG(s) dict_keys(['example_xcom_args', 'example_xcom_args_with_operators']) retrieved from /home/airflow/.local/lib/python3.7/site-packages/airflow/example_dags/example_xcomargs.py
[2022-07-17 20:02:48,767] {logging_mixin.py:115} INFO - [2022-07-17 20:02:48,767] {dag.py:2420} INFO - Sync 2 DAGs
[2022-07-17 20:02:48,797] {logging_mixin.py:115} INFO - [2022-07-17 20:02:48,797] {dag.py:2972} INFO - Setting next_dagrun for example_xcom_args to None, run_after=None
[2022-07-17 20:02:48,797] {logging_mixin.py:115} INFO - [2022-07-17 20:02:48,797] {dag.py:2972} INFO - Setting next_dagrun for example_xcom_args_with_operators to None, run_after=None
[2022-07-17 20:02:48,818] {processor.py:161} INFO - Processing /home/airflow/.local/lib/python3.7/site-packages/airflow/example_dags/example_xcomargs.py took 0.169 seconds
[2022-07-17 20:03:19,308] {processor.py:153} INFO - Started process (PID=3222) to work on /home/airflow/.local/lib/python3.7/site-packages/airflow/example_dags/example_xcomargs.py
[2022-07-17 20:03:19,309] {processor.py:641} INFO - Processing file /home/airflow/.local/lib/python3.7/site-packages/airflow/example_dags/example_xcomargs.py for tasks to queue
[2022-07-17 20:03:19,309] {logging_mixin.py:115} INFO - [2022-07-17 20:03:19,309] {dagbag.py:508} INFO - Filling up the DagBag from /home/airflow/.local/lib/python3.7/site-packages/airflow/example_dags/example_xcomargs.py
[2022-07-17 20:03:19,331] {processor.py:651} INFO - DAG(s) dict_keys(['example_xcom_args', 'example_xcom_args_with_operators']) retrieved from /home/airflow/.local/lib/python3.7/site-packages/airflow/example_dags/example_xcomargs.py
[2022-07-17 20:03:19,370] {logging_mixin.py:115} INFO - [2022-07-17 20:03:19,370] {dag.py:2420} INFO - Sync 2 DAGs
[2022-07-17 20:03:19,402] {logging_mixin.py:115} INFO - [2022-07-17 20:03:19,401] {dag.py:2972} INFO - Setting next_dagrun for example_xcom_args to None, run_after=None
[2022-07-17 20:03:19,402] {logging_mixin.py:115} INFO - [2022-07-17 20:03:19,402] {dag.py:2972} INFO - Setting next_dagrun for example_xcom_args_with_operators to None, run_after=None
[2022-07-17 20:03:19,416] {processor.py:161} INFO - Processing /home/airflow/.local/lib/python3.7/site-packages/airflow/example_dags/example_xcomargs.py took 0.112 seconds
[2022-07-17 20:03:49,614] {processor.py:153} INFO - Started process (PID=3286) to work on /home/airflow/.local/lib/python3.7/site-packages/airflow/example_dags/example_xcomargs.py
[2022-07-17 20:03:49,614] {processor.py:641} INFO - Processing file /home/airflow/.local/lib/python3.7/site-packages/airflow/example_dags/example_xcomargs.py for tasks to queue
[2022-07-17 20:03:49,614] {logging_mixin.py:115} INFO - [2022-07-17 20:03:49,614] {dagbag.py:508} INFO - Filling up the DagBag from /home/airflow/.local/lib/python3.7/site-packages/airflow/example_dags/example_xcomargs.py
[2022-07-17 20:03:49,636] {processor.py:651} INFO - DAG(s) dict_keys(['example_xcom_args', 'example_xcom_args_with_operators']) retrieved from /home/airflow/.local/lib/python3.7/site-packages/airflow/example_dags/example_xcomargs.py
[2022-07-17 20:03:49,715] {logging_mixin.py:115} INFO - [2022-07-17 20:03:49,715] {dag.py:2420} INFO - Sync 2 DAGs
[2022-07-17 20:03:49,737] {logging_mixin.py:115} INFO - [2022-07-17 20:03:49,737] {dag.py:2972} INFO - Setting next_dagrun for example_xcom_args to None, run_after=None
[2022-07-17 20:03:49,737] {logging_mixin.py:115} INFO - [2022-07-17 20:03:49,737] {dag.py:2972} INFO - Setting next_dagrun for example_xcom_args_with_operators to None, run_after=None
[2022-07-17 20:03:49,753] {processor.py:161} INFO - Processing /home/airflow/.local/lib/python3.7/site-packages/airflow/example_dags/example_xcomargs.py took 0.142 seconds
