[2022-07-17 19:36:54,395] {processor.py:153} INFO - Started process (PID=67) to work on /home/airflow/.local/lib/python3.7/site-packages/airflow/example_dags/example_branch_operator.py
[2022-07-17 19:36:54,396] {processor.py:641} INFO - Processing file /home/airflow/.local/lib/python3.7/site-packages/airflow/example_dags/example_branch_operator.py for tasks to queue
[2022-07-17 19:36:54,396] {logging_mixin.py:115} INFO - [2022-07-17 19:36:54,396] {dagbag.py:508} INFO - Filling up the DagBag from /home/airflow/.local/lib/python3.7/site-packages/airflow/example_dags/example_branch_operator.py
[2022-07-17 19:36:54,408] {processor.py:651} INFO - DAG(s) dict_keys(['example_branch_operator']) retrieved from /home/airflow/.local/lib/python3.7/site-packages/airflow/example_dags/example_branch_operator.py
[2022-07-17 19:36:54,499] {logging_mixin.py:115} INFO - [2022-07-17 19:36:54,499] {manager.py:508} INFO - Created Permission View: can delete on DAG:example_branch_operator
[2022-07-17 19:36:54,509] {logging_mixin.py:115} INFO - [2022-07-17 19:36:54,509] {manager.py:508} INFO - Created Permission View: can read on DAG:example_branch_operator
[2022-07-17 19:36:54,517] {logging_mixin.py:115} INFO - [2022-07-17 19:36:54,517] {manager.py:508} INFO - Created Permission View: can edit on DAG:example_branch_operator
[2022-07-17 19:36:54,518] {logging_mixin.py:115} INFO - [2022-07-17 19:36:54,518] {dag.py:2420} INFO - Sync 1 DAGs
[2022-07-17 19:36:54,527] {logging_mixin.py:115} INFO - [2022-07-17 19:36:54,527] {dag.py:2439} INFO - Creating ORM DAG for example_branch_operator
[2022-07-17 19:36:54,541] {logging_mixin.py:115} INFO - [2022-07-17 19:36:54,541] {dag.py:2972} INFO - Setting next_dagrun for example_branch_operator to 2022-07-16T00:00:00+00:00, run_after=2022-07-17T00:00:00+00:00
[2022-07-17 19:36:54,556] {processor.py:161} INFO - Processing /home/airflow/.local/lib/python3.7/site-packages/airflow/example_dags/example_branch_operator.py took 0.164 seconds
[2022-07-17 19:37:25,401] {processor.py:153} INFO - Started process (PID=132) to work on /home/airflow/.local/lib/python3.7/site-packages/airflow/example_dags/example_branch_operator.py
[2022-07-17 19:37:25,402] {processor.py:641} INFO - Processing file /home/airflow/.local/lib/python3.7/site-packages/airflow/example_dags/example_branch_operator.py for tasks to queue
[2022-07-17 19:37:25,402] {logging_mixin.py:115} INFO - [2022-07-17 19:37:25,402] {dagbag.py:508} INFO - Filling up the DagBag from /home/airflow/.local/lib/python3.7/site-packages/airflow/example_dags/example_branch_operator.py
[2022-07-17 19:37:25,413] {processor.py:651} INFO - DAG(s) dict_keys(['example_branch_operator']) retrieved from /home/airflow/.local/lib/python3.7/site-packages/airflow/example_dags/example_branch_operator.py
[2022-07-17 19:37:25,446] {logging_mixin.py:115} INFO - [2022-07-17 19:37:25,446] {dag.py:2420} INFO - Sync 1 DAGs
[2022-07-17 19:37:25,473] {logging_mixin.py:115} INFO - [2022-07-17 19:37:25,473] {dag.py:2972} INFO - Setting next_dagrun for example_branch_operator to 2022-07-16T00:00:00+00:00, run_after=2022-07-17T00:00:00+00:00
[2022-07-17 19:37:25,487] {processor.py:161} INFO - Processing /home/airflow/.local/lib/python3.7/site-packages/airflow/example_dags/example_branch_operator.py took 0.088 seconds
[2022-07-17 19:37:56,546] {processor.py:153} INFO - Started process (PID=187) to work on /home/airflow/.local/lib/python3.7/site-packages/airflow/example_dags/example_branch_operator.py
[2022-07-17 19:37:56,547] {processor.py:641} INFO - Processing file /home/airflow/.local/lib/python3.7/site-packages/airflow/example_dags/example_branch_operator.py for tasks to queue
[2022-07-17 19:37:56,547] {logging_mixin.py:115} INFO - [2022-07-17 19:37:56,547] {dagbag.py:508} INFO - Filling up the DagBag from /home/airflow/.local/lib/python3.7/site-packages/airflow/example_dags/example_branch_operator.py
[2022-07-17 19:37:56,559] {processor.py:651} INFO - DAG(s) dict_keys(['example_branch_operator']) retrieved from /home/airflow/.local/lib/python3.7/site-packages/airflow/example_dags/example_branch_operator.py
[2022-07-17 19:37:56,587] {logging_mixin.py:115} INFO - [2022-07-17 19:37:56,587] {dag.py:2420} INFO - Sync 1 DAGs
[2022-07-17 19:37:56,612] {logging_mixin.py:115} INFO - [2022-07-17 19:37:56,612] {dag.py:2972} INFO - Setting next_dagrun for example_branch_operator to 2022-07-16T00:00:00+00:00, run_after=2022-07-17T00:00:00+00:00
[2022-07-17 19:37:56,624] {processor.py:161} INFO - Processing /home/airflow/.local/lib/python3.7/site-packages/airflow/example_dags/example_branch_operator.py took 0.081 seconds
[2022-07-17 19:38:26,768] {processor.py:153} INFO - Started process (PID=248) to work on /home/airflow/.local/lib/python3.7/site-packages/airflow/example_dags/example_branch_operator.py
[2022-07-17 19:38:26,768] {processor.py:641} INFO - Processing file /home/airflow/.local/lib/python3.7/site-packages/airflow/example_dags/example_branch_operator.py for tasks to queue
[2022-07-17 19:38:26,769] {logging_mixin.py:115} INFO - [2022-07-17 19:38:26,769] {dagbag.py:508} INFO - Filling up the DagBag from /home/airflow/.local/lib/python3.7/site-packages/airflow/example_dags/example_branch_operator.py
[2022-07-17 19:38:26,783] {processor.py:651} INFO - DAG(s) dict_keys(['example_branch_operator']) retrieved from /home/airflow/.local/lib/python3.7/site-packages/airflow/example_dags/example_branch_operator.py
[2022-07-17 19:38:26,817] {logging_mixin.py:115} INFO - [2022-07-17 19:38:26,817] {dag.py:2420} INFO - Sync 1 DAGs
[2022-07-17 19:38:26,850] {logging_mixin.py:115} INFO - [2022-07-17 19:38:26,850] {dag.py:2972} INFO - Setting next_dagrun for example_branch_operator to 2022-07-16T00:00:00+00:00, run_after=2022-07-17T00:00:00+00:00
[2022-07-17 19:38:26,867] {processor.py:161} INFO - Processing /home/airflow/.local/lib/python3.7/site-packages/airflow/example_dags/example_branch_operator.py took 0.103 seconds
[2022-07-17 19:38:57,505] {processor.py:153} INFO - Started process (PID=303) to work on /home/airflow/.local/lib/python3.7/site-packages/airflow/example_dags/example_branch_operator.py
[2022-07-17 19:38:57,506] {processor.py:641} INFO - Processing file /home/airflow/.local/lib/python3.7/site-packages/airflow/example_dags/example_branch_operator.py for tasks to queue
[2022-07-17 19:38:57,506] {logging_mixin.py:115} INFO - [2022-07-17 19:38:57,506] {dagbag.py:508} INFO - Filling up the DagBag from /home/airflow/.local/lib/python3.7/site-packages/airflow/example_dags/example_branch_operator.py
[2022-07-17 19:38:57,518] {processor.py:651} INFO - DAG(s) dict_keys(['example_branch_operator']) retrieved from /home/airflow/.local/lib/python3.7/site-packages/airflow/example_dags/example_branch_operator.py
[2022-07-17 19:38:57,545] {logging_mixin.py:115} INFO - [2022-07-17 19:38:57,545] {dag.py:2420} INFO - Sync 1 DAGs
[2022-07-17 19:38:57,571] {logging_mixin.py:115} INFO - [2022-07-17 19:38:57,571] {dag.py:2972} INFO - Setting next_dagrun for example_branch_operator to 2022-07-16T00:00:00+00:00, run_after=2022-07-17T00:00:00+00:00
[2022-07-17 19:38:57,583] {processor.py:161} INFO - Processing /home/airflow/.local/lib/python3.7/site-packages/airflow/example_dags/example_branch_operator.py took 0.081 seconds
[2022-07-17 19:39:27,803] {processor.py:153} INFO - Started process (PID=367) to work on /home/airflow/.local/lib/python3.7/site-packages/airflow/example_dags/example_branch_operator.py
[2022-07-17 19:39:27,804] {processor.py:641} INFO - Processing file /home/airflow/.local/lib/python3.7/site-packages/airflow/example_dags/example_branch_operator.py for tasks to queue
[2022-07-17 19:39:27,805] {logging_mixin.py:115} INFO - [2022-07-17 19:39:27,805] {dagbag.py:508} INFO - Filling up the DagBag from /home/airflow/.local/lib/python3.7/site-packages/airflow/example_dags/example_branch_operator.py
[2022-07-17 19:39:27,817] {processor.py:651} INFO - DAG(s) dict_keys(['example_branch_operator']) retrieved from /home/airflow/.local/lib/python3.7/site-packages/airflow/example_dags/example_branch_operator.py
[2022-07-17 19:39:27,844] {logging_mixin.py:115} INFO - [2022-07-17 19:39:27,844] {dag.py:2420} INFO - Sync 1 DAGs
[2022-07-17 19:39:27,871] {logging_mixin.py:115} INFO - [2022-07-17 19:39:27,871] {dag.py:2972} INFO - Setting next_dagrun for example_branch_operator to 2022-07-16T00:00:00+00:00, run_after=2022-07-17T00:00:00+00:00
[2022-07-17 19:39:27,883] {processor.py:161} INFO - Processing /home/airflow/.local/lib/python3.7/site-packages/airflow/example_dags/example_branch_operator.py took 0.083 seconds
[2022-07-17 19:39:58,243] {processor.py:153} INFO - Started process (PID=430) to work on /home/airflow/.local/lib/python3.7/site-packages/airflow/example_dags/example_branch_operator.py
[2022-07-17 19:39:58,243] {processor.py:641} INFO - Processing file /home/airflow/.local/lib/python3.7/site-packages/airflow/example_dags/example_branch_operator.py for tasks to queue
[2022-07-17 19:39:58,244] {logging_mixin.py:115} INFO - [2022-07-17 19:39:58,244] {dagbag.py:508} INFO - Filling up the DagBag from /home/airflow/.local/lib/python3.7/site-packages/airflow/example_dags/example_branch_operator.py
[2022-07-17 19:39:58,266] {processor.py:651} INFO - DAG(s) dict_keys(['example_branch_operator']) retrieved from /home/airflow/.local/lib/python3.7/site-packages/airflow/example_dags/example_branch_operator.py
[2022-07-17 19:39:58,318] {logging_mixin.py:115} INFO - [2022-07-17 19:39:58,318] {dag.py:2420} INFO - Sync 1 DAGs
[2022-07-17 19:39:58,351] {logging_mixin.py:115} INFO - [2022-07-17 19:39:58,350] {dag.py:2972} INFO - Setting next_dagrun for example_branch_operator to 2022-07-16T00:00:00+00:00, run_after=2022-07-17T00:00:00+00:00
[2022-07-17 19:39:58,365] {processor.py:161} INFO - Processing /home/airflow/.local/lib/python3.7/site-packages/airflow/example_dags/example_branch_operator.py took 0.126 seconds
[2022-07-17 19:40:28,616] {processor.py:153} INFO - Started process (PID=487) to work on /home/airflow/.local/lib/python3.7/site-packages/airflow/example_dags/example_branch_operator.py
[2022-07-17 19:40:28,617] {processor.py:641} INFO - Processing file /home/airflow/.local/lib/python3.7/site-packages/airflow/example_dags/example_branch_operator.py for tasks to queue
[2022-07-17 19:40:28,617] {logging_mixin.py:115} INFO - [2022-07-17 19:40:28,617] {dagbag.py:508} INFO - Filling up the DagBag from /home/airflow/.local/lib/python3.7/site-packages/airflow/example_dags/example_branch_operator.py
[2022-07-17 19:40:28,629] {processor.py:651} INFO - DAG(s) dict_keys(['example_branch_operator']) retrieved from /home/airflow/.local/lib/python3.7/site-packages/airflow/example_dags/example_branch_operator.py
[2022-07-17 19:40:28,663] {logging_mixin.py:115} INFO - [2022-07-17 19:40:28,663] {dag.py:2420} INFO - Sync 1 DAGs
[2022-07-17 19:40:28,698] {logging_mixin.py:115} INFO - [2022-07-17 19:40:28,698] {dag.py:2972} INFO - Setting next_dagrun for example_branch_operator to 2022-07-16T00:00:00+00:00, run_after=2022-07-17T00:00:00+00:00
[2022-07-17 19:40:28,710] {processor.py:161} INFO - Processing /home/airflow/.local/lib/python3.7/site-packages/airflow/example_dags/example_branch_operator.py took 0.097 seconds
[2022-07-17 19:40:59,841] {processor.py:153} INFO - Started process (PID=551) to work on /home/airflow/.local/lib/python3.7/site-packages/airflow/example_dags/example_branch_operator.py
[2022-07-17 19:40:59,842] {processor.py:641} INFO - Processing file /home/airflow/.local/lib/python3.7/site-packages/airflow/example_dags/example_branch_operator.py for tasks to queue
[2022-07-17 19:40:59,842] {logging_mixin.py:115} INFO - [2022-07-17 19:40:59,842] {dagbag.py:508} INFO - Filling up the DagBag from /home/airflow/.local/lib/python3.7/site-packages/airflow/example_dags/example_branch_operator.py
[2022-07-17 19:40:59,856] {processor.py:651} INFO - DAG(s) dict_keys(['example_branch_operator']) retrieved from /home/airflow/.local/lib/python3.7/site-packages/airflow/example_dags/example_branch_operator.py
[2022-07-17 19:40:59,885] {logging_mixin.py:115} INFO - [2022-07-17 19:40:59,885] {dag.py:2420} INFO - Sync 1 DAGs
[2022-07-17 19:40:59,914] {logging_mixin.py:115} INFO - [2022-07-17 19:40:59,914] {dag.py:2972} INFO - Setting next_dagrun for example_branch_operator to 2022-07-16T00:00:00+00:00, run_after=2022-07-17T00:00:00+00:00
[2022-07-17 19:40:59,928] {processor.py:161} INFO - Processing /home/airflow/.local/lib/python3.7/site-packages/airflow/example_dags/example_branch_operator.py took 0.090 seconds
[2022-07-17 19:41:30,881] {processor.py:153} INFO - Started process (PID=608) to work on /home/airflow/.local/lib/python3.7/site-packages/airflow/example_dags/example_branch_operator.py
[2022-07-17 19:41:30,881] {processor.py:641} INFO - Processing file /home/airflow/.local/lib/python3.7/site-packages/airflow/example_dags/example_branch_operator.py for tasks to queue
[2022-07-17 19:41:30,882] {logging_mixin.py:115} INFO - [2022-07-17 19:41:30,882] {dagbag.py:508} INFO - Filling up the DagBag from /home/airflow/.local/lib/python3.7/site-packages/airflow/example_dags/example_branch_operator.py
[2022-07-17 19:41:30,897] {processor.py:651} INFO - DAG(s) dict_keys(['example_branch_operator']) retrieved from /home/airflow/.local/lib/python3.7/site-packages/airflow/example_dags/example_branch_operator.py
[2022-07-17 19:41:30,932] {logging_mixin.py:115} INFO - [2022-07-17 19:41:30,931] {dag.py:2420} INFO - Sync 1 DAGs
[2022-07-17 19:41:30,967] {logging_mixin.py:115} INFO - [2022-07-17 19:41:30,967] {dag.py:2972} INFO - Setting next_dagrun for example_branch_operator to 2022-07-16T00:00:00+00:00, run_after=2022-07-17T00:00:00+00:00
[2022-07-17 19:41:30,981] {processor.py:161} INFO - Processing /home/airflow/.local/lib/python3.7/site-packages/airflow/example_dags/example_branch_operator.py took 0.105 seconds
[2022-07-17 19:42:01,029] {processor.py:153} INFO - Started process (PID=672) to work on /home/airflow/.local/lib/python3.7/site-packages/airflow/example_dags/example_branch_operator.py
[2022-07-17 19:42:01,030] {processor.py:641} INFO - Processing file /home/airflow/.local/lib/python3.7/site-packages/airflow/example_dags/example_branch_operator.py for tasks to queue
[2022-07-17 19:42:01,031] {logging_mixin.py:115} INFO - [2022-07-17 19:42:01,030] {dagbag.py:508} INFO - Filling up the DagBag from /home/airflow/.local/lib/python3.7/site-packages/airflow/example_dags/example_branch_operator.py
[2022-07-17 19:42:01,043] {processor.py:651} INFO - DAG(s) dict_keys(['example_branch_operator']) retrieved from /home/airflow/.local/lib/python3.7/site-packages/airflow/example_dags/example_branch_operator.py
[2022-07-17 19:42:01,072] {logging_mixin.py:115} INFO - [2022-07-17 19:42:01,072] {dag.py:2420} INFO - Sync 1 DAGs
[2022-07-17 19:42:01,099] {logging_mixin.py:115} INFO - [2022-07-17 19:42:01,099] {dag.py:2972} INFO - Setting next_dagrun for example_branch_operator to 2022-07-16T00:00:00+00:00, run_after=2022-07-17T00:00:00+00:00
[2022-07-17 19:42:01,111] {processor.py:161} INFO - Processing /home/airflow/.local/lib/python3.7/site-packages/airflow/example_dags/example_branch_operator.py took 0.084 seconds
[2022-07-17 19:42:31,301] {processor.py:153} INFO - Started process (PID=735) to work on /home/airflow/.local/lib/python3.7/site-packages/airflow/example_dags/example_branch_operator.py
[2022-07-17 19:42:31,301] {processor.py:641} INFO - Processing file /home/airflow/.local/lib/python3.7/site-packages/airflow/example_dags/example_branch_operator.py for tasks to queue
[2022-07-17 19:42:31,302] {logging_mixin.py:115} INFO - [2022-07-17 19:42:31,302] {dagbag.py:508} INFO - Filling up the DagBag from /home/airflow/.local/lib/python3.7/site-packages/airflow/example_dags/example_branch_operator.py
[2022-07-17 19:42:31,328] {processor.py:651} INFO - DAG(s) dict_keys(['example_branch_operator']) retrieved from /home/airflow/.local/lib/python3.7/site-packages/airflow/example_dags/example_branch_operator.py
[2022-07-17 19:42:31,380] {logging_mixin.py:115} INFO - [2022-07-17 19:42:31,380] {dag.py:2420} INFO - Sync 1 DAGs
[2022-07-17 19:42:31,424] {logging_mixin.py:115} INFO - [2022-07-17 19:42:31,424] {dag.py:2972} INFO - Setting next_dagrun for example_branch_operator to 2022-07-16T00:00:00+00:00, run_after=2022-07-17T00:00:00+00:00
[2022-07-17 19:42:31,445] {processor.py:161} INFO - Processing /home/airflow/.local/lib/python3.7/site-packages/airflow/example_dags/example_branch_operator.py took 0.147 seconds
[2022-07-17 19:43:01,815] {processor.py:153} INFO - Started process (PID=791) to work on /home/airflow/.local/lib/python3.7/site-packages/airflow/example_dags/example_branch_operator.py
[2022-07-17 19:43:01,816] {processor.py:641} INFO - Processing file /home/airflow/.local/lib/python3.7/site-packages/airflow/example_dags/example_branch_operator.py for tasks to queue
[2022-07-17 19:43:01,816] {logging_mixin.py:115} INFO - [2022-07-17 19:43:01,816] {dagbag.py:508} INFO - Filling up the DagBag from /home/airflow/.local/lib/python3.7/site-packages/airflow/example_dags/example_branch_operator.py
[2022-07-17 19:43:01,829] {processor.py:651} INFO - DAG(s) dict_keys(['example_branch_operator']) retrieved from /home/airflow/.local/lib/python3.7/site-packages/airflow/example_dags/example_branch_operator.py
[2022-07-17 19:43:01,858] {logging_mixin.py:115} INFO - [2022-07-17 19:43:01,858] {dag.py:2420} INFO - Sync 1 DAGs
[2022-07-17 19:43:01,885] {logging_mixin.py:115} INFO - [2022-07-17 19:43:01,885] {dag.py:2972} INFO - Setting next_dagrun for example_branch_operator to 2022-07-16T00:00:00+00:00, run_after=2022-07-17T00:00:00+00:00
[2022-07-17 19:43:01,898] {processor.py:161} INFO - Processing /home/airflow/.local/lib/python3.7/site-packages/airflow/example_dags/example_branch_operator.py took 0.086 seconds
[2022-07-17 19:43:32,202] {processor.py:153} INFO - Started process (PID=855) to work on /home/airflow/.local/lib/python3.7/site-packages/airflow/example_dags/example_branch_operator.py
[2022-07-17 19:43:32,203] {processor.py:641} INFO - Processing file /home/airflow/.local/lib/python3.7/site-packages/airflow/example_dags/example_branch_operator.py for tasks to queue
[2022-07-17 19:43:32,203] {logging_mixin.py:115} INFO - [2022-07-17 19:43:32,203] {dagbag.py:508} INFO - Filling up the DagBag from /home/airflow/.local/lib/python3.7/site-packages/airflow/example_dags/example_branch_operator.py
[2022-07-17 19:43:32,215] {processor.py:651} INFO - DAG(s) dict_keys(['example_branch_operator']) retrieved from /home/airflow/.local/lib/python3.7/site-packages/airflow/example_dags/example_branch_operator.py
[2022-07-17 19:43:32,246] {logging_mixin.py:115} INFO - [2022-07-17 19:43:32,246] {dag.py:2420} INFO - Sync 1 DAGs
[2022-07-17 19:43:32,283] {logging_mixin.py:115} INFO - [2022-07-17 19:43:32,283] {dag.py:2972} INFO - Setting next_dagrun for example_branch_operator to 2022-07-16T00:00:00+00:00, run_after=2022-07-17T00:00:00+00:00
[2022-07-17 19:43:32,298] {processor.py:161} INFO - Processing /home/airflow/.local/lib/python3.7/site-packages/airflow/example_dags/example_branch_operator.py took 0.099 seconds
[2022-07-17 19:44:02,627] {processor.py:153} INFO - Started process (PID=910) to work on /home/airflow/.local/lib/python3.7/site-packages/airflow/example_dags/example_branch_operator.py
[2022-07-17 19:44:02,628] {processor.py:641} INFO - Processing file /home/airflow/.local/lib/python3.7/site-packages/airflow/example_dags/example_branch_operator.py for tasks to queue
[2022-07-17 19:44:02,628] {logging_mixin.py:115} INFO - [2022-07-17 19:44:02,628] {dagbag.py:508} INFO - Filling up the DagBag from /home/airflow/.local/lib/python3.7/site-packages/airflow/example_dags/example_branch_operator.py
[2022-07-17 19:44:02,640] {processor.py:651} INFO - DAG(s) dict_keys(['example_branch_operator']) retrieved from /home/airflow/.local/lib/python3.7/site-packages/airflow/example_dags/example_branch_operator.py
[2022-07-17 19:44:02,675] {logging_mixin.py:115} INFO - [2022-07-17 19:44:02,675] {dag.py:2420} INFO - Sync 1 DAGs
[2022-07-17 19:44:02,706] {logging_mixin.py:115} INFO - [2022-07-17 19:44:02,705] {dag.py:2972} INFO - Setting next_dagrun for example_branch_operator to 2022-07-16T00:00:00+00:00, run_after=2022-07-17T00:00:00+00:00
[2022-07-17 19:44:02,718] {processor.py:161} INFO - Processing /home/airflow/.local/lib/python3.7/site-packages/airflow/example_dags/example_branch_operator.py took 0.094 seconds
[2022-07-17 19:44:33,500] {processor.py:153} INFO - Started process (PID=974) to work on /home/airflow/.local/lib/python3.7/site-packages/airflow/example_dags/example_branch_operator.py
[2022-07-17 19:44:33,501] {processor.py:641} INFO - Processing file /home/airflow/.local/lib/python3.7/site-packages/airflow/example_dags/example_branch_operator.py for tasks to queue
[2022-07-17 19:44:33,501] {logging_mixin.py:115} INFO - [2022-07-17 19:44:33,501] {dagbag.py:508} INFO - Filling up the DagBag from /home/airflow/.local/lib/python3.7/site-packages/airflow/example_dags/example_branch_operator.py
[2022-07-17 19:44:33,514] {processor.py:651} INFO - DAG(s) dict_keys(['example_branch_operator']) retrieved from /home/airflow/.local/lib/python3.7/site-packages/airflow/example_dags/example_branch_operator.py
[2022-07-17 19:44:33,542] {logging_mixin.py:115} INFO - [2022-07-17 19:44:33,542] {dag.py:2420} INFO - Sync 1 DAGs
[2022-07-17 19:44:33,573] {logging_mixin.py:115} INFO - [2022-07-17 19:44:33,573] {dag.py:2972} INFO - Setting next_dagrun for example_branch_operator to 2022-07-16T00:00:00+00:00, run_after=2022-07-17T00:00:00+00:00
[2022-07-17 19:44:33,588] {processor.py:161} INFO - Processing /home/airflow/.local/lib/python3.7/site-packages/airflow/example_dags/example_branch_operator.py took 0.091 seconds
[2022-07-17 19:45:03,806] {processor.py:153} INFO - Started process (PID=1029) to work on /home/airflow/.local/lib/python3.7/site-packages/airflow/example_dags/example_branch_operator.py
[2022-07-17 19:45:03,807] {processor.py:641} INFO - Processing file /home/airflow/.local/lib/python3.7/site-packages/airflow/example_dags/example_branch_operator.py for tasks to queue
[2022-07-17 19:45:03,807] {logging_mixin.py:115} INFO - [2022-07-17 19:45:03,807] {dagbag.py:508} INFO - Filling up the DagBag from /home/airflow/.local/lib/python3.7/site-packages/airflow/example_dags/example_branch_operator.py
[2022-07-17 19:45:03,820] {processor.py:651} INFO - DAG(s) dict_keys(['example_branch_operator']) retrieved from /home/airflow/.local/lib/python3.7/site-packages/airflow/example_dags/example_branch_operator.py
[2022-07-17 19:45:03,847] {logging_mixin.py:115} INFO - [2022-07-17 19:45:03,847] {dag.py:2420} INFO - Sync 1 DAGs
[2022-07-17 19:45:03,873] {logging_mixin.py:115} INFO - [2022-07-17 19:45:03,873] {dag.py:2972} INFO - Setting next_dagrun for example_branch_operator to 2022-07-16T00:00:00+00:00, run_after=2022-07-17T00:00:00+00:00
[2022-07-17 19:45:03,886] {processor.py:161} INFO - Processing /home/airflow/.local/lib/python3.7/site-packages/airflow/example_dags/example_branch_operator.py took 0.083 seconds
[2022-07-17 19:45:34,707] {processor.py:153} INFO - Started process (PID=1093) to work on /home/airflow/.local/lib/python3.7/site-packages/airflow/example_dags/example_branch_operator.py
[2022-07-17 19:45:34,707] {processor.py:641} INFO - Processing file /home/airflow/.local/lib/python3.7/site-packages/airflow/example_dags/example_branch_operator.py for tasks to queue
[2022-07-17 19:45:34,708] {logging_mixin.py:115} INFO - [2022-07-17 19:45:34,708] {dagbag.py:508} INFO - Filling up the DagBag from /home/airflow/.local/lib/python3.7/site-packages/airflow/example_dags/example_branch_operator.py
[2022-07-17 19:45:34,722] {processor.py:651} INFO - DAG(s) dict_keys(['example_branch_operator']) retrieved from /home/airflow/.local/lib/python3.7/site-packages/airflow/example_dags/example_branch_operator.py
[2022-07-17 19:45:34,752] {logging_mixin.py:115} INFO - [2022-07-17 19:45:34,752] {dag.py:2420} INFO - Sync 1 DAGs
[2022-07-17 19:45:34,788] {logging_mixin.py:115} INFO - [2022-07-17 19:45:34,788] {dag.py:2972} INFO - Setting next_dagrun for example_branch_operator to 2022-07-16T00:00:00+00:00, run_after=2022-07-17T00:00:00+00:00
[2022-07-17 19:45:34,813] {processor.py:161} INFO - Processing /home/airflow/.local/lib/python3.7/site-packages/airflow/example_dags/example_branch_operator.py took 0.110 seconds
[2022-07-17 19:46:05,242] {processor.py:153} INFO - Started process (PID=1156) to work on /home/airflow/.local/lib/python3.7/site-packages/airflow/example_dags/example_branch_operator.py
[2022-07-17 19:46:05,243] {processor.py:641} INFO - Processing file /home/airflow/.local/lib/python3.7/site-packages/airflow/example_dags/example_branch_operator.py for tasks to queue
[2022-07-17 19:46:05,243] {logging_mixin.py:115} INFO - [2022-07-17 19:46:05,243] {dagbag.py:508} INFO - Filling up the DagBag from /home/airflow/.local/lib/python3.7/site-packages/airflow/example_dags/example_branch_operator.py
[2022-07-17 19:46:05,258] {processor.py:651} INFO - DAG(s) dict_keys(['example_branch_operator']) retrieved from /home/airflow/.local/lib/python3.7/site-packages/airflow/example_dags/example_branch_operator.py
[2022-07-17 19:46:05,299] {logging_mixin.py:115} INFO - [2022-07-17 19:46:05,299] {dag.py:2420} INFO - Sync 1 DAGs
[2022-07-17 19:46:05,344] {logging_mixin.py:115} INFO - [2022-07-17 19:46:05,344] {dag.py:2972} INFO - Setting next_dagrun for example_branch_operator to 2022-07-16T00:00:00+00:00, run_after=2022-07-17T00:00:00+00:00
[2022-07-17 19:46:05,363] {processor.py:161} INFO - Processing /home/airflow/.local/lib/python3.7/site-packages/airflow/example_dags/example_branch_operator.py took 0.125 seconds
[2022-07-17 19:46:35,495] {processor.py:153} INFO - Started process (PID=1211) to work on /home/airflow/.local/lib/python3.7/site-packages/airflow/example_dags/example_branch_operator.py
[2022-07-17 19:46:35,495] {processor.py:641} INFO - Processing file /home/airflow/.local/lib/python3.7/site-packages/airflow/example_dags/example_branch_operator.py for tasks to queue
[2022-07-17 19:46:35,496] {logging_mixin.py:115} INFO - [2022-07-17 19:46:35,495] {dagbag.py:508} INFO - Filling up the DagBag from /home/airflow/.local/lib/python3.7/site-packages/airflow/example_dags/example_branch_operator.py
[2022-07-17 19:46:35,511] {processor.py:651} INFO - DAG(s) dict_keys(['example_branch_operator']) retrieved from /home/airflow/.local/lib/python3.7/site-packages/airflow/example_dags/example_branch_operator.py
[2022-07-17 19:46:35,540] {logging_mixin.py:115} INFO - [2022-07-17 19:46:35,540] {dag.py:2420} INFO - Sync 1 DAGs
[2022-07-17 19:46:35,571] {logging_mixin.py:115} INFO - [2022-07-17 19:46:35,570] {dag.py:2972} INFO - Setting next_dagrun for example_branch_operator to 2022-07-16T00:00:00+00:00, run_after=2022-07-17T00:00:00+00:00
[2022-07-17 19:46:35,586] {processor.py:161} INFO - Processing /home/airflow/.local/lib/python3.7/site-packages/airflow/example_dags/example_branch_operator.py took 0.095 seconds
[2022-07-17 19:47:05,723] {processor.py:153} INFO - Started process (PID=1276) to work on /home/airflow/.local/lib/python3.7/site-packages/airflow/example_dags/example_branch_operator.py
[2022-07-17 19:47:05,724] {processor.py:641} INFO - Processing file /home/airflow/.local/lib/python3.7/site-packages/airflow/example_dags/example_branch_operator.py for tasks to queue
[2022-07-17 19:47:05,724] {logging_mixin.py:115} INFO - [2022-07-17 19:47:05,724] {dagbag.py:508} INFO - Filling up the DagBag from /home/airflow/.local/lib/python3.7/site-packages/airflow/example_dags/example_branch_operator.py
[2022-07-17 19:47:05,736] {processor.py:651} INFO - DAG(s) dict_keys(['example_branch_operator']) retrieved from /home/airflow/.local/lib/python3.7/site-packages/airflow/example_dags/example_branch_operator.py
[2022-07-17 19:47:05,766] {logging_mixin.py:115} INFO - [2022-07-17 19:47:05,765] {dag.py:2420} INFO - Sync 1 DAGs
[2022-07-17 19:47:05,795] {logging_mixin.py:115} INFO - [2022-07-17 19:47:05,795] {dag.py:2972} INFO - Setting next_dagrun for example_branch_operator to 2022-07-16T00:00:00+00:00, run_after=2022-07-17T00:00:00+00:00
[2022-07-17 19:47:05,808] {processor.py:161} INFO - Processing /home/airflow/.local/lib/python3.7/site-packages/airflow/example_dags/example_branch_operator.py took 0.088 seconds
[2022-07-17 19:47:35,994] {processor.py:153} INFO - Started process (PID=1331) to work on /home/airflow/.local/lib/python3.7/site-packages/airflow/example_dags/example_branch_operator.py
[2022-07-17 19:47:35,995] {processor.py:641} INFO - Processing file /home/airflow/.local/lib/python3.7/site-packages/airflow/example_dags/example_branch_operator.py for tasks to queue
[2022-07-17 19:47:35,995] {logging_mixin.py:115} INFO - [2022-07-17 19:47:35,995] {dagbag.py:508} INFO - Filling up the DagBag from /home/airflow/.local/lib/python3.7/site-packages/airflow/example_dags/example_branch_operator.py
[2022-07-17 19:47:36,008] {processor.py:651} INFO - DAG(s) dict_keys(['example_branch_operator']) retrieved from /home/airflow/.local/lib/python3.7/site-packages/airflow/example_dags/example_branch_operator.py
[2022-07-17 19:47:36,036] {logging_mixin.py:115} INFO - [2022-07-17 19:47:36,036] {dag.py:2420} INFO - Sync 1 DAGs
[2022-07-17 19:47:36,066] {logging_mixin.py:115} INFO - [2022-07-17 19:47:36,066] {dag.py:2972} INFO - Setting next_dagrun for example_branch_operator to 2022-07-16T00:00:00+00:00, run_after=2022-07-17T00:00:00+00:00
[2022-07-17 19:47:36,078] {processor.py:161} INFO - Processing /home/airflow/.local/lib/python3.7/site-packages/airflow/example_dags/example_branch_operator.py took 0.087 seconds
[2022-07-17 19:48:06,393] {processor.py:153} INFO - Started process (PID=1398) to work on /home/airflow/.local/lib/python3.7/site-packages/airflow/example_dags/example_branch_operator.py
[2022-07-17 19:48:06,393] {processor.py:641} INFO - Processing file /home/airflow/.local/lib/python3.7/site-packages/airflow/example_dags/example_branch_operator.py for tasks to queue
[2022-07-17 19:48:06,394] {logging_mixin.py:115} INFO - [2022-07-17 19:48:06,394] {dagbag.py:508} INFO - Filling up the DagBag from /home/airflow/.local/lib/python3.7/site-packages/airflow/example_dags/example_branch_operator.py
[2022-07-17 19:48:06,407] {processor.py:651} INFO - DAG(s) dict_keys(['example_branch_operator']) retrieved from /home/airflow/.local/lib/python3.7/site-packages/airflow/example_dags/example_branch_operator.py
[2022-07-17 19:48:06,437] {logging_mixin.py:115} INFO - [2022-07-17 19:48:06,437] {dag.py:2420} INFO - Sync 1 DAGs
[2022-07-17 19:48:06,463] {logging_mixin.py:115} INFO - [2022-07-17 19:48:06,463] {dag.py:2972} INFO - Setting next_dagrun for example_branch_operator to 2022-07-16T00:00:00+00:00, run_after=2022-07-17T00:00:00+00:00
[2022-07-17 19:48:06,475] {processor.py:161} INFO - Processing /home/airflow/.local/lib/python3.7/site-packages/airflow/example_dags/example_branch_operator.py took 0.085 seconds
[2022-07-17 19:48:36,690] {processor.py:153} INFO - Started process (PID=1453) to work on /home/airflow/.local/lib/python3.7/site-packages/airflow/example_dags/example_branch_operator.py
[2022-07-17 19:48:36,691] {processor.py:641} INFO - Processing file /home/airflow/.local/lib/python3.7/site-packages/airflow/example_dags/example_branch_operator.py for tasks to queue
[2022-07-17 19:48:36,693] {logging_mixin.py:115} INFO - [2022-07-17 19:48:36,692] {dagbag.py:508} INFO - Filling up the DagBag from /home/airflow/.local/lib/python3.7/site-packages/airflow/example_dags/example_branch_operator.py
[2022-07-17 19:48:36,708] {processor.py:651} INFO - DAG(s) dict_keys(['example_branch_operator']) retrieved from /home/airflow/.local/lib/python3.7/site-packages/airflow/example_dags/example_branch_operator.py
[2022-07-17 19:48:36,748] {logging_mixin.py:115} INFO - [2022-07-17 19:48:36,747] {dag.py:2420} INFO - Sync 1 DAGs
[2022-07-17 19:48:36,791] {logging_mixin.py:115} INFO - [2022-07-17 19:48:36,791] {dag.py:2972} INFO - Setting next_dagrun for example_branch_operator to 2022-07-16T00:00:00+00:00, run_after=2022-07-17T00:00:00+00:00
[2022-07-17 19:48:36,808] {processor.py:161} INFO - Processing /home/airflow/.local/lib/python3.7/site-packages/airflow/example_dags/example_branch_operator.py took 0.121 seconds
[2022-07-17 19:49:07,231] {processor.py:153} INFO - Started process (PID=1518) to work on /home/airflow/.local/lib/python3.7/site-packages/airflow/example_dags/example_branch_operator.py
[2022-07-17 19:49:07,232] {processor.py:641} INFO - Processing file /home/airflow/.local/lib/python3.7/site-packages/airflow/example_dags/example_branch_operator.py for tasks to queue
[2022-07-17 19:49:07,232] {logging_mixin.py:115} INFO - [2022-07-17 19:49:07,232] {dagbag.py:508} INFO - Filling up the DagBag from /home/airflow/.local/lib/python3.7/site-packages/airflow/example_dags/example_branch_operator.py
[2022-07-17 19:49:07,246] {processor.py:651} INFO - DAG(s) dict_keys(['example_branch_operator']) retrieved from /home/airflow/.local/lib/python3.7/site-packages/airflow/example_dags/example_branch_operator.py
[2022-07-17 19:49:07,278] {logging_mixin.py:115} INFO - [2022-07-17 19:49:07,278] {dag.py:2420} INFO - Sync 1 DAGs
[2022-07-17 19:49:07,306] {logging_mixin.py:115} INFO - [2022-07-17 19:49:07,305] {dag.py:2972} INFO - Setting next_dagrun for example_branch_operator to 2022-07-16T00:00:00+00:00, run_after=2022-07-17T00:00:00+00:00
[2022-07-17 19:49:07,319] {processor.py:161} INFO - Processing /home/airflow/.local/lib/python3.7/site-packages/airflow/example_dags/example_branch_operator.py took 0.091 seconds
[2022-07-17 19:49:37,683] {processor.py:153} INFO - Started process (PID=1582) to work on /home/airflow/.local/lib/python3.7/site-packages/airflow/example_dags/example_branch_operator.py
[2022-07-17 19:49:37,683] {processor.py:641} INFO - Processing file /home/airflow/.local/lib/python3.7/site-packages/airflow/example_dags/example_branch_operator.py for tasks to queue
[2022-07-17 19:49:37,684] {logging_mixin.py:115} INFO - [2022-07-17 19:49:37,684] {dagbag.py:508} INFO - Filling up the DagBag from /home/airflow/.local/lib/python3.7/site-packages/airflow/example_dags/example_branch_operator.py
[2022-07-17 19:49:37,696] {processor.py:651} INFO - DAG(s) dict_keys(['example_branch_operator']) retrieved from /home/airflow/.local/lib/python3.7/site-packages/airflow/example_dags/example_branch_operator.py
[2022-07-17 19:49:37,730] {logging_mixin.py:115} INFO - [2022-07-17 19:49:37,730] {dag.py:2420} INFO - Sync 1 DAGs
[2022-07-17 19:49:37,758] {logging_mixin.py:115} INFO - [2022-07-17 19:49:37,758] {dag.py:2972} INFO - Setting next_dagrun for example_branch_operator to 2022-07-16T00:00:00+00:00, run_after=2022-07-17T00:00:00+00:00
[2022-07-17 19:49:37,772] {processor.py:161} INFO - Processing /home/airflow/.local/lib/python3.7/site-packages/airflow/example_dags/example_branch_operator.py took 0.092 seconds
[2022-07-17 19:50:07,993] {processor.py:153} INFO - Started process (PID=1637) to work on /home/airflow/.local/lib/python3.7/site-packages/airflow/example_dags/example_branch_operator.py
[2022-07-17 19:50:07,994] {processor.py:641} INFO - Processing file /home/airflow/.local/lib/python3.7/site-packages/airflow/example_dags/example_branch_operator.py for tasks to queue
[2022-07-17 19:50:07,994] {logging_mixin.py:115} INFO - [2022-07-17 19:50:07,994] {dagbag.py:508} INFO - Filling up the DagBag from /home/airflow/.local/lib/python3.7/site-packages/airflow/example_dags/example_branch_operator.py
[2022-07-17 19:50:08,007] {processor.py:651} INFO - DAG(s) dict_keys(['example_branch_operator']) retrieved from /home/airflow/.local/lib/python3.7/site-packages/airflow/example_dags/example_branch_operator.py
[2022-07-17 19:50:08,038] {logging_mixin.py:115} INFO - [2022-07-17 19:50:08,038] {dag.py:2420} INFO - Sync 1 DAGs
[2022-07-17 19:50:08,067] {logging_mixin.py:115} INFO - [2022-07-17 19:50:08,067] {dag.py:2972} INFO - Setting next_dagrun for example_branch_operator to 2022-07-16T00:00:00+00:00, run_after=2022-07-17T00:00:00+00:00
[2022-07-17 19:50:08,081] {processor.py:161} INFO - Processing /home/airflow/.local/lib/python3.7/site-packages/airflow/example_dags/example_branch_operator.py took 0.091 seconds
[2022-07-17 19:50:38,258] {processor.py:153} INFO - Started process (PID=1702) to work on /home/airflow/.local/lib/python3.7/site-packages/airflow/example_dags/example_branch_operator.py
[2022-07-17 19:50:38,259] {processor.py:641} INFO - Processing file /home/airflow/.local/lib/python3.7/site-packages/airflow/example_dags/example_branch_operator.py for tasks to queue
[2022-07-17 19:50:38,260] {logging_mixin.py:115} INFO - [2022-07-17 19:50:38,260] {dagbag.py:508} INFO - Filling up the DagBag from /home/airflow/.local/lib/python3.7/site-packages/airflow/example_dags/example_branch_operator.py
[2022-07-17 19:50:38,281] {processor.py:651} INFO - DAG(s) dict_keys(['example_branch_operator']) retrieved from /home/airflow/.local/lib/python3.7/site-packages/airflow/example_dags/example_branch_operator.py
[2022-07-17 19:50:38,319] {logging_mixin.py:115} INFO - [2022-07-17 19:50:38,319] {dag.py:2420} INFO - Sync 1 DAGs
[2022-07-17 19:50:38,351] {logging_mixin.py:115} INFO - [2022-07-17 19:50:38,351] {dag.py:2972} INFO - Setting next_dagrun for example_branch_operator to 2022-07-16T00:00:00+00:00, run_after=2022-07-17T00:00:00+00:00
[2022-07-17 19:50:38,365] {processor.py:161} INFO - Processing /home/airflow/.local/lib/python3.7/site-packages/airflow/example_dags/example_branch_operator.py took 0.113 seconds
[2022-07-17 19:51:08,571] {processor.py:153} INFO - Started process (PID=1759) to work on /home/airflow/.local/lib/python3.7/site-packages/airflow/example_dags/example_branch_operator.py
[2022-07-17 19:51:08,572] {processor.py:641} INFO - Processing file /home/airflow/.local/lib/python3.7/site-packages/airflow/example_dags/example_branch_operator.py for tasks to queue
[2022-07-17 19:51:08,572] {logging_mixin.py:115} INFO - [2022-07-17 19:51:08,572] {dagbag.py:508} INFO - Filling up the DagBag from /home/airflow/.local/lib/python3.7/site-packages/airflow/example_dags/example_branch_operator.py
[2022-07-17 19:51:08,584] {processor.py:651} INFO - DAG(s) dict_keys(['example_branch_operator']) retrieved from /home/airflow/.local/lib/python3.7/site-packages/airflow/example_dags/example_branch_operator.py
[2022-07-17 19:51:08,614] {logging_mixin.py:115} INFO - [2022-07-17 19:51:08,614] {dag.py:2420} INFO - Sync 1 DAGs
[2022-07-17 19:51:08,646] {logging_mixin.py:115} INFO - [2022-07-17 19:51:08,646] {dag.py:2972} INFO - Setting next_dagrun for example_branch_operator to 2022-07-16T00:00:00+00:00, run_after=2022-07-17T00:00:00+00:00
[2022-07-17 19:51:08,659] {processor.py:161} INFO - Processing /home/airflow/.local/lib/python3.7/site-packages/airflow/example_dags/example_branch_operator.py took 0.091 seconds
[2022-07-17 19:51:38,756] {processor.py:153} INFO - Started process (PID=1823) to work on /home/airflow/.local/lib/python3.7/site-packages/airflow/example_dags/example_branch_operator.py
[2022-07-17 19:51:38,757] {processor.py:641} INFO - Processing file /home/airflow/.local/lib/python3.7/site-packages/airflow/example_dags/example_branch_operator.py for tasks to queue
[2022-07-17 19:51:38,757] {logging_mixin.py:115} INFO - [2022-07-17 19:51:38,757] {dagbag.py:508} INFO - Filling up the DagBag from /home/airflow/.local/lib/python3.7/site-packages/airflow/example_dags/example_branch_operator.py
[2022-07-17 19:51:38,770] {processor.py:651} INFO - DAG(s) dict_keys(['example_branch_operator']) retrieved from /home/airflow/.local/lib/python3.7/site-packages/airflow/example_dags/example_branch_operator.py
[2022-07-17 19:51:38,806] {logging_mixin.py:115} INFO - [2022-07-17 19:51:38,806] {dag.py:2420} INFO - Sync 1 DAGs
[2022-07-17 19:51:38,843] {logging_mixin.py:115} INFO - [2022-07-17 19:51:38,842] {dag.py:2972} INFO - Setting next_dagrun for example_branch_operator to 2022-07-16T00:00:00+00:00, run_after=2022-07-17T00:00:00+00:00
[2022-07-17 19:51:38,858] {processor.py:161} INFO - Processing /home/airflow/.local/lib/python3.7/site-packages/airflow/example_dags/example_branch_operator.py took 0.105 seconds
[2022-07-17 19:52:09,341] {processor.py:153} INFO - Started process (PID=1878) to work on /home/airflow/.local/lib/python3.7/site-packages/airflow/example_dags/example_branch_operator.py
[2022-07-17 19:52:09,342] {processor.py:641} INFO - Processing file /home/airflow/.local/lib/python3.7/site-packages/airflow/example_dags/example_branch_operator.py for tasks to queue
[2022-07-17 19:52:09,343] {logging_mixin.py:115} INFO - [2022-07-17 19:52:09,342] {dagbag.py:508} INFO - Filling up the DagBag from /home/airflow/.local/lib/python3.7/site-packages/airflow/example_dags/example_branch_operator.py
[2022-07-17 19:52:09,355] {processor.py:651} INFO - DAG(s) dict_keys(['example_branch_operator']) retrieved from /home/airflow/.local/lib/python3.7/site-packages/airflow/example_dags/example_branch_operator.py
[2022-07-17 19:52:09,381] {logging_mixin.py:115} INFO - [2022-07-17 19:52:09,381] {dag.py:2420} INFO - Sync 1 DAGs
[2022-07-17 19:52:09,416] {logging_mixin.py:115} INFO - [2022-07-17 19:52:09,416] {dag.py:2972} INFO - Setting next_dagrun for example_branch_operator to 2022-07-16T00:00:00+00:00, run_after=2022-07-17T00:00:00+00:00
[2022-07-17 19:52:09,432] {processor.py:161} INFO - Processing /home/airflow/.local/lib/python3.7/site-packages/airflow/example_dags/example_branch_operator.py took 0.094 seconds
[2022-07-17 19:52:39,501] {processor.py:153} INFO - Started process (PID=1942) to work on /home/airflow/.local/lib/python3.7/site-packages/airflow/example_dags/example_branch_operator.py
[2022-07-17 19:52:39,502] {processor.py:641} INFO - Processing file /home/airflow/.local/lib/python3.7/site-packages/airflow/example_dags/example_branch_operator.py for tasks to queue
[2022-07-17 19:52:39,503] {logging_mixin.py:115} INFO - [2022-07-17 19:52:39,502] {dagbag.py:508} INFO - Filling up the DagBag from /home/airflow/.local/lib/python3.7/site-packages/airflow/example_dags/example_branch_operator.py
[2022-07-17 19:52:39,521] {processor.py:651} INFO - DAG(s) dict_keys(['example_branch_operator']) retrieved from /home/airflow/.local/lib/python3.7/site-packages/airflow/example_dags/example_branch_operator.py
[2022-07-17 19:52:39,555] {logging_mixin.py:115} INFO - [2022-07-17 19:52:39,555] {dag.py:2420} INFO - Sync 1 DAGs
[2022-07-17 19:52:39,590] {logging_mixin.py:115} INFO - [2022-07-17 19:52:39,589] {dag.py:2972} INFO - Setting next_dagrun for example_branch_operator to 2022-07-16T00:00:00+00:00, run_after=2022-07-17T00:00:00+00:00
[2022-07-17 19:52:39,609] {processor.py:161} INFO - Processing /home/airflow/.local/lib/python3.7/site-packages/airflow/example_dags/example_branch_operator.py took 0.112 seconds
[2022-07-17 19:53:09,737] {processor.py:153} INFO - Started process (PID=1996) to work on /home/airflow/.local/lib/python3.7/site-packages/airflow/example_dags/example_branch_operator.py
[2022-07-17 19:53:09,737] {processor.py:641} INFO - Processing file /home/airflow/.local/lib/python3.7/site-packages/airflow/example_dags/example_branch_operator.py for tasks to queue
[2022-07-17 19:53:09,738] {logging_mixin.py:115} INFO - [2022-07-17 19:53:09,738] {dagbag.py:508} INFO - Filling up the DagBag from /home/airflow/.local/lib/python3.7/site-packages/airflow/example_dags/example_branch_operator.py
[2022-07-17 19:53:09,750] {processor.py:651} INFO - DAG(s) dict_keys(['example_branch_operator']) retrieved from /home/airflow/.local/lib/python3.7/site-packages/airflow/example_dags/example_branch_operator.py
[2022-07-17 19:53:09,778] {logging_mixin.py:115} INFO - [2022-07-17 19:53:09,778] {dag.py:2420} INFO - Sync 1 DAGs
[2022-07-17 19:53:09,805] {logging_mixin.py:115} INFO - [2022-07-17 19:53:09,805] {dag.py:2972} INFO - Setting next_dagrun for example_branch_operator to 2022-07-16T00:00:00+00:00, run_after=2022-07-17T00:00:00+00:00
[2022-07-17 19:53:09,818] {processor.py:161} INFO - Processing /home/airflow/.local/lib/python3.7/site-packages/airflow/example_dags/example_branch_operator.py took 0.084 seconds
[2022-07-17 19:53:40,128] {processor.py:153} INFO - Started process (PID=2059) to work on /home/airflow/.local/lib/python3.7/site-packages/airflow/example_dags/example_branch_operator.py
[2022-07-17 19:53:40,128] {processor.py:641} INFO - Processing file /home/airflow/.local/lib/python3.7/site-packages/airflow/example_dags/example_branch_operator.py for tasks to queue
[2022-07-17 19:53:40,129] {logging_mixin.py:115} INFO - [2022-07-17 19:53:40,129] {dagbag.py:508} INFO - Filling up the DagBag from /home/airflow/.local/lib/python3.7/site-packages/airflow/example_dags/example_branch_operator.py
[2022-07-17 19:53:40,142] {processor.py:651} INFO - DAG(s) dict_keys(['example_branch_operator']) retrieved from /home/airflow/.local/lib/python3.7/site-packages/airflow/example_dags/example_branch_operator.py
[2022-07-17 19:53:40,174] {logging_mixin.py:115} INFO - [2022-07-17 19:53:40,174] {dag.py:2420} INFO - Sync 1 DAGs
[2022-07-17 19:53:40,202] {logging_mixin.py:115} INFO - [2022-07-17 19:53:40,201] {dag.py:2972} INFO - Setting next_dagrun for example_branch_operator to 2022-07-16T00:00:00+00:00, run_after=2022-07-17T00:00:00+00:00
[2022-07-17 19:53:40,214] {processor.py:161} INFO - Processing /home/airflow/.local/lib/python3.7/site-packages/airflow/example_dags/example_branch_operator.py took 0.090 seconds
[2022-07-17 19:54:10,383] {processor.py:153} INFO - Started process (PID=2124) to work on /home/airflow/.local/lib/python3.7/site-packages/airflow/example_dags/example_branch_operator.py
[2022-07-17 19:54:10,384] {processor.py:641} INFO - Processing file /home/airflow/.local/lib/python3.7/site-packages/airflow/example_dags/example_branch_operator.py for tasks to queue
[2022-07-17 19:54:10,385] {logging_mixin.py:115} INFO - [2022-07-17 19:54:10,385] {dagbag.py:508} INFO - Filling up the DagBag from /home/airflow/.local/lib/python3.7/site-packages/airflow/example_dags/example_branch_operator.py
[2022-07-17 19:54:10,398] {processor.py:651} INFO - DAG(s) dict_keys(['example_branch_operator']) retrieved from /home/airflow/.local/lib/python3.7/site-packages/airflow/example_dags/example_branch_operator.py
[2022-07-17 19:54:10,430] {logging_mixin.py:115} INFO - [2022-07-17 19:54:10,430] {dag.py:2420} INFO - Sync 1 DAGs
[2022-07-17 19:54:10,465] {logging_mixin.py:115} INFO - [2022-07-17 19:54:10,465] {dag.py:2972} INFO - Setting next_dagrun for example_branch_operator to 2022-07-16T00:00:00+00:00, run_after=2022-07-17T00:00:00+00:00
[2022-07-17 19:54:10,482] {processor.py:161} INFO - Processing /home/airflow/.local/lib/python3.7/site-packages/airflow/example_dags/example_branch_operator.py took 0.102 seconds
[2022-07-17 19:54:40,597] {processor.py:153} INFO - Started process (PID=2179) to work on /home/airflow/.local/lib/python3.7/site-packages/airflow/example_dags/example_branch_operator.py
[2022-07-17 19:54:40,598] {processor.py:641} INFO - Processing file /home/airflow/.local/lib/python3.7/site-packages/airflow/example_dags/example_branch_operator.py for tasks to queue
[2022-07-17 19:54:40,598] {logging_mixin.py:115} INFO - [2022-07-17 19:54:40,598] {dagbag.py:508} INFO - Filling up the DagBag from /home/airflow/.local/lib/python3.7/site-packages/airflow/example_dags/example_branch_operator.py
[2022-07-17 19:54:40,611] {processor.py:651} INFO - DAG(s) dict_keys(['example_branch_operator']) retrieved from /home/airflow/.local/lib/python3.7/site-packages/airflow/example_dags/example_branch_operator.py
[2022-07-17 19:54:40,641] {logging_mixin.py:115} INFO - [2022-07-17 19:54:40,641] {dag.py:2420} INFO - Sync 1 DAGs
[2022-07-17 19:54:40,669] {logging_mixin.py:115} INFO - [2022-07-17 19:54:40,669] {dag.py:2972} INFO - Setting next_dagrun for example_branch_operator to 2022-07-16T00:00:00+00:00, run_after=2022-07-17T00:00:00+00:00
[2022-07-17 19:54:40,682] {processor.py:161} INFO - Processing /home/airflow/.local/lib/python3.7/site-packages/airflow/example_dags/example_branch_operator.py took 0.088 seconds
[2022-07-17 19:55:10,785] {processor.py:153} INFO - Started process (PID=2243) to work on /home/airflow/.local/lib/python3.7/site-packages/airflow/example_dags/example_branch_operator.py
[2022-07-17 19:55:10,785] {processor.py:641} INFO - Processing file /home/airflow/.local/lib/python3.7/site-packages/airflow/example_dags/example_branch_operator.py for tasks to queue
[2022-07-17 19:55:10,786] {logging_mixin.py:115} INFO - [2022-07-17 19:55:10,786] {dagbag.py:508} INFO - Filling up the DagBag from /home/airflow/.local/lib/python3.7/site-packages/airflow/example_dags/example_branch_operator.py
[2022-07-17 19:55:10,798] {processor.py:651} INFO - DAG(s) dict_keys(['example_branch_operator']) retrieved from /home/airflow/.local/lib/python3.7/site-packages/airflow/example_dags/example_branch_operator.py
[2022-07-17 19:55:10,827] {logging_mixin.py:115} INFO - [2022-07-17 19:55:10,826] {dag.py:2420} INFO - Sync 1 DAGs
[2022-07-17 19:55:10,853] {logging_mixin.py:115} INFO - [2022-07-17 19:55:10,853] {dag.py:2972} INFO - Setting next_dagrun for example_branch_operator to 2022-07-16T00:00:00+00:00, run_after=2022-07-17T00:00:00+00:00
[2022-07-17 19:55:10,866] {processor.py:161} INFO - Processing /home/airflow/.local/lib/python3.7/site-packages/airflow/example_dags/example_branch_operator.py took 0.084 seconds
[2022-07-17 19:55:41,308] {processor.py:153} INFO - Started process (PID=2300) to work on /home/airflow/.local/lib/python3.7/site-packages/airflow/example_dags/example_branch_operator.py
[2022-07-17 19:55:41,308] {processor.py:641} INFO - Processing file /home/airflow/.local/lib/python3.7/site-packages/airflow/example_dags/example_branch_operator.py for tasks to queue
[2022-07-17 19:55:41,309] {logging_mixin.py:115} INFO - [2022-07-17 19:55:41,309] {dagbag.py:508} INFO - Filling up the DagBag from /home/airflow/.local/lib/python3.7/site-packages/airflow/example_dags/example_branch_operator.py
[2022-07-17 19:55:41,321] {processor.py:651} INFO - DAG(s) dict_keys(['example_branch_operator']) retrieved from /home/airflow/.local/lib/python3.7/site-packages/airflow/example_dags/example_branch_operator.py
[2022-07-17 19:55:41,350] {logging_mixin.py:115} INFO - [2022-07-17 19:55:41,350] {dag.py:2420} INFO - Sync 1 DAGs
[2022-07-17 19:55:41,378] {logging_mixin.py:115} INFO - [2022-07-17 19:55:41,378] {dag.py:2972} INFO - Setting next_dagrun for example_branch_operator to 2022-07-16T00:00:00+00:00, run_after=2022-07-17T00:00:00+00:00
[2022-07-17 19:55:41,391] {processor.py:161} INFO - Processing /home/airflow/.local/lib/python3.7/site-packages/airflow/example_dags/example_branch_operator.py took 0.087 seconds
[2022-07-17 19:56:11,977] {processor.py:153} INFO - Started process (PID=2366) to work on /home/airflow/.local/lib/python3.7/site-packages/airflow/example_dags/example_branch_operator.py
[2022-07-17 19:56:11,978] {processor.py:641} INFO - Processing file /home/airflow/.local/lib/python3.7/site-packages/airflow/example_dags/example_branch_operator.py for tasks to queue
[2022-07-17 19:56:11,978] {logging_mixin.py:115} INFO - [2022-07-17 19:56:11,978] {dagbag.py:508} INFO - Filling up the DagBag from /home/airflow/.local/lib/python3.7/site-packages/airflow/example_dags/example_branch_operator.py
[2022-07-17 19:56:11,991] {processor.py:651} INFO - DAG(s) dict_keys(['example_branch_operator']) retrieved from /home/airflow/.local/lib/python3.7/site-packages/airflow/example_dags/example_branch_operator.py
[2022-07-17 19:56:12,020] {logging_mixin.py:115} INFO - [2022-07-17 19:56:12,020] {dag.py:2420} INFO - Sync 1 DAGs
[2022-07-17 19:56:12,047] {logging_mixin.py:115} INFO - [2022-07-17 19:56:12,047] {dag.py:2972} INFO - Setting next_dagrun for example_branch_operator to 2022-07-16T00:00:00+00:00, run_after=2022-07-17T00:00:00+00:00
[2022-07-17 19:56:12,059] {processor.py:161} INFO - Processing /home/airflow/.local/lib/python3.7/site-packages/airflow/example_dags/example_branch_operator.py took 0.085 seconds
[2022-07-17 19:56:42,131] {processor.py:153} INFO - Started process (PID=2421) to work on /home/airflow/.local/lib/python3.7/site-packages/airflow/example_dags/example_branch_operator.py
[2022-07-17 19:56:42,131] {processor.py:641} INFO - Processing file /home/airflow/.local/lib/python3.7/site-packages/airflow/example_dags/example_branch_operator.py for tasks to queue
[2022-07-17 19:56:42,132] {logging_mixin.py:115} INFO - [2022-07-17 19:56:42,132] {dagbag.py:508} INFO - Filling up the DagBag from /home/airflow/.local/lib/python3.7/site-packages/airflow/example_dags/example_branch_operator.py
[2022-07-17 19:56:42,149] {processor.py:651} INFO - DAG(s) dict_keys(['example_branch_operator']) retrieved from /home/airflow/.local/lib/python3.7/site-packages/airflow/example_dags/example_branch_operator.py
[2022-07-17 19:56:42,180] {logging_mixin.py:115} INFO - [2022-07-17 19:56:42,180] {dag.py:2420} INFO - Sync 1 DAGs
[2022-07-17 19:56:42,210] {logging_mixin.py:115} INFO - [2022-07-17 19:56:42,209] {dag.py:2972} INFO - Setting next_dagrun for example_branch_operator to 2022-07-16T00:00:00+00:00, run_after=2022-07-17T00:00:00+00:00
[2022-07-17 19:56:42,226] {processor.py:161} INFO - Processing /home/airflow/.local/lib/python3.7/site-packages/airflow/example_dags/example_branch_operator.py took 0.099 seconds
[2022-07-17 19:57:12,317] {processor.py:153} INFO - Started process (PID=2485) to work on /home/airflow/.local/lib/python3.7/site-packages/airflow/example_dags/example_branch_operator.py
[2022-07-17 19:57:12,318] {processor.py:641} INFO - Processing file /home/airflow/.local/lib/python3.7/site-packages/airflow/example_dags/example_branch_operator.py for tasks to queue
[2022-07-17 19:57:12,318] {logging_mixin.py:115} INFO - [2022-07-17 19:57:12,318] {dagbag.py:508} INFO - Filling up the DagBag from /home/airflow/.local/lib/python3.7/site-packages/airflow/example_dags/example_branch_operator.py
[2022-07-17 19:57:12,331] {processor.py:651} INFO - DAG(s) dict_keys(['example_branch_operator']) retrieved from /home/airflow/.local/lib/python3.7/site-packages/airflow/example_dags/example_branch_operator.py
[2022-07-17 19:57:12,357] {logging_mixin.py:115} INFO - [2022-07-17 19:57:12,357] {dag.py:2420} INFO - Sync 1 DAGs
[2022-07-17 19:57:12,384] {logging_mixin.py:115} INFO - [2022-07-17 19:57:12,384] {dag.py:2972} INFO - Setting next_dagrun for example_branch_operator to 2022-07-16T00:00:00+00:00, run_after=2022-07-17T00:00:00+00:00
[2022-07-17 19:57:12,397] {processor.py:161} INFO - Processing /home/airflow/.local/lib/python3.7/site-packages/airflow/example_dags/example_branch_operator.py took 0.083 seconds
[2022-07-17 19:57:42,731] {processor.py:153} INFO - Started process (PID=2549) to work on /home/airflow/.local/lib/python3.7/site-packages/airflow/example_dags/example_branch_operator.py
[2022-07-17 19:57:42,731] {processor.py:641} INFO - Processing file /home/airflow/.local/lib/python3.7/site-packages/airflow/example_dags/example_branch_operator.py for tasks to queue
[2022-07-17 19:57:42,732] {logging_mixin.py:115} INFO - [2022-07-17 19:57:42,732] {dagbag.py:508} INFO - Filling up the DagBag from /home/airflow/.local/lib/python3.7/site-packages/airflow/example_dags/example_branch_operator.py
[2022-07-17 19:57:42,746] {processor.py:651} INFO - DAG(s) dict_keys(['example_branch_operator']) retrieved from /home/airflow/.local/lib/python3.7/site-packages/airflow/example_dags/example_branch_operator.py
[2022-07-17 19:57:42,785] {logging_mixin.py:115} INFO - [2022-07-17 19:57:42,785] {dag.py:2420} INFO - Sync 1 DAGs
[2022-07-17 19:57:42,822] {logging_mixin.py:115} INFO - [2022-07-17 19:57:42,822] {dag.py:2972} INFO - Setting next_dagrun for example_branch_operator to 2022-07-16T00:00:00+00:00, run_after=2022-07-17T00:00:00+00:00
[2022-07-17 19:57:42,839] {processor.py:161} INFO - Processing /home/airflow/.local/lib/python3.7/site-packages/airflow/example_dags/example_branch_operator.py took 0.112 seconds
[2022-07-17 19:58:12,932] {processor.py:153} INFO - Started process (PID=2604) to work on /home/airflow/.local/lib/python3.7/site-packages/airflow/example_dags/example_branch_operator.py
[2022-07-17 19:58:12,933] {processor.py:641} INFO - Processing file /home/airflow/.local/lib/python3.7/site-packages/airflow/example_dags/example_branch_operator.py for tasks to queue
[2022-07-17 19:58:12,933] {logging_mixin.py:115} INFO - [2022-07-17 19:58:12,933] {dagbag.py:508} INFO - Filling up the DagBag from /home/airflow/.local/lib/python3.7/site-packages/airflow/example_dags/example_branch_operator.py
[2022-07-17 19:58:12,946] {processor.py:651} INFO - DAG(s) dict_keys(['example_branch_operator']) retrieved from /home/airflow/.local/lib/python3.7/site-packages/airflow/example_dags/example_branch_operator.py
[2022-07-17 19:58:12,974] {logging_mixin.py:115} INFO - [2022-07-17 19:58:12,974] {dag.py:2420} INFO - Sync 1 DAGs
[2022-07-17 19:58:13,002] {logging_mixin.py:115} INFO - [2022-07-17 19:58:13,002] {dag.py:2972} INFO - Setting next_dagrun for example_branch_operator to 2022-07-16T00:00:00+00:00, run_after=2022-07-17T00:00:00+00:00
[2022-07-17 19:58:13,015] {processor.py:161} INFO - Processing /home/airflow/.local/lib/python3.7/site-packages/airflow/example_dags/example_branch_operator.py took 0.086 seconds
[2022-07-17 19:58:43,881] {processor.py:153} INFO - Started process (PID=2668) to work on /home/airflow/.local/lib/python3.7/site-packages/airflow/example_dags/example_branch_operator.py
[2022-07-17 19:58:43,881] {processor.py:641} INFO - Processing file /home/airflow/.local/lib/python3.7/site-packages/airflow/example_dags/example_branch_operator.py for tasks to queue
[2022-07-17 19:58:43,882] {logging_mixin.py:115} INFO - [2022-07-17 19:58:43,882] {dagbag.py:508} INFO - Filling up the DagBag from /home/airflow/.local/lib/python3.7/site-packages/airflow/example_dags/example_branch_operator.py
[2022-07-17 19:58:43,894] {processor.py:651} INFO - DAG(s) dict_keys(['example_branch_operator']) retrieved from /home/airflow/.local/lib/python3.7/site-packages/airflow/example_dags/example_branch_operator.py
[2022-07-17 19:58:43,922] {logging_mixin.py:115} INFO - [2022-07-17 19:58:43,922] {dag.py:2420} INFO - Sync 1 DAGs
[2022-07-17 19:58:43,947] {logging_mixin.py:115} INFO - [2022-07-17 19:58:43,947] {dag.py:2972} INFO - Setting next_dagrun for example_branch_operator to 2022-07-16T00:00:00+00:00, run_after=2022-07-17T00:00:00+00:00
[2022-07-17 19:58:43,961] {processor.py:161} INFO - Processing /home/airflow/.local/lib/python3.7/site-packages/airflow/example_dags/example_branch_operator.py took 0.083 seconds
[2022-07-17 19:59:14,452] {processor.py:153} INFO - Started process (PID=2723) to work on /home/airflow/.local/lib/python3.7/site-packages/airflow/example_dags/example_branch_operator.py
[2022-07-17 19:59:14,453] {processor.py:641} INFO - Processing file /home/airflow/.local/lib/python3.7/site-packages/airflow/example_dags/example_branch_operator.py for tasks to queue
[2022-07-17 19:59:14,453] {logging_mixin.py:115} INFO - [2022-07-17 19:59:14,453] {dagbag.py:508} INFO - Filling up the DagBag from /home/airflow/.local/lib/python3.7/site-packages/airflow/example_dags/example_branch_operator.py
[2022-07-17 19:59:14,467] {processor.py:651} INFO - DAG(s) dict_keys(['example_branch_operator']) retrieved from /home/airflow/.local/lib/python3.7/site-packages/airflow/example_dags/example_branch_operator.py
[2022-07-17 19:59:14,496] {logging_mixin.py:115} INFO - [2022-07-17 19:59:14,495] {dag.py:2420} INFO - Sync 1 DAGs
[2022-07-17 19:59:14,520] {logging_mixin.py:115} INFO - [2022-07-17 19:59:14,520] {dag.py:2972} INFO - Setting next_dagrun for example_branch_operator to 2022-07-16T00:00:00+00:00, run_after=2022-07-17T00:00:00+00:00
[2022-07-17 19:59:14,535] {processor.py:161} INFO - Processing /home/airflow/.local/lib/python3.7/site-packages/airflow/example_dags/example_branch_operator.py took 0.087 seconds
[2022-07-17 19:59:44,590] {processor.py:153} INFO - Started process (PID=2788) to work on /home/airflow/.local/lib/python3.7/site-packages/airflow/example_dags/example_branch_operator.py
[2022-07-17 19:59:44,590] {processor.py:641} INFO - Processing file /home/airflow/.local/lib/python3.7/site-packages/airflow/example_dags/example_branch_operator.py for tasks to queue
[2022-07-17 19:59:44,591] {logging_mixin.py:115} INFO - [2022-07-17 19:59:44,590] {dagbag.py:508} INFO - Filling up the DagBag from /home/airflow/.local/lib/python3.7/site-packages/airflow/example_dags/example_branch_operator.py
[2022-07-17 19:59:44,604] {processor.py:651} INFO - DAG(s) dict_keys(['example_branch_operator']) retrieved from /home/airflow/.local/lib/python3.7/site-packages/airflow/example_dags/example_branch_operator.py
[2022-07-17 19:59:44,639] {logging_mixin.py:115} INFO - [2022-07-17 19:59:44,639] {dag.py:2420} INFO - Sync 1 DAGs
[2022-07-17 19:59:44,681] {logging_mixin.py:115} INFO - [2022-07-17 19:59:44,681] {dag.py:2972} INFO - Setting next_dagrun for example_branch_operator to 2022-07-16T00:00:00+00:00, run_after=2022-07-17T00:00:00+00:00
[2022-07-17 19:59:44,700] {processor.py:161} INFO - Processing /home/airflow/.local/lib/python3.7/site-packages/airflow/example_dags/example_branch_operator.py took 0.114 seconds
[2022-07-17 20:00:14,888] {processor.py:153} INFO - Started process (PID=2853) to work on /home/airflow/.local/lib/python3.7/site-packages/airflow/example_dags/example_branch_operator.py
[2022-07-17 20:00:14,889] {processor.py:641} INFO - Processing file /home/airflow/.local/lib/python3.7/site-packages/airflow/example_dags/example_branch_operator.py for tasks to queue
[2022-07-17 20:00:14,889] {logging_mixin.py:115} INFO - [2022-07-17 20:00:14,889] {dagbag.py:508} INFO - Filling up the DagBag from /home/airflow/.local/lib/python3.7/site-packages/airflow/example_dags/example_branch_operator.py
[2022-07-17 20:00:14,901] {processor.py:651} INFO - DAG(s) dict_keys(['example_branch_operator']) retrieved from /home/airflow/.local/lib/python3.7/site-packages/airflow/example_dags/example_branch_operator.py
[2022-07-17 20:00:14,928] {logging_mixin.py:115} INFO - [2022-07-17 20:00:14,928] {dag.py:2420} INFO - Sync 1 DAGs
[2022-07-17 20:00:14,952] {logging_mixin.py:115} INFO - [2022-07-17 20:00:14,952] {dag.py:2972} INFO - Setting next_dagrun for example_branch_operator to 2022-07-16T00:00:00+00:00, run_after=2022-07-17T00:00:00+00:00
[2022-07-17 20:00:14,965] {processor.py:161} INFO - Processing /home/airflow/.local/lib/python3.7/site-packages/airflow/example_dags/example_branch_operator.py took 0.080 seconds
[2022-07-17 20:00:45,399] {processor.py:153} INFO - Started process (PID=2909) to work on /home/airflow/.local/lib/python3.7/site-packages/airflow/example_dags/example_branch_operator.py
[2022-07-17 20:00:45,400] {processor.py:641} INFO - Processing file /home/airflow/.local/lib/python3.7/site-packages/airflow/example_dags/example_branch_operator.py for tasks to queue
[2022-07-17 20:00:45,400] {logging_mixin.py:115} INFO - [2022-07-17 20:00:45,400] {dagbag.py:508} INFO - Filling up the DagBag from /home/airflow/.local/lib/python3.7/site-packages/airflow/example_dags/example_branch_operator.py
[2022-07-17 20:00:45,412] {processor.py:651} INFO - DAG(s) dict_keys(['example_branch_operator']) retrieved from /home/airflow/.local/lib/python3.7/site-packages/airflow/example_dags/example_branch_operator.py
[2022-07-17 20:00:45,439] {logging_mixin.py:115} INFO - [2022-07-17 20:00:45,439] {dag.py:2420} INFO - Sync 1 DAGs
[2022-07-17 20:00:45,464] {logging_mixin.py:115} INFO - [2022-07-17 20:00:45,464] {dag.py:2972} INFO - Setting next_dagrun for example_branch_operator to 2022-07-16T00:00:00+00:00, run_after=2022-07-17T00:00:00+00:00
[2022-07-17 20:00:45,478] {processor.py:161} INFO - Processing /home/airflow/.local/lib/python3.7/site-packages/airflow/example_dags/example_branch_operator.py took 0.082 seconds
[2022-07-17 20:01:15,609] {processor.py:153} INFO - Started process (PID=2973) to work on /home/airflow/.local/lib/python3.7/site-packages/airflow/example_dags/example_branch_operator.py
[2022-07-17 20:01:15,610] {processor.py:641} INFO - Processing file /home/airflow/.local/lib/python3.7/site-packages/airflow/example_dags/example_branch_operator.py for tasks to queue
[2022-07-17 20:01:15,610] {logging_mixin.py:115} INFO - [2022-07-17 20:01:15,610] {dagbag.py:508} INFO - Filling up the DagBag from /home/airflow/.local/lib/python3.7/site-packages/airflow/example_dags/example_branch_operator.py
[2022-07-17 20:01:15,623] {processor.py:651} INFO - DAG(s) dict_keys(['example_branch_operator']) retrieved from /home/airflow/.local/lib/python3.7/site-packages/airflow/example_dags/example_branch_operator.py
[2022-07-17 20:01:15,653] {logging_mixin.py:115} INFO - [2022-07-17 20:01:15,653] {dag.py:2420} INFO - Sync 1 DAGs
[2022-07-17 20:01:15,690] {logging_mixin.py:115} INFO - [2022-07-17 20:01:15,690] {dag.py:2972} INFO - Setting next_dagrun for example_branch_operator to 2022-07-16T00:00:00+00:00, run_after=2022-07-17T00:00:00+00:00
[2022-07-17 20:01:15,706] {processor.py:161} INFO - Processing /home/airflow/.local/lib/python3.7/site-packages/airflow/example_dags/example_branch_operator.py took 0.100 seconds
[2022-07-17 20:01:46,096] {processor.py:153} INFO - Started process (PID=3028) to work on /home/airflow/.local/lib/python3.7/site-packages/airflow/example_dags/example_branch_operator.py
[2022-07-17 20:01:46,096] {processor.py:641} INFO - Processing file /home/airflow/.local/lib/python3.7/site-packages/airflow/example_dags/example_branch_operator.py for tasks to queue
[2022-07-17 20:01:46,097] {logging_mixin.py:115} INFO - [2022-07-17 20:01:46,097] {dagbag.py:508} INFO - Filling up the DagBag from /home/airflow/.local/lib/python3.7/site-packages/airflow/example_dags/example_branch_operator.py
[2022-07-17 20:01:46,112] {processor.py:651} INFO - DAG(s) dict_keys(['example_branch_operator']) retrieved from /home/airflow/.local/lib/python3.7/site-packages/airflow/example_dags/example_branch_operator.py
[2022-07-17 20:01:46,140] {logging_mixin.py:115} INFO - [2022-07-17 20:01:46,140] {dag.py:2420} INFO - Sync 1 DAGs
[2022-07-17 20:01:46,166] {logging_mixin.py:115} INFO - [2022-07-17 20:01:46,166] {dag.py:2972} INFO - Setting next_dagrun for example_branch_operator to 2022-07-16T00:00:00+00:00, run_after=2022-07-17T00:00:00+00:00
[2022-07-17 20:01:46,178] {processor.py:161} INFO - Processing /home/airflow/.local/lib/python3.7/site-packages/airflow/example_dags/example_branch_operator.py took 0.087 seconds
[2022-07-17 20:02:16,811] {processor.py:153} INFO - Started process (PID=3095) to work on /home/airflow/.local/lib/python3.7/site-packages/airflow/example_dags/example_branch_operator.py
[2022-07-17 20:02:16,811] {processor.py:641} INFO - Processing file /home/airflow/.local/lib/python3.7/site-packages/airflow/example_dags/example_branch_operator.py for tasks to queue
[2022-07-17 20:02:16,812] {logging_mixin.py:115} INFO - [2022-07-17 20:02:16,812] {dagbag.py:508} INFO - Filling up the DagBag from /home/airflow/.local/lib/python3.7/site-packages/airflow/example_dags/example_branch_operator.py
[2022-07-17 20:02:16,825] {processor.py:651} INFO - DAG(s) dict_keys(['example_branch_operator']) retrieved from /home/airflow/.local/lib/python3.7/site-packages/airflow/example_dags/example_branch_operator.py
[2022-07-17 20:02:16,855] {logging_mixin.py:115} INFO - [2022-07-17 20:02:16,855] {dag.py:2420} INFO - Sync 1 DAGs
[2022-07-17 20:02:16,884] {logging_mixin.py:115} INFO - [2022-07-17 20:02:16,884] {dag.py:2972} INFO - Setting next_dagrun for example_branch_operator to 2022-07-16T00:00:00+00:00, run_after=2022-07-17T00:00:00+00:00
[2022-07-17 20:02:16,899] {processor.py:161} INFO - Processing /home/airflow/.local/lib/python3.7/site-packages/airflow/example_dags/example_branch_operator.py took 0.091 seconds
[2022-07-17 20:02:47,160] {processor.py:153} INFO - Started process (PID=3157) to work on /home/airflow/.local/lib/python3.7/site-packages/airflow/example_dags/example_branch_operator.py
[2022-07-17 20:02:47,160] {processor.py:641} INFO - Processing file /home/airflow/.local/lib/python3.7/site-packages/airflow/example_dags/example_branch_operator.py for tasks to queue
[2022-07-17 20:02:47,161] {logging_mixin.py:115} INFO - [2022-07-17 20:02:47,161] {dagbag.py:508} INFO - Filling up the DagBag from /home/airflow/.local/lib/python3.7/site-packages/airflow/example_dags/example_branch_operator.py
[2022-07-17 20:02:47,173] {processor.py:651} INFO - DAG(s) dict_keys(['example_branch_operator']) retrieved from /home/airflow/.local/lib/python3.7/site-packages/airflow/example_dags/example_branch_operator.py
[2022-07-17 20:02:47,205] {logging_mixin.py:115} INFO - [2022-07-17 20:02:47,205] {dag.py:2420} INFO - Sync 1 DAGs
[2022-07-17 20:02:47,239] {logging_mixin.py:115} INFO - [2022-07-17 20:02:47,239] {dag.py:2972} INFO - Setting next_dagrun for example_branch_operator to 2022-07-16T00:00:00+00:00, run_after=2022-07-17T00:00:00+00:00
[2022-07-17 20:02:47,253] {processor.py:161} INFO - Processing /home/airflow/.local/lib/python3.7/site-packages/airflow/example_dags/example_branch_operator.py took 0.096 seconds
[2022-07-17 20:03:17,618] {processor.py:153} INFO - Started process (PID=3213) to work on /home/airflow/.local/lib/python3.7/site-packages/airflow/example_dags/example_branch_operator.py
[2022-07-17 20:03:17,619] {processor.py:641} INFO - Processing file /home/airflow/.local/lib/python3.7/site-packages/airflow/example_dags/example_branch_operator.py for tasks to queue
[2022-07-17 20:03:17,619] {logging_mixin.py:115} INFO - [2022-07-17 20:03:17,619] {dagbag.py:508} INFO - Filling up the DagBag from /home/airflow/.local/lib/python3.7/site-packages/airflow/example_dags/example_branch_operator.py
[2022-07-17 20:03:17,634] {processor.py:651} INFO - DAG(s) dict_keys(['example_branch_operator']) retrieved from /home/airflow/.local/lib/python3.7/site-packages/airflow/example_dags/example_branch_operator.py
[2022-07-17 20:03:17,670] {logging_mixin.py:115} INFO - [2022-07-17 20:03:17,670] {dag.py:2420} INFO - Sync 1 DAGs
[2022-07-17 20:03:17,703] {logging_mixin.py:115} INFO - [2022-07-17 20:03:17,703] {dag.py:2972} INFO - Setting next_dagrun for example_branch_operator to 2022-07-16T00:00:00+00:00, run_after=2022-07-17T00:00:00+00:00
[2022-07-17 20:03:17,718] {processor.py:161} INFO - Processing /home/airflow/.local/lib/python3.7/site-packages/airflow/example_dags/example_branch_operator.py took 0.103 seconds
[2022-07-17 20:03:48,049] {processor.py:153} INFO - Started process (PID=3276) to work on /home/airflow/.local/lib/python3.7/site-packages/airflow/example_dags/example_branch_operator.py
[2022-07-17 20:03:48,049] {processor.py:641} INFO - Processing file /home/airflow/.local/lib/python3.7/site-packages/airflow/example_dags/example_branch_operator.py for tasks to queue
[2022-07-17 20:03:48,050] {logging_mixin.py:115} INFO - [2022-07-17 20:03:48,050] {dagbag.py:508} INFO - Filling up the DagBag from /home/airflow/.local/lib/python3.7/site-packages/airflow/example_dags/example_branch_operator.py
[2022-07-17 20:03:48,063] {processor.py:651} INFO - DAG(s) dict_keys(['example_branch_operator']) retrieved from /home/airflow/.local/lib/python3.7/site-packages/airflow/example_dags/example_branch_operator.py
[2022-07-17 20:03:48,092] {logging_mixin.py:115} INFO - [2022-07-17 20:03:48,091] {dag.py:2420} INFO - Sync 1 DAGs
[2022-07-17 20:03:48,119] {logging_mixin.py:115} INFO - [2022-07-17 20:03:48,119] {dag.py:2972} INFO - Setting next_dagrun for example_branch_operator to 2022-07-16T00:00:00+00:00, run_after=2022-07-17T00:00:00+00:00
[2022-07-17 20:03:48,133] {processor.py:161} INFO - Processing /home/airflow/.local/lib/python3.7/site-packages/airflow/example_dags/example_branch_operator.py took 0.088 seconds
