[2022-07-17 19:36:53,810] {processor.py:153} INFO - Started process (PID=61) to work on /home/airflow/.local/lib/python3.7/site-packages/airflow/example_dags/example_time_delta_sensor_async.py
[2022-07-17 19:36:53,811] {processor.py:641} INFO - Processing file /home/airflow/.local/lib/python3.7/site-packages/airflow/example_dags/example_time_delta_sensor_async.py for tasks to queue
[2022-07-17 19:36:53,811] {logging_mixin.py:115} INFO - [2022-07-17 19:36:53,811] {dagbag.py:508} INFO - Filling up the DagBag from /home/airflow/.local/lib/python3.7/site-packages/airflow/example_dags/example_time_delta_sensor_async.py
[2022-07-17 19:36:53,819] {processor.py:651} INFO - DAG(s) dict_keys(['example_time_delta_sensor_async']) retrieved from /home/airflow/.local/lib/python3.7/site-packages/airflow/example_dags/example_time_delta_sensor_async.py
[2022-07-17 19:36:53,925] {logging_mixin.py:115} INFO - [2022-07-17 19:36:53,925] {manager.py:508} INFO - Created Permission View: can delete on DAG:example_time_delta_sensor_async
[2022-07-17 19:36:53,938] {logging_mixin.py:115} INFO - [2022-07-17 19:36:53,938] {manager.py:508} INFO - Created Permission View: can read on DAG:example_time_delta_sensor_async
[2022-07-17 19:36:53,950] {logging_mixin.py:115} INFO - [2022-07-17 19:36:53,950] {manager.py:508} INFO - Created Permission View: can edit on DAG:example_time_delta_sensor_async
[2022-07-17 19:36:53,950] {logging_mixin.py:115} INFO - [2022-07-17 19:36:53,950] {dag.py:2420} INFO - Sync 1 DAGs
[2022-07-17 19:36:53,960] {logging_mixin.py:115} INFO - [2022-07-17 19:36:53,959] {dag.py:2439} INFO - Creating ORM DAG for example_time_delta_sensor_async
[2022-07-17 19:36:53,972] {logging_mixin.py:115} INFO - [2022-07-17 19:36:53,972] {dag.py:2972} INFO - Setting next_dagrun for example_time_delta_sensor_async to None, run_after=None
[2022-07-17 19:36:53,988] {processor.py:161} INFO - Processing /home/airflow/.local/lib/python3.7/site-packages/airflow/example_dags/example_time_delta_sensor_async.py took 0.181 seconds
[2022-07-17 19:37:24,787] {processor.py:153} INFO - Started process (PID=126) to work on /home/airflow/.local/lib/python3.7/site-packages/airflow/example_dags/example_time_delta_sensor_async.py
[2022-07-17 19:37:24,788] {processor.py:641} INFO - Processing file /home/airflow/.local/lib/python3.7/site-packages/airflow/example_dags/example_time_delta_sensor_async.py for tasks to queue
[2022-07-17 19:37:24,788] {logging_mixin.py:115} INFO - [2022-07-17 19:37:24,788] {dagbag.py:508} INFO - Filling up the DagBag from /home/airflow/.local/lib/python3.7/site-packages/airflow/example_dags/example_time_delta_sensor_async.py
[2022-07-17 19:37:24,793] {processor.py:651} INFO - DAG(s) dict_keys(['example_time_delta_sensor_async']) retrieved from /home/airflow/.local/lib/python3.7/site-packages/airflow/example_dags/example_time_delta_sensor_async.py
[2022-07-17 19:37:24,843] {logging_mixin.py:115} INFO - [2022-07-17 19:37:24,843] {dag.py:2420} INFO - Sync 1 DAGs
[2022-07-17 19:37:24,874] {logging_mixin.py:115} INFO - [2022-07-17 19:37:24,874] {dag.py:2972} INFO - Setting next_dagrun for example_time_delta_sensor_async to None, run_after=None
[2022-07-17 19:37:24,891] {processor.py:161} INFO - Processing /home/airflow/.local/lib/python3.7/site-packages/airflow/example_dags/example_time_delta_sensor_async.py took 0.107 seconds
[2022-07-17 19:37:55,833] {processor.py:153} INFO - Started process (PID=181) to work on /home/airflow/.local/lib/python3.7/site-packages/airflow/example_dags/example_time_delta_sensor_async.py
[2022-07-17 19:37:55,834] {processor.py:641} INFO - Processing file /home/airflow/.local/lib/python3.7/site-packages/airflow/example_dags/example_time_delta_sensor_async.py for tasks to queue
[2022-07-17 19:37:55,834] {logging_mixin.py:115} INFO - [2022-07-17 19:37:55,834] {dagbag.py:508} INFO - Filling up the DagBag from /home/airflow/.local/lib/python3.7/site-packages/airflow/example_dags/example_time_delta_sensor_async.py
[2022-07-17 19:37:55,839] {processor.py:651} INFO - DAG(s) dict_keys(['example_time_delta_sensor_async']) retrieved from /home/airflow/.local/lib/python3.7/site-packages/airflow/example_dags/example_time_delta_sensor_async.py
[2022-07-17 19:37:55,883] {logging_mixin.py:115} INFO - [2022-07-17 19:37:55,882] {dag.py:2420} INFO - Sync 1 DAGs
[2022-07-17 19:37:55,907] {logging_mixin.py:115} INFO - [2022-07-17 19:37:55,907] {dag.py:2972} INFO - Setting next_dagrun for example_time_delta_sensor_async to None, run_after=None
[2022-07-17 19:37:55,922] {processor.py:161} INFO - Processing /home/airflow/.local/lib/python3.7/site-packages/airflow/example_dags/example_time_delta_sensor_async.py took 0.091 seconds
[2022-07-17 19:38:26,381] {processor.py:153} INFO - Started process (PID=242) to work on /home/airflow/.local/lib/python3.7/site-packages/airflow/example_dags/example_time_delta_sensor_async.py
[2022-07-17 19:38:26,381] {processor.py:641} INFO - Processing file /home/airflow/.local/lib/python3.7/site-packages/airflow/example_dags/example_time_delta_sensor_async.py for tasks to queue
[2022-07-17 19:38:26,381] {logging_mixin.py:115} INFO - [2022-07-17 19:38:26,381] {dagbag.py:508} INFO - Filling up the DagBag from /home/airflow/.local/lib/python3.7/site-packages/airflow/example_dags/example_time_delta_sensor_async.py
[2022-07-17 19:38:26,386] {processor.py:651} INFO - DAG(s) dict_keys(['example_time_delta_sensor_async']) retrieved from /home/airflow/.local/lib/python3.7/site-packages/airflow/example_dags/example_time_delta_sensor_async.py
[2022-07-17 19:38:26,425] {logging_mixin.py:115} INFO - [2022-07-17 19:38:26,425] {dag.py:2420} INFO - Sync 1 DAGs
[2022-07-17 19:38:26,447] {logging_mixin.py:115} INFO - [2022-07-17 19:38:26,447] {dag.py:2972} INFO - Setting next_dagrun for example_time_delta_sensor_async to None, run_after=None
[2022-07-17 19:38:26,458] {processor.py:161} INFO - Processing /home/airflow/.local/lib/python3.7/site-packages/airflow/example_dags/example_time_delta_sensor_async.py took 0.080 seconds
[2022-07-17 19:38:57,153] {processor.py:153} INFO - Started process (PID=297) to work on /home/airflow/.local/lib/python3.7/site-packages/airflow/example_dags/example_time_delta_sensor_async.py
[2022-07-17 19:38:57,154] {processor.py:641} INFO - Processing file /home/airflow/.local/lib/python3.7/site-packages/airflow/example_dags/example_time_delta_sensor_async.py for tasks to queue
[2022-07-17 19:38:57,154] {logging_mixin.py:115} INFO - [2022-07-17 19:38:57,154] {dagbag.py:508} INFO - Filling up the DagBag from /home/airflow/.local/lib/python3.7/site-packages/airflow/example_dags/example_time_delta_sensor_async.py
[2022-07-17 19:38:57,160] {processor.py:651} INFO - DAG(s) dict_keys(['example_time_delta_sensor_async']) retrieved from /home/airflow/.local/lib/python3.7/site-packages/airflow/example_dags/example_time_delta_sensor_async.py
[2022-07-17 19:38:57,203] {logging_mixin.py:115} INFO - [2022-07-17 19:38:57,203] {dag.py:2420} INFO - Sync 1 DAGs
[2022-07-17 19:38:57,227] {logging_mixin.py:115} INFO - [2022-07-17 19:38:57,227] {dag.py:2972} INFO - Setting next_dagrun for example_time_delta_sensor_async to None, run_after=None
[2022-07-17 19:38:57,242] {processor.py:161} INFO - Processing /home/airflow/.local/lib/python3.7/site-packages/airflow/example_dags/example_time_delta_sensor_async.py took 0.092 seconds
[2022-07-17 19:39:27,513] {processor.py:153} INFO - Started process (PID=361) to work on /home/airflow/.local/lib/python3.7/site-packages/airflow/example_dags/example_time_delta_sensor_async.py
[2022-07-17 19:39:27,513] {processor.py:641} INFO - Processing file /home/airflow/.local/lib/python3.7/site-packages/airflow/example_dags/example_time_delta_sensor_async.py for tasks to queue
[2022-07-17 19:39:27,514] {logging_mixin.py:115} INFO - [2022-07-17 19:39:27,514] {dagbag.py:508} INFO - Filling up the DagBag from /home/airflow/.local/lib/python3.7/site-packages/airflow/example_dags/example_time_delta_sensor_async.py
[2022-07-17 19:39:27,519] {processor.py:651} INFO - DAG(s) dict_keys(['example_time_delta_sensor_async']) retrieved from /home/airflow/.local/lib/python3.7/site-packages/airflow/example_dags/example_time_delta_sensor_async.py
[2022-07-17 19:39:27,561] {logging_mixin.py:115} INFO - [2022-07-17 19:39:27,561] {dag.py:2420} INFO - Sync 1 DAGs
[2022-07-17 19:39:27,583] {logging_mixin.py:115} INFO - [2022-07-17 19:39:27,583] {dag.py:2972} INFO - Setting next_dagrun for example_time_delta_sensor_async to None, run_after=None
[2022-07-17 19:39:27,596] {processor.py:161} INFO - Processing /home/airflow/.local/lib/python3.7/site-packages/airflow/example_dags/example_time_delta_sensor_async.py took 0.086 seconds
[2022-07-17 19:39:57,839] {processor.py:153} INFO - Started process (PID=416) to work on /home/airflow/.local/lib/python3.7/site-packages/airflow/example_dags/example_time_delta_sensor_async.py
[2022-07-17 19:39:57,840] {processor.py:641} INFO - Processing file /home/airflow/.local/lib/python3.7/site-packages/airflow/example_dags/example_time_delta_sensor_async.py for tasks to queue
[2022-07-17 19:39:57,841] {logging_mixin.py:115} INFO - [2022-07-17 19:39:57,841] {dagbag.py:508} INFO - Filling up the DagBag from /home/airflow/.local/lib/python3.7/site-packages/airflow/example_dags/example_time_delta_sensor_async.py
[2022-07-17 19:39:57,846] {processor.py:651} INFO - DAG(s) dict_keys(['example_time_delta_sensor_async']) retrieved from /home/airflow/.local/lib/python3.7/site-packages/airflow/example_dags/example_time_delta_sensor_async.py
[2022-07-17 19:39:57,908] {logging_mixin.py:115} INFO - [2022-07-17 19:39:57,908] {dag.py:2420} INFO - Sync 1 DAGs
[2022-07-17 19:39:57,942] {logging_mixin.py:115} INFO - [2022-07-17 19:39:57,942] {dag.py:2972} INFO - Setting next_dagrun for example_time_delta_sensor_async to None, run_after=None
[2022-07-17 19:39:57,955] {processor.py:161} INFO - Processing /home/airflow/.local/lib/python3.7/site-packages/airflow/example_dags/example_time_delta_sensor_async.py took 0.119 seconds
[2022-07-17 19:40:28,248] {processor.py:153} INFO - Started process (PID=481) to work on /home/airflow/.local/lib/python3.7/site-packages/airflow/example_dags/example_time_delta_sensor_async.py
[2022-07-17 19:40:28,249] {processor.py:641} INFO - Processing file /home/airflow/.local/lib/python3.7/site-packages/airflow/example_dags/example_time_delta_sensor_async.py for tasks to queue
[2022-07-17 19:40:28,249] {logging_mixin.py:115} INFO - [2022-07-17 19:40:28,249] {dagbag.py:508} INFO - Filling up the DagBag from /home/airflow/.local/lib/python3.7/site-packages/airflow/example_dags/example_time_delta_sensor_async.py
[2022-07-17 19:40:28,254] {processor.py:651} INFO - DAG(s) dict_keys(['example_time_delta_sensor_async']) retrieved from /home/airflow/.local/lib/python3.7/site-packages/airflow/example_dags/example_time_delta_sensor_async.py
[2022-07-17 19:40:28,296] {logging_mixin.py:115} INFO - [2022-07-17 19:40:28,295] {dag.py:2420} INFO - Sync 1 DAGs
[2022-07-17 19:40:28,319] {logging_mixin.py:115} INFO - [2022-07-17 19:40:28,319] {dag.py:2972} INFO - Setting next_dagrun for example_time_delta_sensor_async to None, run_after=None
[2022-07-17 19:40:28,333] {processor.py:161} INFO - Processing /home/airflow/.local/lib/python3.7/site-packages/airflow/example_dags/example_time_delta_sensor_async.py took 0.088 seconds
[2022-07-17 19:40:59,421] {processor.py:153} INFO - Started process (PID=545) to work on /home/airflow/.local/lib/python3.7/site-packages/airflow/example_dags/example_time_delta_sensor_async.py
[2022-07-17 19:40:59,422] {processor.py:641} INFO - Processing file /home/airflow/.local/lib/python3.7/site-packages/airflow/example_dags/example_time_delta_sensor_async.py for tasks to queue
[2022-07-17 19:40:59,422] {logging_mixin.py:115} INFO - [2022-07-17 19:40:59,422] {dagbag.py:508} INFO - Filling up the DagBag from /home/airflow/.local/lib/python3.7/site-packages/airflow/example_dags/example_time_delta_sensor_async.py
[2022-07-17 19:40:59,429] {processor.py:651} INFO - DAG(s) dict_keys(['example_time_delta_sensor_async']) retrieved from /home/airflow/.local/lib/python3.7/site-packages/airflow/example_dags/example_time_delta_sensor_async.py
[2022-07-17 19:40:59,503] {logging_mixin.py:115} INFO - [2022-07-17 19:40:59,503] {dag.py:2420} INFO - Sync 1 DAGs
[2022-07-17 19:40:59,537] {logging_mixin.py:115} INFO - [2022-07-17 19:40:59,536] {dag.py:2972} INFO - Setting next_dagrun for example_time_delta_sensor_async to None, run_after=None
[2022-07-17 19:40:59,558] {processor.py:161} INFO - Processing /home/airflow/.local/lib/python3.7/site-packages/airflow/example_dags/example_time_delta_sensor_async.py took 0.142 seconds
[2022-07-17 19:41:30,517] {processor.py:153} INFO - Started process (PID=602) to work on /home/airflow/.local/lib/python3.7/site-packages/airflow/example_dags/example_time_delta_sensor_async.py
[2022-07-17 19:41:30,518] {processor.py:641} INFO - Processing file /home/airflow/.local/lib/python3.7/site-packages/airflow/example_dags/example_time_delta_sensor_async.py for tasks to queue
[2022-07-17 19:41:30,518] {logging_mixin.py:115} INFO - [2022-07-17 19:41:30,518] {dagbag.py:508} INFO - Filling up the DagBag from /home/airflow/.local/lib/python3.7/site-packages/airflow/example_dags/example_time_delta_sensor_async.py
[2022-07-17 19:41:30,524] {processor.py:651} INFO - DAG(s) dict_keys(['example_time_delta_sensor_async']) retrieved from /home/airflow/.local/lib/python3.7/site-packages/airflow/example_dags/example_time_delta_sensor_async.py
[2022-07-17 19:41:30,568] {logging_mixin.py:115} INFO - [2022-07-17 19:41:30,568] {dag.py:2420} INFO - Sync 1 DAGs
[2022-07-17 19:41:30,599] {logging_mixin.py:115} INFO - [2022-07-17 19:41:30,598] {dag.py:2972} INFO - Setting next_dagrun for example_time_delta_sensor_async to None, run_after=None
[2022-07-17 19:41:30,612] {processor.py:161} INFO - Processing /home/airflow/.local/lib/python3.7/site-packages/airflow/example_dags/example_time_delta_sensor_async.py took 0.098 seconds
[2022-07-17 19:42:00,733] {processor.py:153} INFO - Started process (PID=666) to work on /home/airflow/.local/lib/python3.7/site-packages/airflow/example_dags/example_time_delta_sensor_async.py
[2022-07-17 19:42:00,733] {processor.py:641} INFO - Processing file /home/airflow/.local/lib/python3.7/site-packages/airflow/example_dags/example_time_delta_sensor_async.py for tasks to queue
[2022-07-17 19:42:00,734] {logging_mixin.py:115} INFO - [2022-07-17 19:42:00,734] {dagbag.py:508} INFO - Filling up the DagBag from /home/airflow/.local/lib/python3.7/site-packages/airflow/example_dags/example_time_delta_sensor_async.py
[2022-07-17 19:42:00,739] {processor.py:651} INFO - DAG(s) dict_keys(['example_time_delta_sensor_async']) retrieved from /home/airflow/.local/lib/python3.7/site-packages/airflow/example_dags/example_time_delta_sensor_async.py
[2022-07-17 19:42:00,783] {logging_mixin.py:115} INFO - [2022-07-17 19:42:00,782] {dag.py:2420} INFO - Sync 1 DAGs
[2022-07-17 19:42:00,806] {logging_mixin.py:115} INFO - [2022-07-17 19:42:00,806] {dag.py:2972} INFO - Setting next_dagrun for example_time_delta_sensor_async to None, run_after=None
[2022-07-17 19:42:00,819] {processor.py:161} INFO - Processing /home/airflow/.local/lib/python3.7/site-packages/airflow/example_dags/example_time_delta_sensor_async.py took 0.089 seconds
[2022-07-17 19:42:30,960] {processor.py:153} INFO - Started process (PID=722) to work on /home/airflow/.local/lib/python3.7/site-packages/airflow/example_dags/example_time_delta_sensor_async.py
[2022-07-17 19:42:30,961] {processor.py:641} INFO - Processing file /home/airflow/.local/lib/python3.7/site-packages/airflow/example_dags/example_time_delta_sensor_async.py for tasks to queue
[2022-07-17 19:42:30,961] {logging_mixin.py:115} INFO - [2022-07-17 19:42:30,961] {dagbag.py:508} INFO - Filling up the DagBag from /home/airflow/.local/lib/python3.7/site-packages/airflow/example_dags/example_time_delta_sensor_async.py
[2022-07-17 19:42:30,966] {processor.py:651} INFO - DAG(s) dict_keys(['example_time_delta_sensor_async']) retrieved from /home/airflow/.local/lib/python3.7/site-packages/airflow/example_dags/example_time_delta_sensor_async.py
[2022-07-17 19:42:31,011] {logging_mixin.py:115} INFO - [2022-07-17 19:42:31,011] {dag.py:2420} INFO - Sync 1 DAGs
[2022-07-17 19:42:31,035] {logging_mixin.py:115} INFO - [2022-07-17 19:42:31,035] {dag.py:2972} INFO - Setting next_dagrun for example_time_delta_sensor_async to None, run_after=None
[2022-07-17 19:42:31,053] {processor.py:161} INFO - Processing /home/airflow/.local/lib/python3.7/site-packages/airflow/example_dags/example_time_delta_sensor_async.py took 0.096 seconds
[2022-07-17 19:43:01,510] {processor.py:153} INFO - Started process (PID=785) to work on /home/airflow/.local/lib/python3.7/site-packages/airflow/example_dags/example_time_delta_sensor_async.py
[2022-07-17 19:43:01,511] {processor.py:641} INFO - Processing file /home/airflow/.local/lib/python3.7/site-packages/airflow/example_dags/example_time_delta_sensor_async.py for tasks to queue
[2022-07-17 19:43:01,511] {logging_mixin.py:115} INFO - [2022-07-17 19:43:01,511] {dagbag.py:508} INFO - Filling up the DagBag from /home/airflow/.local/lib/python3.7/site-packages/airflow/example_dags/example_time_delta_sensor_async.py
[2022-07-17 19:43:01,516] {processor.py:651} INFO - DAG(s) dict_keys(['example_time_delta_sensor_async']) retrieved from /home/airflow/.local/lib/python3.7/site-packages/airflow/example_dags/example_time_delta_sensor_async.py
[2022-07-17 19:43:01,561] {logging_mixin.py:115} INFO - [2022-07-17 19:43:01,561] {dag.py:2420} INFO - Sync 1 DAGs
[2022-07-17 19:43:01,584] {logging_mixin.py:115} INFO - [2022-07-17 19:43:01,584] {dag.py:2972} INFO - Setting next_dagrun for example_time_delta_sensor_async to None, run_after=None
[2022-07-17 19:43:01,598] {processor.py:161} INFO - Processing /home/airflow/.local/lib/python3.7/site-packages/airflow/example_dags/example_time_delta_sensor_async.py took 0.091 seconds
[2022-07-17 19:43:31,877] {processor.py:153} INFO - Started process (PID=849) to work on /home/airflow/.local/lib/python3.7/site-packages/airflow/example_dags/example_time_delta_sensor_async.py
[2022-07-17 19:43:31,878] {processor.py:641} INFO - Processing file /home/airflow/.local/lib/python3.7/site-packages/airflow/example_dags/example_time_delta_sensor_async.py for tasks to queue
[2022-07-17 19:43:31,878] {logging_mixin.py:115} INFO - [2022-07-17 19:43:31,878] {dagbag.py:508} INFO - Filling up the DagBag from /home/airflow/.local/lib/python3.7/site-packages/airflow/example_dags/example_time_delta_sensor_async.py
[2022-07-17 19:43:31,883] {processor.py:651} INFO - DAG(s) dict_keys(['example_time_delta_sensor_async']) retrieved from /home/airflow/.local/lib/python3.7/site-packages/airflow/example_dags/example_time_delta_sensor_async.py
[2022-07-17 19:43:31,930] {logging_mixin.py:115} INFO - [2022-07-17 19:43:31,930] {dag.py:2420} INFO - Sync 1 DAGs
[2022-07-17 19:43:31,964] {logging_mixin.py:115} INFO - [2022-07-17 19:43:31,964] {dag.py:2972} INFO - Setting next_dagrun for example_time_delta_sensor_async to None, run_after=None
[2022-07-17 19:43:31,978] {processor.py:161} INFO - Processing /home/airflow/.local/lib/python3.7/site-packages/airflow/example_dags/example_time_delta_sensor_async.py took 0.104 seconds
[2022-07-17 19:44:02,326] {processor.py:153} INFO - Started process (PID=904) to work on /home/airflow/.local/lib/python3.7/site-packages/airflow/example_dags/example_time_delta_sensor_async.py
[2022-07-17 19:44:02,326] {processor.py:641} INFO - Processing file /home/airflow/.local/lib/python3.7/site-packages/airflow/example_dags/example_time_delta_sensor_async.py for tasks to queue
[2022-07-17 19:44:02,327] {logging_mixin.py:115} INFO - [2022-07-17 19:44:02,327] {dagbag.py:508} INFO - Filling up the DagBag from /home/airflow/.local/lib/python3.7/site-packages/airflow/example_dags/example_time_delta_sensor_async.py
[2022-07-17 19:44:02,332] {processor.py:651} INFO - DAG(s) dict_keys(['example_time_delta_sensor_async']) retrieved from /home/airflow/.local/lib/python3.7/site-packages/airflow/example_dags/example_time_delta_sensor_async.py
[2022-07-17 19:44:02,377] {logging_mixin.py:115} INFO - [2022-07-17 19:44:02,377] {dag.py:2420} INFO - Sync 1 DAGs
[2022-07-17 19:44:02,400] {logging_mixin.py:115} INFO - [2022-07-17 19:44:02,399] {dag.py:2972} INFO - Setting next_dagrun for example_time_delta_sensor_async to None, run_after=None
[2022-07-17 19:44:02,411] {processor.py:161} INFO - Processing /home/airflow/.local/lib/python3.7/site-packages/airflow/example_dags/example_time_delta_sensor_async.py took 0.089 seconds
[2022-07-17 19:44:33,209] {processor.py:153} INFO - Started process (PID=968) to work on /home/airflow/.local/lib/python3.7/site-packages/airflow/example_dags/example_time_delta_sensor_async.py
[2022-07-17 19:44:33,209] {processor.py:641} INFO - Processing file /home/airflow/.local/lib/python3.7/site-packages/airflow/example_dags/example_time_delta_sensor_async.py for tasks to queue
[2022-07-17 19:44:33,210] {logging_mixin.py:115} INFO - [2022-07-17 19:44:33,210] {dagbag.py:508} INFO - Filling up the DagBag from /home/airflow/.local/lib/python3.7/site-packages/airflow/example_dags/example_time_delta_sensor_async.py
[2022-07-17 19:44:33,215] {processor.py:651} INFO - DAG(s) dict_keys(['example_time_delta_sensor_async']) retrieved from /home/airflow/.local/lib/python3.7/site-packages/airflow/example_dags/example_time_delta_sensor_async.py
[2022-07-17 19:44:33,258] {logging_mixin.py:115} INFO - [2022-07-17 19:44:33,258] {dag.py:2420} INFO - Sync 1 DAGs
[2022-07-17 19:44:33,281] {logging_mixin.py:115} INFO - [2022-07-17 19:44:33,281] {dag.py:2972} INFO - Setting next_dagrun for example_time_delta_sensor_async to None, run_after=None
[2022-07-17 19:44:33,293] {processor.py:161} INFO - Processing /home/airflow/.local/lib/python3.7/site-packages/airflow/example_dags/example_time_delta_sensor_async.py took 0.087 seconds
[2022-07-17 19:45:03,502] {processor.py:153} INFO - Started process (PID=1023) to work on /home/airflow/.local/lib/python3.7/site-packages/airflow/example_dags/example_time_delta_sensor_async.py
[2022-07-17 19:45:03,502] {processor.py:641} INFO - Processing file /home/airflow/.local/lib/python3.7/site-packages/airflow/example_dags/example_time_delta_sensor_async.py for tasks to queue
[2022-07-17 19:45:03,503] {logging_mixin.py:115} INFO - [2022-07-17 19:45:03,503] {dagbag.py:508} INFO - Filling up the DagBag from /home/airflow/.local/lib/python3.7/site-packages/airflow/example_dags/example_time_delta_sensor_async.py
[2022-07-17 19:45:03,509] {processor.py:651} INFO - DAG(s) dict_keys(['example_time_delta_sensor_async']) retrieved from /home/airflow/.local/lib/python3.7/site-packages/airflow/example_dags/example_time_delta_sensor_async.py
[2022-07-17 19:45:03,561] {logging_mixin.py:115} INFO - [2022-07-17 19:45:03,561] {dag.py:2420} INFO - Sync 1 DAGs
[2022-07-17 19:45:03,584] {logging_mixin.py:115} INFO - [2022-07-17 19:45:03,584] {dag.py:2972} INFO - Setting next_dagrun for example_time_delta_sensor_async to None, run_after=None
[2022-07-17 19:45:03,599] {processor.py:161} INFO - Processing /home/airflow/.local/lib/python3.7/site-packages/airflow/example_dags/example_time_delta_sensor_async.py took 0.101 seconds
[2022-07-17 19:45:34,088] {processor.py:153} INFO - Started process (PID=1087) to work on /home/airflow/.local/lib/python3.7/site-packages/airflow/example_dags/example_time_delta_sensor_async.py
[2022-07-17 19:45:34,089] {processor.py:641} INFO - Processing file /home/airflow/.local/lib/python3.7/site-packages/airflow/example_dags/example_time_delta_sensor_async.py for tasks to queue
[2022-07-17 19:45:34,090] {logging_mixin.py:115} INFO - [2022-07-17 19:45:34,089] {dagbag.py:508} INFO - Filling up the DagBag from /home/airflow/.local/lib/python3.7/site-packages/airflow/example_dags/example_time_delta_sensor_async.py
[2022-07-17 19:45:34,096] {processor.py:651} INFO - DAG(s) dict_keys(['example_time_delta_sensor_async']) retrieved from /home/airflow/.local/lib/python3.7/site-packages/airflow/example_dags/example_time_delta_sensor_async.py
[2022-07-17 19:45:34,165] {logging_mixin.py:115} INFO - [2022-07-17 19:45:34,165] {dag.py:2420} INFO - Sync 1 DAGs
[2022-07-17 19:45:34,204] {logging_mixin.py:115} INFO - [2022-07-17 19:45:34,204] {dag.py:2972} INFO - Setting next_dagrun for example_time_delta_sensor_async to None, run_after=None
[2022-07-17 19:45:34,225] {processor.py:161} INFO - Processing /home/airflow/.local/lib/python3.7/site-packages/airflow/example_dags/example_time_delta_sensor_async.py took 0.140 seconds
[2022-07-17 19:46:04,862] {processor.py:153} INFO - Started process (PID=1150) to work on /home/airflow/.local/lib/python3.7/site-packages/airflow/example_dags/example_time_delta_sensor_async.py
[2022-07-17 19:46:04,863] {processor.py:641} INFO - Processing file /home/airflow/.local/lib/python3.7/site-packages/airflow/example_dags/example_time_delta_sensor_async.py for tasks to queue
[2022-07-17 19:46:04,863] {logging_mixin.py:115} INFO - [2022-07-17 19:46:04,863] {dagbag.py:508} INFO - Filling up the DagBag from /home/airflow/.local/lib/python3.7/site-packages/airflow/example_dags/example_time_delta_sensor_async.py
[2022-07-17 19:46:04,870] {processor.py:651} INFO - DAG(s) dict_keys(['example_time_delta_sensor_async']) retrieved from /home/airflow/.local/lib/python3.7/site-packages/airflow/example_dags/example_time_delta_sensor_async.py
[2022-07-17 19:46:04,933] {logging_mixin.py:115} INFO - [2022-07-17 19:46:04,933] {dag.py:2420} INFO - Sync 1 DAGs
[2022-07-17 19:46:04,966] {logging_mixin.py:115} INFO - [2022-07-17 19:46:04,966] {dag.py:2972} INFO - Setting next_dagrun for example_time_delta_sensor_async to None, run_after=None
[2022-07-17 19:46:04,982] {processor.py:161} INFO - Processing /home/airflow/.local/lib/python3.7/site-packages/airflow/example_dags/example_time_delta_sensor_async.py took 0.125 seconds
[2022-07-17 19:46:35,173] {processor.py:153} INFO - Started process (PID=1205) to work on /home/airflow/.local/lib/python3.7/site-packages/airflow/example_dags/example_time_delta_sensor_async.py
[2022-07-17 19:46:35,174] {processor.py:641} INFO - Processing file /home/airflow/.local/lib/python3.7/site-packages/airflow/example_dags/example_time_delta_sensor_async.py for tasks to queue
[2022-07-17 19:46:35,174] {logging_mixin.py:115} INFO - [2022-07-17 19:46:35,174] {dagbag.py:508} INFO - Filling up the DagBag from /home/airflow/.local/lib/python3.7/site-packages/airflow/example_dags/example_time_delta_sensor_async.py
[2022-07-17 19:46:35,180] {processor.py:651} INFO - DAG(s) dict_keys(['example_time_delta_sensor_async']) retrieved from /home/airflow/.local/lib/python3.7/site-packages/airflow/example_dags/example_time_delta_sensor_async.py
[2022-07-17 19:46:35,227] {logging_mixin.py:115} INFO - [2022-07-17 19:46:35,227] {dag.py:2420} INFO - Sync 1 DAGs
[2022-07-17 19:46:35,251] {logging_mixin.py:115} INFO - [2022-07-17 19:46:35,250] {dag.py:2972} INFO - Setting next_dagrun for example_time_delta_sensor_async to None, run_after=None
[2022-07-17 19:46:35,263] {processor.py:161} INFO - Processing /home/airflow/.local/lib/python3.7/site-packages/airflow/example_dags/example_time_delta_sensor_async.py took 0.093 seconds
[2022-07-17 19:47:05,392] {processor.py:153} INFO - Started process (PID=1270) to work on /home/airflow/.local/lib/python3.7/site-packages/airflow/example_dags/example_time_delta_sensor_async.py
[2022-07-17 19:47:05,392] {processor.py:641} INFO - Processing file /home/airflow/.local/lib/python3.7/site-packages/airflow/example_dags/example_time_delta_sensor_async.py for tasks to queue
[2022-07-17 19:47:05,393] {logging_mixin.py:115} INFO - [2022-07-17 19:47:05,393] {dagbag.py:508} INFO - Filling up the DagBag from /home/airflow/.local/lib/python3.7/site-packages/airflow/example_dags/example_time_delta_sensor_async.py
[2022-07-17 19:47:05,398] {processor.py:651} INFO - DAG(s) dict_keys(['example_time_delta_sensor_async']) retrieved from /home/airflow/.local/lib/python3.7/site-packages/airflow/example_dags/example_time_delta_sensor_async.py
[2022-07-17 19:47:05,445] {logging_mixin.py:115} INFO - [2022-07-17 19:47:05,445] {dag.py:2420} INFO - Sync 1 DAGs
[2022-07-17 19:47:05,475] {logging_mixin.py:115} INFO - [2022-07-17 19:47:05,475] {dag.py:2972} INFO - Setting next_dagrun for example_time_delta_sensor_async to None, run_after=None
[2022-07-17 19:47:05,490] {processor.py:161} INFO - Processing /home/airflow/.local/lib/python3.7/site-packages/airflow/example_dags/example_time_delta_sensor_async.py took 0.102 seconds
[2022-07-17 19:47:35,699] {processor.py:153} INFO - Started process (PID=1325) to work on /home/airflow/.local/lib/python3.7/site-packages/airflow/example_dags/example_time_delta_sensor_async.py
[2022-07-17 19:47:35,700] {processor.py:641} INFO - Processing file /home/airflow/.local/lib/python3.7/site-packages/airflow/example_dags/example_time_delta_sensor_async.py for tasks to queue
[2022-07-17 19:47:35,700] {logging_mixin.py:115} INFO - [2022-07-17 19:47:35,700] {dagbag.py:508} INFO - Filling up the DagBag from /home/airflow/.local/lib/python3.7/site-packages/airflow/example_dags/example_time_delta_sensor_async.py
[2022-07-17 19:47:35,706] {processor.py:651} INFO - DAG(s) dict_keys(['example_time_delta_sensor_async']) retrieved from /home/airflow/.local/lib/python3.7/site-packages/airflow/example_dags/example_time_delta_sensor_async.py
[2022-07-17 19:47:35,750] {logging_mixin.py:115} INFO - [2022-07-17 19:47:35,750] {dag.py:2420} INFO - Sync 1 DAGs
[2022-07-17 19:47:35,773] {logging_mixin.py:115} INFO - [2022-07-17 19:47:35,773] {dag.py:2972} INFO - Setting next_dagrun for example_time_delta_sensor_async to None, run_after=None
[2022-07-17 19:47:35,785] {processor.py:161} INFO - Processing /home/airflow/.local/lib/python3.7/site-packages/airflow/example_dags/example_time_delta_sensor_async.py took 0.090 seconds
[2022-07-17 19:48:05,985] {processor.py:153} INFO - Started process (PID=1392) to work on /home/airflow/.local/lib/python3.7/site-packages/airflow/example_dags/example_time_delta_sensor_async.py
[2022-07-17 19:48:05,986] {processor.py:641} INFO - Processing file /home/airflow/.local/lib/python3.7/site-packages/airflow/example_dags/example_time_delta_sensor_async.py for tasks to queue
[2022-07-17 19:48:05,986] {logging_mixin.py:115} INFO - [2022-07-17 19:48:05,986] {dagbag.py:508} INFO - Filling up the DagBag from /home/airflow/.local/lib/python3.7/site-packages/airflow/example_dags/example_time_delta_sensor_async.py
[2022-07-17 19:48:05,990] {processor.py:651} INFO - DAG(s) dict_keys(['example_time_delta_sensor_async']) retrieved from /home/airflow/.local/lib/python3.7/site-packages/airflow/example_dags/example_time_delta_sensor_async.py
[2022-07-17 19:48:06,030] {logging_mixin.py:115} INFO - [2022-07-17 19:48:06,030] {dag.py:2420} INFO - Sync 1 DAGs
[2022-07-17 19:48:06,064] {logging_mixin.py:115} INFO - [2022-07-17 19:48:06,064] {dag.py:2972} INFO - Setting next_dagrun for example_time_delta_sensor_async to None, run_after=None
[2022-07-17 19:48:06,081] {processor.py:161} INFO - Processing /home/airflow/.local/lib/python3.7/site-packages/airflow/example_dags/example_time_delta_sensor_async.py took 0.098 seconds
[2022-07-17 19:48:36,342] {processor.py:153} INFO - Started process (PID=1447) to work on /home/airflow/.local/lib/python3.7/site-packages/airflow/example_dags/example_time_delta_sensor_async.py
[2022-07-17 19:48:36,343] {processor.py:641} INFO - Processing file /home/airflow/.local/lib/python3.7/site-packages/airflow/example_dags/example_time_delta_sensor_async.py for tasks to queue
[2022-07-17 19:48:36,343] {logging_mixin.py:115} INFO - [2022-07-17 19:48:36,343] {dagbag.py:508} INFO - Filling up the DagBag from /home/airflow/.local/lib/python3.7/site-packages/airflow/example_dags/example_time_delta_sensor_async.py
[2022-07-17 19:48:36,348] {processor.py:651} INFO - DAG(s) dict_keys(['example_time_delta_sensor_async']) retrieved from /home/airflow/.local/lib/python3.7/site-packages/airflow/example_dags/example_time_delta_sensor_async.py
[2022-07-17 19:48:36,395] {logging_mixin.py:115} INFO - [2022-07-17 19:48:36,395] {dag.py:2420} INFO - Sync 1 DAGs
[2022-07-17 19:48:36,421] {logging_mixin.py:115} INFO - [2022-07-17 19:48:36,421] {dag.py:2972} INFO - Setting next_dagrun for example_time_delta_sensor_async to None, run_after=None
[2022-07-17 19:48:36,434] {processor.py:161} INFO - Processing /home/airflow/.local/lib/python3.7/site-packages/airflow/example_dags/example_time_delta_sensor_async.py took 0.096 seconds
[2022-07-17 19:49:06,689] {processor.py:153} INFO - Started process (PID=1512) to work on /home/airflow/.local/lib/python3.7/site-packages/airflow/example_dags/example_time_delta_sensor_async.py
[2022-07-17 19:49:06,690] {processor.py:641} INFO - Processing file /home/airflow/.local/lib/python3.7/site-packages/airflow/example_dags/example_time_delta_sensor_async.py for tasks to queue
[2022-07-17 19:49:06,691] {logging_mixin.py:115} INFO - [2022-07-17 19:49:06,690] {dagbag.py:508} INFO - Filling up the DagBag from /home/airflow/.local/lib/python3.7/site-packages/airflow/example_dags/example_time_delta_sensor_async.py
[2022-07-17 19:49:06,698] {processor.py:651} INFO - DAG(s) dict_keys(['example_time_delta_sensor_async']) retrieved from /home/airflow/.local/lib/python3.7/site-packages/airflow/example_dags/example_time_delta_sensor_async.py
[2022-07-17 19:49:06,750] {logging_mixin.py:115} INFO - [2022-07-17 19:49:06,750] {dag.py:2420} INFO - Sync 1 DAGs
[2022-07-17 19:49:06,781] {logging_mixin.py:115} INFO - [2022-07-17 19:49:06,781] {dag.py:2972} INFO - Setting next_dagrun for example_time_delta_sensor_async to None, run_after=None
[2022-07-17 19:49:06,795] {processor.py:161} INFO - Processing /home/airflow/.local/lib/python3.7/site-packages/airflow/example_dags/example_time_delta_sensor_async.py took 0.112 seconds
[2022-07-17 19:49:37,027] {processor.py:153} INFO - Started process (PID=1565) to work on /home/airflow/.local/lib/python3.7/site-packages/airflow/example_dags/example_time_delta_sensor_async.py
[2022-07-17 19:49:37,028] {processor.py:641} INFO - Processing file /home/airflow/.local/lib/python3.7/site-packages/airflow/example_dags/example_time_delta_sensor_async.py for tasks to queue
[2022-07-17 19:49:37,029] {logging_mixin.py:115} INFO - [2022-07-17 19:49:37,029] {dagbag.py:508} INFO - Filling up the DagBag from /home/airflow/.local/lib/python3.7/site-packages/airflow/example_dags/example_time_delta_sensor_async.py
[2022-07-17 19:49:37,036] {processor.py:651} INFO - DAG(s) dict_keys(['example_time_delta_sensor_async']) retrieved from /home/airflow/.local/lib/python3.7/site-packages/airflow/example_dags/example_time_delta_sensor_async.py
[2022-07-17 19:49:37,119] {logging_mixin.py:115} INFO - [2022-07-17 19:49:37,119] {dag.py:2420} INFO - Sync 1 DAGs
[2022-07-17 19:49:37,166] {logging_mixin.py:115} INFO - [2022-07-17 19:49:37,165] {dag.py:2972} INFO - Setting next_dagrun for example_time_delta_sensor_async to None, run_after=None
[2022-07-17 19:49:37,186] {processor.py:161} INFO - Processing /home/airflow/.local/lib/python3.7/site-packages/airflow/example_dags/example_time_delta_sensor_async.py took 0.164 seconds
[2022-07-17 19:50:07,495] {processor.py:153} INFO - Started process (PID=1629) to work on /home/airflow/.local/lib/python3.7/site-packages/airflow/example_dags/example_time_delta_sensor_async.py
[2022-07-17 19:50:07,496] {processor.py:641} INFO - Processing file /home/airflow/.local/lib/python3.7/site-packages/airflow/example_dags/example_time_delta_sensor_async.py for tasks to queue
[2022-07-17 19:50:07,496] {logging_mixin.py:115} INFO - [2022-07-17 19:50:07,496] {dagbag.py:508} INFO - Filling up the DagBag from /home/airflow/.local/lib/python3.7/site-packages/airflow/example_dags/example_time_delta_sensor_async.py
[2022-07-17 19:50:07,501] {processor.py:651} INFO - DAG(s) dict_keys(['example_time_delta_sensor_async']) retrieved from /home/airflow/.local/lib/python3.7/site-packages/airflow/example_dags/example_time_delta_sensor_async.py
[2022-07-17 19:50:07,550] {logging_mixin.py:115} INFO - [2022-07-17 19:50:07,550] {dag.py:2420} INFO - Sync 1 DAGs
[2022-07-17 19:50:07,574] {logging_mixin.py:115} INFO - [2022-07-17 19:50:07,574] {dag.py:2972} INFO - Setting next_dagrun for example_time_delta_sensor_async to None, run_after=None
[2022-07-17 19:50:07,585] {processor.py:161} INFO - Processing /home/airflow/.local/lib/python3.7/site-packages/airflow/example_dags/example_time_delta_sensor_async.py took 0.094 seconds
[2022-07-17 19:50:37,746] {processor.py:153} INFO - Started process (PID=1696) to work on /home/airflow/.local/lib/python3.7/site-packages/airflow/example_dags/example_time_delta_sensor_async.py
[2022-07-17 19:50:37,747] {processor.py:641} INFO - Processing file /home/airflow/.local/lib/python3.7/site-packages/airflow/example_dags/example_time_delta_sensor_async.py for tasks to queue
[2022-07-17 19:50:37,747] {logging_mixin.py:115} INFO - [2022-07-17 19:50:37,747] {dagbag.py:508} INFO - Filling up the DagBag from /home/airflow/.local/lib/python3.7/site-packages/airflow/example_dags/example_time_delta_sensor_async.py
[2022-07-17 19:50:37,752] {processor.py:651} INFO - DAG(s) dict_keys(['example_time_delta_sensor_async']) retrieved from /home/airflow/.local/lib/python3.7/site-packages/airflow/example_dags/example_time_delta_sensor_async.py
[2022-07-17 19:50:37,809] {logging_mixin.py:115} INFO - [2022-07-17 19:50:37,809] {dag.py:2420} INFO - Sync 1 DAGs
[2022-07-17 19:50:37,842] {logging_mixin.py:115} INFO - [2022-07-17 19:50:37,842] {dag.py:2972} INFO - Setting next_dagrun for example_time_delta_sensor_async to None, run_after=None
[2022-07-17 19:50:37,855] {processor.py:161} INFO - Processing /home/airflow/.local/lib/python3.7/site-packages/airflow/example_dags/example_time_delta_sensor_async.py took 0.112 seconds
[2022-07-17 19:51:08,271] {processor.py:153} INFO - Started process (PID=1753) to work on /home/airflow/.local/lib/python3.7/site-packages/airflow/example_dags/example_time_delta_sensor_async.py
[2022-07-17 19:51:08,271] {processor.py:641} INFO - Processing file /home/airflow/.local/lib/python3.7/site-packages/airflow/example_dags/example_time_delta_sensor_async.py for tasks to queue
[2022-07-17 19:51:08,272] {logging_mixin.py:115} INFO - [2022-07-17 19:51:08,272] {dagbag.py:508} INFO - Filling up the DagBag from /home/airflow/.local/lib/python3.7/site-packages/airflow/example_dags/example_time_delta_sensor_async.py
[2022-07-17 19:51:08,277] {processor.py:651} INFO - DAG(s) dict_keys(['example_time_delta_sensor_async']) retrieved from /home/airflow/.local/lib/python3.7/site-packages/airflow/example_dags/example_time_delta_sensor_async.py
[2022-07-17 19:51:08,323] {logging_mixin.py:115} INFO - [2022-07-17 19:51:08,323] {dag.py:2420} INFO - Sync 1 DAGs
[2022-07-17 19:51:08,348] {logging_mixin.py:115} INFO - [2022-07-17 19:51:08,348] {dag.py:2972} INFO - Setting next_dagrun for example_time_delta_sensor_async to None, run_after=None
[2022-07-17 19:51:08,361] {processor.py:161} INFO - Processing /home/airflow/.local/lib/python3.7/site-packages/airflow/example_dags/example_time_delta_sensor_async.py took 0.093 seconds
[2022-07-17 19:51:38,428] {processor.py:153} INFO - Started process (PID=1817) to work on /home/airflow/.local/lib/python3.7/site-packages/airflow/example_dags/example_time_delta_sensor_async.py
[2022-07-17 19:51:38,428] {processor.py:641} INFO - Processing file /home/airflow/.local/lib/python3.7/site-packages/airflow/example_dags/example_time_delta_sensor_async.py for tasks to queue
[2022-07-17 19:51:38,429] {logging_mixin.py:115} INFO - [2022-07-17 19:51:38,429] {dagbag.py:508} INFO - Filling up the DagBag from /home/airflow/.local/lib/python3.7/site-packages/airflow/example_dags/example_time_delta_sensor_async.py
[2022-07-17 19:51:38,434] {processor.py:651} INFO - DAG(s) dict_keys(['example_time_delta_sensor_async']) retrieved from /home/airflow/.local/lib/python3.7/site-packages/airflow/example_dags/example_time_delta_sensor_async.py
[2022-07-17 19:51:38,479] {logging_mixin.py:115} INFO - [2022-07-17 19:51:38,478] {dag.py:2420} INFO - Sync 1 DAGs
[2022-07-17 19:51:38,504] {logging_mixin.py:115} INFO - [2022-07-17 19:51:38,504] {dag.py:2972} INFO - Setting next_dagrun for example_time_delta_sensor_async to None, run_after=None
[2022-07-17 19:51:38,517] {processor.py:161} INFO - Processing /home/airflow/.local/lib/python3.7/site-packages/airflow/example_dags/example_time_delta_sensor_async.py took 0.092 seconds
[2022-07-17 19:52:08,898] {processor.py:153} INFO - Started process (PID=1872) to work on /home/airflow/.local/lib/python3.7/site-packages/airflow/example_dags/example_time_delta_sensor_async.py
[2022-07-17 19:52:08,898] {processor.py:641} INFO - Processing file /home/airflow/.local/lib/python3.7/site-packages/airflow/example_dags/example_time_delta_sensor_async.py for tasks to queue
[2022-07-17 19:52:08,899] {logging_mixin.py:115} INFO - [2022-07-17 19:52:08,899] {dagbag.py:508} INFO - Filling up the DagBag from /home/airflow/.local/lib/python3.7/site-packages/airflow/example_dags/example_time_delta_sensor_async.py
[2022-07-17 19:52:08,904] {processor.py:651} INFO - DAG(s) dict_keys(['example_time_delta_sensor_async']) retrieved from /home/airflow/.local/lib/python3.7/site-packages/airflow/example_dags/example_time_delta_sensor_async.py
[2022-07-17 19:52:08,944] {logging_mixin.py:115} INFO - [2022-07-17 19:52:08,944] {dag.py:2420} INFO - Sync 1 DAGs
[2022-07-17 19:52:08,967] {logging_mixin.py:115} INFO - [2022-07-17 19:52:08,967] {dag.py:2972} INFO - Setting next_dagrun for example_time_delta_sensor_async to None, run_after=None
[2022-07-17 19:52:08,981] {processor.py:161} INFO - Processing /home/airflow/.local/lib/python3.7/site-packages/airflow/example_dags/example_time_delta_sensor_async.py took 0.086 seconds
[2022-07-17 19:52:39,147] {processor.py:153} INFO - Started process (PID=1936) to work on /home/airflow/.local/lib/python3.7/site-packages/airflow/example_dags/example_time_delta_sensor_async.py
[2022-07-17 19:52:39,148] {processor.py:641} INFO - Processing file /home/airflow/.local/lib/python3.7/site-packages/airflow/example_dags/example_time_delta_sensor_async.py for tasks to queue
[2022-07-17 19:52:39,149] {logging_mixin.py:115} INFO - [2022-07-17 19:52:39,148] {dagbag.py:508} INFO - Filling up the DagBag from /home/airflow/.local/lib/python3.7/site-packages/airflow/example_dags/example_time_delta_sensor_async.py
[2022-07-17 19:52:39,154] {processor.py:651} INFO - DAG(s) dict_keys(['example_time_delta_sensor_async']) retrieved from /home/airflow/.local/lib/python3.7/site-packages/airflow/example_dags/example_time_delta_sensor_async.py
[2022-07-17 19:52:39,202] {logging_mixin.py:115} INFO - [2022-07-17 19:52:39,202] {dag.py:2420} INFO - Sync 1 DAGs
[2022-07-17 19:52:39,228] {logging_mixin.py:115} INFO - [2022-07-17 19:52:39,228] {dag.py:2972} INFO - Setting next_dagrun for example_time_delta_sensor_async to None, run_after=None
[2022-07-17 19:52:39,242] {processor.py:161} INFO - Processing /home/airflow/.local/lib/python3.7/site-packages/airflow/example_dags/example_time_delta_sensor_async.py took 0.098 seconds
[2022-07-17 19:53:09,419] {processor.py:153} INFO - Started process (PID=1990) to work on /home/airflow/.local/lib/python3.7/site-packages/airflow/example_dags/example_time_delta_sensor_async.py
[2022-07-17 19:53:09,420] {processor.py:641} INFO - Processing file /home/airflow/.local/lib/python3.7/site-packages/airflow/example_dags/example_time_delta_sensor_async.py for tasks to queue
[2022-07-17 19:53:09,420] {logging_mixin.py:115} INFO - [2022-07-17 19:53:09,420] {dagbag.py:508} INFO - Filling up the DagBag from /home/airflow/.local/lib/python3.7/site-packages/airflow/example_dags/example_time_delta_sensor_async.py
[2022-07-17 19:53:09,426] {processor.py:651} INFO - DAG(s) dict_keys(['example_time_delta_sensor_async']) retrieved from /home/airflow/.local/lib/python3.7/site-packages/airflow/example_dags/example_time_delta_sensor_async.py
[2022-07-17 19:53:09,481] {logging_mixin.py:115} INFO - [2022-07-17 19:53:09,481] {dag.py:2420} INFO - Sync 1 DAGs
[2022-07-17 19:53:09,508] {logging_mixin.py:115} INFO - [2022-07-17 19:53:09,508] {dag.py:2972} INFO - Setting next_dagrun for example_time_delta_sensor_async to None, run_after=None
[2022-07-17 19:53:09,521] {processor.py:161} INFO - Processing /home/airflow/.local/lib/python3.7/site-packages/airflow/example_dags/example_time_delta_sensor_async.py took 0.106 seconds
[2022-07-17 19:53:39,828] {processor.py:153} INFO - Started process (PID=2053) to work on /home/airflow/.local/lib/python3.7/site-packages/airflow/example_dags/example_time_delta_sensor_async.py
[2022-07-17 19:53:39,828] {processor.py:641} INFO - Processing file /home/airflow/.local/lib/python3.7/site-packages/airflow/example_dags/example_time_delta_sensor_async.py for tasks to queue
[2022-07-17 19:53:39,829] {logging_mixin.py:115} INFO - [2022-07-17 19:53:39,829] {dagbag.py:508} INFO - Filling up the DagBag from /home/airflow/.local/lib/python3.7/site-packages/airflow/example_dags/example_time_delta_sensor_async.py
[2022-07-17 19:53:39,834] {processor.py:651} INFO - DAG(s) dict_keys(['example_time_delta_sensor_async']) retrieved from /home/airflow/.local/lib/python3.7/site-packages/airflow/example_dags/example_time_delta_sensor_async.py
[2022-07-17 19:53:39,878] {logging_mixin.py:115} INFO - [2022-07-17 19:53:39,878] {dag.py:2420} INFO - Sync 1 DAGs
[2022-07-17 19:53:39,901] {logging_mixin.py:115} INFO - [2022-07-17 19:53:39,901] {dag.py:2972} INFO - Setting next_dagrun for example_time_delta_sensor_async to None, run_after=None
[2022-07-17 19:53:39,913] {processor.py:161} INFO - Processing /home/airflow/.local/lib/python3.7/site-packages/airflow/example_dags/example_time_delta_sensor_async.py took 0.088 seconds
[2022-07-17 19:54:10,053] {processor.py:153} INFO - Started process (PID=2118) to work on /home/airflow/.local/lib/python3.7/site-packages/airflow/example_dags/example_time_delta_sensor_async.py
[2022-07-17 19:54:10,054] {processor.py:641} INFO - Processing file /home/airflow/.local/lib/python3.7/site-packages/airflow/example_dags/example_time_delta_sensor_async.py for tasks to queue
[2022-07-17 19:54:10,055] {logging_mixin.py:115} INFO - [2022-07-17 19:54:10,055] {dagbag.py:508} INFO - Filling up the DagBag from /home/airflow/.local/lib/python3.7/site-packages/airflow/example_dags/example_time_delta_sensor_async.py
[2022-07-17 19:54:10,062] {processor.py:651} INFO - DAG(s) dict_keys(['example_time_delta_sensor_async']) retrieved from /home/airflow/.local/lib/python3.7/site-packages/airflow/example_dags/example_time_delta_sensor_async.py
[2022-07-17 19:54:10,118] {logging_mixin.py:115} INFO - [2022-07-17 19:54:10,118] {dag.py:2420} INFO - Sync 1 DAGs
[2022-07-17 19:54:10,142] {logging_mixin.py:115} INFO - [2022-07-17 19:54:10,142] {dag.py:2972} INFO - Setting next_dagrun for example_time_delta_sensor_async to None, run_after=None
[2022-07-17 19:54:10,157] {processor.py:161} INFO - Processing /home/airflow/.local/lib/python3.7/site-packages/airflow/example_dags/example_time_delta_sensor_async.py took 0.109 seconds
[2022-07-17 19:54:40,282] {processor.py:153} INFO - Started process (PID=2173) to work on /home/airflow/.local/lib/python3.7/site-packages/airflow/example_dags/example_time_delta_sensor_async.py
[2022-07-17 19:54:40,283] {processor.py:641} INFO - Processing file /home/airflow/.local/lib/python3.7/site-packages/airflow/example_dags/example_time_delta_sensor_async.py for tasks to queue
[2022-07-17 19:54:40,283] {logging_mixin.py:115} INFO - [2022-07-17 19:54:40,283] {dagbag.py:508} INFO - Filling up the DagBag from /home/airflow/.local/lib/python3.7/site-packages/airflow/example_dags/example_time_delta_sensor_async.py
[2022-07-17 19:54:40,290] {processor.py:651} INFO - DAG(s) dict_keys(['example_time_delta_sensor_async']) retrieved from /home/airflow/.local/lib/python3.7/site-packages/airflow/example_dags/example_time_delta_sensor_async.py
[2022-07-17 19:54:40,336] {logging_mixin.py:115} INFO - [2022-07-17 19:54:40,336] {dag.py:2420} INFO - Sync 1 DAGs
[2022-07-17 19:54:40,363] {logging_mixin.py:115} INFO - [2022-07-17 19:54:40,362] {dag.py:2972} INFO - Setting next_dagrun for example_time_delta_sensor_async to None, run_after=None
[2022-07-17 19:54:40,376] {processor.py:161} INFO - Processing /home/airflow/.local/lib/python3.7/site-packages/airflow/example_dags/example_time_delta_sensor_async.py took 0.098 seconds
[2022-07-17 19:55:10,486] {processor.py:153} INFO - Started process (PID=2237) to work on /home/airflow/.local/lib/python3.7/site-packages/airflow/example_dags/example_time_delta_sensor_async.py
[2022-07-17 19:55:10,487] {processor.py:641} INFO - Processing file /home/airflow/.local/lib/python3.7/site-packages/airflow/example_dags/example_time_delta_sensor_async.py for tasks to queue
[2022-07-17 19:55:10,487] {logging_mixin.py:115} INFO - [2022-07-17 19:55:10,487] {dagbag.py:508} INFO - Filling up the DagBag from /home/airflow/.local/lib/python3.7/site-packages/airflow/example_dags/example_time_delta_sensor_async.py
[2022-07-17 19:55:10,493] {processor.py:651} INFO - DAG(s) dict_keys(['example_time_delta_sensor_async']) retrieved from /home/airflow/.local/lib/python3.7/site-packages/airflow/example_dags/example_time_delta_sensor_async.py
[2022-07-17 19:55:10,537] {logging_mixin.py:115} INFO - [2022-07-17 19:55:10,537] {dag.py:2420} INFO - Sync 1 DAGs
[2022-07-17 19:55:10,560] {logging_mixin.py:115} INFO - [2022-07-17 19:55:10,560] {dag.py:2972} INFO - Setting next_dagrun for example_time_delta_sensor_async to None, run_after=None
[2022-07-17 19:55:10,571] {processor.py:161} INFO - Processing /home/airflow/.local/lib/python3.7/site-packages/airflow/example_dags/example_time_delta_sensor_async.py took 0.089 seconds
[2022-07-17 19:55:41,011] {processor.py:153} INFO - Started process (PID=2294) to work on /home/airflow/.local/lib/python3.7/site-packages/airflow/example_dags/example_time_delta_sensor_async.py
[2022-07-17 19:55:41,012] {processor.py:641} INFO - Processing file /home/airflow/.local/lib/python3.7/site-packages/airflow/example_dags/example_time_delta_sensor_async.py for tasks to queue
[2022-07-17 19:55:41,012] {logging_mixin.py:115} INFO - [2022-07-17 19:55:41,012] {dagbag.py:508} INFO - Filling up the DagBag from /home/airflow/.local/lib/python3.7/site-packages/airflow/example_dags/example_time_delta_sensor_async.py
[2022-07-17 19:55:41,018] {processor.py:651} INFO - DAG(s) dict_keys(['example_time_delta_sensor_async']) retrieved from /home/airflow/.local/lib/python3.7/site-packages/airflow/example_dags/example_time_delta_sensor_async.py
[2022-07-17 19:55:41,062] {logging_mixin.py:115} INFO - [2022-07-17 19:55:41,062] {dag.py:2420} INFO - Sync 1 DAGs
[2022-07-17 19:55:41,085] {logging_mixin.py:115} INFO - [2022-07-17 19:55:41,085] {dag.py:2972} INFO - Setting next_dagrun for example_time_delta_sensor_async to None, run_after=None
[2022-07-17 19:55:41,097] {processor.py:161} INFO - Processing /home/airflow/.local/lib/python3.7/site-packages/airflow/example_dags/example_time_delta_sensor_async.py took 0.089 seconds
[2022-07-17 19:56:11,655] {processor.py:153} INFO - Started process (PID=2360) to work on /home/airflow/.local/lib/python3.7/site-packages/airflow/example_dags/example_time_delta_sensor_async.py
[2022-07-17 19:56:11,655] {processor.py:641} INFO - Processing file /home/airflow/.local/lib/python3.7/site-packages/airflow/example_dags/example_time_delta_sensor_async.py for tasks to queue
[2022-07-17 19:56:11,656] {logging_mixin.py:115} INFO - [2022-07-17 19:56:11,656] {dagbag.py:508} INFO - Filling up the DagBag from /home/airflow/.local/lib/python3.7/site-packages/airflow/example_dags/example_time_delta_sensor_async.py
[2022-07-17 19:56:11,662] {processor.py:651} INFO - DAG(s) dict_keys(['example_time_delta_sensor_async']) retrieved from /home/airflow/.local/lib/python3.7/site-packages/airflow/example_dags/example_time_delta_sensor_async.py
[2022-07-17 19:56:11,722] {logging_mixin.py:115} INFO - [2022-07-17 19:56:11,722] {dag.py:2420} INFO - Sync 1 DAGs
[2022-07-17 19:56:11,751] {logging_mixin.py:115} INFO - [2022-07-17 19:56:11,751] {dag.py:2972} INFO - Setting next_dagrun for example_time_delta_sensor_async to None, run_after=None
[2022-07-17 19:56:11,764] {processor.py:161} INFO - Processing /home/airflow/.local/lib/python3.7/site-packages/airflow/example_dags/example_time_delta_sensor_async.py took 0.112 seconds
[2022-07-17 19:56:41,819] {processor.py:153} INFO - Started process (PID=2415) to work on /home/airflow/.local/lib/python3.7/site-packages/airflow/example_dags/example_time_delta_sensor_async.py
[2022-07-17 19:56:41,819] {processor.py:641} INFO - Processing file /home/airflow/.local/lib/python3.7/site-packages/airflow/example_dags/example_time_delta_sensor_async.py for tasks to queue
[2022-07-17 19:56:41,820] {logging_mixin.py:115} INFO - [2022-07-17 19:56:41,820] {dagbag.py:508} INFO - Filling up the DagBag from /home/airflow/.local/lib/python3.7/site-packages/airflow/example_dags/example_time_delta_sensor_async.py
[2022-07-17 19:56:41,826] {processor.py:651} INFO - DAG(s) dict_keys(['example_time_delta_sensor_async']) retrieved from /home/airflow/.local/lib/python3.7/site-packages/airflow/example_dags/example_time_delta_sensor_async.py
[2022-07-17 19:56:41,871] {logging_mixin.py:115} INFO - [2022-07-17 19:56:41,871] {dag.py:2420} INFO - Sync 1 DAGs
[2022-07-17 19:56:41,894] {logging_mixin.py:115} INFO - [2022-07-17 19:56:41,894] {dag.py:2972} INFO - Setting next_dagrun for example_time_delta_sensor_async to None, run_after=None
[2022-07-17 19:56:41,907] {processor.py:161} INFO - Processing /home/airflow/.local/lib/python3.7/site-packages/airflow/example_dags/example_time_delta_sensor_async.py took 0.092 seconds
[2022-07-17 19:57:12,026] {processor.py:153} INFO - Started process (PID=2479) to work on /home/airflow/.local/lib/python3.7/site-packages/airflow/example_dags/example_time_delta_sensor_async.py
[2022-07-17 19:57:12,027] {processor.py:641} INFO - Processing file /home/airflow/.local/lib/python3.7/site-packages/airflow/example_dags/example_time_delta_sensor_async.py for tasks to queue
[2022-07-17 19:57:12,027] {logging_mixin.py:115} INFO - [2022-07-17 19:57:12,027] {dagbag.py:508} INFO - Filling up the DagBag from /home/airflow/.local/lib/python3.7/site-packages/airflow/example_dags/example_time_delta_sensor_async.py
[2022-07-17 19:57:12,032] {processor.py:651} INFO - DAG(s) dict_keys(['example_time_delta_sensor_async']) retrieved from /home/airflow/.local/lib/python3.7/site-packages/airflow/example_dags/example_time_delta_sensor_async.py
[2022-07-17 19:57:12,076] {logging_mixin.py:115} INFO - [2022-07-17 19:57:12,076] {dag.py:2420} INFO - Sync 1 DAGs
[2022-07-17 19:57:12,099] {logging_mixin.py:115} INFO - [2022-07-17 19:57:12,099] {dag.py:2972} INFO - Setting next_dagrun for example_time_delta_sensor_async to None, run_after=None
[2022-07-17 19:57:12,111] {processor.py:161} INFO - Processing /home/airflow/.local/lib/python3.7/site-packages/airflow/example_dags/example_time_delta_sensor_async.py took 0.088 seconds
[2022-07-17 19:57:42,277] {processor.py:153} INFO - Started process (PID=2543) to work on /home/airflow/.local/lib/python3.7/site-packages/airflow/example_dags/example_time_delta_sensor_async.py
[2022-07-17 19:57:42,278] {processor.py:641} INFO - Processing file /home/airflow/.local/lib/python3.7/site-packages/airflow/example_dags/example_time_delta_sensor_async.py for tasks to queue
[2022-07-17 19:57:42,278] {logging_mixin.py:115} INFO - [2022-07-17 19:57:42,278] {dagbag.py:508} INFO - Filling up the DagBag from /home/airflow/.local/lib/python3.7/site-packages/airflow/example_dags/example_time_delta_sensor_async.py
[2022-07-17 19:57:42,282] {processor.py:651} INFO - DAG(s) dict_keys(['example_time_delta_sensor_async']) retrieved from /home/airflow/.local/lib/python3.7/site-packages/airflow/example_dags/example_time_delta_sensor_async.py
[2022-07-17 19:57:42,322] {logging_mixin.py:115} INFO - [2022-07-17 19:57:42,322] {dag.py:2420} INFO - Sync 1 DAGs
[2022-07-17 19:57:42,345] {logging_mixin.py:115} INFO - [2022-07-17 19:57:42,345] {dag.py:2972} INFO - Setting next_dagrun for example_time_delta_sensor_async to None, run_after=None
[2022-07-17 19:57:42,357] {processor.py:161} INFO - Processing /home/airflow/.local/lib/python3.7/site-packages/airflow/example_dags/example_time_delta_sensor_async.py took 0.083 seconds
[2022-07-17 19:58:12,494] {processor.py:153} INFO - Started process (PID=2598) to work on /home/airflow/.local/lib/python3.7/site-packages/airflow/example_dags/example_time_delta_sensor_async.py
[2022-07-17 19:58:12,495] {processor.py:641} INFO - Processing file /home/airflow/.local/lib/python3.7/site-packages/airflow/example_dags/example_time_delta_sensor_async.py for tasks to queue
[2022-07-17 19:58:12,495] {logging_mixin.py:115} INFO - [2022-07-17 19:58:12,495] {dagbag.py:508} INFO - Filling up the DagBag from /home/airflow/.local/lib/python3.7/site-packages/airflow/example_dags/example_time_delta_sensor_async.py
[2022-07-17 19:58:12,501] {processor.py:651} INFO - DAG(s) dict_keys(['example_time_delta_sensor_async']) retrieved from /home/airflow/.local/lib/python3.7/site-packages/airflow/example_dags/example_time_delta_sensor_async.py
[2022-07-17 19:58:12,548] {logging_mixin.py:115} INFO - [2022-07-17 19:58:12,548] {dag.py:2420} INFO - Sync 1 DAGs
[2022-07-17 19:58:12,576] {logging_mixin.py:115} INFO - [2022-07-17 19:58:12,576] {dag.py:2972} INFO - Setting next_dagrun for example_time_delta_sensor_async to None, run_after=None
[2022-07-17 19:58:12,589] {processor.py:161} INFO - Processing /home/airflow/.local/lib/python3.7/site-packages/airflow/example_dags/example_time_delta_sensor_async.py took 0.100 seconds
[2022-07-17 19:58:42,613] {processor.py:153} INFO - Started process (PID=2662) to work on /home/airflow/.local/lib/python3.7/site-packages/airflow/example_dags/example_time_delta_sensor_async.py
[2022-07-17 19:58:42,613] {processor.py:641} INFO - Processing file /home/airflow/.local/lib/python3.7/site-packages/airflow/example_dags/example_time_delta_sensor_async.py for tasks to queue
[2022-07-17 19:58:42,614] {logging_mixin.py:115} INFO - [2022-07-17 19:58:42,614] {dagbag.py:508} INFO - Filling up the DagBag from /home/airflow/.local/lib/python3.7/site-packages/airflow/example_dags/example_time_delta_sensor_async.py
[2022-07-17 19:58:42,619] {processor.py:651} INFO - DAG(s) dict_keys(['example_time_delta_sensor_async']) retrieved from /home/airflow/.local/lib/python3.7/site-packages/airflow/example_dags/example_time_delta_sensor_async.py
[2022-07-17 19:58:42,662] {logging_mixin.py:115} INFO - [2022-07-17 19:58:42,662] {dag.py:2420} INFO - Sync 1 DAGs
[2022-07-17 19:58:42,685] {logging_mixin.py:115} INFO - [2022-07-17 19:58:42,685] {dag.py:2972} INFO - Setting next_dagrun for example_time_delta_sensor_async to None, run_after=None
[2022-07-17 19:58:42,699] {processor.py:161} INFO - Processing /home/airflow/.local/lib/python3.7/site-packages/airflow/example_dags/example_time_delta_sensor_async.py took 0.090 seconds
[2022-07-17 19:59:13,071] {processor.py:153} INFO - Started process (PID=2717) to work on /home/airflow/.local/lib/python3.7/site-packages/airflow/example_dags/example_time_delta_sensor_async.py
[2022-07-17 19:59:13,071] {processor.py:641} INFO - Processing file /home/airflow/.local/lib/python3.7/site-packages/airflow/example_dags/example_time_delta_sensor_async.py for tasks to queue
[2022-07-17 19:59:13,072] {logging_mixin.py:115} INFO - [2022-07-17 19:59:13,072] {dagbag.py:508} INFO - Filling up the DagBag from /home/airflow/.local/lib/python3.7/site-packages/airflow/example_dags/example_time_delta_sensor_async.py
[2022-07-17 19:59:13,077] {processor.py:651} INFO - DAG(s) dict_keys(['example_time_delta_sensor_async']) retrieved from /home/airflow/.local/lib/python3.7/site-packages/airflow/example_dags/example_time_delta_sensor_async.py
[2022-07-17 19:59:13,121] {logging_mixin.py:115} INFO - [2022-07-17 19:59:13,121] {dag.py:2420} INFO - Sync 1 DAGs
[2022-07-17 19:59:13,145] {logging_mixin.py:115} INFO - [2022-07-17 19:59:13,145] {dag.py:2972} INFO - Setting next_dagrun for example_time_delta_sensor_async to None, run_after=None
[2022-07-17 19:59:13,158] {processor.py:161} INFO - Processing /home/airflow/.local/lib/python3.7/site-packages/airflow/example_dags/example_time_delta_sensor_async.py took 0.091 seconds
[2022-07-17 19:59:43,265] {processor.py:153} INFO - Started process (PID=2782) to work on /home/airflow/.local/lib/python3.7/site-packages/airflow/example_dags/example_time_delta_sensor_async.py
[2022-07-17 19:59:43,265] {processor.py:641} INFO - Processing file /home/airflow/.local/lib/python3.7/site-packages/airflow/example_dags/example_time_delta_sensor_async.py for tasks to queue
[2022-07-17 19:59:43,266] {logging_mixin.py:115} INFO - [2022-07-17 19:59:43,265] {dagbag.py:508} INFO - Filling up the DagBag from /home/airflow/.local/lib/python3.7/site-packages/airflow/example_dags/example_time_delta_sensor_async.py
[2022-07-17 19:59:43,271] {processor.py:651} INFO - DAG(s) dict_keys(['example_time_delta_sensor_async']) retrieved from /home/airflow/.local/lib/python3.7/site-packages/airflow/example_dags/example_time_delta_sensor_async.py
[2022-07-17 19:59:43,317] {logging_mixin.py:115} INFO - [2022-07-17 19:59:43,317] {dag.py:2420} INFO - Sync 1 DAGs
[2022-07-17 19:59:43,340] {logging_mixin.py:115} INFO - [2022-07-17 19:59:43,340] {dag.py:2972} INFO - Setting next_dagrun for example_time_delta_sensor_async to None, run_after=None
[2022-07-17 19:59:43,353] {processor.py:161} INFO - Processing /home/airflow/.local/lib/python3.7/site-packages/airflow/example_dags/example_time_delta_sensor_async.py took 0.091 seconds
[2022-07-17 20:00:13,662] {processor.py:153} INFO - Started process (PID=2838) to work on /home/airflow/.local/lib/python3.7/site-packages/airflow/example_dags/example_time_delta_sensor_async.py
[2022-07-17 20:00:13,663] {processor.py:641} INFO - Processing file /home/airflow/.local/lib/python3.7/site-packages/airflow/example_dags/example_time_delta_sensor_async.py for tasks to queue
[2022-07-17 20:00:13,663] {logging_mixin.py:115} INFO - [2022-07-17 20:00:13,663] {dagbag.py:508} INFO - Filling up the DagBag from /home/airflow/.local/lib/python3.7/site-packages/airflow/example_dags/example_time_delta_sensor_async.py
[2022-07-17 20:00:13,668] {processor.py:651} INFO - DAG(s) dict_keys(['example_time_delta_sensor_async']) retrieved from /home/airflow/.local/lib/python3.7/site-packages/airflow/example_dags/example_time_delta_sensor_async.py
[2022-07-17 20:00:13,711] {logging_mixin.py:115} INFO - [2022-07-17 20:00:13,711] {dag.py:2420} INFO - Sync 1 DAGs
[2022-07-17 20:00:13,734] {logging_mixin.py:115} INFO - [2022-07-17 20:00:13,734] {dag.py:2972} INFO - Setting next_dagrun for example_time_delta_sensor_async to None, run_after=None
[2022-07-17 20:00:13,746] {processor.py:161} INFO - Processing /home/airflow/.local/lib/python3.7/site-packages/airflow/example_dags/example_time_delta_sensor_async.py took 0.087 seconds
[2022-07-17 20:00:44,172] {processor.py:153} INFO - Started process (PID=2903) to work on /home/airflow/.local/lib/python3.7/site-packages/airflow/example_dags/example_time_delta_sensor_async.py
[2022-07-17 20:00:44,173] {processor.py:641} INFO - Processing file /home/airflow/.local/lib/python3.7/site-packages/airflow/example_dags/example_time_delta_sensor_async.py for tasks to queue
[2022-07-17 20:00:44,173] {logging_mixin.py:115} INFO - [2022-07-17 20:00:44,173] {dagbag.py:508} INFO - Filling up the DagBag from /home/airflow/.local/lib/python3.7/site-packages/airflow/example_dags/example_time_delta_sensor_async.py
[2022-07-17 20:00:44,179] {processor.py:651} INFO - DAG(s) dict_keys(['example_time_delta_sensor_async']) retrieved from /home/airflow/.local/lib/python3.7/site-packages/airflow/example_dags/example_time_delta_sensor_async.py
[2022-07-17 20:00:44,230] {logging_mixin.py:115} INFO - [2022-07-17 20:00:44,229] {dag.py:2420} INFO - Sync 1 DAGs
[2022-07-17 20:00:44,257] {logging_mixin.py:115} INFO - [2022-07-17 20:00:44,257] {dag.py:2972} INFO - Setting next_dagrun for example_time_delta_sensor_async to None, run_after=None
[2022-07-17 20:00:44,271] {processor.py:161} INFO - Processing /home/airflow/.local/lib/python3.7/site-packages/airflow/example_dags/example_time_delta_sensor_async.py took 0.103 seconds
[2022-07-17 20:01:14,368] {processor.py:153} INFO - Started process (PID=2967) to work on /home/airflow/.local/lib/python3.7/site-packages/airflow/example_dags/example_time_delta_sensor_async.py
[2022-07-17 20:01:14,369] {processor.py:641} INFO - Processing file /home/airflow/.local/lib/python3.7/site-packages/airflow/example_dags/example_time_delta_sensor_async.py for tasks to queue
[2022-07-17 20:01:14,370] {logging_mixin.py:115} INFO - [2022-07-17 20:01:14,370] {dagbag.py:508} INFO - Filling up the DagBag from /home/airflow/.local/lib/python3.7/site-packages/airflow/example_dags/example_time_delta_sensor_async.py
[2022-07-17 20:01:14,376] {processor.py:651} INFO - DAG(s) dict_keys(['example_time_delta_sensor_async']) retrieved from /home/airflow/.local/lib/python3.7/site-packages/airflow/example_dags/example_time_delta_sensor_async.py
[2022-07-17 20:01:14,423] {logging_mixin.py:115} INFO - [2022-07-17 20:01:14,423] {dag.py:2420} INFO - Sync 1 DAGs
[2022-07-17 20:01:14,447] {logging_mixin.py:115} INFO - [2022-07-17 20:01:14,447] {dag.py:2972} INFO - Setting next_dagrun for example_time_delta_sensor_async to None, run_after=None
[2022-07-17 20:01:14,459] {processor.py:161} INFO - Processing /home/airflow/.local/lib/python3.7/site-packages/airflow/example_dags/example_time_delta_sensor_async.py took 0.094 seconds
[2022-07-17 20:01:44,784] {processor.py:153} INFO - Started process (PID=3022) to work on /home/airflow/.local/lib/python3.7/site-packages/airflow/example_dags/example_time_delta_sensor_async.py
[2022-07-17 20:01:44,784] {processor.py:641} INFO - Processing file /home/airflow/.local/lib/python3.7/site-packages/airflow/example_dags/example_time_delta_sensor_async.py for tasks to queue
[2022-07-17 20:01:44,785] {logging_mixin.py:115} INFO - [2022-07-17 20:01:44,785] {dagbag.py:508} INFO - Filling up the DagBag from /home/airflow/.local/lib/python3.7/site-packages/airflow/example_dags/example_time_delta_sensor_async.py
[2022-07-17 20:01:44,789] {processor.py:651} INFO - DAG(s) dict_keys(['example_time_delta_sensor_async']) retrieved from /home/airflow/.local/lib/python3.7/site-packages/airflow/example_dags/example_time_delta_sensor_async.py
[2022-07-17 20:01:44,843] {logging_mixin.py:115} INFO - [2022-07-17 20:01:44,843] {dag.py:2420} INFO - Sync 1 DAGs
[2022-07-17 20:01:44,868] {logging_mixin.py:115} INFO - [2022-07-17 20:01:44,868] {dag.py:2972} INFO - Setting next_dagrun for example_time_delta_sensor_async to None, run_after=None
[2022-07-17 20:01:44,882] {processor.py:161} INFO - Processing /home/airflow/.local/lib/python3.7/site-packages/airflow/example_dags/example_time_delta_sensor_async.py took 0.101 seconds
[2022-07-17 20:02:15,288] {processor.py:153} INFO - Started process (PID=3087) to work on /home/airflow/.local/lib/python3.7/site-packages/airflow/example_dags/example_time_delta_sensor_async.py
[2022-07-17 20:02:15,289] {processor.py:641} INFO - Processing file /home/airflow/.local/lib/python3.7/site-packages/airflow/example_dags/example_time_delta_sensor_async.py for tasks to queue
[2022-07-17 20:02:15,289] {logging_mixin.py:115} INFO - [2022-07-17 20:02:15,289] {dagbag.py:508} INFO - Filling up the DagBag from /home/airflow/.local/lib/python3.7/site-packages/airflow/example_dags/example_time_delta_sensor_async.py
[2022-07-17 20:02:15,295] {processor.py:651} INFO - DAG(s) dict_keys(['example_time_delta_sensor_async']) retrieved from /home/airflow/.local/lib/python3.7/site-packages/airflow/example_dags/example_time_delta_sensor_async.py
[2022-07-17 20:02:15,340] {logging_mixin.py:115} INFO - [2022-07-17 20:02:15,340] {dag.py:2420} INFO - Sync 1 DAGs
[2022-07-17 20:02:15,363] {logging_mixin.py:115} INFO - [2022-07-17 20:02:15,363] {dag.py:2972} INFO - Setting next_dagrun for example_time_delta_sensor_async to None, run_after=None
[2022-07-17 20:02:15,374] {processor.py:161} INFO - Processing /home/airflow/.local/lib/python3.7/site-packages/airflow/example_dags/example_time_delta_sensor_async.py took 0.090 seconds
[2022-07-17 20:02:45,680] {processor.py:153} INFO - Started process (PID=3142) to work on /home/airflow/.local/lib/python3.7/site-packages/airflow/example_dags/example_time_delta_sensor_async.py
[2022-07-17 20:02:45,680] {processor.py:641} INFO - Processing file /home/airflow/.local/lib/python3.7/site-packages/airflow/example_dags/example_time_delta_sensor_async.py for tasks to queue
[2022-07-17 20:02:45,681] {logging_mixin.py:115} INFO - [2022-07-17 20:02:45,681] {dagbag.py:508} INFO - Filling up the DagBag from /home/airflow/.local/lib/python3.7/site-packages/airflow/example_dags/example_time_delta_sensor_async.py
[2022-07-17 20:02:45,686] {processor.py:651} INFO - DAG(s) dict_keys(['example_time_delta_sensor_async']) retrieved from /home/airflow/.local/lib/python3.7/site-packages/airflow/example_dags/example_time_delta_sensor_async.py
[2022-07-17 20:02:45,730] {logging_mixin.py:115} INFO - [2022-07-17 20:02:45,730] {dag.py:2420} INFO - Sync 1 DAGs
[2022-07-17 20:02:45,754] {logging_mixin.py:115} INFO - [2022-07-17 20:02:45,754] {dag.py:2972} INFO - Setting next_dagrun for example_time_delta_sensor_async to None, run_after=None
[2022-07-17 20:02:45,767] {processor.py:161} INFO - Processing /home/airflow/.local/lib/python3.7/site-packages/airflow/example_dags/example_time_delta_sensor_async.py took 0.091 seconds
[2022-07-17 20:03:16,203] {processor.py:153} INFO - Started process (PID=3206) to work on /home/airflow/.local/lib/python3.7/site-packages/airflow/example_dags/example_time_delta_sensor_async.py
[2022-07-17 20:03:16,203] {processor.py:641} INFO - Processing file /home/airflow/.local/lib/python3.7/site-packages/airflow/example_dags/example_time_delta_sensor_async.py for tasks to queue
[2022-07-17 20:03:16,204] {logging_mixin.py:115} INFO - [2022-07-17 20:03:16,204] {dagbag.py:508} INFO - Filling up the DagBag from /home/airflow/.local/lib/python3.7/site-packages/airflow/example_dags/example_time_delta_sensor_async.py
[2022-07-17 20:03:16,209] {processor.py:651} INFO - DAG(s) dict_keys(['example_time_delta_sensor_async']) retrieved from /home/airflow/.local/lib/python3.7/site-packages/airflow/example_dags/example_time_delta_sensor_async.py
[2022-07-17 20:03:16,257] {logging_mixin.py:115} INFO - [2022-07-17 20:03:16,257] {dag.py:2420} INFO - Sync 1 DAGs
[2022-07-17 20:03:16,288] {logging_mixin.py:115} INFO - [2022-07-17 20:03:16,288] {dag.py:2972} INFO - Setting next_dagrun for example_time_delta_sensor_async to None, run_after=None
[2022-07-17 20:03:16,304] {processor.py:161} INFO - Processing /home/airflow/.local/lib/python3.7/site-packages/airflow/example_dags/example_time_delta_sensor_async.py took 0.105 seconds
[2022-07-17 20:03:46,693] {processor.py:153} INFO - Started process (PID=3268) to work on /home/airflow/.local/lib/python3.7/site-packages/airflow/example_dags/example_time_delta_sensor_async.py
[2022-07-17 20:03:46,693] {processor.py:641} INFO - Processing file /home/airflow/.local/lib/python3.7/site-packages/airflow/example_dags/example_time_delta_sensor_async.py for tasks to queue
[2022-07-17 20:03:46,694] {logging_mixin.py:115} INFO - [2022-07-17 20:03:46,694] {dagbag.py:508} INFO - Filling up the DagBag from /home/airflow/.local/lib/python3.7/site-packages/airflow/example_dags/example_time_delta_sensor_async.py
[2022-07-17 20:03:46,700] {processor.py:651} INFO - DAG(s) dict_keys(['example_time_delta_sensor_async']) retrieved from /home/airflow/.local/lib/python3.7/site-packages/airflow/example_dags/example_time_delta_sensor_async.py
[2022-07-17 20:03:46,765] {logging_mixin.py:115} INFO - [2022-07-17 20:03:46,765] {dag.py:2420} INFO - Sync 1 DAGs
[2022-07-17 20:03:46,799] {logging_mixin.py:115} INFO - [2022-07-17 20:03:46,799] {dag.py:2972} INFO - Setting next_dagrun for example_time_delta_sensor_async to None, run_after=None
[2022-07-17 20:03:46,816] {processor.py:161} INFO - Processing /home/airflow/.local/lib/python3.7/site-packages/airflow/example_dags/example_time_delta_sensor_async.py took 0.127 seconds
