[2022-07-17 19:36:56,220] {processor.py:153} INFO - Started process (PID=80) to work on /home/airflow/.local/lib/python3.7/site-packages/airflow/example_dags/example_task_group.py
[2022-07-17 19:36:56,220] {processor.py:641} INFO - Processing file /home/airflow/.local/lib/python3.7/site-packages/airflow/example_dags/example_task_group.py for tasks to queue
[2022-07-17 19:36:56,221] {logging_mixin.py:115} INFO - [2022-07-17 19:36:56,221] {dagbag.py:508} INFO - Filling up the DagBag from /home/airflow/.local/lib/python3.7/site-packages/airflow/example_dags/example_task_group.py
[2022-07-17 19:36:56,230] {processor.py:651} INFO - DAG(s) dict_keys(['example_task_group']) retrieved from /home/airflow/.local/lib/python3.7/site-packages/airflow/example_dags/example_task_group.py
[2022-07-17 19:36:56,357] {logging_mixin.py:115} INFO - [2022-07-17 19:36:56,357] {manager.py:508} INFO - Created Permission View: can delete on DAG:example_task_group
[2022-07-17 19:36:56,372] {logging_mixin.py:115} INFO - [2022-07-17 19:36:56,372] {manager.py:508} INFO - Created Permission View: can read on DAG:example_task_group
[2022-07-17 19:36:56,382] {logging_mixin.py:115} INFO - [2022-07-17 19:36:56,382] {manager.py:508} INFO - Created Permission View: can edit on DAG:example_task_group
[2022-07-17 19:36:56,382] {logging_mixin.py:115} INFO - [2022-07-17 19:36:56,382] {dag.py:2420} INFO - Sync 1 DAGs
[2022-07-17 19:36:56,396] {logging_mixin.py:115} INFO - [2022-07-17 19:36:56,396] {dag.py:2439} INFO - Creating ORM DAG for example_task_group
[2022-07-17 19:36:56,416] {logging_mixin.py:115} INFO - [2022-07-17 19:36:56,416] {dag.py:2972} INFO - Setting next_dagrun for example_task_group to 2022-07-16T19:36:56.416040+00:00, run_after=2022-07-17T19:36:56.416040+00:00
[2022-07-17 19:36:56,436] {processor.py:161} INFO - Processing /home/airflow/.local/lib/python3.7/site-packages/airflow/example_dags/example_task_group.py took 0.220 seconds
[2022-07-17 19:37:26,499] {processor.py:153} INFO - Started process (PID=145) to work on /home/airflow/.local/lib/python3.7/site-packages/airflow/example_dags/example_task_group.py
[2022-07-17 19:37:26,499] {processor.py:641} INFO - Processing file /home/airflow/.local/lib/python3.7/site-packages/airflow/example_dags/example_task_group.py for tasks to queue
[2022-07-17 19:37:26,500] {logging_mixin.py:115} INFO - [2022-07-17 19:37:26,500] {dagbag.py:508} INFO - Filling up the DagBag from /home/airflow/.local/lib/python3.7/site-packages/airflow/example_dags/example_task_group.py
[2022-07-17 19:37:26,506] {processor.py:651} INFO - DAG(s) dict_keys(['example_task_group']) retrieved from /home/airflow/.local/lib/python3.7/site-packages/airflow/example_dags/example_task_group.py
[2022-07-17 19:37:26,534] {logging_mixin.py:115} INFO - [2022-07-17 19:37:26,534] {dag.py:2420} INFO - Sync 1 DAGs
[2022-07-17 19:37:26,562] {logging_mixin.py:115} INFO - [2022-07-17 19:37:26,562] {dag.py:2972} INFO - Setting next_dagrun for example_task_group to 2022-07-16T19:37:26.562125+00:00, run_after=2022-07-17T19:37:26.562125+00:00
[2022-07-17 19:37:26,576] {processor.py:161} INFO - Processing /home/airflow/.local/lib/python3.7/site-packages/airflow/example_dags/example_task_group.py took 0.080 seconds
[2022-07-17 19:37:57,367] {processor.py:153} INFO - Started process (PID=200) to work on /home/airflow/.local/lib/python3.7/site-packages/airflow/example_dags/example_task_group.py
[2022-07-17 19:37:57,368] {processor.py:641} INFO - Processing file /home/airflow/.local/lib/python3.7/site-packages/airflow/example_dags/example_task_group.py for tasks to queue
[2022-07-17 19:37:57,368] {logging_mixin.py:115} INFO - [2022-07-17 19:37:57,368] {dagbag.py:508} INFO - Filling up the DagBag from /home/airflow/.local/lib/python3.7/site-packages/airflow/example_dags/example_task_group.py
[2022-07-17 19:37:57,376] {processor.py:651} INFO - DAG(s) dict_keys(['example_task_group']) retrieved from /home/airflow/.local/lib/python3.7/site-packages/airflow/example_dags/example_task_group.py
[2022-07-17 19:37:57,405] {logging_mixin.py:115} INFO - [2022-07-17 19:37:57,405] {dag.py:2420} INFO - Sync 1 DAGs
[2022-07-17 19:37:57,432] {logging_mixin.py:115} INFO - [2022-07-17 19:37:57,432] {dag.py:2972} INFO - Setting next_dagrun for example_task_group to 2022-07-16T19:37:57.431962+00:00, run_after=2022-07-17T19:37:57.431962+00:00
[2022-07-17 19:37:57,446] {processor.py:161} INFO - Processing /home/airflow/.local/lib/python3.7/site-packages/airflow/example_dags/example_task_group.py took 0.082 seconds
[2022-07-17 19:38:28,095] {processor.py:153} INFO - Started process (PID=263) to work on /home/airflow/.local/lib/python3.7/site-packages/airflow/example_dags/example_task_group.py
[2022-07-17 19:38:28,096] {processor.py:641} INFO - Processing file /home/airflow/.local/lib/python3.7/site-packages/airflow/example_dags/example_task_group.py for tasks to queue
[2022-07-17 19:38:28,097] {logging_mixin.py:115} INFO - [2022-07-17 19:38:28,097] {dagbag.py:508} INFO - Filling up the DagBag from /home/airflow/.local/lib/python3.7/site-packages/airflow/example_dags/example_task_group.py
[2022-07-17 19:38:28,108] {processor.py:651} INFO - DAG(s) dict_keys(['example_task_group']) retrieved from /home/airflow/.local/lib/python3.7/site-packages/airflow/example_dags/example_task_group.py
[2022-07-17 19:38:28,162] {logging_mixin.py:115} INFO - [2022-07-17 19:38:28,161] {dag.py:2420} INFO - Sync 1 DAGs
[2022-07-17 19:38:28,190] {logging_mixin.py:115} INFO - [2022-07-17 19:38:28,190] {dag.py:2972} INFO - Setting next_dagrun for example_task_group to 2022-07-16T19:38:28.190429+00:00, run_after=2022-07-17T19:38:28.190429+00:00
[2022-07-17 19:38:28,205] {processor.py:161} INFO - Processing /home/airflow/.local/lib/python3.7/site-packages/airflow/example_dags/example_task_group.py took 0.114 seconds
[2022-07-17 19:38:58,444] {processor.py:153} INFO - Started process (PID=318) to work on /home/airflow/.local/lib/python3.7/site-packages/airflow/example_dags/example_task_group.py
[2022-07-17 19:38:58,445] {processor.py:641} INFO - Processing file /home/airflow/.local/lib/python3.7/site-packages/airflow/example_dags/example_task_group.py for tasks to queue
[2022-07-17 19:38:58,445] {logging_mixin.py:115} INFO - [2022-07-17 19:38:58,445] {dagbag.py:508} INFO - Filling up the DagBag from /home/airflow/.local/lib/python3.7/site-packages/airflow/example_dags/example_task_group.py
[2022-07-17 19:38:58,452] {processor.py:651} INFO - DAG(s) dict_keys(['example_task_group']) retrieved from /home/airflow/.local/lib/python3.7/site-packages/airflow/example_dags/example_task_group.py
[2022-07-17 19:38:58,477] {logging_mixin.py:115} INFO - [2022-07-17 19:38:58,477] {dag.py:2420} INFO - Sync 1 DAGs
[2022-07-17 19:38:58,499] {logging_mixin.py:115} INFO - [2022-07-17 19:38:58,499] {dag.py:2972} INFO - Setting next_dagrun for example_task_group to 2022-07-16T19:38:58.499518+00:00, run_after=2022-07-17T19:38:58.499518+00:00
[2022-07-17 19:38:58,511] {processor.py:161} INFO - Processing /home/airflow/.local/lib/python3.7/site-packages/airflow/example_dags/example_task_group.py took 0.070 seconds
[2022-07-17 19:39:28,641] {processor.py:153} INFO - Started process (PID=380) to work on /home/airflow/.local/lib/python3.7/site-packages/airflow/example_dags/example_task_group.py
[2022-07-17 19:39:28,641] {processor.py:641} INFO - Processing file /home/airflow/.local/lib/python3.7/site-packages/airflow/example_dags/example_task_group.py for tasks to queue
[2022-07-17 19:39:28,642] {logging_mixin.py:115} INFO - [2022-07-17 19:39:28,642] {dagbag.py:508} INFO - Filling up the DagBag from /home/airflow/.local/lib/python3.7/site-packages/airflow/example_dags/example_task_group.py
[2022-07-17 19:39:28,652] {processor.py:651} INFO - DAG(s) dict_keys(['example_task_group']) retrieved from /home/airflow/.local/lib/python3.7/site-packages/airflow/example_dags/example_task_group.py
[2022-07-17 19:39:28,686] {logging_mixin.py:115} INFO - [2022-07-17 19:39:28,686] {dag.py:2420} INFO - Sync 1 DAGs
[2022-07-17 19:39:28,718] {logging_mixin.py:115} INFO - [2022-07-17 19:39:28,718] {dag.py:2972} INFO - Setting next_dagrun for example_task_group to 2022-07-16T19:39:28.717734+00:00, run_after=2022-07-17T19:39:28.717734+00:00
[2022-07-17 19:39:28,735] {processor.py:161} INFO - Processing /home/airflow/.local/lib/python3.7/site-packages/airflow/example_dags/example_task_group.py took 0.099 seconds
[2022-07-17 19:39:59,215] {processor.py:153} INFO - Started process (PID=445) to work on /home/airflow/.local/lib/python3.7/site-packages/airflow/example_dags/example_task_group.py
[2022-07-17 19:39:59,216] {processor.py:641} INFO - Processing file /home/airflow/.local/lib/python3.7/site-packages/airflow/example_dags/example_task_group.py for tasks to queue
[2022-07-17 19:39:59,216] {logging_mixin.py:115} INFO - [2022-07-17 19:39:59,216] {dagbag.py:508} INFO - Filling up the DagBag from /home/airflow/.local/lib/python3.7/site-packages/airflow/example_dags/example_task_group.py
[2022-07-17 19:39:59,223] {processor.py:651} INFO - DAG(s) dict_keys(['example_task_group']) retrieved from /home/airflow/.local/lib/python3.7/site-packages/airflow/example_dags/example_task_group.py
[2022-07-17 19:39:59,248] {logging_mixin.py:115} INFO - [2022-07-17 19:39:59,248] {dag.py:2420} INFO - Sync 1 DAGs
[2022-07-17 19:39:59,271] {logging_mixin.py:115} INFO - [2022-07-17 19:39:59,271] {dag.py:2972} INFO - Setting next_dagrun for example_task_group to 2022-07-16T19:39:59.270894+00:00, run_after=2022-07-17T19:39:59.270894+00:00
[2022-07-17 19:39:59,284] {processor.py:161} INFO - Processing /home/airflow/.local/lib/python3.7/site-packages/airflow/example_dags/example_task_group.py took 0.072 seconds
[2022-07-17 19:40:29,329] {processor.py:153} INFO - Started process (PID=500) to work on /home/airflow/.local/lib/python3.7/site-packages/airflow/example_dags/example_task_group.py
[2022-07-17 19:40:29,330] {processor.py:641} INFO - Processing file /home/airflow/.local/lib/python3.7/site-packages/airflow/example_dags/example_task_group.py for tasks to queue
[2022-07-17 19:40:29,331] {logging_mixin.py:115} INFO - [2022-07-17 19:40:29,331] {dagbag.py:508} INFO - Filling up the DagBag from /home/airflow/.local/lib/python3.7/site-packages/airflow/example_dags/example_task_group.py
[2022-07-17 19:40:29,338] {processor.py:651} INFO - DAG(s) dict_keys(['example_task_group']) retrieved from /home/airflow/.local/lib/python3.7/site-packages/airflow/example_dags/example_task_group.py
[2022-07-17 19:40:29,366] {logging_mixin.py:115} INFO - [2022-07-17 19:40:29,366] {dag.py:2420} INFO - Sync 1 DAGs
[2022-07-17 19:40:29,390] {logging_mixin.py:115} INFO - [2022-07-17 19:40:29,389] {dag.py:2972} INFO - Setting next_dagrun for example_task_group to 2022-07-16T19:40:29.389700+00:00, run_after=2022-07-17T19:40:29.389700+00:00
[2022-07-17 19:40:29,402] {processor.py:161} INFO - Processing /home/airflow/.local/lib/python3.7/site-packages/airflow/example_dags/example_task_group.py took 0.076 seconds
[2022-07-17 19:41:00,573] {processor.py:153} INFO - Started process (PID=564) to work on /home/airflow/.local/lib/python3.7/site-packages/airflow/example_dags/example_task_group.py
[2022-07-17 19:41:00,573] {processor.py:641} INFO - Processing file /home/airflow/.local/lib/python3.7/site-packages/airflow/example_dags/example_task_group.py for tasks to queue
[2022-07-17 19:41:00,574] {logging_mixin.py:115} INFO - [2022-07-17 19:41:00,574] {dagbag.py:508} INFO - Filling up the DagBag from /home/airflow/.local/lib/python3.7/site-packages/airflow/example_dags/example_task_group.py
[2022-07-17 19:41:00,581] {processor.py:651} INFO - DAG(s) dict_keys(['example_task_group']) retrieved from /home/airflow/.local/lib/python3.7/site-packages/airflow/example_dags/example_task_group.py
[2022-07-17 19:41:00,609] {logging_mixin.py:115} INFO - [2022-07-17 19:41:00,609] {dag.py:2420} INFO - Sync 1 DAGs
[2022-07-17 19:41:00,637] {logging_mixin.py:115} INFO - [2022-07-17 19:41:00,636] {dag.py:2972} INFO - Setting next_dagrun for example_task_group to 2022-07-16T19:41:00.636390+00:00, run_after=2022-07-17T19:41:00.636390+00:00
[2022-07-17 19:41:00,653] {processor.py:161} INFO - Processing /home/airflow/.local/lib/python3.7/site-packages/airflow/example_dags/example_task_group.py took 0.084 seconds
[2022-07-17 19:41:31,660] {processor.py:153} INFO - Started process (PID=621) to work on /home/airflow/.local/lib/python3.7/site-packages/airflow/example_dags/example_task_group.py
[2022-07-17 19:41:31,660] {processor.py:641} INFO - Processing file /home/airflow/.local/lib/python3.7/site-packages/airflow/example_dags/example_task_group.py for tasks to queue
[2022-07-17 19:41:31,661] {logging_mixin.py:115} INFO - [2022-07-17 19:41:31,661] {dagbag.py:508} INFO - Filling up the DagBag from /home/airflow/.local/lib/python3.7/site-packages/airflow/example_dags/example_task_group.py
[2022-07-17 19:41:31,668] {processor.py:651} INFO - DAG(s) dict_keys(['example_task_group']) retrieved from /home/airflow/.local/lib/python3.7/site-packages/airflow/example_dags/example_task_group.py
[2022-07-17 19:41:31,694] {logging_mixin.py:115} INFO - [2022-07-17 19:41:31,694] {dag.py:2420} INFO - Sync 1 DAGs
[2022-07-17 19:41:31,719] {logging_mixin.py:115} INFO - [2022-07-17 19:41:31,719] {dag.py:2972} INFO - Setting next_dagrun for example_task_group to 2022-07-16T19:41:31.719553+00:00, run_after=2022-07-17T19:41:31.719553+00:00
[2022-07-17 19:41:31,733] {processor.py:161} INFO - Processing /home/airflow/.local/lib/python3.7/site-packages/airflow/example_dags/example_task_group.py took 0.077 seconds
[2022-07-17 19:42:01,864] {processor.py:153} INFO - Started process (PID=685) to work on /home/airflow/.local/lib/python3.7/site-packages/airflow/example_dags/example_task_group.py
[2022-07-17 19:42:01,864] {processor.py:641} INFO - Processing file /home/airflow/.local/lib/python3.7/site-packages/airflow/example_dags/example_task_group.py for tasks to queue
[2022-07-17 19:42:01,864] {logging_mixin.py:115} INFO - [2022-07-17 19:42:01,864] {dagbag.py:508} INFO - Filling up the DagBag from /home/airflow/.local/lib/python3.7/site-packages/airflow/example_dags/example_task_group.py
[2022-07-17 19:42:01,872] {processor.py:651} INFO - DAG(s) dict_keys(['example_task_group']) retrieved from /home/airflow/.local/lib/python3.7/site-packages/airflow/example_dags/example_task_group.py
[2022-07-17 19:42:01,899] {logging_mixin.py:115} INFO - [2022-07-17 19:42:01,899] {dag.py:2420} INFO - Sync 1 DAGs
[2022-07-17 19:42:01,922] {logging_mixin.py:115} INFO - [2022-07-17 19:42:01,922] {dag.py:2972} INFO - Setting next_dagrun for example_task_group to 2022-07-16T19:42:01.922481+00:00, run_after=2022-07-17T19:42:01.922481+00:00
[2022-07-17 19:42:01,935] {processor.py:161} INFO - Processing /home/airflow/.local/lib/python3.7/site-packages/airflow/example_dags/example_task_group.py took 0.075 seconds
[2022-07-17 19:42:32,464] {processor.py:153} INFO - Started process (PID=750) to work on /home/airflow/.local/lib/python3.7/site-packages/airflow/example_dags/example_task_group.py
[2022-07-17 19:42:32,465] {processor.py:641} INFO - Processing file /home/airflow/.local/lib/python3.7/site-packages/airflow/example_dags/example_task_group.py for tasks to queue
[2022-07-17 19:42:32,465] {logging_mixin.py:115} INFO - [2022-07-17 19:42:32,465] {dagbag.py:508} INFO - Filling up the DagBag from /home/airflow/.local/lib/python3.7/site-packages/airflow/example_dags/example_task_group.py
[2022-07-17 19:42:32,478] {processor.py:651} INFO - DAG(s) dict_keys(['example_task_group']) retrieved from /home/airflow/.local/lib/python3.7/site-packages/airflow/example_dags/example_task_group.py
[2022-07-17 19:42:32,524] {logging_mixin.py:115} INFO - [2022-07-17 19:42:32,523] {dag.py:2420} INFO - Sync 1 DAGs
[2022-07-17 19:42:32,560] {logging_mixin.py:115} INFO - [2022-07-17 19:42:32,560] {dag.py:2972} INFO - Setting next_dagrun for example_task_group to 2022-07-16T19:42:32.560133+00:00, run_after=2022-07-17T19:42:32.560133+00:00
[2022-07-17 19:42:32,575] {processor.py:161} INFO - Processing /home/airflow/.local/lib/python3.7/site-packages/airflow/example_dags/example_task_group.py took 0.117 seconds
[2022-07-17 19:43:03,428] {processor.py:153} INFO - Started process (PID=804) to work on /home/airflow/.local/lib/python3.7/site-packages/airflow/example_dags/example_task_group.py
[2022-07-17 19:43:03,429] {processor.py:641} INFO - Processing file /home/airflow/.local/lib/python3.7/site-packages/airflow/example_dags/example_task_group.py for tasks to queue
[2022-07-17 19:43:03,429] {logging_mixin.py:115} INFO - [2022-07-17 19:43:03,429] {dagbag.py:508} INFO - Filling up the DagBag from /home/airflow/.local/lib/python3.7/site-packages/airflow/example_dags/example_task_group.py
[2022-07-17 19:43:03,436] {processor.py:651} INFO - DAG(s) dict_keys(['example_task_group']) retrieved from /home/airflow/.local/lib/python3.7/site-packages/airflow/example_dags/example_task_group.py
[2022-07-17 19:43:03,468] {logging_mixin.py:115} INFO - [2022-07-17 19:43:03,468] {dag.py:2420} INFO - Sync 1 DAGs
[2022-07-17 19:43:03,496] {logging_mixin.py:115} INFO - [2022-07-17 19:43:03,496] {dag.py:2972} INFO - Setting next_dagrun for example_task_group to 2022-07-16T19:43:03.495923+00:00, run_after=2022-07-17T19:43:03.495923+00:00
[2022-07-17 19:43:03,508] {processor.py:161} INFO - Processing /home/airflow/.local/lib/python3.7/site-packages/airflow/example_dags/example_task_group.py took 0.083 seconds
[2022-07-17 19:43:34,062] {processor.py:153} INFO - Started process (PID=868) to work on /home/airflow/.local/lib/python3.7/site-packages/airflow/example_dags/example_task_group.py
[2022-07-17 19:43:34,063] {processor.py:641} INFO - Processing file /home/airflow/.local/lib/python3.7/site-packages/airflow/example_dags/example_task_group.py for tasks to queue
[2022-07-17 19:43:34,065] {logging_mixin.py:115} INFO - [2022-07-17 19:43:34,065] {dagbag.py:508} INFO - Filling up the DagBag from /home/airflow/.local/lib/python3.7/site-packages/airflow/example_dags/example_task_group.py
[2022-07-17 19:43:34,092] {processor.py:651} INFO - DAG(s) dict_keys(['example_task_group']) retrieved from /home/airflow/.local/lib/python3.7/site-packages/airflow/example_dags/example_task_group.py
[2022-07-17 19:43:34,145] {logging_mixin.py:115} INFO - [2022-07-17 19:43:34,145] {dag.py:2420} INFO - Sync 1 DAGs
[2022-07-17 19:43:34,184] {logging_mixin.py:115} INFO - [2022-07-17 19:43:34,184] {dag.py:2972} INFO - Setting next_dagrun for example_task_group to 2022-07-16T19:43:34.183806+00:00, run_after=2022-07-17T19:43:34.183806+00:00
[2022-07-17 19:43:34,205] {processor.py:161} INFO - Processing /home/airflow/.local/lib/python3.7/site-packages/airflow/example_dags/example_task_group.py took 0.154 seconds
[2022-07-17 19:44:04,239] {processor.py:153} INFO - Started process (PID=922) to work on /home/airflow/.local/lib/python3.7/site-packages/airflow/example_dags/example_task_group.py
[2022-07-17 19:44:04,239] {processor.py:641} INFO - Processing file /home/airflow/.local/lib/python3.7/site-packages/airflow/example_dags/example_task_group.py for tasks to queue
[2022-07-17 19:44:04,240] {logging_mixin.py:115} INFO - [2022-07-17 19:44:04,239] {dagbag.py:508} INFO - Filling up the DagBag from /home/airflow/.local/lib/python3.7/site-packages/airflow/example_dags/example_task_group.py
[2022-07-17 19:44:04,246] {processor.py:651} INFO - DAG(s) dict_keys(['example_task_group']) retrieved from /home/airflow/.local/lib/python3.7/site-packages/airflow/example_dags/example_task_group.py
[2022-07-17 19:44:04,271] {logging_mixin.py:115} INFO - [2022-07-17 19:44:04,271] {dag.py:2420} INFO - Sync 1 DAGs
[2022-07-17 19:44:04,294] {logging_mixin.py:115} INFO - [2022-07-17 19:44:04,294] {dag.py:2972} INFO - Setting next_dagrun for example_task_group to 2022-07-16T19:44:04.293862+00:00, run_after=2022-07-17T19:44:04.293862+00:00
[2022-07-17 19:44:04,306] {processor.py:161} INFO - Processing /home/airflow/.local/lib/python3.7/site-packages/airflow/example_dags/example_task_group.py took 0.070 seconds
[2022-07-17 19:44:35,134] {processor.py:153} INFO - Started process (PID=986) to work on /home/airflow/.local/lib/python3.7/site-packages/airflow/example_dags/example_task_group.py
[2022-07-17 19:44:35,135] {processor.py:641} INFO - Processing file /home/airflow/.local/lib/python3.7/site-packages/airflow/example_dags/example_task_group.py for tasks to queue
[2022-07-17 19:44:35,136] {logging_mixin.py:115} INFO - [2022-07-17 19:44:35,136] {dagbag.py:508} INFO - Filling up the DagBag from /home/airflow/.local/lib/python3.7/site-packages/airflow/example_dags/example_task_group.py
[2022-07-17 19:44:35,147] {processor.py:651} INFO - DAG(s) dict_keys(['example_task_group']) retrieved from /home/airflow/.local/lib/python3.7/site-packages/airflow/example_dags/example_task_group.py
[2022-07-17 19:44:35,179] {logging_mixin.py:115} INFO - [2022-07-17 19:44:35,179] {dag.py:2420} INFO - Sync 1 DAGs
[2022-07-17 19:44:35,205] {logging_mixin.py:115} INFO - [2022-07-17 19:44:35,205] {dag.py:2972} INFO - Setting next_dagrun for example_task_group to 2022-07-16T19:44:35.205502+00:00, run_after=2022-07-17T19:44:35.205502+00:00
[2022-07-17 19:44:35,220] {processor.py:161} INFO - Processing /home/airflow/.local/lib/python3.7/site-packages/airflow/example_dags/example_task_group.py took 0.096 seconds
[2022-07-17 19:45:05,471] {processor.py:153} INFO - Started process (PID=1050) to work on /home/airflow/.local/lib/python3.7/site-packages/airflow/example_dags/example_task_group.py
[2022-07-17 19:45:05,472] {processor.py:641} INFO - Processing file /home/airflow/.local/lib/python3.7/site-packages/airflow/example_dags/example_task_group.py for tasks to queue
[2022-07-17 19:45:05,473] {logging_mixin.py:115} INFO - [2022-07-17 19:45:05,472] {dagbag.py:508} INFO - Filling up the DagBag from /home/airflow/.local/lib/python3.7/site-packages/airflow/example_dags/example_task_group.py
[2022-07-17 19:45:05,480] {processor.py:651} INFO - DAG(s) dict_keys(['example_task_group']) retrieved from /home/airflow/.local/lib/python3.7/site-packages/airflow/example_dags/example_task_group.py
[2022-07-17 19:45:05,509] {logging_mixin.py:115} INFO - [2022-07-17 19:45:05,509] {dag.py:2420} INFO - Sync 1 DAGs
[2022-07-17 19:45:05,535] {logging_mixin.py:115} INFO - [2022-07-17 19:45:05,535] {dag.py:2972} INFO - Setting next_dagrun for example_task_group to 2022-07-16T19:45:05.534993+00:00, run_after=2022-07-17T19:45:05.534993+00:00
[2022-07-17 19:45:05,548] {processor.py:161} INFO - Processing /home/airflow/.local/lib/python3.7/site-packages/airflow/example_dags/example_task_group.py took 0.079 seconds
[2022-07-17 19:45:35,634] {processor.py:153} INFO - Started process (PID=1105) to work on /home/airflow/.local/lib/python3.7/site-packages/airflow/example_dags/example_task_group.py
[2022-07-17 19:45:35,635] {processor.py:641} INFO - Processing file /home/airflow/.local/lib/python3.7/site-packages/airflow/example_dags/example_task_group.py for tasks to queue
[2022-07-17 19:45:35,635] {logging_mixin.py:115} INFO - [2022-07-17 19:45:35,635] {dagbag.py:508} INFO - Filling up the DagBag from /home/airflow/.local/lib/python3.7/site-packages/airflow/example_dags/example_task_group.py
[2022-07-17 19:45:35,645] {processor.py:651} INFO - DAG(s) dict_keys(['example_task_group']) retrieved from /home/airflow/.local/lib/python3.7/site-packages/airflow/example_dags/example_task_group.py
[2022-07-17 19:45:35,676] {logging_mixin.py:115} INFO - [2022-07-17 19:45:35,676] {dag.py:2420} INFO - Sync 1 DAGs
[2022-07-17 19:45:35,706] {logging_mixin.py:115} INFO - [2022-07-17 19:45:35,706] {dag.py:2972} INFO - Setting next_dagrun for example_task_group to 2022-07-16T19:45:35.706425+00:00, run_after=2022-07-17T19:45:35.706425+00:00
[2022-07-17 19:45:35,723] {processor.py:161} INFO - Processing /home/airflow/.local/lib/python3.7/site-packages/airflow/example_dags/example_task_group.py took 0.093 seconds
[2022-07-17 19:46:06,072] {processor.py:153} INFO - Started process (PID=1168) to work on /home/airflow/.local/lib/python3.7/site-packages/airflow/example_dags/example_task_group.py
[2022-07-17 19:46:06,073] {processor.py:641} INFO - Processing file /home/airflow/.local/lib/python3.7/site-packages/airflow/example_dags/example_task_group.py for tasks to queue
[2022-07-17 19:46:06,074] {logging_mixin.py:115} INFO - [2022-07-17 19:46:06,073] {dagbag.py:508} INFO - Filling up the DagBag from /home/airflow/.local/lib/python3.7/site-packages/airflow/example_dags/example_task_group.py
[2022-07-17 19:46:06,081] {processor.py:651} INFO - DAG(s) dict_keys(['example_task_group']) retrieved from /home/airflow/.local/lib/python3.7/site-packages/airflow/example_dags/example_task_group.py
[2022-07-17 19:46:06,112] {logging_mixin.py:115} INFO - [2022-07-17 19:46:06,112] {dag.py:2420} INFO - Sync 1 DAGs
[2022-07-17 19:46:06,143] {logging_mixin.py:115} INFO - [2022-07-17 19:46:06,143] {dag.py:2972} INFO - Setting next_dagrun for example_task_group to 2022-07-16T19:46:06.143546+00:00, run_after=2022-07-17T19:46:06.143546+00:00
[2022-07-17 19:46:06,158] {processor.py:161} INFO - Processing /home/airflow/.local/lib/python3.7/site-packages/airflow/example_dags/example_task_group.py took 0.089 seconds
[2022-07-17 19:46:36,255] {processor.py:153} INFO - Started process (PID=1225) to work on /home/airflow/.local/lib/python3.7/site-packages/airflow/example_dags/example_task_group.py
[2022-07-17 19:46:36,255] {processor.py:641} INFO - Processing file /home/airflow/.local/lib/python3.7/site-packages/airflow/example_dags/example_task_group.py for tasks to queue
[2022-07-17 19:46:36,256] {logging_mixin.py:115} INFO - [2022-07-17 19:46:36,256] {dagbag.py:508} INFO - Filling up the DagBag from /home/airflow/.local/lib/python3.7/site-packages/airflow/example_dags/example_task_group.py
[2022-07-17 19:46:36,264] {processor.py:651} INFO - DAG(s) dict_keys(['example_task_group']) retrieved from /home/airflow/.local/lib/python3.7/site-packages/airflow/example_dags/example_task_group.py
[2022-07-17 19:46:36,296] {logging_mixin.py:115} INFO - [2022-07-17 19:46:36,296] {dag.py:2420} INFO - Sync 1 DAGs
[2022-07-17 19:46:36,323] {logging_mixin.py:115} INFO - [2022-07-17 19:46:36,323] {dag.py:2972} INFO - Setting next_dagrun for example_task_group to 2022-07-16T19:46:36.323190+00:00, run_after=2022-07-17T19:46:36.323190+00:00
[2022-07-17 19:46:36,343] {processor.py:161} INFO - Processing /home/airflow/.local/lib/python3.7/site-packages/airflow/example_dags/example_task_group.py took 0.091 seconds
[2022-07-17 19:47:06,465] {processor.py:153} INFO - Started process (PID=1288) to work on /home/airflow/.local/lib/python3.7/site-packages/airflow/example_dags/example_task_group.py
[2022-07-17 19:47:06,466] {processor.py:641} INFO - Processing file /home/airflow/.local/lib/python3.7/site-packages/airflow/example_dags/example_task_group.py for tasks to queue
[2022-07-17 19:47:06,466] {logging_mixin.py:115} INFO - [2022-07-17 19:47:06,466] {dagbag.py:508} INFO - Filling up the DagBag from /home/airflow/.local/lib/python3.7/site-packages/airflow/example_dags/example_task_group.py
[2022-07-17 19:47:06,474] {processor.py:651} INFO - DAG(s) dict_keys(['example_task_group']) retrieved from /home/airflow/.local/lib/python3.7/site-packages/airflow/example_dags/example_task_group.py
[2022-07-17 19:47:06,502] {logging_mixin.py:115} INFO - [2022-07-17 19:47:06,502] {dag.py:2420} INFO - Sync 1 DAGs
[2022-07-17 19:47:06,525] {logging_mixin.py:115} INFO - [2022-07-17 19:47:06,525] {dag.py:2972} INFO - Setting next_dagrun for example_task_group to 2022-07-16T19:47:06.525028+00:00, run_after=2022-07-17T19:47:06.525028+00:00
[2022-07-17 19:47:06,539] {processor.py:161} INFO - Processing /home/airflow/.local/lib/python3.7/site-packages/airflow/example_dags/example_task_group.py took 0.076 seconds
[2022-07-17 19:47:36,622] {processor.py:153} INFO - Started process (PID=1343) to work on /home/airflow/.local/lib/python3.7/site-packages/airflow/example_dags/example_task_group.py
[2022-07-17 19:47:36,623] {processor.py:641} INFO - Processing file /home/airflow/.local/lib/python3.7/site-packages/airflow/example_dags/example_task_group.py for tasks to queue
[2022-07-17 19:47:36,624] {logging_mixin.py:115} INFO - [2022-07-17 19:47:36,623] {dagbag.py:508} INFO - Filling up the DagBag from /home/airflow/.local/lib/python3.7/site-packages/airflow/example_dags/example_task_group.py
[2022-07-17 19:47:36,631] {processor.py:651} INFO - DAG(s) dict_keys(['example_task_group']) retrieved from /home/airflow/.local/lib/python3.7/site-packages/airflow/example_dags/example_task_group.py
[2022-07-17 19:47:36,663] {logging_mixin.py:115} INFO - [2022-07-17 19:47:36,663] {dag.py:2420} INFO - Sync 1 DAGs
[2022-07-17 19:47:36,692] {logging_mixin.py:115} INFO - [2022-07-17 19:47:36,692] {dag.py:2972} INFO - Setting next_dagrun for example_task_group to 2022-07-16T19:47:36.692152+00:00, run_after=2022-07-17T19:47:36.692152+00:00
[2022-07-17 19:47:36,708] {processor.py:161} INFO - Processing /home/airflow/.local/lib/python3.7/site-packages/airflow/example_dags/example_task_group.py took 0.089 seconds
[2022-07-17 19:48:07,024] {processor.py:153} INFO - Started process (PID=1410) to work on /home/airflow/.local/lib/python3.7/site-packages/airflow/example_dags/example_task_group.py
[2022-07-17 19:48:07,024] {processor.py:641} INFO - Processing file /home/airflow/.local/lib/python3.7/site-packages/airflow/example_dags/example_task_group.py for tasks to queue
[2022-07-17 19:48:07,025] {logging_mixin.py:115} INFO - [2022-07-17 19:48:07,025] {dagbag.py:508} INFO - Filling up the DagBag from /home/airflow/.local/lib/python3.7/site-packages/airflow/example_dags/example_task_group.py
[2022-07-17 19:48:07,033] {processor.py:651} INFO - DAG(s) dict_keys(['example_task_group']) retrieved from /home/airflow/.local/lib/python3.7/site-packages/airflow/example_dags/example_task_group.py
[2022-07-17 19:48:07,062] {logging_mixin.py:115} INFO - [2022-07-17 19:48:07,062] {dag.py:2420} INFO - Sync 1 DAGs
[2022-07-17 19:48:07,088] {logging_mixin.py:115} INFO - [2022-07-17 19:48:07,088] {dag.py:2972} INFO - Setting next_dagrun for example_task_group to 2022-07-16T19:48:07.088260+00:00, run_after=2022-07-17T19:48:07.088260+00:00
[2022-07-17 19:48:07,101] {processor.py:161} INFO - Processing /home/airflow/.local/lib/python3.7/site-packages/airflow/example_dags/example_task_group.py took 0.081 seconds
[2022-07-17 19:48:37,303] {processor.py:153} INFO - Started process (PID=1465) to work on /home/airflow/.local/lib/python3.7/site-packages/airflow/example_dags/example_task_group.py
[2022-07-17 19:48:37,303] {processor.py:641} INFO - Processing file /home/airflow/.local/lib/python3.7/site-packages/airflow/example_dags/example_task_group.py for tasks to queue
[2022-07-17 19:48:37,304] {logging_mixin.py:115} INFO - [2022-07-17 19:48:37,304] {dagbag.py:508} INFO - Filling up the DagBag from /home/airflow/.local/lib/python3.7/site-packages/airflow/example_dags/example_task_group.py
[2022-07-17 19:48:37,311] {processor.py:651} INFO - DAG(s) dict_keys(['example_task_group']) retrieved from /home/airflow/.local/lib/python3.7/site-packages/airflow/example_dags/example_task_group.py
[2022-07-17 19:48:37,342] {logging_mixin.py:115} INFO - [2022-07-17 19:48:37,342] {dag.py:2420} INFO - Sync 1 DAGs
[2022-07-17 19:48:37,375] {logging_mixin.py:115} INFO - [2022-07-17 19:48:37,375] {dag.py:2972} INFO - Setting next_dagrun for example_task_group to 2022-07-16T19:48:37.374649+00:00, run_after=2022-07-17T19:48:37.374649+00:00
[2022-07-17 19:48:37,394] {processor.py:161} INFO - Processing /home/airflow/.local/lib/python3.7/site-packages/airflow/example_dags/example_task_group.py took 0.094 seconds
[2022-07-17 19:49:07,829] {processor.py:153} INFO - Started process (PID=1530) to work on /home/airflow/.local/lib/python3.7/site-packages/airflow/example_dags/example_task_group.py
[2022-07-17 19:49:07,830] {processor.py:641} INFO - Processing file /home/airflow/.local/lib/python3.7/site-packages/airflow/example_dags/example_task_group.py for tasks to queue
[2022-07-17 19:49:07,831] {logging_mixin.py:115} INFO - [2022-07-17 19:49:07,830] {dagbag.py:508} INFO - Filling up the DagBag from /home/airflow/.local/lib/python3.7/site-packages/airflow/example_dags/example_task_group.py
[2022-07-17 19:49:07,838] {processor.py:651} INFO - DAG(s) dict_keys(['example_task_group']) retrieved from /home/airflow/.local/lib/python3.7/site-packages/airflow/example_dags/example_task_group.py
[2022-07-17 19:49:07,867] {logging_mixin.py:115} INFO - [2022-07-17 19:49:07,867] {dag.py:2420} INFO - Sync 1 DAGs
[2022-07-17 19:49:07,892] {logging_mixin.py:115} INFO - [2022-07-17 19:49:07,892] {dag.py:2972} INFO - Setting next_dagrun for example_task_group to 2022-07-16T19:49:07.892521+00:00, run_after=2022-07-17T19:49:07.892521+00:00
[2022-07-17 19:49:07,906] {processor.py:161} INFO - Processing /home/airflow/.local/lib/python3.7/site-packages/airflow/example_dags/example_task_group.py took 0.079 seconds
[2022-07-17 19:49:38,440] {processor.py:153} INFO - Started process (PID=1596) to work on /home/airflow/.local/lib/python3.7/site-packages/airflow/example_dags/example_task_group.py
[2022-07-17 19:49:38,441] {processor.py:641} INFO - Processing file /home/airflow/.local/lib/python3.7/site-packages/airflow/example_dags/example_task_group.py for tasks to queue
[2022-07-17 19:49:38,442] {logging_mixin.py:115} INFO - [2022-07-17 19:49:38,442] {dagbag.py:508} INFO - Filling up the DagBag from /home/airflow/.local/lib/python3.7/site-packages/airflow/example_dags/example_task_group.py
[2022-07-17 19:49:38,449] {processor.py:651} INFO - DAG(s) dict_keys(['example_task_group']) retrieved from /home/airflow/.local/lib/python3.7/site-packages/airflow/example_dags/example_task_group.py
[2022-07-17 19:49:38,476] {logging_mixin.py:115} INFO - [2022-07-17 19:49:38,476] {dag.py:2420} INFO - Sync 1 DAGs
[2022-07-17 19:49:38,499] {logging_mixin.py:115} INFO - [2022-07-17 19:49:38,499] {dag.py:2972} INFO - Setting next_dagrun for example_task_group to 2022-07-16T19:49:38.499024+00:00, run_after=2022-07-17T19:49:38.499024+00:00
[2022-07-17 19:49:38,511] {processor.py:161} INFO - Processing /home/airflow/.local/lib/python3.7/site-packages/airflow/example_dags/example_task_group.py took 0.074 seconds
[2022-07-17 19:50:08,619] {processor.py:153} INFO - Started process (PID=1650) to work on /home/airflow/.local/lib/python3.7/site-packages/airflow/example_dags/example_task_group.py
[2022-07-17 19:50:08,620] {processor.py:641} INFO - Processing file /home/airflow/.local/lib/python3.7/site-packages/airflow/example_dags/example_task_group.py for tasks to queue
[2022-07-17 19:50:08,620] {logging_mixin.py:115} INFO - [2022-07-17 19:50:08,620] {dagbag.py:508} INFO - Filling up the DagBag from /home/airflow/.local/lib/python3.7/site-packages/airflow/example_dags/example_task_group.py
[2022-07-17 19:50:08,628] {processor.py:651} INFO - DAG(s) dict_keys(['example_task_group']) retrieved from /home/airflow/.local/lib/python3.7/site-packages/airflow/example_dags/example_task_group.py
[2022-07-17 19:50:08,659] {logging_mixin.py:115} INFO - [2022-07-17 19:50:08,659] {dag.py:2420} INFO - Sync 1 DAGs
[2022-07-17 19:50:08,685] {logging_mixin.py:115} INFO - [2022-07-17 19:50:08,685] {dag.py:2972} INFO - Setting next_dagrun for example_task_group to 2022-07-16T19:50:08.685488+00:00, run_after=2022-07-17T19:50:08.685488+00:00
[2022-07-17 19:50:08,700] {processor.py:161} INFO - Processing /home/airflow/.local/lib/python3.7/site-packages/airflow/example_dags/example_task_group.py took 0.084 seconds
[2022-07-17 19:50:39,096] {processor.py:153} INFO - Started process (PID=1714) to work on /home/airflow/.local/lib/python3.7/site-packages/airflow/example_dags/example_task_group.py
[2022-07-17 19:50:39,097] {processor.py:641} INFO - Processing file /home/airflow/.local/lib/python3.7/site-packages/airflow/example_dags/example_task_group.py for tasks to queue
[2022-07-17 19:50:39,098] {logging_mixin.py:115} INFO - [2022-07-17 19:50:39,097] {dagbag.py:508} INFO - Filling up the DagBag from /home/airflow/.local/lib/python3.7/site-packages/airflow/example_dags/example_task_group.py
[2022-07-17 19:50:39,108] {processor.py:651} INFO - DAG(s) dict_keys(['example_task_group']) retrieved from /home/airflow/.local/lib/python3.7/site-packages/airflow/example_dags/example_task_group.py
[2022-07-17 19:50:39,143] {logging_mixin.py:115} INFO - [2022-07-17 19:50:39,143] {dag.py:2420} INFO - Sync 1 DAGs
[2022-07-17 19:50:39,175] {logging_mixin.py:115} INFO - [2022-07-17 19:50:39,175] {dag.py:2972} INFO - Setting next_dagrun for example_task_group to 2022-07-16T19:50:39.174956+00:00, run_after=2022-07-17T19:50:39.174956+00:00
[2022-07-17 19:50:39,194] {processor.py:161} INFO - Processing /home/airflow/.local/lib/python3.7/site-packages/airflow/example_dags/example_task_group.py took 0.102 seconds
[2022-07-17 19:51:09,307] {processor.py:153} INFO - Started process (PID=1771) to work on /home/airflow/.local/lib/python3.7/site-packages/airflow/example_dags/example_task_group.py
[2022-07-17 19:51:09,308] {processor.py:641} INFO - Processing file /home/airflow/.local/lib/python3.7/site-packages/airflow/example_dags/example_task_group.py for tasks to queue
[2022-07-17 19:51:09,309] {logging_mixin.py:115} INFO - [2022-07-17 19:51:09,309] {dagbag.py:508} INFO - Filling up the DagBag from /home/airflow/.local/lib/python3.7/site-packages/airflow/example_dags/example_task_group.py
[2022-07-17 19:51:09,318] {processor.py:651} INFO - DAG(s) dict_keys(['example_task_group']) retrieved from /home/airflow/.local/lib/python3.7/site-packages/airflow/example_dags/example_task_group.py
[2022-07-17 19:51:09,355] {logging_mixin.py:115} INFO - [2022-07-17 19:51:09,355] {dag.py:2420} INFO - Sync 1 DAGs
[2022-07-17 19:51:09,388] {logging_mixin.py:115} INFO - [2022-07-17 19:51:09,388] {dag.py:2972} INFO - Setting next_dagrun for example_task_group to 2022-07-16T19:51:09.387903+00:00, run_after=2022-07-17T19:51:09.387903+00:00
[2022-07-17 19:51:09,408] {processor.py:161} INFO - Processing /home/airflow/.local/lib/python3.7/site-packages/airflow/example_dags/example_task_group.py took 0.105 seconds
[2022-07-17 19:51:39,518] {processor.py:153} INFO - Started process (PID=1835) to work on /home/airflow/.local/lib/python3.7/site-packages/airflow/example_dags/example_task_group.py
[2022-07-17 19:51:39,519] {processor.py:641} INFO - Processing file /home/airflow/.local/lib/python3.7/site-packages/airflow/example_dags/example_task_group.py for tasks to queue
[2022-07-17 19:51:39,520] {logging_mixin.py:115} INFO - [2022-07-17 19:51:39,520] {dagbag.py:508} INFO - Filling up the DagBag from /home/airflow/.local/lib/python3.7/site-packages/airflow/example_dags/example_task_group.py
[2022-07-17 19:51:39,530] {processor.py:651} INFO - DAG(s) dict_keys(['example_task_group']) retrieved from /home/airflow/.local/lib/python3.7/site-packages/airflow/example_dags/example_task_group.py
[2022-07-17 19:51:39,570] {logging_mixin.py:115} INFO - [2022-07-17 19:51:39,570] {dag.py:2420} INFO - Sync 1 DAGs
[2022-07-17 19:51:39,606] {logging_mixin.py:115} INFO - [2022-07-17 19:51:39,606] {dag.py:2972} INFO - Setting next_dagrun for example_task_group to 2022-07-16T19:51:39.606342+00:00, run_after=2022-07-17T19:51:39.606342+00:00
[2022-07-17 19:51:39,622] {processor.py:161} INFO - Processing /home/airflow/.local/lib/python3.7/site-packages/airflow/example_dags/example_task_group.py took 0.107 seconds
[2022-07-17 19:52:10,076] {processor.py:153} INFO - Started process (PID=1890) to work on /home/airflow/.local/lib/python3.7/site-packages/airflow/example_dags/example_task_group.py
[2022-07-17 19:52:10,077] {processor.py:641} INFO - Processing file /home/airflow/.local/lib/python3.7/site-packages/airflow/example_dags/example_task_group.py for tasks to queue
[2022-07-17 19:52:10,078] {logging_mixin.py:115} INFO - [2022-07-17 19:52:10,077] {dagbag.py:508} INFO - Filling up the DagBag from /home/airflow/.local/lib/python3.7/site-packages/airflow/example_dags/example_task_group.py
[2022-07-17 19:52:10,087] {processor.py:651} INFO - DAG(s) dict_keys(['example_task_group']) retrieved from /home/airflow/.local/lib/python3.7/site-packages/airflow/example_dags/example_task_group.py
[2022-07-17 19:52:10,119] {logging_mixin.py:115} INFO - [2022-07-17 19:52:10,119] {dag.py:2420} INFO - Sync 1 DAGs
[2022-07-17 19:52:10,148] {logging_mixin.py:115} INFO - [2022-07-17 19:52:10,147] {dag.py:2972} INFO - Setting next_dagrun for example_task_group to 2022-07-16T19:52:10.147599+00:00, run_after=2022-07-17T19:52:10.147599+00:00
[2022-07-17 19:52:10,164] {processor.py:161} INFO - Processing /home/airflow/.local/lib/python3.7/site-packages/airflow/example_dags/example_task_group.py took 0.093 seconds
[2022-07-17 19:52:40,356] {processor.py:153} INFO - Started process (PID=1954) to work on /home/airflow/.local/lib/python3.7/site-packages/airflow/example_dags/example_task_group.py
[2022-07-17 19:52:40,357] {processor.py:641} INFO - Processing file /home/airflow/.local/lib/python3.7/site-packages/airflow/example_dags/example_task_group.py for tasks to queue
[2022-07-17 19:52:40,357] {logging_mixin.py:115} INFO - [2022-07-17 19:52:40,357] {dagbag.py:508} INFO - Filling up the DagBag from /home/airflow/.local/lib/python3.7/site-packages/airflow/example_dags/example_task_group.py
[2022-07-17 19:52:40,368] {processor.py:651} INFO - DAG(s) dict_keys(['example_task_group']) retrieved from /home/airflow/.local/lib/python3.7/site-packages/airflow/example_dags/example_task_group.py
[2022-07-17 19:52:40,403] {logging_mixin.py:115} INFO - [2022-07-17 19:52:40,402] {dag.py:2420} INFO - Sync 1 DAGs
[2022-07-17 19:52:40,442] {logging_mixin.py:115} INFO - [2022-07-17 19:52:40,442] {dag.py:2972} INFO - Setting next_dagrun for example_task_group to 2022-07-16T19:52:40.442167+00:00, run_after=2022-07-17T19:52:40.442167+00:00
[2022-07-17 19:52:40,460] {processor.py:161} INFO - Processing /home/airflow/.local/lib/python3.7/site-packages/airflow/example_dags/example_task_group.py took 0.108 seconds
[2022-07-17 19:53:11,354] {processor.py:153} INFO - Started process (PID=2016) to work on /home/airflow/.local/lib/python3.7/site-packages/airflow/example_dags/example_task_group.py
[2022-07-17 19:53:11,354] {processor.py:641} INFO - Processing file /home/airflow/.local/lib/python3.7/site-packages/airflow/example_dags/example_task_group.py for tasks to queue
[2022-07-17 19:53:11,354] {logging_mixin.py:115} INFO - [2022-07-17 19:53:11,354] {dagbag.py:508} INFO - Filling up the DagBag from /home/airflow/.local/lib/python3.7/site-packages/airflow/example_dags/example_task_group.py
[2022-07-17 19:53:11,363] {processor.py:651} INFO - DAG(s) dict_keys(['example_task_group']) retrieved from /home/airflow/.local/lib/python3.7/site-packages/airflow/example_dags/example_task_group.py
[2022-07-17 19:53:11,400] {logging_mixin.py:115} INFO - [2022-07-17 19:53:11,400] {dag.py:2420} INFO - Sync 1 DAGs
[2022-07-17 19:53:11,437] {logging_mixin.py:115} INFO - [2022-07-17 19:53:11,437] {dag.py:2972} INFO - Setting next_dagrun for example_task_group to 2022-07-16T19:53:11.436700+00:00, run_after=2022-07-17T19:53:11.436700+00:00
[2022-07-17 19:53:11,454] {processor.py:161} INFO - Processing /home/airflow/.local/lib/python3.7/site-packages/airflow/example_dags/example_task_group.py took 0.104 seconds
[2022-07-17 19:53:41,739] {processor.py:153} INFO - Started process (PID=2071) to work on /home/airflow/.local/lib/python3.7/site-packages/airflow/example_dags/example_task_group.py
[2022-07-17 19:53:41,740] {processor.py:641} INFO - Processing file /home/airflow/.local/lib/python3.7/site-packages/airflow/example_dags/example_task_group.py for tasks to queue
[2022-07-17 19:53:41,740] {logging_mixin.py:115} INFO - [2022-07-17 19:53:41,740] {dagbag.py:508} INFO - Filling up the DagBag from /home/airflow/.local/lib/python3.7/site-packages/airflow/example_dags/example_task_group.py
[2022-07-17 19:53:41,749] {processor.py:651} INFO - DAG(s) dict_keys(['example_task_group']) retrieved from /home/airflow/.local/lib/python3.7/site-packages/airflow/example_dags/example_task_group.py
[2022-07-17 19:53:41,784] {logging_mixin.py:115} INFO - [2022-07-17 19:53:41,783] {dag.py:2420} INFO - Sync 1 DAGs
[2022-07-17 19:53:41,811] {logging_mixin.py:115} INFO - [2022-07-17 19:53:41,811] {dag.py:2972} INFO - Setting next_dagrun for example_task_group to 2022-07-16T19:53:41.811418+00:00, run_after=2022-07-17T19:53:41.811418+00:00
[2022-07-17 19:53:41,826] {processor.py:161} INFO - Processing /home/airflow/.local/lib/python3.7/site-packages/airflow/example_dags/example_task_group.py took 0.091 seconds
[2022-07-17 19:54:12,135] {processor.py:153} INFO - Started process (PID=2136) to work on /home/airflow/.local/lib/python3.7/site-packages/airflow/example_dags/example_task_group.py
[2022-07-17 19:54:12,136] {processor.py:641} INFO - Processing file /home/airflow/.local/lib/python3.7/site-packages/airflow/example_dags/example_task_group.py for tasks to queue
[2022-07-17 19:54:12,136] {logging_mixin.py:115} INFO - [2022-07-17 19:54:12,136] {dagbag.py:508} INFO - Filling up the DagBag from /home/airflow/.local/lib/python3.7/site-packages/airflow/example_dags/example_task_group.py
[2022-07-17 19:54:12,148] {processor.py:651} INFO - DAG(s) dict_keys(['example_task_group']) retrieved from /home/airflow/.local/lib/python3.7/site-packages/airflow/example_dags/example_task_group.py
[2022-07-17 19:54:12,181] {logging_mixin.py:115} INFO - [2022-07-17 19:54:12,181] {dag.py:2420} INFO - Sync 1 DAGs
[2022-07-17 19:54:12,209] {logging_mixin.py:115} INFO - [2022-07-17 19:54:12,209] {dag.py:2972} INFO - Setting next_dagrun for example_task_group to 2022-07-16T19:54:12.208809+00:00, run_after=2022-07-17T19:54:12.208809+00:00
[2022-07-17 19:54:12,224] {processor.py:161} INFO - Processing /home/airflow/.local/lib/python3.7/site-packages/airflow/example_dags/example_task_group.py took 0.093 seconds
[2022-07-17 19:54:42,377] {processor.py:153} INFO - Started process (PID=2191) to work on /home/airflow/.local/lib/python3.7/site-packages/airflow/example_dags/example_task_group.py
[2022-07-17 19:54:42,378] {processor.py:641} INFO - Processing file /home/airflow/.local/lib/python3.7/site-packages/airflow/example_dags/example_task_group.py for tasks to queue
[2022-07-17 19:54:42,378] {logging_mixin.py:115} INFO - [2022-07-17 19:54:42,378] {dagbag.py:508} INFO - Filling up the DagBag from /home/airflow/.local/lib/python3.7/site-packages/airflow/example_dags/example_task_group.py
[2022-07-17 19:54:42,387] {processor.py:651} INFO - DAG(s) dict_keys(['example_task_group']) retrieved from /home/airflow/.local/lib/python3.7/site-packages/airflow/example_dags/example_task_group.py
[2022-07-17 19:54:42,425] {logging_mixin.py:115} INFO - [2022-07-17 19:54:42,425] {dag.py:2420} INFO - Sync 1 DAGs
[2022-07-17 19:54:42,456] {logging_mixin.py:115} INFO - [2022-07-17 19:54:42,456] {dag.py:2972} INFO - Setting next_dagrun for example_task_group to 2022-07-16T19:54:42.455734+00:00, run_after=2022-07-17T19:54:42.455734+00:00
[2022-07-17 19:54:42,471] {processor.py:161} INFO - Processing /home/airflow/.local/lib/python3.7/site-packages/airflow/example_dags/example_task_group.py took 0.098 seconds
[2022-07-17 19:55:12,503] {processor.py:153} INFO - Started process (PID=2255) to work on /home/airflow/.local/lib/python3.7/site-packages/airflow/example_dags/example_task_group.py
[2022-07-17 19:55:12,504] {processor.py:641} INFO - Processing file /home/airflow/.local/lib/python3.7/site-packages/airflow/example_dags/example_task_group.py for tasks to queue
[2022-07-17 19:55:12,504] {logging_mixin.py:115} INFO - [2022-07-17 19:55:12,504] {dagbag.py:508} INFO - Filling up the DagBag from /home/airflow/.local/lib/python3.7/site-packages/airflow/example_dags/example_task_group.py
[2022-07-17 19:55:12,512] {processor.py:651} INFO - DAG(s) dict_keys(['example_task_group']) retrieved from /home/airflow/.local/lib/python3.7/site-packages/airflow/example_dags/example_task_group.py
[2022-07-17 19:55:12,540] {logging_mixin.py:115} INFO - [2022-07-17 19:55:12,540] {dag.py:2420} INFO - Sync 1 DAGs
[2022-07-17 19:55:12,566] {logging_mixin.py:115} INFO - [2022-07-17 19:55:12,566] {dag.py:2972} INFO - Setting next_dagrun for example_task_group to 2022-07-16T19:55:12.566363+00:00, run_after=2022-07-17T19:55:12.566363+00:00
[2022-07-17 19:55:12,580] {processor.py:161} INFO - Processing /home/airflow/.local/lib/python3.7/site-packages/airflow/example_dags/example_task_group.py took 0.080 seconds
[2022-07-17 19:55:43,021] {processor.py:153} INFO - Started process (PID=2318) to work on /home/airflow/.local/lib/python3.7/site-packages/airflow/example_dags/example_task_group.py
[2022-07-17 19:55:43,023] {processor.py:641} INFO - Processing file /home/airflow/.local/lib/python3.7/site-packages/airflow/example_dags/example_task_group.py for tasks to queue
[2022-07-17 19:55:43,023] {logging_mixin.py:115} INFO - [2022-07-17 19:55:43,023] {dagbag.py:508} INFO - Filling up the DagBag from /home/airflow/.local/lib/python3.7/site-packages/airflow/example_dags/example_task_group.py
[2022-07-17 19:55:43,034] {processor.py:651} INFO - DAG(s) dict_keys(['example_task_group']) retrieved from /home/airflow/.local/lib/python3.7/site-packages/airflow/example_dags/example_task_group.py
[2022-07-17 19:55:43,075] {logging_mixin.py:115} INFO - [2022-07-17 19:55:43,075] {dag.py:2420} INFO - Sync 1 DAGs
[2022-07-17 19:55:43,103] {logging_mixin.py:115} INFO - [2022-07-17 19:55:43,103] {dag.py:2972} INFO - Setting next_dagrun for example_task_group to 2022-07-16T19:55:43.103636+00:00, run_after=2022-07-17T19:55:43.103636+00:00
[2022-07-17 19:55:43,118] {processor.py:161} INFO - Processing /home/airflow/.local/lib/python3.7/site-packages/airflow/example_dags/example_task_group.py took 0.101 seconds
[2022-07-17 19:56:13,749] {processor.py:153} INFO - Started process (PID=2378) to work on /home/airflow/.local/lib/python3.7/site-packages/airflow/example_dags/example_task_group.py
[2022-07-17 19:56:13,750] {processor.py:641} INFO - Processing file /home/airflow/.local/lib/python3.7/site-packages/airflow/example_dags/example_task_group.py for tasks to queue
[2022-07-17 19:56:13,751] {logging_mixin.py:115} INFO - [2022-07-17 19:56:13,750] {dagbag.py:508} INFO - Filling up the DagBag from /home/airflow/.local/lib/python3.7/site-packages/airflow/example_dags/example_task_group.py
[2022-07-17 19:56:13,763] {processor.py:651} INFO - DAG(s) dict_keys(['example_task_group']) retrieved from /home/airflow/.local/lib/python3.7/site-packages/airflow/example_dags/example_task_group.py
[2022-07-17 19:56:13,804] {logging_mixin.py:115} INFO - [2022-07-17 19:56:13,803] {dag.py:2420} INFO - Sync 1 DAGs
[2022-07-17 19:56:13,832] {logging_mixin.py:115} INFO - [2022-07-17 19:56:13,832] {dag.py:2972} INFO - Setting next_dagrun for example_task_group to 2022-07-16T19:56:13.832321+00:00, run_after=2022-07-17T19:56:13.832321+00:00
[2022-07-17 19:56:13,850] {processor.py:161} INFO - Processing /home/airflow/.local/lib/python3.7/site-packages/airflow/example_dags/example_task_group.py took 0.106 seconds
[2022-07-17 19:56:43,951] {processor.py:153} INFO - Started process (PID=2442) to work on /home/airflow/.local/lib/python3.7/site-packages/airflow/example_dags/example_task_group.py
[2022-07-17 19:56:43,952] {processor.py:641} INFO - Processing file /home/airflow/.local/lib/python3.7/site-packages/airflow/example_dags/example_task_group.py for tasks to queue
[2022-07-17 19:56:43,952] {logging_mixin.py:115} INFO - [2022-07-17 19:56:43,952] {dagbag.py:508} INFO - Filling up the DagBag from /home/airflow/.local/lib/python3.7/site-packages/airflow/example_dags/example_task_group.py
[2022-07-17 19:56:43,961] {processor.py:651} INFO - DAG(s) dict_keys(['example_task_group']) retrieved from /home/airflow/.local/lib/python3.7/site-packages/airflow/example_dags/example_task_group.py
[2022-07-17 19:56:43,999] {logging_mixin.py:115} INFO - [2022-07-17 19:56:43,999] {dag.py:2420} INFO - Sync 1 DAGs
[2022-07-17 19:56:44,039] {logging_mixin.py:115} INFO - [2022-07-17 19:56:44,039] {dag.py:2972} INFO - Setting next_dagrun for example_task_group to 2022-07-16T19:56:44.039054+00:00, run_after=2022-07-17T19:56:44.039054+00:00
[2022-07-17 19:56:44,060] {processor.py:161} INFO - Processing /home/airflow/.local/lib/python3.7/site-packages/airflow/example_dags/example_task_group.py took 0.113 seconds
[2022-07-17 19:57:14,179] {processor.py:153} INFO - Started process (PID=2498) to work on /home/airflow/.local/lib/python3.7/site-packages/airflow/example_dags/example_task_group.py
[2022-07-17 19:57:14,180] {processor.py:641} INFO - Processing file /home/airflow/.local/lib/python3.7/site-packages/airflow/example_dags/example_task_group.py for tasks to queue
[2022-07-17 19:57:14,180] {logging_mixin.py:115} INFO - [2022-07-17 19:57:14,180] {dagbag.py:508} INFO - Filling up the DagBag from /home/airflow/.local/lib/python3.7/site-packages/airflow/example_dags/example_task_group.py
[2022-07-17 19:57:14,189] {processor.py:651} INFO - DAG(s) dict_keys(['example_task_group']) retrieved from /home/airflow/.local/lib/python3.7/site-packages/airflow/example_dags/example_task_group.py
[2022-07-17 19:57:14,219] {logging_mixin.py:115} INFO - [2022-07-17 19:57:14,219] {dag.py:2420} INFO - Sync 1 DAGs
[2022-07-17 19:57:14,247] {logging_mixin.py:115} INFO - [2022-07-17 19:57:14,246] {dag.py:2972} INFO - Setting next_dagrun for example_task_group to 2022-07-16T19:57:14.246743+00:00, run_after=2022-07-17T19:57:14.246743+00:00
[2022-07-17 19:57:14,259] {processor.py:161} INFO - Processing /home/airflow/.local/lib/python3.7/site-packages/airflow/example_dags/example_task_group.py took 0.084 seconds
[2022-07-17 19:57:44,395] {processor.py:153} INFO - Started process (PID=2563) to work on /home/airflow/.local/lib/python3.7/site-packages/airflow/example_dags/example_task_group.py
[2022-07-17 19:57:44,395] {processor.py:641} INFO - Processing file /home/airflow/.local/lib/python3.7/site-packages/airflow/example_dags/example_task_group.py for tasks to queue
[2022-07-17 19:57:44,396] {logging_mixin.py:115} INFO - [2022-07-17 19:57:44,396] {dagbag.py:508} INFO - Filling up the DagBag from /home/airflow/.local/lib/python3.7/site-packages/airflow/example_dags/example_task_group.py
[2022-07-17 19:57:44,403] {processor.py:651} INFO - DAG(s) dict_keys(['example_task_group']) retrieved from /home/airflow/.local/lib/python3.7/site-packages/airflow/example_dags/example_task_group.py
[2022-07-17 19:57:44,431] {logging_mixin.py:115} INFO - [2022-07-17 19:57:44,431] {dag.py:2420} INFO - Sync 1 DAGs
[2022-07-17 19:57:44,455] {logging_mixin.py:115} INFO - [2022-07-17 19:57:44,455] {dag.py:2972} INFO - Setting next_dagrun for example_task_group to 2022-07-16T19:57:44.454958+00:00, run_after=2022-07-17T19:57:44.454958+00:00
[2022-07-17 19:57:44,475] {processor.py:161} INFO - Processing /home/airflow/.local/lib/python3.7/site-packages/airflow/example_dags/example_task_group.py took 0.083 seconds
[2022-07-17 19:58:14,636] {processor.py:153} INFO - Started process (PID=2618) to work on /home/airflow/.local/lib/python3.7/site-packages/airflow/example_dags/example_task_group.py
[2022-07-17 19:58:14,636] {processor.py:641} INFO - Processing file /home/airflow/.local/lib/python3.7/site-packages/airflow/example_dags/example_task_group.py for tasks to queue
[2022-07-17 19:58:14,637] {logging_mixin.py:115} INFO - [2022-07-17 19:58:14,637] {dagbag.py:508} INFO - Filling up the DagBag from /home/airflow/.local/lib/python3.7/site-packages/airflow/example_dags/example_task_group.py
[2022-07-17 19:58:14,644] {processor.py:651} INFO - DAG(s) dict_keys(['example_task_group']) retrieved from /home/airflow/.local/lib/python3.7/site-packages/airflow/example_dags/example_task_group.py
[2022-07-17 19:58:14,673] {logging_mixin.py:115} INFO - [2022-07-17 19:58:14,673] {dag.py:2420} INFO - Sync 1 DAGs
[2022-07-17 19:58:14,698] {logging_mixin.py:115} INFO - [2022-07-17 19:58:14,698] {dag.py:2972} INFO - Setting next_dagrun for example_task_group to 2022-07-16T19:58:14.698282+00:00, run_after=2022-07-17T19:58:14.698282+00:00
[2022-07-17 19:58:14,713] {processor.py:161} INFO - Processing /home/airflow/.local/lib/python3.7/site-packages/airflow/example_dags/example_task_group.py took 0.080 seconds
[2022-07-17 19:58:45,592] {processor.py:153} INFO - Started process (PID=2680) to work on /home/airflow/.local/lib/python3.7/site-packages/airflow/example_dags/example_task_group.py
[2022-07-17 19:58:45,592] {processor.py:641} INFO - Processing file /home/airflow/.local/lib/python3.7/site-packages/airflow/example_dags/example_task_group.py for tasks to queue
[2022-07-17 19:58:45,593] {logging_mixin.py:115} INFO - [2022-07-17 19:58:45,593] {dagbag.py:508} INFO - Filling up the DagBag from /home/airflow/.local/lib/python3.7/site-packages/airflow/example_dags/example_task_group.py
[2022-07-17 19:58:45,601] {processor.py:651} INFO - DAG(s) dict_keys(['example_task_group']) retrieved from /home/airflow/.local/lib/python3.7/site-packages/airflow/example_dags/example_task_group.py
[2022-07-17 19:58:45,639] {logging_mixin.py:115} INFO - [2022-07-17 19:58:45,638] {dag.py:2420} INFO - Sync 1 DAGs
[2022-07-17 19:58:45,669] {logging_mixin.py:115} INFO - [2022-07-17 19:58:45,669] {dag.py:2972} INFO - Setting next_dagrun for example_task_group to 2022-07-16T19:58:45.669081+00:00, run_after=2022-07-17T19:58:45.669081+00:00
[2022-07-17 19:58:45,688] {processor.py:161} INFO - Processing /home/airflow/.local/lib/python3.7/site-packages/airflow/example_dags/example_task_group.py took 0.099 seconds
[2022-07-17 19:59:16,121] {processor.py:153} INFO - Started process (PID=2744) to work on /home/airflow/.local/lib/python3.7/site-packages/airflow/example_dags/example_task_group.py
[2022-07-17 19:59:16,122] {processor.py:641} INFO - Processing file /home/airflow/.local/lib/python3.7/site-packages/airflow/example_dags/example_task_group.py for tasks to queue
[2022-07-17 19:59:16,124] {logging_mixin.py:115} INFO - [2022-07-17 19:59:16,124] {dagbag.py:508} INFO - Filling up the DagBag from /home/airflow/.local/lib/python3.7/site-packages/airflow/example_dags/example_task_group.py
[2022-07-17 19:59:16,136] {processor.py:651} INFO - DAG(s) dict_keys(['example_task_group']) retrieved from /home/airflow/.local/lib/python3.7/site-packages/airflow/example_dags/example_task_group.py
[2022-07-17 19:59:16,187] {logging_mixin.py:115} INFO - [2022-07-17 19:59:16,186] {dag.py:2420} INFO - Sync 1 DAGs
[2022-07-17 19:59:16,249] {logging_mixin.py:115} INFO - [2022-07-17 19:59:16,249] {dag.py:2972} INFO - Setting next_dagrun for example_task_group to 2022-07-16T19:59:16.248932+00:00, run_after=2022-07-17T19:59:16.248932+00:00
[2022-07-17 19:59:16,295] {processor.py:161} INFO - Processing /home/airflow/.local/lib/python3.7/site-packages/airflow/example_dags/example_task_group.py took 0.177 seconds
[2022-07-17 19:59:46,335] {processor.py:153} INFO - Started process (PID=2801) to work on /home/airflow/.local/lib/python3.7/site-packages/airflow/example_dags/example_task_group.py
[2022-07-17 19:59:46,336] {processor.py:641} INFO - Processing file /home/airflow/.local/lib/python3.7/site-packages/airflow/example_dags/example_task_group.py for tasks to queue
[2022-07-17 19:59:46,336] {logging_mixin.py:115} INFO - [2022-07-17 19:59:46,336] {dagbag.py:508} INFO - Filling up the DagBag from /home/airflow/.local/lib/python3.7/site-packages/airflow/example_dags/example_task_group.py
[2022-07-17 19:59:46,343] {processor.py:651} INFO - DAG(s) dict_keys(['example_task_group']) retrieved from /home/airflow/.local/lib/python3.7/site-packages/airflow/example_dags/example_task_group.py
[2022-07-17 19:59:46,369] {logging_mixin.py:115} INFO - [2022-07-17 19:59:46,369] {dag.py:2420} INFO - Sync 1 DAGs
[2022-07-17 19:59:46,392] {logging_mixin.py:115} INFO - [2022-07-17 19:59:46,392] {dag.py:2972} INFO - Setting next_dagrun for example_task_group to 2022-07-16T19:59:46.392517+00:00, run_after=2022-07-17T19:59:46.392517+00:00
[2022-07-17 19:59:46,412] {processor.py:161} INFO - Processing /home/airflow/.local/lib/python3.7/site-packages/airflow/example_dags/example_task_group.py took 0.080 seconds
[2022-07-17 20:00:16,705] {processor.py:153} INFO - Started process (PID=2865) to work on /home/airflow/.local/lib/python3.7/site-packages/airflow/example_dags/example_task_group.py
[2022-07-17 20:00:16,706] {processor.py:641} INFO - Processing file /home/airflow/.local/lib/python3.7/site-packages/airflow/example_dags/example_task_group.py for tasks to queue
[2022-07-17 20:00:16,706] {logging_mixin.py:115} INFO - [2022-07-17 20:00:16,706] {dagbag.py:508} INFO - Filling up the DagBag from /home/airflow/.local/lib/python3.7/site-packages/airflow/example_dags/example_task_group.py
[2022-07-17 20:00:16,714] {processor.py:651} INFO - DAG(s) dict_keys(['example_task_group']) retrieved from /home/airflow/.local/lib/python3.7/site-packages/airflow/example_dags/example_task_group.py
[2022-07-17 20:00:16,742] {logging_mixin.py:115} INFO - [2022-07-17 20:00:16,742] {dag.py:2420} INFO - Sync 1 DAGs
[2022-07-17 20:00:16,766] {logging_mixin.py:115} INFO - [2022-07-17 20:00:16,766] {dag.py:2972} INFO - Setting next_dagrun for example_task_group to 2022-07-16T20:00:16.765837+00:00, run_after=2022-07-17T20:00:16.765837+00:00
[2022-07-17 20:00:16,779] {processor.py:161} INFO - Processing /home/airflow/.local/lib/python3.7/site-packages/airflow/example_dags/example_task_group.py took 0.077 seconds
[2022-07-17 20:00:47,084] {processor.py:153} INFO - Started process (PID=2921) to work on /home/airflow/.local/lib/python3.7/site-packages/airflow/example_dags/example_task_group.py
[2022-07-17 20:00:47,085] {processor.py:641} INFO - Processing file /home/airflow/.local/lib/python3.7/site-packages/airflow/example_dags/example_task_group.py for tasks to queue
[2022-07-17 20:00:47,085] {logging_mixin.py:115} INFO - [2022-07-17 20:00:47,085] {dagbag.py:508} INFO - Filling up the DagBag from /home/airflow/.local/lib/python3.7/site-packages/airflow/example_dags/example_task_group.py
[2022-07-17 20:00:47,092] {processor.py:651} INFO - DAG(s) dict_keys(['example_task_group']) retrieved from /home/airflow/.local/lib/python3.7/site-packages/airflow/example_dags/example_task_group.py
[2022-07-17 20:00:47,121] {logging_mixin.py:115} INFO - [2022-07-17 20:00:47,121] {dag.py:2420} INFO - Sync 1 DAGs
[2022-07-17 20:00:47,146] {logging_mixin.py:115} INFO - [2022-07-17 20:00:47,146] {dag.py:2972} INFO - Setting next_dagrun for example_task_group to 2022-07-16T20:00:47.146483+00:00, run_after=2022-07-17T20:00:47.146483+00:00
[2022-07-17 20:00:47,160] {processor.py:161} INFO - Processing /home/airflow/.local/lib/python3.7/site-packages/airflow/example_dags/example_task_group.py took 0.079 seconds
[2022-07-17 20:01:17,507] {processor.py:153} INFO - Started process (PID=2985) to work on /home/airflow/.local/lib/python3.7/site-packages/airflow/example_dags/example_task_group.py
[2022-07-17 20:01:17,508] {processor.py:641} INFO - Processing file /home/airflow/.local/lib/python3.7/site-packages/airflow/example_dags/example_task_group.py for tasks to queue
[2022-07-17 20:01:17,508] {logging_mixin.py:115} INFO - [2022-07-17 20:01:17,508] {dagbag.py:508} INFO - Filling up the DagBag from /home/airflow/.local/lib/python3.7/site-packages/airflow/example_dags/example_task_group.py
[2022-07-17 20:01:17,516] {processor.py:651} INFO - DAG(s) dict_keys(['example_task_group']) retrieved from /home/airflow/.local/lib/python3.7/site-packages/airflow/example_dags/example_task_group.py
[2022-07-17 20:01:17,544] {logging_mixin.py:115} INFO - [2022-07-17 20:01:17,544] {dag.py:2420} INFO - Sync 1 DAGs
[2022-07-17 20:01:17,575] {logging_mixin.py:115} INFO - [2022-07-17 20:01:17,574] {dag.py:2972} INFO - Setting next_dagrun for example_task_group to 2022-07-16T20:01:17.574680+00:00, run_after=2022-07-17T20:01:17.574680+00:00
[2022-07-17 20:01:17,589] {processor.py:161} INFO - Processing /home/airflow/.local/lib/python3.7/site-packages/airflow/example_dags/example_task_group.py took 0.085 seconds
[2022-07-17 20:01:47,782] {processor.py:153} INFO - Started process (PID=3040) to work on /home/airflow/.local/lib/python3.7/site-packages/airflow/example_dags/example_task_group.py
[2022-07-17 20:01:47,782] {processor.py:641} INFO - Processing file /home/airflow/.local/lib/python3.7/site-packages/airflow/example_dags/example_task_group.py for tasks to queue
[2022-07-17 20:01:47,782] {logging_mixin.py:115} INFO - [2022-07-17 20:01:47,782] {dagbag.py:508} INFO - Filling up the DagBag from /home/airflow/.local/lib/python3.7/site-packages/airflow/example_dags/example_task_group.py
[2022-07-17 20:01:47,790] {processor.py:651} INFO - DAG(s) dict_keys(['example_task_group']) retrieved from /home/airflow/.local/lib/python3.7/site-packages/airflow/example_dags/example_task_group.py
[2022-07-17 20:01:47,818] {logging_mixin.py:115} INFO - [2022-07-17 20:01:47,818] {dag.py:2420} INFO - Sync 1 DAGs
[2022-07-17 20:01:47,851] {logging_mixin.py:115} INFO - [2022-07-17 20:01:47,851] {dag.py:2972} INFO - Setting next_dagrun for example_task_group to 2022-07-16T20:01:47.851527+00:00, run_after=2022-07-17T20:01:47.851527+00:00
[2022-07-17 20:01:47,868] {processor.py:161} INFO - Processing /home/airflow/.local/lib/python3.7/site-packages/airflow/example_dags/example_task_group.py took 0.090 seconds
[2022-07-17 20:02:18,516] {processor.py:153} INFO - Started process (PID=3107) to work on /home/airflow/.local/lib/python3.7/site-packages/airflow/example_dags/example_task_group.py
[2022-07-17 20:02:18,517] {processor.py:641} INFO - Processing file /home/airflow/.local/lib/python3.7/site-packages/airflow/example_dags/example_task_group.py for tasks to queue
[2022-07-17 20:02:18,517] {logging_mixin.py:115} INFO - [2022-07-17 20:02:18,517] {dagbag.py:508} INFO - Filling up the DagBag from /home/airflow/.local/lib/python3.7/site-packages/airflow/example_dags/example_task_group.py
[2022-07-17 20:02:18,526] {processor.py:651} INFO - DAG(s) dict_keys(['example_task_group']) retrieved from /home/airflow/.local/lib/python3.7/site-packages/airflow/example_dags/example_task_group.py
[2022-07-17 20:02:18,562] {logging_mixin.py:115} INFO - [2022-07-17 20:02:18,562] {dag.py:2420} INFO - Sync 1 DAGs
[2022-07-17 20:02:18,594] {logging_mixin.py:115} INFO - [2022-07-17 20:02:18,593] {dag.py:2972} INFO - Setting next_dagrun for example_task_group to 2022-07-16T20:02:18.593491+00:00, run_after=2022-07-17T20:02:18.593491+00:00
[2022-07-17 20:02:18,613] {processor.py:161} INFO - Processing /home/airflow/.local/lib/python3.7/site-packages/airflow/example_dags/example_task_group.py took 0.101 seconds
[2022-07-17 20:02:48,957] {processor.py:153} INFO - Started process (PID=3171) to work on /home/airflow/.local/lib/python3.7/site-packages/airflow/example_dags/example_task_group.py
[2022-07-17 20:02:48,957] {processor.py:641} INFO - Processing file /home/airflow/.local/lib/python3.7/site-packages/airflow/example_dags/example_task_group.py for tasks to queue
[2022-07-17 20:02:48,957] {logging_mixin.py:115} INFO - [2022-07-17 20:02:48,957] {dagbag.py:508} INFO - Filling up the DagBag from /home/airflow/.local/lib/python3.7/site-packages/airflow/example_dags/example_task_group.py
[2022-07-17 20:02:48,965] {processor.py:651} INFO - DAG(s) dict_keys(['example_task_group']) retrieved from /home/airflow/.local/lib/python3.7/site-packages/airflow/example_dags/example_task_group.py
[2022-07-17 20:02:48,991] {logging_mixin.py:115} INFO - [2022-07-17 20:02:48,991] {dag.py:2420} INFO - Sync 1 DAGs
[2022-07-17 20:02:49,015] {logging_mixin.py:115} INFO - [2022-07-17 20:02:49,015] {dag.py:2972} INFO - Setting next_dagrun for example_task_group to 2022-07-16T20:02:49.014862+00:00, run_after=2022-07-17T20:02:49.014862+00:00
[2022-07-17 20:02:49,028] {processor.py:161} INFO - Processing /home/airflow/.local/lib/python3.7/site-packages/airflow/example_dags/example_task_group.py took 0.075 seconds
[2022-07-17 20:03:19,531] {processor.py:153} INFO - Started process (PID=3226) to work on /home/airflow/.local/lib/python3.7/site-packages/airflow/example_dags/example_task_group.py
[2022-07-17 20:03:19,532] {processor.py:641} INFO - Processing file /home/airflow/.local/lib/python3.7/site-packages/airflow/example_dags/example_task_group.py for tasks to queue
[2022-07-17 20:03:19,533] {logging_mixin.py:115} INFO - [2022-07-17 20:03:19,532] {dagbag.py:508} INFO - Filling up the DagBag from /home/airflow/.local/lib/python3.7/site-packages/airflow/example_dags/example_task_group.py
[2022-07-17 20:03:19,540] {processor.py:651} INFO - DAG(s) dict_keys(['example_task_group']) retrieved from /home/airflow/.local/lib/python3.7/site-packages/airflow/example_dags/example_task_group.py
[2022-07-17 20:03:19,570] {logging_mixin.py:115} INFO - [2022-07-17 20:03:19,570] {dag.py:2420} INFO - Sync 1 DAGs
[2022-07-17 20:03:19,598] {logging_mixin.py:115} INFO - [2022-07-17 20:03:19,598] {dag.py:2972} INFO - Setting next_dagrun for example_task_group to 2022-07-16T20:03:19.598136+00:00, run_after=2022-07-17T20:03:19.598136+00:00
[2022-07-17 20:03:19,614] {processor.py:161} INFO - Processing /home/airflow/.local/lib/python3.7/site-packages/airflow/example_dags/example_task_group.py took 0.086 seconds
[2022-07-17 20:03:49,867] {processor.py:153} INFO - Started process (PID=3290) to work on /home/airflow/.local/lib/python3.7/site-packages/airflow/example_dags/example_task_group.py
[2022-07-17 20:03:49,867] {processor.py:641} INFO - Processing file /home/airflow/.local/lib/python3.7/site-packages/airflow/example_dags/example_task_group.py for tasks to queue
[2022-07-17 20:03:49,868] {logging_mixin.py:115} INFO - [2022-07-17 20:03:49,868] {dagbag.py:508} INFO - Filling up the DagBag from /home/airflow/.local/lib/python3.7/site-packages/airflow/example_dags/example_task_group.py
[2022-07-17 20:03:49,877] {processor.py:651} INFO - DAG(s) dict_keys(['example_task_group']) retrieved from /home/airflow/.local/lib/python3.7/site-packages/airflow/example_dags/example_task_group.py
[2022-07-17 20:03:49,908] {logging_mixin.py:115} INFO - [2022-07-17 20:03:49,908] {dag.py:2420} INFO - Sync 1 DAGs
[2022-07-17 20:03:49,938] {logging_mixin.py:115} INFO - [2022-07-17 20:03:49,938] {dag.py:2972} INFO - Setting next_dagrun for example_task_group to 2022-07-16T20:03:49.938190+00:00, run_after=2022-07-17T20:03:49.938190+00:00
[2022-07-17 20:03:49,954] {processor.py:161} INFO - Processing /home/airflow/.local/lib/python3.7/site-packages/airflow/example_dags/example_task_group.py took 0.091 seconds
