[2022-07-17 19:36:52,400] {processor.py:153} INFO - Started process (PID=54) to work on /home/airflow/.local/lib/python3.7/site-packages/airflow/example_dags/example_task_group_decorator.py
[2022-07-17 19:36:52,400] {processor.py:641} INFO - Processing file /home/airflow/.local/lib/python3.7/site-packages/airflow/example_dags/example_task_group_decorator.py for tasks to queue
[2022-07-17 19:36:52,401] {logging_mixin.py:115} INFO - [2022-07-17 19:36:52,401] {dagbag.py:508} INFO - Filling up the DagBag from /home/airflow/.local/lib/python3.7/site-packages/airflow/example_dags/example_task_group_decorator.py
[2022-07-17 19:36:52,438] {processor.py:651} INFO - DAG(s) dict_keys(['example_task_group_decorator']) retrieved from /home/airflow/.local/lib/python3.7/site-packages/airflow/example_dags/example_task_group_decorator.py
[2022-07-17 19:36:52,574] {logging_mixin.py:115} INFO - [2022-07-17 19:36:52,573] {manager.py:508} INFO - Created Permission View: can delete on DAG:example_task_group_decorator
[2022-07-17 19:36:52,593] {logging_mixin.py:115} INFO - [2022-07-17 19:36:52,593] {manager.py:508} INFO - Created Permission View: can read on DAG:example_task_group_decorator
[2022-07-17 19:36:52,609] {logging_mixin.py:115} INFO - [2022-07-17 19:36:52,609] {manager.py:508} INFO - Created Permission View: can edit on DAG:example_task_group_decorator
[2022-07-17 19:36:52,609] {logging_mixin.py:115} INFO - [2022-07-17 19:36:52,609] {dag.py:2420} INFO - Sync 1 DAGs
[2022-07-17 19:36:52,630] {logging_mixin.py:115} INFO - [2022-07-17 19:36:52,629] {dag.py:2439} INFO - Creating ORM DAG for example_task_group_decorator
[2022-07-17 19:36:52,653] {logging_mixin.py:115} INFO - [2022-07-17 19:36:52,652] {dag.py:2972} INFO - Setting next_dagrun for example_task_group_decorator to 2022-07-16T19:36:52.652543+00:00, run_after=2022-07-17T19:36:52.652543+00:00
[2022-07-17 19:36:52,678] {processor.py:161} INFO - Processing /home/airflow/.local/lib/python3.7/site-packages/airflow/example_dags/example_task_group_decorator.py took 0.282 seconds
[2022-07-17 19:37:22,944] {processor.py:153} INFO - Started process (PID=108) to work on /home/airflow/.local/lib/python3.7/site-packages/airflow/example_dags/example_task_group_decorator.py
[2022-07-17 19:37:22,944] {processor.py:641} INFO - Processing file /home/airflow/.local/lib/python3.7/site-packages/airflow/example_dags/example_task_group_decorator.py for tasks to queue
[2022-07-17 19:37:22,945] {logging_mixin.py:115} INFO - [2022-07-17 19:37:22,945] {dagbag.py:508} INFO - Filling up the DagBag from /home/airflow/.local/lib/python3.7/site-packages/airflow/example_dags/example_task_group_decorator.py
[2022-07-17 19:37:22,974] {processor.py:651} INFO - DAG(s) dict_keys(['example_task_group_decorator']) retrieved from /home/airflow/.local/lib/python3.7/site-packages/airflow/example_dags/example_task_group_decorator.py
[2022-07-17 19:37:23,048] {logging_mixin.py:115} INFO - [2022-07-17 19:37:23,048] {dag.py:2420} INFO - Sync 1 DAGs
[2022-07-17 19:37:23,069] {logging_mixin.py:115} INFO - [2022-07-17 19:37:23,069] {dag.py:2972} INFO - Setting next_dagrun for example_task_group_decorator to 2022-07-16T19:37:23.069497+00:00, run_after=2022-07-17T19:37:23.069497+00:00
[2022-07-17 19:37:23,086] {processor.py:161} INFO - Processing /home/airflow/.local/lib/python3.7/site-packages/airflow/example_dags/example_task_group_decorator.py took 0.145 seconds
[2022-07-17 19:37:53,173] {processor.py:153} INFO - Started process (PID=172) to work on /home/airflow/.local/lib/python3.7/site-packages/airflow/example_dags/example_task_group_decorator.py
[2022-07-17 19:37:53,173] {processor.py:641} INFO - Processing file /home/airflow/.local/lib/python3.7/site-packages/airflow/example_dags/example_task_group_decorator.py for tasks to queue
[2022-07-17 19:37:53,174] {logging_mixin.py:115} INFO - [2022-07-17 19:37:53,174] {dagbag.py:508} INFO - Filling up the DagBag from /home/airflow/.local/lib/python3.7/site-packages/airflow/example_dags/example_task_group_decorator.py
[2022-07-17 19:37:53,204] {processor.py:651} INFO - DAG(s) dict_keys(['example_task_group_decorator']) retrieved from /home/airflow/.local/lib/python3.7/site-packages/airflow/example_dags/example_task_group_decorator.py
[2022-07-17 19:37:53,281] {logging_mixin.py:115} INFO - [2022-07-17 19:37:53,281] {dag.py:2420} INFO - Sync 1 DAGs
[2022-07-17 19:37:53,313] {logging_mixin.py:115} INFO - [2022-07-17 19:37:53,313] {dag.py:2972} INFO - Setting next_dagrun for example_task_group_decorator to 2022-07-16T19:37:53.313012+00:00, run_after=2022-07-17T19:37:53.313012+00:00
[2022-07-17 19:37:53,332] {processor.py:161} INFO - Processing /home/airflow/.local/lib/python3.7/site-packages/airflow/example_dags/example_task_group_decorator.py took 0.162 seconds
[2022-07-17 19:38:23,948] {processor.py:153} INFO - Started process (PID=226) to work on /home/airflow/.local/lib/python3.7/site-packages/airflow/example_dags/example_task_group_decorator.py
[2022-07-17 19:38:23,949] {processor.py:641} INFO - Processing file /home/airflow/.local/lib/python3.7/site-packages/airflow/example_dags/example_task_group_decorator.py for tasks to queue
[2022-07-17 19:38:23,949] {logging_mixin.py:115} INFO - [2022-07-17 19:38:23,949] {dagbag.py:508} INFO - Filling up the DagBag from /home/airflow/.local/lib/python3.7/site-packages/airflow/example_dags/example_task_group_decorator.py
[2022-07-17 19:38:23,986] {processor.py:651} INFO - DAG(s) dict_keys(['example_task_group_decorator']) retrieved from /home/airflow/.local/lib/python3.7/site-packages/airflow/example_dags/example_task_group_decorator.py
[2022-07-17 19:38:24,061] {logging_mixin.py:115} INFO - [2022-07-17 19:38:24,061] {dag.py:2420} INFO - Sync 1 DAGs
[2022-07-17 19:38:24,083] {logging_mixin.py:115} INFO - [2022-07-17 19:38:24,083] {dag.py:2972} INFO - Setting next_dagrun for example_task_group_decorator to 2022-07-16T19:38:24.083154+00:00, run_after=2022-07-17T19:38:24.083154+00:00
[2022-07-17 19:38:24,100] {processor.py:161} INFO - Processing /home/airflow/.local/lib/python3.7/site-packages/airflow/example_dags/example_task_group_decorator.py took 0.156 seconds
[2022-07-17 19:38:54,745] {processor.py:153} INFO - Started process (PID=290) to work on /home/airflow/.local/lib/python3.7/site-packages/airflow/example_dags/example_task_group_decorator.py
[2022-07-17 19:38:54,746] {processor.py:641} INFO - Processing file /home/airflow/.local/lib/python3.7/site-packages/airflow/example_dags/example_task_group_decorator.py for tasks to queue
[2022-07-17 19:38:54,746] {logging_mixin.py:115} INFO - [2022-07-17 19:38:54,746] {dagbag.py:508} INFO - Filling up the DagBag from /home/airflow/.local/lib/python3.7/site-packages/airflow/example_dags/example_task_group_decorator.py
[2022-07-17 19:38:54,781] {processor.py:651} INFO - DAG(s) dict_keys(['example_task_group_decorator']) retrieved from /home/airflow/.local/lib/python3.7/site-packages/airflow/example_dags/example_task_group_decorator.py
[2022-07-17 19:38:54,859] {logging_mixin.py:115} INFO - [2022-07-17 19:38:54,859] {dag.py:2420} INFO - Sync 1 DAGs
[2022-07-17 19:38:54,881] {logging_mixin.py:115} INFO - [2022-07-17 19:38:54,881] {dag.py:2972} INFO - Setting next_dagrun for example_task_group_decorator to 2022-07-16T19:38:54.880929+00:00, run_after=2022-07-17T19:38:54.880929+00:00
[2022-07-17 19:38:54,895] {processor.py:161} INFO - Processing /home/airflow/.local/lib/python3.7/site-packages/airflow/example_dags/example_task_group_decorator.py took 0.154 seconds
[2022-07-17 19:39:25,070] {processor.py:153} INFO - Started process (PID=354) to work on /home/airflow/.local/lib/python3.7/site-packages/airflow/example_dags/example_task_group_decorator.py
[2022-07-17 19:39:25,071] {processor.py:641} INFO - Processing file /home/airflow/.local/lib/python3.7/site-packages/airflow/example_dags/example_task_group_decorator.py for tasks to queue
[2022-07-17 19:39:25,071] {logging_mixin.py:115} INFO - [2022-07-17 19:39:25,071] {dagbag.py:508} INFO - Filling up the DagBag from /home/airflow/.local/lib/python3.7/site-packages/airflow/example_dags/example_task_group_decorator.py
[2022-07-17 19:39:25,101] {processor.py:651} INFO - DAG(s) dict_keys(['example_task_group_decorator']) retrieved from /home/airflow/.local/lib/python3.7/site-packages/airflow/example_dags/example_task_group_decorator.py
[2022-07-17 19:39:25,179] {logging_mixin.py:115} INFO - [2022-07-17 19:39:25,179] {dag.py:2420} INFO - Sync 1 DAGs
[2022-07-17 19:39:25,203] {logging_mixin.py:115} INFO - [2022-07-17 19:39:25,203] {dag.py:2972} INFO - Setting next_dagrun for example_task_group_decorator to 2022-07-16T19:39:25.203365+00:00, run_after=2022-07-17T19:39:25.203365+00:00
[2022-07-17 19:39:25,222] {processor.py:161} INFO - Processing /home/airflow/.local/lib/python3.7/site-packages/airflow/example_dags/example_task_group_decorator.py took 0.154 seconds
[2022-07-17 19:39:55,401] {processor.py:153} INFO - Started process (PID=409) to work on /home/airflow/.local/lib/python3.7/site-packages/airflow/example_dags/example_task_group_decorator.py
[2022-07-17 19:39:55,402] {processor.py:641} INFO - Processing file /home/airflow/.local/lib/python3.7/site-packages/airflow/example_dags/example_task_group_decorator.py for tasks to queue
[2022-07-17 19:39:55,402] {logging_mixin.py:115} INFO - [2022-07-17 19:39:55,402] {dagbag.py:508} INFO - Filling up the DagBag from /home/airflow/.local/lib/python3.7/site-packages/airflow/example_dags/example_task_group_decorator.py
[2022-07-17 19:39:55,436] {processor.py:651} INFO - DAG(s) dict_keys(['example_task_group_decorator']) retrieved from /home/airflow/.local/lib/python3.7/site-packages/airflow/example_dags/example_task_group_decorator.py
[2022-07-17 19:39:55,523] {logging_mixin.py:115} INFO - [2022-07-17 19:39:55,523] {dag.py:2420} INFO - Sync 1 DAGs
[2022-07-17 19:39:55,546] {logging_mixin.py:115} INFO - [2022-07-17 19:39:55,546] {dag.py:2972} INFO - Setting next_dagrun for example_task_group_decorator to 2022-07-16T19:39:55.546393+00:00, run_after=2022-07-17T19:39:55.546393+00:00
[2022-07-17 19:39:55,564] {processor.py:161} INFO - Processing /home/airflow/.local/lib/python3.7/site-packages/airflow/example_dags/example_task_group_decorator.py took 0.167 seconds
[2022-07-17 19:40:25,900] {processor.py:153} INFO - Started process (PID=474) to work on /home/airflow/.local/lib/python3.7/site-packages/airflow/example_dags/example_task_group_decorator.py
[2022-07-17 19:40:25,901] {processor.py:641} INFO - Processing file /home/airflow/.local/lib/python3.7/site-packages/airflow/example_dags/example_task_group_decorator.py for tasks to queue
[2022-07-17 19:40:25,902] {logging_mixin.py:115} INFO - [2022-07-17 19:40:25,902] {dagbag.py:508} INFO - Filling up the DagBag from /home/airflow/.local/lib/python3.7/site-packages/airflow/example_dags/example_task_group_decorator.py
[2022-07-17 19:40:25,936] {processor.py:651} INFO - DAG(s) dict_keys(['example_task_group_decorator']) retrieved from /home/airflow/.local/lib/python3.7/site-packages/airflow/example_dags/example_task_group_decorator.py
[2022-07-17 19:40:26,016] {logging_mixin.py:115} INFO - [2022-07-17 19:40:26,016] {dag.py:2420} INFO - Sync 1 DAGs
[2022-07-17 19:40:26,039] {logging_mixin.py:115} INFO - [2022-07-17 19:40:26,039] {dag.py:2972} INFO - Setting next_dagrun for example_task_group_decorator to 2022-07-16T19:40:26.038943+00:00, run_after=2022-07-17T19:40:26.038943+00:00
[2022-07-17 19:40:26,054] {processor.py:161} INFO - Processing /home/airflow/.local/lib/python3.7/site-packages/airflow/example_dags/example_task_group_decorator.py took 0.157 seconds
[2022-07-17 19:40:56,815] {processor.py:153} INFO - Started process (PID=529) to work on /home/airflow/.local/lib/python3.7/site-packages/airflow/example_dags/example_task_group_decorator.py
[2022-07-17 19:40:56,815] {processor.py:641} INFO - Processing file /home/airflow/.local/lib/python3.7/site-packages/airflow/example_dags/example_task_group_decorator.py for tasks to queue
[2022-07-17 19:40:56,816] {logging_mixin.py:115} INFO - [2022-07-17 19:40:56,816] {dagbag.py:508} INFO - Filling up the DagBag from /home/airflow/.local/lib/python3.7/site-packages/airflow/example_dags/example_task_group_decorator.py
[2022-07-17 19:40:56,849] {processor.py:651} INFO - DAG(s) dict_keys(['example_task_group_decorator']) retrieved from /home/airflow/.local/lib/python3.7/site-packages/airflow/example_dags/example_task_group_decorator.py
[2022-07-17 19:40:56,930] {logging_mixin.py:115} INFO - [2022-07-17 19:40:56,930] {dag.py:2420} INFO - Sync 1 DAGs
[2022-07-17 19:40:56,954] {logging_mixin.py:115} INFO - [2022-07-17 19:40:56,954] {dag.py:2972} INFO - Setting next_dagrun for example_task_group_decorator to 2022-07-16T19:40:56.954002+00:00, run_after=2022-07-17T19:40:56.954002+00:00
[2022-07-17 19:40:56,970] {processor.py:161} INFO - Processing /home/airflow/.local/lib/python3.7/site-packages/airflow/example_dags/example_task_group_decorator.py took 0.159 seconds
[2022-07-17 19:41:27,116] {processor.py:153} INFO - Started process (PID=595) to work on /home/airflow/.local/lib/python3.7/site-packages/airflow/example_dags/example_task_group_decorator.py
[2022-07-17 19:41:27,116] {processor.py:641} INFO - Processing file /home/airflow/.local/lib/python3.7/site-packages/airflow/example_dags/example_task_group_decorator.py for tasks to queue
[2022-07-17 19:41:27,117] {logging_mixin.py:115} INFO - [2022-07-17 19:41:27,117] {dagbag.py:508} INFO - Filling up the DagBag from /home/airflow/.local/lib/python3.7/site-packages/airflow/example_dags/example_task_group_decorator.py
[2022-07-17 19:41:27,147] {processor.py:651} INFO - DAG(s) dict_keys(['example_task_group_decorator']) retrieved from /home/airflow/.local/lib/python3.7/site-packages/airflow/example_dags/example_task_group_decorator.py
[2022-07-17 19:41:27,223] {logging_mixin.py:115} INFO - [2022-07-17 19:41:27,223] {dag.py:2420} INFO - Sync 1 DAGs
[2022-07-17 19:41:27,245] {logging_mixin.py:115} INFO - [2022-07-17 19:41:27,245] {dag.py:2972} INFO - Setting next_dagrun for example_task_group_decorator to 2022-07-16T19:41:27.245672+00:00, run_after=2022-07-17T19:41:27.245672+00:00
[2022-07-17 19:41:27,261] {processor.py:161} INFO - Processing /home/airflow/.local/lib/python3.7/site-packages/airflow/example_dags/example_task_group_decorator.py took 0.148 seconds
[2022-07-17 19:41:57,344] {processor.py:153} INFO - Started process (PID=660) to work on /home/airflow/.local/lib/python3.7/site-packages/airflow/example_dags/example_task_group_decorator.py
[2022-07-17 19:41:57,345] {processor.py:641} INFO - Processing file /home/airflow/.local/lib/python3.7/site-packages/airflow/example_dags/example_task_group_decorator.py for tasks to queue
[2022-07-17 19:41:57,345] {logging_mixin.py:115} INFO - [2022-07-17 19:41:57,345] {dagbag.py:508} INFO - Filling up the DagBag from /home/airflow/.local/lib/python3.7/site-packages/airflow/example_dags/example_task_group_decorator.py
[2022-07-17 19:41:57,384] {processor.py:651} INFO - DAG(s) dict_keys(['example_task_group_decorator']) retrieved from /home/airflow/.local/lib/python3.7/site-packages/airflow/example_dags/example_task_group_decorator.py
[2022-07-17 19:41:57,494] {logging_mixin.py:115} INFO - [2022-07-17 19:41:57,494] {dag.py:2420} INFO - Sync 1 DAGs
[2022-07-17 19:41:57,533] {logging_mixin.py:115} INFO - [2022-07-17 19:41:57,533] {dag.py:2972} INFO - Setting next_dagrun for example_task_group_decorator to 2022-07-16T19:41:57.532868+00:00, run_after=2022-07-17T19:41:57.532868+00:00
[2022-07-17 19:41:57,558] {processor.py:161} INFO - Processing /home/airflow/.local/lib/python3.7/site-packages/airflow/example_dags/example_task_group_decorator.py took 0.219 seconds
[2022-07-17 19:42:27,618] {processor.py:153} INFO - Started process (PID=716) to work on /home/airflow/.local/lib/python3.7/site-packages/airflow/example_dags/example_task_group_decorator.py
[2022-07-17 19:42:27,619] {processor.py:641} INFO - Processing file /home/airflow/.local/lib/python3.7/site-packages/airflow/example_dags/example_task_group_decorator.py for tasks to queue
[2022-07-17 19:42:27,619] {logging_mixin.py:115} INFO - [2022-07-17 19:42:27,619] {dagbag.py:508} INFO - Filling up the DagBag from /home/airflow/.local/lib/python3.7/site-packages/airflow/example_dags/example_task_group_decorator.py
[2022-07-17 19:42:27,656] {processor.py:651} INFO - DAG(s) dict_keys(['example_task_group_decorator']) retrieved from /home/airflow/.local/lib/python3.7/site-packages/airflow/example_dags/example_task_group_decorator.py
[2022-07-17 19:42:27,739] {logging_mixin.py:115} INFO - [2022-07-17 19:42:27,739] {dag.py:2420} INFO - Sync 1 DAGs
[2022-07-17 19:42:27,765] {logging_mixin.py:115} INFO - [2022-07-17 19:42:27,765] {dag.py:2972} INFO - Setting next_dagrun for example_task_group_decorator to 2022-07-16T19:42:27.765031+00:00, run_after=2022-07-17T19:42:27.765031+00:00
[2022-07-17 19:42:27,781] {processor.py:161} INFO - Processing /home/airflow/.local/lib/python3.7/site-packages/airflow/example_dags/example_task_group_decorator.py took 0.166 seconds
[2022-07-17 19:42:58,074] {processor.py:153} INFO - Started process (PID=778) to work on /home/airflow/.local/lib/python3.7/site-packages/airflow/example_dags/example_task_group_decorator.py
[2022-07-17 19:42:58,074] {processor.py:641} INFO - Processing file /home/airflow/.local/lib/python3.7/site-packages/airflow/example_dags/example_task_group_decorator.py for tasks to queue
[2022-07-17 19:42:58,075] {logging_mixin.py:115} INFO - [2022-07-17 19:42:58,075] {dagbag.py:508} INFO - Filling up the DagBag from /home/airflow/.local/lib/python3.7/site-packages/airflow/example_dags/example_task_group_decorator.py
[2022-07-17 19:42:58,106] {processor.py:651} INFO - DAG(s) dict_keys(['example_task_group_decorator']) retrieved from /home/airflow/.local/lib/python3.7/site-packages/airflow/example_dags/example_task_group_decorator.py
[2022-07-17 19:42:58,188] {logging_mixin.py:115} INFO - [2022-07-17 19:42:58,188] {dag.py:2420} INFO - Sync 1 DAGs
[2022-07-17 19:42:58,215] {logging_mixin.py:115} INFO - [2022-07-17 19:42:58,215] {dag.py:2972} INFO - Setting next_dagrun for example_task_group_decorator to 2022-07-16T19:42:58.214847+00:00, run_after=2022-07-17T19:42:58.214847+00:00
[2022-07-17 19:42:58,231] {processor.py:161} INFO - Processing /home/airflow/.local/lib/python3.7/site-packages/airflow/example_dags/example_task_group_decorator.py took 0.161 seconds
[2022-07-17 19:43:28,333] {processor.py:153} INFO - Started process (PID=833) to work on /home/airflow/.local/lib/python3.7/site-packages/airflow/example_dags/example_task_group_decorator.py
[2022-07-17 19:43:28,334] {processor.py:641} INFO - Processing file /home/airflow/.local/lib/python3.7/site-packages/airflow/example_dags/example_task_group_decorator.py for tasks to queue
[2022-07-17 19:43:28,334] {logging_mixin.py:115} INFO - [2022-07-17 19:43:28,334] {dagbag.py:508} INFO - Filling up the DagBag from /home/airflow/.local/lib/python3.7/site-packages/airflow/example_dags/example_task_group_decorator.py
[2022-07-17 19:43:28,375] {processor.py:651} INFO - DAG(s) dict_keys(['example_task_group_decorator']) retrieved from /home/airflow/.local/lib/python3.7/site-packages/airflow/example_dags/example_task_group_decorator.py
[2022-07-17 19:43:28,483] {logging_mixin.py:115} INFO - [2022-07-17 19:43:28,483] {dag.py:2420} INFO - Sync 1 DAGs
[2022-07-17 19:43:28,512] {logging_mixin.py:115} INFO - [2022-07-17 19:43:28,512] {dag.py:2972} INFO - Setting next_dagrun for example_task_group_decorator to 2022-07-16T19:43:28.512076+00:00, run_after=2022-07-17T19:43:28.512076+00:00
[2022-07-17 19:43:28,532] {processor.py:161} INFO - Processing /home/airflow/.local/lib/python3.7/site-packages/airflow/example_dags/example_task_group_decorator.py took 0.202 seconds
[2022-07-17 19:43:58,871] {processor.py:153} INFO - Started process (PID=897) to work on /home/airflow/.local/lib/python3.7/site-packages/airflow/example_dags/example_task_group_decorator.py
[2022-07-17 19:43:58,872] {processor.py:641} INFO - Processing file /home/airflow/.local/lib/python3.7/site-packages/airflow/example_dags/example_task_group_decorator.py for tasks to queue
[2022-07-17 19:43:58,872] {logging_mixin.py:115} INFO - [2022-07-17 19:43:58,872] {dagbag.py:508} INFO - Filling up the DagBag from /home/airflow/.local/lib/python3.7/site-packages/airflow/example_dags/example_task_group_decorator.py
[2022-07-17 19:43:58,911] {processor.py:651} INFO - DAG(s) dict_keys(['example_task_group_decorator']) retrieved from /home/airflow/.local/lib/python3.7/site-packages/airflow/example_dags/example_task_group_decorator.py
[2022-07-17 19:43:58,947] {logging_mixin.py:115} INFO - [2022-07-17 19:43:58,947] {dag.py:2420} INFO - Sync 1 DAGs
[2022-07-17 19:43:58,975] {logging_mixin.py:115} INFO - [2022-07-17 19:43:58,975] {dag.py:2972} INFO - Setting next_dagrun for example_task_group_decorator to 2022-07-16T19:43:58.975356+00:00, run_after=2022-07-17T19:43:58.975356+00:00
[2022-07-17 19:43:58,990] {processor.py:161} INFO - Processing /home/airflow/.local/lib/python3.7/site-packages/airflow/example_dags/example_task_group_decorator.py took 0.122 seconds
[2022-07-17 19:44:29,804] {processor.py:153} INFO - Started process (PID=959) to work on /home/airflow/.local/lib/python3.7/site-packages/airflow/example_dags/example_task_group_decorator.py
[2022-07-17 19:44:29,804] {processor.py:641} INFO - Processing file /home/airflow/.local/lib/python3.7/site-packages/airflow/example_dags/example_task_group_decorator.py for tasks to queue
[2022-07-17 19:44:29,805] {logging_mixin.py:115} INFO - [2022-07-17 19:44:29,805] {dagbag.py:508} INFO - Filling up the DagBag from /home/airflow/.local/lib/python3.7/site-packages/airflow/example_dags/example_task_group_decorator.py
[2022-07-17 19:44:29,837] {processor.py:651} INFO - DAG(s) dict_keys(['example_task_group_decorator']) retrieved from /home/airflow/.local/lib/python3.7/site-packages/airflow/example_dags/example_task_group_decorator.py
[2022-07-17 19:44:29,873] {logging_mixin.py:115} INFO - [2022-07-17 19:44:29,872] {dag.py:2420} INFO - Sync 1 DAGs
[2022-07-17 19:44:29,905] {logging_mixin.py:115} INFO - [2022-07-17 19:44:29,905] {dag.py:2972} INFO - Setting next_dagrun for example_task_group_decorator to 2022-07-16T19:44:29.905065+00:00, run_after=2022-07-17T19:44:29.905065+00:00
[2022-07-17 19:44:29,921] {processor.py:161} INFO - Processing /home/airflow/.local/lib/python3.7/site-packages/airflow/example_dags/example_task_group_decorator.py took 0.121 seconds
[2022-07-17 19:45:00,055] {processor.py:153} INFO - Started process (PID=1016) to work on /home/airflow/.local/lib/python3.7/site-packages/airflow/example_dags/example_task_group_decorator.py
[2022-07-17 19:45:00,056] {processor.py:641} INFO - Processing file /home/airflow/.local/lib/python3.7/site-packages/airflow/example_dags/example_task_group_decorator.py for tasks to queue
[2022-07-17 19:45:00,056] {logging_mixin.py:115} INFO - [2022-07-17 19:45:00,056] {dagbag.py:508} INFO - Filling up the DagBag from /home/airflow/.local/lib/python3.7/site-packages/airflow/example_dags/example_task_group_decorator.py
[2022-07-17 19:45:00,087] {processor.py:651} INFO - DAG(s) dict_keys(['example_task_group_decorator']) retrieved from /home/airflow/.local/lib/python3.7/site-packages/airflow/example_dags/example_task_group_decorator.py
[2022-07-17 19:45:00,162] {logging_mixin.py:115} INFO - [2022-07-17 19:45:00,162] {dag.py:2420} INFO - Sync 1 DAGs
[2022-07-17 19:45:00,183] {logging_mixin.py:115} INFO - [2022-07-17 19:45:00,183] {dag.py:2972} INFO - Setting next_dagrun for example_task_group_decorator to 2022-07-16T19:45:00.183202+00:00, run_after=2022-07-17T19:45:00.183202+00:00
[2022-07-17 19:45:00,199] {processor.py:161} INFO - Processing /home/airflow/.local/lib/python3.7/site-packages/airflow/example_dags/example_task_group_decorator.py took 0.147 seconds
[2022-07-17 19:45:30,627] {processor.py:153} INFO - Started process (PID=1080) to work on /home/airflow/.local/lib/python3.7/site-packages/airflow/example_dags/example_task_group_decorator.py
[2022-07-17 19:45:30,627] {processor.py:641} INFO - Processing file /home/airflow/.local/lib/python3.7/site-packages/airflow/example_dags/example_task_group_decorator.py for tasks to queue
[2022-07-17 19:45:30,628] {logging_mixin.py:115} INFO - [2022-07-17 19:45:30,628] {dagbag.py:508} INFO - Filling up the DagBag from /home/airflow/.local/lib/python3.7/site-packages/airflow/example_dags/example_task_group_decorator.py
[2022-07-17 19:45:30,674] {processor.py:651} INFO - DAG(s) dict_keys(['example_task_group_decorator']) retrieved from /home/airflow/.local/lib/python3.7/site-packages/airflow/example_dags/example_task_group_decorator.py
[2022-07-17 19:45:30,722] {logging_mixin.py:115} INFO - [2022-07-17 19:45:30,722] {dag.py:2420} INFO - Sync 1 DAGs
[2022-07-17 19:45:30,757] {logging_mixin.py:115} INFO - [2022-07-17 19:45:30,757] {dag.py:2972} INFO - Setting next_dagrun for example_task_group_decorator to 2022-07-16T19:45:30.757442+00:00, run_after=2022-07-17T19:45:30.757442+00:00
[2022-07-17 19:45:30,773] {processor.py:161} INFO - Processing /home/airflow/.local/lib/python3.7/site-packages/airflow/example_dags/example_task_group_decorator.py took 0.150 seconds
[2022-07-17 19:46:01,408] {processor.py:153} INFO - Started process (PID=1134) to work on /home/airflow/.local/lib/python3.7/site-packages/airflow/example_dags/example_task_group_decorator.py
[2022-07-17 19:46:01,409] {processor.py:641} INFO - Processing file /home/airflow/.local/lib/python3.7/site-packages/airflow/example_dags/example_task_group_decorator.py for tasks to queue
[2022-07-17 19:46:01,409] {logging_mixin.py:115} INFO - [2022-07-17 19:46:01,409] {dagbag.py:508} INFO - Filling up the DagBag from /home/airflow/.local/lib/python3.7/site-packages/airflow/example_dags/example_task_group_decorator.py
[2022-07-17 19:46:01,441] {processor.py:651} INFO - DAG(s) dict_keys(['example_task_group_decorator']) retrieved from /home/airflow/.local/lib/python3.7/site-packages/airflow/example_dags/example_task_group_decorator.py
[2022-07-17 19:46:01,470] {logging_mixin.py:115} INFO - [2022-07-17 19:46:01,470] {dag.py:2420} INFO - Sync 1 DAGs
[2022-07-17 19:46:01,492] {logging_mixin.py:115} INFO - [2022-07-17 19:46:01,492] {dag.py:2972} INFO - Setting next_dagrun for example_task_group_decorator to 2022-07-16T19:46:01.492585+00:00, run_after=2022-07-17T19:46:01.492585+00:00
[2022-07-17 19:46:01,506] {processor.py:161} INFO - Processing /home/airflow/.local/lib/python3.7/site-packages/airflow/example_dags/example_task_group_decorator.py took 0.102 seconds
[2022-07-17 19:46:31,772] {processor.py:153} INFO - Started process (PID=1198) to work on /home/airflow/.local/lib/python3.7/site-packages/airflow/example_dags/example_task_group_decorator.py
[2022-07-17 19:46:31,773] {processor.py:641} INFO - Processing file /home/airflow/.local/lib/python3.7/site-packages/airflow/example_dags/example_task_group_decorator.py for tasks to queue
[2022-07-17 19:46:31,773] {logging_mixin.py:115} INFO - [2022-07-17 19:46:31,773] {dagbag.py:508} INFO - Filling up the DagBag from /home/airflow/.local/lib/python3.7/site-packages/airflow/example_dags/example_task_group_decorator.py
[2022-07-17 19:46:31,806] {processor.py:651} INFO - DAG(s) dict_keys(['example_task_group_decorator']) retrieved from /home/airflow/.local/lib/python3.7/site-packages/airflow/example_dags/example_task_group_decorator.py
[2022-07-17 19:46:31,884] {logging_mixin.py:115} INFO - [2022-07-17 19:46:31,884] {dag.py:2420} INFO - Sync 1 DAGs
[2022-07-17 19:46:31,905] {logging_mixin.py:115} INFO - [2022-07-17 19:46:31,904] {dag.py:2972} INFO - Setting next_dagrun for example_task_group_decorator to 2022-07-16T19:46:31.904759+00:00, run_after=2022-07-17T19:46:31.904759+00:00
[2022-07-17 19:46:31,921] {processor.py:161} INFO - Processing /home/airflow/.local/lib/python3.7/site-packages/airflow/example_dags/example_task_group_decorator.py took 0.152 seconds
[2022-07-17 19:47:01,960] {processor.py:153} INFO - Started process (PID=1253) to work on /home/airflow/.local/lib/python3.7/site-packages/airflow/example_dags/example_task_group_decorator.py
[2022-07-17 19:47:01,961] {processor.py:641} INFO - Processing file /home/airflow/.local/lib/python3.7/site-packages/airflow/example_dags/example_task_group_decorator.py for tasks to queue
[2022-07-17 19:47:01,961] {logging_mixin.py:115} INFO - [2022-07-17 19:47:01,961] {dagbag.py:508} INFO - Filling up the DagBag from /home/airflow/.local/lib/python3.7/site-packages/airflow/example_dags/example_task_group_decorator.py
[2022-07-17 19:47:01,996] {processor.py:651} INFO - DAG(s) dict_keys(['example_task_group_decorator']) retrieved from /home/airflow/.local/lib/python3.7/site-packages/airflow/example_dags/example_task_group_decorator.py
[2022-07-17 19:47:02,078] {logging_mixin.py:115} INFO - [2022-07-17 19:47:02,078] {dag.py:2420} INFO - Sync 1 DAGs
[2022-07-17 19:47:02,103] {logging_mixin.py:115} INFO - [2022-07-17 19:47:02,103] {dag.py:2972} INFO - Setting next_dagrun for example_task_group_decorator to 2022-07-16T19:47:02.103530+00:00, run_after=2022-07-17T19:47:02.103530+00:00
[2022-07-17 19:47:02,121] {processor.py:161} INFO - Processing /home/airflow/.local/lib/python3.7/site-packages/airflow/example_dags/example_task_group_decorator.py took 0.164 seconds
[2022-07-17 19:47:32,251] {processor.py:153} INFO - Started process (PID=1318) to work on /home/airflow/.local/lib/python3.7/site-packages/airflow/example_dags/example_task_group_decorator.py
[2022-07-17 19:47:32,252] {processor.py:641} INFO - Processing file /home/airflow/.local/lib/python3.7/site-packages/airflow/example_dags/example_task_group_decorator.py for tasks to queue
[2022-07-17 19:47:32,252] {logging_mixin.py:115} INFO - [2022-07-17 19:47:32,252] {dagbag.py:508} INFO - Filling up the DagBag from /home/airflow/.local/lib/python3.7/site-packages/airflow/example_dags/example_task_group_decorator.py
[2022-07-17 19:47:32,284] {processor.py:651} INFO - DAG(s) dict_keys(['example_task_group_decorator']) retrieved from /home/airflow/.local/lib/python3.7/site-packages/airflow/example_dags/example_task_group_decorator.py
[2022-07-17 19:47:32,375] {logging_mixin.py:115} INFO - [2022-07-17 19:47:32,375] {dag.py:2420} INFO - Sync 1 DAGs
[2022-07-17 19:47:32,406] {logging_mixin.py:115} INFO - [2022-07-17 19:47:32,406] {dag.py:2972} INFO - Setting next_dagrun for example_task_group_decorator to 2022-07-16T19:47:32.406217+00:00, run_after=2022-07-17T19:47:32.406217+00:00
[2022-07-17 19:47:32,428] {processor.py:161} INFO - Processing /home/airflow/.local/lib/python3.7/site-packages/airflow/example_dags/example_task_group_decorator.py took 0.181 seconds
[2022-07-17 19:48:02,610] {processor.py:153} INFO - Started process (PID=1374) to work on /home/airflow/.local/lib/python3.7/site-packages/airflow/example_dags/example_task_group_decorator.py
[2022-07-17 19:48:02,611] {processor.py:641} INFO - Processing file /home/airflow/.local/lib/python3.7/site-packages/airflow/example_dags/example_task_group_decorator.py for tasks to queue
[2022-07-17 19:48:02,611] {logging_mixin.py:115} INFO - [2022-07-17 19:48:02,611] {dagbag.py:508} INFO - Filling up the DagBag from /home/airflow/.local/lib/python3.7/site-packages/airflow/example_dags/example_task_group_decorator.py
[2022-07-17 19:48:02,644] {processor.py:651} INFO - DAG(s) dict_keys(['example_task_group_decorator']) retrieved from /home/airflow/.local/lib/python3.7/site-packages/airflow/example_dags/example_task_group_decorator.py
[2022-07-17 19:48:02,674] {logging_mixin.py:115} INFO - [2022-07-17 19:48:02,674] {dag.py:2420} INFO - Sync 1 DAGs
[2022-07-17 19:48:02,698] {logging_mixin.py:115} INFO - [2022-07-17 19:48:02,698] {dag.py:2972} INFO - Setting next_dagrun for example_task_group_decorator to 2022-07-16T19:48:02.698301+00:00, run_after=2022-07-17T19:48:02.698301+00:00
[2022-07-17 19:48:02,713] {processor.py:161} INFO - Processing /home/airflow/.local/lib/python3.7/site-packages/airflow/example_dags/example_task_group_decorator.py took 0.107 seconds
[2022-07-17 19:48:32,988] {processor.py:153} INFO - Started process (PID=1439) to work on /home/airflow/.local/lib/python3.7/site-packages/airflow/example_dags/example_task_group_decorator.py
[2022-07-17 19:48:32,989] {processor.py:641} INFO - Processing file /home/airflow/.local/lib/python3.7/site-packages/airflow/example_dags/example_task_group_decorator.py for tasks to queue
[2022-07-17 19:48:32,989] {logging_mixin.py:115} INFO - [2022-07-17 19:48:32,989] {dagbag.py:508} INFO - Filling up the DagBag from /home/airflow/.local/lib/python3.7/site-packages/airflow/example_dags/example_task_group_decorator.py
[2022-07-17 19:48:33,025] {processor.py:651} INFO - DAG(s) dict_keys(['example_task_group_decorator']) retrieved from /home/airflow/.local/lib/python3.7/site-packages/airflow/example_dags/example_task_group_decorator.py
[2022-07-17 19:48:33,054] {logging_mixin.py:115} INFO - [2022-07-17 19:48:33,054] {dag.py:2420} INFO - Sync 1 DAGs
[2022-07-17 19:48:33,079] {logging_mixin.py:115} INFO - [2022-07-17 19:48:33,079] {dag.py:2972} INFO - Setting next_dagrun for example_task_group_decorator to 2022-07-16T19:48:33.079277+00:00, run_after=2022-07-17T19:48:33.079277+00:00
[2022-07-17 19:48:33,093] {processor.py:161} INFO - Processing /home/airflow/.local/lib/python3.7/site-packages/airflow/example_dags/example_task_group_decorator.py took 0.109 seconds
[2022-07-17 19:49:03,124] {processor.py:153} INFO - Started process (PID=1504) to work on /home/airflow/.local/lib/python3.7/site-packages/airflow/example_dags/example_task_group_decorator.py
[2022-07-17 19:49:03,125] {processor.py:641} INFO - Processing file /home/airflow/.local/lib/python3.7/site-packages/airflow/example_dags/example_task_group_decorator.py for tasks to queue
[2022-07-17 19:49:03,125] {logging_mixin.py:115} INFO - [2022-07-17 19:49:03,125] {dagbag.py:508} INFO - Filling up the DagBag from /home/airflow/.local/lib/python3.7/site-packages/airflow/example_dags/example_task_group_decorator.py
[2022-07-17 19:49:03,163] {processor.py:651} INFO - DAG(s) dict_keys(['example_task_group_decorator']) retrieved from /home/airflow/.local/lib/python3.7/site-packages/airflow/example_dags/example_task_group_decorator.py
[2022-07-17 19:49:03,306] {logging_mixin.py:115} INFO - [2022-07-17 19:49:03,306] {dag.py:2420} INFO - Sync 1 DAGs
[2022-07-17 19:49:03,337] {logging_mixin.py:115} INFO - [2022-07-17 19:49:03,337] {dag.py:2972} INFO - Setting next_dagrun for example_task_group_decorator to 2022-07-16T19:49:03.337097+00:00, run_after=2022-07-17T19:49:03.337097+00:00
[2022-07-17 19:49:03,356] {processor.py:161} INFO - Processing /home/airflow/.local/lib/python3.7/site-packages/airflow/example_dags/example_task_group_decorator.py took 0.235 seconds
[2022-07-17 19:49:33,545] {processor.py:153} INFO - Started process (PID=1559) to work on /home/airflow/.local/lib/python3.7/site-packages/airflow/example_dags/example_task_group_decorator.py
[2022-07-17 19:49:33,545] {processor.py:641} INFO - Processing file /home/airflow/.local/lib/python3.7/site-packages/airflow/example_dags/example_task_group_decorator.py for tasks to queue
[2022-07-17 19:49:33,546] {logging_mixin.py:115} INFO - [2022-07-17 19:49:33,546] {dagbag.py:508} INFO - Filling up the DagBag from /home/airflow/.local/lib/python3.7/site-packages/airflow/example_dags/example_task_group_decorator.py
[2022-07-17 19:49:33,577] {processor.py:651} INFO - DAG(s) dict_keys(['example_task_group_decorator']) retrieved from /home/airflow/.local/lib/python3.7/site-packages/airflow/example_dags/example_task_group_decorator.py
[2022-07-17 19:49:33,663] {logging_mixin.py:115} INFO - [2022-07-17 19:49:33,663] {dag.py:2420} INFO - Sync 1 DAGs
[2022-07-17 19:49:33,697] {logging_mixin.py:115} INFO - [2022-07-17 19:49:33,697] {dag.py:2972} INFO - Setting next_dagrun for example_task_group_decorator to 2022-07-16T19:49:33.696740+00:00, run_after=2022-07-17T19:49:33.696740+00:00
[2022-07-17 19:49:33,720] {processor.py:161} INFO - Processing /home/airflow/.local/lib/python3.7/site-packages/airflow/example_dags/example_task_group_decorator.py took 0.179 seconds
[2022-07-17 19:50:04,025] {processor.py:153} INFO - Started process (PID=1623) to work on /home/airflow/.local/lib/python3.7/site-packages/airflow/example_dags/example_task_group_decorator.py
[2022-07-17 19:50:04,025] {processor.py:641} INFO - Processing file /home/airflow/.local/lib/python3.7/site-packages/airflow/example_dags/example_task_group_decorator.py for tasks to queue
[2022-07-17 19:50:04,026] {logging_mixin.py:115} INFO - [2022-07-17 19:50:04,026] {dagbag.py:508} INFO - Filling up the DagBag from /home/airflow/.local/lib/python3.7/site-packages/airflow/example_dags/example_task_group_decorator.py
[2022-07-17 19:50:04,056] {processor.py:651} INFO - DAG(s) dict_keys(['example_task_group_decorator']) retrieved from /home/airflow/.local/lib/python3.7/site-packages/airflow/example_dags/example_task_group_decorator.py
[2022-07-17 19:50:04,161] {logging_mixin.py:115} INFO - [2022-07-17 19:50:04,161] {dag.py:2420} INFO - Sync 1 DAGs
[2022-07-17 19:50:04,203] {logging_mixin.py:115} INFO - [2022-07-17 19:50:04,203] {dag.py:2972} INFO - Setting next_dagrun for example_task_group_decorator to 2022-07-16T19:50:04.202747+00:00, run_after=2022-07-17T19:50:04.202747+00:00
[2022-07-17 19:50:04,223] {processor.py:161} INFO - Processing /home/airflow/.local/lib/python3.7/site-packages/airflow/example_dags/example_task_group_decorator.py took 0.202 seconds
[2022-07-17 19:50:34,404] {processor.py:153} INFO - Started process (PID=1680) to work on /home/airflow/.local/lib/python3.7/site-packages/airflow/example_dags/example_task_group_decorator.py
[2022-07-17 19:50:34,404] {processor.py:641} INFO - Processing file /home/airflow/.local/lib/python3.7/site-packages/airflow/example_dags/example_task_group_decorator.py for tasks to queue
[2022-07-17 19:50:34,405] {logging_mixin.py:115} INFO - [2022-07-17 19:50:34,405] {dagbag.py:508} INFO - Filling up the DagBag from /home/airflow/.local/lib/python3.7/site-packages/airflow/example_dags/example_task_group_decorator.py
[2022-07-17 19:50:34,441] {processor.py:651} INFO - DAG(s) dict_keys(['example_task_group_decorator']) retrieved from /home/airflow/.local/lib/python3.7/site-packages/airflow/example_dags/example_task_group_decorator.py
[2022-07-17 19:50:34,518] {logging_mixin.py:115} INFO - [2022-07-17 19:50:34,518] {dag.py:2420} INFO - Sync 1 DAGs
[2022-07-17 19:50:34,539] {logging_mixin.py:115} INFO - [2022-07-17 19:50:34,539] {dag.py:2972} INFO - Setting next_dagrun for example_task_group_decorator to 2022-07-16T19:50:34.539510+00:00, run_after=2022-07-17T19:50:34.539510+00:00
[2022-07-17 19:50:34,554] {processor.py:161} INFO - Processing /home/airflow/.local/lib/python3.7/site-packages/airflow/example_dags/example_task_group_decorator.py took 0.155 seconds
[2022-07-17 19:51:04,794] {processor.py:153} INFO - Started process (PID=1745) to work on /home/airflow/.local/lib/python3.7/site-packages/airflow/example_dags/example_task_group_decorator.py
[2022-07-17 19:51:04,795] {processor.py:641} INFO - Processing file /home/airflow/.local/lib/python3.7/site-packages/airflow/example_dags/example_task_group_decorator.py for tasks to queue
[2022-07-17 19:51:04,795] {logging_mixin.py:115} INFO - [2022-07-17 19:51:04,795] {dagbag.py:508} INFO - Filling up the DagBag from /home/airflow/.local/lib/python3.7/site-packages/airflow/example_dags/example_task_group_decorator.py
[2022-07-17 19:51:04,828] {processor.py:651} INFO - DAG(s) dict_keys(['example_task_group_decorator']) retrieved from /home/airflow/.local/lib/python3.7/site-packages/airflow/example_dags/example_task_group_decorator.py
[2022-07-17 19:51:04,909] {logging_mixin.py:115} INFO - [2022-07-17 19:51:04,909] {dag.py:2420} INFO - Sync 1 DAGs
[2022-07-17 19:51:04,933] {logging_mixin.py:115} INFO - [2022-07-17 19:51:04,932] {dag.py:2972} INFO - Setting next_dagrun for example_task_group_decorator to 2022-07-16T19:51:04.932737+00:00, run_after=2022-07-17T19:51:04.932737+00:00
[2022-07-17 19:51:04,947] {processor.py:161} INFO - Processing /home/airflow/.local/lib/python3.7/site-packages/airflow/example_dags/example_task_group_decorator.py took 0.156 seconds
[2022-07-17 19:51:34,982] {processor.py:153} INFO - Started process (PID=1799) to work on /home/airflow/.local/lib/python3.7/site-packages/airflow/example_dags/example_task_group_decorator.py
[2022-07-17 19:51:34,982] {processor.py:641} INFO - Processing file /home/airflow/.local/lib/python3.7/site-packages/airflow/example_dags/example_task_group_decorator.py for tasks to queue
[2022-07-17 19:51:34,983] {logging_mixin.py:115} INFO - [2022-07-17 19:51:34,983] {dagbag.py:508} INFO - Filling up the DagBag from /home/airflow/.local/lib/python3.7/site-packages/airflow/example_dags/example_task_group_decorator.py
[2022-07-17 19:51:35,016] {processor.py:651} INFO - DAG(s) dict_keys(['example_task_group_decorator']) retrieved from /home/airflow/.local/lib/python3.7/site-packages/airflow/example_dags/example_task_group_decorator.py
[2022-07-17 19:51:35,045] {logging_mixin.py:115} INFO - [2022-07-17 19:51:35,045] {dag.py:2420} INFO - Sync 1 DAGs
[2022-07-17 19:51:35,071] {logging_mixin.py:115} INFO - [2022-07-17 19:51:35,071] {dag.py:2972} INFO - Setting next_dagrun for example_task_group_decorator to 2022-07-16T19:51:35.070971+00:00, run_after=2022-07-17T19:51:35.070971+00:00
[2022-07-17 19:51:35,086] {processor.py:161} INFO - Processing /home/airflow/.local/lib/python3.7/site-packages/airflow/example_dags/example_task_group_decorator.py took 0.107 seconds
[2022-07-17 19:52:05,229] {processor.py:153} INFO - Started process (PID=1863) to work on /home/airflow/.local/lib/python3.7/site-packages/airflow/example_dags/example_task_group_decorator.py
[2022-07-17 19:52:05,230] {processor.py:641} INFO - Processing file /home/airflow/.local/lib/python3.7/site-packages/airflow/example_dags/example_task_group_decorator.py for tasks to queue
[2022-07-17 19:52:05,230] {logging_mixin.py:115} INFO - [2022-07-17 19:52:05,230] {dagbag.py:508} INFO - Filling up the DagBag from /home/airflow/.local/lib/python3.7/site-packages/airflow/example_dags/example_task_group_decorator.py
[2022-07-17 19:52:05,264] {processor.py:651} INFO - DAG(s) dict_keys(['example_task_group_decorator']) retrieved from /home/airflow/.local/lib/python3.7/site-packages/airflow/example_dags/example_task_group_decorator.py
[2022-07-17 19:52:05,344] {logging_mixin.py:115} INFO - [2022-07-17 19:52:05,344] {dag.py:2420} INFO - Sync 1 DAGs
[2022-07-17 19:52:05,367] {logging_mixin.py:115} INFO - [2022-07-17 19:52:05,367] {dag.py:2972} INFO - Setting next_dagrun for example_task_group_decorator to 2022-07-16T19:52:05.367633+00:00, run_after=2022-07-17T19:52:05.367633+00:00
[2022-07-17 19:52:05,384] {processor.py:161} INFO - Processing /home/airflow/.local/lib/python3.7/site-packages/airflow/example_dags/example_task_group_decorator.py took 0.159 seconds
[2022-07-17 19:52:35,700] {processor.py:153} INFO - Started process (PID=1929) to work on /home/airflow/.local/lib/python3.7/site-packages/airflow/example_dags/example_task_group_decorator.py
[2022-07-17 19:52:35,700] {processor.py:641} INFO - Processing file /home/airflow/.local/lib/python3.7/site-packages/airflow/example_dags/example_task_group_decorator.py for tasks to queue
[2022-07-17 19:52:35,701] {logging_mixin.py:115} INFO - [2022-07-17 19:52:35,701] {dagbag.py:508} INFO - Filling up the DagBag from /home/airflow/.local/lib/python3.7/site-packages/airflow/example_dags/example_task_group_decorator.py
[2022-07-17 19:52:35,752] {processor.py:651} INFO - DAG(s) dict_keys(['example_task_group_decorator']) retrieved from /home/airflow/.local/lib/python3.7/site-packages/airflow/example_dags/example_task_group_decorator.py
[2022-07-17 19:52:35,795] {logging_mixin.py:115} INFO - [2022-07-17 19:52:35,795] {dag.py:2420} INFO - Sync 1 DAGs
[2022-07-17 19:52:35,831] {logging_mixin.py:115} INFO - [2022-07-17 19:52:35,831] {dag.py:2972} INFO - Setting next_dagrun for example_task_group_decorator to 2022-07-16T19:52:35.830827+00:00, run_after=2022-07-17T19:52:35.830827+00:00
[2022-07-17 19:52:35,849] {processor.py:161} INFO - Processing /home/airflow/.local/lib/python3.7/site-packages/airflow/example_dags/example_task_group_decorator.py took 0.155 seconds
[2022-07-17 19:53:06,022] {processor.py:153} INFO - Started process (PID=1983) to work on /home/airflow/.local/lib/python3.7/site-packages/airflow/example_dags/example_task_group_decorator.py
[2022-07-17 19:53:06,022] {processor.py:641} INFO - Processing file /home/airflow/.local/lib/python3.7/site-packages/airflow/example_dags/example_task_group_decorator.py for tasks to queue
[2022-07-17 19:53:06,022] {logging_mixin.py:115} INFO - [2022-07-17 19:53:06,022] {dagbag.py:508} INFO - Filling up the DagBag from /home/airflow/.local/lib/python3.7/site-packages/airflow/example_dags/example_task_group_decorator.py
[2022-07-17 19:53:06,059] {processor.py:651} INFO - DAG(s) dict_keys(['example_task_group_decorator']) retrieved from /home/airflow/.local/lib/python3.7/site-packages/airflow/example_dags/example_task_group_decorator.py
[2022-07-17 19:53:06,088] {logging_mixin.py:115} INFO - [2022-07-17 19:53:06,088] {dag.py:2420} INFO - Sync 1 DAGs
[2022-07-17 19:53:06,114] {logging_mixin.py:115} INFO - [2022-07-17 19:53:06,114] {dag.py:2972} INFO - Setting next_dagrun for example_task_group_decorator to 2022-07-16T19:53:06.114424+00:00, run_after=2022-07-17T19:53:06.114424+00:00
[2022-07-17 19:53:06,129] {processor.py:161} INFO - Processing /home/airflow/.local/lib/python3.7/site-packages/airflow/example_dags/example_task_group_decorator.py took 0.111 seconds
[2022-07-17 19:53:36,388] {processor.py:153} INFO - Started process (PID=2046) to work on /home/airflow/.local/lib/python3.7/site-packages/airflow/example_dags/example_task_group_decorator.py
[2022-07-17 19:53:36,388] {processor.py:641} INFO - Processing file /home/airflow/.local/lib/python3.7/site-packages/airflow/example_dags/example_task_group_decorator.py for tasks to queue
[2022-07-17 19:53:36,389] {logging_mixin.py:115} INFO - [2022-07-17 19:53:36,389] {dagbag.py:508} INFO - Filling up the DagBag from /home/airflow/.local/lib/python3.7/site-packages/airflow/example_dags/example_task_group_decorator.py
[2022-07-17 19:53:36,426] {processor.py:651} INFO - DAG(s) dict_keys(['example_task_group_decorator']) retrieved from /home/airflow/.local/lib/python3.7/site-packages/airflow/example_dags/example_task_group_decorator.py
[2022-07-17 19:53:36,523] {logging_mixin.py:115} INFO - [2022-07-17 19:53:36,523] {dag.py:2420} INFO - Sync 1 DAGs
[2022-07-17 19:53:36,550] {logging_mixin.py:115} INFO - [2022-07-17 19:53:36,550] {dag.py:2972} INFO - Setting next_dagrun for example_task_group_decorator to 2022-07-16T19:53:36.550614+00:00, run_after=2022-07-17T19:53:36.550614+00:00
[2022-07-17 19:53:36,569] {processor.py:161} INFO - Processing /home/airflow/.local/lib/python3.7/site-packages/airflow/example_dags/example_task_group_decorator.py took 0.184 seconds
[2022-07-17 19:54:06,646] {processor.py:153} INFO - Started process (PID=2102) to work on /home/airflow/.local/lib/python3.7/site-packages/airflow/example_dags/example_task_group_decorator.py
[2022-07-17 19:54:06,646] {processor.py:641} INFO - Processing file /home/airflow/.local/lib/python3.7/site-packages/airflow/example_dags/example_task_group_decorator.py for tasks to queue
[2022-07-17 19:54:06,647] {logging_mixin.py:115} INFO - [2022-07-17 19:54:06,647] {dagbag.py:508} INFO - Filling up the DagBag from /home/airflow/.local/lib/python3.7/site-packages/airflow/example_dags/example_task_group_decorator.py
[2022-07-17 19:54:06,679] {processor.py:651} INFO - DAG(s) dict_keys(['example_task_group_decorator']) retrieved from /home/airflow/.local/lib/python3.7/site-packages/airflow/example_dags/example_task_group_decorator.py
[2022-07-17 19:54:06,762] {logging_mixin.py:115} INFO - [2022-07-17 19:54:06,762] {dag.py:2420} INFO - Sync 1 DAGs
[2022-07-17 19:54:06,787] {logging_mixin.py:115} INFO - [2022-07-17 19:54:06,787] {dag.py:2972} INFO - Setting next_dagrun for example_task_group_decorator to 2022-07-16T19:54:06.786848+00:00, run_after=2022-07-17T19:54:06.786848+00:00
[2022-07-17 19:54:06,805] {processor.py:161} INFO - Processing /home/airflow/.local/lib/python3.7/site-packages/airflow/example_dags/example_task_group_decorator.py took 0.162 seconds
[2022-07-17 19:54:36,831] {processor.py:153} INFO - Started process (PID=2167) to work on /home/airflow/.local/lib/python3.7/site-packages/airflow/example_dags/example_task_group_decorator.py
[2022-07-17 19:54:36,831] {processor.py:641} INFO - Processing file /home/airflow/.local/lib/python3.7/site-packages/airflow/example_dags/example_task_group_decorator.py for tasks to queue
[2022-07-17 19:54:36,832] {logging_mixin.py:115} INFO - [2022-07-17 19:54:36,832] {dagbag.py:508} INFO - Filling up the DagBag from /home/airflow/.local/lib/python3.7/site-packages/airflow/example_dags/example_task_group_decorator.py
[2022-07-17 19:54:36,866] {processor.py:651} INFO - DAG(s) dict_keys(['example_task_group_decorator']) retrieved from /home/airflow/.local/lib/python3.7/site-packages/airflow/example_dags/example_task_group_decorator.py
[2022-07-17 19:54:36,956] {logging_mixin.py:115} INFO - [2022-07-17 19:54:36,956] {dag.py:2420} INFO - Sync 1 DAGs
[2022-07-17 19:54:36,986] {logging_mixin.py:115} INFO - [2022-07-17 19:54:36,986] {dag.py:2972} INFO - Setting next_dagrun for example_task_group_decorator to 2022-07-16T19:54:36.986103+00:00, run_after=2022-07-17T19:54:36.986103+00:00
[2022-07-17 19:54:37,008] {processor.py:161} INFO - Processing /home/airflow/.local/lib/python3.7/site-packages/airflow/example_dags/example_task_group_decorator.py took 0.181 seconds
[2022-07-17 19:55:07,075] {processor.py:153} INFO - Started process (PID=2222) to work on /home/airflow/.local/lib/python3.7/site-packages/airflow/example_dags/example_task_group_decorator.py
[2022-07-17 19:55:07,076] {processor.py:641} INFO - Processing file /home/airflow/.local/lib/python3.7/site-packages/airflow/example_dags/example_task_group_decorator.py for tasks to queue
[2022-07-17 19:55:07,077] {logging_mixin.py:115} INFO - [2022-07-17 19:55:07,077] {dagbag.py:508} INFO - Filling up the DagBag from /home/airflow/.local/lib/python3.7/site-packages/airflow/example_dags/example_task_group_decorator.py
[2022-07-17 19:55:07,130] {processor.py:651} INFO - DAG(s) dict_keys(['example_task_group_decorator']) retrieved from /home/airflow/.local/lib/python3.7/site-packages/airflow/example_dags/example_task_group_decorator.py
[2022-07-17 19:55:07,184] {logging_mixin.py:115} INFO - [2022-07-17 19:55:07,184] {dag.py:2420} INFO - Sync 1 DAGs
[2022-07-17 19:55:07,216] {logging_mixin.py:115} INFO - [2022-07-17 19:55:07,216] {dag.py:2972} INFO - Setting next_dagrun for example_task_group_decorator to 2022-07-16T19:55:07.216086+00:00, run_after=2022-07-17T19:55:07.216086+00:00
[2022-07-17 19:55:07,233] {processor.py:161} INFO - Processing /home/airflow/.local/lib/python3.7/site-packages/airflow/example_dags/example_task_group_decorator.py took 0.161 seconds
[2022-07-17 19:55:37,529] {processor.py:153} INFO - Started process (PID=2287) to work on /home/airflow/.local/lib/python3.7/site-packages/airflow/example_dags/example_task_group_decorator.py
[2022-07-17 19:55:37,530] {processor.py:641} INFO - Processing file /home/airflow/.local/lib/python3.7/site-packages/airflow/example_dags/example_task_group_decorator.py for tasks to queue
[2022-07-17 19:55:37,531] {logging_mixin.py:115} INFO - [2022-07-17 19:55:37,530] {dagbag.py:508} INFO - Filling up the DagBag from /home/airflow/.local/lib/python3.7/site-packages/airflow/example_dags/example_task_group_decorator.py
[2022-07-17 19:55:37,564] {processor.py:651} INFO - DAG(s) dict_keys(['example_task_group_decorator']) retrieved from /home/airflow/.local/lib/python3.7/site-packages/airflow/example_dags/example_task_group_decorator.py
[2022-07-17 19:55:37,598] {logging_mixin.py:115} INFO - [2022-07-17 19:55:37,598] {dag.py:2420} INFO - Sync 1 DAGs
[2022-07-17 19:55:37,629] {logging_mixin.py:115} INFO - [2022-07-17 19:55:37,629] {dag.py:2972} INFO - Setting next_dagrun for example_task_group_decorator to 2022-07-16T19:55:37.629134+00:00, run_after=2022-07-17T19:55:37.629134+00:00
[2022-07-17 19:55:37,645] {processor.py:161} INFO - Processing /home/airflow/.local/lib/python3.7/site-packages/airflow/example_dags/example_task_group_decorator.py took 0.119 seconds
[2022-07-17 19:56:08,148] {processor.py:153} INFO - Started process (PID=2353) to work on /home/airflow/.local/lib/python3.7/site-packages/airflow/example_dags/example_task_group_decorator.py
[2022-07-17 19:56:08,148] {processor.py:641} INFO - Processing file /home/airflow/.local/lib/python3.7/site-packages/airflow/example_dags/example_task_group_decorator.py for tasks to queue
[2022-07-17 19:56:08,149] {logging_mixin.py:115} INFO - [2022-07-17 19:56:08,149] {dagbag.py:508} INFO - Filling up the DagBag from /home/airflow/.local/lib/python3.7/site-packages/airflow/example_dags/example_task_group_decorator.py
[2022-07-17 19:56:08,183] {processor.py:651} INFO - DAG(s) dict_keys(['example_task_group_decorator']) retrieved from /home/airflow/.local/lib/python3.7/site-packages/airflow/example_dags/example_task_group_decorator.py
[2022-07-17 19:56:08,214] {logging_mixin.py:115} INFO - [2022-07-17 19:56:08,214] {dag.py:2420} INFO - Sync 1 DAGs
[2022-07-17 19:56:08,241] {logging_mixin.py:115} INFO - [2022-07-17 19:56:08,241] {dag.py:2972} INFO - Setting next_dagrun for example_task_group_decorator to 2022-07-16T19:56:08.240974+00:00, run_after=2022-07-17T19:56:08.240974+00:00
[2022-07-17 19:56:08,259] {processor.py:161} INFO - Processing /home/airflow/.local/lib/python3.7/site-packages/airflow/example_dags/example_task_group_decorator.py took 0.115 seconds
[2022-07-17 19:56:38,416] {processor.py:153} INFO - Started process (PID=2408) to work on /home/airflow/.local/lib/python3.7/site-packages/airflow/example_dags/example_task_group_decorator.py
[2022-07-17 19:56:38,417] {processor.py:641} INFO - Processing file /home/airflow/.local/lib/python3.7/site-packages/airflow/example_dags/example_task_group_decorator.py for tasks to queue
[2022-07-17 19:56:38,417] {logging_mixin.py:115} INFO - [2022-07-17 19:56:38,417] {dagbag.py:508} INFO - Filling up the DagBag from /home/airflow/.local/lib/python3.7/site-packages/airflow/example_dags/example_task_group_decorator.py
[2022-07-17 19:56:38,450] {processor.py:651} INFO - DAG(s) dict_keys(['example_task_group_decorator']) retrieved from /home/airflow/.local/lib/python3.7/site-packages/airflow/example_dags/example_task_group_decorator.py
[2022-07-17 19:56:38,479] {logging_mixin.py:115} INFO - [2022-07-17 19:56:38,479] {dag.py:2420} INFO - Sync 1 DAGs
[2022-07-17 19:56:38,502] {logging_mixin.py:115} INFO - [2022-07-17 19:56:38,502] {dag.py:2972} INFO - Setting next_dagrun for example_task_group_decorator to 2022-07-16T19:56:38.502573+00:00, run_after=2022-07-17T19:56:38.502573+00:00
[2022-07-17 19:56:38,515] {processor.py:161} INFO - Processing /home/airflow/.local/lib/python3.7/site-packages/airflow/example_dags/example_task_group_decorator.py took 0.103 seconds
[2022-07-17 19:57:08,619] {processor.py:153} INFO - Started process (PID=2472) to work on /home/airflow/.local/lib/python3.7/site-packages/airflow/example_dags/example_task_group_decorator.py
[2022-07-17 19:57:08,620] {processor.py:641} INFO - Processing file /home/airflow/.local/lib/python3.7/site-packages/airflow/example_dags/example_task_group_decorator.py for tasks to queue
[2022-07-17 19:57:08,620] {logging_mixin.py:115} INFO - [2022-07-17 19:57:08,620] {dagbag.py:508} INFO - Filling up the DagBag from /home/airflow/.local/lib/python3.7/site-packages/airflow/example_dags/example_task_group_decorator.py
[2022-07-17 19:57:08,656] {processor.py:651} INFO - DAG(s) dict_keys(['example_task_group_decorator']) retrieved from /home/airflow/.local/lib/python3.7/site-packages/airflow/example_dags/example_task_group_decorator.py
[2022-07-17 19:57:08,751] {logging_mixin.py:115} INFO - [2022-07-17 19:57:08,751] {dag.py:2420} INFO - Sync 1 DAGs
[2022-07-17 19:57:08,774] {logging_mixin.py:115} INFO - [2022-07-17 19:57:08,774] {dag.py:2972} INFO - Setting next_dagrun for example_task_group_decorator to 2022-07-16T19:57:08.774609+00:00, run_after=2022-07-17T19:57:08.774609+00:00
[2022-07-17 19:57:08,791] {processor.py:161} INFO - Processing /home/airflow/.local/lib/python3.7/site-packages/airflow/example_dags/example_task_group_decorator.py took 0.175 seconds
[2022-07-17 19:57:38,875] {processor.py:153} INFO - Started process (PID=2527) to work on /home/airflow/.local/lib/python3.7/site-packages/airflow/example_dags/example_task_group_decorator.py
[2022-07-17 19:57:38,875] {processor.py:641} INFO - Processing file /home/airflow/.local/lib/python3.7/site-packages/airflow/example_dags/example_task_group_decorator.py for tasks to queue
[2022-07-17 19:57:38,876] {logging_mixin.py:115} INFO - [2022-07-17 19:57:38,876] {dagbag.py:508} INFO - Filling up the DagBag from /home/airflow/.local/lib/python3.7/site-packages/airflow/example_dags/example_task_group_decorator.py
[2022-07-17 19:57:38,909] {processor.py:651} INFO - DAG(s) dict_keys(['example_task_group_decorator']) retrieved from /home/airflow/.local/lib/python3.7/site-packages/airflow/example_dags/example_task_group_decorator.py
[2022-07-17 19:57:38,985] {logging_mixin.py:115} INFO - [2022-07-17 19:57:38,985] {dag.py:2420} INFO - Sync 1 DAGs
[2022-07-17 19:57:39,016] {logging_mixin.py:115} INFO - [2022-07-17 19:57:39,015] {dag.py:2972} INFO - Setting next_dagrun for example_task_group_decorator to 2022-07-16T19:57:39.015616+00:00, run_after=2022-07-17T19:57:39.015616+00:00
[2022-07-17 19:57:39,034] {processor.py:161} INFO - Processing /home/airflow/.local/lib/python3.7/site-packages/airflow/example_dags/example_task_group_decorator.py took 0.163 seconds
[2022-07-17 19:58:09,162] {processor.py:153} INFO - Started process (PID=2592) to work on /home/airflow/.local/lib/python3.7/site-packages/airflow/example_dags/example_task_group_decorator.py
[2022-07-17 19:58:09,162] {processor.py:641} INFO - Processing file /home/airflow/.local/lib/python3.7/site-packages/airflow/example_dags/example_task_group_decorator.py for tasks to queue
[2022-07-17 19:58:09,163] {logging_mixin.py:115} INFO - [2022-07-17 19:58:09,163] {dagbag.py:508} INFO - Filling up the DagBag from /home/airflow/.local/lib/python3.7/site-packages/airflow/example_dags/example_task_group_decorator.py
[2022-07-17 19:58:09,195] {processor.py:651} INFO - DAG(s) dict_keys(['example_task_group_decorator']) retrieved from /home/airflow/.local/lib/python3.7/site-packages/airflow/example_dags/example_task_group_decorator.py
[2022-07-17 19:58:09,291] {logging_mixin.py:115} INFO - [2022-07-17 19:58:09,291] {dag.py:2420} INFO - Sync 1 DAGs
[2022-07-17 19:58:09,314] {logging_mixin.py:115} INFO - [2022-07-17 19:58:09,313] {dag.py:2972} INFO - Setting next_dagrun for example_task_group_decorator to 2022-07-16T19:58:09.313715+00:00, run_after=2022-07-17T19:58:09.313715+00:00
[2022-07-17 19:58:09,329] {processor.py:161} INFO - Processing /home/airflow/.local/lib/python3.7/site-packages/airflow/example_dags/example_task_group_decorator.py took 0.170 seconds
[2022-07-17 19:58:39,382] {processor.py:153} INFO - Started process (PID=2648) to work on /home/airflow/.local/lib/python3.7/site-packages/airflow/example_dags/example_task_group_decorator.py
[2022-07-17 19:58:39,382] {processor.py:641} INFO - Processing file /home/airflow/.local/lib/python3.7/site-packages/airflow/example_dags/example_task_group_decorator.py for tasks to queue
[2022-07-17 19:58:39,383] {logging_mixin.py:115} INFO - [2022-07-17 19:58:39,383] {dagbag.py:508} INFO - Filling up the DagBag from /home/airflow/.local/lib/python3.7/site-packages/airflow/example_dags/example_task_group_decorator.py
[2022-07-17 19:58:39,416] {processor.py:651} INFO - DAG(s) dict_keys(['example_task_group_decorator']) retrieved from /home/airflow/.local/lib/python3.7/site-packages/airflow/example_dags/example_task_group_decorator.py
[2022-07-17 19:58:39,494] {logging_mixin.py:115} INFO - [2022-07-17 19:58:39,494] {dag.py:2420} INFO - Sync 1 DAGs
[2022-07-17 19:58:39,516] {logging_mixin.py:115} INFO - [2022-07-17 19:58:39,516] {dag.py:2972} INFO - Setting next_dagrun for example_task_group_decorator to 2022-07-16T19:58:39.516292+00:00, run_after=2022-07-17T19:58:39.516292+00:00
[2022-07-17 19:58:39,534] {processor.py:161} INFO - Processing /home/airflow/.local/lib/python3.7/site-packages/airflow/example_dags/example_task_group_decorator.py took 0.156 seconds
[2022-07-17 19:59:09,834] {processor.py:153} INFO - Started process (PID=2712) to work on /home/airflow/.local/lib/python3.7/site-packages/airflow/example_dags/example_task_group_decorator.py
[2022-07-17 19:59:09,835] {processor.py:641} INFO - Processing file /home/airflow/.local/lib/python3.7/site-packages/airflow/example_dags/example_task_group_decorator.py for tasks to queue
[2022-07-17 19:59:09,835] {logging_mixin.py:115} INFO - [2022-07-17 19:59:09,835] {dagbag.py:508} INFO - Filling up the DagBag from /home/airflow/.local/lib/python3.7/site-packages/airflow/example_dags/example_task_group_decorator.py
[2022-07-17 19:59:09,867] {processor.py:651} INFO - DAG(s) dict_keys(['example_task_group_decorator']) retrieved from /home/airflow/.local/lib/python3.7/site-packages/airflow/example_dags/example_task_group_decorator.py
[2022-07-17 19:59:09,897] {logging_mixin.py:115} INFO - [2022-07-17 19:59:09,897] {dag.py:2420} INFO - Sync 1 DAGs
[2022-07-17 19:59:09,922] {logging_mixin.py:115} INFO - [2022-07-17 19:59:09,921] {dag.py:2972} INFO - Setting next_dagrun for example_task_group_decorator to 2022-07-16T19:59:09.921616+00:00, run_after=2022-07-17T19:59:09.921616+00:00
[2022-07-17 19:59:09,941] {processor.py:161} INFO - Processing /home/airflow/.local/lib/python3.7/site-packages/airflow/example_dags/example_task_group_decorator.py took 0.110 seconds
[2022-07-17 19:59:40,021] {processor.py:153} INFO - Started process (PID=2777) to work on /home/airflow/.local/lib/python3.7/site-packages/airflow/example_dags/example_task_group_decorator.py
[2022-07-17 19:59:40,022] {processor.py:641} INFO - Processing file /home/airflow/.local/lib/python3.7/site-packages/airflow/example_dags/example_task_group_decorator.py for tasks to queue
[2022-07-17 19:59:40,022] {logging_mixin.py:115} INFO - [2022-07-17 19:59:40,022] {dagbag.py:508} INFO - Filling up the DagBag from /home/airflow/.local/lib/python3.7/site-packages/airflow/example_dags/example_task_group_decorator.py
[2022-07-17 19:59:40,054] {processor.py:651} INFO - DAG(s) dict_keys(['example_task_group_decorator']) retrieved from /home/airflow/.local/lib/python3.7/site-packages/airflow/example_dags/example_task_group_decorator.py
[2022-07-17 19:59:40,128] {logging_mixin.py:115} INFO - [2022-07-17 19:59:40,128] {dag.py:2420} INFO - Sync 1 DAGs
[2022-07-17 19:59:40,150] {logging_mixin.py:115} INFO - [2022-07-17 19:59:40,150] {dag.py:2972} INFO - Setting next_dagrun for example_task_group_decorator to 2022-07-16T19:59:40.150323+00:00, run_after=2022-07-17T19:59:40.150323+00:00
[2022-07-17 19:59:40,166] {processor.py:161} INFO - Processing /home/airflow/.local/lib/python3.7/site-packages/airflow/example_dags/example_task_group_decorator.py took 0.148 seconds
[2022-07-17 20:00:10,345] {processor.py:153} INFO - Started process (PID=2833) to work on /home/airflow/.local/lib/python3.7/site-packages/airflow/example_dags/example_task_group_decorator.py
[2022-07-17 20:00:10,345] {processor.py:641} INFO - Processing file /home/airflow/.local/lib/python3.7/site-packages/airflow/example_dags/example_task_group_decorator.py for tasks to queue
[2022-07-17 20:00:10,346] {logging_mixin.py:115} INFO - [2022-07-17 20:00:10,345] {dagbag.py:508} INFO - Filling up the DagBag from /home/airflow/.local/lib/python3.7/site-packages/airflow/example_dags/example_task_group_decorator.py
[2022-07-17 20:00:10,378] {processor.py:651} INFO - DAG(s) dict_keys(['example_task_group_decorator']) retrieved from /home/airflow/.local/lib/python3.7/site-packages/airflow/example_dags/example_task_group_decorator.py
[2022-07-17 20:00:10,455] {logging_mixin.py:115} INFO - [2022-07-17 20:00:10,455] {dag.py:2420} INFO - Sync 1 DAGs
[2022-07-17 20:00:10,476] {logging_mixin.py:115} INFO - [2022-07-17 20:00:10,476] {dag.py:2972} INFO - Setting next_dagrun for example_task_group_decorator to 2022-07-16T20:00:10.476531+00:00, run_after=2022-07-17T20:00:10.476531+00:00
[2022-07-17 20:00:10,492] {processor.py:161} INFO - Processing /home/airflow/.local/lib/python3.7/site-packages/airflow/example_dags/example_task_group_decorator.py took 0.150 seconds
[2022-07-17 20:00:40,846] {processor.py:153} INFO - Started process (PID=2897) to work on /home/airflow/.local/lib/python3.7/site-packages/airflow/example_dags/example_task_group_decorator.py
[2022-07-17 20:00:40,846] {processor.py:641} INFO - Processing file /home/airflow/.local/lib/python3.7/site-packages/airflow/example_dags/example_task_group_decorator.py for tasks to queue
[2022-07-17 20:00:40,847] {logging_mixin.py:115} INFO - [2022-07-17 20:00:40,847] {dagbag.py:508} INFO - Filling up the DagBag from /home/airflow/.local/lib/python3.7/site-packages/airflow/example_dags/example_task_group_decorator.py
[2022-07-17 20:00:40,883] {processor.py:651} INFO - DAG(s) dict_keys(['example_task_group_decorator']) retrieved from /home/airflow/.local/lib/python3.7/site-packages/airflow/example_dags/example_task_group_decorator.py
[2022-07-17 20:00:40,912] {logging_mixin.py:115} INFO - [2022-07-17 20:00:40,912] {dag.py:2420} INFO - Sync 1 DAGs
[2022-07-17 20:00:40,937] {logging_mixin.py:115} INFO - [2022-07-17 20:00:40,937] {dag.py:2972} INFO - Setting next_dagrun for example_task_group_decorator to 2022-07-16T20:00:40.937023+00:00, run_after=2022-07-17T20:00:40.937023+00:00
[2022-07-17 20:00:40,950] {processor.py:161} INFO - Processing /home/airflow/.local/lib/python3.7/site-packages/airflow/example_dags/example_task_group_decorator.py took 0.108 seconds
[2022-07-17 20:01:11,985] {processor.py:153} INFO - Started process (PID=2951) to work on /home/airflow/.local/lib/python3.7/site-packages/airflow/example_dags/example_task_group_decorator.py
[2022-07-17 20:01:11,986] {processor.py:641} INFO - Processing file /home/airflow/.local/lib/python3.7/site-packages/airflow/example_dags/example_task_group_decorator.py for tasks to queue
[2022-07-17 20:01:11,986] {logging_mixin.py:115} INFO - [2022-07-17 20:01:11,986] {dagbag.py:508} INFO - Filling up the DagBag from /home/airflow/.local/lib/python3.7/site-packages/airflow/example_dags/example_task_group_decorator.py
[2022-07-17 20:01:12,014] {processor.py:651} INFO - DAG(s) dict_keys(['example_task_group_decorator']) retrieved from /home/airflow/.local/lib/python3.7/site-packages/airflow/example_dags/example_task_group_decorator.py
[2022-07-17 20:01:12,090] {logging_mixin.py:115} INFO - [2022-07-17 20:01:12,090] {dag.py:2420} INFO - Sync 1 DAGs
[2022-07-17 20:01:12,111] {logging_mixin.py:115} INFO - [2022-07-17 20:01:12,111] {dag.py:2972} INFO - Setting next_dagrun for example_task_group_decorator to 2022-07-16T20:01:12.111576+00:00, run_after=2022-07-17T20:01:12.111576+00:00
[2022-07-17 20:01:12,125] {processor.py:161} INFO - Processing /home/airflow/.local/lib/python3.7/site-packages/airflow/example_dags/example_task_group_decorator.py took 0.143 seconds
[2022-07-17 20:01:42,322] {processor.py:153} INFO - Started process (PID=3016) to work on /home/airflow/.local/lib/python3.7/site-packages/airflow/example_dags/example_task_group_decorator.py
[2022-07-17 20:01:42,323] {processor.py:641} INFO - Processing file /home/airflow/.local/lib/python3.7/site-packages/airflow/example_dags/example_task_group_decorator.py for tasks to queue
[2022-07-17 20:01:42,323] {logging_mixin.py:115} INFO - [2022-07-17 20:01:42,323] {dagbag.py:508} INFO - Filling up the DagBag from /home/airflow/.local/lib/python3.7/site-packages/airflow/example_dags/example_task_group_decorator.py
[2022-07-17 20:01:42,352] {processor.py:651} INFO - DAG(s) dict_keys(['example_task_group_decorator']) retrieved from /home/airflow/.local/lib/python3.7/site-packages/airflow/example_dags/example_task_group_decorator.py
[2022-07-17 20:01:42,428] {logging_mixin.py:115} INFO - [2022-07-17 20:01:42,428] {dag.py:2420} INFO - Sync 1 DAGs
[2022-07-17 20:01:42,451] {logging_mixin.py:115} INFO - [2022-07-17 20:01:42,451] {dag.py:2972} INFO - Setting next_dagrun for example_task_group_decorator to 2022-07-16T20:01:42.451553+00:00, run_after=2022-07-17T20:01:42.451553+00:00
[2022-07-17 20:01:42,467] {processor.py:161} INFO - Processing /home/airflow/.local/lib/python3.7/site-packages/airflow/example_dags/example_task_group_decorator.py took 0.148 seconds
[2022-07-17 20:02:12,553] {processor.py:153} INFO - Started process (PID=3079) to work on /home/airflow/.local/lib/python3.7/site-packages/airflow/example_dags/example_task_group_decorator.py
[2022-07-17 20:02:12,553] {processor.py:641} INFO - Processing file /home/airflow/.local/lib/python3.7/site-packages/airflow/example_dags/example_task_group_decorator.py for tasks to queue
[2022-07-17 20:02:12,554] {logging_mixin.py:115} INFO - [2022-07-17 20:02:12,554] {dagbag.py:508} INFO - Filling up the DagBag from /home/airflow/.local/lib/python3.7/site-packages/airflow/example_dags/example_task_group_decorator.py
[2022-07-17 20:02:12,589] {processor.py:651} INFO - DAG(s) dict_keys(['example_task_group_decorator']) retrieved from /home/airflow/.local/lib/python3.7/site-packages/airflow/example_dags/example_task_group_decorator.py
[2022-07-17 20:02:12,679] {logging_mixin.py:115} INFO - [2022-07-17 20:02:12,679] {dag.py:2420} INFO - Sync 1 DAGs
[2022-07-17 20:02:12,707] {logging_mixin.py:115} INFO - [2022-07-17 20:02:12,707] {dag.py:2972} INFO - Setting next_dagrun for example_task_group_decorator to 2022-07-16T20:02:12.706963+00:00, run_after=2022-07-17T20:02:12.706963+00:00
[2022-07-17 20:02:12,732] {processor.py:161} INFO - Processing /home/airflow/.local/lib/python3.7/site-packages/airflow/example_dags/example_task_group_decorator.py took 0.183 seconds
[2022-07-17 20:02:43,155] {processor.py:153} INFO - Started process (PID=3135) to work on /home/airflow/.local/lib/python3.7/site-packages/airflow/example_dags/example_task_group_decorator.py
[2022-07-17 20:02:43,157] {processor.py:641} INFO - Processing file /home/airflow/.local/lib/python3.7/site-packages/airflow/example_dags/example_task_group_decorator.py for tasks to queue
[2022-07-17 20:02:43,158] {logging_mixin.py:115} INFO - [2022-07-17 20:02:43,158] {dagbag.py:508} INFO - Filling up the DagBag from /home/airflow/.local/lib/python3.7/site-packages/airflow/example_dags/example_task_group_decorator.py
[2022-07-17 20:02:43,210] {processor.py:651} INFO - DAG(s) dict_keys(['example_task_group_decorator']) retrieved from /home/airflow/.local/lib/python3.7/site-packages/airflow/example_dags/example_task_group_decorator.py
[2022-07-17 20:02:43,252] {logging_mixin.py:115} INFO - [2022-07-17 20:02:43,252] {dag.py:2420} INFO - Sync 1 DAGs
[2022-07-17 20:02:43,286] {logging_mixin.py:115} INFO - [2022-07-17 20:02:43,286] {dag.py:2972} INFO - Setting next_dagrun for example_task_group_decorator to 2022-07-16T20:02:43.285885+00:00, run_after=2022-07-17T20:02:43.285885+00:00
[2022-07-17 20:02:43,302] {processor.py:161} INFO - Processing /home/airflow/.local/lib/python3.7/site-packages/airflow/example_dags/example_task_group_decorator.py took 0.159 seconds
[2022-07-17 20:03:13,578] {processor.py:153} INFO - Started process (PID=3199) to work on /home/airflow/.local/lib/python3.7/site-packages/airflow/example_dags/example_task_group_decorator.py
[2022-07-17 20:03:13,578] {processor.py:641} INFO - Processing file /home/airflow/.local/lib/python3.7/site-packages/airflow/example_dags/example_task_group_decorator.py for tasks to queue
[2022-07-17 20:03:13,579] {logging_mixin.py:115} INFO - [2022-07-17 20:03:13,579] {dagbag.py:508} INFO - Filling up the DagBag from /home/airflow/.local/lib/python3.7/site-packages/airflow/example_dags/example_task_group_decorator.py
[2022-07-17 20:03:13,623] {processor.py:651} INFO - DAG(s) dict_keys(['example_task_group_decorator']) retrieved from /home/airflow/.local/lib/python3.7/site-packages/airflow/example_dags/example_task_group_decorator.py
[2022-07-17 20:03:13,668] {logging_mixin.py:115} INFO - [2022-07-17 20:03:13,668] {dag.py:2420} INFO - Sync 1 DAGs
[2022-07-17 20:03:13,710] {logging_mixin.py:115} INFO - [2022-07-17 20:03:13,710] {dag.py:2972} INFO - Setting next_dagrun for example_task_group_decorator to 2022-07-16T20:03:13.710252+00:00, run_after=2022-07-17T20:03:13.710252+00:00
[2022-07-17 20:03:13,728] {processor.py:161} INFO - Processing /home/airflow/.local/lib/python3.7/site-packages/airflow/example_dags/example_task_group_decorator.py took 0.155 seconds
[2022-07-17 20:03:44,168] {processor.py:153} INFO - Started process (PID=3254) to work on /home/airflow/.local/lib/python3.7/site-packages/airflow/example_dags/example_task_group_decorator.py
[2022-07-17 20:03:44,169] {processor.py:641} INFO - Processing file /home/airflow/.local/lib/python3.7/site-packages/airflow/example_dags/example_task_group_decorator.py for tasks to queue
[2022-07-17 20:03:44,170] {logging_mixin.py:115} INFO - [2022-07-17 20:03:44,170] {dagbag.py:508} INFO - Filling up the DagBag from /home/airflow/.local/lib/python3.7/site-packages/airflow/example_dags/example_task_group_decorator.py
[2022-07-17 20:03:44,210] {processor.py:651} INFO - DAG(s) dict_keys(['example_task_group_decorator']) retrieved from /home/airflow/.local/lib/python3.7/site-packages/airflow/example_dags/example_task_group_decorator.py
[2022-07-17 20:03:44,331] {logging_mixin.py:115} INFO - [2022-07-17 20:03:44,331] {dag.py:2420} INFO - Sync 1 DAGs
[2022-07-17 20:03:44,352] {logging_mixin.py:115} INFO - [2022-07-17 20:03:44,352] {dag.py:2972} INFO - Setting next_dagrun for example_task_group_decorator to 2022-07-16T20:03:44.352341+00:00, run_after=2022-07-17T20:03:44.352341+00:00
[2022-07-17 20:03:44,367] {processor.py:161} INFO - Processing /home/airflow/.local/lib/python3.7/site-packages/airflow/example_dags/example_task_group_decorator.py took 0.205 seconds
