[2022-07-17 19:36:51,909] {processor.py:153} INFO - Started process (PID=52) to work on /home/airflow/.local/lib/python3.7/site-packages/airflow/example_dags/example_complex.py
[2022-07-17 19:36:51,910] {processor.py:641} INFO - Processing file /home/airflow/.local/lib/python3.7/site-packages/airflow/example_dags/example_complex.py for tasks to queue
[2022-07-17 19:36:51,910] {logging_mixin.py:115} INFO - [2022-07-17 19:36:51,910] {dagbag.py:508} INFO - Filling up the DagBag from /home/airflow/.local/lib/python3.7/site-packages/airflow/example_dags/example_complex.py
[2022-07-17 19:36:51,931] {processor.py:651} INFO - DAG(s) dict_keys(['example_complex']) retrieved from /home/airflow/.local/lib/python3.7/site-packages/airflow/example_dags/example_complex.py
[2022-07-17 19:36:52,040] {logging_mixin.py:115} INFO - [2022-07-17 19:36:52,040] {manager.py:508} INFO - Created Permission View: can delete on DAG:example_complex
[2022-07-17 19:36:52,054] {logging_mixin.py:115} INFO - [2022-07-17 19:36:52,053] {manager.py:508} INFO - Created Permission View: can read on DAG:example_complex
[2022-07-17 19:36:52,063] {logging_mixin.py:115} INFO - [2022-07-17 19:36:52,063] {manager.py:508} INFO - Created Permission View: can edit on DAG:example_complex
[2022-07-17 19:36:52,064] {logging_mixin.py:115} INFO - [2022-07-17 19:36:52,064] {dag.py:2420} INFO - Sync 1 DAGs
[2022-07-17 19:36:52,076] {logging_mixin.py:115} INFO - [2022-07-17 19:36:52,076] {dag.py:2439} INFO - Creating ORM DAG for example_complex
[2022-07-17 19:36:52,090] {logging_mixin.py:115} INFO - [2022-07-17 19:36:52,090] {dag.py:2972} INFO - Setting next_dagrun for example_complex to None, run_after=None
[2022-07-17 19:36:52,108] {processor.py:161} INFO - Processing /home/airflow/.local/lib/python3.7/site-packages/airflow/example_dags/example_complex.py took 0.203 seconds
[2022-07-17 19:37:22,734] {processor.py:153} INFO - Started process (PID=106) to work on /home/airflow/.local/lib/python3.7/site-packages/airflow/example_dags/example_complex.py
[2022-07-17 19:37:22,735] {processor.py:641} INFO - Processing file /home/airflow/.local/lib/python3.7/site-packages/airflow/example_dags/example_complex.py for tasks to queue
[2022-07-17 19:37:22,736] {logging_mixin.py:115} INFO - [2022-07-17 19:37:22,736] {dagbag.py:508} INFO - Filling up the DagBag from /home/airflow/.local/lib/python3.7/site-packages/airflow/example_dags/example_complex.py
[2022-07-17 19:37:22,757] {processor.py:651} INFO - DAG(s) dict_keys(['example_complex']) retrieved from /home/airflow/.local/lib/python3.7/site-packages/airflow/example_dags/example_complex.py
[2022-07-17 19:37:22,789] {logging_mixin.py:115} INFO - [2022-07-17 19:37:22,789] {dag.py:2420} INFO - Sync 1 DAGs
[2022-07-17 19:37:22,813] {logging_mixin.py:115} INFO - [2022-07-17 19:37:22,813] {dag.py:2972} INFO - Setting next_dagrun for example_complex to None, run_after=None
[2022-07-17 19:37:22,829] {processor.py:161} INFO - Processing /home/airflow/.local/lib/python3.7/site-packages/airflow/example_dags/example_complex.py took 0.099 seconds
[2022-07-17 19:37:53,017] {processor.py:153} INFO - Started process (PID=170) to work on /home/airflow/.local/lib/python3.7/site-packages/airflow/example_dags/example_complex.py
[2022-07-17 19:37:53,018] {processor.py:641} INFO - Processing file /home/airflow/.local/lib/python3.7/site-packages/airflow/example_dags/example_complex.py for tasks to queue
[2022-07-17 19:37:53,021] {logging_mixin.py:115} INFO - [2022-07-17 19:37:53,020] {dagbag.py:508} INFO - Filling up the DagBag from /home/airflow/.local/lib/python3.7/site-packages/airflow/example_dags/example_complex.py
[2022-07-17 19:37:53,060] {processor.py:651} INFO - DAG(s) dict_keys(['example_complex']) retrieved from /home/airflow/.local/lib/python3.7/site-packages/airflow/example_dags/example_complex.py
[2022-07-17 19:37:53,120] {logging_mixin.py:115} INFO - [2022-07-17 19:37:53,120] {dag.py:2420} INFO - Sync 1 DAGs
[2022-07-17 19:37:53,144] {logging_mixin.py:115} INFO - [2022-07-17 19:37:53,144] {dag.py:2972} INFO - Setting next_dagrun for example_complex to None, run_after=None
[2022-07-17 19:37:53,156] {processor.py:161} INFO - Processing /home/airflow/.local/lib/python3.7/site-packages/airflow/example_dags/example_complex.py took 0.150 seconds
[2022-07-17 19:38:23,716] {processor.py:153} INFO - Started process (PID=224) to work on /home/airflow/.local/lib/python3.7/site-packages/airflow/example_dags/example_complex.py
[2022-07-17 19:38:23,717] {processor.py:641} INFO - Processing file /home/airflow/.local/lib/python3.7/site-packages/airflow/example_dags/example_complex.py for tasks to queue
[2022-07-17 19:38:23,718] {logging_mixin.py:115} INFO - [2022-07-17 19:38:23,718] {dagbag.py:508} INFO - Filling up the DagBag from /home/airflow/.local/lib/python3.7/site-packages/airflow/example_dags/example_complex.py
[2022-07-17 19:38:23,746] {processor.py:651} INFO - DAG(s) dict_keys(['example_complex']) retrieved from /home/airflow/.local/lib/python3.7/site-packages/airflow/example_dags/example_complex.py
[2022-07-17 19:38:23,801] {logging_mixin.py:115} INFO - [2022-07-17 19:38:23,801] {dag.py:2420} INFO - Sync 1 DAGs
[2022-07-17 19:38:23,823] {logging_mixin.py:115} INFO - [2022-07-17 19:38:23,823] {dag.py:2972} INFO - Setting next_dagrun for example_complex to None, run_after=None
[2022-07-17 19:38:23,836] {processor.py:161} INFO - Processing /home/airflow/.local/lib/python3.7/site-packages/airflow/example_dags/example_complex.py took 0.126 seconds
[2022-07-17 19:38:54,529] {processor.py:153} INFO - Started process (PID=288) to work on /home/airflow/.local/lib/python3.7/site-packages/airflow/example_dags/example_complex.py
[2022-07-17 19:38:54,530] {processor.py:641} INFO - Processing file /home/airflow/.local/lib/python3.7/site-packages/airflow/example_dags/example_complex.py for tasks to queue
[2022-07-17 19:38:54,530] {logging_mixin.py:115} INFO - [2022-07-17 19:38:54,530] {dagbag.py:508} INFO - Filling up the DagBag from /home/airflow/.local/lib/python3.7/site-packages/airflow/example_dags/example_complex.py
[2022-07-17 19:38:54,545] {processor.py:651} INFO - DAG(s) dict_keys(['example_complex']) retrieved from /home/airflow/.local/lib/python3.7/site-packages/airflow/example_dags/example_complex.py
[2022-07-17 19:38:54,587] {logging_mixin.py:115} INFO - [2022-07-17 19:38:54,587] {dag.py:2420} INFO - Sync 1 DAGs
[2022-07-17 19:38:54,619] {logging_mixin.py:115} INFO - [2022-07-17 19:38:54,619] {dag.py:2972} INFO - Setting next_dagrun for example_complex to None, run_after=None
[2022-07-17 19:38:54,634] {processor.py:161} INFO - Processing /home/airflow/.local/lib/python3.7/site-packages/airflow/example_dags/example_complex.py took 0.107 seconds
[2022-07-17 19:39:24,957] {processor.py:153} INFO - Started process (PID=352) to work on /home/airflow/.local/lib/python3.7/site-packages/airflow/example_dags/example_complex.py
[2022-07-17 19:39:24,958] {processor.py:641} INFO - Processing file /home/airflow/.local/lib/python3.7/site-packages/airflow/example_dags/example_complex.py for tasks to queue
[2022-07-17 19:39:24,959] {logging_mixin.py:115} INFO - [2022-07-17 19:39:24,958] {dagbag.py:508} INFO - Filling up the DagBag from /home/airflow/.local/lib/python3.7/site-packages/airflow/example_dags/example_complex.py
[2022-07-17 19:39:24,978] {processor.py:651} INFO - DAG(s) dict_keys(['example_complex']) retrieved from /home/airflow/.local/lib/python3.7/site-packages/airflow/example_dags/example_complex.py
[2022-07-17 19:39:25,016] {logging_mixin.py:115} INFO - [2022-07-17 19:39:25,016] {dag.py:2420} INFO - Sync 1 DAGs
[2022-07-17 19:39:25,040] {logging_mixin.py:115} INFO - [2022-07-17 19:39:25,040] {dag.py:2972} INFO - Setting next_dagrun for example_complex to None, run_after=None
[2022-07-17 19:39:25,054] {processor.py:161} INFO - Processing /home/airflow/.local/lib/python3.7/site-packages/airflow/example_dags/example_complex.py took 0.100 seconds
[2022-07-17 19:39:55,195] {processor.py:153} INFO - Started process (PID=407) to work on /home/airflow/.local/lib/python3.7/site-packages/airflow/example_dags/example_complex.py
[2022-07-17 19:39:55,196] {processor.py:641} INFO - Processing file /home/airflow/.local/lib/python3.7/site-packages/airflow/example_dags/example_complex.py for tasks to queue
[2022-07-17 19:39:55,196] {logging_mixin.py:115} INFO - [2022-07-17 19:39:55,196] {dagbag.py:508} INFO - Filling up the DagBag from /home/airflow/.local/lib/python3.7/site-packages/airflow/example_dags/example_complex.py
[2022-07-17 19:39:55,217] {processor.py:651} INFO - DAG(s) dict_keys(['example_complex']) retrieved from /home/airflow/.local/lib/python3.7/site-packages/airflow/example_dags/example_complex.py
[2022-07-17 19:39:55,252] {logging_mixin.py:115} INFO - [2022-07-17 19:39:55,252] {dag.py:2420} INFO - Sync 1 DAGs
[2022-07-17 19:39:55,277] {logging_mixin.py:115} INFO - [2022-07-17 19:39:55,277] {dag.py:2972} INFO - Setting next_dagrun for example_complex to None, run_after=None
[2022-07-17 19:39:55,290] {processor.py:161} INFO - Processing /home/airflow/.local/lib/python3.7/site-packages/airflow/example_dags/example_complex.py took 0.101 seconds
[2022-07-17 19:40:25,787] {processor.py:153} INFO - Started process (PID=472) to work on /home/airflow/.local/lib/python3.7/site-packages/airflow/example_dags/example_complex.py
[2022-07-17 19:40:25,788] {processor.py:641} INFO - Processing file /home/airflow/.local/lib/python3.7/site-packages/airflow/example_dags/example_complex.py for tasks to queue
[2022-07-17 19:40:25,789] {logging_mixin.py:115} INFO - [2022-07-17 19:40:25,789] {dagbag.py:508} INFO - Filling up the DagBag from /home/airflow/.local/lib/python3.7/site-packages/airflow/example_dags/example_complex.py
[2022-07-17 19:40:25,812] {processor.py:651} INFO - DAG(s) dict_keys(['example_complex']) retrieved from /home/airflow/.local/lib/python3.7/site-packages/airflow/example_dags/example_complex.py
[2022-07-17 19:40:25,848] {logging_mixin.py:115} INFO - [2022-07-17 19:40:25,848] {dag.py:2420} INFO - Sync 1 DAGs
[2022-07-17 19:40:25,872] {logging_mixin.py:115} INFO - [2022-07-17 19:40:25,871] {dag.py:2972} INFO - Setting next_dagrun for example_complex to None, run_after=None
[2022-07-17 19:40:25,884] {processor.py:161} INFO - Processing /home/airflow/.local/lib/python3.7/site-packages/airflow/example_dags/example_complex.py took 0.107 seconds
[2022-07-17 19:40:56,709] {processor.py:153} INFO - Started process (PID=527) to work on /home/airflow/.local/lib/python3.7/site-packages/airflow/example_dags/example_complex.py
[2022-07-17 19:40:56,710] {processor.py:641} INFO - Processing file /home/airflow/.local/lib/python3.7/site-packages/airflow/example_dags/example_complex.py for tasks to queue
[2022-07-17 19:40:56,710] {logging_mixin.py:115} INFO - [2022-07-17 19:40:56,710] {dagbag.py:508} INFO - Filling up the DagBag from /home/airflow/.local/lib/python3.7/site-packages/airflow/example_dags/example_complex.py
[2022-07-17 19:40:56,728] {processor.py:651} INFO - DAG(s) dict_keys(['example_complex']) retrieved from /home/airflow/.local/lib/python3.7/site-packages/airflow/example_dags/example_complex.py
[2022-07-17 19:40:56,762] {logging_mixin.py:115} INFO - [2022-07-17 19:40:56,762] {dag.py:2420} INFO - Sync 1 DAGs
[2022-07-17 19:40:56,786] {logging_mixin.py:115} INFO - [2022-07-17 19:40:56,786] {dag.py:2972} INFO - Setting next_dagrun for example_complex to None, run_after=None
[2022-07-17 19:40:56,798] {processor.py:161} INFO - Processing /home/airflow/.local/lib/python3.7/site-packages/airflow/example_dags/example_complex.py took 0.092 seconds
[2022-07-17 19:41:26,922] {processor.py:153} INFO - Started process (PID=593) to work on /home/airflow/.local/lib/python3.7/site-packages/airflow/example_dags/example_complex.py
[2022-07-17 19:41:26,923] {processor.py:641} INFO - Processing file /home/airflow/.local/lib/python3.7/site-packages/airflow/example_dags/example_complex.py for tasks to queue
[2022-07-17 19:41:26,923] {logging_mixin.py:115} INFO - [2022-07-17 19:41:26,923] {dagbag.py:508} INFO - Filling up the DagBag from /home/airflow/.local/lib/python3.7/site-packages/airflow/example_dags/example_complex.py
[2022-07-17 19:41:26,938] {processor.py:651} INFO - DAG(s) dict_keys(['example_complex']) retrieved from /home/airflow/.local/lib/python3.7/site-packages/airflow/example_dags/example_complex.py
[2022-07-17 19:41:26,971] {logging_mixin.py:115} INFO - [2022-07-17 19:41:26,971] {dag.py:2420} INFO - Sync 1 DAGs
[2022-07-17 19:41:26,995] {logging_mixin.py:115} INFO - [2022-07-17 19:41:26,995] {dag.py:2972} INFO - Setting next_dagrun for example_complex to None, run_after=None
[2022-07-17 19:41:27,008] {processor.py:161} INFO - Processing /home/airflow/.local/lib/python3.7/site-packages/airflow/example_dags/example_complex.py took 0.089 seconds
[2022-07-17 19:41:57,141] {processor.py:153} INFO - Started process (PID=657) to work on /home/airflow/.local/lib/python3.7/site-packages/airflow/example_dags/example_complex.py
[2022-07-17 19:41:57,142] {processor.py:641} INFO - Processing file /home/airflow/.local/lib/python3.7/site-packages/airflow/example_dags/example_complex.py for tasks to queue
[2022-07-17 19:41:57,143] {logging_mixin.py:115} INFO - [2022-07-17 19:41:57,142] {dagbag.py:508} INFO - Filling up the DagBag from /home/airflow/.local/lib/python3.7/site-packages/airflow/example_dags/example_complex.py
[2022-07-17 19:41:57,158] {processor.py:651} INFO - DAG(s) dict_keys(['example_complex']) retrieved from /home/airflow/.local/lib/python3.7/site-packages/airflow/example_dags/example_complex.py
[2022-07-17 19:41:57,191] {logging_mixin.py:115} INFO - [2022-07-17 19:41:57,191] {dag.py:2420} INFO - Sync 1 DAGs
[2022-07-17 19:41:57,216] {logging_mixin.py:115} INFO - [2022-07-17 19:41:57,216] {dag.py:2972} INFO - Setting next_dagrun for example_complex to None, run_after=None
[2022-07-17 19:41:57,230] {processor.py:161} INFO - Processing /home/airflow/.local/lib/python3.7/site-packages/airflow/example_dags/example_complex.py took 0.091 seconds
[2022-07-17 19:42:27,397] {processor.py:153} INFO - Started process (PID=713) to work on /home/airflow/.local/lib/python3.7/site-packages/airflow/example_dags/example_complex.py
[2022-07-17 19:42:27,397] {processor.py:641} INFO - Processing file /home/airflow/.local/lib/python3.7/site-packages/airflow/example_dags/example_complex.py for tasks to queue
[2022-07-17 19:42:27,398] {logging_mixin.py:115} INFO - [2022-07-17 19:42:27,398] {dagbag.py:508} INFO - Filling up the DagBag from /home/airflow/.local/lib/python3.7/site-packages/airflow/example_dags/example_complex.py
[2022-07-17 19:42:27,413] {processor.py:651} INFO - DAG(s) dict_keys(['example_complex']) retrieved from /home/airflow/.local/lib/python3.7/site-packages/airflow/example_dags/example_complex.py
[2022-07-17 19:42:27,451] {logging_mixin.py:115} INFO - [2022-07-17 19:42:27,450] {dag.py:2420} INFO - Sync 1 DAGs
[2022-07-17 19:42:27,478] {logging_mixin.py:115} INFO - [2022-07-17 19:42:27,478] {dag.py:2972} INFO - Setting next_dagrun for example_complex to None, run_after=None
[2022-07-17 19:42:27,493] {processor.py:161} INFO - Processing /home/airflow/.local/lib/python3.7/site-packages/airflow/example_dags/example_complex.py took 0.099 seconds
[2022-07-17 19:42:57,965] {processor.py:153} INFO - Started process (PID=776) to work on /home/airflow/.local/lib/python3.7/site-packages/airflow/example_dags/example_complex.py
[2022-07-17 19:42:57,966] {processor.py:641} INFO - Processing file /home/airflow/.local/lib/python3.7/site-packages/airflow/example_dags/example_complex.py for tasks to queue
[2022-07-17 19:42:57,966] {logging_mixin.py:115} INFO - [2022-07-17 19:42:57,966] {dagbag.py:508} INFO - Filling up the DagBag from /home/airflow/.local/lib/python3.7/site-packages/airflow/example_dags/example_complex.py
[2022-07-17 19:42:57,985] {processor.py:651} INFO - DAG(s) dict_keys(['example_complex']) retrieved from /home/airflow/.local/lib/python3.7/site-packages/airflow/example_dags/example_complex.py
[2022-07-17 19:42:58,020] {logging_mixin.py:115} INFO - [2022-07-17 19:42:58,020] {dag.py:2420} INFO - Sync 1 DAGs
[2022-07-17 19:42:58,043] {logging_mixin.py:115} INFO - [2022-07-17 19:42:58,043] {dag.py:2972} INFO - Setting next_dagrun for example_complex to None, run_after=None
[2022-07-17 19:42:58,057] {processor.py:161} INFO - Processing /home/airflow/.local/lib/python3.7/site-packages/airflow/example_dags/example_complex.py took 0.097 seconds
[2022-07-17 19:43:28,199] {processor.py:153} INFO - Started process (PID=831) to work on /home/airflow/.local/lib/python3.7/site-packages/airflow/example_dags/example_complex.py
[2022-07-17 19:43:28,199] {processor.py:641} INFO - Processing file /home/airflow/.local/lib/python3.7/site-packages/airflow/example_dags/example_complex.py for tasks to queue
[2022-07-17 19:43:28,200] {logging_mixin.py:115} INFO - [2022-07-17 19:43:28,200] {dagbag.py:508} INFO - Filling up the DagBag from /home/airflow/.local/lib/python3.7/site-packages/airflow/example_dags/example_complex.py
[2022-07-17 19:43:28,219] {processor.py:651} INFO - DAG(s) dict_keys(['example_complex']) retrieved from /home/airflow/.local/lib/python3.7/site-packages/airflow/example_dags/example_complex.py
[2022-07-17 19:43:28,254] {logging_mixin.py:115} INFO - [2022-07-17 19:43:28,254] {dag.py:2420} INFO - Sync 1 DAGs
[2022-07-17 19:43:28,280] {logging_mixin.py:115} INFO - [2022-07-17 19:43:28,280] {dag.py:2972} INFO - Setting next_dagrun for example_complex to None, run_after=None
[2022-07-17 19:43:28,307] {processor.py:161} INFO - Processing /home/airflow/.local/lib/python3.7/site-packages/airflow/example_dags/example_complex.py took 0.112 seconds
[2022-07-17 19:43:58,748] {processor.py:153} INFO - Started process (PID=895) to work on /home/airflow/.local/lib/python3.7/site-packages/airflow/example_dags/example_complex.py
[2022-07-17 19:43:58,749] {processor.py:641} INFO - Processing file /home/airflow/.local/lib/python3.7/site-packages/airflow/example_dags/example_complex.py for tasks to queue
[2022-07-17 19:43:58,750] {logging_mixin.py:115} INFO - [2022-07-17 19:43:58,750] {dagbag.py:508} INFO - Filling up the DagBag from /home/airflow/.local/lib/python3.7/site-packages/airflow/example_dags/example_complex.py
[2022-07-17 19:43:58,771] {processor.py:651} INFO - DAG(s) dict_keys(['example_complex']) retrieved from /home/airflow/.local/lib/python3.7/site-packages/airflow/example_dags/example_complex.py
[2022-07-17 19:43:58,814] {logging_mixin.py:115} INFO - [2022-07-17 19:43:58,814] {dag.py:2420} INFO - Sync 1 DAGs
[2022-07-17 19:43:58,838] {logging_mixin.py:115} INFO - [2022-07-17 19:43:58,838] {dag.py:2972} INFO - Setting next_dagrun for example_complex to None, run_after=None
[2022-07-17 19:43:58,854] {processor.py:161} INFO - Processing /home/airflow/.local/lib/python3.7/site-packages/airflow/example_dags/example_complex.py took 0.116 seconds
[2022-07-17 19:44:29,668] {processor.py:153} INFO - Started process (PID=950) to work on /home/airflow/.local/lib/python3.7/site-packages/airflow/example_dags/example_complex.py
[2022-07-17 19:44:29,668] {processor.py:641} INFO - Processing file /home/airflow/.local/lib/python3.7/site-packages/airflow/example_dags/example_complex.py for tasks to queue
[2022-07-17 19:44:29,669] {logging_mixin.py:115} INFO - [2022-07-17 19:44:29,669] {dagbag.py:508} INFO - Filling up the DagBag from /home/airflow/.local/lib/python3.7/site-packages/airflow/example_dags/example_complex.py
[2022-07-17 19:44:29,689] {processor.py:651} INFO - DAG(s) dict_keys(['example_complex']) retrieved from /home/airflow/.local/lib/python3.7/site-packages/airflow/example_dags/example_complex.py
[2022-07-17 19:44:29,734] {logging_mixin.py:115} INFO - [2022-07-17 19:44:29,734] {dag.py:2420} INFO - Sync 1 DAGs
[2022-07-17 19:44:29,769] {logging_mixin.py:115} INFO - [2022-07-17 19:44:29,769] {dag.py:2972} INFO - Setting next_dagrun for example_complex to None, run_after=None
[2022-07-17 19:44:29,786] {processor.py:161} INFO - Processing /home/airflow/.local/lib/python3.7/site-packages/airflow/example_dags/example_complex.py took 0.123 seconds
[2022-07-17 19:44:59,851] {processor.py:153} INFO - Started process (PID=1014) to work on /home/airflow/.local/lib/python3.7/site-packages/airflow/example_dags/example_complex.py
[2022-07-17 19:44:59,852] {processor.py:641} INFO - Processing file /home/airflow/.local/lib/python3.7/site-packages/airflow/example_dags/example_complex.py for tasks to queue
[2022-07-17 19:44:59,852] {logging_mixin.py:115} INFO - [2022-07-17 19:44:59,852] {dagbag.py:508} INFO - Filling up the DagBag from /home/airflow/.local/lib/python3.7/site-packages/airflow/example_dags/example_complex.py
[2022-07-17 19:44:59,872] {processor.py:651} INFO - DAG(s) dict_keys(['example_complex']) retrieved from /home/airflow/.local/lib/python3.7/site-packages/airflow/example_dags/example_complex.py
[2022-07-17 19:44:59,908] {logging_mixin.py:115} INFO - [2022-07-17 19:44:59,908] {dag.py:2420} INFO - Sync 1 DAGs
[2022-07-17 19:44:59,931] {logging_mixin.py:115} INFO - [2022-07-17 19:44:59,931] {dag.py:2972} INFO - Setting next_dagrun for example_complex to None, run_after=None
[2022-07-17 19:44:59,945] {processor.py:161} INFO - Processing /home/airflow/.local/lib/python3.7/site-packages/airflow/example_dags/example_complex.py took 0.101 seconds
[2022-07-17 19:45:30,350] {processor.py:153} INFO - Started process (PID=1078) to work on /home/airflow/.local/lib/python3.7/site-packages/airflow/example_dags/example_complex.py
[2022-07-17 19:45:30,351] {processor.py:641} INFO - Processing file /home/airflow/.local/lib/python3.7/site-packages/airflow/example_dags/example_complex.py for tasks to queue
[2022-07-17 19:45:30,352] {logging_mixin.py:115} INFO - [2022-07-17 19:45:30,352] {dagbag.py:508} INFO - Filling up the DagBag from /home/airflow/.local/lib/python3.7/site-packages/airflow/example_dags/example_complex.py
[2022-07-17 19:45:30,373] {processor.py:651} INFO - DAG(s) dict_keys(['example_complex']) retrieved from /home/airflow/.local/lib/python3.7/site-packages/airflow/example_dags/example_complex.py
[2022-07-17 19:45:30,419] {logging_mixin.py:115} INFO - [2022-07-17 19:45:30,419] {dag.py:2420} INFO - Sync 1 DAGs
[2022-07-17 19:45:30,457] {logging_mixin.py:115} INFO - [2022-07-17 19:45:30,457] {dag.py:2972} INFO - Setting next_dagrun for example_complex to None, run_after=None
[2022-07-17 19:45:30,475] {processor.py:161} INFO - Processing /home/airflow/.local/lib/python3.7/site-packages/airflow/example_dags/example_complex.py took 0.133 seconds
[2022-07-17 19:46:01,191] {processor.py:153} INFO - Started process (PID=1132) to work on /home/airflow/.local/lib/python3.7/site-packages/airflow/example_dags/example_complex.py
[2022-07-17 19:46:01,191] {processor.py:641} INFO - Processing file /home/airflow/.local/lib/python3.7/site-packages/airflow/example_dags/example_complex.py for tasks to queue
[2022-07-17 19:46:01,192] {logging_mixin.py:115} INFO - [2022-07-17 19:46:01,192] {dagbag.py:508} INFO - Filling up the DagBag from /home/airflow/.local/lib/python3.7/site-packages/airflow/example_dags/example_complex.py
[2022-07-17 19:46:01,211] {processor.py:651} INFO - DAG(s) dict_keys(['example_complex']) retrieved from /home/airflow/.local/lib/python3.7/site-packages/airflow/example_dags/example_complex.py
[2022-07-17 19:46:01,252] {logging_mixin.py:115} INFO - [2022-07-17 19:46:01,251] {dag.py:2420} INFO - Sync 1 DAGs
[2022-07-17 19:46:01,279] {logging_mixin.py:115} INFO - [2022-07-17 19:46:01,279] {dag.py:2972} INFO - Setting next_dagrun for example_complex to None, run_after=None
[2022-07-17 19:46:01,294] {processor.py:161} INFO - Processing /home/airflow/.local/lib/python3.7/site-packages/airflow/example_dags/example_complex.py took 0.108 seconds
[2022-07-17 19:46:31,576] {processor.py:153} INFO - Started process (PID=1196) to work on /home/airflow/.local/lib/python3.7/site-packages/airflow/example_dags/example_complex.py
[2022-07-17 19:46:31,576] {processor.py:641} INFO - Processing file /home/airflow/.local/lib/python3.7/site-packages/airflow/example_dags/example_complex.py for tasks to queue
[2022-07-17 19:46:31,576] {logging_mixin.py:115} INFO - [2022-07-17 19:46:31,576] {dagbag.py:508} INFO - Filling up the DagBag from /home/airflow/.local/lib/python3.7/site-packages/airflow/example_dags/example_complex.py
[2022-07-17 19:46:31,591] {processor.py:651} INFO - DAG(s) dict_keys(['example_complex']) retrieved from /home/airflow/.local/lib/python3.7/site-packages/airflow/example_dags/example_complex.py
[2022-07-17 19:46:31,623] {logging_mixin.py:115} INFO - [2022-07-17 19:46:31,623] {dag.py:2420} INFO - Sync 1 DAGs
[2022-07-17 19:46:31,647] {logging_mixin.py:115} INFO - [2022-07-17 19:46:31,646] {dag.py:2972} INFO - Setting next_dagrun for example_complex to None, run_after=None
[2022-07-17 19:46:31,659] {processor.py:161} INFO - Processing /home/airflow/.local/lib/python3.7/site-packages/airflow/example_dags/example_complex.py took 0.087 seconds
[2022-07-17 19:47:01,752] {processor.py:153} INFO - Started process (PID=1251) to work on /home/airflow/.local/lib/python3.7/site-packages/airflow/example_dags/example_complex.py
[2022-07-17 19:47:01,753] {processor.py:641} INFO - Processing file /home/airflow/.local/lib/python3.7/site-packages/airflow/example_dags/example_complex.py for tasks to queue
[2022-07-17 19:47:01,753] {logging_mixin.py:115} INFO - [2022-07-17 19:47:01,753] {dagbag.py:508} INFO - Filling up the DagBag from /home/airflow/.local/lib/python3.7/site-packages/airflow/example_dags/example_complex.py
[2022-07-17 19:47:01,773] {processor.py:651} INFO - DAG(s) dict_keys(['example_complex']) retrieved from /home/airflow/.local/lib/python3.7/site-packages/airflow/example_dags/example_complex.py
[2022-07-17 19:47:01,811] {logging_mixin.py:115} INFO - [2022-07-17 19:47:01,811] {dag.py:2420} INFO - Sync 1 DAGs
[2022-07-17 19:47:01,835] {logging_mixin.py:115} INFO - [2022-07-17 19:47:01,835] {dag.py:2972} INFO - Setting next_dagrun for example_complex to None, run_after=None
[2022-07-17 19:47:01,850] {processor.py:161} INFO - Processing /home/airflow/.local/lib/python3.7/site-packages/airflow/example_dags/example_complex.py took 0.103 seconds
[2022-07-17 19:47:32,038] {processor.py:153} INFO - Started process (PID=1316) to work on /home/airflow/.local/lib/python3.7/site-packages/airflow/example_dags/example_complex.py
[2022-07-17 19:47:32,038] {processor.py:641} INFO - Processing file /home/airflow/.local/lib/python3.7/site-packages/airflow/example_dags/example_complex.py for tasks to queue
[2022-07-17 19:47:32,039] {logging_mixin.py:115} INFO - [2022-07-17 19:47:32,039] {dagbag.py:508} INFO - Filling up the DagBag from /home/airflow/.local/lib/python3.7/site-packages/airflow/example_dags/example_complex.py
[2022-07-17 19:47:32,058] {processor.py:651} INFO - DAG(s) dict_keys(['example_complex']) retrieved from /home/airflow/.local/lib/python3.7/site-packages/airflow/example_dags/example_complex.py
[2022-07-17 19:47:32,103] {logging_mixin.py:115} INFO - [2022-07-17 19:47:32,103] {dag.py:2420} INFO - Sync 1 DAGs
[2022-07-17 19:47:32,126] {logging_mixin.py:115} INFO - [2022-07-17 19:47:32,126] {dag.py:2972} INFO - Setting next_dagrun for example_complex to None, run_after=None
[2022-07-17 19:47:32,139] {processor.py:161} INFO - Processing /home/airflow/.local/lib/python3.7/site-packages/airflow/example_dags/example_complex.py took 0.107 seconds
[2022-07-17 19:48:02,351] {processor.py:153} INFO - Started process (PID=1372) to work on /home/airflow/.local/lib/python3.7/site-packages/airflow/example_dags/example_complex.py
[2022-07-17 19:48:02,352] {processor.py:641} INFO - Processing file /home/airflow/.local/lib/python3.7/site-packages/airflow/example_dags/example_complex.py for tasks to queue
[2022-07-17 19:48:02,353] {logging_mixin.py:115} INFO - [2022-07-17 19:48:02,353] {dagbag.py:508} INFO - Filling up the DagBag from /home/airflow/.local/lib/python3.7/site-packages/airflow/example_dags/example_complex.py
[2022-07-17 19:48:02,373] {processor.py:651} INFO - DAG(s) dict_keys(['example_complex']) retrieved from /home/airflow/.local/lib/python3.7/site-packages/airflow/example_dags/example_complex.py
[2022-07-17 19:48:02,422] {logging_mixin.py:115} INFO - [2022-07-17 19:48:02,422] {dag.py:2420} INFO - Sync 1 DAGs
[2022-07-17 19:48:02,458] {logging_mixin.py:115} INFO - [2022-07-17 19:48:02,458] {dag.py:2972} INFO - Setting next_dagrun for example_complex to None, run_after=None
[2022-07-17 19:48:02,470] {processor.py:161} INFO - Processing /home/airflow/.local/lib/python3.7/site-packages/airflow/example_dags/example_complex.py took 0.123 seconds
[2022-07-17 19:48:32,595] {processor.py:153} INFO - Started process (PID=1436) to work on /home/airflow/.local/lib/python3.7/site-packages/airflow/example_dags/example_complex.py
[2022-07-17 19:48:32,595] {processor.py:641} INFO - Processing file /home/airflow/.local/lib/python3.7/site-packages/airflow/example_dags/example_complex.py for tasks to queue
[2022-07-17 19:48:32,596] {logging_mixin.py:115} INFO - [2022-07-17 19:48:32,596] {dagbag.py:508} INFO - Filling up the DagBag from /home/airflow/.local/lib/python3.7/site-packages/airflow/example_dags/example_complex.py
[2022-07-17 19:48:32,615] {processor.py:651} INFO - DAG(s) dict_keys(['example_complex']) retrieved from /home/airflow/.local/lib/python3.7/site-packages/airflow/example_dags/example_complex.py
[2022-07-17 19:48:32,654] {logging_mixin.py:115} INFO - [2022-07-17 19:48:32,654] {dag.py:2420} INFO - Sync 1 DAGs
[2022-07-17 19:48:32,683] {logging_mixin.py:115} INFO - [2022-07-17 19:48:32,683] {dag.py:2972} INFO - Setting next_dagrun for example_complex to None, run_after=None
[2022-07-17 19:48:32,700] {processor.py:161} INFO - Processing /home/airflow/.local/lib/python3.7/site-packages/airflow/example_dags/example_complex.py took 0.110 seconds
[2022-07-17 19:49:02,794] {processor.py:153} INFO - Started process (PID=1501) to work on /home/airflow/.local/lib/python3.7/site-packages/airflow/example_dags/example_complex.py
[2022-07-17 19:49:02,796] {processor.py:641} INFO - Processing file /home/airflow/.local/lib/python3.7/site-packages/airflow/example_dags/example_complex.py for tasks to queue
[2022-07-17 19:49:02,797] {logging_mixin.py:115} INFO - [2022-07-17 19:49:02,797] {dagbag.py:508} INFO - Filling up the DagBag from /home/airflow/.local/lib/python3.7/site-packages/airflow/example_dags/example_complex.py
[2022-07-17 19:49:02,830] {processor.py:651} INFO - DAG(s) dict_keys(['example_complex']) retrieved from /home/airflow/.local/lib/python3.7/site-packages/airflow/example_dags/example_complex.py
[2022-07-17 19:49:02,882] {logging_mixin.py:115} INFO - [2022-07-17 19:49:02,882] {dag.py:2420} INFO - Sync 1 DAGs
[2022-07-17 19:49:02,914] {logging_mixin.py:115} INFO - [2022-07-17 19:49:02,914] {dag.py:2972} INFO - Setting next_dagrun for example_complex to None, run_after=None
[2022-07-17 19:49:02,928] {processor.py:161} INFO - Processing /home/airflow/.local/lib/python3.7/site-packages/airflow/example_dags/example_complex.py took 0.139 seconds
[2022-07-17 19:49:33,348] {processor.py:153} INFO - Started process (PID=1556) to work on /home/airflow/.local/lib/python3.7/site-packages/airflow/example_dags/example_complex.py
[2022-07-17 19:49:33,349] {processor.py:641} INFO - Processing file /home/airflow/.local/lib/python3.7/site-packages/airflow/example_dags/example_complex.py for tasks to queue
[2022-07-17 19:49:33,350] {logging_mixin.py:115} INFO - [2022-07-17 19:49:33,350] {dagbag.py:508} INFO - Filling up the DagBag from /home/airflow/.local/lib/python3.7/site-packages/airflow/example_dags/example_complex.py
[2022-07-17 19:49:33,367] {processor.py:651} INFO - DAG(s) dict_keys(['example_complex']) retrieved from /home/airflow/.local/lib/python3.7/site-packages/airflow/example_dags/example_complex.py
[2022-07-17 19:49:33,402] {logging_mixin.py:115} INFO - [2022-07-17 19:49:33,402] {dag.py:2420} INFO - Sync 1 DAGs
[2022-07-17 19:49:33,425] {logging_mixin.py:115} INFO - [2022-07-17 19:49:33,425] {dag.py:2972} INFO - Setting next_dagrun for example_complex to None, run_after=None
[2022-07-17 19:49:33,437] {processor.py:161} INFO - Processing /home/airflow/.local/lib/python3.7/site-packages/airflow/example_dags/example_complex.py took 0.093 seconds
[2022-07-17 19:50:03,819] {processor.py:153} INFO - Started process (PID=1620) to work on /home/airflow/.local/lib/python3.7/site-packages/airflow/example_dags/example_complex.py
[2022-07-17 19:50:03,819] {processor.py:641} INFO - Processing file /home/airflow/.local/lib/python3.7/site-packages/airflow/example_dags/example_complex.py for tasks to queue
[2022-07-17 19:50:03,820] {logging_mixin.py:115} INFO - [2022-07-17 19:50:03,820] {dagbag.py:508} INFO - Filling up the DagBag from /home/airflow/.local/lib/python3.7/site-packages/airflow/example_dags/example_complex.py
[2022-07-17 19:50:03,836] {processor.py:651} INFO - DAG(s) dict_keys(['example_complex']) retrieved from /home/airflow/.local/lib/python3.7/site-packages/airflow/example_dags/example_complex.py
[2022-07-17 19:50:03,869] {logging_mixin.py:115} INFO - [2022-07-17 19:50:03,869] {dag.py:2420} INFO - Sync 1 DAGs
[2022-07-17 19:50:03,892] {logging_mixin.py:115} INFO - [2022-07-17 19:50:03,892] {dag.py:2972} INFO - Setting next_dagrun for example_complex to None, run_after=None
[2022-07-17 19:50:03,904] {processor.py:161} INFO - Processing /home/airflow/.local/lib/python3.7/site-packages/airflow/example_dags/example_complex.py took 0.089 seconds
[2022-07-17 19:50:34,144] {processor.py:153} INFO - Started process (PID=1677) to work on /home/airflow/.local/lib/python3.7/site-packages/airflow/example_dags/example_complex.py
[2022-07-17 19:50:34,144] {processor.py:641} INFO - Processing file /home/airflow/.local/lib/python3.7/site-packages/airflow/example_dags/example_complex.py for tasks to queue
[2022-07-17 19:50:34,145] {logging_mixin.py:115} INFO - [2022-07-17 19:50:34,145] {dagbag.py:508} INFO - Filling up the DagBag from /home/airflow/.local/lib/python3.7/site-packages/airflow/example_dags/example_complex.py
[2022-07-17 19:50:34,164] {processor.py:651} INFO - DAG(s) dict_keys(['example_complex']) retrieved from /home/airflow/.local/lib/python3.7/site-packages/airflow/example_dags/example_complex.py
[2022-07-17 19:50:34,198] {logging_mixin.py:115} INFO - [2022-07-17 19:50:34,198] {dag.py:2420} INFO - Sync 1 DAGs
[2022-07-17 19:50:34,223] {logging_mixin.py:115} INFO - [2022-07-17 19:50:34,223] {dag.py:2972} INFO - Setting next_dagrun for example_complex to None, run_after=None
[2022-07-17 19:50:34,242] {processor.py:161} INFO - Processing /home/airflow/.local/lib/python3.7/site-packages/airflow/example_dags/example_complex.py took 0.102 seconds
[2022-07-17 19:51:04,586] {processor.py:153} INFO - Started process (PID=1742) to work on /home/airflow/.local/lib/python3.7/site-packages/airflow/example_dags/example_complex.py
[2022-07-17 19:51:04,587] {processor.py:641} INFO - Processing file /home/airflow/.local/lib/python3.7/site-packages/airflow/example_dags/example_complex.py for tasks to queue
[2022-07-17 19:51:04,587] {logging_mixin.py:115} INFO - [2022-07-17 19:51:04,587] {dagbag.py:508} INFO - Filling up the DagBag from /home/airflow/.local/lib/python3.7/site-packages/airflow/example_dags/example_complex.py
[2022-07-17 19:51:04,603] {processor.py:651} INFO - DAG(s) dict_keys(['example_complex']) retrieved from /home/airflow/.local/lib/python3.7/site-packages/airflow/example_dags/example_complex.py
[2022-07-17 19:51:04,637] {logging_mixin.py:115} INFO - [2022-07-17 19:51:04,637] {dag.py:2420} INFO - Sync 1 DAGs
[2022-07-17 19:51:04,661] {logging_mixin.py:115} INFO - [2022-07-17 19:51:04,661] {dag.py:2972} INFO - Setting next_dagrun for example_complex to None, run_after=None
[2022-07-17 19:51:04,675] {processor.py:161} INFO - Processing /home/airflow/.local/lib/python3.7/site-packages/airflow/example_dags/example_complex.py took 0.092 seconds
[2022-07-17 19:51:34,867] {processor.py:153} INFO - Started process (PID=1797) to work on /home/airflow/.local/lib/python3.7/site-packages/airflow/example_dags/example_complex.py
[2022-07-17 19:51:34,867] {processor.py:641} INFO - Processing file /home/airflow/.local/lib/python3.7/site-packages/airflow/example_dags/example_complex.py for tasks to queue
[2022-07-17 19:51:34,868] {logging_mixin.py:115} INFO - [2022-07-17 19:51:34,868] {dagbag.py:508} INFO - Filling up the DagBag from /home/airflow/.local/lib/python3.7/site-packages/airflow/example_dags/example_complex.py
[2022-07-17 19:51:34,887] {processor.py:651} INFO - DAG(s) dict_keys(['example_complex']) retrieved from /home/airflow/.local/lib/python3.7/site-packages/airflow/example_dags/example_complex.py
[2022-07-17 19:51:34,924] {logging_mixin.py:115} INFO - [2022-07-17 19:51:34,924] {dag.py:2420} INFO - Sync 1 DAGs
[2022-07-17 19:51:34,948] {logging_mixin.py:115} INFO - [2022-07-17 19:51:34,948] {dag.py:2972} INFO - Setting next_dagrun for example_complex to None, run_after=None
[2022-07-17 19:51:34,961] {processor.py:161} INFO - Processing /home/airflow/.local/lib/python3.7/site-packages/airflow/example_dags/example_complex.py took 0.099 seconds
[2022-07-17 19:52:05,074] {processor.py:153} INFO - Started process (PID=1861) to work on /home/airflow/.local/lib/python3.7/site-packages/airflow/example_dags/example_complex.py
[2022-07-17 19:52:05,074] {processor.py:641} INFO - Processing file /home/airflow/.local/lib/python3.7/site-packages/airflow/example_dags/example_complex.py for tasks to queue
[2022-07-17 19:52:05,075] {logging_mixin.py:115} INFO - [2022-07-17 19:52:05,075] {dagbag.py:508} INFO - Filling up the DagBag from /home/airflow/.local/lib/python3.7/site-packages/airflow/example_dags/example_complex.py
[2022-07-17 19:52:05,100] {processor.py:651} INFO - DAG(s) dict_keys(['example_complex']) retrieved from /home/airflow/.local/lib/python3.7/site-packages/airflow/example_dags/example_complex.py
[2022-07-17 19:52:05,143] {logging_mixin.py:115} INFO - [2022-07-17 19:52:05,143] {dag.py:2420} INFO - Sync 1 DAGs
[2022-07-17 19:52:05,170] {logging_mixin.py:115} INFO - [2022-07-17 19:52:05,170] {dag.py:2972} INFO - Setting next_dagrun for example_complex to None, run_after=None
[2022-07-17 19:52:05,188] {processor.py:161} INFO - Processing /home/airflow/.local/lib/python3.7/site-packages/airflow/example_dags/example_complex.py took 0.117 seconds
[2022-07-17 19:52:35,573] {processor.py:153} INFO - Started process (PID=1927) to work on /home/airflow/.local/lib/python3.7/site-packages/airflow/example_dags/example_complex.py
[2022-07-17 19:52:35,573] {processor.py:641} INFO - Processing file /home/airflow/.local/lib/python3.7/site-packages/airflow/example_dags/example_complex.py for tasks to queue
[2022-07-17 19:52:35,574] {logging_mixin.py:115} INFO - [2022-07-17 19:52:35,574] {dagbag.py:508} INFO - Filling up the DagBag from /home/airflow/.local/lib/python3.7/site-packages/airflow/example_dags/example_complex.py
[2022-07-17 19:52:35,589] {processor.py:651} INFO - DAG(s) dict_keys(['example_complex']) retrieved from /home/airflow/.local/lib/python3.7/site-packages/airflow/example_dags/example_complex.py
[2022-07-17 19:52:35,623] {logging_mixin.py:115} INFO - [2022-07-17 19:52:35,623] {dag.py:2420} INFO - Sync 1 DAGs
[2022-07-17 19:52:35,653] {logging_mixin.py:115} INFO - [2022-07-17 19:52:35,653] {dag.py:2972} INFO - Setting next_dagrun for example_complex to None, run_after=None
[2022-07-17 19:52:35,675] {processor.py:161} INFO - Processing /home/airflow/.local/lib/python3.7/site-packages/airflow/example_dags/example_complex.py took 0.106 seconds
[2022-07-17 19:53:05,894] {processor.py:153} INFO - Started process (PID=1981) to work on /home/airflow/.local/lib/python3.7/site-packages/airflow/example_dags/example_complex.py
[2022-07-17 19:53:05,894] {processor.py:641} INFO - Processing file /home/airflow/.local/lib/python3.7/site-packages/airflow/example_dags/example_complex.py for tasks to queue
[2022-07-17 19:53:05,895] {logging_mixin.py:115} INFO - [2022-07-17 19:53:05,894] {dagbag.py:508} INFO - Filling up the DagBag from /home/airflow/.local/lib/python3.7/site-packages/airflow/example_dags/example_complex.py
[2022-07-17 19:53:05,919] {processor.py:651} INFO - DAG(s) dict_keys(['example_complex']) retrieved from /home/airflow/.local/lib/python3.7/site-packages/airflow/example_dags/example_complex.py
[2022-07-17 19:53:05,966] {logging_mixin.py:115} INFO - [2022-07-17 19:53:05,966] {dag.py:2420} INFO - Sync 1 DAGs
[2022-07-17 19:53:05,992] {logging_mixin.py:115} INFO - [2022-07-17 19:53:05,992] {dag.py:2972} INFO - Setting next_dagrun for example_complex to None, run_after=None
[2022-07-17 19:53:06,006] {processor.py:161} INFO - Processing /home/airflow/.local/lib/python3.7/site-packages/airflow/example_dags/example_complex.py took 0.116 seconds
[2022-07-17 19:53:36,279] {processor.py:153} INFO - Started process (PID=2044) to work on /home/airflow/.local/lib/python3.7/site-packages/airflow/example_dags/example_complex.py
[2022-07-17 19:53:36,280] {processor.py:641} INFO - Processing file /home/airflow/.local/lib/python3.7/site-packages/airflow/example_dags/example_complex.py for tasks to queue
[2022-07-17 19:53:36,280] {logging_mixin.py:115} INFO - [2022-07-17 19:53:36,280] {dagbag.py:508} INFO - Filling up the DagBag from /home/airflow/.local/lib/python3.7/site-packages/airflow/example_dags/example_complex.py
[2022-07-17 19:53:36,299] {processor.py:651} INFO - DAG(s) dict_keys(['example_complex']) retrieved from /home/airflow/.local/lib/python3.7/site-packages/airflow/example_dags/example_complex.py
[2022-07-17 19:53:36,334] {logging_mixin.py:115} INFO - [2022-07-17 19:53:36,334] {dag.py:2420} INFO - Sync 1 DAGs
[2022-07-17 19:53:36,357] {logging_mixin.py:115} INFO - [2022-07-17 19:53:36,357] {dag.py:2972} INFO - Setting next_dagrun for example_complex to None, run_after=None
[2022-07-17 19:53:36,369] {processor.py:161} INFO - Processing /home/airflow/.local/lib/python3.7/site-packages/airflow/example_dags/example_complex.py took 0.093 seconds
[2022-07-17 19:54:06,425] {processor.py:153} INFO - Started process (PID=2100) to work on /home/airflow/.local/lib/python3.7/site-packages/airflow/example_dags/example_complex.py
[2022-07-17 19:54:06,425] {processor.py:641} INFO - Processing file /home/airflow/.local/lib/python3.7/site-packages/airflow/example_dags/example_complex.py for tasks to queue
[2022-07-17 19:54:06,426] {logging_mixin.py:115} INFO - [2022-07-17 19:54:06,426] {dagbag.py:508} INFO - Filling up the DagBag from /home/airflow/.local/lib/python3.7/site-packages/airflow/example_dags/example_complex.py
[2022-07-17 19:54:06,445] {processor.py:651} INFO - DAG(s) dict_keys(['example_complex']) retrieved from /home/airflow/.local/lib/python3.7/site-packages/airflow/example_dags/example_complex.py
[2022-07-17 19:54:06,488] {logging_mixin.py:115} INFO - [2022-07-17 19:54:06,488] {dag.py:2420} INFO - Sync 1 DAGs
[2022-07-17 19:54:06,520] {logging_mixin.py:115} INFO - [2022-07-17 19:54:06,520] {dag.py:2972} INFO - Setting next_dagrun for example_complex to None, run_after=None
[2022-07-17 19:54:06,535] {processor.py:161} INFO - Processing /home/airflow/.local/lib/python3.7/site-packages/airflow/example_dags/example_complex.py took 0.115 seconds
[2022-07-17 19:54:36,681] {processor.py:153} INFO - Started process (PID=2164) to work on /home/airflow/.local/lib/python3.7/site-packages/airflow/example_dags/example_complex.py
[2022-07-17 19:54:36,681] {processor.py:641} INFO - Processing file /home/airflow/.local/lib/python3.7/site-packages/airflow/example_dags/example_complex.py for tasks to queue
[2022-07-17 19:54:36,682] {logging_mixin.py:115} INFO - [2022-07-17 19:54:36,682] {dagbag.py:508} INFO - Filling up the DagBag from /home/airflow/.local/lib/python3.7/site-packages/airflow/example_dags/example_complex.py
[2022-07-17 19:54:36,701] {processor.py:651} INFO - DAG(s) dict_keys(['example_complex']) retrieved from /home/airflow/.local/lib/python3.7/site-packages/airflow/example_dags/example_complex.py
[2022-07-17 19:54:36,740] {logging_mixin.py:115} INFO - [2022-07-17 19:54:36,739] {dag.py:2420} INFO - Sync 1 DAGs
[2022-07-17 19:54:36,764] {logging_mixin.py:115} INFO - [2022-07-17 19:54:36,764] {dag.py:2972} INFO - Setting next_dagrun for example_complex to None, run_after=None
[2022-07-17 19:54:36,776] {processor.py:161} INFO - Processing /home/airflow/.local/lib/python3.7/site-packages/airflow/example_dags/example_complex.py took 0.098 seconds
[2022-07-17 19:55:06,925] {processor.py:153} INFO - Started process (PID=2219) to work on /home/airflow/.local/lib/python3.7/site-packages/airflow/example_dags/example_complex.py
[2022-07-17 19:55:06,926] {processor.py:641} INFO - Processing file /home/airflow/.local/lib/python3.7/site-packages/airflow/example_dags/example_complex.py for tasks to queue
[2022-07-17 19:55:06,927] {logging_mixin.py:115} INFO - [2022-07-17 19:55:06,926] {dagbag.py:508} INFO - Filling up the DagBag from /home/airflow/.local/lib/python3.7/site-packages/airflow/example_dags/example_complex.py
[2022-07-17 19:55:06,945] {processor.py:651} INFO - DAG(s) dict_keys(['example_complex']) retrieved from /home/airflow/.local/lib/python3.7/site-packages/airflow/example_dags/example_complex.py
[2022-07-17 19:55:06,980] {logging_mixin.py:115} INFO - [2022-07-17 19:55:06,980] {dag.py:2420} INFO - Sync 1 DAGs
[2022-07-17 19:55:07,005] {logging_mixin.py:115} INFO - [2022-07-17 19:55:07,005] {dag.py:2972} INFO - Setting next_dagrun for example_complex to None, run_after=None
[2022-07-17 19:55:07,020] {processor.py:161} INFO - Processing /home/airflow/.local/lib/python3.7/site-packages/airflow/example_dags/example_complex.py took 0.097 seconds
[2022-07-17 19:55:37,409] {processor.py:153} INFO - Started process (PID=2285) to work on /home/airflow/.local/lib/python3.7/site-packages/airflow/example_dags/example_complex.py
[2022-07-17 19:55:37,410] {processor.py:641} INFO - Processing file /home/airflow/.local/lib/python3.7/site-packages/airflow/example_dags/example_complex.py for tasks to queue
[2022-07-17 19:55:37,411] {logging_mixin.py:115} INFO - [2022-07-17 19:55:37,410] {dagbag.py:508} INFO - Filling up the DagBag from /home/airflow/.local/lib/python3.7/site-packages/airflow/example_dags/example_complex.py
[2022-07-17 19:55:37,430] {processor.py:651} INFO - DAG(s) dict_keys(['example_complex']) retrieved from /home/airflow/.local/lib/python3.7/site-packages/airflow/example_dags/example_complex.py
[2022-07-17 19:55:37,474] {logging_mixin.py:115} INFO - [2022-07-17 19:55:37,474] {dag.py:2420} INFO - Sync 1 DAGs
[2022-07-17 19:55:37,500] {logging_mixin.py:115} INFO - [2022-07-17 19:55:37,500] {dag.py:2972} INFO - Setting next_dagrun for example_complex to None, run_after=None
[2022-07-17 19:55:37,515] {processor.py:161} INFO - Processing /home/airflow/.local/lib/python3.7/site-packages/airflow/example_dags/example_complex.py took 0.110 seconds
[2022-07-17 19:56:08,014] {processor.py:153} INFO - Started process (PID=2351) to work on /home/airflow/.local/lib/python3.7/site-packages/airflow/example_dags/example_complex.py
[2022-07-17 19:56:08,015] {processor.py:641} INFO - Processing file /home/airflow/.local/lib/python3.7/site-packages/airflow/example_dags/example_complex.py for tasks to queue
[2022-07-17 19:56:08,015] {logging_mixin.py:115} INFO - [2022-07-17 19:56:08,015] {dagbag.py:508} INFO - Filling up the DagBag from /home/airflow/.local/lib/python3.7/site-packages/airflow/example_dags/example_complex.py
[2022-07-17 19:56:08,032] {processor.py:651} INFO - DAG(s) dict_keys(['example_complex']) retrieved from /home/airflow/.local/lib/python3.7/site-packages/airflow/example_dags/example_complex.py
[2022-07-17 19:56:08,078] {logging_mixin.py:115} INFO - [2022-07-17 19:56:08,078] {dag.py:2420} INFO - Sync 1 DAGs
[2022-07-17 19:56:08,113] {logging_mixin.py:115} INFO - [2022-07-17 19:56:08,113] {dag.py:2972} INFO - Setting next_dagrun for example_complex to None, run_after=None
[2022-07-17 19:56:08,131] {processor.py:161} INFO - Processing /home/airflow/.local/lib/python3.7/site-packages/airflow/example_dags/example_complex.py took 0.120 seconds
[2022-07-17 19:56:38,298] {processor.py:153} INFO - Started process (PID=2406) to work on /home/airflow/.local/lib/python3.7/site-packages/airflow/example_dags/example_complex.py
[2022-07-17 19:56:38,298] {processor.py:641} INFO - Processing file /home/airflow/.local/lib/python3.7/site-packages/airflow/example_dags/example_complex.py for tasks to queue
[2022-07-17 19:56:38,299] {logging_mixin.py:115} INFO - [2022-07-17 19:56:38,299] {dagbag.py:508} INFO - Filling up the DagBag from /home/airflow/.local/lib/python3.7/site-packages/airflow/example_dags/example_complex.py
[2022-07-17 19:56:38,319] {processor.py:651} INFO - DAG(s) dict_keys(['example_complex']) retrieved from /home/airflow/.local/lib/python3.7/site-packages/airflow/example_dags/example_complex.py
[2022-07-17 19:56:38,367] {logging_mixin.py:115} INFO - [2022-07-17 19:56:38,367] {dag.py:2420} INFO - Sync 1 DAGs
[2022-07-17 19:56:38,391] {logging_mixin.py:115} INFO - [2022-07-17 19:56:38,391] {dag.py:2972} INFO - Setting next_dagrun for example_complex to None, run_after=None
[2022-07-17 19:56:38,406] {processor.py:161} INFO - Processing /home/airflow/.local/lib/python3.7/site-packages/airflow/example_dags/example_complex.py took 0.112 seconds
[2022-07-17 19:57:08,515] {processor.py:153} INFO - Started process (PID=2470) to work on /home/airflow/.local/lib/python3.7/site-packages/airflow/example_dags/example_complex.py
[2022-07-17 19:57:08,516] {processor.py:641} INFO - Processing file /home/airflow/.local/lib/python3.7/site-packages/airflow/example_dags/example_complex.py for tasks to queue
[2022-07-17 19:57:08,516] {logging_mixin.py:115} INFO - [2022-07-17 19:57:08,516] {dagbag.py:508} INFO - Filling up the DagBag from /home/airflow/.local/lib/python3.7/site-packages/airflow/example_dags/example_complex.py
[2022-07-17 19:57:08,532] {processor.py:651} INFO - DAG(s) dict_keys(['example_complex']) retrieved from /home/airflow/.local/lib/python3.7/site-packages/airflow/example_dags/example_complex.py
[2022-07-17 19:57:08,566] {logging_mixin.py:115} INFO - [2022-07-17 19:57:08,566] {dag.py:2420} INFO - Sync 1 DAGs
[2022-07-17 19:57:08,591] {logging_mixin.py:115} INFO - [2022-07-17 19:57:08,591] {dag.py:2972} INFO - Setting next_dagrun for example_complex to None, run_after=None
[2022-07-17 19:57:08,603] {processor.py:161} INFO - Processing /home/airflow/.local/lib/python3.7/site-packages/airflow/example_dags/example_complex.py took 0.091 seconds
[2022-07-17 19:57:38,665] {processor.py:153} INFO - Started process (PID=2525) to work on /home/airflow/.local/lib/python3.7/site-packages/airflow/example_dags/example_complex.py
[2022-07-17 19:57:38,665] {processor.py:641} INFO - Processing file /home/airflow/.local/lib/python3.7/site-packages/airflow/example_dags/example_complex.py for tasks to queue
[2022-07-17 19:57:38,665] {logging_mixin.py:115} INFO - [2022-07-17 19:57:38,665] {dagbag.py:508} INFO - Filling up the DagBag from /home/airflow/.local/lib/python3.7/site-packages/airflow/example_dags/example_complex.py
[2022-07-17 19:57:38,683] {processor.py:651} INFO - DAG(s) dict_keys(['example_complex']) retrieved from /home/airflow/.local/lib/python3.7/site-packages/airflow/example_dags/example_complex.py
[2022-07-17 19:57:38,717] {logging_mixin.py:115} INFO - [2022-07-17 19:57:38,717] {dag.py:2420} INFO - Sync 1 DAGs
[2022-07-17 19:57:38,741] {logging_mixin.py:115} INFO - [2022-07-17 19:57:38,741] {dag.py:2972} INFO - Setting next_dagrun for example_complex to None, run_after=None
[2022-07-17 19:57:38,753] {processor.py:161} INFO - Processing /home/airflow/.local/lib/python3.7/site-packages/airflow/example_dags/example_complex.py took 0.092 seconds
[2022-07-17 19:58:08,825] {processor.py:153} INFO - Started process (PID=2589) to work on /home/airflow/.local/lib/python3.7/site-packages/airflow/example_dags/example_complex.py
[2022-07-17 19:58:08,826] {processor.py:641} INFO - Processing file /home/airflow/.local/lib/python3.7/site-packages/airflow/example_dags/example_complex.py for tasks to queue
[2022-07-17 19:58:08,826] {logging_mixin.py:115} INFO - [2022-07-17 19:58:08,826] {dagbag.py:508} INFO - Filling up the DagBag from /home/airflow/.local/lib/python3.7/site-packages/airflow/example_dags/example_complex.py
[2022-07-17 19:58:08,842] {processor.py:651} INFO - DAG(s) dict_keys(['example_complex']) retrieved from /home/airflow/.local/lib/python3.7/site-packages/airflow/example_dags/example_complex.py
[2022-07-17 19:58:08,876] {logging_mixin.py:115} INFO - [2022-07-17 19:58:08,876] {dag.py:2420} INFO - Sync 1 DAGs
[2022-07-17 19:58:08,899] {logging_mixin.py:115} INFO - [2022-07-17 19:58:08,899] {dag.py:2972} INFO - Setting next_dagrun for example_complex to None, run_after=None
[2022-07-17 19:58:08,914] {processor.py:161} INFO - Processing /home/airflow/.local/lib/python3.7/site-packages/airflow/example_dags/example_complex.py took 0.092 seconds
[2022-07-17 19:58:39,141] {processor.py:153} INFO - Started process (PID=2644) to work on /home/airflow/.local/lib/python3.7/site-packages/airflow/example_dags/example_complex.py
[2022-07-17 19:58:39,142] {processor.py:641} INFO - Processing file /home/airflow/.local/lib/python3.7/site-packages/airflow/example_dags/example_complex.py for tasks to queue
[2022-07-17 19:58:39,142] {logging_mixin.py:115} INFO - [2022-07-17 19:58:39,142] {dagbag.py:508} INFO - Filling up the DagBag from /home/airflow/.local/lib/python3.7/site-packages/airflow/example_dags/example_complex.py
[2022-07-17 19:58:39,159] {processor.py:651} INFO - DAG(s) dict_keys(['example_complex']) retrieved from /home/airflow/.local/lib/python3.7/site-packages/airflow/example_dags/example_complex.py
[2022-07-17 19:58:39,199] {logging_mixin.py:115} INFO - [2022-07-17 19:58:39,199] {dag.py:2420} INFO - Sync 1 DAGs
[2022-07-17 19:58:39,225] {logging_mixin.py:115} INFO - [2022-07-17 19:58:39,225] {dag.py:2972} INFO - Setting next_dagrun for example_complex to None, run_after=None
[2022-07-17 19:58:39,239] {processor.py:161} INFO - Processing /home/airflow/.local/lib/python3.7/site-packages/airflow/example_dags/example_complex.py took 0.101 seconds
[2022-07-17 19:59:09,594] {processor.py:153} INFO - Started process (PID=2708) to work on /home/airflow/.local/lib/python3.7/site-packages/airflow/example_dags/example_complex.py
[2022-07-17 19:59:09,595] {processor.py:641} INFO - Processing file /home/airflow/.local/lib/python3.7/site-packages/airflow/example_dags/example_complex.py for tasks to queue
[2022-07-17 19:59:09,595] {logging_mixin.py:115} INFO - [2022-07-17 19:59:09,595] {dagbag.py:508} INFO - Filling up the DagBag from /home/airflow/.local/lib/python3.7/site-packages/airflow/example_dags/example_complex.py
[2022-07-17 19:59:09,615] {processor.py:651} INFO - DAG(s) dict_keys(['example_complex']) retrieved from /home/airflow/.local/lib/python3.7/site-packages/airflow/example_dags/example_complex.py
[2022-07-17 19:59:09,656] {logging_mixin.py:115} INFO - [2022-07-17 19:59:09,656] {dag.py:2420} INFO - Sync 1 DAGs
[2022-07-17 19:59:09,689] {logging_mixin.py:115} INFO - [2022-07-17 19:59:09,689] {dag.py:2972} INFO - Setting next_dagrun for example_complex to None, run_after=None
[2022-07-17 19:59:09,714] {processor.py:161} INFO - Processing /home/airflow/.local/lib/python3.7/site-packages/airflow/example_dags/example_complex.py took 0.123 seconds
[2022-07-17 19:59:39,796] {processor.py:153} INFO - Started process (PID=2773) to work on /home/airflow/.local/lib/python3.7/site-packages/airflow/example_dags/example_complex.py
[2022-07-17 19:59:39,797] {processor.py:641} INFO - Processing file /home/airflow/.local/lib/python3.7/site-packages/airflow/example_dags/example_complex.py for tasks to queue
[2022-07-17 19:59:39,797] {logging_mixin.py:115} INFO - [2022-07-17 19:59:39,797] {dagbag.py:508} INFO - Filling up the DagBag from /home/airflow/.local/lib/python3.7/site-packages/airflow/example_dags/example_complex.py
[2022-07-17 19:59:39,812] {processor.py:651} INFO - DAG(s) dict_keys(['example_complex']) retrieved from /home/airflow/.local/lib/python3.7/site-packages/airflow/example_dags/example_complex.py
[2022-07-17 19:59:39,847] {logging_mixin.py:115} INFO - [2022-07-17 19:59:39,847] {dag.py:2420} INFO - Sync 1 DAGs
[2022-07-17 19:59:39,871] {logging_mixin.py:115} INFO - [2022-07-17 19:59:39,870] {dag.py:2972} INFO - Setting next_dagrun for example_complex to None, run_after=None
[2022-07-17 19:59:39,882] {processor.py:161} INFO - Processing /home/airflow/.local/lib/python3.7/site-packages/airflow/example_dags/example_complex.py took 0.089 seconds
[2022-07-17 20:00:10,109] {processor.py:153} INFO - Started process (PID=2829) to work on /home/airflow/.local/lib/python3.7/site-packages/airflow/example_dags/example_complex.py
[2022-07-17 20:00:10,109] {processor.py:641} INFO - Processing file /home/airflow/.local/lib/python3.7/site-packages/airflow/example_dags/example_complex.py for tasks to queue
[2022-07-17 20:00:10,110] {logging_mixin.py:115} INFO - [2022-07-17 20:00:10,110] {dagbag.py:508} INFO - Filling up the DagBag from /home/airflow/.local/lib/python3.7/site-packages/airflow/example_dags/example_complex.py
[2022-07-17 20:00:10,125] {processor.py:651} INFO - DAG(s) dict_keys(['example_complex']) retrieved from /home/airflow/.local/lib/python3.7/site-packages/airflow/example_dags/example_complex.py
[2022-07-17 20:00:10,157] {logging_mixin.py:115} INFO - [2022-07-17 20:00:10,157] {dag.py:2420} INFO - Sync 1 DAGs
[2022-07-17 20:00:10,180] {logging_mixin.py:115} INFO - [2022-07-17 20:00:10,180] {dag.py:2972} INFO - Setting next_dagrun for example_complex to None, run_after=None
[2022-07-17 20:00:10,193] {processor.py:161} INFO - Processing /home/airflow/.local/lib/python3.7/site-packages/airflow/example_dags/example_complex.py took 0.087 seconds
[2022-07-17 20:00:40,216] {processor.py:153} INFO - Started process (PID=2892) to work on /home/airflow/.local/lib/python3.7/site-packages/airflow/example_dags/example_complex.py
[2022-07-17 20:00:40,216] {processor.py:641} INFO - Processing file /home/airflow/.local/lib/python3.7/site-packages/airflow/example_dags/example_complex.py for tasks to queue
[2022-07-17 20:00:40,217] {logging_mixin.py:115} INFO - [2022-07-17 20:00:40,217] {dagbag.py:508} INFO - Filling up the DagBag from /home/airflow/.local/lib/python3.7/site-packages/airflow/example_dags/example_complex.py
[2022-07-17 20:00:40,236] {processor.py:651} INFO - DAG(s) dict_keys(['example_complex']) retrieved from /home/airflow/.local/lib/python3.7/site-packages/airflow/example_dags/example_complex.py
[2022-07-17 20:00:40,279] {logging_mixin.py:115} INFO - [2022-07-17 20:00:40,278] {dag.py:2420} INFO - Sync 1 DAGs
[2022-07-17 20:00:40,311] {logging_mixin.py:115} INFO - [2022-07-17 20:00:40,311] {dag.py:2972} INFO - Setting next_dagrun for example_complex to None, run_after=None
[2022-07-17 20:00:40,330] {processor.py:161} INFO - Processing /home/airflow/.local/lib/python3.7/site-packages/airflow/example_dags/example_complex.py took 0.117 seconds
[2022-07-17 20:01:10,536] {processor.py:153} INFO - Started process (PID=2947) to work on /home/airflow/.local/lib/python3.7/site-packages/airflow/example_dags/example_complex.py
[2022-07-17 20:01:10,537] {processor.py:641} INFO - Processing file /home/airflow/.local/lib/python3.7/site-packages/airflow/example_dags/example_complex.py for tasks to queue
[2022-07-17 20:01:10,538] {logging_mixin.py:115} INFO - [2022-07-17 20:01:10,538] {dagbag.py:508} INFO - Filling up the DagBag from /home/airflow/.local/lib/python3.7/site-packages/airflow/example_dags/example_complex.py
[2022-07-17 20:01:10,556] {processor.py:651} INFO - DAG(s) dict_keys(['example_complex']) retrieved from /home/airflow/.local/lib/python3.7/site-packages/airflow/example_dags/example_complex.py
[2022-07-17 20:01:10,623] {logging_mixin.py:115} INFO - [2022-07-17 20:01:10,622] {dag.py:2420} INFO - Sync 1 DAGs
[2022-07-17 20:01:10,648] {logging_mixin.py:115} INFO - [2022-07-17 20:01:10,648] {dag.py:2972} INFO - Setting next_dagrun for example_complex to None, run_after=None
[2022-07-17 20:01:10,660] {processor.py:161} INFO - Processing /home/airflow/.local/lib/python3.7/site-packages/airflow/example_dags/example_complex.py took 0.127 seconds
[2022-07-17 20:01:41,033] {processor.py:153} INFO - Started process (PID=3011) to work on /home/airflow/.local/lib/python3.7/site-packages/airflow/example_dags/example_complex.py
[2022-07-17 20:01:41,034] {processor.py:641} INFO - Processing file /home/airflow/.local/lib/python3.7/site-packages/airflow/example_dags/example_complex.py for tasks to queue
[2022-07-17 20:01:41,034] {logging_mixin.py:115} INFO - [2022-07-17 20:01:41,034] {dagbag.py:508} INFO - Filling up the DagBag from /home/airflow/.local/lib/python3.7/site-packages/airflow/example_dags/example_complex.py
[2022-07-17 20:01:41,050] {processor.py:651} INFO - DAG(s) dict_keys(['example_complex']) retrieved from /home/airflow/.local/lib/python3.7/site-packages/airflow/example_dags/example_complex.py
[2022-07-17 20:01:41,083] {logging_mixin.py:115} INFO - [2022-07-17 20:01:41,083] {dag.py:2420} INFO - Sync 1 DAGs
[2022-07-17 20:01:41,107] {logging_mixin.py:115} INFO - [2022-07-17 20:01:41,107] {dag.py:2972} INFO - Setting next_dagrun for example_complex to None, run_after=None
[2022-07-17 20:01:41,120] {processor.py:161} INFO - Processing /home/airflow/.local/lib/python3.7/site-packages/airflow/example_dags/example_complex.py took 0.090 seconds
[2022-07-17 20:02:11,364] {processor.py:153} INFO - Started process (PID=3066) to work on /home/airflow/.local/lib/python3.7/site-packages/airflow/example_dags/example_complex.py
[2022-07-17 20:02:11,365] {processor.py:641} INFO - Processing file /home/airflow/.local/lib/python3.7/site-packages/airflow/example_dags/example_complex.py for tasks to queue
[2022-07-17 20:02:11,366] {logging_mixin.py:115} INFO - [2022-07-17 20:02:11,366] {dagbag.py:508} INFO - Filling up the DagBag from /home/airflow/.local/lib/python3.7/site-packages/airflow/example_dags/example_complex.py
[2022-07-17 20:02:11,389] {processor.py:651} INFO - DAG(s) dict_keys(['example_complex']) retrieved from /home/airflow/.local/lib/python3.7/site-packages/airflow/example_dags/example_complex.py
[2022-07-17 20:02:11,428] {logging_mixin.py:115} INFO - [2022-07-17 20:02:11,428] {dag.py:2420} INFO - Sync 1 DAGs
[2022-07-17 20:02:11,462] {logging_mixin.py:115} INFO - [2022-07-17 20:02:11,462] {dag.py:2972} INFO - Setting next_dagrun for example_complex to None, run_after=None
[2022-07-17 20:02:11,479] {processor.py:161} INFO - Processing /home/airflow/.local/lib/python3.7/site-packages/airflow/example_dags/example_complex.py took 0.119 seconds
[2022-07-17 20:02:42,101] {processor.py:153} INFO - Started process (PID=3133) to work on /home/airflow/.local/lib/python3.7/site-packages/airflow/example_dags/example_complex.py
[2022-07-17 20:02:42,102] {processor.py:641} INFO - Processing file /home/airflow/.local/lib/python3.7/site-packages/airflow/example_dags/example_complex.py for tasks to queue
[2022-07-17 20:02:42,102] {logging_mixin.py:115} INFO - [2022-07-17 20:02:42,102] {dagbag.py:508} INFO - Filling up the DagBag from /home/airflow/.local/lib/python3.7/site-packages/airflow/example_dags/example_complex.py
[2022-07-17 20:02:42,122] {processor.py:651} INFO - DAG(s) dict_keys(['example_complex']) retrieved from /home/airflow/.local/lib/python3.7/site-packages/airflow/example_dags/example_complex.py
[2022-07-17 20:02:42,163] {logging_mixin.py:115} INFO - [2022-07-17 20:02:42,163] {dag.py:2420} INFO - Sync 1 DAGs
[2022-07-17 20:02:42,193] {logging_mixin.py:115} INFO - [2022-07-17 20:02:42,193] {dag.py:2972} INFO - Setting next_dagrun for example_complex to None, run_after=None
[2022-07-17 20:02:42,210] {processor.py:161} INFO - Processing /home/airflow/.local/lib/python3.7/site-packages/airflow/example_dags/example_complex.py took 0.113 seconds
[2022-07-17 20:03:12,563] {processor.py:153} INFO - Started process (PID=3197) to work on /home/airflow/.local/lib/python3.7/site-packages/airflow/example_dags/example_complex.py
[2022-07-17 20:03:12,564] {processor.py:641} INFO - Processing file /home/airflow/.local/lib/python3.7/site-packages/airflow/example_dags/example_complex.py for tasks to queue
[2022-07-17 20:03:12,565] {logging_mixin.py:115} INFO - [2022-07-17 20:03:12,565] {dagbag.py:508} INFO - Filling up the DagBag from /home/airflow/.local/lib/python3.7/site-packages/airflow/example_dags/example_complex.py
[2022-07-17 20:03:12,591] {processor.py:651} INFO - DAG(s) dict_keys(['example_complex']) retrieved from /home/airflow/.local/lib/python3.7/site-packages/airflow/example_dags/example_complex.py
[2022-07-17 20:03:12,643] {logging_mixin.py:115} INFO - [2022-07-17 20:03:12,643] {dag.py:2420} INFO - Sync 1 DAGs
[2022-07-17 20:03:12,685] {logging_mixin.py:115} INFO - [2022-07-17 20:03:12,685] {dag.py:2972} INFO - Setting next_dagrun for example_complex to None, run_after=None
[2022-07-17 20:03:12,704] {processor.py:161} INFO - Processing /home/airflow/.local/lib/python3.7/site-packages/airflow/example_dags/example_complex.py took 0.144 seconds
[2022-07-17 20:03:43,088] {processor.py:153} INFO - Started process (PID=3252) to work on /home/airflow/.local/lib/python3.7/site-packages/airflow/example_dags/example_complex.py
[2022-07-17 20:03:43,088] {processor.py:641} INFO - Processing file /home/airflow/.local/lib/python3.7/site-packages/airflow/example_dags/example_complex.py for tasks to queue
[2022-07-17 20:03:43,089] {logging_mixin.py:115} INFO - [2022-07-17 20:03:43,089] {dagbag.py:508} INFO - Filling up the DagBag from /home/airflow/.local/lib/python3.7/site-packages/airflow/example_dags/example_complex.py
[2022-07-17 20:03:43,105] {processor.py:651} INFO - DAG(s) dict_keys(['example_complex']) retrieved from /home/airflow/.local/lib/python3.7/site-packages/airflow/example_dags/example_complex.py
[2022-07-17 20:03:43,140] {logging_mixin.py:115} INFO - [2022-07-17 20:03:43,139] {dag.py:2420} INFO - Sync 1 DAGs
[2022-07-17 20:03:43,163] {logging_mixin.py:115} INFO - [2022-07-17 20:03:43,163] {dag.py:2972} INFO - Setting next_dagrun for example_complex to None, run_after=None
[2022-07-17 20:03:43,176] {processor.py:161} INFO - Processing /home/airflow/.local/lib/python3.7/site-packages/airflow/example_dags/example_complex.py took 0.091 seconds
