[2022-07-17 19:36:53,627] {processor.py:153} INFO - Started process (PID=59) to work on /home/airflow/.local/lib/python3.7/site-packages/airflow/example_dags/example_branch_labels.py
[2022-07-17 19:36:53,627] {processor.py:641} INFO - Processing file /home/airflow/.local/lib/python3.7/site-packages/airflow/example_dags/example_branch_labels.py for tasks to queue
[2022-07-17 19:36:53,627] {logging_mixin.py:115} INFO - [2022-07-17 19:36:53,627] {dagbag.py:508} INFO - Filling up the DagBag from /home/airflow/.local/lib/python3.7/site-packages/airflow/example_dags/example_branch_labels.py
[2022-07-17 19:36:53,635] {processor.py:651} INFO - DAG(s) dict_keys(['example_branch_labels']) retrieved from /home/airflow/.local/lib/python3.7/site-packages/airflow/example_dags/example_branch_labels.py
[2022-07-17 19:36:53,719] {logging_mixin.py:115} INFO - [2022-07-17 19:36:53,719] {manager.py:508} INFO - Created Permission View: can delete on DAG:example_branch_labels
[2022-07-17 19:36:53,735] {logging_mixin.py:115} INFO - [2022-07-17 19:36:53,734] {manager.py:508} INFO - Created Permission View: can read on DAG:example_branch_labels
[2022-07-17 19:36:53,746] {logging_mixin.py:115} INFO - [2022-07-17 19:36:53,746] {manager.py:508} INFO - Created Permission View: can edit on DAG:example_branch_labels
[2022-07-17 19:36:53,746] {logging_mixin.py:115} INFO - [2022-07-17 19:36:53,746] {dag.py:2420} INFO - Sync 1 DAGs
[2022-07-17 19:36:53,758] {logging_mixin.py:115} INFO - [2022-07-17 19:36:53,758] {dag.py:2439} INFO - Creating ORM DAG for example_branch_labels
[2022-07-17 19:36:53,778] {logging_mixin.py:115} INFO - [2022-07-17 19:36:53,777] {dag.py:2972} INFO - Setting next_dagrun for example_branch_labels to 2022-07-16T00:00:00+00:00, run_after=2022-07-17T00:00:00+00:00
[2022-07-17 19:36:53,793] {processor.py:161} INFO - Processing /home/airflow/.local/lib/python3.7/site-packages/airflow/example_dags/example_branch_labels.py took 0.169 seconds
[2022-07-17 19:37:24,560] {processor.py:153} INFO - Started process (PID=122) to work on /home/airflow/.local/lib/python3.7/site-packages/airflow/example_dags/example_branch_labels.py
[2022-07-17 19:37:24,560] {processor.py:641} INFO - Processing file /home/airflow/.local/lib/python3.7/site-packages/airflow/example_dags/example_branch_labels.py for tasks to queue
[2022-07-17 19:37:24,561] {logging_mixin.py:115} INFO - [2022-07-17 19:37:24,561] {dagbag.py:508} INFO - Filling up the DagBag from /home/airflow/.local/lib/python3.7/site-packages/airflow/example_dags/example_branch_labels.py
[2022-07-17 19:37:24,572] {processor.py:651} INFO - DAG(s) dict_keys(['example_branch_labels']) retrieved from /home/airflow/.local/lib/python3.7/site-packages/airflow/example_dags/example_branch_labels.py
[2022-07-17 19:37:24,606] {logging_mixin.py:115} INFO - [2022-07-17 19:37:24,606] {dag.py:2420} INFO - Sync 1 DAGs
[2022-07-17 19:37:24,644] {logging_mixin.py:115} INFO - [2022-07-17 19:37:24,644] {dag.py:2972} INFO - Setting next_dagrun for example_branch_labels to 2022-07-16T00:00:00+00:00, run_after=2022-07-17T00:00:00+00:00
[2022-07-17 19:37:24,663] {processor.py:161} INFO - Processing /home/airflow/.local/lib/python3.7/site-packages/airflow/example_dags/example_branch_labels.py took 0.106 seconds
[2022-07-17 19:37:55,596] {processor.py:153} INFO - Started process (PID=178) to work on /home/airflow/.local/lib/python3.7/site-packages/airflow/example_dags/example_branch_labels.py
[2022-07-17 19:37:55,597] {processor.py:641} INFO - Processing file /home/airflow/.local/lib/python3.7/site-packages/airflow/example_dags/example_branch_labels.py for tasks to queue
[2022-07-17 19:37:55,597] {logging_mixin.py:115} INFO - [2022-07-17 19:37:55,597] {dagbag.py:508} INFO - Filling up the DagBag from /home/airflow/.local/lib/python3.7/site-packages/airflow/example_dags/example_branch_labels.py
[2022-07-17 19:37:55,610] {processor.py:651} INFO - DAG(s) dict_keys(['example_branch_labels']) retrieved from /home/airflow/.local/lib/python3.7/site-packages/airflow/example_dags/example_branch_labels.py
[2022-07-17 19:37:55,643] {logging_mixin.py:115} INFO - [2022-07-17 19:37:55,643] {dag.py:2420} INFO - Sync 1 DAGs
[2022-07-17 19:37:55,677] {logging_mixin.py:115} INFO - [2022-07-17 19:37:55,677] {dag.py:2972} INFO - Setting next_dagrun for example_branch_labels to 2022-07-16T00:00:00+00:00, run_after=2022-07-17T00:00:00+00:00
[2022-07-17 19:37:55,692] {processor.py:161} INFO - Processing /home/airflow/.local/lib/python3.7/site-packages/airflow/example_dags/example_branch_labels.py took 0.102 seconds
[2022-07-17 19:38:26,264] {processor.py:153} INFO - Started process (PID=240) to work on /home/airflow/.local/lib/python3.7/site-packages/airflow/example_dags/example_branch_labels.py
[2022-07-17 19:38:26,264] {processor.py:641} INFO - Processing file /home/airflow/.local/lib/python3.7/site-packages/airflow/example_dags/example_branch_labels.py for tasks to queue
[2022-07-17 19:38:26,265] {logging_mixin.py:115} INFO - [2022-07-17 19:38:26,265] {dagbag.py:508} INFO - Filling up the DagBag from /home/airflow/.local/lib/python3.7/site-packages/airflow/example_dags/example_branch_labels.py
[2022-07-17 19:38:26,276] {processor.py:651} INFO - DAG(s) dict_keys(['example_branch_labels']) retrieved from /home/airflow/.local/lib/python3.7/site-packages/airflow/example_dags/example_branch_labels.py
[2022-07-17 19:38:26,316] {logging_mixin.py:115} INFO - [2022-07-17 19:38:26,316] {dag.py:2420} INFO - Sync 1 DAGs
[2022-07-17 19:38:26,352] {logging_mixin.py:115} INFO - [2022-07-17 19:38:26,352] {dag.py:2972} INFO - Setting next_dagrun for example_branch_labels to 2022-07-16T00:00:00+00:00, run_after=2022-07-17T00:00:00+00:00
[2022-07-17 19:38:26,368] {processor.py:161} INFO - Processing /home/airflow/.local/lib/python3.7/site-packages/airflow/example_dags/example_branch_labels.py took 0.109 seconds
[2022-07-17 19:38:57,053] {processor.py:153} INFO - Started process (PID=295) to work on /home/airflow/.local/lib/python3.7/site-packages/airflow/example_dags/example_branch_labels.py
[2022-07-17 19:38:57,054] {processor.py:641} INFO - Processing file /home/airflow/.local/lib/python3.7/site-packages/airflow/example_dags/example_branch_labels.py for tasks to queue
[2022-07-17 19:38:57,055] {logging_mixin.py:115} INFO - [2022-07-17 19:38:57,055] {dagbag.py:508} INFO - Filling up the DagBag from /home/airflow/.local/lib/python3.7/site-packages/airflow/example_dags/example_branch_labels.py
[2022-07-17 19:38:57,066] {processor.py:651} INFO - DAG(s) dict_keys(['example_branch_labels']) retrieved from /home/airflow/.local/lib/python3.7/site-packages/airflow/example_dags/example_branch_labels.py
[2022-07-17 19:38:57,096] {logging_mixin.py:115} INFO - [2022-07-17 19:38:57,096] {dag.py:2420} INFO - Sync 1 DAGs
[2022-07-17 19:38:57,123] {logging_mixin.py:115} INFO - [2022-07-17 19:38:57,123] {dag.py:2972} INFO - Setting next_dagrun for example_branch_labels to 2022-07-16T00:00:00+00:00, run_after=2022-07-17T00:00:00+00:00
[2022-07-17 19:38:57,136] {processor.py:161} INFO - Processing /home/airflow/.local/lib/python3.7/site-packages/airflow/example_dags/example_branch_labels.py took 0.091 seconds
[2022-07-17 19:39:27,431] {processor.py:153} INFO - Started process (PID=359) to work on /home/airflow/.local/lib/python3.7/site-packages/airflow/example_dags/example_branch_labels.py
[2022-07-17 19:39:27,431] {processor.py:641} INFO - Processing file /home/airflow/.local/lib/python3.7/site-packages/airflow/example_dags/example_branch_labels.py for tasks to queue
[2022-07-17 19:39:27,432] {logging_mixin.py:115} INFO - [2022-07-17 19:39:27,432] {dagbag.py:508} INFO - Filling up the DagBag from /home/airflow/.local/lib/python3.7/site-packages/airflow/example_dags/example_branch_labels.py
[2022-07-17 19:39:27,439] {processor.py:651} INFO - DAG(s) dict_keys(['example_branch_labels']) retrieved from /home/airflow/.local/lib/python3.7/site-packages/airflow/example_dags/example_branch_labels.py
[2022-07-17 19:39:27,463] {logging_mixin.py:115} INFO - [2022-07-17 19:39:27,463] {dag.py:2420} INFO - Sync 1 DAGs
[2022-07-17 19:39:27,487] {logging_mixin.py:115} INFO - [2022-07-17 19:39:27,487] {dag.py:2972} INFO - Setting next_dagrun for example_branch_labels to 2022-07-16T00:00:00+00:00, run_after=2022-07-17T00:00:00+00:00
[2022-07-17 19:39:27,498] {processor.py:161} INFO - Processing /home/airflow/.local/lib/python3.7/site-packages/airflow/example_dags/example_branch_labels.py took 0.070 seconds
[2022-07-17 19:39:57,734] {processor.py:153} INFO - Started process (PID=414) to work on /home/airflow/.local/lib/python3.7/site-packages/airflow/example_dags/example_branch_labels.py
[2022-07-17 19:39:57,735] {processor.py:641} INFO - Processing file /home/airflow/.local/lib/python3.7/site-packages/airflow/example_dags/example_branch_labels.py for tasks to queue
[2022-07-17 19:39:57,736] {logging_mixin.py:115} INFO - [2022-07-17 19:39:57,736] {dagbag.py:508} INFO - Filling up the DagBag from /home/airflow/.local/lib/python3.7/site-packages/airflow/example_dags/example_branch_labels.py
[2022-07-17 19:39:57,748] {processor.py:651} INFO - DAG(s) dict_keys(['example_branch_labels']) retrieved from /home/airflow/.local/lib/python3.7/site-packages/airflow/example_dags/example_branch_labels.py
[2022-07-17 19:39:57,780] {logging_mixin.py:115} INFO - [2022-07-17 19:39:57,780] {dag.py:2420} INFO - Sync 1 DAGs
[2022-07-17 19:39:57,811] {logging_mixin.py:115} INFO - [2022-07-17 19:39:57,811] {dag.py:2972} INFO - Setting next_dagrun for example_branch_labels to 2022-07-16T00:00:00+00:00, run_after=2022-07-17T00:00:00+00:00
[2022-07-17 19:39:57,823] {processor.py:161} INFO - Processing /home/airflow/.local/lib/python3.7/site-packages/airflow/example_dags/example_branch_labels.py took 0.099 seconds
[2022-07-17 19:40:28,161] {processor.py:153} INFO - Started process (PID=479) to work on /home/airflow/.local/lib/python3.7/site-packages/airflow/example_dags/example_branch_labels.py
[2022-07-17 19:40:28,162] {processor.py:641} INFO - Processing file /home/airflow/.local/lib/python3.7/site-packages/airflow/example_dags/example_branch_labels.py for tasks to queue
[2022-07-17 19:40:28,162] {logging_mixin.py:115} INFO - [2022-07-17 19:40:28,162] {dagbag.py:508} INFO - Filling up the DagBag from /home/airflow/.local/lib/python3.7/site-packages/airflow/example_dags/example_branch_labels.py
[2022-07-17 19:40:28,170] {processor.py:651} INFO - DAG(s) dict_keys(['example_branch_labels']) retrieved from /home/airflow/.local/lib/python3.7/site-packages/airflow/example_dags/example_branch_labels.py
[2022-07-17 19:40:28,195] {logging_mixin.py:115} INFO - [2022-07-17 19:40:28,194] {dag.py:2420} INFO - Sync 1 DAGs
[2022-07-17 19:40:28,220] {logging_mixin.py:115} INFO - [2022-07-17 19:40:28,220] {dag.py:2972} INFO - Setting next_dagrun for example_branch_labels to 2022-07-16T00:00:00+00:00, run_after=2022-07-17T00:00:00+00:00
[2022-07-17 19:40:28,233] {processor.py:161} INFO - Processing /home/airflow/.local/lib/python3.7/site-packages/airflow/example_dags/example_branch_labels.py took 0.075 seconds
[2022-07-17 19:40:59,193] {processor.py:153} INFO - Started process (PID=543) to work on /home/airflow/.local/lib/python3.7/site-packages/airflow/example_dags/example_branch_labels.py
[2022-07-17 19:40:59,196] {processor.py:641} INFO - Processing file /home/airflow/.local/lib/python3.7/site-packages/airflow/example_dags/example_branch_labels.py for tasks to queue
[2022-07-17 19:40:59,198] {logging_mixin.py:115} INFO - [2022-07-17 19:40:59,197] {dagbag.py:508} INFO - Filling up the DagBag from /home/airflow/.local/lib/python3.7/site-packages/airflow/example_dags/example_branch_labels.py
[2022-07-17 19:40:59,225] {processor.py:651} INFO - DAG(s) dict_keys(['example_branch_labels']) retrieved from /home/airflow/.local/lib/python3.7/site-packages/airflow/example_dags/example_branch_labels.py
[2022-07-17 19:40:59,322] {logging_mixin.py:115} INFO - [2022-07-17 19:40:59,321] {dag.py:2420} INFO - Sync 1 DAGs
[2022-07-17 19:40:59,372] {logging_mixin.py:115} INFO - [2022-07-17 19:40:59,372] {dag.py:2972} INFO - Setting next_dagrun for example_branch_labels to 2022-07-16T00:00:00+00:00, run_after=2022-07-17T00:00:00+00:00
[2022-07-17 19:40:59,390] {processor.py:161} INFO - Processing /home/airflow/.local/lib/python3.7/site-packages/airflow/example_dags/example_branch_labels.py took 0.207 seconds
[2022-07-17 19:41:30,387] {processor.py:153} INFO - Started process (PID=600) to work on /home/airflow/.local/lib/python3.7/site-packages/airflow/example_dags/example_branch_labels.py
[2022-07-17 19:41:30,388] {processor.py:641} INFO - Processing file /home/airflow/.local/lib/python3.7/site-packages/airflow/example_dags/example_branch_labels.py for tasks to queue
[2022-07-17 19:41:30,389] {logging_mixin.py:115} INFO - [2022-07-17 19:41:30,389] {dagbag.py:508} INFO - Filling up the DagBag from /home/airflow/.local/lib/python3.7/site-packages/airflow/example_dags/example_branch_labels.py
[2022-07-17 19:41:30,402] {processor.py:651} INFO - DAG(s) dict_keys(['example_branch_labels']) retrieved from /home/airflow/.local/lib/python3.7/site-packages/airflow/example_dags/example_branch_labels.py
[2022-07-17 19:41:30,469] {logging_mixin.py:115} INFO - [2022-07-17 19:41:30,469] {dag.py:2420} INFO - Sync 1 DAGs
[2022-07-17 19:41:30,506] {logging_mixin.py:115} INFO - [2022-07-17 19:41:30,505] {dag.py:2972} INFO - Setting next_dagrun for example_branch_labels to 2022-07-16T00:00:00+00:00, run_after=2022-07-17T00:00:00+00:00
[2022-07-17 19:41:30,518] {processor.py:161} INFO - Processing /home/airflow/.local/lib/python3.7/site-packages/airflow/example_dags/example_branch_labels.py took 0.137 seconds
[2022-07-17 19:42:00,636] {processor.py:153} INFO - Started process (PID=664) to work on /home/airflow/.local/lib/python3.7/site-packages/airflow/example_dags/example_branch_labels.py
[2022-07-17 19:42:00,637] {processor.py:641} INFO - Processing file /home/airflow/.local/lib/python3.7/site-packages/airflow/example_dags/example_branch_labels.py for tasks to queue
[2022-07-17 19:42:00,638] {logging_mixin.py:115} INFO - [2022-07-17 19:42:00,638] {dagbag.py:508} INFO - Filling up the DagBag from /home/airflow/.local/lib/python3.7/site-packages/airflow/example_dags/example_branch_labels.py
[2022-07-17 19:42:00,649] {processor.py:651} INFO - DAG(s) dict_keys(['example_branch_labels']) retrieved from /home/airflow/.local/lib/python3.7/site-packages/airflow/example_dags/example_branch_labels.py
[2022-07-17 19:42:00,678] {logging_mixin.py:115} INFO - [2022-07-17 19:42:00,678] {dag.py:2420} INFO - Sync 1 DAGs
[2022-07-17 19:42:00,705] {logging_mixin.py:115} INFO - [2022-07-17 19:42:00,705] {dag.py:2972} INFO - Setting next_dagrun for example_branch_labels to 2022-07-16T00:00:00+00:00, run_after=2022-07-17T00:00:00+00:00
[2022-07-17 19:42:00,717] {processor.py:161} INFO - Processing /home/airflow/.local/lib/python3.7/site-packages/airflow/example_dags/example_branch_labels.py took 0.090 seconds
[2022-07-17 19:42:30,855] {processor.py:153} INFO - Started process (PID=720) to work on /home/airflow/.local/lib/python3.7/site-packages/airflow/example_dags/example_branch_labels.py
[2022-07-17 19:42:30,856] {processor.py:641} INFO - Processing file /home/airflow/.local/lib/python3.7/site-packages/airflow/example_dags/example_branch_labels.py for tasks to queue
[2022-07-17 19:42:30,857] {logging_mixin.py:115} INFO - [2022-07-17 19:42:30,857] {dagbag.py:508} INFO - Filling up the DagBag from /home/airflow/.local/lib/python3.7/site-packages/airflow/example_dags/example_branch_labels.py
[2022-07-17 19:42:30,869] {processor.py:651} INFO - DAG(s) dict_keys(['example_branch_labels']) retrieved from /home/airflow/.local/lib/python3.7/site-packages/airflow/example_dags/example_branch_labels.py
[2022-07-17 19:42:30,901] {logging_mixin.py:115} INFO - [2022-07-17 19:42:30,901] {dag.py:2420} INFO - Sync 1 DAGs
[2022-07-17 19:42:30,932] {logging_mixin.py:115} INFO - [2022-07-17 19:42:30,932] {dag.py:2972} INFO - Setting next_dagrun for example_branch_labels to 2022-07-16T00:00:00+00:00, run_after=2022-07-17T00:00:00+00:00
[2022-07-17 19:42:30,944] {processor.py:161} INFO - Processing /home/airflow/.local/lib/python3.7/site-packages/airflow/example_dags/example_branch_labels.py took 0.100 seconds
[2022-07-17 19:43:01,411] {processor.py:153} INFO - Started process (PID=783) to work on /home/airflow/.local/lib/python3.7/site-packages/airflow/example_dags/example_branch_labels.py
[2022-07-17 19:43:01,412] {processor.py:641} INFO - Processing file /home/airflow/.local/lib/python3.7/site-packages/airflow/example_dags/example_branch_labels.py for tasks to queue
[2022-07-17 19:43:01,413] {logging_mixin.py:115} INFO - [2022-07-17 19:43:01,413] {dagbag.py:508} INFO - Filling up the DagBag from /home/airflow/.local/lib/python3.7/site-packages/airflow/example_dags/example_branch_labels.py
[2022-07-17 19:43:01,422] {processor.py:651} INFO - DAG(s) dict_keys(['example_branch_labels']) retrieved from /home/airflow/.local/lib/python3.7/site-packages/airflow/example_dags/example_branch_labels.py
[2022-07-17 19:43:01,452] {logging_mixin.py:115} INFO - [2022-07-17 19:43:01,452] {dag.py:2420} INFO - Sync 1 DAGs
[2022-07-17 19:43:01,481] {logging_mixin.py:115} INFO - [2022-07-17 19:43:01,481] {dag.py:2972} INFO - Setting next_dagrun for example_branch_labels to 2022-07-16T00:00:00+00:00, run_after=2022-07-17T00:00:00+00:00
[2022-07-17 19:43:01,494] {processor.py:161} INFO - Processing /home/airflow/.local/lib/python3.7/site-packages/airflow/example_dags/example_branch_labels.py took 0.089 seconds
[2022-07-17 19:43:31,767] {processor.py:153} INFO - Started process (PID=847) to work on /home/airflow/.local/lib/python3.7/site-packages/airflow/example_dags/example_branch_labels.py
[2022-07-17 19:43:31,768] {processor.py:641} INFO - Processing file /home/airflow/.local/lib/python3.7/site-packages/airflow/example_dags/example_branch_labels.py for tasks to queue
[2022-07-17 19:43:31,768] {logging_mixin.py:115} INFO - [2022-07-17 19:43:31,768] {dagbag.py:508} INFO - Filling up the DagBag from /home/airflow/.local/lib/python3.7/site-packages/airflow/example_dags/example_branch_labels.py
[2022-07-17 19:43:31,777] {processor.py:651} INFO - DAG(s) dict_keys(['example_branch_labels']) retrieved from /home/airflow/.local/lib/python3.7/site-packages/airflow/example_dags/example_branch_labels.py
[2022-07-17 19:43:31,814] {logging_mixin.py:115} INFO - [2022-07-17 19:43:31,814] {dag.py:2420} INFO - Sync 1 DAGs
[2022-07-17 19:43:31,854] {logging_mixin.py:115} INFO - [2022-07-17 19:43:31,854] {dag.py:2972} INFO - Setting next_dagrun for example_branch_labels to 2022-07-16T00:00:00+00:00, run_after=2022-07-17T00:00:00+00:00
[2022-07-17 19:43:31,870] {processor.py:161} INFO - Processing /home/airflow/.local/lib/python3.7/site-packages/airflow/example_dags/example_branch_labels.py took 0.106 seconds
[2022-07-17 19:44:02,228] {processor.py:153} INFO - Started process (PID=902) to work on /home/airflow/.local/lib/python3.7/site-packages/airflow/example_dags/example_branch_labels.py
[2022-07-17 19:44:02,229] {processor.py:641} INFO - Processing file /home/airflow/.local/lib/python3.7/site-packages/airflow/example_dags/example_branch_labels.py for tasks to queue
[2022-07-17 19:44:02,230] {logging_mixin.py:115} INFO - [2022-07-17 19:44:02,230] {dagbag.py:508} INFO - Filling up the DagBag from /home/airflow/.local/lib/python3.7/site-packages/airflow/example_dags/example_branch_labels.py
[2022-07-17 19:44:02,239] {processor.py:651} INFO - DAG(s) dict_keys(['example_branch_labels']) retrieved from /home/airflow/.local/lib/python3.7/site-packages/airflow/example_dags/example_branch_labels.py
[2022-07-17 19:44:02,270] {logging_mixin.py:115} INFO - [2022-07-17 19:44:02,270] {dag.py:2420} INFO - Sync 1 DAGs
[2022-07-17 19:44:02,297] {logging_mixin.py:115} INFO - [2022-07-17 19:44:02,297] {dag.py:2972} INFO - Setting next_dagrun for example_branch_labels to 2022-07-16T00:00:00+00:00, run_after=2022-07-17T00:00:00+00:00
[2022-07-17 19:44:02,310] {processor.py:161} INFO - Processing /home/airflow/.local/lib/python3.7/site-packages/airflow/example_dags/example_branch_labels.py took 0.086 seconds
[2022-07-17 19:44:33,101] {processor.py:153} INFO - Started process (PID=966) to work on /home/airflow/.local/lib/python3.7/site-packages/airflow/example_dags/example_branch_labels.py
[2022-07-17 19:44:33,102] {processor.py:641} INFO - Processing file /home/airflow/.local/lib/python3.7/site-packages/airflow/example_dags/example_branch_labels.py for tasks to queue
[2022-07-17 19:44:33,103] {logging_mixin.py:115} INFO - [2022-07-17 19:44:33,103] {dagbag.py:508} INFO - Filling up the DagBag from /home/airflow/.local/lib/python3.7/site-packages/airflow/example_dags/example_branch_labels.py
[2022-07-17 19:44:33,117] {processor.py:651} INFO - DAG(s) dict_keys(['example_branch_labels']) retrieved from /home/airflow/.local/lib/python3.7/site-packages/airflow/example_dags/example_branch_labels.py
[2022-07-17 19:44:33,148] {logging_mixin.py:115} INFO - [2022-07-17 19:44:33,148] {dag.py:2420} INFO - Sync 1 DAGs
[2022-07-17 19:44:33,178] {logging_mixin.py:115} INFO - [2022-07-17 19:44:33,178] {dag.py:2972} INFO - Setting next_dagrun for example_branch_labels to 2022-07-16T00:00:00+00:00, run_after=2022-07-17T00:00:00+00:00
[2022-07-17 19:44:33,193] {processor.py:161} INFO - Processing /home/airflow/.local/lib/python3.7/site-packages/airflow/example_dags/example_branch_labels.py took 0.103 seconds
[2022-07-17 19:45:03,415] {processor.py:153} INFO - Started process (PID=1021) to work on /home/airflow/.local/lib/python3.7/site-packages/airflow/example_dags/example_branch_labels.py
[2022-07-17 19:45:03,416] {processor.py:641} INFO - Processing file /home/airflow/.local/lib/python3.7/site-packages/airflow/example_dags/example_branch_labels.py for tasks to queue
[2022-07-17 19:45:03,417] {logging_mixin.py:115} INFO - [2022-07-17 19:45:03,416] {dagbag.py:508} INFO - Filling up the DagBag from /home/airflow/.local/lib/python3.7/site-packages/airflow/example_dags/example_branch_labels.py
[2022-07-17 19:45:03,424] {processor.py:651} INFO - DAG(s) dict_keys(['example_branch_labels']) retrieved from /home/airflow/.local/lib/python3.7/site-packages/airflow/example_dags/example_branch_labels.py
[2022-07-17 19:45:03,449] {logging_mixin.py:115} INFO - [2022-07-17 19:45:03,449] {dag.py:2420} INFO - Sync 1 DAGs
[2022-07-17 19:45:03,475] {logging_mixin.py:115} INFO - [2022-07-17 19:45:03,475] {dag.py:2972} INFO - Setting next_dagrun for example_branch_labels to 2022-07-16T00:00:00+00:00, run_after=2022-07-17T00:00:00+00:00
[2022-07-17 19:45:03,487] {processor.py:161} INFO - Processing /home/airflow/.local/lib/python3.7/site-packages/airflow/example_dags/example_branch_labels.py took 0.074 seconds
[2022-07-17 19:45:33,946] {processor.py:153} INFO - Started process (PID=1085) to work on /home/airflow/.local/lib/python3.7/site-packages/airflow/example_dags/example_branch_labels.py
[2022-07-17 19:45:33,960] {processor.py:641} INFO - Processing file /home/airflow/.local/lib/python3.7/site-packages/airflow/example_dags/example_branch_labels.py for tasks to queue
[2022-07-17 19:45:33,961] {logging_mixin.py:115} INFO - [2022-07-17 19:45:33,960] {dagbag.py:508} INFO - Filling up the DagBag from /home/airflow/.local/lib/python3.7/site-packages/airflow/example_dags/example_branch_labels.py
[2022-07-17 19:45:33,970] {processor.py:651} INFO - DAG(s) dict_keys(['example_branch_labels']) retrieved from /home/airflow/.local/lib/python3.7/site-packages/airflow/example_dags/example_branch_labels.py
[2022-07-17 19:45:34,013] {logging_mixin.py:115} INFO - [2022-07-17 19:45:34,012] {dag.py:2420} INFO - Sync 1 DAGs
[2022-07-17 19:45:34,053] {logging_mixin.py:115} INFO - [2022-07-17 19:45:34,053] {dag.py:2972} INFO - Setting next_dagrun for example_branch_labels to 2022-07-16T00:00:00+00:00, run_after=2022-07-17T00:00:00+00:00
[2022-07-17 19:45:34,070] {processor.py:161} INFO - Processing /home/airflow/.local/lib/python3.7/site-packages/airflow/example_dags/example_branch_labels.py took 0.128 seconds
[2022-07-17 19:46:04,704] {processor.py:153} INFO - Started process (PID=1148) to work on /home/airflow/.local/lib/python3.7/site-packages/airflow/example_dags/example_branch_labels.py
[2022-07-17 19:46:04,705] {processor.py:641} INFO - Processing file /home/airflow/.local/lib/python3.7/site-packages/airflow/example_dags/example_branch_labels.py for tasks to queue
[2022-07-17 19:46:04,706] {logging_mixin.py:115} INFO - [2022-07-17 19:46:04,706] {dagbag.py:508} INFO - Filling up the DagBag from /home/airflow/.local/lib/python3.7/site-packages/airflow/example_dags/example_branch_labels.py
[2022-07-17 19:46:04,716] {processor.py:651} INFO - DAG(s) dict_keys(['example_branch_labels']) retrieved from /home/airflow/.local/lib/python3.7/site-packages/airflow/example_dags/example_branch_labels.py
[2022-07-17 19:46:04,758] {logging_mixin.py:115} INFO - [2022-07-17 19:46:04,758] {dag.py:2420} INFO - Sync 1 DAGs
[2022-07-17 19:46:04,816] {logging_mixin.py:115} INFO - [2022-07-17 19:46:04,816] {dag.py:2972} INFO - Setting next_dagrun for example_branch_labels to 2022-07-16T00:00:00+00:00, run_after=2022-07-17T00:00:00+00:00
[2022-07-17 19:46:04,837] {processor.py:161} INFO - Processing /home/airflow/.local/lib/python3.7/site-packages/airflow/example_dags/example_branch_labels.py took 0.138 seconds
[2022-07-17 19:46:35,080] {processor.py:153} INFO - Started process (PID=1203) to work on /home/airflow/.local/lib/python3.7/site-packages/airflow/example_dags/example_branch_labels.py
[2022-07-17 19:46:35,080] {processor.py:641} INFO - Processing file /home/airflow/.local/lib/python3.7/site-packages/airflow/example_dags/example_branch_labels.py for tasks to queue
[2022-07-17 19:46:35,081] {logging_mixin.py:115} INFO - [2022-07-17 19:46:35,081] {dagbag.py:508} INFO - Filling up the DagBag from /home/airflow/.local/lib/python3.7/site-packages/airflow/example_dags/example_branch_labels.py
[2022-07-17 19:46:35,088] {processor.py:651} INFO - DAG(s) dict_keys(['example_branch_labels']) retrieved from /home/airflow/.local/lib/python3.7/site-packages/airflow/example_dags/example_branch_labels.py
[2022-07-17 19:46:35,117] {logging_mixin.py:115} INFO - [2022-07-17 19:46:35,117] {dag.py:2420} INFO - Sync 1 DAGs
[2022-07-17 19:46:35,144] {logging_mixin.py:115} INFO - [2022-07-17 19:46:35,144] {dag.py:2972} INFO - Setting next_dagrun for example_branch_labels to 2022-07-16T00:00:00+00:00, run_after=2022-07-17T00:00:00+00:00
[2022-07-17 19:46:35,157] {processor.py:161} INFO - Processing /home/airflow/.local/lib/python3.7/site-packages/airflow/example_dags/example_branch_labels.py took 0.081 seconds
[2022-07-17 19:47:05,285] {processor.py:153} INFO - Started process (PID=1268) to work on /home/airflow/.local/lib/python3.7/site-packages/airflow/example_dags/example_branch_labels.py
[2022-07-17 19:47:05,286] {processor.py:641} INFO - Processing file /home/airflow/.local/lib/python3.7/site-packages/airflow/example_dags/example_branch_labels.py for tasks to queue
[2022-07-17 19:47:05,286] {logging_mixin.py:115} INFO - [2022-07-17 19:47:05,286] {dagbag.py:508} INFO - Filling up the DagBag from /home/airflow/.local/lib/python3.7/site-packages/airflow/example_dags/example_branch_labels.py
[2022-07-17 19:47:05,295] {processor.py:651} INFO - DAG(s) dict_keys(['example_branch_labels']) retrieved from /home/airflow/.local/lib/python3.7/site-packages/airflow/example_dags/example_branch_labels.py
[2022-07-17 19:47:05,334] {logging_mixin.py:115} INFO - [2022-07-17 19:47:05,333] {dag.py:2420} INFO - Sync 1 DAGs
[2022-07-17 19:47:05,372] {logging_mixin.py:115} INFO - [2022-07-17 19:47:05,372] {dag.py:2972} INFO - Setting next_dagrun for example_branch_labels to 2022-07-16T00:00:00+00:00, run_after=2022-07-17T00:00:00+00:00
[2022-07-17 19:47:05,387] {processor.py:161} INFO - Processing /home/airflow/.local/lib/python3.7/site-packages/airflow/example_dags/example_branch_labels.py took 0.106 seconds
[2022-07-17 19:47:35,597] {processor.py:153} INFO - Started process (PID=1323) to work on /home/airflow/.local/lib/python3.7/site-packages/airflow/example_dags/example_branch_labels.py
[2022-07-17 19:47:35,598] {processor.py:641} INFO - Processing file /home/airflow/.local/lib/python3.7/site-packages/airflow/example_dags/example_branch_labels.py for tasks to queue
[2022-07-17 19:47:35,598] {logging_mixin.py:115} INFO - [2022-07-17 19:47:35,598] {dagbag.py:508} INFO - Filling up the DagBag from /home/airflow/.local/lib/python3.7/site-packages/airflow/example_dags/example_branch_labels.py
[2022-07-17 19:47:35,608] {processor.py:651} INFO - DAG(s) dict_keys(['example_branch_labels']) retrieved from /home/airflow/.local/lib/python3.7/site-packages/airflow/example_dags/example_branch_labels.py
[2022-07-17 19:47:35,640] {logging_mixin.py:115} INFO - [2022-07-17 19:47:35,640] {dag.py:2420} INFO - Sync 1 DAGs
[2022-07-17 19:47:35,669] {logging_mixin.py:115} INFO - [2022-07-17 19:47:35,669] {dag.py:2972} INFO - Setting next_dagrun for example_branch_labels to 2022-07-16T00:00:00+00:00, run_after=2022-07-17T00:00:00+00:00
[2022-07-17 19:47:35,682] {processor.py:161} INFO - Processing /home/airflow/.local/lib/python3.7/site-packages/airflow/example_dags/example_branch_labels.py took 0.092 seconds
[2022-07-17 19:48:05,885] {processor.py:153} INFO - Started process (PID=1390) to work on /home/airflow/.local/lib/python3.7/site-packages/airflow/example_dags/example_branch_labels.py
[2022-07-17 19:48:05,886] {processor.py:641} INFO - Processing file /home/airflow/.local/lib/python3.7/site-packages/airflow/example_dags/example_branch_labels.py for tasks to queue
[2022-07-17 19:48:05,886] {logging_mixin.py:115} INFO - [2022-07-17 19:48:05,886] {dagbag.py:508} INFO - Filling up the DagBag from /home/airflow/.local/lib/python3.7/site-packages/airflow/example_dags/example_branch_labels.py
[2022-07-17 19:48:05,893] {processor.py:651} INFO - DAG(s) dict_keys(['example_branch_labels']) retrieved from /home/airflow/.local/lib/python3.7/site-packages/airflow/example_dags/example_branch_labels.py
[2022-07-17 19:48:05,926] {logging_mixin.py:115} INFO - [2022-07-17 19:48:05,926] {dag.py:2420} INFO - Sync 1 DAGs
[2022-07-17 19:48:05,957] {logging_mixin.py:115} INFO - [2022-07-17 19:48:05,957] {dag.py:2972} INFO - Setting next_dagrun for example_branch_labels to 2022-07-16T00:00:00+00:00, run_after=2022-07-17T00:00:00+00:00
[2022-07-17 19:48:05,970] {processor.py:161} INFO - Processing /home/airflow/.local/lib/python3.7/site-packages/airflow/example_dags/example_branch_labels.py took 0.088 seconds
[2022-07-17 19:48:36,230] {processor.py:153} INFO - Started process (PID=1445) to work on /home/airflow/.local/lib/python3.7/site-packages/airflow/example_dags/example_branch_labels.py
[2022-07-17 19:48:36,231] {processor.py:641} INFO - Processing file /home/airflow/.local/lib/python3.7/site-packages/airflow/example_dags/example_branch_labels.py for tasks to queue
[2022-07-17 19:48:36,232] {logging_mixin.py:115} INFO - [2022-07-17 19:48:36,232] {dagbag.py:508} INFO - Filling up the DagBag from /home/airflow/.local/lib/python3.7/site-packages/airflow/example_dags/example_branch_labels.py
[2022-07-17 19:48:36,243] {processor.py:651} INFO - DAG(s) dict_keys(['example_branch_labels']) retrieved from /home/airflow/.local/lib/python3.7/site-packages/airflow/example_dags/example_branch_labels.py
[2022-07-17 19:48:36,278] {logging_mixin.py:115} INFO - [2022-07-17 19:48:36,277] {dag.py:2420} INFO - Sync 1 DAGs
[2022-07-17 19:48:36,309] {logging_mixin.py:115} INFO - [2022-07-17 19:48:36,309] {dag.py:2972} INFO - Setting next_dagrun for example_branch_labels to 2022-07-16T00:00:00+00:00, run_after=2022-07-17T00:00:00+00:00
[2022-07-17 19:48:36,323] {processor.py:161} INFO - Processing /home/airflow/.local/lib/python3.7/site-packages/airflow/example_dags/example_branch_labels.py took 0.099 seconds
[2022-07-17 19:49:06,384] {processor.py:153} INFO - Started process (PID=1509) to work on /home/airflow/.local/lib/python3.7/site-packages/airflow/example_dags/example_branch_labels.py
[2022-07-17 19:49:06,385] {processor.py:641} INFO - Processing file /home/airflow/.local/lib/python3.7/site-packages/airflow/example_dags/example_branch_labels.py for tasks to queue
[2022-07-17 19:49:06,386] {logging_mixin.py:115} INFO - [2022-07-17 19:49:06,386] {dagbag.py:508} INFO - Filling up the DagBag from /home/airflow/.local/lib/python3.7/site-packages/airflow/example_dags/example_branch_labels.py
[2022-07-17 19:49:06,398] {processor.py:651} INFO - DAG(s) dict_keys(['example_branch_labels']) retrieved from /home/airflow/.local/lib/python3.7/site-packages/airflow/example_dags/example_branch_labels.py
[2022-07-17 19:49:06,439] {logging_mixin.py:115} INFO - [2022-07-17 19:49:06,439] {dag.py:2420} INFO - Sync 1 DAGs
[2022-07-17 19:49:06,483] {logging_mixin.py:115} INFO - [2022-07-17 19:49:06,482] {dag.py:2972} INFO - Setting next_dagrun for example_branch_labels to 2022-07-16T00:00:00+00:00, run_after=2022-07-17T00:00:00+00:00
[2022-07-17 19:49:06,502] {processor.py:161} INFO - Processing /home/airflow/.local/lib/python3.7/site-packages/airflow/example_dags/example_branch_labels.py took 0.122 seconds
[2022-07-17 19:49:36,884] {processor.py:153} INFO - Started process (PID=1563) to work on /home/airflow/.local/lib/python3.7/site-packages/airflow/example_dags/example_branch_labels.py
[2022-07-17 19:49:36,885] {processor.py:641} INFO - Processing file /home/airflow/.local/lib/python3.7/site-packages/airflow/example_dags/example_branch_labels.py for tasks to queue
[2022-07-17 19:49:36,886] {logging_mixin.py:115} INFO - [2022-07-17 19:49:36,885] {dagbag.py:508} INFO - Filling up the DagBag from /home/airflow/.local/lib/python3.7/site-packages/airflow/example_dags/example_branch_labels.py
[2022-07-17 19:49:36,898] {processor.py:651} INFO - DAG(s) dict_keys(['example_branch_labels']) retrieved from /home/airflow/.local/lib/python3.7/site-packages/airflow/example_dags/example_branch_labels.py
[2022-07-17 19:49:36,938] {logging_mixin.py:115} INFO - [2022-07-17 19:49:36,938] {dag.py:2420} INFO - Sync 1 DAGs
[2022-07-17 19:49:36,981] {logging_mixin.py:115} INFO - [2022-07-17 19:49:36,981] {dag.py:2972} INFO - Setting next_dagrun for example_branch_labels to 2022-07-16T00:00:00+00:00, run_after=2022-07-17T00:00:00+00:00
[2022-07-17 19:49:37,001] {processor.py:161} INFO - Processing /home/airflow/.local/lib/python3.7/site-packages/airflow/example_dags/example_branch_labels.py took 0.122 seconds
[2022-07-17 19:50:07,338] {processor.py:153} INFO - Started process (PID=1627) to work on /home/airflow/.local/lib/python3.7/site-packages/airflow/example_dags/example_branch_labels.py
[2022-07-17 19:50:07,340] {processor.py:641} INFO - Processing file /home/airflow/.local/lib/python3.7/site-packages/airflow/example_dags/example_branch_labels.py for tasks to queue
[2022-07-17 19:50:07,342] {logging_mixin.py:115} INFO - [2022-07-17 19:50:07,341] {dagbag.py:508} INFO - Filling up the DagBag from /home/airflow/.local/lib/python3.7/site-packages/airflow/example_dags/example_branch_labels.py
[2022-07-17 19:50:07,380] {processor.py:651} INFO - DAG(s) dict_keys(['example_branch_labels']) retrieved from /home/airflow/.local/lib/python3.7/site-packages/airflow/example_dags/example_branch_labels.py
[2022-07-17 19:50:07,433] {logging_mixin.py:115} INFO - [2022-07-17 19:50:07,432] {dag.py:2420} INFO - Sync 1 DAGs
[2022-07-17 19:50:07,465] {logging_mixin.py:115} INFO - [2022-07-17 19:50:07,465] {dag.py:2972} INFO - Setting next_dagrun for example_branch_labels to 2022-07-16T00:00:00+00:00, run_after=2022-07-17T00:00:00+00:00
[2022-07-17 19:50:07,478] {processor.py:161} INFO - Processing /home/airflow/.local/lib/python3.7/site-packages/airflow/example_dags/example_branch_labels.py took 0.152 seconds
[2022-07-17 19:50:37,628] {processor.py:153} INFO - Started process (PID=1694) to work on /home/airflow/.local/lib/python3.7/site-packages/airflow/example_dags/example_branch_labels.py
[2022-07-17 19:50:37,628] {processor.py:641} INFO - Processing file /home/airflow/.local/lib/python3.7/site-packages/airflow/example_dags/example_branch_labels.py for tasks to queue
[2022-07-17 19:50:37,629] {logging_mixin.py:115} INFO - [2022-07-17 19:50:37,629] {dagbag.py:508} INFO - Filling up the DagBag from /home/airflow/.local/lib/python3.7/site-packages/airflow/example_dags/example_branch_labels.py
[2022-07-17 19:50:37,639] {processor.py:651} INFO - DAG(s) dict_keys(['example_branch_labels']) retrieved from /home/airflow/.local/lib/python3.7/site-packages/airflow/example_dags/example_branch_labels.py
[2022-07-17 19:50:37,675] {logging_mixin.py:115} INFO - [2022-07-17 19:50:37,675] {dag.py:2420} INFO - Sync 1 DAGs
[2022-07-17 19:50:37,715] {logging_mixin.py:115} INFO - [2022-07-17 19:50:37,715] {dag.py:2972} INFO - Setting next_dagrun for example_branch_labels to 2022-07-16T00:00:00+00:00, run_after=2022-07-17T00:00:00+00:00
[2022-07-17 19:50:37,729] {processor.py:161} INFO - Processing /home/airflow/.local/lib/python3.7/site-packages/airflow/example_dags/example_branch_labels.py took 0.105 seconds
[2022-07-17 19:51:08,162] {processor.py:153} INFO - Started process (PID=1751) to work on /home/airflow/.local/lib/python3.7/site-packages/airflow/example_dags/example_branch_labels.py
[2022-07-17 19:51:08,164] {processor.py:641} INFO - Processing file /home/airflow/.local/lib/python3.7/site-packages/airflow/example_dags/example_branch_labels.py for tasks to queue
[2022-07-17 19:51:08,165] {logging_mixin.py:115} INFO - [2022-07-17 19:51:08,165] {dagbag.py:508} INFO - Filling up the DagBag from /home/airflow/.local/lib/python3.7/site-packages/airflow/example_dags/example_branch_labels.py
[2022-07-17 19:51:08,180] {processor.py:651} INFO - DAG(s) dict_keys(['example_branch_labels']) retrieved from /home/airflow/.local/lib/python3.7/site-packages/airflow/example_dags/example_branch_labels.py
[2022-07-17 19:51:08,212] {logging_mixin.py:115} INFO - [2022-07-17 19:51:08,212] {dag.py:2420} INFO - Sync 1 DAGs
[2022-07-17 19:51:08,242] {logging_mixin.py:115} INFO - [2022-07-17 19:51:08,242] {dag.py:2972} INFO - Setting next_dagrun for example_branch_labels to 2022-07-16T00:00:00+00:00, run_after=2022-07-17T00:00:00+00:00
[2022-07-17 19:51:08,255] {processor.py:161} INFO - Processing /home/airflow/.local/lib/python3.7/site-packages/airflow/example_dags/example_branch_labels.py took 0.105 seconds
[2022-07-17 19:51:38,320] {processor.py:153} INFO - Started process (PID=1815) to work on /home/airflow/.local/lib/python3.7/site-packages/airflow/example_dags/example_branch_labels.py
[2022-07-17 19:51:38,321] {processor.py:641} INFO - Processing file /home/airflow/.local/lib/python3.7/site-packages/airflow/example_dags/example_branch_labels.py for tasks to queue
[2022-07-17 19:51:38,322] {logging_mixin.py:115} INFO - [2022-07-17 19:51:38,321] {dagbag.py:508} INFO - Filling up the DagBag from /home/airflow/.local/lib/python3.7/site-packages/airflow/example_dags/example_branch_labels.py
[2022-07-17 19:51:38,331] {processor.py:651} INFO - DAG(s) dict_keys(['example_branch_labels']) retrieved from /home/airflow/.local/lib/python3.7/site-packages/airflow/example_dags/example_branch_labels.py
[2022-07-17 19:51:38,363] {logging_mixin.py:115} INFO - [2022-07-17 19:51:38,363] {dag.py:2420} INFO - Sync 1 DAGs
[2022-07-17 19:51:38,396] {logging_mixin.py:115} INFO - [2022-07-17 19:51:38,396] {dag.py:2972} INFO - Setting next_dagrun for example_branch_labels to 2022-07-16T00:00:00+00:00, run_after=2022-07-17T00:00:00+00:00
[2022-07-17 19:51:38,410] {processor.py:161} INFO - Processing /home/airflow/.local/lib/python3.7/site-packages/airflow/example_dags/example_branch_labels.py took 0.096 seconds
[2022-07-17 19:52:08,614] {processor.py:153} INFO - Started process (PID=1869) to work on /home/airflow/.local/lib/python3.7/site-packages/airflow/example_dags/example_branch_labels.py
[2022-07-17 19:52:08,616] {processor.py:641} INFO - Processing file /home/airflow/.local/lib/python3.7/site-packages/airflow/example_dags/example_branch_labels.py for tasks to queue
[2022-07-17 19:52:08,618] {logging_mixin.py:115} INFO - [2022-07-17 19:52:08,618] {dagbag.py:508} INFO - Filling up the DagBag from /home/airflow/.local/lib/python3.7/site-packages/airflow/example_dags/example_branch_labels.py
[2022-07-17 19:52:08,658] {processor.py:651} INFO - DAG(s) dict_keys(['example_branch_labels']) retrieved from /home/airflow/.local/lib/python3.7/site-packages/airflow/example_dags/example_branch_labels.py
[2022-07-17 19:52:08,718] {logging_mixin.py:115} INFO - [2022-07-17 19:52:08,718] {dag.py:2420} INFO - Sync 1 DAGs
[2022-07-17 19:52:08,748] {logging_mixin.py:115} INFO - [2022-07-17 19:52:08,748] {dag.py:2972} INFO - Setting next_dagrun for example_branch_labels to 2022-07-16T00:00:00+00:00, run_after=2022-07-17T00:00:00+00:00
[2022-07-17 19:52:08,762] {processor.py:161} INFO - Processing /home/airflow/.local/lib/python3.7/site-packages/airflow/example_dags/example_branch_labels.py took 0.159 seconds
[2022-07-17 19:52:39,051] {processor.py:153} INFO - Started process (PID=1934) to work on /home/airflow/.local/lib/python3.7/site-packages/airflow/example_dags/example_branch_labels.py
[2022-07-17 19:52:39,052] {processor.py:641} INFO - Processing file /home/airflow/.local/lib/python3.7/site-packages/airflow/example_dags/example_branch_labels.py for tasks to queue
[2022-07-17 19:52:39,052] {logging_mixin.py:115} INFO - [2022-07-17 19:52:39,052] {dagbag.py:508} INFO - Filling up the DagBag from /home/airflow/.local/lib/python3.7/site-packages/airflow/example_dags/example_branch_labels.py
[2022-07-17 19:52:39,060] {processor.py:651} INFO - DAG(s) dict_keys(['example_branch_labels']) retrieved from /home/airflow/.local/lib/python3.7/site-packages/airflow/example_dags/example_branch_labels.py
[2022-07-17 19:52:39,087] {logging_mixin.py:115} INFO - [2022-07-17 19:52:39,087] {dag.py:2420} INFO - Sync 1 DAGs
[2022-07-17 19:52:39,115] {logging_mixin.py:115} INFO - [2022-07-17 19:52:39,115] {dag.py:2972} INFO - Setting next_dagrun for example_branch_labels to 2022-07-16T00:00:00+00:00, run_after=2022-07-17T00:00:00+00:00
[2022-07-17 19:52:39,130] {processor.py:161} INFO - Processing /home/airflow/.local/lib/python3.7/site-packages/airflow/example_dags/example_branch_labels.py took 0.082 seconds
[2022-07-17 19:53:09,310] {processor.py:153} INFO - Started process (PID=1988) to work on /home/airflow/.local/lib/python3.7/site-packages/airflow/example_dags/example_branch_labels.py
[2022-07-17 19:53:09,311] {processor.py:641} INFO - Processing file /home/airflow/.local/lib/python3.7/site-packages/airflow/example_dags/example_branch_labels.py for tasks to queue
[2022-07-17 19:53:09,313] {logging_mixin.py:115} INFO - [2022-07-17 19:53:09,312] {dagbag.py:508} INFO - Filling up the DagBag from /home/airflow/.local/lib/python3.7/site-packages/airflow/example_dags/example_branch_labels.py
[2022-07-17 19:53:09,322] {processor.py:651} INFO - DAG(s) dict_keys(['example_branch_labels']) retrieved from /home/airflow/.local/lib/python3.7/site-packages/airflow/example_dags/example_branch_labels.py
[2022-07-17 19:53:09,357] {logging_mixin.py:115} INFO - [2022-07-17 19:53:09,357] {dag.py:2420} INFO - Sync 1 DAGs
[2022-07-17 19:53:09,389] {logging_mixin.py:115} INFO - [2022-07-17 19:53:09,388] {dag.py:2972} INFO - Setting next_dagrun for example_branch_labels to 2022-07-16T00:00:00+00:00, run_after=2022-07-17T00:00:00+00:00
[2022-07-17 19:53:09,403] {processor.py:161} INFO - Processing /home/airflow/.local/lib/python3.7/site-packages/airflow/example_dags/example_branch_labels.py took 0.098 seconds
[2022-07-17 19:53:39,735] {processor.py:153} INFO - Started process (PID=2051) to work on /home/airflow/.local/lib/python3.7/site-packages/airflow/example_dags/example_branch_labels.py
[2022-07-17 19:53:39,735] {processor.py:641} INFO - Processing file /home/airflow/.local/lib/python3.7/site-packages/airflow/example_dags/example_branch_labels.py for tasks to queue
[2022-07-17 19:53:39,735] {logging_mixin.py:115} INFO - [2022-07-17 19:53:39,735] {dagbag.py:508} INFO - Filling up the DagBag from /home/airflow/.local/lib/python3.7/site-packages/airflow/example_dags/example_branch_labels.py
[2022-07-17 19:53:39,744] {processor.py:651} INFO - DAG(s) dict_keys(['example_branch_labels']) retrieved from /home/airflow/.local/lib/python3.7/site-packages/airflow/example_dags/example_branch_labels.py
[2022-07-17 19:53:39,773] {logging_mixin.py:115} INFO - [2022-07-17 19:53:39,773] {dag.py:2420} INFO - Sync 1 DAGs
[2022-07-17 19:53:39,800] {logging_mixin.py:115} INFO - [2022-07-17 19:53:39,800] {dag.py:2972} INFO - Setting next_dagrun for example_branch_labels to 2022-07-16T00:00:00+00:00, run_after=2022-07-17T00:00:00+00:00
[2022-07-17 19:53:39,812] {processor.py:161} INFO - Processing /home/airflow/.local/lib/python3.7/site-packages/airflow/example_dags/example_branch_labels.py took 0.081 seconds
[2022-07-17 19:54:09,949] {processor.py:153} INFO - Started process (PID=2116) to work on /home/airflow/.local/lib/python3.7/site-packages/airflow/example_dags/example_branch_labels.py
[2022-07-17 19:54:09,950] {processor.py:641} INFO - Processing file /home/airflow/.local/lib/python3.7/site-packages/airflow/example_dags/example_branch_labels.py for tasks to queue
[2022-07-17 19:54:09,950] {logging_mixin.py:115} INFO - [2022-07-17 19:54:09,950] {dagbag.py:508} INFO - Filling up the DagBag from /home/airflow/.local/lib/python3.7/site-packages/airflow/example_dags/example_branch_labels.py
[2022-07-17 19:54:09,960] {processor.py:651} INFO - DAG(s) dict_keys(['example_branch_labels']) retrieved from /home/airflow/.local/lib/python3.7/site-packages/airflow/example_dags/example_branch_labels.py
[2022-07-17 19:54:09,989] {logging_mixin.py:115} INFO - [2022-07-17 19:54:09,989] {dag.py:2420} INFO - Sync 1 DAGs
[2022-07-17 19:54:10,015] {logging_mixin.py:115} INFO - [2022-07-17 19:54:10,015] {dag.py:2972} INFO - Setting next_dagrun for example_branch_labels to 2022-07-16T00:00:00+00:00, run_after=2022-07-17T00:00:00+00:00
[2022-07-17 19:54:10,031] {processor.py:161} INFO - Processing /home/airflow/.local/lib/python3.7/site-packages/airflow/example_dags/example_branch_labels.py took 0.085 seconds
[2022-07-17 19:54:40,174] {processor.py:153} INFO - Started process (PID=2171) to work on /home/airflow/.local/lib/python3.7/site-packages/airflow/example_dags/example_branch_labels.py
[2022-07-17 19:54:40,174] {processor.py:641} INFO - Processing file /home/airflow/.local/lib/python3.7/site-packages/airflow/example_dags/example_branch_labels.py for tasks to queue
[2022-07-17 19:54:40,176] {logging_mixin.py:115} INFO - [2022-07-17 19:54:40,175] {dagbag.py:508} INFO - Filling up the DagBag from /home/airflow/.local/lib/python3.7/site-packages/airflow/example_dags/example_branch_labels.py
[2022-07-17 19:54:40,189] {processor.py:651} INFO - DAG(s) dict_keys(['example_branch_labels']) retrieved from /home/airflow/.local/lib/python3.7/site-packages/airflow/example_dags/example_branch_labels.py
[2022-07-17 19:54:40,220] {logging_mixin.py:115} INFO - [2022-07-17 19:54:40,220] {dag.py:2420} INFO - Sync 1 DAGs
[2022-07-17 19:54:40,251] {logging_mixin.py:115} INFO - [2022-07-17 19:54:40,251] {dag.py:2972} INFO - Setting next_dagrun for example_branch_labels to 2022-07-16T00:00:00+00:00, run_after=2022-07-17T00:00:00+00:00
[2022-07-17 19:54:40,265] {processor.py:161} INFO - Processing /home/airflow/.local/lib/python3.7/site-packages/airflow/example_dags/example_branch_labels.py took 0.103 seconds
[2022-07-17 19:55:10,380] {processor.py:153} INFO - Started process (PID=2235) to work on /home/airflow/.local/lib/python3.7/site-packages/airflow/example_dags/example_branch_labels.py
[2022-07-17 19:55:10,381] {processor.py:641} INFO - Processing file /home/airflow/.local/lib/python3.7/site-packages/airflow/example_dags/example_branch_labels.py for tasks to queue
[2022-07-17 19:55:10,381] {logging_mixin.py:115} INFO - [2022-07-17 19:55:10,381] {dagbag.py:508} INFO - Filling up the DagBag from /home/airflow/.local/lib/python3.7/site-packages/airflow/example_dags/example_branch_labels.py
[2022-07-17 19:55:10,394] {processor.py:651} INFO - DAG(s) dict_keys(['example_branch_labels']) retrieved from /home/airflow/.local/lib/python3.7/site-packages/airflow/example_dags/example_branch_labels.py
[2022-07-17 19:55:10,426] {logging_mixin.py:115} INFO - [2022-07-17 19:55:10,425] {dag.py:2420} INFO - Sync 1 DAGs
[2022-07-17 19:55:10,455] {logging_mixin.py:115} INFO - [2022-07-17 19:55:10,454] {dag.py:2972} INFO - Setting next_dagrun for example_branch_labels to 2022-07-16T00:00:00+00:00, run_after=2022-07-17T00:00:00+00:00
[2022-07-17 19:55:10,469] {processor.py:161} INFO - Processing /home/airflow/.local/lib/python3.7/site-packages/airflow/example_dags/example_branch_labels.py took 0.096 seconds
[2022-07-17 19:55:40,912] {processor.py:153} INFO - Started process (PID=2292) to work on /home/airflow/.local/lib/python3.7/site-packages/airflow/example_dags/example_branch_labels.py
[2022-07-17 19:55:40,913] {processor.py:641} INFO - Processing file /home/airflow/.local/lib/python3.7/site-packages/airflow/example_dags/example_branch_labels.py for tasks to queue
[2022-07-17 19:55:40,914] {logging_mixin.py:115} INFO - [2022-07-17 19:55:40,913] {dagbag.py:508} INFO - Filling up the DagBag from /home/airflow/.local/lib/python3.7/site-packages/airflow/example_dags/example_branch_labels.py
[2022-07-17 19:55:40,924] {processor.py:651} INFO - DAG(s) dict_keys(['example_branch_labels']) retrieved from /home/airflow/.local/lib/python3.7/site-packages/airflow/example_dags/example_branch_labels.py
[2022-07-17 19:55:40,955] {logging_mixin.py:115} INFO - [2022-07-17 19:55:40,955] {dag.py:2420} INFO - Sync 1 DAGs
[2022-07-17 19:55:40,984] {logging_mixin.py:115} INFO - [2022-07-17 19:55:40,984] {dag.py:2972} INFO - Setting next_dagrun for example_branch_labels to 2022-07-16T00:00:00+00:00, run_after=2022-07-17T00:00:00+00:00
[2022-07-17 19:55:40,996] {processor.py:161} INFO - Processing /home/airflow/.local/lib/python3.7/site-packages/airflow/example_dags/example_branch_labels.py took 0.092 seconds
[2022-07-17 19:56:11,550] {processor.py:153} INFO - Started process (PID=2358) to work on /home/airflow/.local/lib/python3.7/site-packages/airflow/example_dags/example_branch_labels.py
[2022-07-17 19:56:11,551] {processor.py:641} INFO - Processing file /home/airflow/.local/lib/python3.7/site-packages/airflow/example_dags/example_branch_labels.py for tasks to queue
[2022-07-17 19:56:11,551] {logging_mixin.py:115} INFO - [2022-07-17 19:56:11,551] {dagbag.py:508} INFO - Filling up the DagBag from /home/airflow/.local/lib/python3.7/site-packages/airflow/example_dags/example_branch_labels.py
[2022-07-17 19:56:11,562] {processor.py:651} INFO - DAG(s) dict_keys(['example_branch_labels']) retrieved from /home/airflow/.local/lib/python3.7/site-packages/airflow/example_dags/example_branch_labels.py
[2022-07-17 19:56:11,595] {logging_mixin.py:115} INFO - [2022-07-17 19:56:11,594] {dag.py:2420} INFO - Sync 1 DAGs
[2022-07-17 19:56:11,625] {logging_mixin.py:115} INFO - [2022-07-17 19:56:11,625] {dag.py:2972} INFO - Setting next_dagrun for example_branch_labels to 2022-07-16T00:00:00+00:00, run_after=2022-07-17T00:00:00+00:00
[2022-07-17 19:56:11,638] {processor.py:161} INFO - Processing /home/airflow/.local/lib/python3.7/site-packages/airflow/example_dags/example_branch_labels.py took 0.097 seconds
[2022-07-17 19:56:41,711] {processor.py:153} INFO - Started process (PID=2413) to work on /home/airflow/.local/lib/python3.7/site-packages/airflow/example_dags/example_branch_labels.py
[2022-07-17 19:56:41,711] {processor.py:641} INFO - Processing file /home/airflow/.local/lib/python3.7/site-packages/airflow/example_dags/example_branch_labels.py for tasks to queue
[2022-07-17 19:56:41,712] {logging_mixin.py:115} INFO - [2022-07-17 19:56:41,712] {dagbag.py:508} INFO - Filling up the DagBag from /home/airflow/.local/lib/python3.7/site-packages/airflow/example_dags/example_branch_labels.py
[2022-07-17 19:56:41,722] {processor.py:651} INFO - DAG(s) dict_keys(['example_branch_labels']) retrieved from /home/airflow/.local/lib/python3.7/site-packages/airflow/example_dags/example_branch_labels.py
[2022-07-17 19:56:41,756] {logging_mixin.py:115} INFO - [2022-07-17 19:56:41,756] {dag.py:2420} INFO - Sync 1 DAGs
[2022-07-17 19:56:41,788] {logging_mixin.py:115} INFO - [2022-07-17 19:56:41,788] {dag.py:2972} INFO - Setting next_dagrun for example_branch_labels to 2022-07-16T00:00:00+00:00, run_after=2022-07-17T00:00:00+00:00
[2022-07-17 19:56:41,801] {processor.py:161} INFO - Processing /home/airflow/.local/lib/python3.7/site-packages/airflow/example_dags/example_branch_labels.py took 0.094 seconds
[2022-07-17 19:57:11,928] {processor.py:153} INFO - Started process (PID=2477) to work on /home/airflow/.local/lib/python3.7/site-packages/airflow/example_dags/example_branch_labels.py
[2022-07-17 19:57:11,929] {processor.py:641} INFO - Processing file /home/airflow/.local/lib/python3.7/site-packages/airflow/example_dags/example_branch_labels.py for tasks to queue
[2022-07-17 19:57:11,930] {logging_mixin.py:115} INFO - [2022-07-17 19:57:11,930] {dagbag.py:508} INFO - Filling up the DagBag from /home/airflow/.local/lib/python3.7/site-packages/airflow/example_dags/example_branch_labels.py
[2022-07-17 19:57:11,940] {processor.py:651} INFO - DAG(s) dict_keys(['example_branch_labels']) retrieved from /home/airflow/.local/lib/python3.7/site-packages/airflow/example_dags/example_branch_labels.py
[2022-07-17 19:57:11,970] {logging_mixin.py:115} INFO - [2022-07-17 19:57:11,970] {dag.py:2420} INFO - Sync 1 DAGs
[2022-07-17 19:57:11,998] {logging_mixin.py:115} INFO - [2022-07-17 19:57:11,997] {dag.py:2972} INFO - Setting next_dagrun for example_branch_labels to 2022-07-16T00:00:00+00:00, run_after=2022-07-17T00:00:00+00:00
[2022-07-17 19:57:12,010] {processor.py:161} INFO - Processing /home/airflow/.local/lib/python3.7/site-packages/airflow/example_dags/example_branch_labels.py took 0.089 seconds
[2022-07-17 19:57:42,183] {processor.py:153} INFO - Started process (PID=2541) to work on /home/airflow/.local/lib/python3.7/site-packages/airflow/example_dags/example_branch_labels.py
[2022-07-17 19:57:42,184] {processor.py:641} INFO - Processing file /home/airflow/.local/lib/python3.7/site-packages/airflow/example_dags/example_branch_labels.py for tasks to queue
[2022-07-17 19:57:42,184] {logging_mixin.py:115} INFO - [2022-07-17 19:57:42,184] {dagbag.py:508} INFO - Filling up the DagBag from /home/airflow/.local/lib/python3.7/site-packages/airflow/example_dags/example_branch_labels.py
[2022-07-17 19:57:42,191] {processor.py:651} INFO - DAG(s) dict_keys(['example_branch_labels']) retrieved from /home/airflow/.local/lib/python3.7/site-packages/airflow/example_dags/example_branch_labels.py
[2022-07-17 19:57:42,216] {logging_mixin.py:115} INFO - [2022-07-17 19:57:42,216] {dag.py:2420} INFO - Sync 1 DAGs
[2022-07-17 19:57:42,249] {logging_mixin.py:115} INFO - [2022-07-17 19:57:42,249] {dag.py:2972} INFO - Setting next_dagrun for example_branch_labels to 2022-07-16T00:00:00+00:00, run_after=2022-07-17T00:00:00+00:00
[2022-07-17 19:57:42,263] {processor.py:161} INFO - Processing /home/airflow/.local/lib/python3.7/site-packages/airflow/example_dags/example_branch_labels.py took 0.083 seconds
[2022-07-17 19:58:12,388] {processor.py:153} INFO - Started process (PID=2596) to work on /home/airflow/.local/lib/python3.7/site-packages/airflow/example_dags/example_branch_labels.py
[2022-07-17 19:58:12,389] {processor.py:641} INFO - Processing file /home/airflow/.local/lib/python3.7/site-packages/airflow/example_dags/example_branch_labels.py for tasks to queue
[2022-07-17 19:58:12,389] {logging_mixin.py:115} INFO - [2022-07-17 19:58:12,389] {dagbag.py:508} INFO - Filling up the DagBag from /home/airflow/.local/lib/python3.7/site-packages/airflow/example_dags/example_branch_labels.py
[2022-07-17 19:58:12,399] {processor.py:651} INFO - DAG(s) dict_keys(['example_branch_labels']) retrieved from /home/airflow/.local/lib/python3.7/site-packages/airflow/example_dags/example_branch_labels.py
[2022-07-17 19:58:12,431] {logging_mixin.py:115} INFO - [2022-07-17 19:58:12,431] {dag.py:2420} INFO - Sync 1 DAGs
[2022-07-17 19:58:12,461] {logging_mixin.py:115} INFO - [2022-07-17 19:58:12,461] {dag.py:2972} INFO - Setting next_dagrun for example_branch_labels to 2022-07-16T00:00:00+00:00, run_after=2022-07-17T00:00:00+00:00
[2022-07-17 19:58:12,476] {processor.py:161} INFO - Processing /home/airflow/.local/lib/python3.7/site-packages/airflow/example_dags/example_branch_labels.py took 0.095 seconds
[2022-07-17 19:58:42,515] {processor.py:153} INFO - Started process (PID=2660) to work on /home/airflow/.local/lib/python3.7/site-packages/airflow/example_dags/example_branch_labels.py
[2022-07-17 19:58:42,516] {processor.py:641} INFO - Processing file /home/airflow/.local/lib/python3.7/site-packages/airflow/example_dags/example_branch_labels.py for tasks to queue
[2022-07-17 19:58:42,516] {logging_mixin.py:115} INFO - [2022-07-17 19:58:42,516] {dagbag.py:508} INFO - Filling up the DagBag from /home/airflow/.local/lib/python3.7/site-packages/airflow/example_dags/example_branch_labels.py
[2022-07-17 19:58:42,524] {processor.py:651} INFO - DAG(s) dict_keys(['example_branch_labels']) retrieved from /home/airflow/.local/lib/python3.7/site-packages/airflow/example_dags/example_branch_labels.py
[2022-07-17 19:58:42,550] {logging_mixin.py:115} INFO - [2022-07-17 19:58:42,550] {dag.py:2420} INFO - Sync 1 DAGs
[2022-07-17 19:58:42,580] {logging_mixin.py:115} INFO - [2022-07-17 19:58:42,580] {dag.py:2972} INFO - Setting next_dagrun for example_branch_labels to 2022-07-16T00:00:00+00:00, run_after=2022-07-17T00:00:00+00:00
[2022-07-17 19:58:42,595] {processor.py:161} INFO - Processing /home/airflow/.local/lib/python3.7/site-packages/airflow/example_dags/example_branch_labels.py took 0.083 seconds
[2022-07-17 19:59:12,979] {processor.py:153} INFO - Started process (PID=2715) to work on /home/airflow/.local/lib/python3.7/site-packages/airflow/example_dags/example_branch_labels.py
[2022-07-17 19:59:12,980] {processor.py:641} INFO - Processing file /home/airflow/.local/lib/python3.7/site-packages/airflow/example_dags/example_branch_labels.py for tasks to queue
[2022-07-17 19:59:12,980] {logging_mixin.py:115} INFO - [2022-07-17 19:59:12,980] {dagbag.py:508} INFO - Filling up the DagBag from /home/airflow/.local/lib/python3.7/site-packages/airflow/example_dags/example_branch_labels.py
[2022-07-17 19:59:12,988] {processor.py:651} INFO - DAG(s) dict_keys(['example_branch_labels']) retrieved from /home/airflow/.local/lib/python3.7/site-packages/airflow/example_dags/example_branch_labels.py
[2022-07-17 19:59:13,016] {logging_mixin.py:115} INFO - [2022-07-17 19:59:13,016] {dag.py:2420} INFO - Sync 1 DAGs
[2022-07-17 19:59:13,043] {logging_mixin.py:115} INFO - [2022-07-17 19:59:13,043] {dag.py:2972} INFO - Setting next_dagrun for example_branch_labels to 2022-07-16T00:00:00+00:00, run_after=2022-07-17T00:00:00+00:00
[2022-07-17 19:59:13,054] {processor.py:161} INFO - Processing /home/airflow/.local/lib/python3.7/site-packages/airflow/example_dags/example_branch_labels.py took 0.079 seconds
[2022-07-17 19:59:43,169] {processor.py:153} INFO - Started process (PID=2780) to work on /home/airflow/.local/lib/python3.7/site-packages/airflow/example_dags/example_branch_labels.py
[2022-07-17 19:59:43,170] {processor.py:641} INFO - Processing file /home/airflow/.local/lib/python3.7/site-packages/airflow/example_dags/example_branch_labels.py for tasks to queue
[2022-07-17 19:59:43,170] {logging_mixin.py:115} INFO - [2022-07-17 19:59:43,170] {dagbag.py:508} INFO - Filling up the DagBag from /home/airflow/.local/lib/python3.7/site-packages/airflow/example_dags/example_branch_labels.py
[2022-07-17 19:59:43,179] {processor.py:651} INFO - DAG(s) dict_keys(['example_branch_labels']) retrieved from /home/airflow/.local/lib/python3.7/site-packages/airflow/example_dags/example_branch_labels.py
[2022-07-17 19:59:43,207] {logging_mixin.py:115} INFO - [2022-07-17 19:59:43,206] {dag.py:2420} INFO - Sync 1 DAGs
[2022-07-17 19:59:43,237] {logging_mixin.py:115} INFO - [2022-07-17 19:59:43,237] {dag.py:2972} INFO - Setting next_dagrun for example_branch_labels to 2022-07-16T00:00:00+00:00, run_after=2022-07-17T00:00:00+00:00
[2022-07-17 19:59:43,248] {processor.py:161} INFO - Processing /home/airflow/.local/lib/python3.7/site-packages/airflow/example_dags/example_branch_labels.py took 0.083 seconds
[2022-07-17 20:00:13,548] {processor.py:153} INFO - Started process (PID=2836) to work on /home/airflow/.local/lib/python3.7/site-packages/airflow/example_dags/example_branch_labels.py
[2022-07-17 20:00:13,550] {processor.py:641} INFO - Processing file /home/airflow/.local/lib/python3.7/site-packages/airflow/example_dags/example_branch_labels.py for tasks to queue
[2022-07-17 20:00:13,551] {logging_mixin.py:115} INFO - [2022-07-17 20:00:13,550] {dagbag.py:508} INFO - Filling up the DagBag from /home/airflow/.local/lib/python3.7/site-packages/airflow/example_dags/example_branch_labels.py
[2022-07-17 20:00:13,569] {processor.py:651} INFO - DAG(s) dict_keys(['example_branch_labels']) retrieved from /home/airflow/.local/lib/python3.7/site-packages/airflow/example_dags/example_branch_labels.py
[2022-07-17 20:00:13,605] {logging_mixin.py:115} INFO - [2022-07-17 20:00:13,605] {dag.py:2420} INFO - Sync 1 DAGs
[2022-07-17 20:00:13,633] {logging_mixin.py:115} INFO - [2022-07-17 20:00:13,633] {dag.py:2972} INFO - Setting next_dagrun for example_branch_labels to 2022-07-16T00:00:00+00:00, run_after=2022-07-17T00:00:00+00:00
[2022-07-17 20:00:13,646] {processor.py:161} INFO - Processing /home/airflow/.local/lib/python3.7/site-packages/airflow/example_dags/example_branch_labels.py took 0.108 seconds
[2022-07-17 20:00:44,070] {processor.py:153} INFO - Started process (PID=2901) to work on /home/airflow/.local/lib/python3.7/site-packages/airflow/example_dags/example_branch_labels.py
[2022-07-17 20:00:44,071] {processor.py:641} INFO - Processing file /home/airflow/.local/lib/python3.7/site-packages/airflow/example_dags/example_branch_labels.py for tasks to queue
[2022-07-17 20:00:44,071] {logging_mixin.py:115} INFO - [2022-07-17 20:00:44,071] {dagbag.py:508} INFO - Filling up the DagBag from /home/airflow/.local/lib/python3.7/site-packages/airflow/example_dags/example_branch_labels.py
[2022-07-17 20:00:44,079] {processor.py:651} INFO - DAG(s) dict_keys(['example_branch_labels']) retrieved from /home/airflow/.local/lib/python3.7/site-packages/airflow/example_dags/example_branch_labels.py
[2022-07-17 20:00:44,107] {logging_mixin.py:115} INFO - [2022-07-17 20:00:44,107] {dag.py:2420} INFO - Sync 1 DAGs
[2022-07-17 20:00:44,140] {logging_mixin.py:115} INFO - [2022-07-17 20:00:44,139] {dag.py:2972} INFO - Setting next_dagrun for example_branch_labels to 2022-07-16T00:00:00+00:00, run_after=2022-07-17T00:00:00+00:00
[2022-07-17 20:00:44,154] {processor.py:161} INFO - Processing /home/airflow/.local/lib/python3.7/site-packages/airflow/example_dags/example_branch_labels.py took 0.087 seconds
[2022-07-17 20:01:14,254] {processor.py:153} INFO - Started process (PID=2965) to work on /home/airflow/.local/lib/python3.7/site-packages/airflow/example_dags/example_branch_labels.py
[2022-07-17 20:01:14,254] {processor.py:641} INFO - Processing file /home/airflow/.local/lib/python3.7/site-packages/airflow/example_dags/example_branch_labels.py for tasks to queue
[2022-07-17 20:01:14,255] {logging_mixin.py:115} INFO - [2022-07-17 20:01:14,255] {dagbag.py:508} INFO - Filling up the DagBag from /home/airflow/.local/lib/python3.7/site-packages/airflow/example_dags/example_branch_labels.py
[2022-07-17 20:01:14,263] {processor.py:651} INFO - DAG(s) dict_keys(['example_branch_labels']) retrieved from /home/airflow/.local/lib/python3.7/site-packages/airflow/example_dags/example_branch_labels.py
[2022-07-17 20:01:14,298] {logging_mixin.py:115} INFO - [2022-07-17 20:01:14,298] {dag.py:2420} INFO - Sync 1 DAGs
[2022-07-17 20:01:14,334] {logging_mixin.py:115} INFO - [2022-07-17 20:01:14,333] {dag.py:2972} INFO - Setting next_dagrun for example_branch_labels to 2022-07-16T00:00:00+00:00, run_after=2022-07-17T00:00:00+00:00
[2022-07-17 20:01:14,348] {processor.py:161} INFO - Processing /home/airflow/.local/lib/python3.7/site-packages/airflow/example_dags/example_branch_labels.py took 0.097 seconds
[2022-07-17 20:01:44,690] {processor.py:153} INFO - Started process (PID=3020) to work on /home/airflow/.local/lib/python3.7/site-packages/airflow/example_dags/example_branch_labels.py
[2022-07-17 20:01:44,691] {processor.py:641} INFO - Processing file /home/airflow/.local/lib/python3.7/site-packages/airflow/example_dags/example_branch_labels.py for tasks to queue
[2022-07-17 20:01:44,691] {logging_mixin.py:115} INFO - [2022-07-17 20:01:44,691] {dagbag.py:508} INFO - Filling up the DagBag from /home/airflow/.local/lib/python3.7/site-packages/airflow/example_dags/example_branch_labels.py
[2022-07-17 20:01:44,698] {processor.py:651} INFO - DAG(s) dict_keys(['example_branch_labels']) retrieved from /home/airflow/.local/lib/python3.7/site-packages/airflow/example_dags/example_branch_labels.py
[2022-07-17 20:01:44,724] {logging_mixin.py:115} INFO - [2022-07-17 20:01:44,724] {dag.py:2420} INFO - Sync 1 DAGs
[2022-07-17 20:01:44,758] {logging_mixin.py:115} INFO - [2022-07-17 20:01:44,758] {dag.py:2972} INFO - Setting next_dagrun for example_branch_labels to 2022-07-16T00:00:00+00:00, run_after=2022-07-17T00:00:00+00:00
[2022-07-17 20:01:44,770] {processor.py:161} INFO - Processing /home/airflow/.local/lib/python3.7/site-packages/airflow/example_dags/example_branch_labels.py took 0.083 seconds
[2022-07-17 20:02:15,183] {processor.py:153} INFO - Started process (PID=3085) to work on /home/airflow/.local/lib/python3.7/site-packages/airflow/example_dags/example_branch_labels.py
[2022-07-17 20:02:15,185] {processor.py:641} INFO - Processing file /home/airflow/.local/lib/python3.7/site-packages/airflow/example_dags/example_branch_labels.py for tasks to queue
[2022-07-17 20:02:15,187] {logging_mixin.py:115} INFO - [2022-07-17 20:02:15,187] {dagbag.py:508} INFO - Filling up the DagBag from /home/airflow/.local/lib/python3.7/site-packages/airflow/example_dags/example_branch_labels.py
[2022-07-17 20:02:15,203] {processor.py:651} INFO - DAG(s) dict_keys(['example_branch_labels']) retrieved from /home/airflow/.local/lib/python3.7/site-packages/airflow/example_dags/example_branch_labels.py
[2022-07-17 20:02:15,234] {logging_mixin.py:115} INFO - [2022-07-17 20:02:15,234] {dag.py:2420} INFO - Sync 1 DAGs
[2022-07-17 20:02:15,261] {logging_mixin.py:115} INFO - [2022-07-17 20:02:15,261] {dag.py:2972} INFO - Setting next_dagrun for example_branch_labels to 2022-07-16T00:00:00+00:00, run_after=2022-07-17T00:00:00+00:00
[2022-07-17 20:02:15,273] {processor.py:161} INFO - Processing /home/airflow/.local/lib/python3.7/site-packages/airflow/example_dags/example_branch_labels.py took 0.100 seconds
[2022-07-17 20:02:45,573] {processor.py:153} INFO - Started process (PID=3140) to work on /home/airflow/.local/lib/python3.7/site-packages/airflow/example_dags/example_branch_labels.py
[2022-07-17 20:02:45,573] {processor.py:641} INFO - Processing file /home/airflow/.local/lib/python3.7/site-packages/airflow/example_dags/example_branch_labels.py for tasks to queue
[2022-07-17 20:02:45,574] {logging_mixin.py:115} INFO - [2022-07-17 20:02:45,574] {dagbag.py:508} INFO - Filling up the DagBag from /home/airflow/.local/lib/python3.7/site-packages/airflow/example_dags/example_branch_labels.py
[2022-07-17 20:02:45,581] {processor.py:651} INFO - DAG(s) dict_keys(['example_branch_labels']) retrieved from /home/airflow/.local/lib/python3.7/site-packages/airflow/example_dags/example_branch_labels.py
[2022-07-17 20:02:45,610] {logging_mixin.py:115} INFO - [2022-07-17 20:02:45,610] {dag.py:2420} INFO - Sync 1 DAGs
[2022-07-17 20:02:45,647] {logging_mixin.py:115} INFO - [2022-07-17 20:02:45,647] {dag.py:2972} INFO - Setting next_dagrun for example_branch_labels to 2022-07-16T00:00:00+00:00, run_after=2022-07-17T00:00:00+00:00
[2022-07-17 20:02:45,662] {processor.py:161} INFO - Processing /home/airflow/.local/lib/python3.7/site-packages/airflow/example_dags/example_branch_labels.py took 0.093 seconds
[2022-07-17 20:03:16,074] {processor.py:153} INFO - Started process (PID=3204) to work on /home/airflow/.local/lib/python3.7/site-packages/airflow/example_dags/example_branch_labels.py
[2022-07-17 20:03:16,076] {processor.py:641} INFO - Processing file /home/airflow/.local/lib/python3.7/site-packages/airflow/example_dags/example_branch_labels.py for tasks to queue
[2022-07-17 20:03:16,077] {logging_mixin.py:115} INFO - [2022-07-17 20:03:16,077] {dagbag.py:508} INFO - Filling up the DagBag from /home/airflow/.local/lib/python3.7/site-packages/airflow/example_dags/example_branch_labels.py
[2022-07-17 20:03:16,097] {processor.py:651} INFO - DAG(s) dict_keys(['example_branch_labels']) retrieved from /home/airflow/.local/lib/python3.7/site-packages/airflow/example_dags/example_branch_labels.py
[2022-07-17 20:03:16,136] {logging_mixin.py:115} INFO - [2022-07-17 20:03:16,136] {dag.py:2420} INFO - Sync 1 DAGs
[2022-07-17 20:03:16,172] {logging_mixin.py:115} INFO - [2022-07-17 20:03:16,172] {dag.py:2972} INFO - Setting next_dagrun for example_branch_labels to 2022-07-16T00:00:00+00:00, run_after=2022-07-17T00:00:00+00:00
[2022-07-17 20:03:16,185] {processor.py:161} INFO - Processing /home/airflow/.local/lib/python3.7/site-packages/airflow/example_dags/example_branch_labels.py took 0.126 seconds
[2022-07-17 20:03:46,576] {processor.py:153} INFO - Started process (PID=3265) to work on /home/airflow/.local/lib/python3.7/site-packages/airflow/example_dags/example_branch_labels.py
[2022-07-17 20:03:46,576] {processor.py:641} INFO - Processing file /home/airflow/.local/lib/python3.7/site-packages/airflow/example_dags/example_branch_labels.py for tasks to queue
[2022-07-17 20:03:46,577] {logging_mixin.py:115} INFO - [2022-07-17 20:03:46,577] {dagbag.py:508} INFO - Filling up the DagBag from /home/airflow/.local/lib/python3.7/site-packages/airflow/example_dags/example_branch_labels.py
[2022-07-17 20:03:46,587] {processor.py:651} INFO - DAG(s) dict_keys(['example_branch_labels']) retrieved from /home/airflow/.local/lib/python3.7/site-packages/airflow/example_dags/example_branch_labels.py
[2022-07-17 20:03:46,621] {logging_mixin.py:115} INFO - [2022-07-17 20:03:46,621] {dag.py:2420} INFO - Sync 1 DAGs
[2022-07-17 20:03:46,655] {logging_mixin.py:115} INFO - [2022-07-17 20:03:46,655] {dag.py:2972} INFO - Setting next_dagrun for example_branch_labels to 2022-07-16T00:00:00+00:00, run_after=2022-07-17T00:00:00+00:00
[2022-07-17 20:03:46,672] {processor.py:161} INFO - Processing /home/airflow/.local/lib/python3.7/site-packages/airflow/example_dags/example_branch_labels.py took 0.100 seconds
