[2022-07-17 19:36:54,389] {processor.py:153} INFO - Started process (PID=66) to work on /home/airflow/.local/lib/python3.7/site-packages/airflow/example_dags/example_sla_dag.py
[2022-07-17 19:36:54,389] {processor.py:641} INFO - Processing file /home/airflow/.local/lib/python3.7/site-packages/airflow/example_dags/example_sla_dag.py for tasks to queue
[2022-07-17 19:36:54,389] {logging_mixin.py:115} INFO - [2022-07-17 19:36:54,389] {dagbag.py:508} INFO - Filling up the DagBag from /home/airflow/.local/lib/python3.7/site-packages/airflow/example_dags/example_sla_dag.py
[2022-07-17 19:36:54,409] {processor.py:651} INFO - DAG(s) dict_keys(['example_sla_dag']) retrieved from /home/airflow/.local/lib/python3.7/site-packages/airflow/example_dags/example_sla_dag.py
[2022-07-17 19:36:54,496] {logging_mixin.py:115} INFO - [2022-07-17 19:36:54,496] {manager.py:508} INFO - Created Permission View: can delete on DAG:example_sla_dag
[2022-07-17 19:36:54,508] {logging_mixin.py:115} INFO - [2022-07-17 19:36:54,508] {manager.py:508} INFO - Created Permission View: can read on DAG:example_sla_dag
[2022-07-17 19:36:54,517] {logging_mixin.py:115} INFO - [2022-07-17 19:36:54,516] {manager.py:508} INFO - Created Permission View: can edit on DAG:example_sla_dag
[2022-07-17 19:36:54,517] {logging_mixin.py:115} INFO - [2022-07-17 19:36:54,517] {dag.py:2420} INFO - Sync 1 DAGs
[2022-07-17 19:36:54,526] {logging_mixin.py:115} INFO - [2022-07-17 19:36:54,526] {dag.py:2439} INFO - Creating ORM DAG for example_sla_dag
[2022-07-17 19:36:54,544] {logging_mixin.py:115} INFO - [2022-07-17 19:36:54,544] {dag.py:2972} INFO - Setting next_dagrun for example_sla_dag to 2022-07-17T19:34:00+00:00, run_after=2022-07-17T19:36:00+00:00
[2022-07-17 19:36:54,558] {processor.py:161} INFO - Processing /home/airflow/.local/lib/python3.7/site-packages/airflow/example_dags/example_sla_dag.py took 0.173 seconds
[2022-07-17 19:37:25,304] {processor.py:153} INFO - Started process (PID=131) to work on /home/airflow/.local/lib/python3.7/site-packages/airflow/example_dags/example_sla_dag.py
[2022-07-17 19:37:25,305] {processor.py:641} INFO - Processing file /home/airflow/.local/lib/python3.7/site-packages/airflow/example_dags/example_sla_dag.py for tasks to queue
[2022-07-17 19:37:25,305] {logging_mixin.py:115} INFO - [2022-07-17 19:37:25,305] {dagbag.py:508} INFO - Filling up the DagBag from /home/airflow/.local/lib/python3.7/site-packages/airflow/example_dags/example_sla_dag.py
[2022-07-17 19:37:25,323] {processor.py:651} INFO - DAG(s) dict_keys(['example_sla_dag']) retrieved from /home/airflow/.local/lib/python3.7/site-packages/airflow/example_dags/example_sla_dag.py
[2022-07-17 19:37:25,347] {logging_mixin.py:115} INFO - [2022-07-17 19:37:25,347] {dag.py:2420} INFO - Sync 1 DAGs
[2022-07-17 19:37:25,376] {logging_mixin.py:115} INFO - [2022-07-17 19:37:25,375] {dag.py:2972} INFO - Setting next_dagrun for example_sla_dag to 2022-07-17T19:34:00+00:00, run_after=2022-07-17T19:36:00+00:00
[2022-07-17 19:37:25,387] {processor.py:161} INFO - Processing /home/airflow/.local/lib/python3.7/site-packages/airflow/example_dags/example_sla_dag.py took 0.086 seconds
[2022-07-17 19:37:56,433] {processor.py:153} INFO - Started process (PID=186) to work on /home/airflow/.local/lib/python3.7/site-packages/airflow/example_dags/example_sla_dag.py
[2022-07-17 19:37:56,434] {processor.py:641} INFO - Processing file /home/airflow/.local/lib/python3.7/site-packages/airflow/example_dags/example_sla_dag.py for tasks to queue
[2022-07-17 19:37:56,434] {logging_mixin.py:115} INFO - [2022-07-17 19:37:56,434] {dagbag.py:508} INFO - Filling up the DagBag from /home/airflow/.local/lib/python3.7/site-packages/airflow/example_dags/example_sla_dag.py
[2022-07-17 19:37:56,458] {processor.py:651} INFO - DAG(s) dict_keys(['example_sla_dag']) retrieved from /home/airflow/.local/lib/python3.7/site-packages/airflow/example_dags/example_sla_dag.py
[2022-07-17 19:37:56,488] {logging_mixin.py:115} INFO - [2022-07-17 19:37:56,488] {dag.py:2420} INFO - Sync 1 DAGs
[2022-07-17 19:37:56,518] {logging_mixin.py:115} INFO - [2022-07-17 19:37:56,518] {dag.py:2972} INFO - Setting next_dagrun for example_sla_dag to 2022-07-17T19:34:00+00:00, run_after=2022-07-17T19:36:00+00:00
[2022-07-17 19:37:56,532] {processor.py:161} INFO - Processing /home/airflow/.local/lib/python3.7/site-packages/airflow/example_dags/example_sla_dag.py took 0.103 seconds
[2022-07-17 19:38:26,677] {processor.py:153} INFO - Started process (PID=247) to work on /home/airflow/.local/lib/python3.7/site-packages/airflow/example_dags/example_sla_dag.py
[2022-07-17 19:38:26,677] {processor.py:641} INFO - Processing file /home/airflow/.local/lib/python3.7/site-packages/airflow/example_dags/example_sla_dag.py for tasks to queue
[2022-07-17 19:38:26,678] {logging_mixin.py:115} INFO - [2022-07-17 19:38:26,678] {dagbag.py:508} INFO - Filling up the DagBag from /home/airflow/.local/lib/python3.7/site-packages/airflow/example_dags/example_sla_dag.py
[2022-07-17 19:38:26,696] {processor.py:651} INFO - DAG(s) dict_keys(['example_sla_dag']) retrieved from /home/airflow/.local/lib/python3.7/site-packages/airflow/example_dags/example_sla_dag.py
[2022-07-17 19:38:26,721] {logging_mixin.py:115} INFO - [2022-07-17 19:38:26,721] {dag.py:2420} INFO - Sync 1 DAGs
[2022-07-17 19:38:26,749] {logging_mixin.py:115} INFO - [2022-07-17 19:38:26,749] {dag.py:2972} INFO - Setting next_dagrun for example_sla_dag to 2022-07-17T19:36:00+00:00, run_after=2022-07-17T19:38:00+00:00
[2022-07-17 19:38:26,763] {processor.py:161} INFO - Processing /home/airflow/.local/lib/python3.7/site-packages/airflow/example_dags/example_sla_dag.py took 0.090 seconds
[2022-07-17 19:38:57,427] {processor.py:153} INFO - Started process (PID=302) to work on /home/airflow/.local/lib/python3.7/site-packages/airflow/example_dags/example_sla_dag.py
[2022-07-17 19:38:57,428] {processor.py:641} INFO - Processing file /home/airflow/.local/lib/python3.7/site-packages/airflow/example_dags/example_sla_dag.py for tasks to queue
[2022-07-17 19:38:57,429] {logging_mixin.py:115} INFO - [2022-07-17 19:38:57,428] {dagbag.py:508} INFO - Filling up the DagBag from /home/airflow/.local/lib/python3.7/site-packages/airflow/example_dags/example_sla_dag.py
[2022-07-17 19:38:57,448] {processor.py:651} INFO - DAG(s) dict_keys(['example_sla_dag']) retrieved from /home/airflow/.local/lib/python3.7/site-packages/airflow/example_dags/example_sla_dag.py
[2022-07-17 19:38:57,476] {logging_mixin.py:115} INFO - [2022-07-17 19:38:57,476] {dag.py:2420} INFO - Sync 1 DAGs
[2022-07-17 19:38:57,509] {logging_mixin.py:115} INFO - [2022-07-17 19:38:57,509] {dag.py:2972} INFO - Setting next_dagrun for example_sla_dag to 2022-07-17T19:36:00+00:00, run_after=2022-07-17T19:38:00+00:00
[2022-07-17 19:38:57,521] {processor.py:161} INFO - Processing /home/airflow/.local/lib/python3.7/site-packages/airflow/example_dags/example_sla_dag.py took 0.097 seconds
[2022-07-17 19:39:27,734] {processor.py:153} INFO - Started process (PID=366) to work on /home/airflow/.local/lib/python3.7/site-packages/airflow/example_dags/example_sla_dag.py
[2022-07-17 19:39:27,735] {processor.py:641} INFO - Processing file /home/airflow/.local/lib/python3.7/site-packages/airflow/example_dags/example_sla_dag.py for tasks to queue
[2022-07-17 19:39:27,735] {logging_mixin.py:115} INFO - [2022-07-17 19:39:27,735] {dagbag.py:508} INFO - Filling up the DagBag from /home/airflow/.local/lib/python3.7/site-packages/airflow/example_dags/example_sla_dag.py
[2022-07-17 19:39:27,754] {processor.py:651} INFO - DAG(s) dict_keys(['example_sla_dag']) retrieved from /home/airflow/.local/lib/python3.7/site-packages/airflow/example_dags/example_sla_dag.py
[2022-07-17 19:39:27,783] {logging_mixin.py:115} INFO - [2022-07-17 19:39:27,783] {dag.py:2420} INFO - Sync 1 DAGs
[2022-07-17 19:39:27,815] {logging_mixin.py:115} INFO - [2022-07-17 19:39:27,814] {dag.py:2972} INFO - Setting next_dagrun for example_sla_dag to 2022-07-17T19:36:00+00:00, run_after=2022-07-17T19:38:00+00:00
[2022-07-17 19:39:27,826] {processor.py:161} INFO - Processing /home/airflow/.local/lib/python3.7/site-packages/airflow/example_dags/example_sla_dag.py took 0.095 seconds
[2022-07-17 19:39:58,133] {processor.py:153} INFO - Started process (PID=421) to work on /home/airflow/.local/lib/python3.7/site-packages/airflow/example_dags/example_sla_dag.py
[2022-07-17 19:39:58,134] {processor.py:641} INFO - Processing file /home/airflow/.local/lib/python3.7/site-packages/airflow/example_dags/example_sla_dag.py for tasks to queue
[2022-07-17 19:39:58,135] {logging_mixin.py:115} INFO - [2022-07-17 19:39:58,135] {dagbag.py:508} INFO - Filling up the DagBag from /home/airflow/.local/lib/python3.7/site-packages/airflow/example_dags/example_sla_dag.py
[2022-07-17 19:39:58,162] {processor.py:651} INFO - DAG(s) dict_keys(['example_sla_dag']) retrieved from /home/airflow/.local/lib/python3.7/site-packages/airflow/example_dags/example_sla_dag.py
[2022-07-17 19:39:58,226] {logging_mixin.py:115} INFO - [2022-07-17 19:39:58,226] {dag.py:2420} INFO - Sync 1 DAGs
[2022-07-17 19:39:58,281] {logging_mixin.py:115} INFO - [2022-07-17 19:39:58,281] {dag.py:2972} INFO - Setting next_dagrun for example_sla_dag to 2022-07-17T19:36:00+00:00, run_after=2022-07-17T19:38:00+00:00
[2022-07-17 19:39:58,298] {processor.py:161} INFO - Processing /home/airflow/.local/lib/python3.7/site-packages/airflow/example_dags/example_sla_dag.py took 0.168 seconds
[2022-07-17 19:40:28,524] {processor.py:153} INFO - Started process (PID=486) to work on /home/airflow/.local/lib/python3.7/site-packages/airflow/example_dags/example_sla_dag.py
[2022-07-17 19:40:28,524] {processor.py:641} INFO - Processing file /home/airflow/.local/lib/python3.7/site-packages/airflow/example_dags/example_sla_dag.py for tasks to queue
[2022-07-17 19:40:28,525] {logging_mixin.py:115} INFO - [2022-07-17 19:40:28,525] {dagbag.py:508} INFO - Filling up the DagBag from /home/airflow/.local/lib/python3.7/site-packages/airflow/example_dags/example_sla_dag.py
[2022-07-17 19:40:28,558] {processor.py:651} INFO - DAG(s) dict_keys(['example_sla_dag']) retrieved from /home/airflow/.local/lib/python3.7/site-packages/airflow/example_dags/example_sla_dag.py
[2022-07-17 19:40:28,586] {logging_mixin.py:115} INFO - [2022-07-17 19:40:28,586] {dag.py:2420} INFO - Sync 1 DAGs
[2022-07-17 19:40:28,615] {logging_mixin.py:115} INFO - [2022-07-17 19:40:28,615] {dag.py:2972} INFO - Setting next_dagrun for example_sla_dag to 2022-07-17T19:38:00+00:00, run_after=2022-07-17T19:40:00+00:00
[2022-07-17 19:40:28,629] {processor.py:161} INFO - Processing /home/airflow/.local/lib/python3.7/site-packages/airflow/example_dags/example_sla_dag.py took 0.110 seconds
[2022-07-17 19:40:59,756] {processor.py:153} INFO - Started process (PID=550) to work on /home/airflow/.local/lib/python3.7/site-packages/airflow/example_dags/example_sla_dag.py
[2022-07-17 19:40:59,756] {processor.py:641} INFO - Processing file /home/airflow/.local/lib/python3.7/site-packages/airflow/example_dags/example_sla_dag.py for tasks to queue
[2022-07-17 19:40:59,757] {logging_mixin.py:115} INFO - [2022-07-17 19:40:59,757] {dagbag.py:508} INFO - Filling up the DagBag from /home/airflow/.local/lib/python3.7/site-packages/airflow/example_dags/example_sla_dag.py
[2022-07-17 19:40:59,779] {processor.py:651} INFO - DAG(s) dict_keys(['example_sla_dag']) retrieved from /home/airflow/.local/lib/python3.7/site-packages/airflow/example_dags/example_sla_dag.py
[2022-07-17 19:40:59,809] {logging_mixin.py:115} INFO - [2022-07-17 19:40:59,809] {dag.py:2420} INFO - Sync 1 DAGs
[2022-07-17 19:40:59,845] {logging_mixin.py:115} INFO - [2022-07-17 19:40:59,845] {dag.py:2972} INFO - Setting next_dagrun for example_sla_dag to 2022-07-17T19:38:00+00:00, run_after=2022-07-17T19:40:00+00:00
[2022-07-17 19:40:59,858] {processor.py:161} INFO - Processing /home/airflow/.local/lib/python3.7/site-packages/airflow/example_dags/example_sla_dag.py took 0.106 seconds
[2022-07-17 19:41:30,791] {processor.py:153} INFO - Started process (PID=607) to work on /home/airflow/.local/lib/python3.7/site-packages/airflow/example_dags/example_sla_dag.py
[2022-07-17 19:41:30,792] {processor.py:641} INFO - Processing file /home/airflow/.local/lib/python3.7/site-packages/airflow/example_dags/example_sla_dag.py for tasks to queue
[2022-07-17 19:41:30,792] {logging_mixin.py:115} INFO - [2022-07-17 19:41:30,792] {dagbag.py:508} INFO - Filling up the DagBag from /home/airflow/.local/lib/python3.7/site-packages/airflow/example_dags/example_sla_dag.py
[2022-07-17 19:41:30,817] {processor.py:651} INFO - DAG(s) dict_keys(['example_sla_dag']) retrieved from /home/airflow/.local/lib/python3.7/site-packages/airflow/example_dags/example_sla_dag.py
[2022-07-17 19:41:30,848] {logging_mixin.py:115} INFO - [2022-07-17 19:41:30,848] {dag.py:2420} INFO - Sync 1 DAGs
[2022-07-17 19:41:30,885] {logging_mixin.py:115} INFO - [2022-07-17 19:41:30,885] {dag.py:2972} INFO - Setting next_dagrun for example_sla_dag to 2022-07-17T19:38:00+00:00, run_after=2022-07-17T19:40:00+00:00
[2022-07-17 19:41:30,899] {processor.py:161} INFO - Processing /home/airflow/.local/lib/python3.7/site-packages/airflow/example_dags/example_sla_dag.py took 0.111 seconds
[2022-07-17 19:42:00,962] {processor.py:153} INFO - Started process (PID=671) to work on /home/airflow/.local/lib/python3.7/site-packages/airflow/example_dags/example_sla_dag.py
[2022-07-17 19:42:00,963] {processor.py:641} INFO - Processing file /home/airflow/.local/lib/python3.7/site-packages/airflow/example_dags/example_sla_dag.py for tasks to queue
[2022-07-17 19:42:00,963] {logging_mixin.py:115} INFO - [2022-07-17 19:42:00,963] {dagbag.py:508} INFO - Filling up the DagBag from /home/airflow/.local/lib/python3.7/site-packages/airflow/example_dags/example_sla_dag.py
[2022-07-17 19:42:00,982] {processor.py:651} INFO - DAG(s) dict_keys(['example_sla_dag']) retrieved from /home/airflow/.local/lib/python3.7/site-packages/airflow/example_dags/example_sla_dag.py
[2022-07-17 19:42:01,009] {logging_mixin.py:115} INFO - [2022-07-17 19:42:01,009] {dag.py:2420} INFO - Sync 1 DAGs
[2022-07-17 19:42:01,040] {logging_mixin.py:115} INFO - [2022-07-17 19:42:01,040] {dag.py:2972} INFO - Setting next_dagrun for example_sla_dag to 2022-07-17T19:40:00+00:00, run_after=2022-07-17T19:42:00+00:00
[2022-07-17 19:42:01,052] {processor.py:161} INFO - Processing /home/airflow/.local/lib/python3.7/site-packages/airflow/example_dags/example_sla_dag.py took 0.093 seconds
[2022-07-17 19:42:31,214] {processor.py:153} INFO - Started process (PID=727) to work on /home/airflow/.local/lib/python3.7/site-packages/airflow/example_dags/example_sla_dag.py
[2022-07-17 19:42:31,215] {processor.py:641} INFO - Processing file /home/airflow/.local/lib/python3.7/site-packages/airflow/example_dags/example_sla_dag.py for tasks to queue
[2022-07-17 19:42:31,216] {logging_mixin.py:115} INFO - [2022-07-17 19:42:31,216] {dagbag.py:508} INFO - Filling up the DagBag from /home/airflow/.local/lib/python3.7/site-packages/airflow/example_dags/example_sla_dag.py
[2022-07-17 19:42:31,241] {processor.py:651} INFO - DAG(s) dict_keys(['example_sla_dag']) retrieved from /home/airflow/.local/lib/python3.7/site-packages/airflow/example_dags/example_sla_dag.py
[2022-07-17 19:42:31,278] {logging_mixin.py:115} INFO - [2022-07-17 19:42:31,278] {dag.py:2420} INFO - Sync 1 DAGs
[2022-07-17 19:42:31,319] {logging_mixin.py:115} INFO - [2022-07-17 19:42:31,319] {dag.py:2972} INFO - Setting next_dagrun for example_sla_dag to 2022-07-17T19:40:00+00:00, run_after=2022-07-17T19:42:00+00:00
[2022-07-17 19:42:31,337] {processor.py:161} INFO - Processing /home/airflow/.local/lib/python3.7/site-packages/airflow/example_dags/example_sla_dag.py took 0.127 seconds
[2022-07-17 19:43:01,740] {processor.py:153} INFO - Started process (PID=790) to work on /home/airflow/.local/lib/python3.7/site-packages/airflow/example_dags/example_sla_dag.py
[2022-07-17 19:43:01,740] {processor.py:641} INFO - Processing file /home/airflow/.local/lib/python3.7/site-packages/airflow/example_dags/example_sla_dag.py for tasks to queue
[2022-07-17 19:43:01,741] {logging_mixin.py:115} INFO - [2022-07-17 19:43:01,741] {dagbag.py:508} INFO - Filling up the DagBag from /home/airflow/.local/lib/python3.7/site-packages/airflow/example_dags/example_sla_dag.py
[2022-07-17 19:43:01,763] {processor.py:651} INFO - DAG(s) dict_keys(['example_sla_dag']) retrieved from /home/airflow/.local/lib/python3.7/site-packages/airflow/example_dags/example_sla_dag.py
[2022-07-17 19:43:01,790] {logging_mixin.py:115} INFO - [2022-07-17 19:43:01,790] {dag.py:2420} INFO - Sync 1 DAGs
[2022-07-17 19:43:01,823] {logging_mixin.py:115} INFO - [2022-07-17 19:43:01,823] {dag.py:2972} INFO - Setting next_dagrun for example_sla_dag to 2022-07-17T19:40:00+00:00, run_after=2022-07-17T19:42:00+00:00
[2022-07-17 19:43:01,836] {processor.py:161} INFO - Processing /home/airflow/.local/lib/python3.7/site-packages/airflow/example_dags/example_sla_dag.py took 0.100 seconds
[2022-07-17 19:43:32,117] {processor.py:153} INFO - Started process (PID=854) to work on /home/airflow/.local/lib/python3.7/site-packages/airflow/example_dags/example_sla_dag.py
[2022-07-17 19:43:32,117] {processor.py:641} INFO - Processing file /home/airflow/.local/lib/python3.7/site-packages/airflow/example_dags/example_sla_dag.py for tasks to queue
[2022-07-17 19:43:32,117] {logging_mixin.py:115} INFO - [2022-07-17 19:43:32,117] {dagbag.py:508} INFO - Filling up the DagBag from /home/airflow/.local/lib/python3.7/site-packages/airflow/example_dags/example_sla_dag.py
[2022-07-17 19:43:32,137] {processor.py:651} INFO - DAG(s) dict_keys(['example_sla_dag']) retrieved from /home/airflow/.local/lib/python3.7/site-packages/airflow/example_dags/example_sla_dag.py
[2022-07-17 19:43:32,168] {logging_mixin.py:115} INFO - [2022-07-17 19:43:32,168] {dag.py:2420} INFO - Sync 1 DAGs
[2022-07-17 19:43:32,214] {logging_mixin.py:115} INFO - [2022-07-17 19:43:32,213] {dag.py:2972} INFO - Setting next_dagrun for example_sla_dag to 2022-07-17T19:40:00+00:00, run_after=2022-07-17T19:42:00+00:00
[2022-07-17 19:43:32,229] {processor.py:161} INFO - Processing /home/airflow/.local/lib/python3.7/site-packages/airflow/example_dags/example_sla_dag.py took 0.116 seconds
[2022-07-17 19:44:02,561] {processor.py:153} INFO - Started process (PID=909) to work on /home/airflow/.local/lib/python3.7/site-packages/airflow/example_dags/example_sla_dag.py
[2022-07-17 19:44:02,561] {processor.py:641} INFO - Processing file /home/airflow/.local/lib/python3.7/site-packages/airflow/example_dags/example_sla_dag.py for tasks to queue
[2022-07-17 19:44:02,562] {logging_mixin.py:115} INFO - [2022-07-17 19:44:02,562] {dagbag.py:508} INFO - Filling up the DagBag from /home/airflow/.local/lib/python3.7/site-packages/airflow/example_dags/example_sla_dag.py
[2022-07-17 19:44:02,582] {processor.py:651} INFO - DAG(s) dict_keys(['example_sla_dag']) retrieved from /home/airflow/.local/lib/python3.7/site-packages/airflow/example_dags/example_sla_dag.py
[2022-07-17 19:44:02,606] {logging_mixin.py:115} INFO - [2022-07-17 19:44:02,606] {dag.py:2420} INFO - Sync 1 DAGs
[2022-07-17 19:44:02,637] {logging_mixin.py:115} INFO - [2022-07-17 19:44:02,637] {dag.py:2972} INFO - Setting next_dagrun for example_sla_dag to 2022-07-17T19:42:00+00:00, run_after=2022-07-17T19:44:00+00:00
[2022-07-17 19:44:02,649] {processor.py:161} INFO - Processing /home/airflow/.local/lib/python3.7/site-packages/airflow/example_dags/example_sla_dag.py took 0.092 seconds
[2022-07-17 19:44:33,430] {processor.py:153} INFO - Started process (PID=973) to work on /home/airflow/.local/lib/python3.7/site-packages/airflow/example_dags/example_sla_dag.py
[2022-07-17 19:44:33,431] {processor.py:641} INFO - Processing file /home/airflow/.local/lib/python3.7/site-packages/airflow/example_dags/example_sla_dag.py for tasks to queue
[2022-07-17 19:44:33,431] {logging_mixin.py:115} INFO - [2022-07-17 19:44:33,431] {dagbag.py:508} INFO - Filling up the DagBag from /home/airflow/.local/lib/python3.7/site-packages/airflow/example_dags/example_sla_dag.py
[2022-07-17 19:44:33,451] {processor.py:651} INFO - DAG(s) dict_keys(['example_sla_dag']) retrieved from /home/airflow/.local/lib/python3.7/site-packages/airflow/example_dags/example_sla_dag.py
[2022-07-17 19:44:33,477] {logging_mixin.py:115} INFO - [2022-07-17 19:44:33,477] {dag.py:2420} INFO - Sync 1 DAGs
[2022-07-17 19:44:33,510] {logging_mixin.py:115} INFO - [2022-07-17 19:44:33,510] {dag.py:2972} INFO - Setting next_dagrun for example_sla_dag to 2022-07-17T19:42:00+00:00, run_after=2022-07-17T19:44:00+00:00
[2022-07-17 19:44:33,522] {processor.py:161} INFO - Processing /home/airflow/.local/lib/python3.7/site-packages/airflow/example_dags/example_sla_dag.py took 0.094 seconds
[2022-07-17 19:45:03,734] {processor.py:153} INFO - Started process (PID=1028) to work on /home/airflow/.local/lib/python3.7/site-packages/airflow/example_dags/example_sla_dag.py
[2022-07-17 19:45:03,735] {processor.py:641} INFO - Processing file /home/airflow/.local/lib/python3.7/site-packages/airflow/example_dags/example_sla_dag.py for tasks to queue
[2022-07-17 19:45:03,735] {logging_mixin.py:115} INFO - [2022-07-17 19:45:03,735] {dagbag.py:508} INFO - Filling up the DagBag from /home/airflow/.local/lib/python3.7/site-packages/airflow/example_dags/example_sla_dag.py
[2022-07-17 19:45:03,753] {processor.py:651} INFO - DAG(s) dict_keys(['example_sla_dag']) retrieved from /home/airflow/.local/lib/python3.7/site-packages/airflow/example_dags/example_sla_dag.py
[2022-07-17 19:45:03,777] {logging_mixin.py:115} INFO - [2022-07-17 19:45:03,777] {dag.py:2420} INFO - Sync 1 DAGs
[2022-07-17 19:45:03,806] {logging_mixin.py:115} INFO - [2022-07-17 19:45:03,806] {dag.py:2972} INFO - Setting next_dagrun for example_sla_dag to 2022-07-17T19:42:00+00:00, run_after=2022-07-17T19:44:00+00:00
[2022-07-17 19:45:03,820] {processor.py:161} INFO - Processing /home/airflow/.local/lib/python3.7/site-packages/airflow/example_dags/example_sla_dag.py took 0.089 seconds
[2022-07-17 19:45:34,593] {processor.py:153} INFO - Started process (PID=1092) to work on /home/airflow/.local/lib/python3.7/site-packages/airflow/example_dags/example_sla_dag.py
[2022-07-17 19:45:34,594] {processor.py:641} INFO - Processing file /home/airflow/.local/lib/python3.7/site-packages/airflow/example_dags/example_sla_dag.py for tasks to queue
[2022-07-17 19:45:34,595] {logging_mixin.py:115} INFO - [2022-07-17 19:45:34,595] {dagbag.py:508} INFO - Filling up the DagBag from /home/airflow/.local/lib/python3.7/site-packages/airflow/example_dags/example_sla_dag.py
[2022-07-17 19:45:34,621] {processor.py:651} INFO - DAG(s) dict_keys(['example_sla_dag']) retrieved from /home/airflow/.local/lib/python3.7/site-packages/airflow/example_dags/example_sla_dag.py
[2022-07-17 19:45:34,646] {logging_mixin.py:115} INFO - [2022-07-17 19:45:34,646] {dag.py:2420} INFO - Sync 1 DAGs
[2022-07-17 19:45:34,678] {logging_mixin.py:115} INFO - [2022-07-17 19:45:34,678] {dag.py:2972} INFO - Setting next_dagrun for example_sla_dag to 2022-07-17T19:42:00+00:00, run_after=2022-07-17T19:44:00+00:00
[2022-07-17 19:45:34,690] {processor.py:161} INFO - Processing /home/airflow/.local/lib/python3.7/site-packages/airflow/example_dags/example_sla_dag.py took 0.102 seconds
[2022-07-17 19:46:05,145] {processor.py:153} INFO - Started process (PID=1155) to work on /home/airflow/.local/lib/python3.7/site-packages/airflow/example_dags/example_sla_dag.py
[2022-07-17 19:46:05,146] {processor.py:641} INFO - Processing file /home/airflow/.local/lib/python3.7/site-packages/airflow/example_dags/example_sla_dag.py for tasks to queue
[2022-07-17 19:46:05,147] {logging_mixin.py:115} INFO - [2022-07-17 19:46:05,147] {dagbag.py:508} INFO - Filling up the DagBag from /home/airflow/.local/lib/python3.7/site-packages/airflow/example_dags/example_sla_dag.py
[2022-07-17 19:46:05,178] {processor.py:651} INFO - DAG(s) dict_keys(['example_sla_dag']) retrieved from /home/airflow/.local/lib/python3.7/site-packages/airflow/example_dags/example_sla_dag.py
[2022-07-17 19:46:05,214] {logging_mixin.py:115} INFO - [2022-07-17 19:46:05,214] {dag.py:2420} INFO - Sync 1 DAGs
[2022-07-17 19:46:05,266] {logging_mixin.py:115} INFO - [2022-07-17 19:46:05,265] {dag.py:2972} INFO - Setting next_dagrun for example_sla_dag to 2022-07-17T19:44:00+00:00, run_after=2022-07-17T19:46:00+00:00
[2022-07-17 19:46:05,284] {processor.py:161} INFO - Processing /home/airflow/.local/lib/python3.7/site-packages/airflow/example_dags/example_sla_dag.py took 0.144 seconds
[2022-07-17 19:46:35,413] {processor.py:153} INFO - Started process (PID=1210) to work on /home/airflow/.local/lib/python3.7/site-packages/airflow/example_dags/example_sla_dag.py
[2022-07-17 19:46:35,413] {processor.py:641} INFO - Processing file /home/airflow/.local/lib/python3.7/site-packages/airflow/example_dags/example_sla_dag.py for tasks to queue
[2022-07-17 19:46:35,414] {logging_mixin.py:115} INFO - [2022-07-17 19:46:35,414] {dagbag.py:508} INFO - Filling up the DagBag from /home/airflow/.local/lib/python3.7/site-packages/airflow/example_dags/example_sla_dag.py
[2022-07-17 19:46:35,436] {processor.py:651} INFO - DAG(s) dict_keys(['example_sla_dag']) retrieved from /home/airflow/.local/lib/python3.7/site-packages/airflow/example_dags/example_sla_dag.py
[2022-07-17 19:46:35,466] {logging_mixin.py:115} INFO - [2022-07-17 19:46:35,466] {dag.py:2420} INFO - Sync 1 DAGs
[2022-07-17 19:46:35,502] {logging_mixin.py:115} INFO - [2022-07-17 19:46:35,502] {dag.py:2972} INFO - Setting next_dagrun for example_sla_dag to 2022-07-17T19:44:00+00:00, run_after=2022-07-17T19:46:00+00:00
[2022-07-17 19:46:35,519] {processor.py:161} INFO - Processing /home/airflow/.local/lib/python3.7/site-packages/airflow/example_dags/example_sla_dag.py took 0.110 seconds
[2022-07-17 19:47:05,661] {processor.py:153} INFO - Started process (PID=1275) to work on /home/airflow/.local/lib/python3.7/site-packages/airflow/example_dags/example_sla_dag.py
[2022-07-17 19:47:05,662] {processor.py:641} INFO - Processing file /home/airflow/.local/lib/python3.7/site-packages/airflow/example_dags/example_sla_dag.py for tasks to queue
[2022-07-17 19:47:05,663] {logging_mixin.py:115} INFO - [2022-07-17 19:47:05,662] {dagbag.py:508} INFO - Filling up the DagBag from /home/airflow/.local/lib/python3.7/site-packages/airflow/example_dags/example_sla_dag.py
[2022-07-17 19:47:05,681] {processor.py:651} INFO - DAG(s) dict_keys(['example_sla_dag']) retrieved from /home/airflow/.local/lib/python3.7/site-packages/airflow/example_dags/example_sla_dag.py
[2022-07-17 19:47:05,704] {logging_mixin.py:115} INFO - [2022-07-17 19:47:05,704] {dag.py:2420} INFO - Sync 1 DAGs
[2022-07-17 19:47:05,733] {logging_mixin.py:115} INFO - [2022-07-17 19:47:05,733] {dag.py:2972} INFO - Setting next_dagrun for example_sla_dag to 2022-07-17T19:44:00+00:00, run_after=2022-07-17T19:46:00+00:00
[2022-07-17 19:47:05,745] {processor.py:161} INFO - Processing /home/airflow/.local/lib/python3.7/site-packages/airflow/example_dags/example_sla_dag.py took 0.086 seconds
[2022-07-17 19:47:35,929] {processor.py:153} INFO - Started process (PID=1330) to work on /home/airflow/.local/lib/python3.7/site-packages/airflow/example_dags/example_sla_dag.py
[2022-07-17 19:47:35,929] {processor.py:641} INFO - Processing file /home/airflow/.local/lib/python3.7/site-packages/airflow/example_dags/example_sla_dag.py for tasks to queue
[2022-07-17 19:47:35,930] {logging_mixin.py:115} INFO - [2022-07-17 19:47:35,930] {dagbag.py:508} INFO - Filling up the DagBag from /home/airflow/.local/lib/python3.7/site-packages/airflow/example_dags/example_sla_dag.py
[2022-07-17 19:47:35,949] {processor.py:651} INFO - DAG(s) dict_keys(['example_sla_dag']) retrieved from /home/airflow/.local/lib/python3.7/site-packages/airflow/example_dags/example_sla_dag.py
[2022-07-17 19:47:35,975] {logging_mixin.py:115} INFO - [2022-07-17 19:47:35,975] {dag.py:2420} INFO - Sync 1 DAGs
[2022-07-17 19:47:36,008] {logging_mixin.py:115} INFO - [2022-07-17 19:47:36,008] {dag.py:2972} INFO - Setting next_dagrun for example_sla_dag to 2022-07-17T19:44:00+00:00, run_after=2022-07-17T19:46:00+00:00
[2022-07-17 19:47:36,021] {processor.py:161} INFO - Processing /home/airflow/.local/lib/python3.7/site-packages/airflow/example_dags/example_sla_dag.py took 0.095 seconds
[2022-07-17 19:48:06,315] {processor.py:153} INFO - Started process (PID=1397) to work on /home/airflow/.local/lib/python3.7/site-packages/airflow/example_dags/example_sla_dag.py
[2022-07-17 19:48:06,315] {processor.py:641} INFO - Processing file /home/airflow/.local/lib/python3.7/site-packages/airflow/example_dags/example_sla_dag.py for tasks to queue
[2022-07-17 19:48:06,316] {logging_mixin.py:115} INFO - [2022-07-17 19:48:06,316] {dagbag.py:508} INFO - Filling up the DagBag from /home/airflow/.local/lib/python3.7/site-packages/airflow/example_dags/example_sla_dag.py
[2022-07-17 19:48:06,335] {processor.py:651} INFO - DAG(s) dict_keys(['example_sla_dag']) retrieved from /home/airflow/.local/lib/python3.7/site-packages/airflow/example_dags/example_sla_dag.py
[2022-07-17 19:48:06,358] {logging_mixin.py:115} INFO - [2022-07-17 19:48:06,357] {dag.py:2420} INFO - Sync 1 DAGs
[2022-07-17 19:48:06,386] {logging_mixin.py:115} INFO - [2022-07-17 19:48:06,386] {dag.py:2972} INFO - Setting next_dagrun for example_sla_dag to 2022-07-17T19:46:00+00:00, run_after=2022-07-17T19:48:00+00:00
[2022-07-17 19:48:06,400] {processor.py:161} INFO - Processing /home/airflow/.local/lib/python3.7/site-packages/airflow/example_dags/example_sla_dag.py took 0.088 seconds
[2022-07-17 19:48:36,597] {processor.py:153} INFO - Started process (PID=1452) to work on /home/airflow/.local/lib/python3.7/site-packages/airflow/example_dags/example_sla_dag.py
[2022-07-17 19:48:36,598] {processor.py:641} INFO - Processing file /home/airflow/.local/lib/python3.7/site-packages/airflow/example_dags/example_sla_dag.py for tasks to queue
[2022-07-17 19:48:36,599] {logging_mixin.py:115} INFO - [2022-07-17 19:48:36,599] {dagbag.py:508} INFO - Filling up the DagBag from /home/airflow/.local/lib/python3.7/site-packages/airflow/example_dags/example_sla_dag.py
[2022-07-17 19:48:36,624] {processor.py:651} INFO - DAG(s) dict_keys(['example_sla_dag']) retrieved from /home/airflow/.local/lib/python3.7/site-packages/airflow/example_dags/example_sla_dag.py
[2022-07-17 19:48:36,656] {logging_mixin.py:115} INFO - [2022-07-17 19:48:36,655] {dag.py:2420} INFO - Sync 1 DAGs
[2022-07-17 19:48:36,697] {logging_mixin.py:115} INFO - [2022-07-17 19:48:36,697] {dag.py:2972} INFO - Setting next_dagrun for example_sla_dag to 2022-07-17T19:46:00+00:00, run_after=2022-07-17T19:48:00+00:00
[2022-07-17 19:48:36,712] {processor.py:161} INFO - Processing /home/airflow/.local/lib/python3.7/site-packages/airflow/example_dags/example_sla_dag.py took 0.120 seconds
[2022-07-17 19:49:07,142] {processor.py:153} INFO - Started process (PID=1517) to work on /home/airflow/.local/lib/python3.7/site-packages/airflow/example_dags/example_sla_dag.py
[2022-07-17 19:49:07,143] {processor.py:641} INFO - Processing file /home/airflow/.local/lib/python3.7/site-packages/airflow/example_dags/example_sla_dag.py for tasks to queue
[2022-07-17 19:49:07,144] {logging_mixin.py:115} INFO - [2022-07-17 19:49:07,143] {dagbag.py:508} INFO - Filling up the DagBag from /home/airflow/.local/lib/python3.7/site-packages/airflow/example_dags/example_sla_dag.py
[2022-07-17 19:49:07,163] {processor.py:651} INFO - DAG(s) dict_keys(['example_sla_dag']) retrieved from /home/airflow/.local/lib/python3.7/site-packages/airflow/example_dags/example_sla_dag.py
[2022-07-17 19:49:07,189] {logging_mixin.py:115} INFO - [2022-07-17 19:49:07,188] {dag.py:2420} INFO - Sync 1 DAGs
[2022-07-17 19:49:07,217] {logging_mixin.py:115} INFO - [2022-07-17 19:49:07,217] {dag.py:2972} INFO - Setting next_dagrun for example_sla_dag to 2022-07-17T19:46:00+00:00, run_after=2022-07-17T19:48:00+00:00
[2022-07-17 19:49:07,230] {processor.py:161} INFO - Processing /home/airflow/.local/lib/python3.7/site-packages/airflow/example_dags/example_sla_dag.py took 0.091 seconds
[2022-07-17 19:49:37,586] {processor.py:153} INFO - Started process (PID=1581) to work on /home/airflow/.local/lib/python3.7/site-packages/airflow/example_dags/example_sla_dag.py
[2022-07-17 19:49:37,587] {processor.py:641} INFO - Processing file /home/airflow/.local/lib/python3.7/site-packages/airflow/example_dags/example_sla_dag.py for tasks to queue
[2022-07-17 19:49:37,588] {logging_mixin.py:115} INFO - [2022-07-17 19:49:37,587] {dagbag.py:508} INFO - Filling up the DagBag from /home/airflow/.local/lib/python3.7/site-packages/airflow/example_dags/example_sla_dag.py
[2022-07-17 19:49:37,609] {processor.py:651} INFO - DAG(s) dict_keys(['example_sla_dag']) retrieved from /home/airflow/.local/lib/python3.7/site-packages/airflow/example_dags/example_sla_dag.py
[2022-07-17 19:49:37,640] {logging_mixin.py:115} INFO - [2022-07-17 19:49:37,639] {dag.py:2420} INFO - Sync 1 DAGs
[2022-07-17 19:49:37,677] {logging_mixin.py:115} INFO - [2022-07-17 19:49:37,676] {dag.py:2972} INFO - Setting next_dagrun for example_sla_dag to 2022-07-17T19:46:00+00:00, run_after=2022-07-17T19:48:00+00:00
[2022-07-17 19:49:37,690] {processor.py:161} INFO - Processing /home/airflow/.local/lib/python3.7/site-packages/airflow/example_dags/example_sla_dag.py took 0.107 seconds
[2022-07-17 19:50:07,895] {processor.py:153} INFO - Started process (PID=1636) to work on /home/airflow/.local/lib/python3.7/site-packages/airflow/example_dags/example_sla_dag.py
[2022-07-17 19:50:07,896] {processor.py:641} INFO - Processing file /home/airflow/.local/lib/python3.7/site-packages/airflow/example_dags/example_sla_dag.py for tasks to queue
[2022-07-17 19:50:07,896] {logging_mixin.py:115} INFO - [2022-07-17 19:50:07,896] {dagbag.py:508} INFO - Filling up the DagBag from /home/airflow/.local/lib/python3.7/site-packages/airflow/example_dags/example_sla_dag.py
[2022-07-17 19:50:07,915] {processor.py:651} INFO - DAG(s) dict_keys(['example_sla_dag']) retrieved from /home/airflow/.local/lib/python3.7/site-packages/airflow/example_dags/example_sla_dag.py
[2022-07-17 19:50:07,939] {logging_mixin.py:115} INFO - [2022-07-17 19:50:07,939] {dag.py:2420} INFO - Sync 1 DAGs
[2022-07-17 19:50:07,967] {logging_mixin.py:115} INFO - [2022-07-17 19:50:07,967] {dag.py:2972} INFO - Setting next_dagrun for example_sla_dag to 2022-07-17T19:48:00+00:00, run_after=2022-07-17T19:50:00+00:00
[2022-07-17 19:50:07,978] {processor.py:161} INFO - Processing /home/airflow/.local/lib/python3.7/site-packages/airflow/example_dags/example_sla_dag.py took 0.087 seconds
[2022-07-17 19:50:38,113] {processor.py:153} INFO - Started process (PID=1701) to work on /home/airflow/.local/lib/python3.7/site-packages/airflow/example_dags/example_sla_dag.py
[2022-07-17 19:50:38,113] {processor.py:641} INFO - Processing file /home/airflow/.local/lib/python3.7/site-packages/airflow/example_dags/example_sla_dag.py for tasks to queue
[2022-07-17 19:50:38,114] {logging_mixin.py:115} INFO - [2022-07-17 19:50:38,114] {dagbag.py:508} INFO - Filling up the DagBag from /home/airflow/.local/lib/python3.7/site-packages/airflow/example_dags/example_sla_dag.py
[2022-07-17 19:50:38,140] {processor.py:651} INFO - DAG(s) dict_keys(['example_sla_dag']) retrieved from /home/airflow/.local/lib/python3.7/site-packages/airflow/example_dags/example_sla_dag.py
[2022-07-17 19:50:38,176] {logging_mixin.py:115} INFO - [2022-07-17 19:50:38,176] {dag.py:2420} INFO - Sync 1 DAGs
[2022-07-17 19:50:38,232] {logging_mixin.py:115} INFO - [2022-07-17 19:50:38,232] {dag.py:2972} INFO - Setting next_dagrun for example_sla_dag to 2022-07-17T19:48:00+00:00, run_after=2022-07-17T19:50:00+00:00
[2022-07-17 19:50:38,254] {processor.py:161} INFO - Processing /home/airflow/.local/lib/python3.7/site-packages/airflow/example_dags/example_sla_dag.py took 0.144 seconds
[2022-07-17 19:51:08,505] {processor.py:153} INFO - Started process (PID=1758) to work on /home/airflow/.local/lib/python3.7/site-packages/airflow/example_dags/example_sla_dag.py
[2022-07-17 19:51:08,506] {processor.py:641} INFO - Processing file /home/airflow/.local/lib/python3.7/site-packages/airflow/example_dags/example_sla_dag.py for tasks to queue
[2022-07-17 19:51:08,507] {logging_mixin.py:115} INFO - [2022-07-17 19:51:08,507] {dagbag.py:508} INFO - Filling up the DagBag from /home/airflow/.local/lib/python3.7/site-packages/airflow/example_dags/example_sla_dag.py
[2022-07-17 19:51:08,526] {processor.py:651} INFO - DAG(s) dict_keys(['example_sla_dag']) retrieved from /home/airflow/.local/lib/python3.7/site-packages/airflow/example_dags/example_sla_dag.py
[2022-07-17 19:51:08,550] {logging_mixin.py:115} INFO - [2022-07-17 19:51:08,550] {dag.py:2420} INFO - Sync 1 DAGs
[2022-07-17 19:51:08,582] {logging_mixin.py:115} INFO - [2022-07-17 19:51:08,582] {dag.py:2972} INFO - Setting next_dagrun for example_sla_dag to 2022-07-17T19:48:00+00:00, run_after=2022-07-17T19:50:00+00:00
[2022-07-17 19:51:08,594] {processor.py:161} INFO - Processing /home/airflow/.local/lib/python3.7/site-packages/airflow/example_dags/example_sla_dag.py took 0.091 seconds
[2022-07-17 19:51:38,691] {processor.py:153} INFO - Started process (PID=1822) to work on /home/airflow/.local/lib/python3.7/site-packages/airflow/example_dags/example_sla_dag.py
[2022-07-17 19:51:38,692] {processor.py:641} INFO - Processing file /home/airflow/.local/lib/python3.7/site-packages/airflow/example_dags/example_sla_dag.py for tasks to queue
[2022-07-17 19:51:38,692] {logging_mixin.py:115} INFO - [2022-07-17 19:51:38,692] {dagbag.py:508} INFO - Filling up the DagBag from /home/airflow/.local/lib/python3.7/site-packages/airflow/example_dags/example_sla_dag.py
[2022-07-17 19:51:38,717] {processor.py:651} INFO - DAG(s) dict_keys(['example_sla_dag']) retrieved from /home/airflow/.local/lib/python3.7/site-packages/airflow/example_dags/example_sla_dag.py
[2022-07-17 19:51:38,743] {logging_mixin.py:115} INFO - [2022-07-17 19:51:38,743] {dag.py:2420} INFO - Sync 1 DAGs
[2022-07-17 19:51:38,775] {logging_mixin.py:115} INFO - [2022-07-17 19:51:38,775] {dag.py:2972} INFO - Setting next_dagrun for example_sla_dag to 2022-07-17T19:48:00+00:00, run_after=2022-07-17T19:50:00+00:00
[2022-07-17 19:51:38,793] {processor.py:161} INFO - Processing /home/airflow/.local/lib/python3.7/site-packages/airflow/example_dags/example_sla_dag.py took 0.106 seconds
[2022-07-17 19:52:09,260] {processor.py:153} INFO - Started process (PID=1877) to work on /home/airflow/.local/lib/python3.7/site-packages/airflow/example_dags/example_sla_dag.py
[2022-07-17 19:52:09,261] {processor.py:641} INFO - Processing file /home/airflow/.local/lib/python3.7/site-packages/airflow/example_dags/example_sla_dag.py for tasks to queue
[2022-07-17 19:52:09,261] {logging_mixin.py:115} INFO - [2022-07-17 19:52:09,261] {dagbag.py:508} INFO - Filling up the DagBag from /home/airflow/.local/lib/python3.7/site-packages/airflow/example_dags/example_sla_dag.py
[2022-07-17 19:52:09,284] {processor.py:651} INFO - DAG(s) dict_keys(['example_sla_dag']) retrieved from /home/airflow/.local/lib/python3.7/site-packages/airflow/example_dags/example_sla_dag.py
[2022-07-17 19:52:09,339] {logging_mixin.py:115} INFO - [2022-07-17 19:52:09,339] {dag.py:2420} INFO - Sync 1 DAGs
[2022-07-17 19:52:09,379] {logging_mixin.py:115} INFO - [2022-07-17 19:52:09,379] {dag.py:2972} INFO - Setting next_dagrun for example_sla_dag to 2022-07-17T19:50:00+00:00, run_after=2022-07-17T19:52:00+00:00
[2022-07-17 19:52:09,392] {processor.py:161} INFO - Processing /home/airflow/.local/lib/python3.7/site-packages/airflow/example_dags/example_sla_dag.py took 0.135 seconds
[2022-07-17 19:52:39,413] {processor.py:153} INFO - Started process (PID=1941) to work on /home/airflow/.local/lib/python3.7/site-packages/airflow/example_dags/example_sla_dag.py
[2022-07-17 19:52:39,414] {processor.py:641} INFO - Processing file /home/airflow/.local/lib/python3.7/site-packages/airflow/example_dags/example_sla_dag.py for tasks to queue
[2022-07-17 19:52:39,414] {logging_mixin.py:115} INFO - [2022-07-17 19:52:39,414] {dagbag.py:508} INFO - Filling up the DagBag from /home/airflow/.local/lib/python3.7/site-packages/airflow/example_dags/example_sla_dag.py
[2022-07-17 19:52:39,436] {processor.py:651} INFO - DAG(s) dict_keys(['example_sla_dag']) retrieved from /home/airflow/.local/lib/python3.7/site-packages/airflow/example_dags/example_sla_dag.py
[2022-07-17 19:52:39,467] {logging_mixin.py:115} INFO - [2022-07-17 19:52:39,467] {dag.py:2420} INFO - Sync 1 DAGs
[2022-07-17 19:52:39,511] {logging_mixin.py:115} INFO - [2022-07-17 19:52:39,511] {dag.py:2972} INFO - Setting next_dagrun for example_sla_dag to 2022-07-17T19:50:00+00:00, run_after=2022-07-17T19:52:00+00:00
[2022-07-17 19:52:39,528] {processor.py:161} INFO - Processing /home/airflow/.local/lib/python3.7/site-packages/airflow/example_dags/example_sla_dag.py took 0.118 seconds
[2022-07-17 19:53:09,676] {processor.py:153} INFO - Started process (PID=1995) to work on /home/airflow/.local/lib/python3.7/site-packages/airflow/example_dags/example_sla_dag.py
[2022-07-17 19:53:09,676] {processor.py:641} INFO - Processing file /home/airflow/.local/lib/python3.7/site-packages/airflow/example_dags/example_sla_dag.py for tasks to queue
[2022-07-17 19:53:09,677] {logging_mixin.py:115} INFO - [2022-07-17 19:53:09,677] {dagbag.py:508} INFO - Filling up the DagBag from /home/airflow/.local/lib/python3.7/site-packages/airflow/example_dags/example_sla_dag.py
[2022-07-17 19:53:09,696] {processor.py:651} INFO - DAG(s) dict_keys(['example_sla_dag']) retrieved from /home/airflow/.local/lib/python3.7/site-packages/airflow/example_dags/example_sla_dag.py
[2022-07-17 19:53:09,722] {logging_mixin.py:115} INFO - [2022-07-17 19:53:09,721] {dag.py:2420} INFO - Sync 1 DAGs
[2022-07-17 19:53:09,753] {logging_mixin.py:115} INFO - [2022-07-17 19:53:09,753] {dag.py:2972} INFO - Setting next_dagrun for example_sla_dag to 2022-07-17T19:50:00+00:00, run_after=2022-07-17T19:52:00+00:00
[2022-07-17 19:53:09,765] {processor.py:161} INFO - Processing /home/airflow/.local/lib/python3.7/site-packages/airflow/example_dags/example_sla_dag.py took 0.092 seconds
[2022-07-17 19:53:40,064] {processor.py:153} INFO - Started process (PID=2058) to work on /home/airflow/.local/lib/python3.7/site-packages/airflow/example_dags/example_sla_dag.py
[2022-07-17 19:53:40,065] {processor.py:641} INFO - Processing file /home/airflow/.local/lib/python3.7/site-packages/airflow/example_dags/example_sla_dag.py for tasks to queue
[2022-07-17 19:53:40,065] {logging_mixin.py:115} INFO - [2022-07-17 19:53:40,065] {dagbag.py:508} INFO - Filling up the DagBag from /home/airflow/.local/lib/python3.7/site-packages/airflow/example_dags/example_sla_dag.py
[2022-07-17 19:53:40,085] {processor.py:651} INFO - DAG(s) dict_keys(['example_sla_dag']) retrieved from /home/airflow/.local/lib/python3.7/site-packages/airflow/example_dags/example_sla_dag.py
[2022-07-17 19:53:40,109] {logging_mixin.py:115} INFO - [2022-07-17 19:53:40,109] {dag.py:2420} INFO - Sync 1 DAGs
[2022-07-17 19:53:40,141] {logging_mixin.py:115} INFO - [2022-07-17 19:53:40,141] {dag.py:2972} INFO - Setting next_dagrun for example_sla_dag to 2022-07-17T19:50:00+00:00, run_after=2022-07-17T19:52:00+00:00
[2022-07-17 19:53:40,153] {processor.py:161} INFO - Processing /home/airflow/.local/lib/python3.7/site-packages/airflow/example_dags/example_sla_dag.py took 0.092 seconds
[2022-07-17 19:54:10,337] {processor.py:153} INFO - Started process (PID=2123) to work on /home/airflow/.local/lib/python3.7/site-packages/airflow/example_dags/example_sla_dag.py
[2022-07-17 19:54:10,338] {processor.py:641} INFO - Processing file /home/airflow/.local/lib/python3.7/site-packages/airflow/example_dags/example_sla_dag.py for tasks to queue
[2022-07-17 19:54:10,338] {logging_mixin.py:115} INFO - [2022-07-17 19:54:10,338] {dagbag.py:508} INFO - Filling up the DagBag from /home/airflow/.local/lib/python3.7/site-packages/airflow/example_dags/example_sla_dag.py
[2022-07-17 19:54:10,359] {processor.py:651} INFO - DAG(s) dict_keys(['example_sla_dag']) retrieved from /home/airflow/.local/lib/python3.7/site-packages/airflow/example_dags/example_sla_dag.py
[2022-07-17 19:54:10,386] {logging_mixin.py:115} INFO - [2022-07-17 19:54:10,386] {dag.py:2420} INFO - Sync 1 DAGs
[2022-07-17 19:54:10,434] {logging_mixin.py:115} INFO - [2022-07-17 19:54:10,434] {dag.py:2972} INFO - Setting next_dagrun for example_sla_dag to 2022-07-17T19:52:00+00:00, run_after=2022-07-17T19:54:00+00:00
[2022-07-17 19:54:10,455] {processor.py:161} INFO - Processing /home/airflow/.local/lib/python3.7/site-packages/airflow/example_dags/example_sla_dag.py took 0.120 seconds
[2022-07-17 19:54:40,526] {processor.py:153} INFO - Started process (PID=2178) to work on /home/airflow/.local/lib/python3.7/site-packages/airflow/example_dags/example_sla_dag.py
[2022-07-17 19:54:40,527] {processor.py:641} INFO - Processing file /home/airflow/.local/lib/python3.7/site-packages/airflow/example_dags/example_sla_dag.py for tasks to queue
[2022-07-17 19:54:40,527] {logging_mixin.py:115} INFO - [2022-07-17 19:54:40,527] {dagbag.py:508} INFO - Filling up the DagBag from /home/airflow/.local/lib/python3.7/site-packages/airflow/example_dags/example_sla_dag.py
[2022-07-17 19:54:40,547] {processor.py:651} INFO - DAG(s) dict_keys(['example_sla_dag']) retrieved from /home/airflow/.local/lib/python3.7/site-packages/airflow/example_dags/example_sla_dag.py
[2022-07-17 19:54:40,573] {logging_mixin.py:115} INFO - [2022-07-17 19:54:40,573] {dag.py:2420} INFO - Sync 1 DAGs
[2022-07-17 19:54:40,609] {logging_mixin.py:115} INFO - [2022-07-17 19:54:40,609] {dag.py:2972} INFO - Setting next_dagrun for example_sla_dag to 2022-07-17T19:52:00+00:00, run_after=2022-07-17T19:54:00+00:00
[2022-07-17 19:54:40,621] {processor.py:161} INFO - Processing /home/airflow/.local/lib/python3.7/site-packages/airflow/example_dags/example_sla_dag.py took 0.098 seconds
[2022-07-17 19:55:10,714] {processor.py:153} INFO - Started process (PID=2242) to work on /home/airflow/.local/lib/python3.7/site-packages/airflow/example_dags/example_sla_dag.py
[2022-07-17 19:55:10,714] {processor.py:641} INFO - Processing file /home/airflow/.local/lib/python3.7/site-packages/airflow/example_dags/example_sla_dag.py for tasks to queue
[2022-07-17 19:55:10,715] {logging_mixin.py:115} INFO - [2022-07-17 19:55:10,715] {dagbag.py:508} INFO - Filling up the DagBag from /home/airflow/.local/lib/python3.7/site-packages/airflow/example_dags/example_sla_dag.py
[2022-07-17 19:55:10,734] {processor.py:651} INFO - DAG(s) dict_keys(['example_sla_dag']) retrieved from /home/airflow/.local/lib/python3.7/site-packages/airflow/example_dags/example_sla_dag.py
[2022-07-17 19:55:10,759] {logging_mixin.py:115} INFO - [2022-07-17 19:55:10,758] {dag.py:2420} INFO - Sync 1 DAGs
[2022-07-17 19:55:10,788] {logging_mixin.py:115} INFO - [2022-07-17 19:55:10,788] {dag.py:2972} INFO - Setting next_dagrun for example_sla_dag to 2022-07-17T19:52:00+00:00, run_after=2022-07-17T19:54:00+00:00
[2022-07-17 19:55:10,800] {processor.py:161} INFO - Processing /home/airflow/.local/lib/python3.7/site-packages/airflow/example_dags/example_sla_dag.py took 0.090 seconds
[2022-07-17 19:55:41,246] {processor.py:153} INFO - Started process (PID=2299) to work on /home/airflow/.local/lib/python3.7/site-packages/airflow/example_dags/example_sla_dag.py
[2022-07-17 19:55:41,247] {processor.py:641} INFO - Processing file /home/airflow/.local/lib/python3.7/site-packages/airflow/example_dags/example_sla_dag.py for tasks to queue
[2022-07-17 19:55:41,247] {logging_mixin.py:115} INFO - [2022-07-17 19:55:41,247] {dagbag.py:508} INFO - Filling up the DagBag from /home/airflow/.local/lib/python3.7/site-packages/airflow/example_dags/example_sla_dag.py
[2022-07-17 19:55:41,267] {processor.py:651} INFO - DAG(s) dict_keys(['example_sla_dag']) retrieved from /home/airflow/.local/lib/python3.7/site-packages/airflow/example_dags/example_sla_dag.py
[2022-07-17 19:55:41,292] {logging_mixin.py:115} INFO - [2022-07-17 19:55:41,291] {dag.py:2420} INFO - Sync 1 DAGs
[2022-07-17 19:55:41,323] {logging_mixin.py:115} INFO - [2022-07-17 19:55:41,323] {dag.py:2972} INFO - Setting next_dagrun for example_sla_dag to 2022-07-17T19:52:00+00:00, run_after=2022-07-17T19:54:00+00:00
[2022-07-17 19:55:41,336] {processor.py:161} INFO - Processing /home/airflow/.local/lib/python3.7/site-packages/airflow/example_dags/example_sla_dag.py took 0.093 seconds
[2022-07-17 19:56:11,908] {processor.py:153} INFO - Started process (PID=2365) to work on /home/airflow/.local/lib/python3.7/site-packages/airflow/example_dags/example_sla_dag.py
[2022-07-17 19:56:11,909] {processor.py:641} INFO - Processing file /home/airflow/.local/lib/python3.7/site-packages/airflow/example_dags/example_sla_dag.py for tasks to queue
[2022-07-17 19:56:11,909] {logging_mixin.py:115} INFO - [2022-07-17 19:56:11,909] {dagbag.py:508} INFO - Filling up the DagBag from /home/airflow/.local/lib/python3.7/site-packages/airflow/example_dags/example_sla_dag.py
[2022-07-17 19:56:11,929] {processor.py:651} INFO - DAG(s) dict_keys(['example_sla_dag']) retrieved from /home/airflow/.local/lib/python3.7/site-packages/airflow/example_dags/example_sla_dag.py
[2022-07-17 19:56:11,953] {logging_mixin.py:115} INFO - [2022-07-17 19:56:11,953] {dag.py:2420} INFO - Sync 1 DAGs
[2022-07-17 19:56:11,988] {logging_mixin.py:115} INFO - [2022-07-17 19:56:11,988] {dag.py:2972} INFO - Setting next_dagrun for example_sla_dag to 2022-07-17T19:54:00+00:00, run_after=2022-07-17T19:56:00+00:00
[2022-07-17 19:56:12,000] {processor.py:161} INFO - Processing /home/airflow/.local/lib/python3.7/site-packages/airflow/example_dags/example_sla_dag.py took 0.096 seconds
[2022-07-17 19:56:42,052] {processor.py:153} INFO - Started process (PID=2420) to work on /home/airflow/.local/lib/python3.7/site-packages/airflow/example_dags/example_sla_dag.py
[2022-07-17 19:56:42,053] {processor.py:641} INFO - Processing file /home/airflow/.local/lib/python3.7/site-packages/airflow/example_dags/example_sla_dag.py for tasks to queue
[2022-07-17 19:56:42,053] {logging_mixin.py:115} INFO - [2022-07-17 19:56:42,053] {dagbag.py:508} INFO - Filling up the DagBag from /home/airflow/.local/lib/python3.7/site-packages/airflow/example_dags/example_sla_dag.py
[2022-07-17 19:56:42,074] {processor.py:651} INFO - DAG(s) dict_keys(['example_sla_dag']) retrieved from /home/airflow/.local/lib/python3.7/site-packages/airflow/example_dags/example_sla_dag.py
[2022-07-17 19:56:42,100] {logging_mixin.py:115} INFO - [2022-07-17 19:56:42,100] {dag.py:2420} INFO - Sync 1 DAGs
[2022-07-17 19:56:42,139] {logging_mixin.py:115} INFO - [2022-07-17 19:56:42,139] {dag.py:2972} INFO - Setting next_dagrun for example_sla_dag to 2022-07-17T19:54:00+00:00, run_after=2022-07-17T19:56:00+00:00
[2022-07-17 19:56:42,154] {processor.py:161} INFO - Processing /home/airflow/.local/lib/python3.7/site-packages/airflow/example_dags/example_sla_dag.py took 0.105 seconds
[2022-07-17 19:57:12,255] {processor.py:153} INFO - Started process (PID=2484) to work on /home/airflow/.local/lib/python3.7/site-packages/airflow/example_dags/example_sla_dag.py
[2022-07-17 19:57:12,256] {processor.py:641} INFO - Processing file /home/airflow/.local/lib/python3.7/site-packages/airflow/example_dags/example_sla_dag.py for tasks to queue
[2022-07-17 19:57:12,257] {logging_mixin.py:115} INFO - [2022-07-17 19:57:12,256] {dagbag.py:508} INFO - Filling up the DagBag from /home/airflow/.local/lib/python3.7/site-packages/airflow/example_dags/example_sla_dag.py
[2022-07-17 19:57:12,276] {processor.py:651} INFO - DAG(s) dict_keys(['example_sla_dag']) retrieved from /home/airflow/.local/lib/python3.7/site-packages/airflow/example_dags/example_sla_dag.py
[2022-07-17 19:57:12,300] {logging_mixin.py:115} INFO - [2022-07-17 19:57:12,300] {dag.py:2420} INFO - Sync 1 DAGs
[2022-07-17 19:57:12,330] {logging_mixin.py:115} INFO - [2022-07-17 19:57:12,330] {dag.py:2972} INFO - Setting next_dagrun for example_sla_dag to 2022-07-17T19:54:00+00:00, run_after=2022-07-17T19:56:00+00:00
[2022-07-17 19:57:12,344] {processor.py:161} INFO - Processing /home/airflow/.local/lib/python3.7/site-packages/airflow/example_dags/example_sla_dag.py took 0.092 seconds
[2022-07-17 19:57:42,633] {processor.py:153} INFO - Started process (PID=2548) to work on /home/airflow/.local/lib/python3.7/site-packages/airflow/example_dags/example_sla_dag.py
[2022-07-17 19:57:42,634] {processor.py:641} INFO - Processing file /home/airflow/.local/lib/python3.7/site-packages/airflow/example_dags/example_sla_dag.py for tasks to queue
[2022-07-17 19:57:42,634] {logging_mixin.py:115} INFO - [2022-07-17 19:57:42,634] {dagbag.py:508} INFO - Filling up the DagBag from /home/airflow/.local/lib/python3.7/site-packages/airflow/example_dags/example_sla_dag.py
[2022-07-17 19:57:42,658] {processor.py:651} INFO - DAG(s) dict_keys(['example_sla_dag']) retrieved from /home/airflow/.local/lib/python3.7/site-packages/airflow/example_dags/example_sla_dag.py
[2022-07-17 19:57:42,691] {logging_mixin.py:115} INFO - [2022-07-17 19:57:42,690] {dag.py:2420} INFO - Sync 1 DAGs
[2022-07-17 19:57:42,729] {logging_mixin.py:115} INFO - [2022-07-17 19:57:42,729] {dag.py:2972} INFO - Setting next_dagrun for example_sla_dag to 2022-07-17T19:54:00+00:00, run_after=2022-07-17T19:56:00+00:00
[2022-07-17 19:57:42,748] {processor.py:161} INFO - Processing /home/airflow/.local/lib/python3.7/site-packages/airflow/example_dags/example_sla_dag.py took 0.119 seconds
[2022-07-17 19:58:12,851] {processor.py:153} INFO - Started process (PID=2603) to work on /home/airflow/.local/lib/python3.7/site-packages/airflow/example_dags/example_sla_dag.py
[2022-07-17 19:58:12,851] {processor.py:641} INFO - Processing file /home/airflow/.local/lib/python3.7/site-packages/airflow/example_dags/example_sla_dag.py for tasks to queue
[2022-07-17 19:58:12,852] {logging_mixin.py:115} INFO - [2022-07-17 19:58:12,852] {dagbag.py:508} INFO - Filling up the DagBag from /home/airflow/.local/lib/python3.7/site-packages/airflow/example_dags/example_sla_dag.py
[2022-07-17 19:58:12,873] {processor.py:651} INFO - DAG(s) dict_keys(['example_sla_dag']) retrieved from /home/airflow/.local/lib/python3.7/site-packages/airflow/example_dags/example_sla_dag.py
[2022-07-17 19:58:12,898] {logging_mixin.py:115} INFO - [2022-07-17 19:58:12,898] {dag.py:2420} INFO - Sync 1 DAGs
[2022-07-17 19:58:12,928] {logging_mixin.py:115} INFO - [2022-07-17 19:58:12,928] {dag.py:2972} INFO - Setting next_dagrun for example_sla_dag to 2022-07-17T19:56:00+00:00, run_after=2022-07-17T19:58:00+00:00
[2022-07-17 19:58:12,942] {processor.py:161} INFO - Processing /home/airflow/.local/lib/python3.7/site-packages/airflow/example_dags/example_sla_dag.py took 0.095 seconds
[2022-07-17 19:58:43,869] {processor.py:153} INFO - Started process (PID=2667) to work on /home/airflow/.local/lib/python3.7/site-packages/airflow/example_dags/example_sla_dag.py
[2022-07-17 19:58:43,869] {processor.py:641} INFO - Processing file /home/airflow/.local/lib/python3.7/site-packages/airflow/example_dags/example_sla_dag.py for tasks to queue
[2022-07-17 19:58:43,870] {logging_mixin.py:115} INFO - [2022-07-17 19:58:43,870] {dagbag.py:508} INFO - Filling up the DagBag from /home/airflow/.local/lib/python3.7/site-packages/airflow/example_dags/example_sla_dag.py
[2022-07-17 19:58:43,888] {processor.py:651} INFO - DAG(s) dict_keys(['example_sla_dag']) retrieved from /home/airflow/.local/lib/python3.7/site-packages/airflow/example_dags/example_sla_dag.py
[2022-07-17 19:58:43,913] {logging_mixin.py:115} INFO - [2022-07-17 19:58:43,913] {dag.py:2420} INFO - Sync 1 DAGs
[2022-07-17 19:58:43,942] {logging_mixin.py:115} INFO - [2022-07-17 19:58:43,942] {dag.py:2972} INFO - Setting next_dagrun for example_sla_dag to 2022-07-17T19:56:00+00:00, run_after=2022-07-17T19:58:00+00:00
[2022-07-17 19:58:43,955] {processor.py:161} INFO - Processing /home/airflow/.local/lib/python3.7/site-packages/airflow/example_dags/example_sla_dag.py took 0.090 seconds
[2022-07-17 19:59:14,332] {processor.py:153} INFO - Started process (PID=2722) to work on /home/airflow/.local/lib/python3.7/site-packages/airflow/example_dags/example_sla_dag.py
[2022-07-17 19:59:14,333] {processor.py:641} INFO - Processing file /home/airflow/.local/lib/python3.7/site-packages/airflow/example_dags/example_sla_dag.py for tasks to queue
[2022-07-17 19:59:14,333] {logging_mixin.py:115} INFO - [2022-07-17 19:59:14,333] {dagbag.py:508} INFO - Filling up the DagBag from /home/airflow/.local/lib/python3.7/site-packages/airflow/example_dags/example_sla_dag.py
[2022-07-17 19:59:14,353] {processor.py:651} INFO - DAG(s) dict_keys(['example_sla_dag']) retrieved from /home/airflow/.local/lib/python3.7/site-packages/airflow/example_dags/example_sla_dag.py
[2022-07-17 19:59:14,381] {logging_mixin.py:115} INFO - [2022-07-17 19:59:14,381] {dag.py:2420} INFO - Sync 1 DAGs
[2022-07-17 19:59:14,413] {logging_mixin.py:115} INFO - [2022-07-17 19:59:14,413] {dag.py:2972} INFO - Setting next_dagrun for example_sla_dag to 2022-07-17T19:56:00+00:00, run_after=2022-07-17T19:58:00+00:00
[2022-07-17 19:59:14,434] {processor.py:161} INFO - Processing /home/airflow/.local/lib/python3.7/site-packages/airflow/example_dags/example_sla_dag.py took 0.105 seconds
[2022-07-17 19:59:44,485] {processor.py:153} INFO - Started process (PID=2787) to work on /home/airflow/.local/lib/python3.7/site-packages/airflow/example_dags/example_sla_dag.py
[2022-07-17 19:59:44,485] {processor.py:641} INFO - Processing file /home/airflow/.local/lib/python3.7/site-packages/airflow/example_dags/example_sla_dag.py for tasks to queue
[2022-07-17 19:59:44,486] {logging_mixin.py:115} INFO - [2022-07-17 19:59:44,486] {dagbag.py:508} INFO - Filling up the DagBag from /home/airflow/.local/lib/python3.7/site-packages/airflow/example_dags/example_sla_dag.py
[2022-07-17 19:59:44,504] {processor.py:651} INFO - DAG(s) dict_keys(['example_sla_dag']) retrieved from /home/airflow/.local/lib/python3.7/site-packages/airflow/example_dags/example_sla_dag.py
[2022-07-17 19:59:44,527] {logging_mixin.py:115} INFO - [2022-07-17 19:59:44,526] {dag.py:2420} INFO - Sync 1 DAGs
[2022-07-17 19:59:44,562] {logging_mixin.py:115} INFO - [2022-07-17 19:59:44,561] {dag.py:2972} INFO - Setting next_dagrun for example_sla_dag to 2022-07-17T19:56:00+00:00, run_after=2022-07-17T19:58:00+00:00
[2022-07-17 19:59:44,573] {processor.py:161} INFO - Processing /home/airflow/.local/lib/python3.7/site-packages/airflow/example_dags/example_sla_dag.py took 0.092 seconds
[2022-07-17 20:00:14,881] {processor.py:153} INFO - Started process (PID=2852) to work on /home/airflow/.local/lib/python3.7/site-packages/airflow/example_dags/example_sla_dag.py
[2022-07-17 20:00:14,882] {processor.py:641} INFO - Processing file /home/airflow/.local/lib/python3.7/site-packages/airflow/example_dags/example_sla_dag.py for tasks to queue
[2022-07-17 20:00:14,883] {logging_mixin.py:115} INFO - [2022-07-17 20:00:14,882] {dagbag.py:508} INFO - Filling up the DagBag from /home/airflow/.local/lib/python3.7/site-packages/airflow/example_dags/example_sla_dag.py
[2022-07-17 20:00:14,902] {processor.py:651} INFO - DAG(s) dict_keys(['example_sla_dag']) retrieved from /home/airflow/.local/lib/python3.7/site-packages/airflow/example_dags/example_sla_dag.py
[2022-07-17 20:00:14,925] {logging_mixin.py:115} INFO - [2022-07-17 20:00:14,925] {dag.py:2420} INFO - Sync 1 DAGs
[2022-07-17 20:00:14,953] {logging_mixin.py:115} INFO - [2022-07-17 20:00:14,953] {dag.py:2972} INFO - Setting next_dagrun for example_sla_dag to 2022-07-17T19:58:00+00:00, run_after=2022-07-17T20:00:00+00:00
[2022-07-17 20:00:14,966] {processor.py:161} INFO - Processing /home/airflow/.local/lib/python3.7/site-packages/airflow/example_dags/example_sla_dag.py took 0.088 seconds
[2022-07-17 20:00:45,394] {processor.py:153} INFO - Started process (PID=2908) to work on /home/airflow/.local/lib/python3.7/site-packages/airflow/example_dags/example_sla_dag.py
[2022-07-17 20:00:45,395] {processor.py:641} INFO - Processing file /home/airflow/.local/lib/python3.7/site-packages/airflow/example_dags/example_sla_dag.py for tasks to queue
[2022-07-17 20:00:45,395] {logging_mixin.py:115} INFO - [2022-07-17 20:00:45,395] {dagbag.py:508} INFO - Filling up the DagBag from /home/airflow/.local/lib/python3.7/site-packages/airflow/example_dags/example_sla_dag.py
[2022-07-17 20:00:45,415] {processor.py:651} INFO - DAG(s) dict_keys(['example_sla_dag']) retrieved from /home/airflow/.local/lib/python3.7/site-packages/airflow/example_dags/example_sla_dag.py
[2022-07-17 20:00:45,445] {logging_mixin.py:115} INFO - [2022-07-17 20:00:45,444] {dag.py:2420} INFO - Sync 1 DAGs
[2022-07-17 20:00:45,478] {logging_mixin.py:115} INFO - [2022-07-17 20:00:45,478] {dag.py:2972} INFO - Setting next_dagrun for example_sla_dag to 2022-07-17T19:58:00+00:00, run_after=2022-07-17T20:00:00+00:00
[2022-07-17 20:00:45,493] {processor.py:161} INFO - Processing /home/airflow/.local/lib/python3.7/site-packages/airflow/example_dags/example_sla_dag.py took 0.102 seconds
[2022-07-17 20:01:15,603] {processor.py:153} INFO - Started process (PID=2972) to work on /home/airflow/.local/lib/python3.7/site-packages/airflow/example_dags/example_sla_dag.py
[2022-07-17 20:01:15,604] {processor.py:641} INFO - Processing file /home/airflow/.local/lib/python3.7/site-packages/airflow/example_dags/example_sla_dag.py for tasks to queue
[2022-07-17 20:01:15,604] {logging_mixin.py:115} INFO - [2022-07-17 20:01:15,604] {dagbag.py:508} INFO - Filling up the DagBag from /home/airflow/.local/lib/python3.7/site-packages/airflow/example_dags/example_sla_dag.py
[2022-07-17 20:01:15,625] {processor.py:651} INFO - DAG(s) dict_keys(['example_sla_dag']) retrieved from /home/airflow/.local/lib/python3.7/site-packages/airflow/example_dags/example_sla_dag.py
[2022-07-17 20:01:15,653] {logging_mixin.py:115} INFO - [2022-07-17 20:01:15,653] {dag.py:2420} INFO - Sync 1 DAGs
[2022-07-17 20:01:15,693] {logging_mixin.py:115} INFO - [2022-07-17 20:01:15,693] {dag.py:2972} INFO - Setting next_dagrun for example_sla_dag to 2022-07-17T19:58:00+00:00, run_after=2022-07-17T20:00:00+00:00
[2022-07-17 20:01:15,710] {processor.py:161} INFO - Processing /home/airflow/.local/lib/python3.7/site-packages/airflow/example_dags/example_sla_dag.py took 0.110 seconds
[2022-07-17 20:01:46,085] {processor.py:153} INFO - Started process (PID=3027) to work on /home/airflow/.local/lib/python3.7/site-packages/airflow/example_dags/example_sla_dag.py
[2022-07-17 20:01:46,085] {processor.py:641} INFO - Processing file /home/airflow/.local/lib/python3.7/site-packages/airflow/example_dags/example_sla_dag.py for tasks to queue
[2022-07-17 20:01:46,086] {logging_mixin.py:115} INFO - [2022-07-17 20:01:46,086] {dagbag.py:508} INFO - Filling up the DagBag from /home/airflow/.local/lib/python3.7/site-packages/airflow/example_dags/example_sla_dag.py
[2022-07-17 20:01:46,110] {processor.py:651} INFO - DAG(s) dict_keys(['example_sla_dag']) retrieved from /home/airflow/.local/lib/python3.7/site-packages/airflow/example_dags/example_sla_dag.py
[2022-07-17 20:01:46,137] {logging_mixin.py:115} INFO - [2022-07-17 20:01:46,137] {dag.py:2420} INFO - Sync 1 DAGs
[2022-07-17 20:01:46,167] {logging_mixin.py:115} INFO - [2022-07-17 20:01:46,167] {dag.py:2972} INFO - Setting next_dagrun for example_sla_dag to 2022-07-17T19:58:00+00:00, run_after=2022-07-17T20:00:00+00:00
[2022-07-17 20:01:46,180] {processor.py:161} INFO - Processing /home/airflow/.local/lib/python3.7/site-packages/airflow/example_dags/example_sla_dag.py took 0.099 seconds
[2022-07-17 20:02:16,758] {processor.py:153} INFO - Started process (PID=3094) to work on /home/airflow/.local/lib/python3.7/site-packages/airflow/example_dags/example_sla_dag.py
[2022-07-17 20:02:16,759] {processor.py:641} INFO - Processing file /home/airflow/.local/lib/python3.7/site-packages/airflow/example_dags/example_sla_dag.py for tasks to queue
[2022-07-17 20:02:16,759] {logging_mixin.py:115} INFO - [2022-07-17 20:02:16,759] {dagbag.py:508} INFO - Filling up the DagBag from /home/airflow/.local/lib/python3.7/site-packages/airflow/example_dags/example_sla_dag.py
[2022-07-17 20:02:16,778] {processor.py:651} INFO - DAG(s) dict_keys(['example_sla_dag']) retrieved from /home/airflow/.local/lib/python3.7/site-packages/airflow/example_dags/example_sla_dag.py
[2022-07-17 20:02:16,803] {logging_mixin.py:115} INFO - [2022-07-17 20:02:16,802] {dag.py:2420} INFO - Sync 1 DAGs
[2022-07-17 20:02:16,837] {logging_mixin.py:115} INFO - [2022-07-17 20:02:16,837] {dag.py:2972} INFO - Setting next_dagrun for example_sla_dag to 2022-07-17T20:00:00+00:00, run_after=2022-07-17T20:02:00+00:00
[2022-07-17 20:02:16,850] {processor.py:161} INFO - Processing /home/airflow/.local/lib/python3.7/site-packages/airflow/example_dags/example_sla_dag.py took 0.095 seconds
[2022-07-17 20:02:47,055] {processor.py:153} INFO - Started process (PID=3149) to work on /home/airflow/.local/lib/python3.7/site-packages/airflow/example_dags/example_sla_dag.py
[2022-07-17 20:02:47,055] {processor.py:641} INFO - Processing file /home/airflow/.local/lib/python3.7/site-packages/airflow/example_dags/example_sla_dag.py for tasks to queue
[2022-07-17 20:02:47,056] {logging_mixin.py:115} INFO - [2022-07-17 20:02:47,056] {dagbag.py:508} INFO - Filling up the DagBag from /home/airflow/.local/lib/python3.7/site-packages/airflow/example_dags/example_sla_dag.py
[2022-07-17 20:02:47,076] {processor.py:651} INFO - DAG(s) dict_keys(['example_sla_dag']) retrieved from /home/airflow/.local/lib/python3.7/site-packages/airflow/example_dags/example_sla_dag.py
[2022-07-17 20:02:47,103] {logging_mixin.py:115} INFO - [2022-07-17 20:02:47,103] {dag.py:2420} INFO - Sync 1 DAGs
[2022-07-17 20:02:47,133] {logging_mixin.py:115} INFO - [2022-07-17 20:02:47,133] {dag.py:2972} INFO - Setting next_dagrun for example_sla_dag to 2022-07-17T20:00:00+00:00, run_after=2022-07-17T20:02:00+00:00
[2022-07-17 20:02:47,145] {processor.py:161} INFO - Processing /home/airflow/.local/lib/python3.7/site-packages/airflow/example_dags/example_sla_dag.py took 0.093 seconds
[2022-07-17 20:03:17,478] {processor.py:153} INFO - Started process (PID=3211) to work on /home/airflow/.local/lib/python3.7/site-packages/airflow/example_dags/example_sla_dag.py
[2022-07-17 20:03:17,479] {processor.py:641} INFO - Processing file /home/airflow/.local/lib/python3.7/site-packages/airflow/example_dags/example_sla_dag.py for tasks to queue
[2022-07-17 20:03:17,479] {logging_mixin.py:115} INFO - [2022-07-17 20:03:17,479] {dagbag.py:508} INFO - Filling up the DagBag from /home/airflow/.local/lib/python3.7/site-packages/airflow/example_dags/example_sla_dag.py
[2022-07-17 20:03:17,506] {processor.py:651} INFO - DAG(s) dict_keys(['example_sla_dag']) retrieved from /home/airflow/.local/lib/python3.7/site-packages/airflow/example_dags/example_sla_dag.py
[2022-07-17 20:03:17,538] {logging_mixin.py:115} INFO - [2022-07-17 20:03:17,538] {dag.py:2420} INFO - Sync 1 DAGs
[2022-07-17 20:03:17,580] {logging_mixin.py:115} INFO - [2022-07-17 20:03:17,580] {dag.py:2972} INFO - Setting next_dagrun for example_sla_dag to 2022-07-17T20:00:00+00:00, run_after=2022-07-17T20:02:00+00:00
[2022-07-17 20:03:17,595] {processor.py:161} INFO - Processing /home/airflow/.local/lib/python3.7/site-packages/airflow/example_dags/example_sla_dag.py took 0.120 seconds
[2022-07-17 20:03:47,938] {processor.py:153} INFO - Started process (PID=3275) to work on /home/airflow/.local/lib/python3.7/site-packages/airflow/example_dags/example_sla_dag.py
[2022-07-17 20:03:47,938] {processor.py:641} INFO - Processing file /home/airflow/.local/lib/python3.7/site-packages/airflow/example_dags/example_sla_dag.py for tasks to queue
[2022-07-17 20:03:47,939] {logging_mixin.py:115} INFO - [2022-07-17 20:03:47,939] {dagbag.py:508} INFO - Filling up the DagBag from /home/airflow/.local/lib/python3.7/site-packages/airflow/example_dags/example_sla_dag.py
[2022-07-17 20:03:47,958] {processor.py:651} INFO - DAG(s) dict_keys(['example_sla_dag']) retrieved from /home/airflow/.local/lib/python3.7/site-packages/airflow/example_dags/example_sla_dag.py
[2022-07-17 20:03:47,982] {logging_mixin.py:115} INFO - [2022-07-17 20:03:47,982] {dag.py:2420} INFO - Sync 1 DAGs
[2022-07-17 20:03:48,014] {logging_mixin.py:115} INFO - [2022-07-17 20:03:48,014] {dag.py:2972} INFO - Setting next_dagrun for example_sla_dag to 2022-07-17T20:00:00+00:00, run_after=2022-07-17T20:02:00+00:00
[2022-07-17 20:03:48,028] {processor.py:161} INFO - Processing /home/airflow/.local/lib/python3.7/site-packages/airflow/example_dags/example_sla_dag.py took 0.094 seconds
