[2022-07-17 19:36:55,848] {processor.py:153} INFO - Started process (PID=78) to work on /home/airflow/.local/lib/python3.7/site-packages/airflow/example_dags/example_xcom.py
[2022-07-17 19:36:55,849] {processor.py:641} INFO - Processing file /home/airflow/.local/lib/python3.7/site-packages/airflow/example_dags/example_xcom.py for tasks to queue
[2022-07-17 19:36:55,849] {logging_mixin.py:115} INFO - [2022-07-17 19:36:55,849] {dagbag.py:508} INFO - Filling up the DagBag from /home/airflow/.local/lib/python3.7/site-packages/airflow/example_dags/example_xcom.py
[2022-07-17 19:36:55,879] {processor.py:651} INFO - DAG(s) dict_keys(['example_xcom']) retrieved from /home/airflow/.local/lib/python3.7/site-packages/airflow/example_dags/example_xcom.py
[2022-07-17 19:36:56,046] {logging_mixin.py:115} INFO - [2022-07-17 19:36:56,046] {manager.py:508} INFO - Created Permission View: can delete on DAG:example_xcom
[2022-07-17 19:36:56,115] {logging_mixin.py:115} INFO - [2022-07-17 19:36:56,115] {manager.py:508} INFO - Created Permission View: can read on DAG:example_xcom
[2022-07-17 19:36:56,136] {logging_mixin.py:115} INFO - [2022-07-17 19:36:56,135] {manager.py:508} INFO - Created Permission View: can edit on DAG:example_xcom
[2022-07-17 19:36:56,136] {logging_mixin.py:115} INFO - [2022-07-17 19:36:56,136] {dag.py:2420} INFO - Sync 1 DAGs
[2022-07-17 19:36:56,156] {logging_mixin.py:115} INFO - [2022-07-17 19:36:56,156] {dag.py:2439} INFO - Creating ORM DAG for example_xcom
[2022-07-17 19:36:56,176] {logging_mixin.py:115} INFO - [2022-07-17 19:36:56,176] {dag.py:2972} INFO - Setting next_dagrun for example_xcom to 2021-01-01T00:00:00+00:00, run_after=2021-01-01T00:00:00+00:00
[2022-07-17 19:36:56,201] {processor.py:161} INFO - Processing /home/airflow/.local/lib/python3.7/site-packages/airflow/example_dags/example_xcom.py took 0.357 seconds
[2022-07-17 19:37:26,233] {processor.py:153} INFO - Started process (PID=143) to work on /home/airflow/.local/lib/python3.7/site-packages/airflow/example_dags/example_xcom.py
[2022-07-17 19:37:26,233] {processor.py:641} INFO - Processing file /home/airflow/.local/lib/python3.7/site-packages/airflow/example_dags/example_xcom.py for tasks to queue
[2022-07-17 19:37:26,234] {logging_mixin.py:115} INFO - [2022-07-17 19:37:26,234] {dagbag.py:508} INFO - Filling up the DagBag from /home/airflow/.local/lib/python3.7/site-packages/airflow/example_dags/example_xcom.py
[2022-07-17 19:37:26,259] {processor.py:651} INFO - DAG(s) dict_keys(['example_xcom']) retrieved from /home/airflow/.local/lib/python3.7/site-packages/airflow/example_dags/example_xcom.py
[2022-07-17 19:37:26,362] {logging_mixin.py:115} INFO - [2022-07-17 19:37:26,362] {dag.py:2420} INFO - Sync 1 DAGs
[2022-07-17 19:37:26,390] {logging_mixin.py:115} INFO - [2022-07-17 19:37:26,389] {dag.py:2972} INFO - Setting next_dagrun for example_xcom to 2021-01-01T00:00:00+00:00, run_after=2021-01-01T00:00:00+00:00
[2022-07-17 19:37:26,405] {processor.py:161} INFO - Processing /home/airflow/.local/lib/python3.7/site-packages/airflow/example_dags/example_xcom.py took 0.176 seconds
[2022-07-17 19:37:57,224] {processor.py:153} INFO - Started process (PID=198) to work on /home/airflow/.local/lib/python3.7/site-packages/airflow/example_dags/example_xcom.py
[2022-07-17 19:37:57,225] {processor.py:641} INFO - Processing file /home/airflow/.local/lib/python3.7/site-packages/airflow/example_dags/example_xcom.py for tasks to queue
[2022-07-17 19:37:57,225] {logging_mixin.py:115} INFO - [2022-07-17 19:37:57,225] {dagbag.py:508} INFO - Filling up the DagBag from /home/airflow/.local/lib/python3.7/site-packages/airflow/example_dags/example_xcom.py
[2022-07-17 19:37:57,245] {processor.py:651} INFO - DAG(s) dict_keys(['example_xcom']) retrieved from /home/airflow/.local/lib/python3.7/site-packages/airflow/example_dags/example_xcom.py
[2022-07-17 19:37:57,316] {logging_mixin.py:115} INFO - [2022-07-17 19:37:57,316] {dag.py:2420} INFO - Sync 1 DAGs
[2022-07-17 19:37:57,338] {logging_mixin.py:115} INFO - [2022-07-17 19:37:57,338] {dag.py:2972} INFO - Setting next_dagrun for example_xcom to 2021-01-01T00:00:00+00:00, run_after=2021-01-01T00:00:00+00:00
[2022-07-17 19:37:57,352] {processor.py:161} INFO - Processing /home/airflow/.local/lib/python3.7/site-packages/airflow/example_dags/example_xcom.py took 0.131 seconds
[2022-07-17 19:38:27,893] {processor.py:153} INFO - Started process (PID=261) to work on /home/airflow/.local/lib/python3.7/site-packages/airflow/example_dags/example_xcom.py
[2022-07-17 19:38:27,894] {processor.py:641} INFO - Processing file /home/airflow/.local/lib/python3.7/site-packages/airflow/example_dags/example_xcom.py for tasks to queue
[2022-07-17 19:38:27,894] {logging_mixin.py:115} INFO - [2022-07-17 19:38:27,894] {dagbag.py:508} INFO - Filling up the DagBag from /home/airflow/.local/lib/python3.7/site-packages/airflow/example_dags/example_xcom.py
[2022-07-17 19:38:27,918] {processor.py:651} INFO - DAG(s) dict_keys(['example_xcom']) retrieved from /home/airflow/.local/lib/python3.7/site-packages/airflow/example_dags/example_xcom.py
[2022-07-17 19:38:28,007] {logging_mixin.py:115} INFO - [2022-07-17 19:38:28,007] {dag.py:2420} INFO - Sync 1 DAGs
[2022-07-17 19:38:28,031] {logging_mixin.py:115} INFO - [2022-07-17 19:38:28,031] {dag.py:2972} INFO - Setting next_dagrun for example_xcom to 2021-01-01T00:00:00+00:00, run_after=2021-01-01T00:00:00+00:00
[2022-07-17 19:38:28,049] {processor.py:161} INFO - Processing /home/airflow/.local/lib/python3.7/site-packages/airflow/example_dags/example_xcom.py took 0.160 seconds
[2022-07-17 19:38:58,218] {processor.py:153} INFO - Started process (PID=315) to work on /home/airflow/.local/lib/python3.7/site-packages/airflow/example_dags/example_xcom.py
[2022-07-17 19:38:58,218] {processor.py:641} INFO - Processing file /home/airflow/.local/lib/python3.7/site-packages/airflow/example_dags/example_xcom.py for tasks to queue
[2022-07-17 19:38:58,219] {logging_mixin.py:115} INFO - [2022-07-17 19:38:58,219] {dagbag.py:508} INFO - Filling up the DagBag from /home/airflow/.local/lib/python3.7/site-packages/airflow/example_dags/example_xcom.py
[2022-07-17 19:38:58,239] {processor.py:651} INFO - DAG(s) dict_keys(['example_xcom']) retrieved from /home/airflow/.local/lib/python3.7/site-packages/airflow/example_dags/example_xcom.py
[2022-07-17 19:38:58,315] {logging_mixin.py:115} INFO - [2022-07-17 19:38:58,315] {dag.py:2420} INFO - Sync 1 DAGs
[2022-07-17 19:38:58,337] {logging_mixin.py:115} INFO - [2022-07-17 19:38:58,337] {dag.py:2972} INFO - Setting next_dagrun for example_xcom to 2021-01-01T00:00:00+00:00, run_after=2021-01-01T00:00:00+00:00
[2022-07-17 19:38:58,351] {processor.py:161} INFO - Processing /home/airflow/.local/lib/python3.7/site-packages/airflow/example_dags/example_xcom.py took 0.137 seconds
[2022-07-17 19:39:28,452] {processor.py:153} INFO - Started process (PID=378) to work on /home/airflow/.local/lib/python3.7/site-packages/airflow/example_dags/example_xcom.py
[2022-07-17 19:39:28,453] {processor.py:641} INFO - Processing file /home/airflow/.local/lib/python3.7/site-packages/airflow/example_dags/example_xcom.py for tasks to queue
[2022-07-17 19:39:28,453] {logging_mixin.py:115} INFO - [2022-07-17 19:39:28,453] {dagbag.py:508} INFO - Filling up the DagBag from /home/airflow/.local/lib/python3.7/site-packages/airflow/example_dags/example_xcom.py
[2022-07-17 19:39:28,477] {processor.py:651} INFO - DAG(s) dict_keys(['example_xcom']) retrieved from /home/airflow/.local/lib/python3.7/site-packages/airflow/example_dags/example_xcom.py
[2022-07-17 19:39:28,572] {logging_mixin.py:115} INFO - [2022-07-17 19:39:28,572] {dag.py:2420} INFO - Sync 1 DAGs
[2022-07-17 19:39:28,604] {logging_mixin.py:115} INFO - [2022-07-17 19:39:28,604] {dag.py:2972} INFO - Setting next_dagrun for example_xcom to 2021-01-01T00:00:00+00:00, run_after=2021-01-01T00:00:00+00:00
[2022-07-17 19:39:28,622] {processor.py:161} INFO - Processing /home/airflow/.local/lib/python3.7/site-packages/airflow/example_dags/example_xcom.py took 0.173 seconds
[2022-07-17 19:39:59,054] {processor.py:153} INFO - Started process (PID=443) to work on /home/airflow/.local/lib/python3.7/site-packages/airflow/example_dags/example_xcom.py
[2022-07-17 19:39:59,054] {processor.py:641} INFO - Processing file /home/airflow/.local/lib/python3.7/site-packages/airflow/example_dags/example_xcom.py for tasks to queue
[2022-07-17 19:39:59,055] {logging_mixin.py:115} INFO - [2022-07-17 19:39:59,055] {dagbag.py:508} INFO - Filling up the DagBag from /home/airflow/.local/lib/python3.7/site-packages/airflow/example_dags/example_xcom.py
[2022-07-17 19:39:59,077] {processor.py:651} INFO - DAG(s) dict_keys(['example_xcom']) retrieved from /home/airflow/.local/lib/python3.7/site-packages/airflow/example_dags/example_xcom.py
[2022-07-17 19:39:59,165] {logging_mixin.py:115} INFO - [2022-07-17 19:39:59,165] {dag.py:2420} INFO - Sync 1 DAGs
[2022-07-17 19:39:59,187] {logging_mixin.py:115} INFO - [2022-07-17 19:39:59,187] {dag.py:2972} INFO - Setting next_dagrun for example_xcom to 2021-01-01T00:00:00+00:00, run_after=2021-01-01T00:00:00+00:00
[2022-07-17 19:39:59,201] {processor.py:161} INFO - Processing /home/airflow/.local/lib/python3.7/site-packages/airflow/example_dags/example_xcom.py took 0.152 seconds
[2022-07-17 19:40:29,228] {processor.py:153} INFO - Started process (PID=498) to work on /home/airflow/.local/lib/python3.7/site-packages/airflow/example_dags/example_xcom.py
[2022-07-17 19:40:29,228] {processor.py:641} INFO - Processing file /home/airflow/.local/lib/python3.7/site-packages/airflow/example_dags/example_xcom.py for tasks to queue
[2022-07-17 19:40:29,229] {logging_mixin.py:115} INFO - [2022-07-17 19:40:29,229] {dagbag.py:508} INFO - Filling up the DagBag from /home/airflow/.local/lib/python3.7/site-packages/airflow/example_dags/example_xcom.py
[2022-07-17 19:40:29,249] {processor.py:651} INFO - DAG(s) dict_keys(['example_xcom']) retrieved from /home/airflow/.local/lib/python3.7/site-packages/airflow/example_dags/example_xcom.py
[2022-07-17 19:40:29,275] {logging_mixin.py:115} INFO - [2022-07-17 19:40:29,275] {dag.py:2420} INFO - Sync 1 DAGs
[2022-07-17 19:40:29,298] {logging_mixin.py:115} INFO - [2022-07-17 19:40:29,298] {dag.py:2972} INFO - Setting next_dagrun for example_xcom to 2021-01-01T00:00:00+00:00, run_after=2021-01-01T00:00:00+00:00
[2022-07-17 19:40:29,310] {processor.py:161} INFO - Processing /home/airflow/.local/lib/python3.7/site-packages/airflow/example_dags/example_xcom.py took 0.087 seconds
[2022-07-17 19:41:00,460] {processor.py:153} INFO - Started process (PID=562) to work on /home/airflow/.local/lib/python3.7/site-packages/airflow/example_dags/example_xcom.py
[2022-07-17 19:41:00,461] {processor.py:641} INFO - Processing file /home/airflow/.local/lib/python3.7/site-packages/airflow/example_dags/example_xcom.py for tasks to queue
[2022-07-17 19:41:00,461] {logging_mixin.py:115} INFO - [2022-07-17 19:41:00,461] {dagbag.py:508} INFO - Filling up the DagBag from /home/airflow/.local/lib/python3.7/site-packages/airflow/example_dags/example_xcom.py
[2022-07-17 19:41:00,480] {processor.py:651} INFO - DAG(s) dict_keys(['example_xcom']) retrieved from /home/airflow/.local/lib/python3.7/site-packages/airflow/example_dags/example_xcom.py
[2022-07-17 19:41:00,552] {logging_mixin.py:115} INFO - [2022-07-17 19:41:00,552] {dag.py:2420} INFO - Sync 1 DAGs
[2022-07-17 19:41:00,577] {logging_mixin.py:115} INFO - [2022-07-17 19:41:00,577] {dag.py:2972} INFO - Setting next_dagrun for example_xcom to 2021-01-01T00:00:00+00:00, run_after=2021-01-01T00:00:00+00:00
[2022-07-17 19:41:00,592] {processor.py:161} INFO - Processing /home/airflow/.local/lib/python3.7/site-packages/airflow/example_dags/example_xcom.py took 0.136 seconds
[2022-07-17 19:41:31,553] {processor.py:153} INFO - Started process (PID=619) to work on /home/airflow/.local/lib/python3.7/site-packages/airflow/example_dags/example_xcom.py
[2022-07-17 19:41:31,554] {processor.py:641} INFO - Processing file /home/airflow/.local/lib/python3.7/site-packages/airflow/example_dags/example_xcom.py for tasks to queue
[2022-07-17 19:41:31,554] {logging_mixin.py:115} INFO - [2022-07-17 19:41:31,554] {dagbag.py:508} INFO - Filling up the DagBag from /home/airflow/.local/lib/python3.7/site-packages/airflow/example_dags/example_xcom.py
[2022-07-17 19:41:31,576] {processor.py:651} INFO - DAG(s) dict_keys(['example_xcom']) retrieved from /home/airflow/.local/lib/python3.7/site-packages/airflow/example_dags/example_xcom.py
[2022-07-17 19:41:31,653] {logging_mixin.py:115} INFO - [2022-07-17 19:41:31,653] {dag.py:2420} INFO - Sync 1 DAGs
[2022-07-17 19:41:31,676] {logging_mixin.py:115} INFO - [2022-07-17 19:41:31,676] {dag.py:2972} INFO - Setting next_dagrun for example_xcom to 2021-01-01T00:00:00+00:00, run_after=2021-01-01T00:00:00+00:00
[2022-07-17 19:41:31,690] {processor.py:161} INFO - Processing /home/airflow/.local/lib/python3.7/site-packages/airflow/example_dags/example_xcom.py took 0.141 seconds
[2022-07-17 19:42:01,838] {processor.py:153} INFO - Started process (PID=684) to work on /home/airflow/.local/lib/python3.7/site-packages/airflow/example_dags/example_xcom.py
[2022-07-17 19:42:01,838] {processor.py:641} INFO - Processing file /home/airflow/.local/lib/python3.7/site-packages/airflow/example_dags/example_xcom.py for tasks to queue
[2022-07-17 19:42:01,839] {logging_mixin.py:115} INFO - [2022-07-17 19:42:01,839] {dagbag.py:508} INFO - Filling up the DagBag from /home/airflow/.local/lib/python3.7/site-packages/airflow/example_dags/example_xcom.py
[2022-07-17 19:42:01,859] {processor.py:651} INFO - DAG(s) dict_keys(['example_xcom']) retrieved from /home/airflow/.local/lib/python3.7/site-packages/airflow/example_dags/example_xcom.py
[2022-07-17 19:42:01,933] {logging_mixin.py:115} INFO - [2022-07-17 19:42:01,933] {dag.py:2420} INFO - Sync 1 DAGs
[2022-07-17 19:42:01,956] {logging_mixin.py:115} INFO - [2022-07-17 19:42:01,955] {dag.py:2972} INFO - Setting next_dagrun for example_xcom to 2021-01-01T00:00:00+00:00, run_after=2021-01-01T00:00:00+00:00
[2022-07-17 19:42:01,970] {processor.py:161} INFO - Processing /home/airflow/.local/lib/python3.7/site-packages/airflow/example_dags/example_xcom.py took 0.136 seconds
[2022-07-17 19:42:32,262] {processor.py:153} INFO - Started process (PID=749) to work on /home/airflow/.local/lib/python3.7/site-packages/airflow/example_dags/example_xcom.py
[2022-07-17 19:42:32,263] {processor.py:641} INFO - Processing file /home/airflow/.local/lib/python3.7/site-packages/airflow/example_dags/example_xcom.py for tasks to queue
[2022-07-17 19:42:32,263] {logging_mixin.py:115} INFO - [2022-07-17 19:42:32,263] {dagbag.py:508} INFO - Filling up the DagBag from /home/airflow/.local/lib/python3.7/site-packages/airflow/example_dags/example_xcom.py
[2022-07-17 19:42:32,286] {processor.py:651} INFO - DAG(s) dict_keys(['example_xcom']) retrieved from /home/airflow/.local/lib/python3.7/site-packages/airflow/example_dags/example_xcom.py
[2022-07-17 19:42:32,398] {logging_mixin.py:115} INFO - [2022-07-17 19:42:32,398] {dag.py:2420} INFO - Sync 1 DAGs
[2022-07-17 19:42:32,423] {logging_mixin.py:115} INFO - [2022-07-17 19:42:32,423] {dag.py:2972} INFO - Setting next_dagrun for example_xcom to 2021-01-01T00:00:00+00:00, run_after=2021-01-01T00:00:00+00:00
[2022-07-17 19:42:32,441] {processor.py:161} INFO - Processing /home/airflow/.local/lib/python3.7/site-packages/airflow/example_dags/example_xcom.py took 0.183 seconds
[2022-07-17 19:43:03,425] {processor.py:153} INFO - Started process (PID=803) to work on /home/airflow/.local/lib/python3.7/site-packages/airflow/example_dags/example_xcom.py
[2022-07-17 19:43:03,425] {processor.py:641} INFO - Processing file /home/airflow/.local/lib/python3.7/site-packages/airflow/example_dags/example_xcom.py for tasks to queue
[2022-07-17 19:43:03,426] {logging_mixin.py:115} INFO - [2022-07-17 19:43:03,426] {dagbag.py:508} INFO - Filling up the DagBag from /home/airflow/.local/lib/python3.7/site-packages/airflow/example_dags/example_xcom.py
[2022-07-17 19:43:03,445] {processor.py:651} INFO - DAG(s) dict_keys(['example_xcom']) retrieved from /home/airflow/.local/lib/python3.7/site-packages/airflow/example_dags/example_xcom.py
[2022-07-17 19:43:03,518] {logging_mixin.py:115} INFO - [2022-07-17 19:43:03,518] {dag.py:2420} INFO - Sync 1 DAGs
[2022-07-17 19:43:03,541] {logging_mixin.py:115} INFO - [2022-07-17 19:43:03,541] {dag.py:2972} INFO - Setting next_dagrun for example_xcom to 2021-01-01T00:00:00+00:00, run_after=2021-01-01T00:00:00+00:00
[2022-07-17 19:43:03,556] {processor.py:161} INFO - Processing /home/airflow/.local/lib/python3.7/site-packages/airflow/example_dags/example_xcom.py took 0.135 seconds
[2022-07-17 19:43:34,051] {processor.py:153} INFO - Started process (PID=867) to work on /home/airflow/.local/lib/python3.7/site-packages/airflow/example_dags/example_xcom.py
[2022-07-17 19:43:34,052] {processor.py:641} INFO - Processing file /home/airflow/.local/lib/python3.7/site-packages/airflow/example_dags/example_xcom.py for tasks to queue
[2022-07-17 19:43:34,055] {logging_mixin.py:115} INFO - [2022-07-17 19:43:34,054] {dagbag.py:508} INFO - Filling up the DagBag from /home/airflow/.local/lib/python3.7/site-packages/airflow/example_dags/example_xcom.py
[2022-07-17 19:43:34,119] {processor.py:651} INFO - DAG(s) dict_keys(['example_xcom']) retrieved from /home/airflow/.local/lib/python3.7/site-packages/airflow/example_dags/example_xcom.py
[2022-07-17 19:43:34,231] {logging_mixin.py:115} INFO - [2022-07-17 19:43:34,231] {dag.py:2420} INFO - Sync 1 DAGs
[2022-07-17 19:43:34,259] {logging_mixin.py:115} INFO - [2022-07-17 19:43:34,259] {dag.py:2972} INFO - Setting next_dagrun for example_xcom to 2021-01-01T00:00:00+00:00, run_after=2021-01-01T00:00:00+00:00
[2022-07-17 19:43:34,296] {processor.py:161} INFO - Processing /home/airflow/.local/lib/python3.7/site-packages/airflow/example_dags/example_xcom.py took 0.257 seconds
[2022-07-17 19:44:05,326] {processor.py:153} INFO - Started process (PID=925) to work on /home/airflow/.local/lib/python3.7/site-packages/airflow/example_dags/example_xcom.py
[2022-07-17 19:44:05,326] {processor.py:641} INFO - Processing file /home/airflow/.local/lib/python3.7/site-packages/airflow/example_dags/example_xcom.py for tasks to queue
[2022-07-17 19:44:05,327] {logging_mixin.py:115} INFO - [2022-07-17 19:44:05,327] {dagbag.py:508} INFO - Filling up the DagBag from /home/airflow/.local/lib/python3.7/site-packages/airflow/example_dags/example_xcom.py
[2022-07-17 19:44:05,344] {processor.py:651} INFO - DAG(s) dict_keys(['example_xcom']) retrieved from /home/airflow/.local/lib/python3.7/site-packages/airflow/example_dags/example_xcom.py
[2022-07-17 19:44:05,369] {logging_mixin.py:115} INFO - [2022-07-17 19:44:05,369] {dag.py:2420} INFO - Sync 1 DAGs
[2022-07-17 19:44:05,392] {logging_mixin.py:115} INFO - [2022-07-17 19:44:05,391] {dag.py:2972} INFO - Setting next_dagrun for example_xcom to 2021-01-01T00:00:00+00:00, run_after=2021-01-01T00:00:00+00:00
[2022-07-17 19:44:05,404] {processor.py:161} INFO - Processing /home/airflow/.local/lib/python3.7/site-packages/airflow/example_dags/example_xcom.py took 0.081 seconds
[2022-07-17 19:44:36,227] {processor.py:153} INFO - Started process (PID=989) to work on /home/airflow/.local/lib/python3.7/site-packages/airflow/example_dags/example_xcom.py
[2022-07-17 19:44:36,229] {processor.py:641} INFO - Processing file /home/airflow/.local/lib/python3.7/site-packages/airflow/example_dags/example_xcom.py for tasks to queue
[2022-07-17 19:44:36,230] {logging_mixin.py:115} INFO - [2022-07-17 19:44:36,230] {dagbag.py:508} INFO - Filling up the DagBag from /home/airflow/.local/lib/python3.7/site-packages/airflow/example_dags/example_xcom.py
[2022-07-17 19:44:36,259] {processor.py:651} INFO - DAG(s) dict_keys(['example_xcom']) retrieved from /home/airflow/.local/lib/python3.7/site-packages/airflow/example_dags/example_xcom.py
[2022-07-17 19:44:36,300] {logging_mixin.py:115} INFO - [2022-07-17 19:44:36,300] {dag.py:2420} INFO - Sync 1 DAGs
[2022-07-17 19:44:36,326] {logging_mixin.py:115} INFO - [2022-07-17 19:44:36,326] {dag.py:2972} INFO - Setting next_dagrun for example_xcom to 2021-01-01T00:00:00+00:00, run_after=2021-01-01T00:00:00+00:00
[2022-07-17 19:44:36,340] {processor.py:161} INFO - Processing /home/airflow/.local/lib/python3.7/site-packages/airflow/example_dags/example_xcom.py took 0.119 seconds
[2022-07-17 19:45:06,545] {processor.py:153} INFO - Started process (PID=1053) to work on /home/airflow/.local/lib/python3.7/site-packages/airflow/example_dags/example_xcom.py
[2022-07-17 19:45:06,546] {processor.py:641} INFO - Processing file /home/airflow/.local/lib/python3.7/site-packages/airflow/example_dags/example_xcom.py for tasks to queue
[2022-07-17 19:45:06,547] {logging_mixin.py:115} INFO - [2022-07-17 19:45:06,547] {dagbag.py:508} INFO - Filling up the DagBag from /home/airflow/.local/lib/python3.7/site-packages/airflow/example_dags/example_xcom.py
[2022-07-17 19:45:06,568] {processor.py:651} INFO - DAG(s) dict_keys(['example_xcom']) retrieved from /home/airflow/.local/lib/python3.7/site-packages/airflow/example_dags/example_xcom.py
[2022-07-17 19:45:06,644] {logging_mixin.py:115} INFO - [2022-07-17 19:45:06,644] {dag.py:2420} INFO - Sync 1 DAGs
[2022-07-17 19:45:06,664] {logging_mixin.py:115} INFO - [2022-07-17 19:45:06,664] {dag.py:2972} INFO - Setting next_dagrun for example_xcom to 2021-01-01T00:00:00+00:00, run_after=2021-01-01T00:00:00+00:00
[2022-07-17 19:45:06,678] {processor.py:161} INFO - Processing /home/airflow/.local/lib/python3.7/site-packages/airflow/example_dags/example_xcom.py took 0.137 seconds
[2022-07-17 19:45:36,754] {processor.py:153} INFO - Started process (PID=1108) to work on /home/airflow/.local/lib/python3.7/site-packages/airflow/example_dags/example_xcom.py
[2022-07-17 19:45:36,755] {processor.py:641} INFO - Processing file /home/airflow/.local/lib/python3.7/site-packages/airflow/example_dags/example_xcom.py for tasks to queue
[2022-07-17 19:45:36,756] {logging_mixin.py:115} INFO - [2022-07-17 19:45:36,755] {dagbag.py:508} INFO - Filling up the DagBag from /home/airflow/.local/lib/python3.7/site-packages/airflow/example_dags/example_xcom.py
[2022-07-17 19:45:36,776] {processor.py:651} INFO - DAG(s) dict_keys(['example_xcom']) retrieved from /home/airflow/.local/lib/python3.7/site-packages/airflow/example_dags/example_xcom.py
[2022-07-17 19:45:36,801] {logging_mixin.py:115} INFO - [2022-07-17 19:45:36,801] {dag.py:2420} INFO - Sync 1 DAGs
[2022-07-17 19:45:36,823] {logging_mixin.py:115} INFO - [2022-07-17 19:45:36,823] {dag.py:2972} INFO - Setting next_dagrun for example_xcom to 2021-01-01T00:00:00+00:00, run_after=2021-01-01T00:00:00+00:00
[2022-07-17 19:45:36,835] {processor.py:161} INFO - Processing /home/airflow/.local/lib/python3.7/site-packages/airflow/example_dags/example_xcom.py took 0.083 seconds
[2022-07-17 19:46:07,157] {processor.py:153} INFO - Started process (PID=1171) to work on /home/airflow/.local/lib/python3.7/site-packages/airflow/example_dags/example_xcom.py
[2022-07-17 19:46:07,160] {processor.py:641} INFO - Processing file /home/airflow/.local/lib/python3.7/site-packages/airflow/example_dags/example_xcom.py for tasks to queue
[2022-07-17 19:46:07,161] {logging_mixin.py:115} INFO - [2022-07-17 19:46:07,160] {dagbag.py:508} INFO - Filling up the DagBag from /home/airflow/.local/lib/python3.7/site-packages/airflow/example_dags/example_xcom.py
[2022-07-17 19:46:07,185] {processor.py:651} INFO - DAG(s) dict_keys(['example_xcom']) retrieved from /home/airflow/.local/lib/python3.7/site-packages/airflow/example_dags/example_xcom.py
[2022-07-17 19:46:07,298] {logging_mixin.py:115} INFO - [2022-07-17 19:46:07,298] {dag.py:2420} INFO - Sync 1 DAGs
[2022-07-17 19:46:07,333] {logging_mixin.py:115} INFO - [2022-07-17 19:46:07,333] {dag.py:2972} INFO - Setting next_dagrun for example_xcom to 2021-01-01T00:00:00+00:00, run_after=2021-01-01T00:00:00+00:00
[2022-07-17 19:46:07,354] {processor.py:161} INFO - Processing /home/airflow/.local/lib/python3.7/site-packages/airflow/example_dags/example_xcom.py took 0.201 seconds
[2022-07-17 19:46:38,286] {processor.py:153} INFO - Started process (PID=1226) to work on /home/airflow/.local/lib/python3.7/site-packages/airflow/example_dags/example_xcom.py
[2022-07-17 19:46:38,287] {processor.py:641} INFO - Processing file /home/airflow/.local/lib/python3.7/site-packages/airflow/example_dags/example_xcom.py for tasks to queue
[2022-07-17 19:46:38,289] {logging_mixin.py:115} INFO - [2022-07-17 19:46:38,288] {dagbag.py:508} INFO - Filling up the DagBag from /home/airflow/.local/lib/python3.7/site-packages/airflow/example_dags/example_xcom.py
[2022-07-17 19:46:38,318] {processor.py:651} INFO - DAG(s) dict_keys(['example_xcom']) retrieved from /home/airflow/.local/lib/python3.7/site-packages/airflow/example_dags/example_xcom.py
[2022-07-17 19:46:38,346] {logging_mixin.py:115} INFO - [2022-07-17 19:46:38,346] {dag.py:2420} INFO - Sync 1 DAGs
[2022-07-17 19:46:38,371] {logging_mixin.py:115} INFO - [2022-07-17 19:46:38,370] {dag.py:2972} INFO - Setting next_dagrun for example_xcom to 2021-01-01T00:00:00+00:00, run_after=2021-01-01T00:00:00+00:00
[2022-07-17 19:46:38,390] {processor.py:161} INFO - Processing /home/airflow/.local/lib/python3.7/site-packages/airflow/example_dags/example_xcom.py took 0.115 seconds
[2022-07-17 19:47:08,607] {processor.py:153} INFO - Started process (PID=1291) to work on /home/airflow/.local/lib/python3.7/site-packages/airflow/example_dags/example_xcom.py
[2022-07-17 19:47:08,608] {processor.py:641} INFO - Processing file /home/airflow/.local/lib/python3.7/site-packages/airflow/example_dags/example_xcom.py for tasks to queue
[2022-07-17 19:47:08,610] {logging_mixin.py:115} INFO - [2022-07-17 19:47:08,610] {dagbag.py:508} INFO - Filling up the DagBag from /home/airflow/.local/lib/python3.7/site-packages/airflow/example_dags/example_xcom.py
[2022-07-17 19:47:08,642] {processor.py:651} INFO - DAG(s) dict_keys(['example_xcom']) retrieved from /home/airflow/.local/lib/python3.7/site-packages/airflow/example_dags/example_xcom.py
[2022-07-17 19:47:08,715] {logging_mixin.py:115} INFO - [2022-07-17 19:47:08,714] {dag.py:2420} INFO - Sync 1 DAGs
[2022-07-17 19:47:08,749] {logging_mixin.py:115} INFO - [2022-07-17 19:47:08,749] {dag.py:2972} INFO - Setting next_dagrun for example_xcom to 2021-01-01T00:00:00+00:00, run_after=2021-01-01T00:00:00+00:00
[2022-07-17 19:47:08,767] {processor.py:161} INFO - Processing /home/airflow/.local/lib/python3.7/site-packages/airflow/example_dags/example_xcom.py took 0.171 seconds
[2022-07-17 19:47:39,739] {processor.py:153} INFO - Started process (PID=1356) to work on /home/airflow/.local/lib/python3.7/site-packages/airflow/example_dags/example_xcom.py
[2022-07-17 19:47:39,740] {processor.py:641} INFO - Processing file /home/airflow/.local/lib/python3.7/site-packages/airflow/example_dags/example_xcom.py for tasks to queue
[2022-07-17 19:47:39,740] {logging_mixin.py:115} INFO - [2022-07-17 19:47:39,740] {dagbag.py:508} INFO - Filling up the DagBag from /home/airflow/.local/lib/python3.7/site-packages/airflow/example_dags/example_xcom.py
[2022-07-17 19:47:39,760] {processor.py:651} INFO - DAG(s) dict_keys(['example_xcom']) retrieved from /home/airflow/.local/lib/python3.7/site-packages/airflow/example_dags/example_xcom.py
[2022-07-17 19:47:39,857] {logging_mixin.py:115} INFO - [2022-07-17 19:47:39,857] {dag.py:2420} INFO - Sync 1 DAGs
[2022-07-17 19:47:39,881] {logging_mixin.py:115} INFO - [2022-07-17 19:47:39,881] {dag.py:2972} INFO - Setting next_dagrun for example_xcom to 2021-01-01T00:00:00+00:00, run_after=2021-01-01T00:00:00+00:00
[2022-07-17 19:47:39,900] {processor.py:161} INFO - Processing /home/airflow/.local/lib/python3.7/site-packages/airflow/example_dags/example_xcom.py took 0.164 seconds
[2022-07-17 19:48:10,155] {processor.py:153} INFO - Started process (PID=1413) to work on /home/airflow/.local/lib/python3.7/site-packages/airflow/example_dags/example_xcom.py
[2022-07-17 19:48:10,156] {processor.py:641} INFO - Processing file /home/airflow/.local/lib/python3.7/site-packages/airflow/example_dags/example_xcom.py for tasks to queue
[2022-07-17 19:48:10,157] {logging_mixin.py:115} INFO - [2022-07-17 19:48:10,157] {dagbag.py:508} INFO - Filling up the DagBag from /home/airflow/.local/lib/python3.7/site-packages/airflow/example_dags/example_xcom.py
[2022-07-17 19:48:10,182] {processor.py:651} INFO - DAG(s) dict_keys(['example_xcom']) retrieved from /home/airflow/.local/lib/python3.7/site-packages/airflow/example_dags/example_xcom.py
[2022-07-17 19:48:10,209] {logging_mixin.py:115} INFO - [2022-07-17 19:48:10,209] {dag.py:2420} INFO - Sync 1 DAGs
[2022-07-17 19:48:10,233] {logging_mixin.py:115} INFO - [2022-07-17 19:48:10,233] {dag.py:2972} INFO - Setting next_dagrun for example_xcom to 2021-01-01T00:00:00+00:00, run_after=2021-01-01T00:00:00+00:00
[2022-07-17 19:48:10,247] {processor.py:161} INFO - Processing /home/airflow/.local/lib/python3.7/site-packages/airflow/example_dags/example_xcom.py took 0.101 seconds
[2022-07-17 19:48:40,420] {processor.py:153} INFO - Started process (PID=1477) to work on /home/airflow/.local/lib/python3.7/site-packages/airflow/example_dags/example_xcom.py
[2022-07-17 19:48:40,421] {processor.py:641} INFO - Processing file /home/airflow/.local/lib/python3.7/site-packages/airflow/example_dags/example_xcom.py for tasks to queue
[2022-07-17 19:48:40,421] {logging_mixin.py:115} INFO - [2022-07-17 19:48:40,421] {dagbag.py:508} INFO - Filling up the DagBag from /home/airflow/.local/lib/python3.7/site-packages/airflow/example_dags/example_xcom.py
[2022-07-17 19:48:40,442] {processor.py:651} INFO - DAG(s) dict_keys(['example_xcom']) retrieved from /home/airflow/.local/lib/python3.7/site-packages/airflow/example_dags/example_xcom.py
[2022-07-17 19:48:40,538] {logging_mixin.py:115} INFO - [2022-07-17 19:48:40,538] {dag.py:2420} INFO - Sync 1 DAGs
[2022-07-17 19:48:40,566] {logging_mixin.py:115} INFO - [2022-07-17 19:48:40,566] {dag.py:2972} INFO - Setting next_dagrun for example_xcom to 2021-01-01T00:00:00+00:00, run_after=2021-01-01T00:00:00+00:00
[2022-07-17 19:48:40,582] {processor.py:161} INFO - Processing /home/airflow/.local/lib/python3.7/site-packages/airflow/example_dags/example_xcom.py took 0.165 seconds
[2022-07-17 19:49:10,940] {processor.py:153} INFO - Started process (PID=1533) to work on /home/airflow/.local/lib/python3.7/site-packages/airflow/example_dags/example_xcom.py
[2022-07-17 19:49:10,941] {processor.py:641} INFO - Processing file /home/airflow/.local/lib/python3.7/site-packages/airflow/example_dags/example_xcom.py for tasks to queue
[2022-07-17 19:49:10,942] {logging_mixin.py:115} INFO - [2022-07-17 19:49:10,942] {dagbag.py:508} INFO - Filling up the DagBag from /home/airflow/.local/lib/python3.7/site-packages/airflow/example_dags/example_xcom.py
[2022-07-17 19:49:10,966] {processor.py:651} INFO - DAG(s) dict_keys(['example_xcom']) retrieved from /home/airflow/.local/lib/python3.7/site-packages/airflow/example_dags/example_xcom.py
[2022-07-17 19:49:11,002] {logging_mixin.py:115} INFO - [2022-07-17 19:49:11,002] {dag.py:2420} INFO - Sync 1 DAGs
[2022-07-17 19:49:11,034] {logging_mixin.py:115} INFO - [2022-07-17 19:49:11,034] {dag.py:2972} INFO - Setting next_dagrun for example_xcom to 2021-01-01T00:00:00+00:00, run_after=2021-01-01T00:00:00+00:00
[2022-07-17 19:49:11,047] {processor.py:161} INFO - Processing /home/airflow/.local/lib/python3.7/site-packages/airflow/example_dags/example_xcom.py took 0.114 seconds
[2022-07-17 19:49:41,450] {processor.py:153} INFO - Started process (PID=1597) to work on /home/airflow/.local/lib/python3.7/site-packages/airflow/example_dags/example_xcom.py
[2022-07-17 19:49:41,451] {processor.py:641} INFO - Processing file /home/airflow/.local/lib/python3.7/site-packages/airflow/example_dags/example_xcom.py for tasks to queue
[2022-07-17 19:49:41,451] {logging_mixin.py:115} INFO - [2022-07-17 19:49:41,451] {dagbag.py:508} INFO - Filling up the DagBag from /home/airflow/.local/lib/python3.7/site-packages/airflow/example_dags/example_xcom.py
[2022-07-17 19:49:41,470] {processor.py:651} INFO - DAG(s) dict_keys(['example_xcom']) retrieved from /home/airflow/.local/lib/python3.7/site-packages/airflow/example_dags/example_xcom.py
[2022-07-17 19:49:41,548] {logging_mixin.py:115} INFO - [2022-07-17 19:49:41,547] {dag.py:2420} INFO - Sync 1 DAGs
[2022-07-17 19:49:41,569] {logging_mixin.py:115} INFO - [2022-07-17 19:49:41,569] {dag.py:2972} INFO - Setting next_dagrun for example_xcom to 2021-01-01T00:00:00+00:00, run_after=2021-01-01T00:00:00+00:00
[2022-07-17 19:49:41,583] {processor.py:161} INFO - Processing /home/airflow/.local/lib/python3.7/site-packages/airflow/example_dags/example_xcom.py took 0.136 seconds
[2022-07-17 19:50:11,719] {processor.py:153} INFO - Started process (PID=1652) to work on /home/airflow/.local/lib/python3.7/site-packages/airflow/example_dags/example_xcom.py
[2022-07-17 19:50:11,720] {processor.py:641} INFO - Processing file /home/airflow/.local/lib/python3.7/site-packages/airflow/example_dags/example_xcom.py for tasks to queue
[2022-07-17 19:50:11,721] {logging_mixin.py:115} INFO - [2022-07-17 19:50:11,721] {dagbag.py:508} INFO - Filling up the DagBag from /home/airflow/.local/lib/python3.7/site-packages/airflow/example_dags/example_xcom.py
[2022-07-17 19:50:11,746] {processor.py:651} INFO - DAG(s) dict_keys(['example_xcom']) retrieved from /home/airflow/.local/lib/python3.7/site-packages/airflow/example_dags/example_xcom.py
[2022-07-17 19:50:11,774] {logging_mixin.py:115} INFO - [2022-07-17 19:50:11,774] {dag.py:2420} INFO - Sync 1 DAGs
[2022-07-17 19:50:11,798] {logging_mixin.py:115} INFO - [2022-07-17 19:50:11,798] {dag.py:2972} INFO - Setting next_dagrun for example_xcom to 2021-01-01T00:00:00+00:00, run_after=2021-01-01T00:00:00+00:00
[2022-07-17 19:50:11,809] {processor.py:161} INFO - Processing /home/airflow/.local/lib/python3.7/site-packages/airflow/example_dags/example_xcom.py took 0.098 seconds
[2022-07-17 19:50:42,208] {processor.py:153} INFO - Started process (PID=1717) to work on /home/airflow/.local/lib/python3.7/site-packages/airflow/example_dags/example_xcom.py
[2022-07-17 19:50:42,209] {processor.py:641} INFO - Processing file /home/airflow/.local/lib/python3.7/site-packages/airflow/example_dags/example_xcom.py for tasks to queue
[2022-07-17 19:50:42,209] {logging_mixin.py:115} INFO - [2022-07-17 19:50:42,209] {dagbag.py:508} INFO - Filling up the DagBag from /home/airflow/.local/lib/python3.7/site-packages/airflow/example_dags/example_xcom.py
[2022-07-17 19:50:42,230] {processor.py:651} INFO - DAG(s) dict_keys(['example_xcom']) retrieved from /home/airflow/.local/lib/python3.7/site-packages/airflow/example_dags/example_xcom.py
[2022-07-17 19:50:42,305] {logging_mixin.py:115} INFO - [2022-07-17 19:50:42,305] {dag.py:2420} INFO - Sync 1 DAGs
[2022-07-17 19:50:42,328] {logging_mixin.py:115} INFO - [2022-07-17 19:50:42,328] {dag.py:2972} INFO - Setting next_dagrun for example_xcom to 2021-01-01T00:00:00+00:00, run_after=2021-01-01T00:00:00+00:00
[2022-07-17 19:50:42,344] {processor.py:161} INFO - Processing /home/airflow/.local/lib/python3.7/site-packages/airflow/example_dags/example_xcom.py took 0.139 seconds
[2022-07-17 19:51:12,465] {processor.py:153} INFO - Started process (PID=1783) to work on /home/airflow/.local/lib/python3.7/site-packages/airflow/example_dags/example_xcom.py
[2022-07-17 19:51:12,466] {processor.py:641} INFO - Processing file /home/airflow/.local/lib/python3.7/site-packages/airflow/example_dags/example_xcom.py for tasks to queue
[2022-07-17 19:51:12,466] {logging_mixin.py:115} INFO - [2022-07-17 19:51:12,466] {dagbag.py:508} INFO - Filling up the DagBag from /home/airflow/.local/lib/python3.7/site-packages/airflow/example_dags/example_xcom.py
[2022-07-17 19:51:12,484] {processor.py:651} INFO - DAG(s) dict_keys(['example_xcom']) retrieved from /home/airflow/.local/lib/python3.7/site-packages/airflow/example_dags/example_xcom.py
[2022-07-17 19:51:12,513] {logging_mixin.py:115} INFO - [2022-07-17 19:51:12,513] {dag.py:2420} INFO - Sync 1 DAGs
[2022-07-17 19:51:12,543] {logging_mixin.py:115} INFO - [2022-07-17 19:51:12,543] {dag.py:2972} INFO - Setting next_dagrun for example_xcom to 2021-01-01T00:00:00+00:00, run_after=2021-01-01T00:00:00+00:00
[2022-07-17 19:51:12,559] {processor.py:161} INFO - Processing /home/airflow/.local/lib/python3.7/site-packages/airflow/example_dags/example_xcom.py took 0.097 seconds
[2022-07-17 19:51:42,670] {processor.py:153} INFO - Started process (PID=1838) to work on /home/airflow/.local/lib/python3.7/site-packages/airflow/example_dags/example_xcom.py
[2022-07-17 19:51:42,670] {processor.py:641} INFO - Processing file /home/airflow/.local/lib/python3.7/site-packages/airflow/example_dags/example_xcom.py for tasks to queue
[2022-07-17 19:51:42,671] {logging_mixin.py:115} INFO - [2022-07-17 19:51:42,671] {dagbag.py:508} INFO - Filling up the DagBag from /home/airflow/.local/lib/python3.7/site-packages/airflow/example_dags/example_xcom.py
[2022-07-17 19:51:42,689] {processor.py:651} INFO - DAG(s) dict_keys(['example_xcom']) retrieved from /home/airflow/.local/lib/python3.7/site-packages/airflow/example_dags/example_xcom.py
[2022-07-17 19:51:42,788] {logging_mixin.py:115} INFO - [2022-07-17 19:51:42,788] {dag.py:2420} INFO - Sync 1 DAGs
[2022-07-17 19:51:42,815] {logging_mixin.py:115} INFO - [2022-07-17 19:51:42,815] {dag.py:2972} INFO - Setting next_dagrun for example_xcom to 2021-01-01T00:00:00+00:00, run_after=2021-01-01T00:00:00+00:00
[2022-07-17 19:51:42,834] {processor.py:161} INFO - Processing /home/airflow/.local/lib/python3.7/site-packages/airflow/example_dags/example_xcom.py took 0.167 seconds
[2022-07-17 19:52:13,216] {processor.py:153} INFO - Started process (PID=1902) to work on /home/airflow/.local/lib/python3.7/site-packages/airflow/example_dags/example_xcom.py
[2022-07-17 19:52:13,216] {processor.py:641} INFO - Processing file /home/airflow/.local/lib/python3.7/site-packages/airflow/example_dags/example_xcom.py for tasks to queue
[2022-07-17 19:52:13,217] {logging_mixin.py:115} INFO - [2022-07-17 19:52:13,217] {dagbag.py:508} INFO - Filling up the DagBag from /home/airflow/.local/lib/python3.7/site-packages/airflow/example_dags/example_xcom.py
[2022-07-17 19:52:13,240] {processor.py:651} INFO - DAG(s) dict_keys(['example_xcom']) retrieved from /home/airflow/.local/lib/python3.7/site-packages/airflow/example_dags/example_xcom.py
[2022-07-17 19:52:13,316] {logging_mixin.py:115} INFO - [2022-07-17 19:52:13,316] {dag.py:2420} INFO - Sync 1 DAGs
[2022-07-17 19:52:13,338] {logging_mixin.py:115} INFO - [2022-07-17 19:52:13,337] {dag.py:2972} INFO - Setting next_dagrun for example_xcom to 2021-01-01T00:00:00+00:00, run_after=2021-01-01T00:00:00+00:00
[2022-07-17 19:52:13,353] {processor.py:161} INFO - Processing /home/airflow/.local/lib/python3.7/site-packages/airflow/example_dags/example_xcom.py took 0.142 seconds
[2022-07-17 19:52:43,507] {processor.py:153} INFO - Started process (PID=1957) to work on /home/airflow/.local/lib/python3.7/site-packages/airflow/example_dags/example_xcom.py
[2022-07-17 19:52:43,508] {processor.py:641} INFO - Processing file /home/airflow/.local/lib/python3.7/site-packages/airflow/example_dags/example_xcom.py for tasks to queue
[2022-07-17 19:52:43,509] {logging_mixin.py:115} INFO - [2022-07-17 19:52:43,509] {dagbag.py:508} INFO - Filling up the DagBag from /home/airflow/.local/lib/python3.7/site-packages/airflow/example_dags/example_xcom.py
[2022-07-17 19:52:43,534] {processor.py:651} INFO - DAG(s) dict_keys(['example_xcom']) retrieved from /home/airflow/.local/lib/python3.7/site-packages/airflow/example_dags/example_xcom.py
[2022-07-17 19:52:43,569] {logging_mixin.py:115} INFO - [2022-07-17 19:52:43,569] {dag.py:2420} INFO - Sync 1 DAGs
[2022-07-17 19:52:43,609] {logging_mixin.py:115} INFO - [2022-07-17 19:52:43,609] {dag.py:2972} INFO - Setting next_dagrun for example_xcom to 2021-01-01T00:00:00+00:00, run_after=2021-01-01T00:00:00+00:00
[2022-07-17 19:52:43,630] {processor.py:161} INFO - Processing /home/airflow/.local/lib/python3.7/site-packages/airflow/example_dags/example_xcom.py took 0.127 seconds
[2022-07-17 19:53:14,503] {processor.py:153} INFO - Started process (PID=2019) to work on /home/airflow/.local/lib/python3.7/site-packages/airflow/example_dags/example_xcom.py
[2022-07-17 19:53:14,504] {processor.py:641} INFO - Processing file /home/airflow/.local/lib/python3.7/site-packages/airflow/example_dags/example_xcom.py for tasks to queue
[2022-07-17 19:53:14,505] {logging_mixin.py:115} INFO - [2022-07-17 19:53:14,505] {dagbag.py:508} INFO - Filling up the DagBag from /home/airflow/.local/lib/python3.7/site-packages/airflow/example_dags/example_xcom.py
[2022-07-17 19:53:14,530] {processor.py:651} INFO - DAG(s) dict_keys(['example_xcom']) retrieved from /home/airflow/.local/lib/python3.7/site-packages/airflow/example_dags/example_xcom.py
[2022-07-17 19:53:14,622] {logging_mixin.py:115} INFO - [2022-07-17 19:53:14,622] {dag.py:2420} INFO - Sync 1 DAGs
[2022-07-17 19:53:14,650] {logging_mixin.py:115} INFO - [2022-07-17 19:53:14,650] {dag.py:2972} INFO - Setting next_dagrun for example_xcom to 2021-01-01T00:00:00+00:00, run_after=2021-01-01T00:00:00+00:00
[2022-07-17 19:53:14,669] {processor.py:161} INFO - Processing /home/airflow/.local/lib/python3.7/site-packages/airflow/example_dags/example_xcom.py took 0.173 seconds
[2022-07-17 19:53:44,877] {processor.py:153} INFO - Started process (PID=2074) to work on /home/airflow/.local/lib/python3.7/site-packages/airflow/example_dags/example_xcom.py
[2022-07-17 19:53:44,877] {processor.py:641} INFO - Processing file /home/airflow/.local/lib/python3.7/site-packages/airflow/example_dags/example_xcom.py for tasks to queue
[2022-07-17 19:53:44,878] {logging_mixin.py:115} INFO - [2022-07-17 19:53:44,878] {dagbag.py:508} INFO - Filling up the DagBag from /home/airflow/.local/lib/python3.7/site-packages/airflow/example_dags/example_xcom.py
[2022-07-17 19:53:44,901] {processor.py:651} INFO - DAG(s) dict_keys(['example_xcom']) retrieved from /home/airflow/.local/lib/python3.7/site-packages/airflow/example_dags/example_xcom.py
[2022-07-17 19:53:45,002] {logging_mixin.py:115} INFO - [2022-07-17 19:53:45,002] {dag.py:2420} INFO - Sync 1 DAGs
[2022-07-17 19:53:45,025] {logging_mixin.py:115} INFO - [2022-07-17 19:53:45,025] {dag.py:2972} INFO - Setting next_dagrun for example_xcom to 2021-01-01T00:00:00+00:00, run_after=2021-01-01T00:00:00+00:00
[2022-07-17 19:53:45,040] {processor.py:161} INFO - Processing /home/airflow/.local/lib/python3.7/site-packages/airflow/example_dags/example_xcom.py took 0.171 seconds
[2022-07-17 19:54:15,300] {processor.py:153} INFO - Started process (PID=2141) to work on /home/airflow/.local/lib/python3.7/site-packages/airflow/example_dags/example_xcom.py
[2022-07-17 19:54:15,302] {processor.py:641} INFO - Processing file /home/airflow/.local/lib/python3.7/site-packages/airflow/example_dags/example_xcom.py for tasks to queue
[2022-07-17 19:54:15,304] {logging_mixin.py:115} INFO - [2022-07-17 19:54:15,303] {dagbag.py:508} INFO - Filling up the DagBag from /home/airflow/.local/lib/python3.7/site-packages/airflow/example_dags/example_xcom.py
[2022-07-17 19:54:15,335] {processor.py:651} INFO - DAG(s) dict_keys(['example_xcom']) retrieved from /home/airflow/.local/lib/python3.7/site-packages/airflow/example_dags/example_xcom.py
[2022-07-17 19:54:15,414] {logging_mixin.py:115} INFO - [2022-07-17 19:54:15,414] {dag.py:2420} INFO - Sync 1 DAGs
[2022-07-17 19:54:15,438] {logging_mixin.py:115} INFO - [2022-07-17 19:54:15,438] {dag.py:2972} INFO - Setting next_dagrun for example_xcom to 2021-01-01T00:00:00+00:00, run_after=2021-01-01T00:00:00+00:00
[2022-07-17 19:54:15,462] {processor.py:161} INFO - Processing /home/airflow/.local/lib/python3.7/site-packages/airflow/example_dags/example_xcom.py took 0.173 seconds
[2022-07-17 19:54:45,493] {processor.py:153} INFO - Started process (PID=2205) to work on /home/airflow/.local/lib/python3.7/site-packages/airflow/example_dags/example_xcom.py
[2022-07-17 19:54:45,494] {processor.py:641} INFO - Processing file /home/airflow/.local/lib/python3.7/site-packages/airflow/example_dags/example_xcom.py for tasks to queue
[2022-07-17 19:54:45,494] {logging_mixin.py:115} INFO - [2022-07-17 19:54:45,494] {dagbag.py:508} INFO - Filling up the DagBag from /home/airflow/.local/lib/python3.7/site-packages/airflow/example_dags/example_xcom.py
[2022-07-17 19:54:45,513] {processor.py:651} INFO - DAG(s) dict_keys(['example_xcom']) retrieved from /home/airflow/.local/lib/python3.7/site-packages/airflow/example_dags/example_xcom.py
[2022-07-17 19:54:45,597] {logging_mixin.py:115} INFO - [2022-07-17 19:54:45,596] {dag.py:2420} INFO - Sync 1 DAGs
[2022-07-17 19:54:45,622] {logging_mixin.py:115} INFO - [2022-07-17 19:54:45,622] {dag.py:2972} INFO - Setting next_dagrun for example_xcom to 2021-01-01T00:00:00+00:00, run_after=2021-01-01T00:00:00+00:00
[2022-07-17 19:54:45,643] {processor.py:161} INFO - Processing /home/airflow/.local/lib/python3.7/site-packages/airflow/example_dags/example_xcom.py took 0.153 seconds
[2022-07-17 19:55:16,001] {processor.py:153} INFO - Started process (PID=2260) to work on /home/airflow/.local/lib/python3.7/site-packages/airflow/example_dags/example_xcom.py
[2022-07-17 19:55:16,001] {processor.py:641} INFO - Processing file /home/airflow/.local/lib/python3.7/site-packages/airflow/example_dags/example_xcom.py for tasks to queue
[2022-07-17 19:55:16,002] {logging_mixin.py:115} INFO - [2022-07-17 19:55:16,002] {dagbag.py:508} INFO - Filling up the DagBag from /home/airflow/.local/lib/python3.7/site-packages/airflow/example_dags/example_xcom.py
[2022-07-17 19:55:16,022] {processor.py:651} INFO - DAG(s) dict_keys(['example_xcom']) retrieved from /home/airflow/.local/lib/python3.7/site-packages/airflow/example_dags/example_xcom.py
[2022-07-17 19:55:16,111] {logging_mixin.py:115} INFO - [2022-07-17 19:55:16,111] {dag.py:2420} INFO - Sync 1 DAGs
[2022-07-17 19:55:16,135] {logging_mixin.py:115} INFO - [2022-07-17 19:55:16,135] {dag.py:2972} INFO - Setting next_dagrun for example_xcom to 2021-01-01T00:00:00+00:00, run_after=2021-01-01T00:00:00+00:00
[2022-07-17 19:55:16,152] {processor.py:161} INFO - Processing /home/airflow/.local/lib/python3.7/site-packages/airflow/example_dags/example_xcom.py took 0.154 seconds
[2022-07-17 19:55:47,147] {processor.py:153} INFO - Started process (PID=2324) to work on /home/airflow/.local/lib/python3.7/site-packages/airflow/example_dags/example_xcom.py
[2022-07-17 19:55:47,148] {processor.py:641} INFO - Processing file /home/airflow/.local/lib/python3.7/site-packages/airflow/example_dags/example_xcom.py for tasks to queue
[2022-07-17 19:55:47,148] {logging_mixin.py:115} INFO - [2022-07-17 19:55:47,148] {dagbag.py:508} INFO - Filling up the DagBag from /home/airflow/.local/lib/python3.7/site-packages/airflow/example_dags/example_xcom.py
[2022-07-17 19:55:47,175] {processor.py:651} INFO - DAG(s) dict_keys(['example_xcom']) retrieved from /home/airflow/.local/lib/python3.7/site-packages/airflow/example_dags/example_xcom.py
[2022-07-17 19:55:47,207] {logging_mixin.py:115} INFO - [2022-07-17 19:55:47,207] {dag.py:2420} INFO - Sync 1 DAGs
[2022-07-17 19:55:47,236] {logging_mixin.py:115} INFO - [2022-07-17 19:55:47,236] {dag.py:2972} INFO - Setting next_dagrun for example_xcom to 2021-01-01T00:00:00+00:00, run_after=2021-01-01T00:00:00+00:00
[2022-07-17 19:55:47,255] {processor.py:161} INFO - Processing /home/airflow/.local/lib/python3.7/site-packages/airflow/example_dags/example_xcom.py took 0.113 seconds
[2022-07-17 19:56:17,901] {processor.py:153} INFO - Started process (PID=2381) to work on /home/airflow/.local/lib/python3.7/site-packages/airflow/example_dags/example_xcom.py
[2022-07-17 19:56:17,902] {processor.py:641} INFO - Processing file /home/airflow/.local/lib/python3.7/site-packages/airflow/example_dags/example_xcom.py for tasks to queue
[2022-07-17 19:56:17,902] {logging_mixin.py:115} INFO - [2022-07-17 19:56:17,902] {dagbag.py:508} INFO - Filling up the DagBag from /home/airflow/.local/lib/python3.7/site-packages/airflow/example_dags/example_xcom.py
[2022-07-17 19:56:17,925] {processor.py:651} INFO - DAG(s) dict_keys(['example_xcom']) retrieved from /home/airflow/.local/lib/python3.7/site-packages/airflow/example_dags/example_xcom.py
[2022-07-17 19:56:18,007] {logging_mixin.py:115} INFO - [2022-07-17 19:56:18,006] {dag.py:2420} INFO - Sync 1 DAGs
[2022-07-17 19:56:18,028] {logging_mixin.py:115} INFO - [2022-07-17 19:56:18,028] {dag.py:2972} INFO - Setting next_dagrun for example_xcom to 2021-01-01T00:00:00+00:00, run_after=2021-01-01T00:00:00+00:00
[2022-07-17 19:56:18,043] {processor.py:161} INFO - Processing /home/airflow/.local/lib/python3.7/site-packages/airflow/example_dags/example_xcom.py took 0.147 seconds
[2022-07-17 19:56:48,086] {processor.py:153} INFO - Started process (PID=2445) to work on /home/airflow/.local/lib/python3.7/site-packages/airflow/example_dags/example_xcom.py
[2022-07-17 19:56:48,087] {processor.py:641} INFO - Processing file /home/airflow/.local/lib/python3.7/site-packages/airflow/example_dags/example_xcom.py for tasks to queue
[2022-07-17 19:56:48,088] {logging_mixin.py:115} INFO - [2022-07-17 19:56:48,088] {dagbag.py:508} INFO - Filling up the DagBag from /home/airflow/.local/lib/python3.7/site-packages/airflow/example_dags/example_xcom.py
[2022-07-17 19:56:48,114] {processor.py:651} INFO - DAG(s) dict_keys(['example_xcom']) retrieved from /home/airflow/.local/lib/python3.7/site-packages/airflow/example_dags/example_xcom.py
[2022-07-17 19:56:48,224] {logging_mixin.py:115} INFO - [2022-07-17 19:56:48,224] {dag.py:2420} INFO - Sync 1 DAGs
[2022-07-17 19:56:48,247] {logging_mixin.py:115} INFO - [2022-07-17 19:56:48,247] {dag.py:2972} INFO - Setting next_dagrun for example_xcom to 2021-01-01T00:00:00+00:00, run_after=2021-01-01T00:00:00+00:00
[2022-07-17 19:56:48,260] {processor.py:161} INFO - Processing /home/airflow/.local/lib/python3.7/site-packages/airflow/example_dags/example_xcom.py took 0.185 seconds
[2022-07-17 19:57:18,289] {processor.py:153} INFO - Started process (PID=2510) to work on /home/airflow/.local/lib/python3.7/site-packages/airflow/example_dags/example_xcom.py
[2022-07-17 19:57:18,289] {processor.py:641} INFO - Processing file /home/airflow/.local/lib/python3.7/site-packages/airflow/example_dags/example_xcom.py for tasks to queue
[2022-07-17 19:57:18,290] {logging_mixin.py:115} INFO - [2022-07-17 19:57:18,290] {dagbag.py:508} INFO - Filling up the DagBag from /home/airflow/.local/lib/python3.7/site-packages/airflow/example_dags/example_xcom.py
[2022-07-17 19:57:18,308] {processor.py:651} INFO - DAG(s) dict_keys(['example_xcom']) retrieved from /home/airflow/.local/lib/python3.7/site-packages/airflow/example_dags/example_xcom.py
[2022-07-17 19:57:18,387] {logging_mixin.py:115} INFO - [2022-07-17 19:57:18,387] {dag.py:2420} INFO - Sync 1 DAGs
[2022-07-17 19:57:18,408] {logging_mixin.py:115} INFO - [2022-07-17 19:57:18,408] {dag.py:2972} INFO - Setting next_dagrun for example_xcom to 2021-01-01T00:00:00+00:00, run_after=2021-01-01T00:00:00+00:00
[2022-07-17 19:57:18,422] {processor.py:161} INFO - Processing /home/airflow/.local/lib/python3.7/site-packages/airflow/example_dags/example_xcom.py took 0.136 seconds
[2022-07-17 19:57:48,459] {processor.py:153} INFO - Started process (PID=2564) to work on /home/airflow/.local/lib/python3.7/site-packages/airflow/example_dags/example_xcom.py
[2022-07-17 19:57:48,460] {processor.py:641} INFO - Processing file /home/airflow/.local/lib/python3.7/site-packages/airflow/example_dags/example_xcom.py for tasks to queue
[2022-07-17 19:57:48,461] {logging_mixin.py:115} INFO - [2022-07-17 19:57:48,461] {dagbag.py:508} INFO - Filling up the DagBag from /home/airflow/.local/lib/python3.7/site-packages/airflow/example_dags/example_xcom.py
[2022-07-17 19:57:48,484] {processor.py:651} INFO - DAG(s) dict_keys(['example_xcom']) retrieved from /home/airflow/.local/lib/python3.7/site-packages/airflow/example_dags/example_xcom.py
[2022-07-17 19:57:48,559] {logging_mixin.py:115} INFO - [2022-07-17 19:57:48,559] {dag.py:2420} INFO - Sync 1 DAGs
[2022-07-17 19:57:48,580] {logging_mixin.py:115} INFO - [2022-07-17 19:57:48,580] {dag.py:2972} INFO - Setting next_dagrun for example_xcom to 2021-01-01T00:00:00+00:00, run_after=2021-01-01T00:00:00+00:00
[2022-07-17 19:57:48,596] {processor.py:161} INFO - Processing /home/airflow/.local/lib/python3.7/site-packages/airflow/example_dags/example_xcom.py took 0.142 seconds
[2022-07-17 19:58:18,686] {processor.py:153} INFO - Started process (PID=2628) to work on /home/airflow/.local/lib/python3.7/site-packages/airflow/example_dags/example_xcom.py
[2022-07-17 19:58:18,687] {processor.py:641} INFO - Processing file /home/airflow/.local/lib/python3.7/site-packages/airflow/example_dags/example_xcom.py for tasks to queue
[2022-07-17 19:58:18,688] {logging_mixin.py:115} INFO - [2022-07-17 19:58:18,688] {dagbag.py:508} INFO - Filling up the DagBag from /home/airflow/.local/lib/python3.7/site-packages/airflow/example_dags/example_xcom.py
[2022-07-17 19:58:18,710] {processor.py:651} INFO - DAG(s) dict_keys(['example_xcom']) retrieved from /home/airflow/.local/lib/python3.7/site-packages/airflow/example_dags/example_xcom.py
[2022-07-17 19:58:18,815] {logging_mixin.py:115} INFO - [2022-07-17 19:58:18,815] {dag.py:2420} INFO - Sync 1 DAGs
[2022-07-17 19:58:18,838] {logging_mixin.py:115} INFO - [2022-07-17 19:58:18,837] {dag.py:2972} INFO - Setting next_dagrun for example_xcom to 2021-01-01T00:00:00+00:00, run_after=2021-01-01T00:00:00+00:00
[2022-07-17 19:58:18,854] {processor.py:161} INFO - Processing /home/airflow/.local/lib/python3.7/site-packages/airflow/example_dags/example_xcom.py took 0.172 seconds
[2022-07-17 19:58:49,744] {processor.py:153} INFO - Started process (PID=2683) to work on /home/airflow/.local/lib/python3.7/site-packages/airflow/example_dags/example_xcom.py
[2022-07-17 19:58:49,745] {processor.py:641} INFO - Processing file /home/airflow/.local/lib/python3.7/site-packages/airflow/example_dags/example_xcom.py for tasks to queue
[2022-07-17 19:58:49,747] {logging_mixin.py:115} INFO - [2022-07-17 19:58:49,747] {dagbag.py:508} INFO - Filling up the DagBag from /home/airflow/.local/lib/python3.7/site-packages/airflow/example_dags/example_xcom.py
[2022-07-17 19:58:49,810] {processor.py:651} INFO - DAG(s) dict_keys(['example_xcom']) retrieved from /home/airflow/.local/lib/python3.7/site-packages/airflow/example_dags/example_xcom.py
[2022-07-17 19:58:49,914] {logging_mixin.py:115} INFO - [2022-07-17 19:58:49,914] {dag.py:2420} INFO - Sync 1 DAGs
[2022-07-17 19:58:49,942] {logging_mixin.py:115} INFO - [2022-07-17 19:58:49,942] {dag.py:2972} INFO - Setting next_dagrun for example_xcom to 2021-01-01T00:00:00+00:00, run_after=2021-01-01T00:00:00+00:00
[2022-07-17 19:58:49,958] {processor.py:161} INFO - Processing /home/airflow/.local/lib/python3.7/site-packages/airflow/example_dags/example_xcom.py took 0.224 seconds
[2022-07-17 19:59:20,339] {processor.py:153} INFO - Started process (PID=2747) to work on /home/airflow/.local/lib/python3.7/site-packages/airflow/example_dags/example_xcom.py
[2022-07-17 19:59:20,340] {processor.py:641} INFO - Processing file /home/airflow/.local/lib/python3.7/site-packages/airflow/example_dags/example_xcom.py for tasks to queue
[2022-07-17 19:59:20,340] {logging_mixin.py:115} INFO - [2022-07-17 19:59:20,340] {dagbag.py:508} INFO - Filling up the DagBag from /home/airflow/.local/lib/python3.7/site-packages/airflow/example_dags/example_xcom.py
[2022-07-17 19:59:20,365] {processor.py:651} INFO - DAG(s) dict_keys(['example_xcom']) retrieved from /home/airflow/.local/lib/python3.7/site-packages/airflow/example_dags/example_xcom.py
[2022-07-17 19:59:20,402] {logging_mixin.py:115} INFO - [2022-07-17 19:59:20,402] {dag.py:2420} INFO - Sync 1 DAGs
[2022-07-17 19:59:20,441] {logging_mixin.py:115} INFO - [2022-07-17 19:59:20,441] {dag.py:2972} INFO - Setting next_dagrun for example_xcom to 2021-01-01T00:00:00+00:00, run_after=2021-01-01T00:00:00+00:00
[2022-07-17 19:59:20,465] {processor.py:161} INFO - Processing /home/airflow/.local/lib/python3.7/site-packages/airflow/example_dags/example_xcom.py took 0.130 seconds
[2022-07-17 19:59:50,663] {processor.py:153} INFO - Started process (PID=2804) to work on /home/airflow/.local/lib/python3.7/site-packages/airflow/example_dags/example_xcom.py
[2022-07-17 19:59:50,663] {processor.py:641} INFO - Processing file /home/airflow/.local/lib/python3.7/site-packages/airflow/example_dags/example_xcom.py for tasks to queue
[2022-07-17 19:59:50,664] {logging_mixin.py:115} INFO - [2022-07-17 19:59:50,664] {dagbag.py:508} INFO - Filling up the DagBag from /home/airflow/.local/lib/python3.7/site-packages/airflow/example_dags/example_xcom.py
[2022-07-17 19:59:50,682] {processor.py:651} INFO - DAG(s) dict_keys(['example_xcom']) retrieved from /home/airflow/.local/lib/python3.7/site-packages/airflow/example_dags/example_xcom.py
[2022-07-17 19:59:50,754] {logging_mixin.py:115} INFO - [2022-07-17 19:59:50,754] {dag.py:2420} INFO - Sync 1 DAGs
[2022-07-17 19:59:50,776] {logging_mixin.py:115} INFO - [2022-07-17 19:59:50,776] {dag.py:2972} INFO - Setting next_dagrun for example_xcom to 2021-01-01T00:00:00+00:00, run_after=2021-01-01T00:00:00+00:00
[2022-07-17 19:59:50,790] {processor.py:161} INFO - Processing /home/airflow/.local/lib/python3.7/site-packages/airflow/example_dags/example_xcom.py took 0.130 seconds
[2022-07-17 20:00:20,830] {processor.py:153} INFO - Started process (PID=2868) to work on /home/airflow/.local/lib/python3.7/site-packages/airflow/example_dags/example_xcom.py
[2022-07-17 20:00:20,830] {processor.py:641} INFO - Processing file /home/airflow/.local/lib/python3.7/site-packages/airflow/example_dags/example_xcom.py for tasks to queue
[2022-07-17 20:00:20,831] {logging_mixin.py:115} INFO - [2022-07-17 20:00:20,831] {dagbag.py:508} INFO - Filling up the DagBag from /home/airflow/.local/lib/python3.7/site-packages/airflow/example_dags/example_xcom.py
[2022-07-17 20:00:20,850] {processor.py:651} INFO - DAG(s) dict_keys(['example_xcom']) retrieved from /home/airflow/.local/lib/python3.7/site-packages/airflow/example_dags/example_xcom.py
[2022-07-17 20:00:20,923] {logging_mixin.py:115} INFO - [2022-07-17 20:00:20,923] {dag.py:2420} INFO - Sync 1 DAGs
[2022-07-17 20:00:20,945] {logging_mixin.py:115} INFO - [2022-07-17 20:00:20,945] {dag.py:2972} INFO - Setting next_dagrun for example_xcom to 2021-01-01T00:00:00+00:00, run_after=2021-01-01T00:00:00+00:00
[2022-07-17 20:00:20,960] {processor.py:161} INFO - Processing /home/airflow/.local/lib/python3.7/site-packages/airflow/example_dags/example_xcom.py took 0.133 seconds
[2022-07-17 20:00:51,193] {processor.py:153} INFO - Started process (PID=2933) to work on /home/airflow/.local/lib/python3.7/site-packages/airflow/example_dags/example_xcom.py
[2022-07-17 20:00:51,194] {processor.py:641} INFO - Processing file /home/airflow/.local/lib/python3.7/site-packages/airflow/example_dags/example_xcom.py for tasks to queue
[2022-07-17 20:00:51,195] {logging_mixin.py:115} INFO - [2022-07-17 20:00:51,194] {dagbag.py:508} INFO - Filling up the DagBag from /home/airflow/.local/lib/python3.7/site-packages/airflow/example_dags/example_xcom.py
[2022-07-17 20:00:51,216] {processor.py:651} INFO - DAG(s) dict_keys(['example_xcom']) retrieved from /home/airflow/.local/lib/python3.7/site-packages/airflow/example_dags/example_xcom.py
[2022-07-17 20:00:51,254] {logging_mixin.py:115} INFO - [2022-07-17 20:00:51,254] {dag.py:2420} INFO - Sync 1 DAGs
[2022-07-17 20:00:51,282] {logging_mixin.py:115} INFO - [2022-07-17 20:00:51,282] {dag.py:2972} INFO - Setting next_dagrun for example_xcom to 2021-01-01T00:00:00+00:00, run_after=2021-01-01T00:00:00+00:00
[2022-07-17 20:00:51,299] {processor.py:161} INFO - Processing /home/airflow/.local/lib/python3.7/site-packages/airflow/example_dags/example_xcom.py took 0.109 seconds
[2022-07-17 20:01:21,594] {processor.py:153} INFO - Started process (PID=2988) to work on /home/airflow/.local/lib/python3.7/site-packages/airflow/example_dags/example_xcom.py
[2022-07-17 20:01:21,595] {processor.py:641} INFO - Processing file /home/airflow/.local/lib/python3.7/site-packages/airflow/example_dags/example_xcom.py for tasks to queue
[2022-07-17 20:01:21,595] {logging_mixin.py:115} INFO - [2022-07-17 20:01:21,595] {dagbag.py:508} INFO - Filling up the DagBag from /home/airflow/.local/lib/python3.7/site-packages/airflow/example_dags/example_xcom.py
[2022-07-17 20:01:21,618] {processor.py:651} INFO - DAG(s) dict_keys(['example_xcom']) retrieved from /home/airflow/.local/lib/python3.7/site-packages/airflow/example_dags/example_xcom.py
[2022-07-17 20:01:21,712] {logging_mixin.py:115} INFO - [2022-07-17 20:01:21,712] {dag.py:2420} INFO - Sync 1 DAGs
[2022-07-17 20:01:21,748] {logging_mixin.py:115} INFO - [2022-07-17 20:01:21,748] {dag.py:2972} INFO - Setting next_dagrun for example_xcom to 2021-01-01T00:00:00+00:00, run_after=2021-01-01T00:00:00+00:00
[2022-07-17 20:01:21,771] {processor.py:161} INFO - Processing /home/airflow/.local/lib/python3.7/site-packages/airflow/example_dags/example_xcom.py took 0.181 seconds
[2022-07-17 20:01:51,922] {processor.py:153} INFO - Started process (PID=3052) to work on /home/airflow/.local/lib/python3.7/site-packages/airflow/example_dags/example_xcom.py
[2022-07-17 20:01:51,923] {processor.py:641} INFO - Processing file /home/airflow/.local/lib/python3.7/site-packages/airflow/example_dags/example_xcom.py for tasks to queue
[2022-07-17 20:01:51,923] {logging_mixin.py:115} INFO - [2022-07-17 20:01:51,923] {dagbag.py:508} INFO - Filling up the DagBag from /home/airflow/.local/lib/python3.7/site-packages/airflow/example_dags/example_xcom.py
[2022-07-17 20:01:51,945] {processor.py:651} INFO - DAG(s) dict_keys(['example_xcom']) retrieved from /home/airflow/.local/lib/python3.7/site-packages/airflow/example_dags/example_xcom.py
[2022-07-17 20:01:52,020] {logging_mixin.py:115} INFO - [2022-07-17 20:01:52,020] {dag.py:2420} INFO - Sync 1 DAGs
[2022-07-17 20:01:52,042] {logging_mixin.py:115} INFO - [2022-07-17 20:01:52,042] {dag.py:2972} INFO - Setting next_dagrun for example_xcom to 2021-01-01T00:00:00+00:00, run_after=2021-01-01T00:00:00+00:00
[2022-07-17 20:01:52,057] {processor.py:161} INFO - Processing /home/airflow/.local/lib/python3.7/site-packages/airflow/example_dags/example_xcom.py took 0.138 seconds
[2022-07-17 20:02:22,635] {processor.py:153} INFO - Started process (PID=3110) to work on /home/airflow/.local/lib/python3.7/site-packages/airflow/example_dags/example_xcom.py
[2022-07-17 20:02:22,636] {processor.py:641} INFO - Processing file /home/airflow/.local/lib/python3.7/site-packages/airflow/example_dags/example_xcom.py for tasks to queue
[2022-07-17 20:02:22,637] {logging_mixin.py:115} INFO - [2022-07-17 20:02:22,637] {dagbag.py:508} INFO - Filling up the DagBag from /home/airflow/.local/lib/python3.7/site-packages/airflow/example_dags/example_xcom.py
[2022-07-17 20:02:22,662] {processor.py:651} INFO - DAG(s) dict_keys(['example_xcom']) retrieved from /home/airflow/.local/lib/python3.7/site-packages/airflow/example_dags/example_xcom.py
[2022-07-17 20:02:22,764] {logging_mixin.py:115} INFO - [2022-07-17 20:02:22,764] {dag.py:2420} INFO - Sync 1 DAGs
[2022-07-17 20:02:22,786] {logging_mixin.py:115} INFO - [2022-07-17 20:02:22,786] {dag.py:2972} INFO - Setting next_dagrun for example_xcom to 2021-01-01T00:00:00+00:00, run_after=2021-01-01T00:00:00+00:00
[2022-07-17 20:02:22,803] {processor.py:161} INFO - Processing /home/airflow/.local/lib/python3.7/site-packages/airflow/example_dags/example_xcom.py took 0.177 seconds
[2022-07-17 20:02:53,095] {processor.py:153} INFO - Started process (PID=3174) to work on /home/airflow/.local/lib/python3.7/site-packages/airflow/example_dags/example_xcom.py
[2022-07-17 20:02:53,096] {processor.py:641} INFO - Processing file /home/airflow/.local/lib/python3.7/site-packages/airflow/example_dags/example_xcom.py for tasks to queue
[2022-07-17 20:02:53,096] {logging_mixin.py:115} INFO - [2022-07-17 20:02:53,096] {dagbag.py:508} INFO - Filling up the DagBag from /home/airflow/.local/lib/python3.7/site-packages/airflow/example_dags/example_xcom.py
[2022-07-17 20:02:53,121] {processor.py:651} INFO - DAG(s) dict_keys(['example_xcom']) retrieved from /home/airflow/.local/lib/python3.7/site-packages/airflow/example_dags/example_xcom.py
[2022-07-17 20:02:53,238] {logging_mixin.py:115} INFO - [2022-07-17 20:02:53,238] {dag.py:2420} INFO - Sync 1 DAGs
[2022-07-17 20:02:53,266] {logging_mixin.py:115} INFO - [2022-07-17 20:02:53,265] {dag.py:2972} INFO - Setting next_dagrun for example_xcom to 2021-01-01T00:00:00+00:00, run_after=2021-01-01T00:00:00+00:00
[2022-07-17 20:02:53,284] {processor.py:161} INFO - Processing /home/airflow/.local/lib/python3.7/site-packages/airflow/example_dags/example_xcom.py took 0.193 seconds
[2022-07-17 20:03:23,645] {processor.py:153} INFO - Started process (PID=3238) to work on /home/airflow/.local/lib/python3.7/site-packages/airflow/example_dags/example_xcom.py
[2022-07-17 20:03:23,646] {processor.py:641} INFO - Processing file /home/airflow/.local/lib/python3.7/site-packages/airflow/example_dags/example_xcom.py for tasks to queue
[2022-07-17 20:03:23,646] {logging_mixin.py:115} INFO - [2022-07-17 20:03:23,646] {dagbag.py:508} INFO - Filling up the DagBag from /home/airflow/.local/lib/python3.7/site-packages/airflow/example_dags/example_xcom.py
[2022-07-17 20:03:23,673] {processor.py:651} INFO - DAG(s) dict_keys(['example_xcom']) retrieved from /home/airflow/.local/lib/python3.7/site-packages/airflow/example_dags/example_xcom.py
[2022-07-17 20:03:23,779] {logging_mixin.py:115} INFO - [2022-07-17 20:03:23,779] {dag.py:2420} INFO - Sync 1 DAGs
[2022-07-17 20:03:23,805] {logging_mixin.py:115} INFO - [2022-07-17 20:03:23,805] {dag.py:2972} INFO - Setting next_dagrun for example_xcom to 2021-01-01T00:00:00+00:00, run_after=2021-01-01T00:00:00+00:00
[2022-07-17 20:03:23,821] {processor.py:161} INFO - Processing /home/airflow/.local/lib/python3.7/site-packages/airflow/example_dags/example_xcom.py took 0.180 seconds
[2022-07-17 20:03:54,028] {processor.py:153} INFO - Started process (PID=3293) to work on /home/airflow/.local/lib/python3.7/site-packages/airflow/example_dags/example_xcom.py
[2022-07-17 20:03:54,028] {processor.py:641} INFO - Processing file /home/airflow/.local/lib/python3.7/site-packages/airflow/example_dags/example_xcom.py for tasks to queue
[2022-07-17 20:03:54,029] {logging_mixin.py:115} INFO - [2022-07-17 20:03:54,029] {dagbag.py:508} INFO - Filling up the DagBag from /home/airflow/.local/lib/python3.7/site-packages/airflow/example_dags/example_xcom.py
[2022-07-17 20:03:54,055] {processor.py:651} INFO - DAG(s) dict_keys(['example_xcom']) retrieved from /home/airflow/.local/lib/python3.7/site-packages/airflow/example_dags/example_xcom.py
[2022-07-17 20:03:54,134] {logging_mixin.py:115} INFO - [2022-07-17 20:03:54,134] {dag.py:2420} INFO - Sync 1 DAGs
[2022-07-17 20:03:54,158] {logging_mixin.py:115} INFO - [2022-07-17 20:03:54,157] {dag.py:2972} INFO - Setting next_dagrun for example_xcom to 2021-01-01T00:00:00+00:00, run_after=2021-01-01T00:00:00+00:00
[2022-07-17 20:03:54,173] {processor.py:161} INFO - Processing /home/airflow/.local/lib/python3.7/site-packages/airflow/example_dags/example_xcom.py took 0.153 seconds
