[2022-07-17 19:36:55,383] {processor.py:153} INFO - Started process (PID=74) to work on /home/airflow/.local/lib/python3.7/site-packages/airflow/example_dags/example_bash_operator.py
[2022-07-17 19:36:55,383] {processor.py:641} INFO - Processing file /home/airflow/.local/lib/python3.7/site-packages/airflow/example_dags/example_bash_operator.py for tasks to queue
[2022-07-17 19:36:55,384] {logging_mixin.py:115} INFO - [2022-07-17 19:36:55,384] {dagbag.py:508} INFO - Filling up the DagBag from /home/airflow/.local/lib/python3.7/site-packages/airflow/example_dags/example_bash_operator.py
[2022-07-17 19:36:55,401] {processor.py:651} INFO - DAG(s) dict_keys(['example_bash_operator']) retrieved from /home/airflow/.local/lib/python3.7/site-packages/airflow/example_dags/example_bash_operator.py
[2022-07-17 19:36:55,523] {logging_mixin.py:115} INFO - [2022-07-17 19:36:55,523] {manager.py:508} INFO - Created Permission View: can delete on DAG:example_bash_operator
[2022-07-17 19:36:55,539] {logging_mixin.py:115} INFO - [2022-07-17 19:36:55,539] {manager.py:508} INFO - Created Permission View: can read on DAG:example_bash_operator
[2022-07-17 19:36:55,548] {logging_mixin.py:115} INFO - [2022-07-17 19:36:55,548] {manager.py:508} INFO - Created Permission View: can edit on DAG:example_bash_operator
[2022-07-17 19:36:55,548] {logging_mixin.py:115} INFO - [2022-07-17 19:36:55,548] {dag.py:2420} INFO - Sync 1 DAGs
[2022-07-17 19:36:55,559] {logging_mixin.py:115} INFO - [2022-07-17 19:36:55,559] {dag.py:2439} INFO - Creating ORM DAG for example_bash_operator
[2022-07-17 19:36:55,580] {logging_mixin.py:115} INFO - [2022-07-17 19:36:55,580] {dag.py:2972} INFO - Setting next_dagrun for example_bash_operator to 2022-07-16T00:00:00+00:00, run_after=2022-07-17T00:00:00+00:00
[2022-07-17 19:36:55,606] {processor.py:161} INFO - Processing /home/airflow/.local/lib/python3.7/site-packages/airflow/example_dags/example_bash_operator.py took 0.227 seconds
[2022-07-17 19:37:25,907] {processor.py:153} INFO - Started process (PID=139) to work on /home/airflow/.local/lib/python3.7/site-packages/airflow/example_dags/example_bash_operator.py
[2022-07-17 19:37:25,908] {processor.py:641} INFO - Processing file /home/airflow/.local/lib/python3.7/site-packages/airflow/example_dags/example_bash_operator.py for tasks to queue
[2022-07-17 19:37:25,909] {logging_mixin.py:115} INFO - [2022-07-17 19:37:25,908] {dagbag.py:508} INFO - Filling up the DagBag from /home/airflow/.local/lib/python3.7/site-packages/airflow/example_dags/example_bash_operator.py
[2022-07-17 19:37:25,924] {processor.py:651} INFO - DAG(s) dict_keys(['example_bash_operator']) retrieved from /home/airflow/.local/lib/python3.7/site-packages/airflow/example_dags/example_bash_operator.py
[2022-07-17 19:37:25,961] {logging_mixin.py:115} INFO - [2022-07-17 19:37:25,961] {dag.py:2420} INFO - Sync 1 DAGs
[2022-07-17 19:37:26,006] {logging_mixin.py:115} INFO - [2022-07-17 19:37:26,006] {dag.py:2972} INFO - Setting next_dagrun for example_bash_operator to 2022-07-16T00:00:00+00:00, run_after=2022-07-17T00:00:00+00:00
[2022-07-17 19:37:26,026] {processor.py:161} INFO - Processing /home/airflow/.local/lib/python3.7/site-packages/airflow/example_dags/example_bash_operator.py took 0.122 seconds
[2022-07-17 19:37:57,045] {processor.py:153} INFO - Started process (PID=194) to work on /home/airflow/.local/lib/python3.7/site-packages/airflow/example_dags/example_bash_operator.py
[2022-07-17 19:37:57,046] {processor.py:641} INFO - Processing file /home/airflow/.local/lib/python3.7/site-packages/airflow/example_dags/example_bash_operator.py for tasks to queue
[2022-07-17 19:37:57,046] {logging_mixin.py:115} INFO - [2022-07-17 19:37:57,046] {dagbag.py:508} INFO - Filling up the DagBag from /home/airflow/.local/lib/python3.7/site-packages/airflow/example_dags/example_bash_operator.py
[2022-07-17 19:37:57,059] {processor.py:651} INFO - DAG(s) dict_keys(['example_bash_operator']) retrieved from /home/airflow/.local/lib/python3.7/site-packages/airflow/example_dags/example_bash_operator.py
[2022-07-17 19:37:57,086] {logging_mixin.py:115} INFO - [2022-07-17 19:37:57,086] {dag.py:2420} INFO - Sync 1 DAGs
[2022-07-17 19:37:57,113] {logging_mixin.py:115} INFO - [2022-07-17 19:37:57,113] {dag.py:2972} INFO - Setting next_dagrun for example_bash_operator to 2022-07-16T00:00:00+00:00, run_after=2022-07-17T00:00:00+00:00
[2022-07-17 19:37:57,126] {processor.py:161} INFO - Processing /home/airflow/.local/lib/python3.7/site-packages/airflow/example_dags/example_bash_operator.py took 0.084 seconds
[2022-07-17 19:38:27,453] {processor.py:153} INFO - Started process (PID=257) to work on /home/airflow/.local/lib/python3.7/site-packages/airflow/example_dags/example_bash_operator.py
[2022-07-17 19:38:27,454] {processor.py:641} INFO - Processing file /home/airflow/.local/lib/python3.7/site-packages/airflow/example_dags/example_bash_operator.py for tasks to queue
[2022-07-17 19:38:27,454] {logging_mixin.py:115} INFO - [2022-07-17 19:38:27,454] {dagbag.py:508} INFO - Filling up the DagBag from /home/airflow/.local/lib/python3.7/site-packages/airflow/example_dags/example_bash_operator.py
[2022-07-17 19:38:27,470] {processor.py:651} INFO - DAG(s) dict_keys(['example_bash_operator']) retrieved from /home/airflow/.local/lib/python3.7/site-packages/airflow/example_dags/example_bash_operator.py
[2022-07-17 19:38:27,505] {logging_mixin.py:115} INFO - [2022-07-17 19:38:27,505] {dag.py:2420} INFO - Sync 1 DAGs
[2022-07-17 19:38:27,542] {logging_mixin.py:115} INFO - [2022-07-17 19:38:27,542] {dag.py:2972} INFO - Setting next_dagrun for example_bash_operator to 2022-07-16T00:00:00+00:00, run_after=2022-07-17T00:00:00+00:00
[2022-07-17 19:38:27,558] {processor.py:161} INFO - Processing /home/airflow/.local/lib/python3.7/site-packages/airflow/example_dags/example_bash_operator.py took 0.107 seconds
[2022-07-17 19:38:57,871] {processor.py:153} INFO - Started process (PID=310) to work on /home/airflow/.local/lib/python3.7/site-packages/airflow/example_dags/example_bash_operator.py
[2022-07-17 19:38:57,871] {processor.py:641} INFO - Processing file /home/airflow/.local/lib/python3.7/site-packages/airflow/example_dags/example_bash_operator.py for tasks to queue
[2022-07-17 19:38:57,872] {logging_mixin.py:115} INFO - [2022-07-17 19:38:57,872] {dagbag.py:508} INFO - Filling up the DagBag from /home/airflow/.local/lib/python3.7/site-packages/airflow/example_dags/example_bash_operator.py
[2022-07-17 19:38:57,886] {processor.py:651} INFO - DAG(s) dict_keys(['example_bash_operator']) retrieved from /home/airflow/.local/lib/python3.7/site-packages/airflow/example_dags/example_bash_operator.py
[2022-07-17 19:38:57,916] {logging_mixin.py:115} INFO - [2022-07-17 19:38:57,916] {dag.py:2420} INFO - Sync 1 DAGs
[2022-07-17 19:38:57,947] {logging_mixin.py:115} INFO - [2022-07-17 19:38:57,947] {dag.py:2972} INFO - Setting next_dagrun for example_bash_operator to 2022-07-16T00:00:00+00:00, run_after=2022-07-17T00:00:00+00:00
[2022-07-17 19:38:57,968] {processor.py:161} INFO - Processing /home/airflow/.local/lib/python3.7/site-packages/airflow/example_dags/example_bash_operator.py took 0.100 seconds
[2022-07-17 19:39:28,206] {processor.py:153} INFO - Started process (PID=374) to work on /home/airflow/.local/lib/python3.7/site-packages/airflow/example_dags/example_bash_operator.py
[2022-07-17 19:39:28,207] {processor.py:641} INFO - Processing file /home/airflow/.local/lib/python3.7/site-packages/airflow/example_dags/example_bash_operator.py for tasks to queue
[2022-07-17 19:39:28,208] {logging_mixin.py:115} INFO - [2022-07-17 19:39:28,208] {dagbag.py:508} INFO - Filling up the DagBag from /home/airflow/.local/lib/python3.7/site-packages/airflow/example_dags/example_bash_operator.py
[2022-07-17 19:39:28,225] {processor.py:651} INFO - DAG(s) dict_keys(['example_bash_operator']) retrieved from /home/airflow/.local/lib/python3.7/site-packages/airflow/example_dags/example_bash_operator.py
[2022-07-17 19:39:28,262] {logging_mixin.py:115} INFO - [2022-07-17 19:39:28,262] {dag.py:2420} INFO - Sync 1 DAGs
[2022-07-17 19:39:28,299] {logging_mixin.py:115} INFO - [2022-07-17 19:39:28,298] {dag.py:2972} INFO - Setting next_dagrun for example_bash_operator to 2022-07-16T00:00:00+00:00, run_after=2022-07-17T00:00:00+00:00
[2022-07-17 19:39:28,319] {processor.py:161} INFO - Processing /home/airflow/.local/lib/python3.7/site-packages/airflow/example_dags/example_bash_operator.py took 0.116 seconds
[2022-07-17 19:39:58,745] {processor.py:153} INFO - Started process (PID=439) to work on /home/airflow/.local/lib/python3.7/site-packages/airflow/example_dags/example_bash_operator.py
[2022-07-17 19:39:58,746] {processor.py:641} INFO - Processing file /home/airflow/.local/lib/python3.7/site-packages/airflow/example_dags/example_bash_operator.py for tasks to queue
[2022-07-17 19:39:58,746] {logging_mixin.py:115} INFO - [2022-07-17 19:39:58,746] {dagbag.py:508} INFO - Filling up the DagBag from /home/airflow/.local/lib/python3.7/site-packages/airflow/example_dags/example_bash_operator.py
[2022-07-17 19:39:58,766] {processor.py:651} INFO - DAG(s) dict_keys(['example_bash_operator']) retrieved from /home/airflow/.local/lib/python3.7/site-packages/airflow/example_dags/example_bash_operator.py
[2022-07-17 19:39:58,805] {logging_mixin.py:115} INFO - [2022-07-17 19:39:58,805] {dag.py:2420} INFO - Sync 1 DAGs
[2022-07-17 19:39:58,851] {logging_mixin.py:115} INFO - [2022-07-17 19:39:58,851] {dag.py:2972} INFO - Setting next_dagrun for example_bash_operator to 2022-07-16T00:00:00+00:00, run_after=2022-07-17T00:00:00+00:00
[2022-07-17 19:39:58,875] {processor.py:161} INFO - Processing /home/airflow/.local/lib/python3.7/site-packages/airflow/example_dags/example_bash_operator.py took 0.135 seconds
[2022-07-17 19:40:28,979] {processor.py:153} INFO - Started process (PID=494) to work on /home/airflow/.local/lib/python3.7/site-packages/airflow/example_dags/example_bash_operator.py
[2022-07-17 19:40:28,980] {processor.py:641} INFO - Processing file /home/airflow/.local/lib/python3.7/site-packages/airflow/example_dags/example_bash_operator.py for tasks to queue
[2022-07-17 19:40:28,980] {logging_mixin.py:115} INFO - [2022-07-17 19:40:28,980] {dagbag.py:508} INFO - Filling up the DagBag from /home/airflow/.local/lib/python3.7/site-packages/airflow/example_dags/example_bash_operator.py
[2022-07-17 19:40:28,995] {processor.py:651} INFO - DAG(s) dict_keys(['example_bash_operator']) retrieved from /home/airflow/.local/lib/python3.7/site-packages/airflow/example_dags/example_bash_operator.py
[2022-07-17 19:40:29,022] {logging_mixin.py:115} INFO - [2022-07-17 19:40:29,022] {dag.py:2420} INFO - Sync 1 DAGs
[2022-07-17 19:40:29,049] {logging_mixin.py:115} INFO - [2022-07-17 19:40:29,049] {dag.py:2972} INFO - Setting next_dagrun for example_bash_operator to 2022-07-16T00:00:00+00:00, run_after=2022-07-17T00:00:00+00:00
[2022-07-17 19:40:29,061] {processor.py:161} INFO - Processing /home/airflow/.local/lib/python3.7/site-packages/airflow/example_dags/example_bash_operator.py took 0.085 seconds
[2022-07-17 19:41:00,225] {processor.py:153} INFO - Started process (PID=558) to work on /home/airflow/.local/lib/python3.7/site-packages/airflow/example_dags/example_bash_operator.py
[2022-07-17 19:41:00,225] {processor.py:641} INFO - Processing file /home/airflow/.local/lib/python3.7/site-packages/airflow/example_dags/example_bash_operator.py for tasks to queue
[2022-07-17 19:41:00,226] {logging_mixin.py:115} INFO - [2022-07-17 19:41:00,226] {dagbag.py:508} INFO - Filling up the DagBag from /home/airflow/.local/lib/python3.7/site-packages/airflow/example_dags/example_bash_operator.py
[2022-07-17 19:41:00,239] {processor.py:651} INFO - DAG(s) dict_keys(['example_bash_operator']) retrieved from /home/airflow/.local/lib/python3.7/site-packages/airflow/example_dags/example_bash_operator.py
[2022-07-17 19:41:00,268] {logging_mixin.py:115} INFO - [2022-07-17 19:41:00,268] {dag.py:2420} INFO - Sync 1 DAGs
[2022-07-17 19:41:00,296] {logging_mixin.py:115} INFO - [2022-07-17 19:41:00,296] {dag.py:2972} INFO - Setting next_dagrun for example_bash_operator to 2022-07-16T00:00:00+00:00, run_after=2022-07-17T00:00:00+00:00
[2022-07-17 19:41:00,310] {processor.py:161} INFO - Processing /home/airflow/.local/lib/python3.7/site-packages/airflow/example_dags/example_bash_operator.py took 0.088 seconds
[2022-07-17 19:41:31,266] {processor.py:153} INFO - Started process (PID=615) to work on /home/airflow/.local/lib/python3.7/site-packages/airflow/example_dags/example_bash_operator.py
[2022-07-17 19:41:31,267] {processor.py:641} INFO - Processing file /home/airflow/.local/lib/python3.7/site-packages/airflow/example_dags/example_bash_operator.py for tasks to queue
[2022-07-17 19:41:31,267] {logging_mixin.py:115} INFO - [2022-07-17 19:41:31,267] {dagbag.py:508} INFO - Filling up the DagBag from /home/airflow/.local/lib/python3.7/site-packages/airflow/example_dags/example_bash_operator.py
[2022-07-17 19:41:31,282] {processor.py:651} INFO - DAG(s) dict_keys(['example_bash_operator']) retrieved from /home/airflow/.local/lib/python3.7/site-packages/airflow/example_dags/example_bash_operator.py
[2022-07-17 19:41:31,313] {logging_mixin.py:115} INFO - [2022-07-17 19:41:31,313] {dag.py:2420} INFO - Sync 1 DAGs
[2022-07-17 19:41:31,350] {logging_mixin.py:115} INFO - [2022-07-17 19:41:31,349] {dag.py:2972} INFO - Setting next_dagrun for example_bash_operator to 2022-07-16T00:00:00+00:00, run_after=2022-07-17T00:00:00+00:00
[2022-07-17 19:41:31,367] {processor.py:161} INFO - Processing /home/airflow/.local/lib/python3.7/site-packages/airflow/example_dags/example_bash_operator.py took 0.104 seconds
[2022-07-17 19:42:01,501] {processor.py:153} INFO - Started process (PID=679) to work on /home/airflow/.local/lib/python3.7/site-packages/airflow/example_dags/example_bash_operator.py
[2022-07-17 19:42:01,501] {processor.py:641} INFO - Processing file /home/airflow/.local/lib/python3.7/site-packages/airflow/example_dags/example_bash_operator.py for tasks to queue
[2022-07-17 19:42:01,502] {logging_mixin.py:115} INFO - [2022-07-17 19:42:01,502] {dagbag.py:508} INFO - Filling up the DagBag from /home/airflow/.local/lib/python3.7/site-packages/airflow/example_dags/example_bash_operator.py
[2022-07-17 19:42:01,516] {processor.py:651} INFO - DAG(s) dict_keys(['example_bash_operator']) retrieved from /home/airflow/.local/lib/python3.7/site-packages/airflow/example_dags/example_bash_operator.py
[2022-07-17 19:42:01,543] {logging_mixin.py:115} INFO - [2022-07-17 19:42:01,543] {dag.py:2420} INFO - Sync 1 DAGs
[2022-07-17 19:42:01,567] {logging_mixin.py:115} INFO - [2022-07-17 19:42:01,567] {dag.py:2972} INFO - Setting next_dagrun for example_bash_operator to 2022-07-16T00:00:00+00:00, run_after=2022-07-17T00:00:00+00:00
[2022-07-17 19:42:01,581] {processor.py:161} INFO - Processing /home/airflow/.local/lib/python3.7/site-packages/airflow/example_dags/example_bash_operator.py took 0.084 seconds
[2022-07-17 19:42:31,865] {processor.py:153} INFO - Started process (PID=744) to work on /home/airflow/.local/lib/python3.7/site-packages/airflow/example_dags/example_bash_operator.py
[2022-07-17 19:42:31,866] {processor.py:641} INFO - Processing file /home/airflow/.local/lib/python3.7/site-packages/airflow/example_dags/example_bash_operator.py for tasks to queue
[2022-07-17 19:42:31,867] {logging_mixin.py:115} INFO - [2022-07-17 19:42:31,866] {dagbag.py:508} INFO - Filling up the DagBag from /home/airflow/.local/lib/python3.7/site-packages/airflow/example_dags/example_bash_operator.py
[2022-07-17 19:42:31,888] {processor.py:651} INFO - DAG(s) dict_keys(['example_bash_operator']) retrieved from /home/airflow/.local/lib/python3.7/site-packages/airflow/example_dags/example_bash_operator.py
[2022-07-17 19:42:31,928] {logging_mixin.py:115} INFO - [2022-07-17 19:42:31,928] {dag.py:2420} INFO - Sync 1 DAGs
[2022-07-17 19:42:31,969] {logging_mixin.py:115} INFO - [2022-07-17 19:42:31,969] {dag.py:2972} INFO - Setting next_dagrun for example_bash_operator to 2022-07-16T00:00:00+00:00, run_after=2022-07-17T00:00:00+00:00
[2022-07-17 19:42:31,992] {processor.py:161} INFO - Processing /home/airflow/.local/lib/python3.7/site-packages/airflow/example_dags/example_bash_operator.py took 0.131 seconds
[2022-07-17 19:43:02,171] {processor.py:153} INFO - Started process (PID=798) to work on /home/airflow/.local/lib/python3.7/site-packages/airflow/example_dags/example_bash_operator.py
[2022-07-17 19:43:02,172] {processor.py:641} INFO - Processing file /home/airflow/.local/lib/python3.7/site-packages/airflow/example_dags/example_bash_operator.py for tasks to queue
[2022-07-17 19:43:02,172] {logging_mixin.py:115} INFO - [2022-07-17 19:43:02,172] {dagbag.py:508} INFO - Filling up the DagBag from /home/airflow/.local/lib/python3.7/site-packages/airflow/example_dags/example_bash_operator.py
[2022-07-17 19:43:02,185] {processor.py:651} INFO - DAG(s) dict_keys(['example_bash_operator']) retrieved from /home/airflow/.local/lib/python3.7/site-packages/airflow/example_dags/example_bash_operator.py
[2022-07-17 19:43:02,215] {logging_mixin.py:115} INFO - [2022-07-17 19:43:02,215] {dag.py:2420} INFO - Sync 1 DAGs
[2022-07-17 19:43:02,243] {logging_mixin.py:115} INFO - [2022-07-17 19:43:02,243] {dag.py:2972} INFO - Setting next_dagrun for example_bash_operator to 2022-07-16T00:00:00+00:00, run_after=2022-07-17T00:00:00+00:00
[2022-07-17 19:43:02,258] {processor.py:161} INFO - Processing /home/airflow/.local/lib/python3.7/site-packages/airflow/example_dags/example_bash_operator.py took 0.089 seconds
[2022-07-17 19:43:32,660] {processor.py:153} INFO - Started process (PID=862) to work on /home/airflow/.local/lib/python3.7/site-packages/airflow/example_dags/example_bash_operator.py
[2022-07-17 19:43:32,661] {processor.py:641} INFO - Processing file /home/airflow/.local/lib/python3.7/site-packages/airflow/example_dags/example_bash_operator.py for tasks to queue
[2022-07-17 19:43:32,661] {logging_mixin.py:115} INFO - [2022-07-17 19:43:32,661] {dagbag.py:508} INFO - Filling up the DagBag from /home/airflow/.local/lib/python3.7/site-packages/airflow/example_dags/example_bash_operator.py
[2022-07-17 19:43:32,679] {processor.py:651} INFO - DAG(s) dict_keys(['example_bash_operator']) retrieved from /home/airflow/.local/lib/python3.7/site-packages/airflow/example_dags/example_bash_operator.py
[2022-07-17 19:43:32,718] {logging_mixin.py:115} INFO - [2022-07-17 19:43:32,718] {dag.py:2420} INFO - Sync 1 DAGs
[2022-07-17 19:43:32,759] {logging_mixin.py:115} INFO - [2022-07-17 19:43:32,759] {dag.py:2972} INFO - Setting next_dagrun for example_bash_operator to 2022-07-16T00:00:00+00:00, run_after=2022-07-17T00:00:00+00:00
[2022-07-17 19:43:32,781] {processor.py:161} INFO - Processing /home/airflow/.local/lib/python3.7/site-packages/airflow/example_dags/example_bash_operator.py took 0.124 seconds
[2022-07-17 19:44:03,011] {processor.py:153} INFO - Started process (PID=917) to work on /home/airflow/.local/lib/python3.7/site-packages/airflow/example_dags/example_bash_operator.py
[2022-07-17 19:44:03,012] {processor.py:641} INFO - Processing file /home/airflow/.local/lib/python3.7/site-packages/airflow/example_dags/example_bash_operator.py for tasks to queue
[2022-07-17 19:44:03,013] {logging_mixin.py:115} INFO - [2022-07-17 19:44:03,013] {dagbag.py:508} INFO - Filling up the DagBag from /home/airflow/.local/lib/python3.7/site-packages/airflow/example_dags/example_bash_operator.py
[2022-07-17 19:44:03,026] {processor.py:651} INFO - DAG(s) dict_keys(['example_bash_operator']) retrieved from /home/airflow/.local/lib/python3.7/site-packages/airflow/example_dags/example_bash_operator.py
[2022-07-17 19:44:03,053] {logging_mixin.py:115} INFO - [2022-07-17 19:44:03,053] {dag.py:2420} INFO - Sync 1 DAGs
[2022-07-17 19:44:03,080] {logging_mixin.py:115} INFO - [2022-07-17 19:44:03,080] {dag.py:2972} INFO - Setting next_dagrun for example_bash_operator to 2022-07-16T00:00:00+00:00, run_after=2022-07-17T00:00:00+00:00
[2022-07-17 19:44:03,094] {processor.py:161} INFO - Processing /home/airflow/.local/lib/python3.7/site-packages/airflow/example_dags/example_bash_operator.py took 0.086 seconds
[2022-07-17 19:44:33,871] {processor.py:153} INFO - Started process (PID=981) to work on /home/airflow/.local/lib/python3.7/site-packages/airflow/example_dags/example_bash_operator.py
[2022-07-17 19:44:33,872] {processor.py:641} INFO - Processing file /home/airflow/.local/lib/python3.7/site-packages/airflow/example_dags/example_bash_operator.py for tasks to queue
[2022-07-17 19:44:33,872] {logging_mixin.py:115} INFO - [2022-07-17 19:44:33,872] {dagbag.py:508} INFO - Filling up the DagBag from /home/airflow/.local/lib/python3.7/site-packages/airflow/example_dags/example_bash_operator.py
[2022-07-17 19:44:33,884] {processor.py:651} INFO - DAG(s) dict_keys(['example_bash_operator']) retrieved from /home/airflow/.local/lib/python3.7/site-packages/airflow/example_dags/example_bash_operator.py
[2022-07-17 19:44:33,913] {logging_mixin.py:115} INFO - [2022-07-17 19:44:33,912] {dag.py:2420} INFO - Sync 1 DAGs
[2022-07-17 19:44:33,938] {logging_mixin.py:115} INFO - [2022-07-17 19:44:33,938] {dag.py:2972} INFO - Setting next_dagrun for example_bash_operator to 2022-07-16T00:00:00+00:00, run_after=2022-07-17T00:00:00+00:00
[2022-07-17 19:44:33,951] {processor.py:161} INFO - Processing /home/airflow/.local/lib/python3.7/site-packages/airflow/example_dags/example_bash_operator.py took 0.083 seconds
[2022-07-17 19:45:04,167] {processor.py:153} INFO - Started process (PID=1036) to work on /home/airflow/.local/lib/python3.7/site-packages/airflow/example_dags/example_bash_operator.py
[2022-07-17 19:45:04,168] {processor.py:641} INFO - Processing file /home/airflow/.local/lib/python3.7/site-packages/airflow/example_dags/example_bash_operator.py for tasks to queue
[2022-07-17 19:45:04,169] {logging_mixin.py:115} INFO - [2022-07-17 19:45:04,168] {dagbag.py:508} INFO - Filling up the DagBag from /home/airflow/.local/lib/python3.7/site-packages/airflow/example_dags/example_bash_operator.py
[2022-07-17 19:45:04,184] {processor.py:651} INFO - DAG(s) dict_keys(['example_bash_operator']) retrieved from /home/airflow/.local/lib/python3.7/site-packages/airflow/example_dags/example_bash_operator.py
[2022-07-17 19:45:04,216] {logging_mixin.py:115} INFO - [2022-07-17 19:45:04,216] {dag.py:2420} INFO - Sync 1 DAGs
[2022-07-17 19:45:04,247] {logging_mixin.py:115} INFO - [2022-07-17 19:45:04,247] {dag.py:2972} INFO - Setting next_dagrun for example_bash_operator to 2022-07-16T00:00:00+00:00, run_after=2022-07-17T00:00:00+00:00
[2022-07-17 19:45:04,260] {processor.py:161} INFO - Processing /home/airflow/.local/lib/python3.7/site-packages/airflow/example_dags/example_bash_operator.py took 0.097 seconds
[2022-07-17 19:45:35,221] {processor.py:153} INFO - Started process (PID=1100) to work on /home/airflow/.local/lib/python3.7/site-packages/airflow/example_dags/example_bash_operator.py
[2022-07-17 19:45:35,222] {processor.py:641} INFO - Processing file /home/airflow/.local/lib/python3.7/site-packages/airflow/example_dags/example_bash_operator.py for tasks to queue
[2022-07-17 19:45:35,222] {logging_mixin.py:115} INFO - [2022-07-17 19:45:35,222] {dagbag.py:508} INFO - Filling up the DagBag from /home/airflow/.local/lib/python3.7/site-packages/airflow/example_dags/example_bash_operator.py
[2022-07-17 19:45:35,236] {processor.py:651} INFO - DAG(s) dict_keys(['example_bash_operator']) retrieved from /home/airflow/.local/lib/python3.7/site-packages/airflow/example_dags/example_bash_operator.py
[2022-07-17 19:45:35,267] {logging_mixin.py:115} INFO - [2022-07-17 19:45:35,267] {dag.py:2420} INFO - Sync 1 DAGs
[2022-07-17 19:45:35,294] {logging_mixin.py:115} INFO - [2022-07-17 19:45:35,294] {dag.py:2972} INFO - Setting next_dagrun for example_bash_operator to 2022-07-16T00:00:00+00:00, run_after=2022-07-17T00:00:00+00:00
[2022-07-17 19:45:35,307] {processor.py:161} INFO - Processing /home/airflow/.local/lib/python3.7/site-packages/airflow/example_dags/example_bash_operator.py took 0.089 seconds
[2022-07-17 19:46:05,739] {processor.py:153} INFO - Started process (PID=1163) to work on /home/airflow/.local/lib/python3.7/site-packages/airflow/example_dags/example_bash_operator.py
[2022-07-17 19:46:05,739] {processor.py:641} INFO - Processing file /home/airflow/.local/lib/python3.7/site-packages/airflow/example_dags/example_bash_operator.py for tasks to queue
[2022-07-17 19:46:05,740] {logging_mixin.py:115} INFO - [2022-07-17 19:46:05,740] {dagbag.py:508} INFO - Filling up the DagBag from /home/airflow/.local/lib/python3.7/site-packages/airflow/example_dags/example_bash_operator.py
[2022-07-17 19:46:05,756] {processor.py:651} INFO - DAG(s) dict_keys(['example_bash_operator']) retrieved from /home/airflow/.local/lib/python3.7/site-packages/airflow/example_dags/example_bash_operator.py
[2022-07-17 19:46:05,787] {logging_mixin.py:115} INFO - [2022-07-17 19:46:05,787] {dag.py:2420} INFO - Sync 1 DAGs
[2022-07-17 19:46:05,824] {logging_mixin.py:115} INFO - [2022-07-17 19:46:05,824] {dag.py:2972} INFO - Setting next_dagrun for example_bash_operator to 2022-07-16T00:00:00+00:00, run_after=2022-07-17T00:00:00+00:00
[2022-07-17 19:46:05,843] {processor.py:161} INFO - Processing /home/airflow/.local/lib/python3.7/site-packages/airflow/example_dags/example_bash_operator.py took 0.109 seconds
[2022-07-17 19:46:35,880] {processor.py:153} INFO - Started process (PID=1218) to work on /home/airflow/.local/lib/python3.7/site-packages/airflow/example_dags/example_bash_operator.py
[2022-07-17 19:46:35,881] {processor.py:641} INFO - Processing file /home/airflow/.local/lib/python3.7/site-packages/airflow/example_dags/example_bash_operator.py for tasks to queue
[2022-07-17 19:46:35,881] {logging_mixin.py:115} INFO - [2022-07-17 19:46:35,881] {dagbag.py:508} INFO - Filling up the DagBag from /home/airflow/.local/lib/python3.7/site-packages/airflow/example_dags/example_bash_operator.py
[2022-07-17 19:46:35,896] {processor.py:651} INFO - DAG(s) dict_keys(['example_bash_operator']) retrieved from /home/airflow/.local/lib/python3.7/site-packages/airflow/example_dags/example_bash_operator.py
[2022-07-17 19:46:35,929] {logging_mixin.py:115} INFO - [2022-07-17 19:46:35,929] {dag.py:2420} INFO - Sync 1 DAGs
[2022-07-17 19:46:35,958] {logging_mixin.py:115} INFO - [2022-07-17 19:46:35,958] {dag.py:2972} INFO - Setting next_dagrun for example_bash_operator to 2022-07-16T00:00:00+00:00, run_after=2022-07-17T00:00:00+00:00
[2022-07-17 19:46:35,971] {processor.py:161} INFO - Processing /home/airflow/.local/lib/python3.7/site-packages/airflow/example_dags/example_bash_operator.py took 0.095 seconds
[2022-07-17 19:47:06,119] {processor.py:153} INFO - Started process (PID=1283) to work on /home/airflow/.local/lib/python3.7/site-packages/airflow/example_dags/example_bash_operator.py
[2022-07-17 19:47:06,120] {processor.py:641} INFO - Processing file /home/airflow/.local/lib/python3.7/site-packages/airflow/example_dags/example_bash_operator.py for tasks to queue
[2022-07-17 19:47:06,120] {logging_mixin.py:115} INFO - [2022-07-17 19:47:06,120] {dagbag.py:508} INFO - Filling up the DagBag from /home/airflow/.local/lib/python3.7/site-packages/airflow/example_dags/example_bash_operator.py
[2022-07-17 19:47:06,134] {processor.py:651} INFO - DAG(s) dict_keys(['example_bash_operator']) retrieved from /home/airflow/.local/lib/python3.7/site-packages/airflow/example_dags/example_bash_operator.py
[2022-07-17 19:47:06,164] {logging_mixin.py:115} INFO - [2022-07-17 19:47:06,164] {dag.py:2420} INFO - Sync 1 DAGs
[2022-07-17 19:47:06,193] {logging_mixin.py:115} INFO - [2022-07-17 19:47:06,193] {dag.py:2972} INFO - Setting next_dagrun for example_bash_operator to 2022-07-16T00:00:00+00:00, run_after=2022-07-17T00:00:00+00:00
[2022-07-17 19:47:06,206] {processor.py:161} INFO - Processing /home/airflow/.local/lib/python3.7/site-packages/airflow/example_dags/example_bash_operator.py took 0.090 seconds
[2022-07-17 19:47:36,360] {processor.py:153} INFO - Started process (PID=1338) to work on /home/airflow/.local/lib/python3.7/site-packages/airflow/example_dags/example_bash_operator.py
[2022-07-17 19:47:36,361] {processor.py:641} INFO - Processing file /home/airflow/.local/lib/python3.7/site-packages/airflow/example_dags/example_bash_operator.py for tasks to queue
[2022-07-17 19:47:36,362] {logging_mixin.py:115} INFO - [2022-07-17 19:47:36,362] {dagbag.py:508} INFO - Filling up the DagBag from /home/airflow/.local/lib/python3.7/site-packages/airflow/example_dags/example_bash_operator.py
[2022-07-17 19:47:36,375] {processor.py:651} INFO - DAG(s) dict_keys(['example_bash_operator']) retrieved from /home/airflow/.local/lib/python3.7/site-packages/airflow/example_dags/example_bash_operator.py
[2022-07-17 19:47:36,403] {logging_mixin.py:115} INFO - [2022-07-17 19:47:36,403] {dag.py:2420} INFO - Sync 1 DAGs
[2022-07-17 19:47:36,436] {logging_mixin.py:115} INFO - [2022-07-17 19:47:36,436] {dag.py:2972} INFO - Setting next_dagrun for example_bash_operator to 2022-07-16T00:00:00+00:00, run_after=2022-07-17T00:00:00+00:00
[2022-07-17 19:47:36,450] {processor.py:161} INFO - Processing /home/airflow/.local/lib/python3.7/site-packages/airflow/example_dags/example_bash_operator.py took 0.093 seconds
[2022-07-17 19:48:06,760] {processor.py:153} INFO - Started process (PID=1405) to work on /home/airflow/.local/lib/python3.7/site-packages/airflow/example_dags/example_bash_operator.py
[2022-07-17 19:48:06,760] {processor.py:641} INFO - Processing file /home/airflow/.local/lib/python3.7/site-packages/airflow/example_dags/example_bash_operator.py for tasks to queue
[2022-07-17 19:48:06,761] {logging_mixin.py:115} INFO - [2022-07-17 19:48:06,760] {dagbag.py:508} INFO - Filling up the DagBag from /home/airflow/.local/lib/python3.7/site-packages/airflow/example_dags/example_bash_operator.py
[2022-07-17 19:48:06,774] {processor.py:651} INFO - DAG(s) dict_keys(['example_bash_operator']) retrieved from /home/airflow/.local/lib/python3.7/site-packages/airflow/example_dags/example_bash_operator.py
[2022-07-17 19:48:06,803] {logging_mixin.py:115} INFO - [2022-07-17 19:48:06,803] {dag.py:2420} INFO - Sync 1 DAGs
[2022-07-17 19:48:06,832] {logging_mixin.py:115} INFO - [2022-07-17 19:48:06,832] {dag.py:2972} INFO - Setting next_dagrun for example_bash_operator to 2022-07-16T00:00:00+00:00, run_after=2022-07-17T00:00:00+00:00
[2022-07-17 19:48:06,846] {processor.py:161} INFO - Processing /home/airflow/.local/lib/python3.7/site-packages/airflow/example_dags/example_bash_operator.py took 0.090 seconds
[2022-07-17 19:48:37,072] {processor.py:153} INFO - Started process (PID=1460) to work on /home/airflow/.local/lib/python3.7/site-packages/airflow/example_dags/example_bash_operator.py
[2022-07-17 19:48:37,073] {processor.py:641} INFO - Processing file /home/airflow/.local/lib/python3.7/site-packages/airflow/example_dags/example_bash_operator.py for tasks to queue
[2022-07-17 19:48:37,073] {logging_mixin.py:115} INFO - [2022-07-17 19:48:37,073] {dagbag.py:508} INFO - Filling up the DagBag from /home/airflow/.local/lib/python3.7/site-packages/airflow/example_dags/example_bash_operator.py
[2022-07-17 19:48:37,085] {processor.py:651} INFO - DAG(s) dict_keys(['example_bash_operator']) retrieved from /home/airflow/.local/lib/python3.7/site-packages/airflow/example_dags/example_bash_operator.py
[2022-07-17 19:48:37,113] {logging_mixin.py:115} INFO - [2022-07-17 19:48:37,113] {dag.py:2420} INFO - Sync 1 DAGs
[2022-07-17 19:48:37,141] {logging_mixin.py:115} INFO - [2022-07-17 19:48:37,141] {dag.py:2972} INFO - Setting next_dagrun for example_bash_operator to 2022-07-16T00:00:00+00:00, run_after=2022-07-17T00:00:00+00:00
[2022-07-17 19:48:37,154] {processor.py:161} INFO - Processing /home/airflow/.local/lib/python3.7/site-packages/airflow/example_dags/example_bash_operator.py took 0.085 seconds
[2022-07-17 19:49:07,565] {processor.py:153} INFO - Started process (PID=1525) to work on /home/airflow/.local/lib/python3.7/site-packages/airflow/example_dags/example_bash_operator.py
[2022-07-17 19:49:07,566] {processor.py:641} INFO - Processing file /home/airflow/.local/lib/python3.7/site-packages/airflow/example_dags/example_bash_operator.py for tasks to queue
[2022-07-17 19:49:07,566] {logging_mixin.py:115} INFO - [2022-07-17 19:49:07,566] {dagbag.py:508} INFO - Filling up the DagBag from /home/airflow/.local/lib/python3.7/site-packages/airflow/example_dags/example_bash_operator.py
[2022-07-17 19:49:07,579] {processor.py:651} INFO - DAG(s) dict_keys(['example_bash_operator']) retrieved from /home/airflow/.local/lib/python3.7/site-packages/airflow/example_dags/example_bash_operator.py
[2022-07-17 19:49:07,605] {logging_mixin.py:115} INFO - [2022-07-17 19:49:07,605] {dag.py:2420} INFO - Sync 1 DAGs
[2022-07-17 19:49:07,633] {logging_mixin.py:115} INFO - [2022-07-17 19:49:07,633] {dag.py:2972} INFO - Setting next_dagrun for example_bash_operator to 2022-07-16T00:00:00+00:00, run_after=2022-07-17T00:00:00+00:00
[2022-07-17 19:49:07,646] {processor.py:161} INFO - Processing /home/airflow/.local/lib/python3.7/site-packages/airflow/example_dags/example_bash_operator.py took 0.083 seconds
[2022-07-17 19:49:38,076] {processor.py:153} INFO - Started process (PID=1589) to work on /home/airflow/.local/lib/python3.7/site-packages/airflow/example_dags/example_bash_operator.py
[2022-07-17 19:49:38,076] {processor.py:641} INFO - Processing file /home/airflow/.local/lib/python3.7/site-packages/airflow/example_dags/example_bash_operator.py for tasks to queue
[2022-07-17 19:49:38,077] {logging_mixin.py:115} INFO - [2022-07-17 19:49:38,077] {dagbag.py:508} INFO - Filling up the DagBag from /home/airflow/.local/lib/python3.7/site-packages/airflow/example_dags/example_bash_operator.py
[2022-07-17 19:49:38,090] {processor.py:651} INFO - DAG(s) dict_keys(['example_bash_operator']) retrieved from /home/airflow/.local/lib/python3.7/site-packages/airflow/example_dags/example_bash_operator.py
[2022-07-17 19:49:38,120] {logging_mixin.py:115} INFO - [2022-07-17 19:49:38,119] {dag.py:2420} INFO - Sync 1 DAGs
[2022-07-17 19:49:38,148] {logging_mixin.py:115} INFO - [2022-07-17 19:49:38,148] {dag.py:2972} INFO - Setting next_dagrun for example_bash_operator to 2022-07-16T00:00:00+00:00, run_after=2022-07-17T00:00:00+00:00
[2022-07-17 19:49:38,162] {processor.py:161} INFO - Processing /home/airflow/.local/lib/python3.7/site-packages/airflow/example_dags/example_bash_operator.py took 0.090 seconds
[2022-07-17 19:50:08,331] {processor.py:153} INFO - Started process (PID=1644) to work on /home/airflow/.local/lib/python3.7/site-packages/airflow/example_dags/example_bash_operator.py
[2022-07-17 19:50:08,332] {processor.py:641} INFO - Processing file /home/airflow/.local/lib/python3.7/site-packages/airflow/example_dags/example_bash_operator.py for tasks to queue
[2022-07-17 19:50:08,332] {logging_mixin.py:115} INFO - [2022-07-17 19:50:08,332] {dagbag.py:508} INFO - Filling up the DagBag from /home/airflow/.local/lib/python3.7/site-packages/airflow/example_dags/example_bash_operator.py
[2022-07-17 19:50:08,345] {processor.py:651} INFO - DAG(s) dict_keys(['example_bash_operator']) retrieved from /home/airflow/.local/lib/python3.7/site-packages/airflow/example_dags/example_bash_operator.py
[2022-07-17 19:50:08,372] {logging_mixin.py:115} INFO - [2022-07-17 19:50:08,372] {dag.py:2420} INFO - Sync 1 DAGs
[2022-07-17 19:50:08,399] {logging_mixin.py:115} INFO - [2022-07-17 19:50:08,399] {dag.py:2972} INFO - Setting next_dagrun for example_bash_operator to 2022-07-16T00:00:00+00:00, run_after=2022-07-17T00:00:00+00:00
[2022-07-17 19:50:08,413] {processor.py:161} INFO - Processing /home/airflow/.local/lib/python3.7/site-packages/airflow/example_dags/example_bash_operator.py took 0.085 seconds
[2022-07-17 19:50:38,711] {processor.py:153} INFO - Started process (PID=1709) to work on /home/airflow/.local/lib/python3.7/site-packages/airflow/example_dags/example_bash_operator.py
[2022-07-17 19:50:38,712] {processor.py:641} INFO - Processing file /home/airflow/.local/lib/python3.7/site-packages/airflow/example_dags/example_bash_operator.py for tasks to queue
[2022-07-17 19:50:38,712] {logging_mixin.py:115} INFO - [2022-07-17 19:50:38,712] {dagbag.py:508} INFO - Filling up the DagBag from /home/airflow/.local/lib/python3.7/site-packages/airflow/example_dags/example_bash_operator.py
[2022-07-17 19:50:38,733] {processor.py:651} INFO - DAG(s) dict_keys(['example_bash_operator']) retrieved from /home/airflow/.local/lib/python3.7/site-packages/airflow/example_dags/example_bash_operator.py
[2022-07-17 19:50:38,783] {logging_mixin.py:115} INFO - [2022-07-17 19:50:38,783] {dag.py:2420} INFO - Sync 1 DAGs
[2022-07-17 19:50:38,818] {logging_mixin.py:115} INFO - [2022-07-17 19:50:38,818] {dag.py:2972} INFO - Setting next_dagrun for example_bash_operator to 2022-07-16T00:00:00+00:00, run_after=2022-07-17T00:00:00+00:00
[2022-07-17 19:50:38,835] {processor.py:161} INFO - Processing /home/airflow/.local/lib/python3.7/site-packages/airflow/example_dags/example_bash_operator.py took 0.129 seconds
[2022-07-17 19:51:08,928] {processor.py:153} INFO - Started process (PID=1766) to work on /home/airflow/.local/lib/python3.7/site-packages/airflow/example_dags/example_bash_operator.py
[2022-07-17 19:51:08,928] {processor.py:641} INFO - Processing file /home/airflow/.local/lib/python3.7/site-packages/airflow/example_dags/example_bash_operator.py for tasks to queue
[2022-07-17 19:51:08,929] {logging_mixin.py:115} INFO - [2022-07-17 19:51:08,929] {dagbag.py:508} INFO - Filling up the DagBag from /home/airflow/.local/lib/python3.7/site-packages/airflow/example_dags/example_bash_operator.py
[2022-07-17 19:51:08,942] {processor.py:651} INFO - DAG(s) dict_keys(['example_bash_operator']) retrieved from /home/airflow/.local/lib/python3.7/site-packages/airflow/example_dags/example_bash_operator.py
[2022-07-17 19:51:08,969] {logging_mixin.py:115} INFO - [2022-07-17 19:51:08,969] {dag.py:2420} INFO - Sync 1 DAGs
[2022-07-17 19:51:08,995] {logging_mixin.py:115} INFO - [2022-07-17 19:51:08,995] {dag.py:2972} INFO - Setting next_dagrun for example_bash_operator to 2022-07-16T00:00:00+00:00, run_after=2022-07-17T00:00:00+00:00
[2022-07-17 19:51:09,009] {processor.py:161} INFO - Processing /home/airflow/.local/lib/python3.7/site-packages/airflow/example_dags/example_bash_operator.py took 0.084 seconds
[2022-07-17 19:51:39,186] {processor.py:153} INFO - Started process (PID=1830) to work on /home/airflow/.local/lib/python3.7/site-packages/airflow/example_dags/example_bash_operator.py
[2022-07-17 19:51:39,187] {processor.py:641} INFO - Processing file /home/airflow/.local/lib/python3.7/site-packages/airflow/example_dags/example_bash_operator.py for tasks to queue
[2022-07-17 19:51:39,187] {logging_mixin.py:115} INFO - [2022-07-17 19:51:39,187] {dagbag.py:508} INFO - Filling up the DagBag from /home/airflow/.local/lib/python3.7/site-packages/airflow/example_dags/example_bash_operator.py
[2022-07-17 19:51:39,201] {processor.py:651} INFO - DAG(s) dict_keys(['example_bash_operator']) retrieved from /home/airflow/.local/lib/python3.7/site-packages/airflow/example_dags/example_bash_operator.py
[2022-07-17 19:51:39,231] {logging_mixin.py:115} INFO - [2022-07-17 19:51:39,230] {dag.py:2420} INFO - Sync 1 DAGs
[2022-07-17 19:51:39,264] {logging_mixin.py:115} INFO - [2022-07-17 19:51:39,263] {dag.py:2972} INFO - Setting next_dagrun for example_bash_operator to 2022-07-16T00:00:00+00:00, run_after=2022-07-17T00:00:00+00:00
[2022-07-17 19:51:39,276] {processor.py:161} INFO - Processing /home/airflow/.local/lib/python3.7/site-packages/airflow/example_dags/example_bash_operator.py took 0.093 seconds
[2022-07-17 19:52:09,757] {processor.py:153} INFO - Started process (PID=1885) to work on /home/airflow/.local/lib/python3.7/site-packages/airflow/example_dags/example_bash_operator.py
[2022-07-17 19:52:09,758] {processor.py:641} INFO - Processing file /home/airflow/.local/lib/python3.7/site-packages/airflow/example_dags/example_bash_operator.py for tasks to queue
[2022-07-17 19:52:09,759] {logging_mixin.py:115} INFO - [2022-07-17 19:52:09,759] {dagbag.py:508} INFO - Filling up the DagBag from /home/airflow/.local/lib/python3.7/site-packages/airflow/example_dags/example_bash_operator.py
[2022-07-17 19:52:09,782] {processor.py:651} INFO - DAG(s) dict_keys(['example_bash_operator']) retrieved from /home/airflow/.local/lib/python3.7/site-packages/airflow/example_dags/example_bash_operator.py
[2022-07-17 19:52:09,821] {logging_mixin.py:115} INFO - [2022-07-17 19:52:09,821] {dag.py:2420} INFO - Sync 1 DAGs
[2022-07-17 19:52:09,850] {logging_mixin.py:115} INFO - [2022-07-17 19:52:09,850] {dag.py:2972} INFO - Setting next_dagrun for example_bash_operator to 2022-07-16T00:00:00+00:00, run_after=2022-07-17T00:00:00+00:00
[2022-07-17 19:52:09,862] {processor.py:161} INFO - Processing /home/airflow/.local/lib/python3.7/site-packages/airflow/example_dags/example_bash_operator.py took 0.109 seconds
[2022-07-17 19:52:39,964] {processor.py:153} INFO - Started process (PID=1949) to work on /home/airflow/.local/lib/python3.7/site-packages/airflow/example_dags/example_bash_operator.py
[2022-07-17 19:52:39,965] {processor.py:641} INFO - Processing file /home/airflow/.local/lib/python3.7/site-packages/airflow/example_dags/example_bash_operator.py for tasks to queue
[2022-07-17 19:52:39,966] {logging_mixin.py:115} INFO - [2022-07-17 19:52:39,966] {dagbag.py:508} INFO - Filling up the DagBag from /home/airflow/.local/lib/python3.7/site-packages/airflow/example_dags/example_bash_operator.py
[2022-07-17 19:52:39,986] {processor.py:651} INFO - DAG(s) dict_keys(['example_bash_operator']) retrieved from /home/airflow/.local/lib/python3.7/site-packages/airflow/example_dags/example_bash_operator.py
[2022-07-17 19:52:40,023] {logging_mixin.py:115} INFO - [2022-07-17 19:52:40,023] {dag.py:2420} INFO - Sync 1 DAGs
[2022-07-17 19:52:40,067] {logging_mixin.py:115} INFO - [2022-07-17 19:52:40,066] {dag.py:2972} INFO - Setting next_dagrun for example_bash_operator to 2022-07-16T00:00:00+00:00, run_after=2022-07-17T00:00:00+00:00
[2022-07-17 19:52:40,088] {processor.py:161} INFO - Processing /home/airflow/.local/lib/python3.7/site-packages/airflow/example_dags/example_bash_operator.py took 0.128 seconds
[2022-07-17 19:53:10,127] {processor.py:153} INFO - Started process (PID=2008) to work on /home/airflow/.local/lib/python3.7/site-packages/airflow/example_dags/example_bash_operator.py
[2022-07-17 19:53:10,128] {processor.py:641} INFO - Processing file /home/airflow/.local/lib/python3.7/site-packages/airflow/example_dags/example_bash_operator.py for tasks to queue
[2022-07-17 19:53:10,128] {logging_mixin.py:115} INFO - [2022-07-17 19:53:10,128] {dagbag.py:508} INFO - Filling up the DagBag from /home/airflow/.local/lib/python3.7/site-packages/airflow/example_dags/example_bash_operator.py
[2022-07-17 19:53:10,145] {processor.py:651} INFO - DAG(s) dict_keys(['example_bash_operator']) retrieved from /home/airflow/.local/lib/python3.7/site-packages/airflow/example_dags/example_bash_operator.py
[2022-07-17 19:53:10,172] {logging_mixin.py:115} INFO - [2022-07-17 19:53:10,171] {dag.py:2420} INFO - Sync 1 DAGs
[2022-07-17 19:53:10,196] {logging_mixin.py:115} INFO - [2022-07-17 19:53:10,196] {dag.py:2972} INFO - Setting next_dagrun for example_bash_operator to 2022-07-16T00:00:00+00:00, run_after=2022-07-17T00:00:00+00:00
[2022-07-17 19:53:10,209] {processor.py:161} INFO - Processing /home/airflow/.local/lib/python3.7/site-packages/airflow/example_dags/example_bash_operator.py took 0.086 seconds
[2022-07-17 19:53:40,507] {processor.py:153} INFO - Started process (PID=2066) to work on /home/airflow/.local/lib/python3.7/site-packages/airflow/example_dags/example_bash_operator.py
[2022-07-17 19:53:40,508] {processor.py:641} INFO - Processing file /home/airflow/.local/lib/python3.7/site-packages/airflow/example_dags/example_bash_operator.py for tasks to queue
[2022-07-17 19:53:40,509] {logging_mixin.py:115} INFO - [2022-07-17 19:53:40,509] {dagbag.py:508} INFO - Filling up the DagBag from /home/airflow/.local/lib/python3.7/site-packages/airflow/example_dags/example_bash_operator.py
[2022-07-17 19:53:40,523] {processor.py:651} INFO - DAG(s) dict_keys(['example_bash_operator']) retrieved from /home/airflow/.local/lib/python3.7/site-packages/airflow/example_dags/example_bash_operator.py
[2022-07-17 19:53:40,551] {logging_mixin.py:115} INFO - [2022-07-17 19:53:40,551] {dag.py:2420} INFO - Sync 1 DAGs
[2022-07-17 19:53:40,577] {logging_mixin.py:115} INFO - [2022-07-17 19:53:40,577] {dag.py:2972} INFO - Setting next_dagrun for example_bash_operator to 2022-07-16T00:00:00+00:00, run_after=2022-07-17T00:00:00+00:00
[2022-07-17 19:53:40,591] {processor.py:161} INFO - Processing /home/airflow/.local/lib/python3.7/site-packages/airflow/example_dags/example_bash_operator.py took 0.087 seconds
[2022-07-17 19:54:10,894] {processor.py:153} INFO - Started process (PID=2131) to work on /home/airflow/.local/lib/python3.7/site-packages/airflow/example_dags/example_bash_operator.py
[2022-07-17 19:54:10,895] {processor.py:641} INFO - Processing file /home/airflow/.local/lib/python3.7/site-packages/airflow/example_dags/example_bash_operator.py for tasks to queue
[2022-07-17 19:54:10,895] {logging_mixin.py:115} INFO - [2022-07-17 19:54:10,895] {dagbag.py:508} INFO - Filling up the DagBag from /home/airflow/.local/lib/python3.7/site-packages/airflow/example_dags/example_bash_operator.py
[2022-07-17 19:54:10,908] {processor.py:651} INFO - DAG(s) dict_keys(['example_bash_operator']) retrieved from /home/airflow/.local/lib/python3.7/site-packages/airflow/example_dags/example_bash_operator.py
[2022-07-17 19:54:10,939] {logging_mixin.py:115} INFO - [2022-07-17 19:54:10,939] {dag.py:2420} INFO - Sync 1 DAGs
[2022-07-17 19:54:10,976] {logging_mixin.py:115} INFO - [2022-07-17 19:54:10,975] {dag.py:2972} INFO - Setting next_dagrun for example_bash_operator to 2022-07-16T00:00:00+00:00, run_after=2022-07-17T00:00:00+00:00
[2022-07-17 19:54:10,999] {processor.py:161} INFO - Processing /home/airflow/.local/lib/python3.7/site-packages/airflow/example_dags/example_bash_operator.py took 0.108 seconds
[2022-07-17 19:54:41,133] {processor.py:153} INFO - Started process (PID=2186) to work on /home/airflow/.local/lib/python3.7/site-packages/airflow/example_dags/example_bash_operator.py
[2022-07-17 19:54:41,133] {processor.py:641} INFO - Processing file /home/airflow/.local/lib/python3.7/site-packages/airflow/example_dags/example_bash_operator.py for tasks to queue
[2022-07-17 19:54:41,134] {logging_mixin.py:115} INFO - [2022-07-17 19:54:41,134] {dagbag.py:508} INFO - Filling up the DagBag from /home/airflow/.local/lib/python3.7/site-packages/airflow/example_dags/example_bash_operator.py
[2022-07-17 19:54:41,146] {processor.py:651} INFO - DAG(s) dict_keys(['example_bash_operator']) retrieved from /home/airflow/.local/lib/python3.7/site-packages/airflow/example_dags/example_bash_operator.py
[2022-07-17 19:54:41,173] {logging_mixin.py:115} INFO - [2022-07-17 19:54:41,173] {dag.py:2420} INFO - Sync 1 DAGs
[2022-07-17 19:54:41,198] {logging_mixin.py:115} INFO - [2022-07-17 19:54:41,198] {dag.py:2972} INFO - Setting next_dagrun for example_bash_operator to 2022-07-16T00:00:00+00:00, run_after=2022-07-17T00:00:00+00:00
[2022-07-17 19:54:41,210] {processor.py:161} INFO - Processing /home/airflow/.local/lib/python3.7/site-packages/airflow/example_dags/example_bash_operator.py took 0.080 seconds
[2022-07-17 19:55:11,298] {processor.py:153} INFO - Started process (PID=2250) to work on /home/airflow/.local/lib/python3.7/site-packages/airflow/example_dags/example_bash_operator.py
[2022-07-17 19:55:11,298] {processor.py:641} INFO - Processing file /home/airflow/.local/lib/python3.7/site-packages/airflow/example_dags/example_bash_operator.py for tasks to queue
[2022-07-17 19:55:11,299] {logging_mixin.py:115} INFO - [2022-07-17 19:55:11,299] {dagbag.py:508} INFO - Filling up the DagBag from /home/airflow/.local/lib/python3.7/site-packages/airflow/example_dags/example_bash_operator.py
[2022-07-17 19:55:11,312] {processor.py:651} INFO - DAG(s) dict_keys(['example_bash_operator']) retrieved from /home/airflow/.local/lib/python3.7/site-packages/airflow/example_dags/example_bash_operator.py
[2022-07-17 19:55:11,339] {logging_mixin.py:115} INFO - [2022-07-17 19:55:11,339] {dag.py:2420} INFO - Sync 1 DAGs
[2022-07-17 19:55:11,365] {logging_mixin.py:115} INFO - [2022-07-17 19:55:11,365] {dag.py:2972} INFO - Setting next_dagrun for example_bash_operator to 2022-07-16T00:00:00+00:00, run_after=2022-07-17T00:00:00+00:00
[2022-07-17 19:55:11,387] {processor.py:161} INFO - Processing /home/airflow/.local/lib/python3.7/site-packages/airflow/example_dags/example_bash_operator.py took 0.093 seconds
[2022-07-17 19:55:41,687] {processor.py:153} INFO - Started process (PID=2307) to work on /home/airflow/.local/lib/python3.7/site-packages/airflow/example_dags/example_bash_operator.py
[2022-07-17 19:55:41,687] {processor.py:641} INFO - Processing file /home/airflow/.local/lib/python3.7/site-packages/airflow/example_dags/example_bash_operator.py for tasks to queue
[2022-07-17 19:55:41,688] {logging_mixin.py:115} INFO - [2022-07-17 19:55:41,688] {dagbag.py:508} INFO - Filling up the DagBag from /home/airflow/.local/lib/python3.7/site-packages/airflow/example_dags/example_bash_operator.py
[2022-07-17 19:55:41,702] {processor.py:651} INFO - DAG(s) dict_keys(['example_bash_operator']) retrieved from /home/airflow/.local/lib/python3.7/site-packages/airflow/example_dags/example_bash_operator.py
[2022-07-17 19:55:41,732] {logging_mixin.py:115} INFO - [2022-07-17 19:55:41,732] {dag.py:2420} INFO - Sync 1 DAGs
[2022-07-17 19:55:41,761] {logging_mixin.py:115} INFO - [2022-07-17 19:55:41,761] {dag.py:2972} INFO - Setting next_dagrun for example_bash_operator to 2022-07-16T00:00:00+00:00, run_after=2022-07-17T00:00:00+00:00
[2022-07-17 19:55:41,776] {processor.py:161} INFO - Processing /home/airflow/.local/lib/python3.7/site-packages/airflow/example_dags/example_bash_operator.py took 0.092 seconds
[2022-07-17 19:56:12,390] {processor.py:153} INFO - Started process (PID=2373) to work on /home/airflow/.local/lib/python3.7/site-packages/airflow/example_dags/example_bash_operator.py
[2022-07-17 19:56:12,391] {processor.py:641} INFO - Processing file /home/airflow/.local/lib/python3.7/site-packages/airflow/example_dags/example_bash_operator.py for tasks to queue
[2022-07-17 19:56:12,391] {logging_mixin.py:115} INFO - [2022-07-17 19:56:12,391] {dagbag.py:508} INFO - Filling up the DagBag from /home/airflow/.local/lib/python3.7/site-packages/airflow/example_dags/example_bash_operator.py
[2022-07-17 19:56:12,407] {processor.py:651} INFO - DAG(s) dict_keys(['example_bash_operator']) retrieved from /home/airflow/.local/lib/python3.7/site-packages/airflow/example_dags/example_bash_operator.py
[2022-07-17 19:56:12,439] {logging_mixin.py:115} INFO - [2022-07-17 19:56:12,439] {dag.py:2420} INFO - Sync 1 DAGs
[2022-07-17 19:56:12,469] {logging_mixin.py:115} INFO - [2022-07-17 19:56:12,469] {dag.py:2972} INFO - Setting next_dagrun for example_bash_operator to 2022-07-16T00:00:00+00:00, run_after=2022-07-17T00:00:00+00:00
[2022-07-17 19:56:12,485] {processor.py:161} INFO - Processing /home/airflow/.local/lib/python3.7/site-packages/airflow/example_dags/example_bash_operator.py took 0.099 seconds
[2022-07-17 19:56:42,593] {processor.py:153} INFO - Started process (PID=2435) to work on /home/airflow/.local/lib/python3.7/site-packages/airflow/example_dags/example_bash_operator.py
[2022-07-17 19:56:42,593] {processor.py:641} INFO - Processing file /home/airflow/.local/lib/python3.7/site-packages/airflow/example_dags/example_bash_operator.py for tasks to queue
[2022-07-17 19:56:42,594] {logging_mixin.py:115} INFO - [2022-07-17 19:56:42,594] {dagbag.py:508} INFO - Filling up the DagBag from /home/airflow/.local/lib/python3.7/site-packages/airflow/example_dags/example_bash_operator.py
[2022-07-17 19:56:42,613] {processor.py:651} INFO - DAG(s) dict_keys(['example_bash_operator']) retrieved from /home/airflow/.local/lib/python3.7/site-packages/airflow/example_dags/example_bash_operator.py
[2022-07-17 19:56:42,654] {logging_mixin.py:115} INFO - [2022-07-17 19:56:42,654] {dag.py:2420} INFO - Sync 1 DAGs
[2022-07-17 19:56:42,682] {logging_mixin.py:115} INFO - [2022-07-17 19:56:42,682] {dag.py:2972} INFO - Setting next_dagrun for example_bash_operator to 2022-07-16T00:00:00+00:00, run_after=2022-07-17T00:00:00+00:00
[2022-07-17 19:56:42,696] {processor.py:161} INFO - Processing /home/airflow/.local/lib/python3.7/site-packages/airflow/example_dags/example_bash_operator.py took 0.108 seconds
[2022-07-17 19:57:12,717] {processor.py:153} INFO - Started process (PID=2492) to work on /home/airflow/.local/lib/python3.7/site-packages/airflow/example_dags/example_bash_operator.py
[2022-07-17 19:57:12,718] {processor.py:641} INFO - Processing file /home/airflow/.local/lib/python3.7/site-packages/airflow/example_dags/example_bash_operator.py for tasks to queue
[2022-07-17 19:57:12,718] {logging_mixin.py:115} INFO - [2022-07-17 19:57:12,718] {dagbag.py:508} INFO - Filling up the DagBag from /home/airflow/.local/lib/python3.7/site-packages/airflow/example_dags/example_bash_operator.py
[2022-07-17 19:57:12,731] {processor.py:651} INFO - DAG(s) dict_keys(['example_bash_operator']) retrieved from /home/airflow/.local/lib/python3.7/site-packages/airflow/example_dags/example_bash_operator.py
[2022-07-17 19:57:12,757] {logging_mixin.py:115} INFO - [2022-07-17 19:57:12,757] {dag.py:2420} INFO - Sync 1 DAGs
[2022-07-17 19:57:12,783] {logging_mixin.py:115} INFO - [2022-07-17 19:57:12,782] {dag.py:2972} INFO - Setting next_dagrun for example_bash_operator to 2022-07-16T00:00:00+00:00, run_after=2022-07-17T00:00:00+00:00
[2022-07-17 19:57:12,795] {processor.py:161} INFO - Processing /home/airflow/.local/lib/python3.7/site-packages/airflow/example_dags/example_bash_operator.py took 0.082 seconds
[2022-07-17 19:57:43,114] {processor.py:153} INFO - Started process (PID=2556) to work on /home/airflow/.local/lib/python3.7/site-packages/airflow/example_dags/example_bash_operator.py
[2022-07-17 19:57:43,114] {processor.py:641} INFO - Processing file /home/airflow/.local/lib/python3.7/site-packages/airflow/example_dags/example_bash_operator.py for tasks to queue
[2022-07-17 19:57:43,115] {logging_mixin.py:115} INFO - [2022-07-17 19:57:43,115] {dagbag.py:508} INFO - Filling up the DagBag from /home/airflow/.local/lib/python3.7/site-packages/airflow/example_dags/example_bash_operator.py
[2022-07-17 19:57:43,127] {processor.py:651} INFO - DAG(s) dict_keys(['example_bash_operator']) retrieved from /home/airflow/.local/lib/python3.7/site-packages/airflow/example_dags/example_bash_operator.py
[2022-07-17 19:57:43,153] {logging_mixin.py:115} INFO - [2022-07-17 19:57:43,153] {dag.py:2420} INFO - Sync 1 DAGs
[2022-07-17 19:57:43,178] {logging_mixin.py:115} INFO - [2022-07-17 19:57:43,178] {dag.py:2972} INFO - Setting next_dagrun for example_bash_operator to 2022-07-16T00:00:00+00:00, run_after=2022-07-17T00:00:00+00:00
[2022-07-17 19:57:43,190] {processor.py:161} INFO - Processing /home/airflow/.local/lib/python3.7/site-packages/airflow/example_dags/example_bash_operator.py took 0.079 seconds
[2022-07-17 19:58:13,304] {processor.py:153} INFO - Started process (PID=2611) to work on /home/airflow/.local/lib/python3.7/site-packages/airflow/example_dags/example_bash_operator.py
[2022-07-17 19:58:13,305] {processor.py:641} INFO - Processing file /home/airflow/.local/lib/python3.7/site-packages/airflow/example_dags/example_bash_operator.py for tasks to queue
[2022-07-17 19:58:13,305] {logging_mixin.py:115} INFO - [2022-07-17 19:58:13,305] {dagbag.py:508} INFO - Filling up the DagBag from /home/airflow/.local/lib/python3.7/site-packages/airflow/example_dags/example_bash_operator.py
[2022-07-17 19:58:13,318] {processor.py:651} INFO - DAG(s) dict_keys(['example_bash_operator']) retrieved from /home/airflow/.local/lib/python3.7/site-packages/airflow/example_dags/example_bash_operator.py
[2022-07-17 19:58:13,344] {logging_mixin.py:115} INFO - [2022-07-17 19:58:13,343] {dag.py:2420} INFO - Sync 1 DAGs
[2022-07-17 19:58:13,369] {logging_mixin.py:115} INFO - [2022-07-17 19:58:13,369] {dag.py:2972} INFO - Setting next_dagrun for example_bash_operator to 2022-07-16T00:00:00+00:00, run_after=2022-07-17T00:00:00+00:00
[2022-07-17 19:58:13,380] {processor.py:161} INFO - Processing /home/airflow/.local/lib/python3.7/site-packages/airflow/example_dags/example_bash_operator.py took 0.079 seconds
[2022-07-17 19:58:44,354] {processor.py:153} INFO - Started process (PID=2675) to work on /home/airflow/.local/lib/python3.7/site-packages/airflow/example_dags/example_bash_operator.py
[2022-07-17 19:58:44,355] {processor.py:641} INFO - Processing file /home/airflow/.local/lib/python3.7/site-packages/airflow/example_dags/example_bash_operator.py for tasks to queue
[2022-07-17 19:58:44,355] {logging_mixin.py:115} INFO - [2022-07-17 19:58:44,355] {dagbag.py:508} INFO - Filling up the DagBag from /home/airflow/.local/lib/python3.7/site-packages/airflow/example_dags/example_bash_operator.py
[2022-07-17 19:58:44,370] {processor.py:651} INFO - DAG(s) dict_keys(['example_bash_operator']) retrieved from /home/airflow/.local/lib/python3.7/site-packages/airflow/example_dags/example_bash_operator.py
[2022-07-17 19:58:44,400] {logging_mixin.py:115} INFO - [2022-07-17 19:58:44,399] {dag.py:2420} INFO - Sync 1 DAGs
[2022-07-17 19:58:44,424] {logging_mixin.py:115} INFO - [2022-07-17 19:58:44,424] {dag.py:2972} INFO - Setting next_dagrun for example_bash_operator to 2022-07-16T00:00:00+00:00, run_after=2022-07-17T00:00:00+00:00
[2022-07-17 19:58:44,436] {processor.py:161} INFO - Processing /home/airflow/.local/lib/python3.7/site-packages/airflow/example_dags/example_bash_operator.py took 0.085 seconds
[2022-07-17 19:59:14,922] {processor.py:153} INFO - Started process (PID=2730) to work on /home/airflow/.local/lib/python3.7/site-packages/airflow/example_dags/example_bash_operator.py
[2022-07-17 19:59:14,923] {processor.py:641} INFO - Processing file /home/airflow/.local/lib/python3.7/site-packages/airflow/example_dags/example_bash_operator.py for tasks to queue
[2022-07-17 19:59:14,923] {logging_mixin.py:115} INFO - [2022-07-17 19:59:14,923] {dagbag.py:508} INFO - Filling up the DagBag from /home/airflow/.local/lib/python3.7/site-packages/airflow/example_dags/example_bash_operator.py
[2022-07-17 19:59:14,936] {processor.py:651} INFO - DAG(s) dict_keys(['example_bash_operator']) retrieved from /home/airflow/.local/lib/python3.7/site-packages/airflow/example_dags/example_bash_operator.py
[2022-07-17 19:59:14,968] {logging_mixin.py:115} INFO - [2022-07-17 19:59:14,968] {dag.py:2420} INFO - Sync 1 DAGs
[2022-07-17 19:59:14,998] {logging_mixin.py:115} INFO - [2022-07-17 19:59:14,998] {dag.py:2972} INFO - Setting next_dagrun for example_bash_operator to 2022-07-16T00:00:00+00:00, run_after=2022-07-17T00:00:00+00:00
[2022-07-17 19:59:15,010] {processor.py:161} INFO - Processing /home/airflow/.local/lib/python3.7/site-packages/airflow/example_dags/example_bash_operator.py took 0.091 seconds
[2022-07-17 19:59:46,019] {processor.py:153} INFO - Started process (PID=2795) to work on /home/airflow/.local/lib/python3.7/site-packages/airflow/example_dags/example_bash_operator.py
[2022-07-17 19:59:46,019] {processor.py:641} INFO - Processing file /home/airflow/.local/lib/python3.7/site-packages/airflow/example_dags/example_bash_operator.py for tasks to queue
[2022-07-17 19:59:46,020] {logging_mixin.py:115} INFO - [2022-07-17 19:59:46,020] {dagbag.py:508} INFO - Filling up the DagBag from /home/airflow/.local/lib/python3.7/site-packages/airflow/example_dags/example_bash_operator.py
[2022-07-17 19:59:46,033] {processor.py:651} INFO - DAG(s) dict_keys(['example_bash_operator']) retrieved from /home/airflow/.local/lib/python3.7/site-packages/airflow/example_dags/example_bash_operator.py
[2022-07-17 19:59:46,061] {logging_mixin.py:115} INFO - [2022-07-17 19:59:46,061] {dag.py:2420} INFO - Sync 1 DAGs
[2022-07-17 19:59:46,087] {logging_mixin.py:115} INFO - [2022-07-17 19:59:46,087] {dag.py:2972} INFO - Setting next_dagrun for example_bash_operator to 2022-07-16T00:00:00+00:00, run_after=2022-07-17T00:00:00+00:00
[2022-07-17 19:59:46,103] {processor.py:161} INFO - Processing /home/airflow/.local/lib/python3.7/site-packages/airflow/example_dags/example_bash_operator.py took 0.087 seconds
[2022-07-17 20:00:16,387] {processor.py:153} INFO - Started process (PID=2860) to work on /home/airflow/.local/lib/python3.7/site-packages/airflow/example_dags/example_bash_operator.py
[2022-07-17 20:00:16,387] {processor.py:641} INFO - Processing file /home/airflow/.local/lib/python3.7/site-packages/airflow/example_dags/example_bash_operator.py for tasks to queue
[2022-07-17 20:00:16,388] {logging_mixin.py:115} INFO - [2022-07-17 20:00:16,388] {dagbag.py:508} INFO - Filling up the DagBag from /home/airflow/.local/lib/python3.7/site-packages/airflow/example_dags/example_bash_operator.py
[2022-07-17 20:00:16,403] {processor.py:651} INFO - DAG(s) dict_keys(['example_bash_operator']) retrieved from /home/airflow/.local/lib/python3.7/site-packages/airflow/example_dags/example_bash_operator.py
[2022-07-17 20:00:16,432] {logging_mixin.py:115} INFO - [2022-07-17 20:00:16,432] {dag.py:2420} INFO - Sync 1 DAGs
[2022-07-17 20:00:16,458] {logging_mixin.py:115} INFO - [2022-07-17 20:00:16,458] {dag.py:2972} INFO - Setting next_dagrun for example_bash_operator to 2022-07-16T00:00:00+00:00, run_after=2022-07-17T00:00:00+00:00
[2022-07-17 20:00:16,469] {processor.py:161} INFO - Processing /home/airflow/.local/lib/python3.7/site-packages/airflow/example_dags/example_bash_operator.py took 0.086 seconds
[2022-07-17 20:00:46,850] {processor.py:153} INFO - Started process (PID=2916) to work on /home/airflow/.local/lib/python3.7/site-packages/airflow/example_dags/example_bash_operator.py
[2022-07-17 20:00:46,850] {processor.py:641} INFO - Processing file /home/airflow/.local/lib/python3.7/site-packages/airflow/example_dags/example_bash_operator.py for tasks to queue
[2022-07-17 20:00:46,851] {logging_mixin.py:115} INFO - [2022-07-17 20:00:46,851] {dagbag.py:508} INFO - Filling up the DagBag from /home/airflow/.local/lib/python3.7/site-packages/airflow/example_dags/example_bash_operator.py
[2022-07-17 20:00:46,864] {processor.py:651} INFO - DAG(s) dict_keys(['example_bash_operator']) retrieved from /home/airflow/.local/lib/python3.7/site-packages/airflow/example_dags/example_bash_operator.py
[2022-07-17 20:00:46,891] {logging_mixin.py:115} INFO - [2022-07-17 20:00:46,891] {dag.py:2420} INFO - Sync 1 DAGs
[2022-07-17 20:00:46,918] {logging_mixin.py:115} INFO - [2022-07-17 20:00:46,918] {dag.py:2972} INFO - Setting next_dagrun for example_bash_operator to 2022-07-16T00:00:00+00:00, run_after=2022-07-17T00:00:00+00:00
[2022-07-17 20:00:46,932] {processor.py:161} INFO - Processing /home/airflow/.local/lib/python3.7/site-packages/airflow/example_dags/example_bash_operator.py took 0.086 seconds
[2022-07-17 20:01:17,113] {processor.py:153} INFO - Started process (PID=2980) to work on /home/airflow/.local/lib/python3.7/site-packages/airflow/example_dags/example_bash_operator.py
[2022-07-17 20:01:17,113] {processor.py:641} INFO - Processing file /home/airflow/.local/lib/python3.7/site-packages/airflow/example_dags/example_bash_operator.py for tasks to queue
[2022-07-17 20:01:17,114] {logging_mixin.py:115} INFO - [2022-07-17 20:01:17,114] {dagbag.py:508} INFO - Filling up the DagBag from /home/airflow/.local/lib/python3.7/site-packages/airflow/example_dags/example_bash_operator.py
[2022-07-17 20:01:17,129] {processor.py:651} INFO - DAG(s) dict_keys(['example_bash_operator']) retrieved from /home/airflow/.local/lib/python3.7/site-packages/airflow/example_dags/example_bash_operator.py
[2022-07-17 20:01:17,160] {logging_mixin.py:115} INFO - [2022-07-17 20:01:17,160] {dag.py:2420} INFO - Sync 1 DAGs
[2022-07-17 20:01:17,191] {logging_mixin.py:115} INFO - [2022-07-17 20:01:17,191] {dag.py:2972} INFO - Setting next_dagrun for example_bash_operator to 2022-07-16T00:00:00+00:00, run_after=2022-07-17T00:00:00+00:00
[2022-07-17 20:01:17,205] {processor.py:161} INFO - Processing /home/airflow/.local/lib/python3.7/site-packages/airflow/example_dags/example_bash_operator.py took 0.096 seconds
[2022-07-17 20:01:47,507] {processor.py:153} INFO - Started process (PID=3035) to work on /home/airflow/.local/lib/python3.7/site-packages/airflow/example_dags/example_bash_operator.py
[2022-07-17 20:01:47,507] {processor.py:641} INFO - Processing file /home/airflow/.local/lib/python3.7/site-packages/airflow/example_dags/example_bash_operator.py for tasks to queue
[2022-07-17 20:01:47,508] {logging_mixin.py:115} INFO - [2022-07-17 20:01:47,508] {dagbag.py:508} INFO - Filling up the DagBag from /home/airflow/.local/lib/python3.7/site-packages/airflow/example_dags/example_bash_operator.py
[2022-07-17 20:01:47,520] {processor.py:651} INFO - DAG(s) dict_keys(['example_bash_operator']) retrieved from /home/airflow/.local/lib/python3.7/site-packages/airflow/example_dags/example_bash_operator.py
[2022-07-17 20:01:47,549] {logging_mixin.py:115} INFO - [2022-07-17 20:01:47,548] {dag.py:2420} INFO - Sync 1 DAGs
[2022-07-17 20:01:47,574] {logging_mixin.py:115} INFO - [2022-07-17 20:01:47,574] {dag.py:2972} INFO - Setting next_dagrun for example_bash_operator to 2022-07-16T00:00:00+00:00, run_after=2022-07-17T00:00:00+00:00
[2022-07-17 20:01:47,587] {processor.py:161} INFO - Processing /home/airflow/.local/lib/python3.7/site-packages/airflow/example_dags/example_bash_operator.py took 0.083 seconds
[2022-07-17 20:02:18,203] {processor.py:153} INFO - Started process (PID=3102) to work on /home/airflow/.local/lib/python3.7/site-packages/airflow/example_dags/example_bash_operator.py
[2022-07-17 20:02:18,204] {processor.py:641} INFO - Processing file /home/airflow/.local/lib/python3.7/site-packages/airflow/example_dags/example_bash_operator.py for tasks to queue
[2022-07-17 20:02:18,204] {logging_mixin.py:115} INFO - [2022-07-17 20:02:18,204] {dagbag.py:508} INFO - Filling up the DagBag from /home/airflow/.local/lib/python3.7/site-packages/airflow/example_dags/example_bash_operator.py
[2022-07-17 20:02:18,218] {processor.py:651} INFO - DAG(s) dict_keys(['example_bash_operator']) retrieved from /home/airflow/.local/lib/python3.7/site-packages/airflow/example_dags/example_bash_operator.py
[2022-07-17 20:02:18,246] {logging_mixin.py:115} INFO - [2022-07-17 20:02:18,246] {dag.py:2420} INFO - Sync 1 DAGs
[2022-07-17 20:02:18,275] {logging_mixin.py:115} INFO - [2022-07-17 20:02:18,275] {dag.py:2972} INFO - Setting next_dagrun for example_bash_operator to 2022-07-16T00:00:00+00:00, run_after=2022-07-17T00:00:00+00:00
[2022-07-17 20:02:18,291] {processor.py:161} INFO - Processing /home/airflow/.local/lib/python3.7/site-packages/airflow/example_dags/example_bash_operator.py took 0.091 seconds
[2022-07-17 20:02:48,623] {processor.py:153} INFO - Started process (PID=3166) to work on /home/airflow/.local/lib/python3.7/site-packages/airflow/example_dags/example_bash_operator.py
[2022-07-17 20:02:48,623] {processor.py:641} INFO - Processing file /home/airflow/.local/lib/python3.7/site-packages/airflow/example_dags/example_bash_operator.py for tasks to queue
[2022-07-17 20:02:48,624] {logging_mixin.py:115} INFO - [2022-07-17 20:02:48,624] {dagbag.py:508} INFO - Filling up the DagBag from /home/airflow/.local/lib/python3.7/site-packages/airflow/example_dags/example_bash_operator.py
[2022-07-17 20:02:48,638] {processor.py:651} INFO - DAG(s) dict_keys(['example_bash_operator']) retrieved from /home/airflow/.local/lib/python3.7/site-packages/airflow/example_dags/example_bash_operator.py
[2022-07-17 20:02:48,675] {logging_mixin.py:115} INFO - [2022-07-17 20:02:48,675] {dag.py:2420} INFO - Sync 1 DAGs
[2022-07-17 20:02:48,712] {logging_mixin.py:115} INFO - [2022-07-17 20:02:48,712] {dag.py:2972} INFO - Setting next_dagrun for example_bash_operator to 2022-07-16T00:00:00+00:00, run_after=2022-07-17T00:00:00+00:00
[2022-07-17 20:02:48,732] {processor.py:161} INFO - Processing /home/airflow/.local/lib/python3.7/site-packages/airflow/example_dags/example_bash_operator.py took 0.113 seconds
[2022-07-17 20:03:19,291] {processor.py:153} INFO - Started process (PID=3221) to work on /home/airflow/.local/lib/python3.7/site-packages/airflow/example_dags/example_bash_operator.py
[2022-07-17 20:03:19,292] {processor.py:641} INFO - Processing file /home/airflow/.local/lib/python3.7/site-packages/airflow/example_dags/example_bash_operator.py for tasks to queue
[2022-07-17 20:03:19,292] {logging_mixin.py:115} INFO - [2022-07-17 20:03:19,292] {dagbag.py:508} INFO - Filling up the DagBag from /home/airflow/.local/lib/python3.7/site-packages/airflow/example_dags/example_bash_operator.py
[2022-07-17 20:03:19,307] {processor.py:651} INFO - DAG(s) dict_keys(['example_bash_operator']) retrieved from /home/airflow/.local/lib/python3.7/site-packages/airflow/example_dags/example_bash_operator.py
[2022-07-17 20:03:19,335] {logging_mixin.py:115} INFO - [2022-07-17 20:03:19,335] {dag.py:2420} INFO - Sync 1 DAGs
[2022-07-17 20:03:19,371] {logging_mixin.py:115} INFO - [2022-07-17 20:03:19,371] {dag.py:2972} INFO - Setting next_dagrun for example_bash_operator to 2022-07-16T00:00:00+00:00, run_after=2022-07-17T00:00:00+00:00
[2022-07-17 20:03:19,385] {processor.py:161} INFO - Processing /home/airflow/.local/lib/python3.7/site-packages/airflow/example_dags/example_bash_operator.py took 0.097 seconds
[2022-07-17 20:03:49,590] {processor.py:153} INFO - Started process (PID=3285) to work on /home/airflow/.local/lib/python3.7/site-packages/airflow/example_dags/example_bash_operator.py
[2022-07-17 20:03:49,590] {processor.py:641} INFO - Processing file /home/airflow/.local/lib/python3.7/site-packages/airflow/example_dags/example_bash_operator.py for tasks to queue
[2022-07-17 20:03:49,591] {logging_mixin.py:115} INFO - [2022-07-17 20:03:49,591] {dagbag.py:508} INFO - Filling up the DagBag from /home/airflow/.local/lib/python3.7/site-packages/airflow/example_dags/example_bash_operator.py
[2022-07-17 20:03:49,604] {processor.py:651} INFO - DAG(s) dict_keys(['example_bash_operator']) retrieved from /home/airflow/.local/lib/python3.7/site-packages/airflow/example_dags/example_bash_operator.py
[2022-07-17 20:03:49,632] {logging_mixin.py:115} INFO - [2022-07-17 20:03:49,632] {dag.py:2420} INFO - Sync 1 DAGs
[2022-07-17 20:03:49,659] {logging_mixin.py:115} INFO - [2022-07-17 20:03:49,659] {dag.py:2972} INFO - Setting next_dagrun for example_bash_operator to 2022-07-16T00:00:00+00:00, run_after=2022-07-17T00:00:00+00:00
[2022-07-17 20:03:49,673] {processor.py:161} INFO - Processing /home/airflow/.local/lib/python3.7/site-packages/airflow/example_dags/example_bash_operator.py took 0.086 seconds
