[2022-07-17 19:36:54,156] {processor.py:153} INFO - Started process (PID=64) to work on /home/airflow/.local/lib/python3.7/site-packages/airflow/example_dags/example_external_task_marker_dag.py
[2022-07-17 19:36:54,156] {processor.py:641} INFO - Processing file /home/airflow/.local/lib/python3.7/site-packages/airflow/example_dags/example_external_task_marker_dag.py for tasks to queue
[2022-07-17 19:36:54,157] {logging_mixin.py:115} INFO - [2022-07-17 19:36:54,157] {dagbag.py:508} INFO - Filling up the DagBag from /home/airflow/.local/lib/python3.7/site-packages/airflow/example_dags/example_external_task_marker_dag.py
[2022-07-17 19:36:54,161] {processor.py:651} INFO - DAG(s) dict_keys(['example_external_task_marker_parent', 'example_external_task_marker_child']) retrieved from /home/airflow/.local/lib/python3.7/site-packages/airflow/example_dags/example_external_task_marker_dag.py
[2022-07-17 19:36:54,247] {logging_mixin.py:115} INFO - [2022-07-17 19:36:54,247] {manager.py:508} INFO - Created Permission View: can delete on DAG:example_external_task_marker_parent
[2022-07-17 19:36:54,257] {logging_mixin.py:115} INFO - [2022-07-17 19:36:54,257] {manager.py:508} INFO - Created Permission View: can read on DAG:example_external_task_marker_parent
[2022-07-17 19:36:54,266] {logging_mixin.py:115} INFO - [2022-07-17 19:36:54,266] {manager.py:508} INFO - Created Permission View: can edit on DAG:example_external_task_marker_parent
[2022-07-17 19:36:54,306] {logging_mixin.py:115} INFO - [2022-07-17 19:36:54,306] {manager.py:508} INFO - Created Permission View: can delete on DAG:example_external_task_marker_child
[2022-07-17 19:36:54,316] {logging_mixin.py:115} INFO - [2022-07-17 19:36:54,316] {manager.py:508} INFO - Created Permission View: can read on DAG:example_external_task_marker_child
[2022-07-17 19:36:54,328] {logging_mixin.py:115} INFO - [2022-07-17 19:36:54,328] {manager.py:508} INFO - Created Permission View: can edit on DAG:example_external_task_marker_child
[2022-07-17 19:36:54,328] {logging_mixin.py:115} INFO - [2022-07-17 19:36:54,328] {dag.py:2420} INFO - Sync 2 DAGs
[2022-07-17 19:36:54,339] {logging_mixin.py:115} INFO - [2022-07-17 19:36:54,339] {dag.py:2439} INFO - Creating ORM DAG for example_external_task_marker_parent
[2022-07-17 19:36:54,340] {logging_mixin.py:115} INFO - [2022-07-17 19:36:54,340] {dag.py:2439} INFO - Creating ORM DAG for example_external_task_marker_child
[2022-07-17 19:36:54,355] {logging_mixin.py:115} INFO - [2022-07-17 19:36:54,354] {dag.py:2972} INFO - Setting next_dagrun for example_external_task_marker_child to None, run_after=None
[2022-07-17 19:36:54,355] {logging_mixin.py:115} INFO - [2022-07-17 19:36:54,355] {dag.py:2972} INFO - Setting next_dagrun for example_external_task_marker_parent to None, run_after=None
[2022-07-17 19:36:54,374] {processor.py:161} INFO - Processing /home/airflow/.local/lib/python3.7/site-packages/airflow/example_dags/example_external_task_marker_dag.py took 0.221 seconds
[2022-07-17 19:37:25,120] {processor.py:153} INFO - Started process (PID=129) to work on /home/airflow/.local/lib/python3.7/site-packages/airflow/example_dags/example_external_task_marker_dag.py
[2022-07-17 19:37:25,121] {processor.py:641} INFO - Processing file /home/airflow/.local/lib/python3.7/site-packages/airflow/example_dags/example_external_task_marker_dag.py for tasks to queue
[2022-07-17 19:37:25,121] {logging_mixin.py:115} INFO - [2022-07-17 19:37:25,121] {dagbag.py:508} INFO - Filling up the DagBag from /home/airflow/.local/lib/python3.7/site-packages/airflow/example_dags/example_external_task_marker_dag.py
[2022-07-17 19:37:25,125] {processor.py:651} INFO - DAG(s) dict_keys(['example_external_task_marker_parent', 'example_external_task_marker_child']) retrieved from /home/airflow/.local/lib/python3.7/site-packages/airflow/example_dags/example_external_task_marker_dag.py
[2022-07-17 19:37:25,169] {logging_mixin.py:115} INFO - [2022-07-17 19:37:25,169] {dag.py:2420} INFO - Sync 2 DAGs
[2022-07-17 19:37:25,192] {logging_mixin.py:115} INFO - [2022-07-17 19:37:25,192] {dag.py:2972} INFO - Setting next_dagrun for example_external_task_marker_child to None, run_after=None
[2022-07-17 19:37:25,192] {logging_mixin.py:115} INFO - [2022-07-17 19:37:25,192] {dag.py:2972} INFO - Setting next_dagrun for example_external_task_marker_parent to None, run_after=None
[2022-07-17 19:37:25,205] {processor.py:161} INFO - Processing /home/airflow/.local/lib/python3.7/site-packages/airflow/example_dags/example_external_task_marker_dag.py took 0.087 seconds
[2022-07-17 19:37:56,178] {processor.py:153} INFO - Started process (PID=184) to work on /home/airflow/.local/lib/python3.7/site-packages/airflow/example_dags/example_external_task_marker_dag.py
[2022-07-17 19:37:56,178] {processor.py:641} INFO - Processing file /home/airflow/.local/lib/python3.7/site-packages/airflow/example_dags/example_external_task_marker_dag.py for tasks to queue
[2022-07-17 19:37:56,179] {logging_mixin.py:115} INFO - [2022-07-17 19:37:56,179] {dagbag.py:508} INFO - Filling up the DagBag from /home/airflow/.local/lib/python3.7/site-packages/airflow/example_dags/example_external_task_marker_dag.py
[2022-07-17 19:37:56,183] {processor.py:651} INFO - DAG(s) dict_keys(['example_external_task_marker_parent', 'example_external_task_marker_child']) retrieved from /home/airflow/.local/lib/python3.7/site-packages/airflow/example_dags/example_external_task_marker_dag.py
[2022-07-17 19:37:56,236] {logging_mixin.py:115} INFO - [2022-07-17 19:37:56,236] {dag.py:2420} INFO - Sync 2 DAGs
[2022-07-17 19:37:56,269] {logging_mixin.py:115} INFO - [2022-07-17 19:37:56,269] {dag.py:2972} INFO - Setting next_dagrun for example_external_task_marker_child to None, run_after=None
[2022-07-17 19:37:56,270] {logging_mixin.py:115} INFO - [2022-07-17 19:37:56,270] {dag.py:2972} INFO - Setting next_dagrun for example_external_task_marker_parent to None, run_after=None
[2022-07-17 19:37:56,287] {processor.py:161} INFO - Processing /home/airflow/.local/lib/python3.7/site-packages/airflow/example_dags/example_external_task_marker_dag.py took 0.113 seconds
[2022-07-17 19:38:26,573] {processor.py:153} INFO - Started process (PID=245) to work on /home/airflow/.local/lib/python3.7/site-packages/airflow/example_dags/example_external_task_marker_dag.py
[2022-07-17 19:38:26,573] {processor.py:641} INFO - Processing file /home/airflow/.local/lib/python3.7/site-packages/airflow/example_dags/example_external_task_marker_dag.py for tasks to queue
[2022-07-17 19:38:26,574] {logging_mixin.py:115} INFO - [2022-07-17 19:38:26,574] {dagbag.py:508} INFO - Filling up the DagBag from /home/airflow/.local/lib/python3.7/site-packages/airflow/example_dags/example_external_task_marker_dag.py
[2022-07-17 19:38:26,578] {processor.py:651} INFO - DAG(s) dict_keys(['example_external_task_marker_parent', 'example_external_task_marker_child']) retrieved from /home/airflow/.local/lib/python3.7/site-packages/airflow/example_dags/example_external_task_marker_dag.py
[2022-07-17 19:38:26,622] {logging_mixin.py:115} INFO - [2022-07-17 19:38:26,621] {dag.py:2420} INFO - Sync 2 DAGs
[2022-07-17 19:38:26,644] {logging_mixin.py:115} INFO - [2022-07-17 19:38:26,644] {dag.py:2972} INFO - Setting next_dagrun for example_external_task_marker_child to None, run_after=None
[2022-07-17 19:38:26,645] {logging_mixin.py:115} INFO - [2022-07-17 19:38:26,645] {dag.py:2972} INFO - Setting next_dagrun for example_external_task_marker_parent to None, run_after=None
[2022-07-17 19:38:26,657] {processor.py:161} INFO - Processing /home/airflow/.local/lib/python3.7/site-packages/airflow/example_dags/example_external_task_marker_dag.py took 0.088 seconds
[2022-07-17 19:38:57,307] {processor.py:153} INFO - Started process (PID=300) to work on /home/airflow/.local/lib/python3.7/site-packages/airflow/example_dags/example_external_task_marker_dag.py
[2022-07-17 19:38:57,309] {processor.py:641} INFO - Processing file /home/airflow/.local/lib/python3.7/site-packages/airflow/example_dags/example_external_task_marker_dag.py for tasks to queue
[2022-07-17 19:38:57,310] {logging_mixin.py:115} INFO - [2022-07-17 19:38:57,310] {dagbag.py:508} INFO - Filling up the DagBag from /home/airflow/.local/lib/python3.7/site-packages/airflow/example_dags/example_external_task_marker_dag.py
[2022-07-17 19:38:57,316] {processor.py:651} INFO - DAG(s) dict_keys(['example_external_task_marker_parent', 'example_external_task_marker_child']) retrieved from /home/airflow/.local/lib/python3.7/site-packages/airflow/example_dags/example_external_task_marker_dag.py
[2022-07-17 19:38:57,373] {logging_mixin.py:115} INFO - [2022-07-17 19:38:57,373] {dag.py:2420} INFO - Sync 2 DAGs
[2022-07-17 19:38:57,398] {logging_mixin.py:115} INFO - [2022-07-17 19:38:57,398] {dag.py:2972} INFO - Setting next_dagrun for example_external_task_marker_child to None, run_after=None
[2022-07-17 19:38:57,398] {logging_mixin.py:115} INFO - [2022-07-17 19:38:57,398] {dag.py:2972} INFO - Setting next_dagrun for example_external_task_marker_parent to None, run_after=None
[2022-07-17 19:38:57,412] {processor.py:161} INFO - Processing /home/airflow/.local/lib/python3.7/site-packages/airflow/example_dags/example_external_task_marker_dag.py took 0.109 seconds
[2022-07-17 19:39:27,626] {processor.py:153} INFO - Started process (PID=364) to work on /home/airflow/.local/lib/python3.7/site-packages/airflow/example_dags/example_external_task_marker_dag.py
[2022-07-17 19:39:27,627] {processor.py:641} INFO - Processing file /home/airflow/.local/lib/python3.7/site-packages/airflow/example_dags/example_external_task_marker_dag.py for tasks to queue
[2022-07-17 19:39:27,627] {logging_mixin.py:115} INFO - [2022-07-17 19:39:27,627] {dagbag.py:508} INFO - Filling up the DagBag from /home/airflow/.local/lib/python3.7/site-packages/airflow/example_dags/example_external_task_marker_dag.py
[2022-07-17 19:39:27,631] {processor.py:651} INFO - DAG(s) dict_keys(['example_external_task_marker_parent', 'example_external_task_marker_child']) retrieved from /home/airflow/.local/lib/python3.7/site-packages/airflow/example_dags/example_external_task_marker_dag.py
[2022-07-17 19:39:27,678] {logging_mixin.py:115} INFO - [2022-07-17 19:39:27,678] {dag.py:2420} INFO - Sync 2 DAGs
[2022-07-17 19:39:27,705] {logging_mixin.py:115} INFO - [2022-07-17 19:39:27,705] {dag.py:2972} INFO - Setting next_dagrun for example_external_task_marker_child to None, run_after=None
[2022-07-17 19:39:27,705] {logging_mixin.py:115} INFO - [2022-07-17 19:39:27,705] {dag.py:2972} INFO - Setting next_dagrun for example_external_task_marker_parent to None, run_after=None
[2022-07-17 19:39:27,718] {processor.py:161} INFO - Processing /home/airflow/.local/lib/python3.7/site-packages/airflow/example_dags/example_external_task_marker_dag.py took 0.094 seconds
[2022-07-17 19:39:57,994] {processor.py:153} INFO - Started process (PID=419) to work on /home/airflow/.local/lib/python3.7/site-packages/airflow/example_dags/example_external_task_marker_dag.py
[2022-07-17 19:39:57,995] {processor.py:641} INFO - Processing file /home/airflow/.local/lib/python3.7/site-packages/airflow/example_dags/example_external_task_marker_dag.py for tasks to queue
[2022-07-17 19:39:57,995] {logging_mixin.py:115} INFO - [2022-07-17 19:39:57,995] {dagbag.py:508} INFO - Filling up the DagBag from /home/airflow/.local/lib/python3.7/site-packages/airflow/example_dags/example_external_task_marker_dag.py
[2022-07-17 19:39:58,000] {processor.py:651} INFO - DAG(s) dict_keys(['example_external_task_marker_parent', 'example_external_task_marker_child']) retrieved from /home/airflow/.local/lib/python3.7/site-packages/airflow/example_dags/example_external_task_marker_dag.py
[2022-07-17 19:39:58,054] {logging_mixin.py:115} INFO - [2022-07-17 19:39:58,054] {dag.py:2420} INFO - Sync 2 DAGs
[2022-07-17 19:39:58,091] {logging_mixin.py:115} INFO - [2022-07-17 19:39:58,090] {dag.py:2972} INFO - Setting next_dagrun for example_external_task_marker_child to None, run_after=None
[2022-07-17 19:39:58,091] {logging_mixin.py:115} INFO - [2022-07-17 19:39:58,091] {dag.py:2972} INFO - Setting next_dagrun for example_external_task_marker_parent to None, run_after=None
[2022-07-17 19:39:58,113] {processor.py:161} INFO - Processing /home/airflow/.local/lib/python3.7/site-packages/airflow/example_dags/example_external_task_marker_dag.py took 0.123 seconds
[2022-07-17 19:40:28,375] {processor.py:153} INFO - Started process (PID=484) to work on /home/airflow/.local/lib/python3.7/site-packages/airflow/example_dags/example_external_task_marker_dag.py
[2022-07-17 19:40:28,376] {processor.py:641} INFO - Processing file /home/airflow/.local/lib/python3.7/site-packages/airflow/example_dags/example_external_task_marker_dag.py for tasks to queue
[2022-07-17 19:40:28,376] {logging_mixin.py:115} INFO - [2022-07-17 19:40:28,376] {dagbag.py:508} INFO - Filling up the DagBag from /home/airflow/.local/lib/python3.7/site-packages/airflow/example_dags/example_external_task_marker_dag.py
[2022-07-17 19:40:28,381] {processor.py:651} INFO - DAG(s) dict_keys(['example_external_task_marker_parent', 'example_external_task_marker_child']) retrieved from /home/airflow/.local/lib/python3.7/site-packages/airflow/example_dags/example_external_task_marker_dag.py
[2022-07-17 19:40:28,449] {logging_mixin.py:115} INFO - [2022-07-17 19:40:28,449] {dag.py:2420} INFO - Sync 2 DAGs
[2022-07-17 19:40:28,480] {logging_mixin.py:115} INFO - [2022-07-17 19:40:28,480] {dag.py:2972} INFO - Setting next_dagrun for example_external_task_marker_child to None, run_after=None
[2022-07-17 19:40:28,481] {logging_mixin.py:115} INFO - [2022-07-17 19:40:28,481] {dag.py:2972} INFO - Setting next_dagrun for example_external_task_marker_parent to None, run_after=None
[2022-07-17 19:40:28,502] {processor.py:161} INFO - Processing /home/airflow/.local/lib/python3.7/site-packages/airflow/example_dags/example_external_task_marker_dag.py took 0.131 seconds
[2022-07-17 19:40:59,620] {processor.py:153} INFO - Started process (PID=548) to work on /home/airflow/.local/lib/python3.7/site-packages/airflow/example_dags/example_external_task_marker_dag.py
[2022-07-17 19:40:59,621] {processor.py:641} INFO - Processing file /home/airflow/.local/lib/python3.7/site-packages/airflow/example_dags/example_external_task_marker_dag.py for tasks to queue
[2022-07-17 19:40:59,622] {logging_mixin.py:115} INFO - [2022-07-17 19:40:59,622] {dagbag.py:508} INFO - Filling up the DagBag from /home/airflow/.local/lib/python3.7/site-packages/airflow/example_dags/example_external_task_marker_dag.py
[2022-07-17 19:40:59,628] {processor.py:651} INFO - DAG(s) dict_keys(['example_external_task_marker_parent', 'example_external_task_marker_child']) retrieved from /home/airflow/.local/lib/python3.7/site-packages/airflow/example_dags/example_external_task_marker_dag.py
[2022-07-17 19:40:59,689] {logging_mixin.py:115} INFO - [2022-07-17 19:40:59,689] {dag.py:2420} INFO - Sync 2 DAGs
[2022-07-17 19:40:59,720] {logging_mixin.py:115} INFO - [2022-07-17 19:40:59,720] {dag.py:2972} INFO - Setting next_dagrun for example_external_task_marker_child to None, run_after=None
[2022-07-17 19:40:59,721] {logging_mixin.py:115} INFO - [2022-07-17 19:40:59,720] {dag.py:2972} INFO - Setting next_dagrun for example_external_task_marker_parent to None, run_after=None
[2022-07-17 19:40:59,737] {processor.py:161} INFO - Processing /home/airflow/.local/lib/python3.7/site-packages/airflow/example_dags/example_external_task_marker_dag.py took 0.121 seconds
[2022-07-17 19:41:30,656] {processor.py:153} INFO - Started process (PID=605) to work on /home/airflow/.local/lib/python3.7/site-packages/airflow/example_dags/example_external_task_marker_dag.py
[2022-07-17 19:41:30,656] {processor.py:641} INFO - Processing file /home/airflow/.local/lib/python3.7/site-packages/airflow/example_dags/example_external_task_marker_dag.py for tasks to queue
[2022-07-17 19:41:30,657] {logging_mixin.py:115} INFO - [2022-07-17 19:41:30,657] {dagbag.py:508} INFO - Filling up the DagBag from /home/airflow/.local/lib/python3.7/site-packages/airflow/example_dags/example_external_task_marker_dag.py
[2022-07-17 19:41:30,662] {processor.py:651} INFO - DAG(s) dict_keys(['example_external_task_marker_parent', 'example_external_task_marker_child']) retrieved from /home/airflow/.local/lib/python3.7/site-packages/airflow/example_dags/example_external_task_marker_dag.py
[2022-07-17 19:41:30,726] {logging_mixin.py:115} INFO - [2022-07-17 19:41:30,726] {dag.py:2420} INFO - Sync 2 DAGs
[2022-07-17 19:41:30,756] {logging_mixin.py:115} INFO - [2022-07-17 19:41:30,756] {dag.py:2972} INFO - Setting next_dagrun for example_external_task_marker_child to None, run_after=None
[2022-07-17 19:41:30,756] {logging_mixin.py:115} INFO - [2022-07-17 19:41:30,756] {dag.py:2972} INFO - Setting next_dagrun for example_external_task_marker_parent to None, run_after=None
[2022-07-17 19:41:30,773] {processor.py:161} INFO - Processing /home/airflow/.local/lib/python3.7/site-packages/airflow/example_dags/example_external_task_marker_dag.py took 0.121 seconds
[2022-07-17 19:42:00,855] {processor.py:153} INFO - Started process (PID=669) to work on /home/airflow/.local/lib/python3.7/site-packages/airflow/example_dags/example_external_task_marker_dag.py
[2022-07-17 19:42:00,856] {processor.py:641} INFO - Processing file /home/airflow/.local/lib/python3.7/site-packages/airflow/example_dags/example_external_task_marker_dag.py for tasks to queue
[2022-07-17 19:42:00,857] {logging_mixin.py:115} INFO - [2022-07-17 19:42:00,856] {dagbag.py:508} INFO - Filling up the DagBag from /home/airflow/.local/lib/python3.7/site-packages/airflow/example_dags/example_external_task_marker_dag.py
[2022-07-17 19:42:00,861] {processor.py:651} INFO - DAG(s) dict_keys(['example_external_task_marker_parent', 'example_external_task_marker_child']) retrieved from /home/airflow/.local/lib/python3.7/site-packages/airflow/example_dags/example_external_task_marker_dag.py
[2022-07-17 19:42:00,908] {logging_mixin.py:115} INFO - [2022-07-17 19:42:00,908] {dag.py:2420} INFO - Sync 2 DAGs
[2022-07-17 19:42:00,932] {logging_mixin.py:115} INFO - [2022-07-17 19:42:00,932] {dag.py:2972} INFO - Setting next_dagrun for example_external_task_marker_child to None, run_after=None
[2022-07-17 19:42:00,932] {logging_mixin.py:115} INFO - [2022-07-17 19:42:00,932] {dag.py:2972} INFO - Setting next_dagrun for example_external_task_marker_parent to None, run_after=None
[2022-07-17 19:42:00,946] {processor.py:161} INFO - Processing /home/airflow/.local/lib/python3.7/site-packages/airflow/example_dags/example_external_task_marker_dag.py took 0.094 seconds
[2022-07-17 19:42:31,095] {processor.py:153} INFO - Started process (PID=725) to work on /home/airflow/.local/lib/python3.7/site-packages/airflow/example_dags/example_external_task_marker_dag.py
[2022-07-17 19:42:31,095] {processor.py:641} INFO - Processing file /home/airflow/.local/lib/python3.7/site-packages/airflow/example_dags/example_external_task_marker_dag.py for tasks to queue
[2022-07-17 19:42:31,096] {logging_mixin.py:115} INFO - [2022-07-17 19:42:31,096] {dagbag.py:508} INFO - Filling up the DagBag from /home/airflow/.local/lib/python3.7/site-packages/airflow/example_dags/example_external_task_marker_dag.py
[2022-07-17 19:42:31,100] {processor.py:651} INFO - DAG(s) dict_keys(['example_external_task_marker_parent', 'example_external_task_marker_child']) retrieved from /home/airflow/.local/lib/python3.7/site-packages/airflow/example_dags/example_external_task_marker_dag.py
[2022-07-17 19:42:31,149] {logging_mixin.py:115} INFO - [2022-07-17 19:42:31,149] {dag.py:2420} INFO - Sync 2 DAGs
[2022-07-17 19:42:31,177] {logging_mixin.py:115} INFO - [2022-07-17 19:42:31,177] {dag.py:2972} INFO - Setting next_dagrun for example_external_task_marker_child to None, run_after=None
[2022-07-17 19:42:31,177] {logging_mixin.py:115} INFO - [2022-07-17 19:42:31,177] {dag.py:2972} INFO - Setting next_dagrun for example_external_task_marker_parent to None, run_after=None
[2022-07-17 19:42:31,192] {processor.py:161} INFO - Processing /home/airflow/.local/lib/python3.7/site-packages/airflow/example_dags/example_external_task_marker_dag.py took 0.101 seconds
[2022-07-17 19:43:01,631] {processor.py:153} INFO - Started process (PID=788) to work on /home/airflow/.local/lib/python3.7/site-packages/airflow/example_dags/example_external_task_marker_dag.py
[2022-07-17 19:43:01,632] {processor.py:641} INFO - Processing file /home/airflow/.local/lib/python3.7/site-packages/airflow/example_dags/example_external_task_marker_dag.py for tasks to queue
[2022-07-17 19:43:01,632] {logging_mixin.py:115} INFO - [2022-07-17 19:43:01,632] {dagbag.py:508} INFO - Filling up the DagBag from /home/airflow/.local/lib/python3.7/site-packages/airflow/example_dags/example_external_task_marker_dag.py
[2022-07-17 19:43:01,638] {processor.py:651} INFO - DAG(s) dict_keys(['example_external_task_marker_parent', 'example_external_task_marker_child']) retrieved from /home/airflow/.local/lib/python3.7/site-packages/airflow/example_dags/example_external_task_marker_dag.py
[2022-07-17 19:43:01,686] {logging_mixin.py:115} INFO - [2022-07-17 19:43:01,686] {dag.py:2420} INFO - Sync 2 DAGs
[2022-07-17 19:43:01,710] {logging_mixin.py:115} INFO - [2022-07-17 19:43:01,710] {dag.py:2972} INFO - Setting next_dagrun for example_external_task_marker_child to None, run_after=None
[2022-07-17 19:43:01,710] {logging_mixin.py:115} INFO - [2022-07-17 19:43:01,710] {dag.py:2972} INFO - Setting next_dagrun for example_external_task_marker_parent to None, run_after=None
[2022-07-17 19:43:01,723] {processor.py:161} INFO - Processing /home/airflow/.local/lib/python3.7/site-packages/airflow/example_dags/example_external_task_marker_dag.py took 0.095 seconds
[2022-07-17 19:43:32,010] {processor.py:153} INFO - Started process (PID=852) to work on /home/airflow/.local/lib/python3.7/site-packages/airflow/example_dags/example_external_task_marker_dag.py
[2022-07-17 19:43:32,010] {processor.py:641} INFO - Processing file /home/airflow/.local/lib/python3.7/site-packages/airflow/example_dags/example_external_task_marker_dag.py for tasks to queue
[2022-07-17 19:43:32,010] {logging_mixin.py:115} INFO - [2022-07-17 19:43:32,010] {dagbag.py:508} INFO - Filling up the DagBag from /home/airflow/.local/lib/python3.7/site-packages/airflow/example_dags/example_external_task_marker_dag.py
[2022-07-17 19:43:32,014] {processor.py:651} INFO - DAG(s) dict_keys(['example_external_task_marker_parent', 'example_external_task_marker_child']) retrieved from /home/airflow/.local/lib/python3.7/site-packages/airflow/example_dags/example_external_task_marker_dag.py
[2022-07-17 19:43:32,061] {logging_mixin.py:115} INFO - [2022-07-17 19:43:32,061] {dag.py:2420} INFO - Sync 2 DAGs
[2022-07-17 19:43:32,085] {logging_mixin.py:115} INFO - [2022-07-17 19:43:32,085] {dag.py:2972} INFO - Setting next_dagrun for example_external_task_marker_child to None, run_after=None
[2022-07-17 19:43:32,085] {logging_mixin.py:115} INFO - [2022-07-17 19:43:32,085] {dag.py:2972} INFO - Setting next_dagrun for example_external_task_marker_parent to None, run_after=None
[2022-07-17 19:43:32,099] {processor.py:161} INFO - Processing /home/airflow/.local/lib/python3.7/site-packages/airflow/example_dags/example_external_task_marker_dag.py took 0.092 seconds
[2022-07-17 19:44:02,444] {processor.py:153} INFO - Started process (PID=907) to work on /home/airflow/.local/lib/python3.7/site-packages/airflow/example_dags/example_external_task_marker_dag.py
[2022-07-17 19:44:02,445] {processor.py:641} INFO - Processing file /home/airflow/.local/lib/python3.7/site-packages/airflow/example_dags/example_external_task_marker_dag.py for tasks to queue
[2022-07-17 19:44:02,445] {logging_mixin.py:115} INFO - [2022-07-17 19:44:02,445] {dagbag.py:508} INFO - Filling up the DagBag from /home/airflow/.local/lib/python3.7/site-packages/airflow/example_dags/example_external_task_marker_dag.py
[2022-07-17 19:44:02,450] {processor.py:651} INFO - DAG(s) dict_keys(['example_external_task_marker_parent', 'example_external_task_marker_child']) retrieved from /home/airflow/.local/lib/python3.7/site-packages/airflow/example_dags/example_external_task_marker_dag.py
[2022-07-17 19:44:02,502] {logging_mixin.py:115} INFO - [2022-07-17 19:44:02,502] {dag.py:2420} INFO - Sync 2 DAGs
[2022-07-17 19:44:02,529] {logging_mixin.py:115} INFO - [2022-07-17 19:44:02,529] {dag.py:2972} INFO - Setting next_dagrun for example_external_task_marker_child to None, run_after=None
[2022-07-17 19:44:02,529] {logging_mixin.py:115} INFO - [2022-07-17 19:44:02,529] {dag.py:2972} INFO - Setting next_dagrun for example_external_task_marker_parent to None, run_after=None
[2022-07-17 19:44:02,543] {processor.py:161} INFO - Processing /home/airflow/.local/lib/python3.7/site-packages/airflow/example_dags/example_external_task_marker_dag.py took 0.103 seconds
[2022-07-17 19:44:33,327] {processor.py:153} INFO - Started process (PID=971) to work on /home/airflow/.local/lib/python3.7/site-packages/airflow/example_dags/example_external_task_marker_dag.py
[2022-07-17 19:44:33,328] {processor.py:641} INFO - Processing file /home/airflow/.local/lib/python3.7/site-packages/airflow/example_dags/example_external_task_marker_dag.py for tasks to queue
[2022-07-17 19:44:33,329] {logging_mixin.py:115} INFO - [2022-07-17 19:44:33,328] {dagbag.py:508} INFO - Filling up the DagBag from /home/airflow/.local/lib/python3.7/site-packages/airflow/example_dags/example_external_task_marker_dag.py
[2022-07-17 19:44:33,333] {processor.py:651} INFO - DAG(s) dict_keys(['example_external_task_marker_parent', 'example_external_task_marker_child']) retrieved from /home/airflow/.local/lib/python3.7/site-packages/airflow/example_dags/example_external_task_marker_dag.py
[2022-07-17 19:44:33,378] {logging_mixin.py:115} INFO - [2022-07-17 19:44:33,378] {dag.py:2420} INFO - Sync 2 DAGs
[2022-07-17 19:44:33,401] {logging_mixin.py:115} INFO - [2022-07-17 19:44:33,401] {dag.py:2972} INFO - Setting next_dagrun for example_external_task_marker_child to None, run_after=None
[2022-07-17 19:44:33,402] {logging_mixin.py:115} INFO - [2022-07-17 19:44:33,402] {dag.py:2972} INFO - Setting next_dagrun for example_external_task_marker_parent to None, run_after=None
[2022-07-17 19:44:33,415] {processor.py:161} INFO - Processing /home/airflow/.local/lib/python3.7/site-packages/airflow/example_dags/example_external_task_marker_dag.py took 0.091 seconds
[2022-07-17 19:45:03,630] {processor.py:153} INFO - Started process (PID=1026) to work on /home/airflow/.local/lib/python3.7/site-packages/airflow/example_dags/example_external_task_marker_dag.py
[2022-07-17 19:45:03,631] {processor.py:641} INFO - Processing file /home/airflow/.local/lib/python3.7/site-packages/airflow/example_dags/example_external_task_marker_dag.py for tasks to queue
[2022-07-17 19:45:03,631] {logging_mixin.py:115} INFO - [2022-07-17 19:45:03,631] {dagbag.py:508} INFO - Filling up the DagBag from /home/airflow/.local/lib/python3.7/site-packages/airflow/example_dags/example_external_task_marker_dag.py
[2022-07-17 19:45:03,635] {processor.py:651} INFO - DAG(s) dict_keys(['example_external_task_marker_parent', 'example_external_task_marker_child']) retrieved from /home/airflow/.local/lib/python3.7/site-packages/airflow/example_dags/example_external_task_marker_dag.py
[2022-07-17 19:45:03,681] {logging_mixin.py:115} INFO - [2022-07-17 19:45:03,681] {dag.py:2420} INFO - Sync 2 DAGs
[2022-07-17 19:45:03,705] {logging_mixin.py:115} INFO - [2022-07-17 19:45:03,704] {dag.py:2972} INFO - Setting next_dagrun for example_external_task_marker_child to None, run_after=None
[2022-07-17 19:45:03,705] {logging_mixin.py:115} INFO - [2022-07-17 19:45:03,705] {dag.py:2972} INFO - Setting next_dagrun for example_external_task_marker_parent to None, run_after=None
[2022-07-17 19:45:03,719] {processor.py:161} INFO - Processing /home/airflow/.local/lib/python3.7/site-packages/airflow/example_dags/example_external_task_marker_dag.py took 0.092 seconds
[2022-07-17 19:45:34,437] {processor.py:153} INFO - Started process (PID=1090) to work on /home/airflow/.local/lib/python3.7/site-packages/airflow/example_dags/example_external_task_marker_dag.py
[2022-07-17 19:45:34,438] {processor.py:641} INFO - Processing file /home/airflow/.local/lib/python3.7/site-packages/airflow/example_dags/example_external_task_marker_dag.py for tasks to queue
[2022-07-17 19:45:34,439] {logging_mixin.py:115} INFO - [2022-07-17 19:45:34,438] {dagbag.py:508} INFO - Filling up the DagBag from /home/airflow/.local/lib/python3.7/site-packages/airflow/example_dags/example_external_task_marker_dag.py
[2022-07-17 19:45:34,445] {processor.py:651} INFO - DAG(s) dict_keys(['example_external_task_marker_parent', 'example_external_task_marker_child']) retrieved from /home/airflow/.local/lib/python3.7/site-packages/airflow/example_dags/example_external_task_marker_dag.py
[2022-07-17 19:45:34,512] {logging_mixin.py:115} INFO - [2022-07-17 19:45:34,512] {dag.py:2420} INFO - Sync 2 DAGs
[2022-07-17 19:45:34,550] {logging_mixin.py:115} INFO - [2022-07-17 19:45:34,550] {dag.py:2972} INFO - Setting next_dagrun for example_external_task_marker_child to None, run_after=None
[2022-07-17 19:45:34,550] {logging_mixin.py:115} INFO - [2022-07-17 19:45:34,550] {dag.py:2972} INFO - Setting next_dagrun for example_external_task_marker_parent to None, run_after=None
[2022-07-17 19:45:34,569] {processor.py:161} INFO - Processing /home/airflow/.local/lib/python3.7/site-packages/airflow/example_dags/example_external_task_marker_dag.py took 0.136 seconds
[2022-07-17 19:46:05,012] {processor.py:153} INFO - Started process (PID=1153) to work on /home/airflow/.local/lib/python3.7/site-packages/airflow/example_dags/example_external_task_marker_dag.py
[2022-07-17 19:46:05,012] {processor.py:641} INFO - Processing file /home/airflow/.local/lib/python3.7/site-packages/airflow/example_dags/example_external_task_marker_dag.py for tasks to queue
[2022-07-17 19:46:05,013] {logging_mixin.py:115} INFO - [2022-07-17 19:46:05,013] {dagbag.py:508} INFO - Filling up the DagBag from /home/airflow/.local/lib/python3.7/site-packages/airflow/example_dags/example_external_task_marker_dag.py
[2022-07-17 19:46:05,018] {processor.py:651} INFO - DAG(s) dict_keys(['example_external_task_marker_parent', 'example_external_task_marker_child']) retrieved from /home/airflow/.local/lib/python3.7/site-packages/airflow/example_dags/example_external_task_marker_dag.py
[2022-07-17 19:46:05,067] {logging_mixin.py:115} INFO - [2022-07-17 19:46:05,067] {dag.py:2420} INFO - Sync 2 DAGs
[2022-07-17 19:46:05,099] {logging_mixin.py:115} INFO - [2022-07-17 19:46:05,099] {dag.py:2972} INFO - Setting next_dagrun for example_external_task_marker_child to None, run_after=None
[2022-07-17 19:46:05,100] {logging_mixin.py:115} INFO - [2022-07-17 19:46:05,100] {dag.py:2972} INFO - Setting next_dagrun for example_external_task_marker_parent to None, run_after=None
[2022-07-17 19:46:05,119] {processor.py:161} INFO - Processing /home/airflow/.local/lib/python3.7/site-packages/airflow/example_dags/example_external_task_marker_dag.py took 0.111 seconds
[2022-07-17 19:46:35,296] {processor.py:153} INFO - Started process (PID=1208) to work on /home/airflow/.local/lib/python3.7/site-packages/airflow/example_dags/example_external_task_marker_dag.py
[2022-07-17 19:46:35,296] {processor.py:641} INFO - Processing file /home/airflow/.local/lib/python3.7/site-packages/airflow/example_dags/example_external_task_marker_dag.py for tasks to queue
[2022-07-17 19:46:35,297] {logging_mixin.py:115} INFO - [2022-07-17 19:46:35,296] {dagbag.py:508} INFO - Filling up the DagBag from /home/airflow/.local/lib/python3.7/site-packages/airflow/example_dags/example_external_task_marker_dag.py
[2022-07-17 19:46:35,301] {processor.py:651} INFO - DAG(s) dict_keys(['example_external_task_marker_parent', 'example_external_task_marker_child']) retrieved from /home/airflow/.local/lib/python3.7/site-packages/airflow/example_dags/example_external_task_marker_dag.py
[2022-07-17 19:46:35,350] {logging_mixin.py:115} INFO - [2022-07-17 19:46:35,349] {dag.py:2420} INFO - Sync 2 DAGs
[2022-07-17 19:46:35,374] {logging_mixin.py:115} INFO - [2022-07-17 19:46:35,374] {dag.py:2972} INFO - Setting next_dagrun for example_external_task_marker_child to None, run_after=None
[2022-07-17 19:46:35,375] {logging_mixin.py:115} INFO - [2022-07-17 19:46:35,374] {dag.py:2972} INFO - Setting next_dagrun for example_external_task_marker_parent to None, run_after=None
[2022-07-17 19:46:35,392] {processor.py:161} INFO - Processing /home/airflow/.local/lib/python3.7/site-packages/airflow/example_dags/example_external_task_marker_dag.py took 0.100 seconds
[2022-07-17 19:47:05,540] {processor.py:153} INFO - Started process (PID=1273) to work on /home/airflow/.local/lib/python3.7/site-packages/airflow/example_dags/example_external_task_marker_dag.py
[2022-07-17 19:47:05,540] {processor.py:641} INFO - Processing file /home/airflow/.local/lib/python3.7/site-packages/airflow/example_dags/example_external_task_marker_dag.py for tasks to queue
[2022-07-17 19:47:05,541] {logging_mixin.py:115} INFO - [2022-07-17 19:47:05,541] {dagbag.py:508} INFO - Filling up the DagBag from /home/airflow/.local/lib/python3.7/site-packages/airflow/example_dags/example_external_task_marker_dag.py
[2022-07-17 19:47:05,548] {processor.py:651} INFO - DAG(s) dict_keys(['example_external_task_marker_parent', 'example_external_task_marker_child']) retrieved from /home/airflow/.local/lib/python3.7/site-packages/airflow/example_dags/example_external_task_marker_dag.py
[2022-07-17 19:47:05,607] {logging_mixin.py:115} INFO - [2022-07-17 19:47:05,607] {dag.py:2420} INFO - Sync 2 DAGs
[2022-07-17 19:47:05,632] {logging_mixin.py:115} INFO - [2022-07-17 19:47:05,632] {dag.py:2972} INFO - Setting next_dagrun for example_external_task_marker_child to None, run_after=None
[2022-07-17 19:47:05,632] {logging_mixin.py:115} INFO - [2022-07-17 19:47:05,632] {dag.py:2972} INFO - Setting next_dagrun for example_external_task_marker_parent to None, run_after=None
[2022-07-17 19:47:05,645] {processor.py:161} INFO - Processing /home/airflow/.local/lib/python3.7/site-packages/airflow/example_dags/example_external_task_marker_dag.py took 0.110 seconds
[2022-07-17 19:47:35,820] {processor.py:153} INFO - Started process (PID=1328) to work on /home/airflow/.local/lib/python3.7/site-packages/airflow/example_dags/example_external_task_marker_dag.py
[2022-07-17 19:47:35,821] {processor.py:641} INFO - Processing file /home/airflow/.local/lib/python3.7/site-packages/airflow/example_dags/example_external_task_marker_dag.py for tasks to queue
[2022-07-17 19:47:35,821] {logging_mixin.py:115} INFO - [2022-07-17 19:47:35,821] {dagbag.py:508} INFO - Filling up the DagBag from /home/airflow/.local/lib/python3.7/site-packages/airflow/example_dags/example_external_task_marker_dag.py
[2022-07-17 19:47:35,826] {processor.py:651} INFO - DAG(s) dict_keys(['example_external_task_marker_parent', 'example_external_task_marker_child']) retrieved from /home/airflow/.local/lib/python3.7/site-packages/airflow/example_dags/example_external_task_marker_dag.py
[2022-07-17 19:47:35,875] {logging_mixin.py:115} INFO - [2022-07-17 19:47:35,875] {dag.py:2420} INFO - Sync 2 DAGs
[2022-07-17 19:47:35,900] {logging_mixin.py:115} INFO - [2022-07-17 19:47:35,900] {dag.py:2972} INFO - Setting next_dagrun for example_external_task_marker_child to None, run_after=None
[2022-07-17 19:47:35,900] {logging_mixin.py:115} INFO - [2022-07-17 19:47:35,900] {dag.py:2972} INFO - Setting next_dagrun for example_external_task_marker_parent to None, run_after=None
[2022-07-17 19:47:35,913] {processor.py:161} INFO - Processing /home/airflow/.local/lib/python3.7/site-packages/airflow/example_dags/example_external_task_marker_dag.py took 0.096 seconds
[2022-07-17 19:48:06,204] {processor.py:153} INFO - Started process (PID=1395) to work on /home/airflow/.local/lib/python3.7/site-packages/airflow/example_dags/example_external_task_marker_dag.py
[2022-07-17 19:48:06,204] {processor.py:641} INFO - Processing file /home/airflow/.local/lib/python3.7/site-packages/airflow/example_dags/example_external_task_marker_dag.py for tasks to queue
[2022-07-17 19:48:06,205] {logging_mixin.py:115} INFO - [2022-07-17 19:48:06,205] {dagbag.py:508} INFO - Filling up the DagBag from /home/airflow/.local/lib/python3.7/site-packages/airflow/example_dags/example_external_task_marker_dag.py
[2022-07-17 19:48:06,209] {processor.py:651} INFO - DAG(s) dict_keys(['example_external_task_marker_parent', 'example_external_task_marker_child']) retrieved from /home/airflow/.local/lib/python3.7/site-packages/airflow/example_dags/example_external_task_marker_dag.py
[2022-07-17 19:48:06,262] {logging_mixin.py:115} INFO - [2022-07-17 19:48:06,262] {dag.py:2420} INFO - Sync 2 DAGs
[2022-07-17 19:48:06,285] {logging_mixin.py:115} INFO - [2022-07-17 19:48:06,285] {dag.py:2972} INFO - Setting next_dagrun for example_external_task_marker_child to None, run_after=None
[2022-07-17 19:48:06,285] {logging_mixin.py:115} INFO - [2022-07-17 19:48:06,285] {dag.py:2972} INFO - Setting next_dagrun for example_external_task_marker_parent to None, run_after=None
[2022-07-17 19:48:06,299] {processor.py:161} INFO - Processing /home/airflow/.local/lib/python3.7/site-packages/airflow/example_dags/example_external_task_marker_dag.py took 0.098 seconds
[2022-07-17 19:48:36,469] {processor.py:153} INFO - Started process (PID=1450) to work on /home/airflow/.local/lib/python3.7/site-packages/airflow/example_dags/example_external_task_marker_dag.py
[2022-07-17 19:48:36,470] {processor.py:641} INFO - Processing file /home/airflow/.local/lib/python3.7/site-packages/airflow/example_dags/example_external_task_marker_dag.py for tasks to queue
[2022-07-17 19:48:36,470] {logging_mixin.py:115} INFO - [2022-07-17 19:48:36,470] {dagbag.py:508} INFO - Filling up the DagBag from /home/airflow/.local/lib/python3.7/site-packages/airflow/example_dags/example_external_task_marker_dag.py
[2022-07-17 19:48:36,476] {processor.py:651} INFO - DAG(s) dict_keys(['example_external_task_marker_parent', 'example_external_task_marker_child']) retrieved from /home/airflow/.local/lib/python3.7/site-packages/airflow/example_dags/example_external_task_marker_dag.py
[2022-07-17 19:48:36,526] {logging_mixin.py:115} INFO - [2022-07-17 19:48:36,526] {dag.py:2420} INFO - Sync 2 DAGs
[2022-07-17 19:48:36,556] {logging_mixin.py:115} INFO - [2022-07-17 19:48:36,556] {dag.py:2972} INFO - Setting next_dagrun for example_external_task_marker_child to None, run_after=None
[2022-07-17 19:48:36,557] {logging_mixin.py:115} INFO - [2022-07-17 19:48:36,557] {dag.py:2972} INFO - Setting next_dagrun for example_external_task_marker_parent to None, run_after=None
[2022-07-17 19:48:36,576] {processor.py:161} INFO - Processing /home/airflow/.local/lib/python3.7/site-packages/airflow/example_dags/example_external_task_marker_dag.py took 0.111 seconds
[2022-07-17 19:49:07,034] {processor.py:153} INFO - Started process (PID=1515) to work on /home/airflow/.local/lib/python3.7/site-packages/airflow/example_dags/example_external_task_marker_dag.py
[2022-07-17 19:49:07,034] {processor.py:641} INFO - Processing file /home/airflow/.local/lib/python3.7/site-packages/airflow/example_dags/example_external_task_marker_dag.py for tasks to queue
[2022-07-17 19:49:07,035] {logging_mixin.py:115} INFO - [2022-07-17 19:49:07,035] {dagbag.py:508} INFO - Filling up the DagBag from /home/airflow/.local/lib/python3.7/site-packages/airflow/example_dags/example_external_task_marker_dag.py
[2022-07-17 19:49:07,039] {processor.py:651} INFO - DAG(s) dict_keys(['example_external_task_marker_parent', 'example_external_task_marker_child']) retrieved from /home/airflow/.local/lib/python3.7/site-packages/airflow/example_dags/example_external_task_marker_dag.py
[2022-07-17 19:49:07,085] {logging_mixin.py:115} INFO - [2022-07-17 19:49:07,084] {dag.py:2420} INFO - Sync 2 DAGs
[2022-07-17 19:49:07,107] {logging_mixin.py:115} INFO - [2022-07-17 19:49:07,107] {dag.py:2972} INFO - Setting next_dagrun for example_external_task_marker_child to None, run_after=None
[2022-07-17 19:49:07,108] {logging_mixin.py:115} INFO - [2022-07-17 19:49:07,108] {dag.py:2972} INFO - Setting next_dagrun for example_external_task_marker_parent to None, run_after=None
[2022-07-17 19:49:07,122] {processor.py:161} INFO - Processing /home/airflow/.local/lib/python3.7/site-packages/airflow/example_dags/example_external_task_marker_dag.py took 0.091 seconds
[2022-07-17 19:49:37,465] {processor.py:153} INFO - Started process (PID=1577) to work on /home/airflow/.local/lib/python3.7/site-packages/airflow/example_dags/example_external_task_marker_dag.py
[2022-07-17 19:49:37,465] {processor.py:641} INFO - Processing file /home/airflow/.local/lib/python3.7/site-packages/airflow/example_dags/example_external_task_marker_dag.py for tasks to queue
[2022-07-17 19:49:37,466] {logging_mixin.py:115} INFO - [2022-07-17 19:49:37,466] {dagbag.py:508} INFO - Filling up the DagBag from /home/airflow/.local/lib/python3.7/site-packages/airflow/example_dags/example_external_task_marker_dag.py
[2022-07-17 19:49:37,470] {processor.py:651} INFO - DAG(s) dict_keys(['example_external_task_marker_parent', 'example_external_task_marker_child']) retrieved from /home/airflow/.local/lib/python3.7/site-packages/airflow/example_dags/example_external_task_marker_dag.py
[2022-07-17 19:49:37,526] {logging_mixin.py:115} INFO - [2022-07-17 19:49:37,526] {dag.py:2420} INFO - Sync 2 DAGs
[2022-07-17 19:49:37,552] {logging_mixin.py:115} INFO - [2022-07-17 19:49:37,552] {dag.py:2972} INFO - Setting next_dagrun for example_external_task_marker_child to None, run_after=None
[2022-07-17 19:49:37,552] {logging_mixin.py:115} INFO - [2022-07-17 19:49:37,552] {dag.py:2972} INFO - Setting next_dagrun for example_external_task_marker_parent to None, run_after=None
[2022-07-17 19:49:37,568] {processor.py:161} INFO - Processing /home/airflow/.local/lib/python3.7/site-packages/airflow/example_dags/example_external_task_marker_dag.py took 0.107 seconds
[2022-07-17 19:50:07,705] {processor.py:153} INFO - Started process (PID=1634) to work on /home/airflow/.local/lib/python3.7/site-packages/airflow/example_dags/example_external_task_marker_dag.py
[2022-07-17 19:50:07,705] {processor.py:641} INFO - Processing file /home/airflow/.local/lib/python3.7/site-packages/airflow/example_dags/example_external_task_marker_dag.py for tasks to queue
[2022-07-17 19:50:07,706] {logging_mixin.py:115} INFO - [2022-07-17 19:50:07,706] {dagbag.py:508} INFO - Filling up the DagBag from /home/airflow/.local/lib/python3.7/site-packages/airflow/example_dags/example_external_task_marker_dag.py
[2022-07-17 19:50:07,710] {processor.py:651} INFO - DAG(s) dict_keys(['example_external_task_marker_parent', 'example_external_task_marker_child']) retrieved from /home/airflow/.local/lib/python3.7/site-packages/airflow/example_dags/example_external_task_marker_dag.py
[2022-07-17 19:50:07,756] {logging_mixin.py:115} INFO - [2022-07-17 19:50:07,756] {dag.py:2420} INFO - Sync 2 DAGs
[2022-07-17 19:50:07,780] {logging_mixin.py:115} INFO - [2022-07-17 19:50:07,779] {dag.py:2972} INFO - Setting next_dagrun for example_external_task_marker_child to None, run_after=None
[2022-07-17 19:50:07,780] {logging_mixin.py:115} INFO - [2022-07-17 19:50:07,780] {dag.py:2972} INFO - Setting next_dagrun for example_external_task_marker_parent to None, run_after=None
[2022-07-17 19:50:07,792] {processor.py:161} INFO - Processing /home/airflow/.local/lib/python3.7/site-packages/airflow/example_dags/example_external_task_marker_dag.py took 0.090 seconds
[2022-07-17 19:50:38,000] {processor.py:153} INFO - Started process (PID=1699) to work on /home/airflow/.local/lib/python3.7/site-packages/airflow/example_dags/example_external_task_marker_dag.py
[2022-07-17 19:50:38,001] {processor.py:641} INFO - Processing file /home/airflow/.local/lib/python3.7/site-packages/airflow/example_dags/example_external_task_marker_dag.py for tasks to queue
[2022-07-17 19:50:38,001] {logging_mixin.py:115} INFO - [2022-07-17 19:50:38,001] {dagbag.py:508} INFO - Filling up the DagBag from /home/airflow/.local/lib/python3.7/site-packages/airflow/example_dags/example_external_task_marker_dag.py
[2022-07-17 19:50:38,006] {processor.py:651} INFO - DAG(s) dict_keys(['example_external_task_marker_parent', 'example_external_task_marker_child']) retrieved from /home/airflow/.local/lib/python3.7/site-packages/airflow/example_dags/example_external_task_marker_dag.py
[2022-07-17 19:50:38,053] {logging_mixin.py:115} INFO - [2022-07-17 19:50:38,053] {dag.py:2420} INFO - Sync 2 DAGs
[2022-07-17 19:50:38,076] {logging_mixin.py:115} INFO - [2022-07-17 19:50:38,076] {dag.py:2972} INFO - Setting next_dagrun for example_external_task_marker_child to None, run_after=None
[2022-07-17 19:50:38,076] {logging_mixin.py:115} INFO - [2022-07-17 19:50:38,076] {dag.py:2972} INFO - Setting next_dagrun for example_external_task_marker_parent to None, run_after=None
[2022-07-17 19:50:38,092] {processor.py:161} INFO - Processing /home/airflow/.local/lib/python3.7/site-packages/airflow/example_dags/example_external_task_marker_dag.py took 0.096 seconds
[2022-07-17 19:51:08,398] {processor.py:153} INFO - Started process (PID=1756) to work on /home/airflow/.local/lib/python3.7/site-packages/airflow/example_dags/example_external_task_marker_dag.py
[2022-07-17 19:51:08,399] {processor.py:641} INFO - Processing file /home/airflow/.local/lib/python3.7/site-packages/airflow/example_dags/example_external_task_marker_dag.py for tasks to queue
[2022-07-17 19:51:08,399] {logging_mixin.py:115} INFO - [2022-07-17 19:51:08,399] {dagbag.py:508} INFO - Filling up the DagBag from /home/airflow/.local/lib/python3.7/site-packages/airflow/example_dags/example_external_task_marker_dag.py
[2022-07-17 19:51:08,404] {processor.py:651} INFO - DAG(s) dict_keys(['example_external_task_marker_parent', 'example_external_task_marker_child']) retrieved from /home/airflow/.local/lib/python3.7/site-packages/airflow/example_dags/example_external_task_marker_dag.py
[2022-07-17 19:51:08,452] {logging_mixin.py:115} INFO - [2022-07-17 19:51:08,452] {dag.py:2420} INFO - Sync 2 DAGs
[2022-07-17 19:51:08,477] {logging_mixin.py:115} INFO - [2022-07-17 19:51:08,477] {dag.py:2972} INFO - Setting next_dagrun for example_external_task_marker_child to None, run_after=None
[2022-07-17 19:51:08,477] {logging_mixin.py:115} INFO - [2022-07-17 19:51:08,477] {dag.py:2972} INFO - Setting next_dagrun for example_external_task_marker_parent to None, run_after=None
[2022-07-17 19:51:08,490] {processor.py:161} INFO - Processing /home/airflow/.local/lib/python3.7/site-packages/airflow/example_dags/example_external_task_marker_dag.py took 0.095 seconds
[2022-07-17 19:51:38,564] {processor.py:153} INFO - Started process (PID=1820) to work on /home/airflow/.local/lib/python3.7/site-packages/airflow/example_dags/example_external_task_marker_dag.py
[2022-07-17 19:51:38,565] {processor.py:641} INFO - Processing file /home/airflow/.local/lib/python3.7/site-packages/airflow/example_dags/example_external_task_marker_dag.py for tasks to queue
[2022-07-17 19:51:38,566] {logging_mixin.py:115} INFO - [2022-07-17 19:51:38,566] {dagbag.py:508} INFO - Filling up the DagBag from /home/airflow/.local/lib/python3.7/site-packages/airflow/example_dags/example_external_task_marker_dag.py
[2022-07-17 19:51:38,570] {processor.py:651} INFO - DAG(s) dict_keys(['example_external_task_marker_parent', 'example_external_task_marker_child']) retrieved from /home/airflow/.local/lib/python3.7/site-packages/airflow/example_dags/example_external_task_marker_dag.py
[2022-07-17 19:51:38,621] {logging_mixin.py:115} INFO - [2022-07-17 19:51:38,621] {dag.py:2420} INFO - Sync 2 DAGs
[2022-07-17 19:51:38,653] {logging_mixin.py:115} INFO - [2022-07-17 19:51:38,653] {dag.py:2972} INFO - Setting next_dagrun for example_external_task_marker_child to None, run_after=None
[2022-07-17 19:51:38,654] {logging_mixin.py:115} INFO - [2022-07-17 19:51:38,654] {dag.py:2972} INFO - Setting next_dagrun for example_external_task_marker_parent to None, run_after=None
[2022-07-17 19:51:38,672] {processor.py:161} INFO - Processing /home/airflow/.local/lib/python3.7/site-packages/airflow/example_dags/example_external_task_marker_dag.py took 0.111 seconds
[2022-07-17 19:52:09,121] {processor.py:153} INFO - Started process (PID=1875) to work on /home/airflow/.local/lib/python3.7/site-packages/airflow/example_dags/example_external_task_marker_dag.py
[2022-07-17 19:52:09,121] {processor.py:641} INFO - Processing file /home/airflow/.local/lib/python3.7/site-packages/airflow/example_dags/example_external_task_marker_dag.py for tasks to queue
[2022-07-17 19:52:09,122] {logging_mixin.py:115} INFO - [2022-07-17 19:52:09,122] {dagbag.py:508} INFO - Filling up the DagBag from /home/airflow/.local/lib/python3.7/site-packages/airflow/example_dags/example_external_task_marker_dag.py
[2022-07-17 19:52:09,127] {processor.py:651} INFO - DAG(s) dict_keys(['example_external_task_marker_parent', 'example_external_task_marker_child']) retrieved from /home/airflow/.local/lib/python3.7/site-packages/airflow/example_dags/example_external_task_marker_dag.py
[2022-07-17 19:52:09,183] {logging_mixin.py:115} INFO - [2022-07-17 19:52:09,183] {dag.py:2420} INFO - Sync 2 DAGs
[2022-07-17 19:52:09,220] {logging_mixin.py:115} INFO - [2022-07-17 19:52:09,220] {dag.py:2972} INFO - Setting next_dagrun for example_external_task_marker_child to None, run_after=None
[2022-07-17 19:52:09,221] {logging_mixin.py:115} INFO - [2022-07-17 19:52:09,220] {dag.py:2972} INFO - Setting next_dagrun for example_external_task_marker_parent to None, run_after=None
[2022-07-17 19:52:09,241] {processor.py:161} INFO - Processing /home/airflow/.local/lib/python3.7/site-packages/airflow/example_dags/example_external_task_marker_dag.py took 0.124 seconds
[2022-07-17 19:52:39,290] {processor.py:153} INFO - Started process (PID=1939) to work on /home/airflow/.local/lib/python3.7/site-packages/airflow/example_dags/example_external_task_marker_dag.py
[2022-07-17 19:52:39,291] {processor.py:641} INFO - Processing file /home/airflow/.local/lib/python3.7/site-packages/airflow/example_dags/example_external_task_marker_dag.py for tasks to queue
[2022-07-17 19:52:39,292] {logging_mixin.py:115} INFO - [2022-07-17 19:52:39,292] {dagbag.py:508} INFO - Filling up the DagBag from /home/airflow/.local/lib/python3.7/site-packages/airflow/example_dags/example_external_task_marker_dag.py
[2022-07-17 19:52:39,296] {processor.py:651} INFO - DAG(s) dict_keys(['example_external_task_marker_parent', 'example_external_task_marker_child']) retrieved from /home/airflow/.local/lib/python3.7/site-packages/airflow/example_dags/example_external_task_marker_dag.py
[2022-07-17 19:52:39,348] {logging_mixin.py:115} INFO - [2022-07-17 19:52:39,348] {dag.py:2420} INFO - Sync 2 DAGs
[2022-07-17 19:52:39,377] {logging_mixin.py:115} INFO - [2022-07-17 19:52:39,377] {dag.py:2972} INFO - Setting next_dagrun for example_external_task_marker_child to None, run_after=None
[2022-07-17 19:52:39,377] {logging_mixin.py:115} INFO - [2022-07-17 19:52:39,377] {dag.py:2972} INFO - Setting next_dagrun for example_external_task_marker_parent to None, run_after=None
[2022-07-17 19:52:39,395] {processor.py:161} INFO - Processing /home/airflow/.local/lib/python3.7/site-packages/airflow/example_dags/example_external_task_marker_dag.py took 0.109 seconds
[2022-07-17 19:53:09,565] {processor.py:153} INFO - Started process (PID=1993) to work on /home/airflow/.local/lib/python3.7/site-packages/airflow/example_dags/example_external_task_marker_dag.py
[2022-07-17 19:53:09,566] {processor.py:641} INFO - Processing file /home/airflow/.local/lib/python3.7/site-packages/airflow/example_dags/example_external_task_marker_dag.py for tasks to queue
[2022-07-17 19:53:09,566] {logging_mixin.py:115} INFO - [2022-07-17 19:53:09,566] {dagbag.py:508} INFO - Filling up the DagBag from /home/airflow/.local/lib/python3.7/site-packages/airflow/example_dags/example_external_task_marker_dag.py
[2022-07-17 19:53:09,570] {processor.py:651} INFO - DAG(s) dict_keys(['example_external_task_marker_parent', 'example_external_task_marker_child']) retrieved from /home/airflow/.local/lib/python3.7/site-packages/airflow/example_dags/example_external_task_marker_dag.py
[2022-07-17 19:53:09,621] {logging_mixin.py:115} INFO - [2022-07-17 19:53:09,621] {dag.py:2420} INFO - Sync 2 DAGs
[2022-07-17 19:53:09,646] {logging_mixin.py:115} INFO - [2022-07-17 19:53:09,646] {dag.py:2972} INFO - Setting next_dagrun for example_external_task_marker_child to None, run_after=None
[2022-07-17 19:53:09,646] {logging_mixin.py:115} INFO - [2022-07-17 19:53:09,646] {dag.py:2972} INFO - Setting next_dagrun for example_external_task_marker_parent to None, run_after=None
[2022-07-17 19:53:09,659] {processor.py:161} INFO - Processing /home/airflow/.local/lib/python3.7/site-packages/airflow/example_dags/example_external_task_marker_dag.py took 0.098 seconds
[2022-07-17 19:53:39,954] {processor.py:153} INFO - Started process (PID=2056) to work on /home/airflow/.local/lib/python3.7/site-packages/airflow/example_dags/example_external_task_marker_dag.py
[2022-07-17 19:53:39,955] {processor.py:641} INFO - Processing file /home/airflow/.local/lib/python3.7/site-packages/airflow/example_dags/example_external_task_marker_dag.py for tasks to queue
[2022-07-17 19:53:39,955] {logging_mixin.py:115} INFO - [2022-07-17 19:53:39,955] {dagbag.py:508} INFO - Filling up the DagBag from /home/airflow/.local/lib/python3.7/site-packages/airflow/example_dags/example_external_task_marker_dag.py
[2022-07-17 19:53:39,961] {processor.py:651} INFO - DAG(s) dict_keys(['example_external_task_marker_parent', 'example_external_task_marker_child']) retrieved from /home/airflow/.local/lib/python3.7/site-packages/airflow/example_dags/example_external_task_marker_dag.py
[2022-07-17 19:53:40,010] {logging_mixin.py:115} INFO - [2022-07-17 19:53:40,010] {dag.py:2420} INFO - Sync 2 DAGs
[2022-07-17 19:53:40,034] {logging_mixin.py:115} INFO - [2022-07-17 19:53:40,034] {dag.py:2972} INFO - Setting next_dagrun for example_external_task_marker_child to None, run_after=None
[2022-07-17 19:53:40,034] {logging_mixin.py:115} INFO - [2022-07-17 19:53:40,034] {dag.py:2972} INFO - Setting next_dagrun for example_external_task_marker_parent to None, run_after=None
[2022-07-17 19:53:40,048] {processor.py:161} INFO - Processing /home/airflow/.local/lib/python3.7/site-packages/airflow/example_dags/example_external_task_marker_dag.py took 0.098 seconds
[2022-07-17 19:54:10,214] {processor.py:153} INFO - Started process (PID=2121) to work on /home/airflow/.local/lib/python3.7/site-packages/airflow/example_dags/example_external_task_marker_dag.py
[2022-07-17 19:54:10,214] {processor.py:641} INFO - Processing file /home/airflow/.local/lib/python3.7/site-packages/airflow/example_dags/example_external_task_marker_dag.py for tasks to queue
[2022-07-17 19:54:10,215] {logging_mixin.py:115} INFO - [2022-07-17 19:54:10,215] {dagbag.py:508} INFO - Filling up the DagBag from /home/airflow/.local/lib/python3.7/site-packages/airflow/example_dags/example_external_task_marker_dag.py
[2022-07-17 19:54:10,219] {processor.py:651} INFO - DAG(s) dict_keys(['example_external_task_marker_parent', 'example_external_task_marker_child']) retrieved from /home/airflow/.local/lib/python3.7/site-packages/airflow/example_dags/example_external_task_marker_dag.py
[2022-07-17 19:54:10,279] {logging_mixin.py:115} INFO - [2022-07-17 19:54:10,279] {dag.py:2420} INFO - Sync 2 DAGs
[2022-07-17 19:54:10,305] {logging_mixin.py:115} INFO - [2022-07-17 19:54:10,305] {dag.py:2972} INFO - Setting next_dagrun for example_external_task_marker_child to None, run_after=None
[2022-07-17 19:54:10,305] {logging_mixin.py:115} INFO - [2022-07-17 19:54:10,305] {dag.py:2972} INFO - Setting next_dagrun for example_external_task_marker_parent to None, run_after=None
[2022-07-17 19:54:10,320] {processor.py:161} INFO - Processing /home/airflow/.local/lib/python3.7/site-packages/airflow/example_dags/example_external_task_marker_dag.py took 0.110 seconds
[2022-07-17 19:54:40,416] {processor.py:153} INFO - Started process (PID=2176) to work on /home/airflow/.local/lib/python3.7/site-packages/airflow/example_dags/example_external_task_marker_dag.py
[2022-07-17 19:54:40,417] {processor.py:641} INFO - Processing file /home/airflow/.local/lib/python3.7/site-packages/airflow/example_dags/example_external_task_marker_dag.py for tasks to queue
[2022-07-17 19:54:40,417] {logging_mixin.py:115} INFO - [2022-07-17 19:54:40,417] {dagbag.py:508} INFO - Filling up the DagBag from /home/airflow/.local/lib/python3.7/site-packages/airflow/example_dags/example_external_task_marker_dag.py
[2022-07-17 19:54:40,422] {processor.py:651} INFO - DAG(s) dict_keys(['example_external_task_marker_parent', 'example_external_task_marker_child']) retrieved from /home/airflow/.local/lib/python3.7/site-packages/airflow/example_dags/example_external_task_marker_dag.py
[2022-07-17 19:54:40,471] {logging_mixin.py:115} INFO - [2022-07-17 19:54:40,471] {dag.py:2420} INFO - Sync 2 DAGs
[2022-07-17 19:54:40,495] {logging_mixin.py:115} INFO - [2022-07-17 19:54:40,495] {dag.py:2972} INFO - Setting next_dagrun for example_external_task_marker_child to None, run_after=None
[2022-07-17 19:54:40,496] {logging_mixin.py:115} INFO - [2022-07-17 19:54:40,496] {dag.py:2972} INFO - Setting next_dagrun for example_external_task_marker_parent to None, run_after=None
[2022-07-17 19:54:40,509] {processor.py:161} INFO - Processing /home/airflow/.local/lib/python3.7/site-packages/airflow/example_dags/example_external_task_marker_dag.py took 0.097 seconds
[2022-07-17 19:55:10,603] {processor.py:153} INFO - Started process (PID=2240) to work on /home/airflow/.local/lib/python3.7/site-packages/airflow/example_dags/example_external_task_marker_dag.py
[2022-07-17 19:55:10,603] {processor.py:641} INFO - Processing file /home/airflow/.local/lib/python3.7/site-packages/airflow/example_dags/example_external_task_marker_dag.py for tasks to queue
[2022-07-17 19:55:10,604] {logging_mixin.py:115} INFO - [2022-07-17 19:55:10,604] {dagbag.py:508} INFO - Filling up the DagBag from /home/airflow/.local/lib/python3.7/site-packages/airflow/example_dags/example_external_task_marker_dag.py
[2022-07-17 19:55:10,608] {processor.py:651} INFO - DAG(s) dict_keys(['example_external_task_marker_parent', 'example_external_task_marker_child']) retrieved from /home/airflow/.local/lib/python3.7/site-packages/airflow/example_dags/example_external_task_marker_dag.py
[2022-07-17 19:55:10,658] {logging_mixin.py:115} INFO - [2022-07-17 19:55:10,658] {dag.py:2420} INFO - Sync 2 DAGs
[2022-07-17 19:55:10,684] {logging_mixin.py:115} INFO - [2022-07-17 19:55:10,683] {dag.py:2972} INFO - Setting next_dagrun for example_external_task_marker_child to None, run_after=None
[2022-07-17 19:55:10,684] {logging_mixin.py:115} INFO - [2022-07-17 19:55:10,684] {dag.py:2972} INFO - Setting next_dagrun for example_external_task_marker_parent to None, run_after=None
[2022-07-17 19:55:10,698] {processor.py:161} INFO - Processing /home/airflow/.local/lib/python3.7/site-packages/airflow/example_dags/example_external_task_marker_dag.py took 0.098 seconds
[2022-07-17 19:55:41,136] {processor.py:153} INFO - Started process (PID=2297) to work on /home/airflow/.local/lib/python3.7/site-packages/airflow/example_dags/example_external_task_marker_dag.py
[2022-07-17 19:55:41,137] {processor.py:641} INFO - Processing file /home/airflow/.local/lib/python3.7/site-packages/airflow/example_dags/example_external_task_marker_dag.py for tasks to queue
[2022-07-17 19:55:41,138] {logging_mixin.py:115} INFO - [2022-07-17 19:55:41,137] {dagbag.py:508} INFO - Filling up the DagBag from /home/airflow/.local/lib/python3.7/site-packages/airflow/example_dags/example_external_task_marker_dag.py
[2022-07-17 19:55:41,142] {processor.py:651} INFO - DAG(s) dict_keys(['example_external_task_marker_parent', 'example_external_task_marker_child']) retrieved from /home/airflow/.local/lib/python3.7/site-packages/airflow/example_dags/example_external_task_marker_dag.py
[2022-07-17 19:55:41,191] {logging_mixin.py:115} INFO - [2022-07-17 19:55:41,191] {dag.py:2420} INFO - Sync 2 DAGs
[2022-07-17 19:55:41,216] {logging_mixin.py:115} INFO - [2022-07-17 19:55:41,216] {dag.py:2972} INFO - Setting next_dagrun for example_external_task_marker_child to None, run_after=None
[2022-07-17 19:55:41,217] {logging_mixin.py:115} INFO - [2022-07-17 19:55:41,217] {dag.py:2972} INFO - Setting next_dagrun for example_external_task_marker_parent to None, run_after=None
[2022-07-17 19:55:41,230] {processor.py:161} INFO - Processing /home/airflow/.local/lib/python3.7/site-packages/airflow/example_dags/example_external_task_marker_dag.py took 0.097 seconds
[2022-07-17 19:56:11,799] {processor.py:153} INFO - Started process (PID=2363) to work on /home/airflow/.local/lib/python3.7/site-packages/airflow/example_dags/example_external_task_marker_dag.py
[2022-07-17 19:56:11,800] {processor.py:641} INFO - Processing file /home/airflow/.local/lib/python3.7/site-packages/airflow/example_dags/example_external_task_marker_dag.py for tasks to queue
[2022-07-17 19:56:11,801] {logging_mixin.py:115} INFO - [2022-07-17 19:56:11,800] {dagbag.py:508} INFO - Filling up the DagBag from /home/airflow/.local/lib/python3.7/site-packages/airflow/example_dags/example_external_task_marker_dag.py
[2022-07-17 19:56:11,805] {processor.py:651} INFO - DAG(s) dict_keys(['example_external_task_marker_parent', 'example_external_task_marker_child']) retrieved from /home/airflow/.local/lib/python3.7/site-packages/airflow/example_dags/example_external_task_marker_dag.py
[2022-07-17 19:56:11,853] {logging_mixin.py:115} INFO - [2022-07-17 19:56:11,853] {dag.py:2420} INFO - Sync 2 DAGs
[2022-07-17 19:56:11,879] {logging_mixin.py:115} INFO - [2022-07-17 19:56:11,879] {dag.py:2972} INFO - Setting next_dagrun for example_external_task_marker_child to None, run_after=None
[2022-07-17 19:56:11,879] {logging_mixin.py:115} INFO - [2022-07-17 19:56:11,879] {dag.py:2972} INFO - Setting next_dagrun for example_external_task_marker_parent to None, run_after=None
[2022-07-17 19:56:11,893] {processor.py:161} INFO - Processing /home/airflow/.local/lib/python3.7/site-packages/airflow/example_dags/example_external_task_marker_dag.py took 0.096 seconds
[2022-07-17 19:56:41,943] {processor.py:153} INFO - Started process (PID=2418) to work on /home/airflow/.local/lib/python3.7/site-packages/airflow/example_dags/example_external_task_marker_dag.py
[2022-07-17 19:56:41,944] {processor.py:641} INFO - Processing file /home/airflow/.local/lib/python3.7/site-packages/airflow/example_dags/example_external_task_marker_dag.py for tasks to queue
[2022-07-17 19:56:41,944] {logging_mixin.py:115} INFO - [2022-07-17 19:56:41,944] {dagbag.py:508} INFO - Filling up the DagBag from /home/airflow/.local/lib/python3.7/site-packages/airflow/example_dags/example_external_task_marker_dag.py
[2022-07-17 19:56:41,949] {processor.py:651} INFO - DAG(s) dict_keys(['example_external_task_marker_parent', 'example_external_task_marker_child']) retrieved from /home/airflow/.local/lib/python3.7/site-packages/airflow/example_dags/example_external_task_marker_dag.py
[2022-07-17 19:56:41,997] {logging_mixin.py:115} INFO - [2022-07-17 19:56:41,996] {dag.py:2420} INFO - Sync 2 DAGs
[2022-07-17 19:56:42,023] {logging_mixin.py:115} INFO - [2022-07-17 19:56:42,023] {dag.py:2972} INFO - Setting next_dagrun for example_external_task_marker_child to None, run_after=None
[2022-07-17 19:56:42,023] {logging_mixin.py:115} INFO - [2022-07-17 19:56:42,023] {dag.py:2972} INFO - Setting next_dagrun for example_external_task_marker_parent to None, run_after=None
[2022-07-17 19:56:42,036] {processor.py:161} INFO - Processing /home/airflow/.local/lib/python3.7/site-packages/airflow/example_dags/example_external_task_marker_dag.py took 0.096 seconds
[2022-07-17 19:57:12,149] {processor.py:153} INFO - Started process (PID=2482) to work on /home/airflow/.local/lib/python3.7/site-packages/airflow/example_dags/example_external_task_marker_dag.py
[2022-07-17 19:57:12,149] {processor.py:641} INFO - Processing file /home/airflow/.local/lib/python3.7/site-packages/airflow/example_dags/example_external_task_marker_dag.py for tasks to queue
[2022-07-17 19:57:12,150] {logging_mixin.py:115} INFO - [2022-07-17 19:57:12,150] {dagbag.py:508} INFO - Filling up the DagBag from /home/airflow/.local/lib/python3.7/site-packages/airflow/example_dags/example_external_task_marker_dag.py
[2022-07-17 19:57:12,154] {processor.py:651} INFO - DAG(s) dict_keys(['example_external_task_marker_parent', 'example_external_task_marker_child']) retrieved from /home/airflow/.local/lib/python3.7/site-packages/airflow/example_dags/example_external_task_marker_dag.py
[2022-07-17 19:57:12,201] {logging_mixin.py:115} INFO - [2022-07-17 19:57:12,201] {dag.py:2420} INFO - Sync 2 DAGs
[2022-07-17 19:57:12,224] {logging_mixin.py:115} INFO - [2022-07-17 19:57:12,224] {dag.py:2972} INFO - Setting next_dagrun for example_external_task_marker_child to None, run_after=None
[2022-07-17 19:57:12,225] {logging_mixin.py:115} INFO - [2022-07-17 19:57:12,225] {dag.py:2972} INFO - Setting next_dagrun for example_external_task_marker_parent to None, run_after=None
[2022-07-17 19:57:12,239] {processor.py:161} INFO - Processing /home/airflow/.local/lib/python3.7/site-packages/airflow/example_dags/example_external_task_marker_dag.py took 0.093 seconds
[2022-07-17 19:57:42,520] {processor.py:153} INFO - Started process (PID=2546) to work on /home/airflow/.local/lib/python3.7/site-packages/airflow/example_dags/example_external_task_marker_dag.py
[2022-07-17 19:57:42,521] {processor.py:641} INFO - Processing file /home/airflow/.local/lib/python3.7/site-packages/airflow/example_dags/example_external_task_marker_dag.py for tasks to queue
[2022-07-17 19:57:42,521] {logging_mixin.py:115} INFO - [2022-07-17 19:57:42,521] {dagbag.py:508} INFO - Filling up the DagBag from /home/airflow/.local/lib/python3.7/site-packages/airflow/example_dags/example_external_task_marker_dag.py
[2022-07-17 19:57:42,526] {processor.py:651} INFO - DAG(s) dict_keys(['example_external_task_marker_parent', 'example_external_task_marker_child']) retrieved from /home/airflow/.local/lib/python3.7/site-packages/airflow/example_dags/example_external_task_marker_dag.py
[2022-07-17 19:57:42,577] {logging_mixin.py:115} INFO - [2022-07-17 19:57:42,577] {dag.py:2420} INFO - Sync 2 DAGs
[2022-07-17 19:57:42,602] {logging_mixin.py:115} INFO - [2022-07-17 19:57:42,602] {dag.py:2972} INFO - Setting next_dagrun for example_external_task_marker_child to None, run_after=None
[2022-07-17 19:57:42,603] {logging_mixin.py:115} INFO - [2022-07-17 19:57:42,603] {dag.py:2972} INFO - Setting next_dagrun for example_external_task_marker_parent to None, run_after=None
[2022-07-17 19:57:42,616] {processor.py:161} INFO - Processing /home/airflow/.local/lib/python3.7/site-packages/airflow/example_dags/example_external_task_marker_dag.py took 0.099 seconds
[2022-07-17 19:58:12,734] {processor.py:153} INFO - Started process (PID=2601) to work on /home/airflow/.local/lib/python3.7/site-packages/airflow/example_dags/example_external_task_marker_dag.py
[2022-07-17 19:58:12,735] {processor.py:641} INFO - Processing file /home/airflow/.local/lib/python3.7/site-packages/airflow/example_dags/example_external_task_marker_dag.py for tasks to queue
[2022-07-17 19:58:12,736] {logging_mixin.py:115} INFO - [2022-07-17 19:58:12,736] {dagbag.py:508} INFO - Filling up the DagBag from /home/airflow/.local/lib/python3.7/site-packages/airflow/example_dags/example_external_task_marker_dag.py
[2022-07-17 19:58:12,741] {processor.py:651} INFO - DAG(s) dict_keys(['example_external_task_marker_parent', 'example_external_task_marker_child']) retrieved from /home/airflow/.local/lib/python3.7/site-packages/airflow/example_dags/example_external_task_marker_dag.py
[2022-07-17 19:58:12,794] {logging_mixin.py:115} INFO - [2022-07-17 19:58:12,794] {dag.py:2420} INFO - Sync 2 DAGs
[2022-07-17 19:58:12,819] {logging_mixin.py:115} INFO - [2022-07-17 19:58:12,819] {dag.py:2972} INFO - Setting next_dagrun for example_external_task_marker_child to None, run_after=None
[2022-07-17 19:58:12,819] {logging_mixin.py:115} INFO - [2022-07-17 19:58:12,819] {dag.py:2972} INFO - Setting next_dagrun for example_external_task_marker_parent to None, run_after=None
[2022-07-17 19:58:12,833] {processor.py:161} INFO - Processing /home/airflow/.local/lib/python3.7/site-packages/airflow/example_dags/example_external_task_marker_dag.py took 0.103 seconds
[2022-07-17 19:58:43,764] {processor.py:153} INFO - Started process (PID=2665) to work on /home/airflow/.local/lib/python3.7/site-packages/airflow/example_dags/example_external_task_marker_dag.py
[2022-07-17 19:58:43,764] {processor.py:641} INFO - Processing file /home/airflow/.local/lib/python3.7/site-packages/airflow/example_dags/example_external_task_marker_dag.py for tasks to queue
[2022-07-17 19:58:43,765] {logging_mixin.py:115} INFO - [2022-07-17 19:58:43,765] {dagbag.py:508} INFO - Filling up the DagBag from /home/airflow/.local/lib/python3.7/site-packages/airflow/example_dags/example_external_task_marker_dag.py
[2022-07-17 19:58:43,769] {processor.py:651} INFO - DAG(s) dict_keys(['example_external_task_marker_parent', 'example_external_task_marker_child']) retrieved from /home/airflow/.local/lib/python3.7/site-packages/airflow/example_dags/example_external_task_marker_dag.py
[2022-07-17 19:58:43,816] {logging_mixin.py:115} INFO - [2022-07-17 19:58:43,816] {dag.py:2420} INFO - Sync 2 DAGs
[2022-07-17 19:58:43,840] {logging_mixin.py:115} INFO - [2022-07-17 19:58:43,840] {dag.py:2972} INFO - Setting next_dagrun for example_external_task_marker_child to None, run_after=None
[2022-07-17 19:58:43,840] {logging_mixin.py:115} INFO - [2022-07-17 19:58:43,840] {dag.py:2972} INFO - Setting next_dagrun for example_external_task_marker_parent to None, run_after=None
[2022-07-17 19:58:43,852] {processor.py:161} INFO - Processing /home/airflow/.local/lib/python3.7/site-packages/airflow/example_dags/example_external_task_marker_dag.py took 0.091 seconds
[2022-07-17 19:59:14,225] {processor.py:153} INFO - Started process (PID=2720) to work on /home/airflow/.local/lib/python3.7/site-packages/airflow/example_dags/example_external_task_marker_dag.py
[2022-07-17 19:59:14,226] {processor.py:641} INFO - Processing file /home/airflow/.local/lib/python3.7/site-packages/airflow/example_dags/example_external_task_marker_dag.py for tasks to queue
[2022-07-17 19:59:14,226] {logging_mixin.py:115} INFO - [2022-07-17 19:59:14,226] {dagbag.py:508} INFO - Filling up the DagBag from /home/airflow/.local/lib/python3.7/site-packages/airflow/example_dags/example_external_task_marker_dag.py
[2022-07-17 19:59:14,231] {processor.py:651} INFO - DAG(s) dict_keys(['example_external_task_marker_parent', 'example_external_task_marker_child']) retrieved from /home/airflow/.local/lib/python3.7/site-packages/airflow/example_dags/example_external_task_marker_dag.py
[2022-07-17 19:59:14,280] {logging_mixin.py:115} INFO - [2022-07-17 19:59:14,280] {dag.py:2420} INFO - Sync 2 DAGs
[2022-07-17 19:59:14,305] {logging_mixin.py:115} INFO - [2022-07-17 19:59:14,305] {dag.py:2972} INFO - Setting next_dagrun for example_external_task_marker_child to None, run_after=None
[2022-07-17 19:59:14,305] {logging_mixin.py:115} INFO - [2022-07-17 19:59:14,305] {dag.py:2972} INFO - Setting next_dagrun for example_external_task_marker_parent to None, run_after=None
[2022-07-17 19:59:14,318] {processor.py:161} INFO - Processing /home/airflow/.local/lib/python3.7/site-packages/airflow/example_dags/example_external_task_marker_dag.py took 0.096 seconds
[2022-07-17 19:59:44,383] {processor.py:153} INFO - Started process (PID=2785) to work on /home/airflow/.local/lib/python3.7/site-packages/airflow/example_dags/example_external_task_marker_dag.py
[2022-07-17 19:59:44,383] {processor.py:641} INFO - Processing file /home/airflow/.local/lib/python3.7/site-packages/airflow/example_dags/example_external_task_marker_dag.py for tasks to queue
[2022-07-17 19:59:44,384] {logging_mixin.py:115} INFO - [2022-07-17 19:59:44,384] {dagbag.py:508} INFO - Filling up the DagBag from /home/airflow/.local/lib/python3.7/site-packages/airflow/example_dags/example_external_task_marker_dag.py
[2022-07-17 19:59:44,388] {processor.py:651} INFO - DAG(s) dict_keys(['example_external_task_marker_parent', 'example_external_task_marker_child']) retrieved from /home/airflow/.local/lib/python3.7/site-packages/airflow/example_dags/example_external_task_marker_dag.py
[2022-07-17 19:59:44,437] {logging_mixin.py:115} INFO - [2022-07-17 19:59:44,437] {dag.py:2420} INFO - Sync 2 DAGs
[2022-07-17 19:59:44,461] {logging_mixin.py:115} INFO - [2022-07-17 19:59:44,461] {dag.py:2972} INFO - Setting next_dagrun for example_external_task_marker_child to None, run_after=None
[2022-07-17 19:59:44,461] {logging_mixin.py:115} INFO - [2022-07-17 19:59:44,461] {dag.py:2972} INFO - Setting next_dagrun for example_external_task_marker_parent to None, run_after=None
[2022-07-17 19:59:44,474] {processor.py:161} INFO - Processing /home/airflow/.local/lib/python3.7/site-packages/airflow/example_dags/example_external_task_marker_dag.py took 0.094 seconds
[2022-07-17 20:00:14,773] {processor.py:153} INFO - Started process (PID=2850) to work on /home/airflow/.local/lib/python3.7/site-packages/airflow/example_dags/example_external_task_marker_dag.py
[2022-07-17 20:00:14,773] {processor.py:641} INFO - Processing file /home/airflow/.local/lib/python3.7/site-packages/airflow/example_dags/example_external_task_marker_dag.py for tasks to queue
[2022-07-17 20:00:14,774] {logging_mixin.py:115} INFO - [2022-07-17 20:00:14,774] {dagbag.py:508} INFO - Filling up the DagBag from /home/airflow/.local/lib/python3.7/site-packages/airflow/example_dags/example_external_task_marker_dag.py
[2022-07-17 20:00:14,778] {processor.py:651} INFO - DAG(s) dict_keys(['example_external_task_marker_parent', 'example_external_task_marker_child']) retrieved from /home/airflow/.local/lib/python3.7/site-packages/airflow/example_dags/example_external_task_marker_dag.py
[2022-07-17 20:00:14,828] {logging_mixin.py:115} INFO - [2022-07-17 20:00:14,828] {dag.py:2420} INFO - Sync 2 DAGs
[2022-07-17 20:00:14,853] {logging_mixin.py:115} INFO - [2022-07-17 20:00:14,853] {dag.py:2972} INFO - Setting next_dagrun for example_external_task_marker_child to None, run_after=None
[2022-07-17 20:00:14,853] {logging_mixin.py:115} INFO - [2022-07-17 20:00:14,853] {dag.py:2972} INFO - Setting next_dagrun for example_external_task_marker_parent to None, run_after=None
[2022-07-17 20:00:14,866] {processor.py:161} INFO - Processing /home/airflow/.local/lib/python3.7/site-packages/airflow/example_dags/example_external_task_marker_dag.py took 0.097 seconds
[2022-07-17 20:00:45,287] {processor.py:153} INFO - Started process (PID=2906) to work on /home/airflow/.local/lib/python3.7/site-packages/airflow/example_dags/example_external_task_marker_dag.py
[2022-07-17 20:00:45,287] {processor.py:641} INFO - Processing file /home/airflow/.local/lib/python3.7/site-packages/airflow/example_dags/example_external_task_marker_dag.py for tasks to queue
[2022-07-17 20:00:45,288] {logging_mixin.py:115} INFO - [2022-07-17 20:00:45,287] {dagbag.py:508} INFO - Filling up the DagBag from /home/airflow/.local/lib/python3.7/site-packages/airflow/example_dags/example_external_task_marker_dag.py
[2022-07-17 20:00:45,292] {processor.py:651} INFO - DAG(s) dict_keys(['example_external_task_marker_parent', 'example_external_task_marker_child']) retrieved from /home/airflow/.local/lib/python3.7/site-packages/airflow/example_dags/example_external_task_marker_dag.py
[2022-07-17 20:00:45,343] {logging_mixin.py:115} INFO - [2022-07-17 20:00:45,343] {dag.py:2420} INFO - Sync 2 DAGs
[2022-07-17 20:00:45,370] {logging_mixin.py:115} INFO - [2022-07-17 20:00:45,370] {dag.py:2972} INFO - Setting next_dagrun for example_external_task_marker_child to None, run_after=None
[2022-07-17 20:00:45,370] {logging_mixin.py:115} INFO - [2022-07-17 20:00:45,370] {dag.py:2972} INFO - Setting next_dagrun for example_external_task_marker_parent to None, run_after=None
[2022-07-17 20:00:45,384] {processor.py:161} INFO - Processing /home/airflow/.local/lib/python3.7/site-packages/airflow/example_dags/example_external_task_marker_dag.py took 0.100 seconds
[2022-07-17 20:01:15,503] {processor.py:153} INFO - Started process (PID=2970) to work on /home/airflow/.local/lib/python3.7/site-packages/airflow/example_dags/example_external_task_marker_dag.py
[2022-07-17 20:01:15,503] {processor.py:641} INFO - Processing file /home/airflow/.local/lib/python3.7/site-packages/airflow/example_dags/example_external_task_marker_dag.py for tasks to queue
[2022-07-17 20:01:15,504] {logging_mixin.py:115} INFO - [2022-07-17 20:01:15,504] {dagbag.py:508} INFO - Filling up the DagBag from /home/airflow/.local/lib/python3.7/site-packages/airflow/example_dags/example_external_task_marker_dag.py
[2022-07-17 20:01:15,508] {processor.py:651} INFO - DAG(s) dict_keys(['example_external_task_marker_parent', 'example_external_task_marker_child']) retrieved from /home/airflow/.local/lib/python3.7/site-packages/airflow/example_dags/example_external_task_marker_dag.py
[2022-07-17 20:01:15,554] {logging_mixin.py:115} INFO - [2022-07-17 20:01:15,554] {dag.py:2420} INFO - Sync 2 DAGs
[2022-07-17 20:01:15,578] {logging_mixin.py:115} INFO - [2022-07-17 20:01:15,578] {dag.py:2972} INFO - Setting next_dagrun for example_external_task_marker_child to None, run_after=None
[2022-07-17 20:01:15,578] {logging_mixin.py:115} INFO - [2022-07-17 20:01:15,578] {dag.py:2972} INFO - Setting next_dagrun for example_external_task_marker_parent to None, run_after=None
[2022-07-17 20:01:15,592] {processor.py:161} INFO - Processing /home/airflow/.local/lib/python3.7/site-packages/airflow/example_dags/example_external_task_marker_dag.py took 0.093 seconds
[2022-07-17 20:01:45,949] {processor.py:153} INFO - Started process (PID=3025) to work on /home/airflow/.local/lib/python3.7/site-packages/airflow/example_dags/example_external_task_marker_dag.py
[2022-07-17 20:01:45,949] {processor.py:641} INFO - Processing file /home/airflow/.local/lib/python3.7/site-packages/airflow/example_dags/example_external_task_marker_dag.py for tasks to queue
[2022-07-17 20:01:45,950] {logging_mixin.py:115} INFO - [2022-07-17 20:01:45,950] {dagbag.py:508} INFO - Filling up the DagBag from /home/airflow/.local/lib/python3.7/site-packages/airflow/example_dags/example_external_task_marker_dag.py
[2022-07-17 20:01:45,957] {processor.py:651} INFO - DAG(s) dict_keys(['example_external_task_marker_parent', 'example_external_task_marker_child']) retrieved from /home/airflow/.local/lib/python3.7/site-packages/airflow/example_dags/example_external_task_marker_dag.py
[2022-07-17 20:01:46,030] {logging_mixin.py:115} INFO - [2022-07-17 20:01:46,030] {dag.py:2420} INFO - Sync 2 DAGs
[2022-07-17 20:01:46,058] {logging_mixin.py:115} INFO - [2022-07-17 20:01:46,057] {dag.py:2972} INFO - Setting next_dagrun for example_external_task_marker_child to None, run_after=None
[2022-07-17 20:01:46,058] {logging_mixin.py:115} INFO - [2022-07-17 20:01:46,058] {dag.py:2972} INFO - Setting next_dagrun for example_external_task_marker_parent to None, run_after=None
[2022-07-17 20:01:46,076] {processor.py:161} INFO - Processing /home/airflow/.local/lib/python3.7/site-packages/airflow/example_dags/example_external_task_marker_dag.py took 0.131 seconds
[2022-07-17 20:02:16,552] {processor.py:153} INFO - Started process (PID=3092) to work on /home/airflow/.local/lib/python3.7/site-packages/airflow/example_dags/example_external_task_marker_dag.py
[2022-07-17 20:02:16,552] {processor.py:641} INFO - Processing file /home/airflow/.local/lib/python3.7/site-packages/airflow/example_dags/example_external_task_marker_dag.py for tasks to queue
[2022-07-17 20:02:16,553] {logging_mixin.py:115} INFO - [2022-07-17 20:02:16,553] {dagbag.py:508} INFO - Filling up the DagBag from /home/airflow/.local/lib/python3.7/site-packages/airflow/example_dags/example_external_task_marker_dag.py
[2022-07-17 20:02:16,557] {processor.py:651} INFO - DAG(s) dict_keys(['example_external_task_marker_parent', 'example_external_task_marker_child']) retrieved from /home/airflow/.local/lib/python3.7/site-packages/airflow/example_dags/example_external_task_marker_dag.py
[2022-07-17 20:02:16,615] {logging_mixin.py:115} INFO - [2022-07-17 20:02:16,615] {dag.py:2420} INFO - Sync 2 DAGs
[2022-07-17 20:02:16,641] {logging_mixin.py:115} INFO - [2022-07-17 20:02:16,641] {dag.py:2972} INFO - Setting next_dagrun for example_external_task_marker_child to None, run_after=None
[2022-07-17 20:02:16,642] {logging_mixin.py:115} INFO - [2022-07-17 20:02:16,642] {dag.py:2972} INFO - Setting next_dagrun for example_external_task_marker_parent to None, run_after=None
[2022-07-17 20:02:16,655] {processor.py:161} INFO - Processing /home/airflow/.local/lib/python3.7/site-packages/airflow/example_dags/example_external_task_marker_dag.py took 0.106 seconds
[2022-07-17 20:02:46,846] {processor.py:153} INFO - Started process (PID=3145) to work on /home/airflow/.local/lib/python3.7/site-packages/airflow/example_dags/example_external_task_marker_dag.py
[2022-07-17 20:02:46,846] {processor.py:641} INFO - Processing file /home/airflow/.local/lib/python3.7/site-packages/airflow/example_dags/example_external_task_marker_dag.py for tasks to queue
[2022-07-17 20:02:46,846] {logging_mixin.py:115} INFO - [2022-07-17 20:02:46,846] {dagbag.py:508} INFO - Filling up the DagBag from /home/airflow/.local/lib/python3.7/site-packages/airflow/example_dags/example_external_task_marker_dag.py
[2022-07-17 20:02:46,851] {processor.py:651} INFO - DAG(s) dict_keys(['example_external_task_marker_parent', 'example_external_task_marker_child']) retrieved from /home/airflow/.local/lib/python3.7/site-packages/airflow/example_dags/example_external_task_marker_dag.py
[2022-07-17 20:02:46,899] {logging_mixin.py:115} INFO - [2022-07-17 20:02:46,899] {dag.py:2420} INFO - Sync 2 DAGs
[2022-07-17 20:02:46,922] {logging_mixin.py:115} INFO - [2022-07-17 20:02:46,922] {dag.py:2972} INFO - Setting next_dagrun for example_external_task_marker_child to None, run_after=None
[2022-07-17 20:02:46,923] {logging_mixin.py:115} INFO - [2022-07-17 20:02:46,923] {dag.py:2972} INFO - Setting next_dagrun for example_external_task_marker_parent to None, run_after=None
[2022-07-17 20:02:46,936] {processor.py:161} INFO - Processing /home/airflow/.local/lib/python3.7/site-packages/airflow/example_dags/example_external_task_marker_dag.py took 0.094 seconds
[2022-07-17 20:03:17,350] {processor.py:153} INFO - Started process (PID=3209) to work on /home/airflow/.local/lib/python3.7/site-packages/airflow/example_dags/example_external_task_marker_dag.py
[2022-07-17 20:03:17,351] {processor.py:641} INFO - Processing file /home/airflow/.local/lib/python3.7/site-packages/airflow/example_dags/example_external_task_marker_dag.py for tasks to queue
[2022-07-17 20:03:17,352] {logging_mixin.py:115} INFO - [2022-07-17 20:03:17,352] {dagbag.py:508} INFO - Filling up the DagBag from /home/airflow/.local/lib/python3.7/site-packages/airflow/example_dags/example_external_task_marker_dag.py
[2022-07-17 20:03:17,357] {processor.py:651} INFO - DAG(s) dict_keys(['example_external_task_marker_parent', 'example_external_task_marker_child']) retrieved from /home/airflow/.local/lib/python3.7/site-packages/airflow/example_dags/example_external_task_marker_dag.py
[2022-07-17 20:03:17,417] {logging_mixin.py:115} INFO - [2022-07-17 20:03:17,417] {dag.py:2420} INFO - Sync 2 DAGs
[2022-07-17 20:03:17,445] {logging_mixin.py:115} INFO - [2022-07-17 20:03:17,445] {dag.py:2972} INFO - Setting next_dagrun for example_external_task_marker_child to None, run_after=None
[2022-07-17 20:03:17,445] {logging_mixin.py:115} INFO - [2022-07-17 20:03:17,445] {dag.py:2972} INFO - Setting next_dagrun for example_external_task_marker_parent to None, run_after=None
[2022-07-17 20:03:17,460] {processor.py:161} INFO - Processing /home/airflow/.local/lib/python3.7/site-packages/airflow/example_dags/example_external_task_marker_dag.py took 0.114 seconds
[2022-07-17 20:03:47,829] {processor.py:153} INFO - Started process (PID=3273) to work on /home/airflow/.local/lib/python3.7/site-packages/airflow/example_dags/example_external_task_marker_dag.py
[2022-07-17 20:03:47,830] {processor.py:641} INFO - Processing file /home/airflow/.local/lib/python3.7/site-packages/airflow/example_dags/example_external_task_marker_dag.py for tasks to queue
[2022-07-17 20:03:47,830] {logging_mixin.py:115} INFO - [2022-07-17 20:03:47,830] {dagbag.py:508} INFO - Filling up the DagBag from /home/airflow/.local/lib/python3.7/site-packages/airflow/example_dags/example_external_task_marker_dag.py
[2022-07-17 20:03:47,834] {processor.py:651} INFO - DAG(s) dict_keys(['example_external_task_marker_parent', 'example_external_task_marker_child']) retrieved from /home/airflow/.local/lib/python3.7/site-packages/airflow/example_dags/example_external_task_marker_dag.py
[2022-07-17 20:03:47,880] {logging_mixin.py:115} INFO - [2022-07-17 20:03:47,879] {dag.py:2420} INFO - Sync 2 DAGs
[2022-07-17 20:03:47,903] {logging_mixin.py:115} INFO - [2022-07-17 20:03:47,903] {dag.py:2972} INFO - Setting next_dagrun for example_external_task_marker_child to None, run_after=None
[2022-07-17 20:03:47,904] {logging_mixin.py:115} INFO - [2022-07-17 20:03:47,904] {dag.py:2972} INFO - Setting next_dagrun for example_external_task_marker_parent to None, run_after=None
[2022-07-17 20:03:47,918] {processor.py:161} INFO - Processing /home/airflow/.local/lib/python3.7/site-packages/airflow/example_dags/example_external_task_marker_dag.py took 0.092 seconds
