[2022-07-17 19:36:55,272] {processor.py:153} INFO - Started process (PID=73) to work on /home/airflow/.local/lib/python3.7/site-packages/airflow/example_dags/example_python_operator.py
[2022-07-17 19:36:55,273] {processor.py:641} INFO - Processing file /home/airflow/.local/lib/python3.7/site-packages/airflow/example_dags/example_python_operator.py for tasks to queue
[2022-07-17 19:36:55,273] {logging_mixin.py:115} INFO - [2022-07-17 19:36:55,273] {dagbag.py:508} INFO - Filling up the DagBag from /home/airflow/.local/lib/python3.7/site-packages/airflow/example_dags/example_python_operator.py
[2022-07-17 19:36:55,302] {processor.py:651} INFO - DAG(s) dict_keys(['example_python_operator']) retrieved from /home/airflow/.local/lib/python3.7/site-packages/airflow/example_dags/example_python_operator.py
[2022-07-17 19:36:55,412] {logging_mixin.py:115} INFO - [2022-07-17 19:36:55,412] {manager.py:508} INFO - Created Permission View: can delete on DAG:example_python_operator
[2022-07-17 19:36:55,426] {logging_mixin.py:115} INFO - [2022-07-17 19:36:55,426] {manager.py:508} INFO - Created Permission View: can read on DAG:example_python_operator
[2022-07-17 19:36:55,436] {logging_mixin.py:115} INFO - [2022-07-17 19:36:55,436] {manager.py:508} INFO - Created Permission View: can edit on DAG:example_python_operator
[2022-07-17 19:36:55,436] {logging_mixin.py:115} INFO - [2022-07-17 19:36:55,436] {dag.py:2420} INFO - Sync 1 DAGs
[2022-07-17 19:36:55,449] {logging_mixin.py:115} INFO - [2022-07-17 19:36:55,449] {dag.py:2439} INFO - Creating ORM DAG for example_python_operator
[2022-07-17 19:36:55,465] {logging_mixin.py:115} INFO - [2022-07-17 19:36:55,465] {dag.py:2972} INFO - Setting next_dagrun for example_python_operator to None, run_after=None
[2022-07-17 19:36:55,483] {processor.py:161} INFO - Processing /home/airflow/.local/lib/python3.7/site-packages/airflow/example_dags/example_python_operator.py took 0.215 seconds
[2022-07-17 19:37:25,859] {processor.py:153} INFO - Started process (PID=138) to work on /home/airflow/.local/lib/python3.7/site-packages/airflow/example_dags/example_python_operator.py
[2022-07-17 19:37:25,860] {processor.py:641} INFO - Processing file /home/airflow/.local/lib/python3.7/site-packages/airflow/example_dags/example_python_operator.py for tasks to queue
[2022-07-17 19:37:25,861] {logging_mixin.py:115} INFO - [2022-07-17 19:37:25,861] {dagbag.py:508} INFO - Filling up the DagBag from /home/airflow/.local/lib/python3.7/site-packages/airflow/example_dags/example_python_operator.py
[2022-07-17 19:37:25,891] {processor.py:651} INFO - DAG(s) dict_keys(['example_python_operator']) retrieved from /home/airflow/.local/lib/python3.7/site-packages/airflow/example_dags/example_python_operator.py
[2022-07-17 19:37:25,930] {logging_mixin.py:115} INFO - [2022-07-17 19:37:25,930] {dag.py:2420} INFO - Sync 1 DAGs
[2022-07-17 19:37:25,961] {logging_mixin.py:115} INFO - [2022-07-17 19:37:25,961] {dag.py:2972} INFO - Setting next_dagrun for example_python_operator to None, run_after=None
[2022-07-17 19:37:25,979] {processor.py:161} INFO - Processing /home/airflow/.local/lib/python3.7/site-packages/airflow/example_dags/example_python_operator.py took 0.124 seconds
[2022-07-17 19:37:56,955] {processor.py:153} INFO - Started process (PID=193) to work on /home/airflow/.local/lib/python3.7/site-packages/airflow/example_dags/example_python_operator.py
[2022-07-17 19:37:56,956] {processor.py:641} INFO - Processing file /home/airflow/.local/lib/python3.7/site-packages/airflow/example_dags/example_python_operator.py for tasks to queue
[2022-07-17 19:37:56,956] {logging_mixin.py:115} INFO - [2022-07-17 19:37:56,956] {dagbag.py:508} INFO - Filling up the DagBag from /home/airflow/.local/lib/python3.7/site-packages/airflow/example_dags/example_python_operator.py
[2022-07-17 19:37:56,974] {processor.py:651} INFO - DAG(s) dict_keys(['example_python_operator']) retrieved from /home/airflow/.local/lib/python3.7/site-packages/airflow/example_dags/example_python_operator.py
[2022-07-17 19:37:57,002] {logging_mixin.py:115} INFO - [2022-07-17 19:37:57,002] {dag.py:2420} INFO - Sync 1 DAGs
[2022-07-17 19:37:57,026] {logging_mixin.py:115} INFO - [2022-07-17 19:37:57,026] {dag.py:2972} INFO - Setting next_dagrun for example_python_operator to None, run_after=None
[2022-07-17 19:37:57,041] {processor.py:161} INFO - Processing /home/airflow/.local/lib/python3.7/site-packages/airflow/example_dags/example_python_operator.py took 0.089 seconds
[2022-07-17 19:38:27,347] {processor.py:153} INFO - Started process (PID=256) to work on /home/airflow/.local/lib/python3.7/site-packages/airflow/example_dags/example_python_operator.py
[2022-07-17 19:38:27,348] {processor.py:641} INFO - Processing file /home/airflow/.local/lib/python3.7/site-packages/airflow/example_dags/example_python_operator.py for tasks to queue
[2022-07-17 19:38:27,348] {logging_mixin.py:115} INFO - [2022-07-17 19:38:27,348] {dagbag.py:508} INFO - Filling up the DagBag from /home/airflow/.local/lib/python3.7/site-packages/airflow/example_dags/example_python_operator.py
[2022-07-17 19:38:27,369] {processor.py:651} INFO - DAG(s) dict_keys(['example_python_operator']) retrieved from /home/airflow/.local/lib/python3.7/site-packages/airflow/example_dags/example_python_operator.py
[2022-07-17 19:38:27,396] {logging_mixin.py:115} INFO - [2022-07-17 19:38:27,396] {dag.py:2420} INFO - Sync 1 DAGs
[2022-07-17 19:38:27,421] {logging_mixin.py:115} INFO - [2022-07-17 19:38:27,421] {dag.py:2972} INFO - Setting next_dagrun for example_python_operator to None, run_after=None
[2022-07-17 19:38:27,435] {processor.py:161} INFO - Processing /home/airflow/.local/lib/python3.7/site-packages/airflow/example_dags/example_python_operator.py took 0.091 seconds
[2022-07-17 19:38:57,804] {processor.py:153} INFO - Started process (PID=309) to work on /home/airflow/.local/lib/python3.7/site-packages/airflow/example_dags/example_python_operator.py
[2022-07-17 19:38:57,805] {processor.py:641} INFO - Processing file /home/airflow/.local/lib/python3.7/site-packages/airflow/example_dags/example_python_operator.py for tasks to queue
[2022-07-17 19:38:57,805] {logging_mixin.py:115} INFO - [2022-07-17 19:38:57,805] {dagbag.py:508} INFO - Filling up the DagBag from /home/airflow/.local/lib/python3.7/site-packages/airflow/example_dags/example_python_operator.py
[2022-07-17 19:38:57,825] {processor.py:651} INFO - DAG(s) dict_keys(['example_python_operator']) retrieved from /home/airflow/.local/lib/python3.7/site-packages/airflow/example_dags/example_python_operator.py
[2022-07-17 19:38:57,852] {logging_mixin.py:115} INFO - [2022-07-17 19:38:57,851] {dag.py:2420} INFO - Sync 1 DAGs
[2022-07-17 19:38:57,880] {logging_mixin.py:115} INFO - [2022-07-17 19:38:57,880] {dag.py:2972} INFO - Setting next_dagrun for example_python_operator to None, run_after=None
[2022-07-17 19:38:57,894] {processor.py:161} INFO - Processing /home/airflow/.local/lib/python3.7/site-packages/airflow/example_dags/example_python_operator.py took 0.093 seconds
[2022-07-17 19:39:28,123] {processor.py:153} INFO - Started process (PID=373) to work on /home/airflow/.local/lib/python3.7/site-packages/airflow/example_dags/example_python_operator.py
[2022-07-17 19:39:28,124] {processor.py:641} INFO - Processing file /home/airflow/.local/lib/python3.7/site-packages/airflow/example_dags/example_python_operator.py for tasks to queue
[2022-07-17 19:39:28,124] {logging_mixin.py:115} INFO - [2022-07-17 19:39:28,124] {dagbag.py:508} INFO - Filling up the DagBag from /home/airflow/.local/lib/python3.7/site-packages/airflow/example_dags/example_python_operator.py
[2022-07-17 19:39:28,145] {processor.py:651} INFO - DAG(s) dict_keys(['example_python_operator']) retrieved from /home/airflow/.local/lib/python3.7/site-packages/airflow/example_dags/example_python_operator.py
[2022-07-17 19:39:28,176] {logging_mixin.py:115} INFO - [2022-07-17 19:39:28,176] {dag.py:2420} INFO - Sync 1 DAGs
[2022-07-17 19:39:28,216] {logging_mixin.py:115} INFO - [2022-07-17 19:39:28,216] {dag.py:2972} INFO - Setting next_dagrun for example_python_operator to None, run_after=None
[2022-07-17 19:39:28,236] {processor.py:161} INFO - Processing /home/airflow/.local/lib/python3.7/site-packages/airflow/example_dags/example_python_operator.py took 0.116 seconds
[2022-07-17 19:39:58,659] {processor.py:153} INFO - Started process (PID=436) to work on /home/airflow/.local/lib/python3.7/site-packages/airflow/example_dags/example_python_operator.py
[2022-07-17 19:39:58,659] {processor.py:641} INFO - Processing file /home/airflow/.local/lib/python3.7/site-packages/airflow/example_dags/example_python_operator.py for tasks to queue
[2022-07-17 19:39:58,660] {logging_mixin.py:115} INFO - [2022-07-17 19:39:58,660] {dagbag.py:508} INFO - Filling up the DagBag from /home/airflow/.local/lib/python3.7/site-packages/airflow/example_dags/example_python_operator.py
[2022-07-17 19:39:58,679] {processor.py:651} INFO - DAG(s) dict_keys(['example_python_operator']) retrieved from /home/airflow/.local/lib/python3.7/site-packages/airflow/example_dags/example_python_operator.py
[2022-07-17 19:39:58,719] {logging_mixin.py:115} INFO - [2022-07-17 19:39:58,719] {dag.py:2420} INFO - Sync 1 DAGs
[2022-07-17 19:39:58,762] {logging_mixin.py:115} INFO - [2022-07-17 19:39:58,762] {dag.py:2972} INFO - Setting next_dagrun for example_python_operator to None, run_after=None
[2022-07-17 19:39:58,782] {processor.py:161} INFO - Processing /home/airflow/.local/lib/python3.7/site-packages/airflow/example_dags/example_python_operator.py took 0.126 seconds
[2022-07-17 19:40:28,925] {processor.py:153} INFO - Started process (PID=493) to work on /home/airflow/.local/lib/python3.7/site-packages/airflow/example_dags/example_python_operator.py
[2022-07-17 19:40:28,926] {processor.py:641} INFO - Processing file /home/airflow/.local/lib/python3.7/site-packages/airflow/example_dags/example_python_operator.py for tasks to queue
[2022-07-17 19:40:28,926] {logging_mixin.py:115} INFO - [2022-07-17 19:40:28,926] {dagbag.py:508} INFO - Filling up the DagBag from /home/airflow/.local/lib/python3.7/site-packages/airflow/example_dags/example_python_operator.py
[2022-07-17 19:40:28,947] {processor.py:651} INFO - DAG(s) dict_keys(['example_python_operator']) retrieved from /home/airflow/.local/lib/python3.7/site-packages/airflow/example_dags/example_python_operator.py
[2022-07-17 19:40:28,976] {logging_mixin.py:115} INFO - [2022-07-17 19:40:28,976] {dag.py:2420} INFO - Sync 1 DAGs
[2022-07-17 19:40:29,003] {logging_mixin.py:115} INFO - [2022-07-17 19:40:29,003] {dag.py:2972} INFO - Setting next_dagrun for example_python_operator to None, run_after=None
[2022-07-17 19:40:29,016] {processor.py:161} INFO - Processing /home/airflow/.local/lib/python3.7/site-packages/airflow/example_dags/example_python_operator.py took 0.095 seconds
[2022-07-17 19:41:00,169] {processor.py:153} INFO - Started process (PID=557) to work on /home/airflow/.local/lib/python3.7/site-packages/airflow/example_dags/example_python_operator.py
[2022-07-17 19:41:00,170] {processor.py:641} INFO - Processing file /home/airflow/.local/lib/python3.7/site-packages/airflow/example_dags/example_python_operator.py for tasks to queue
[2022-07-17 19:41:00,170] {logging_mixin.py:115} INFO - [2022-07-17 19:41:00,170] {dagbag.py:508} INFO - Filling up the DagBag from /home/airflow/.local/lib/python3.7/site-packages/airflow/example_dags/example_python_operator.py
[2022-07-17 19:41:00,189] {processor.py:651} INFO - DAG(s) dict_keys(['example_python_operator']) retrieved from /home/airflow/.local/lib/python3.7/site-packages/airflow/example_dags/example_python_operator.py
[2022-07-17 19:41:00,217] {logging_mixin.py:115} INFO - [2022-07-17 19:41:00,217] {dag.py:2420} INFO - Sync 1 DAGs
[2022-07-17 19:41:00,243] {logging_mixin.py:115} INFO - [2022-07-17 19:41:00,243] {dag.py:2972} INFO - Setting next_dagrun for example_python_operator to None, run_after=None
[2022-07-17 19:41:00,257] {processor.py:161} INFO - Processing /home/airflow/.local/lib/python3.7/site-packages/airflow/example_dags/example_python_operator.py took 0.091 seconds
[2022-07-17 19:41:31,213] {processor.py:153} INFO - Started process (PID=614) to work on /home/airflow/.local/lib/python3.7/site-packages/airflow/example_dags/example_python_operator.py
[2022-07-17 19:41:31,213] {processor.py:641} INFO - Processing file /home/airflow/.local/lib/python3.7/site-packages/airflow/example_dags/example_python_operator.py for tasks to queue
[2022-07-17 19:41:31,214] {logging_mixin.py:115} INFO - [2022-07-17 19:41:31,214] {dagbag.py:508} INFO - Filling up the DagBag from /home/airflow/.local/lib/python3.7/site-packages/airflow/example_dags/example_python_operator.py
[2022-07-17 19:41:31,232] {processor.py:651} INFO - DAG(s) dict_keys(['example_python_operator']) retrieved from /home/airflow/.local/lib/python3.7/site-packages/airflow/example_dags/example_python_operator.py
[2022-07-17 19:41:31,258] {logging_mixin.py:115} INFO - [2022-07-17 19:41:31,258] {dag.py:2420} INFO - Sync 1 DAGs
[2022-07-17 19:41:31,289] {logging_mixin.py:115} INFO - [2022-07-17 19:41:31,289] {dag.py:2972} INFO - Setting next_dagrun for example_python_operator to None, run_after=None
[2022-07-17 19:41:31,304] {processor.py:161} INFO - Processing /home/airflow/.local/lib/python3.7/site-packages/airflow/example_dags/example_python_operator.py took 0.094 seconds
[2022-07-17 19:42:01,497] {processor.py:153} INFO - Started process (PID=678) to work on /home/airflow/.local/lib/python3.7/site-packages/airflow/example_dags/example_python_operator.py
[2022-07-17 19:42:01,497] {processor.py:641} INFO - Processing file /home/airflow/.local/lib/python3.7/site-packages/airflow/example_dags/example_python_operator.py for tasks to queue
[2022-07-17 19:42:01,497] {logging_mixin.py:115} INFO - [2022-07-17 19:42:01,497] {dagbag.py:508} INFO - Filling up the DagBag from /home/airflow/.local/lib/python3.7/site-packages/airflow/example_dags/example_python_operator.py
[2022-07-17 19:42:01,518] {processor.py:651} INFO - DAG(s) dict_keys(['example_python_operator']) retrieved from /home/airflow/.local/lib/python3.7/site-packages/airflow/example_dags/example_python_operator.py
[2022-07-17 19:42:01,544] {logging_mixin.py:115} INFO - [2022-07-17 19:42:01,544] {dag.py:2420} INFO - Sync 1 DAGs
[2022-07-17 19:42:01,567] {logging_mixin.py:115} INFO - [2022-07-17 19:42:01,567] {dag.py:2972} INFO - Setting next_dagrun for example_python_operator to None, run_after=None
[2022-07-17 19:42:01,581] {processor.py:161} INFO - Processing /home/airflow/.local/lib/python3.7/site-packages/airflow/example_dags/example_python_operator.py took 0.088 seconds
[2022-07-17 19:42:31,769] {processor.py:153} INFO - Started process (PID=741) to work on /home/airflow/.local/lib/python3.7/site-packages/airflow/example_dags/example_python_operator.py
[2022-07-17 19:42:31,770] {processor.py:641} INFO - Processing file /home/airflow/.local/lib/python3.7/site-packages/airflow/example_dags/example_python_operator.py for tasks to queue
[2022-07-17 19:42:31,771] {logging_mixin.py:115} INFO - [2022-07-17 19:42:31,771] {dagbag.py:508} INFO - Filling up the DagBag from /home/airflow/.local/lib/python3.7/site-packages/airflow/example_dags/example_python_operator.py
[2022-07-17 19:42:31,805] {processor.py:651} INFO - DAG(s) dict_keys(['example_python_operator']) retrieved from /home/airflow/.local/lib/python3.7/site-packages/airflow/example_dags/example_python_operator.py
[2022-07-17 19:42:31,845] {logging_mixin.py:115} INFO - [2022-07-17 19:42:31,844] {dag.py:2420} INFO - Sync 1 DAGs
[2022-07-17 19:42:31,882] {logging_mixin.py:115} INFO - [2022-07-17 19:42:31,882] {dag.py:2972} INFO - Setting next_dagrun for example_python_operator to None, run_after=None
[2022-07-17 19:42:31,903] {processor.py:161} INFO - Processing /home/airflow/.local/lib/python3.7/site-packages/airflow/example_dags/example_python_operator.py took 0.139 seconds
[2022-07-17 19:43:02,107] {processor.py:153} INFO - Started process (PID=797) to work on /home/airflow/.local/lib/python3.7/site-packages/airflow/example_dags/example_python_operator.py
[2022-07-17 19:43:02,108] {processor.py:641} INFO - Processing file /home/airflow/.local/lib/python3.7/site-packages/airflow/example_dags/example_python_operator.py for tasks to queue
[2022-07-17 19:43:02,108] {logging_mixin.py:115} INFO - [2022-07-17 19:43:02,108] {dagbag.py:508} INFO - Filling up the DagBag from /home/airflow/.local/lib/python3.7/site-packages/airflow/example_dags/example_python_operator.py
[2022-07-17 19:43:02,126] {processor.py:651} INFO - DAG(s) dict_keys(['example_python_operator']) retrieved from /home/airflow/.local/lib/python3.7/site-packages/airflow/example_dags/example_python_operator.py
[2022-07-17 19:43:02,153] {logging_mixin.py:115} INFO - [2022-07-17 19:43:02,152] {dag.py:2420} INFO - Sync 1 DAGs
[2022-07-17 19:43:02,178] {logging_mixin.py:115} INFO - [2022-07-17 19:43:02,178] {dag.py:2972} INFO - Setting next_dagrun for example_python_operator to None, run_after=None
[2022-07-17 19:43:02,191] {processor.py:161} INFO - Processing /home/airflow/.local/lib/python3.7/site-packages/airflow/example_dags/example_python_operator.py took 0.087 seconds
[2022-07-17 19:43:32,560] {processor.py:153} INFO - Started process (PID=861) to work on /home/airflow/.local/lib/python3.7/site-packages/airflow/example_dags/example_python_operator.py
[2022-07-17 19:43:32,560] {processor.py:641} INFO - Processing file /home/airflow/.local/lib/python3.7/site-packages/airflow/example_dags/example_python_operator.py for tasks to queue
[2022-07-17 19:43:32,561] {logging_mixin.py:115} INFO - [2022-07-17 19:43:32,560] {dagbag.py:508} INFO - Filling up the DagBag from /home/airflow/.local/lib/python3.7/site-packages/airflow/example_dags/example_python_operator.py
[2022-07-17 19:43:32,581] {processor.py:651} INFO - DAG(s) dict_keys(['example_python_operator']) retrieved from /home/airflow/.local/lib/python3.7/site-packages/airflow/example_dags/example_python_operator.py
[2022-07-17 19:43:32,612] {logging_mixin.py:115} INFO - [2022-07-17 19:43:32,612] {dag.py:2420} INFO - Sync 1 DAGs
[2022-07-17 19:43:32,639] {logging_mixin.py:115} INFO - [2022-07-17 19:43:32,639] {dag.py:2972} INFO - Setting next_dagrun for example_python_operator to None, run_after=None
[2022-07-17 19:43:32,657] {processor.py:161} INFO - Processing /home/airflow/.local/lib/python3.7/site-packages/airflow/example_dags/example_python_operator.py took 0.101 seconds
[2022-07-17 19:44:02,933] {processor.py:153} INFO - Started process (PID=916) to work on /home/airflow/.local/lib/python3.7/site-packages/airflow/example_dags/example_python_operator.py
[2022-07-17 19:44:02,933] {processor.py:641} INFO - Processing file /home/airflow/.local/lib/python3.7/site-packages/airflow/example_dags/example_python_operator.py for tasks to queue
[2022-07-17 19:44:02,934] {logging_mixin.py:115} INFO - [2022-07-17 19:44:02,934] {dagbag.py:508} INFO - Filling up the DagBag from /home/airflow/.local/lib/python3.7/site-packages/airflow/example_dags/example_python_operator.py
[2022-07-17 19:44:02,952] {processor.py:651} INFO - DAG(s) dict_keys(['example_python_operator']) retrieved from /home/airflow/.local/lib/python3.7/site-packages/airflow/example_dags/example_python_operator.py
[2022-07-17 19:44:02,978] {logging_mixin.py:115} INFO - [2022-07-17 19:44:02,978] {dag.py:2420} INFO - Sync 1 DAGs
[2022-07-17 19:44:03,002] {logging_mixin.py:115} INFO - [2022-07-17 19:44:03,002] {dag.py:2972} INFO - Setting next_dagrun for example_python_operator to None, run_after=None
[2022-07-17 19:44:03,017] {processor.py:161} INFO - Processing /home/airflow/.local/lib/python3.7/site-packages/airflow/example_dags/example_python_operator.py took 0.087 seconds
[2022-07-17 19:44:33,807] {processor.py:153} INFO - Started process (PID=980) to work on /home/airflow/.local/lib/python3.7/site-packages/airflow/example_dags/example_python_operator.py
[2022-07-17 19:44:33,808] {processor.py:641} INFO - Processing file /home/airflow/.local/lib/python3.7/site-packages/airflow/example_dags/example_python_operator.py for tasks to queue
[2022-07-17 19:44:33,808] {logging_mixin.py:115} INFO - [2022-07-17 19:44:33,808] {dagbag.py:508} INFO - Filling up the DagBag from /home/airflow/.local/lib/python3.7/site-packages/airflow/example_dags/example_python_operator.py
[2022-07-17 19:44:33,828] {processor.py:651} INFO - DAG(s) dict_keys(['example_python_operator']) retrieved from /home/airflow/.local/lib/python3.7/site-packages/airflow/example_dags/example_python_operator.py
[2022-07-17 19:44:33,857] {logging_mixin.py:115} INFO - [2022-07-17 19:44:33,857] {dag.py:2420} INFO - Sync 1 DAGs
[2022-07-17 19:44:33,881] {logging_mixin.py:115} INFO - [2022-07-17 19:44:33,881] {dag.py:2972} INFO - Setting next_dagrun for example_python_operator to None, run_after=None
[2022-07-17 19:44:33,895] {processor.py:161} INFO - Processing /home/airflow/.local/lib/python3.7/site-packages/airflow/example_dags/example_python_operator.py took 0.091 seconds
[2022-07-17 19:45:04,102] {processor.py:153} INFO - Started process (PID=1035) to work on /home/airflow/.local/lib/python3.7/site-packages/airflow/example_dags/example_python_operator.py
[2022-07-17 19:45:04,102] {processor.py:641} INFO - Processing file /home/airflow/.local/lib/python3.7/site-packages/airflow/example_dags/example_python_operator.py for tasks to queue
[2022-07-17 19:45:04,103] {logging_mixin.py:115} INFO - [2022-07-17 19:45:04,103] {dagbag.py:508} INFO - Filling up the DagBag from /home/airflow/.local/lib/python3.7/site-packages/airflow/example_dags/example_python_operator.py
[2022-07-17 19:45:04,126] {processor.py:651} INFO - DAG(s) dict_keys(['example_python_operator']) retrieved from /home/airflow/.local/lib/python3.7/site-packages/airflow/example_dags/example_python_operator.py
[2022-07-17 19:45:04,159] {logging_mixin.py:115} INFO - [2022-07-17 19:45:04,159] {dag.py:2420} INFO - Sync 1 DAGs
[2022-07-17 19:45:04,189] {logging_mixin.py:115} INFO - [2022-07-17 19:45:04,189] {dag.py:2972} INFO - Setting next_dagrun for example_python_operator to None, run_after=None
[2022-07-17 19:45:04,205] {processor.py:161} INFO - Processing /home/airflow/.local/lib/python3.7/site-packages/airflow/example_dags/example_python_operator.py took 0.107 seconds
[2022-07-17 19:45:35,217] {processor.py:153} INFO - Started process (PID=1099) to work on /home/airflow/.local/lib/python3.7/site-packages/airflow/example_dags/example_python_operator.py
[2022-07-17 19:45:35,218] {processor.py:641} INFO - Processing file /home/airflow/.local/lib/python3.7/site-packages/airflow/example_dags/example_python_operator.py for tasks to queue
[2022-07-17 19:45:35,218] {logging_mixin.py:115} INFO - [2022-07-17 19:45:35,218] {dagbag.py:508} INFO - Filling up the DagBag from /home/airflow/.local/lib/python3.7/site-packages/airflow/example_dags/example_python_operator.py
[2022-07-17 19:45:35,239] {processor.py:651} INFO - DAG(s) dict_keys(['example_python_operator']) retrieved from /home/airflow/.local/lib/python3.7/site-packages/airflow/example_dags/example_python_operator.py
[2022-07-17 19:45:35,267] {logging_mixin.py:115} INFO - [2022-07-17 19:45:35,267] {dag.py:2420} INFO - Sync 1 DAGs
[2022-07-17 19:45:35,292] {logging_mixin.py:115} INFO - [2022-07-17 19:45:35,292] {dag.py:2972} INFO - Setting next_dagrun for example_python_operator to None, run_after=None
[2022-07-17 19:45:35,304] {processor.py:161} INFO - Processing /home/airflow/.local/lib/python3.7/site-packages/airflow/example_dags/example_python_operator.py took 0.090 seconds
[2022-07-17 19:46:05,660] {processor.py:153} INFO - Started process (PID=1162) to work on /home/airflow/.local/lib/python3.7/site-packages/airflow/example_dags/example_python_operator.py
[2022-07-17 19:46:05,661] {processor.py:641} INFO - Processing file /home/airflow/.local/lib/python3.7/site-packages/airflow/example_dags/example_python_operator.py for tasks to queue
[2022-07-17 19:46:05,661] {logging_mixin.py:115} INFO - [2022-07-17 19:46:05,661] {dagbag.py:508} INFO - Filling up the DagBag from /home/airflow/.local/lib/python3.7/site-packages/airflow/example_dags/example_python_operator.py
[2022-07-17 19:46:05,686] {processor.py:651} INFO - DAG(s) dict_keys(['example_python_operator']) retrieved from /home/airflow/.local/lib/python3.7/site-packages/airflow/example_dags/example_python_operator.py
[2022-07-17 19:46:05,726] {logging_mixin.py:115} INFO - [2022-07-17 19:46:05,725] {dag.py:2420} INFO - Sync 1 DAGs
[2022-07-17 19:46:05,769] {logging_mixin.py:115} INFO - [2022-07-17 19:46:05,769] {dag.py:2972} INFO - Setting next_dagrun for example_python_operator to None, run_after=None
[2022-07-17 19:46:05,791] {processor.py:161} INFO - Processing /home/airflow/.local/lib/python3.7/site-packages/airflow/example_dags/example_python_operator.py took 0.135 seconds
[2022-07-17 19:46:35,825] {processor.py:153} INFO - Started process (PID=1217) to work on /home/airflow/.local/lib/python3.7/site-packages/airflow/example_dags/example_python_operator.py
[2022-07-17 19:46:35,825] {processor.py:641} INFO - Processing file /home/airflow/.local/lib/python3.7/site-packages/airflow/example_dags/example_python_operator.py for tasks to queue
[2022-07-17 19:46:35,826] {logging_mixin.py:115} INFO - [2022-07-17 19:46:35,826] {dagbag.py:508} INFO - Filling up the DagBag from /home/airflow/.local/lib/python3.7/site-packages/airflow/example_dags/example_python_operator.py
[2022-07-17 19:46:35,845] {processor.py:651} INFO - DAG(s) dict_keys(['example_python_operator']) retrieved from /home/airflow/.local/lib/python3.7/site-packages/airflow/example_dags/example_python_operator.py
[2022-07-17 19:46:35,872] {logging_mixin.py:115} INFO - [2022-07-17 19:46:35,872] {dag.py:2420} INFO - Sync 1 DAGs
[2022-07-17 19:46:35,900] {logging_mixin.py:115} INFO - [2022-07-17 19:46:35,900] {dag.py:2972} INFO - Setting next_dagrun for example_python_operator to None, run_after=None
[2022-07-17 19:46:35,915] {processor.py:161} INFO - Processing /home/airflow/.local/lib/python3.7/site-packages/airflow/example_dags/example_python_operator.py took 0.094 seconds
[2022-07-17 19:47:06,015] {processor.py:153} INFO - Started process (PID=1282) to work on /home/airflow/.local/lib/python3.7/site-packages/airflow/example_dags/example_python_operator.py
[2022-07-17 19:47:06,016] {processor.py:641} INFO - Processing file /home/airflow/.local/lib/python3.7/site-packages/airflow/example_dags/example_python_operator.py for tasks to queue
[2022-07-17 19:47:06,016] {logging_mixin.py:115} INFO - [2022-07-17 19:47:06,016] {dagbag.py:508} INFO - Filling up the DagBag from /home/airflow/.local/lib/python3.7/site-packages/airflow/example_dags/example_python_operator.py
[2022-07-17 19:47:06,035] {processor.py:651} INFO - DAG(s) dict_keys(['example_python_operator']) retrieved from /home/airflow/.local/lib/python3.7/site-packages/airflow/example_dags/example_python_operator.py
[2022-07-17 19:47:06,066] {logging_mixin.py:115} INFO - [2022-07-17 19:47:06,066] {dag.py:2420} INFO - Sync 1 DAGs
[2022-07-17 19:47:06,090] {logging_mixin.py:115} INFO - [2022-07-17 19:47:06,090] {dag.py:2972} INFO - Setting next_dagrun for example_python_operator to None, run_after=None
[2022-07-17 19:47:06,102] {processor.py:161} INFO - Processing /home/airflow/.local/lib/python3.7/site-packages/airflow/example_dags/example_python_operator.py took 0.090 seconds
[2022-07-17 19:47:36,293] {processor.py:153} INFO - Started process (PID=1337) to work on /home/airflow/.local/lib/python3.7/site-packages/airflow/example_dags/example_python_operator.py
[2022-07-17 19:47:36,294] {processor.py:641} INFO - Processing file /home/airflow/.local/lib/python3.7/site-packages/airflow/example_dags/example_python_operator.py for tasks to queue
[2022-07-17 19:47:36,294] {logging_mixin.py:115} INFO - [2022-07-17 19:47:36,294] {dagbag.py:508} INFO - Filling up the DagBag from /home/airflow/.local/lib/python3.7/site-packages/airflow/example_dags/example_python_operator.py
[2022-07-17 19:47:36,314] {processor.py:651} INFO - DAG(s) dict_keys(['example_python_operator']) retrieved from /home/airflow/.local/lib/python3.7/site-packages/airflow/example_dags/example_python_operator.py
[2022-07-17 19:47:36,345] {logging_mixin.py:115} INFO - [2022-07-17 19:47:36,345] {dag.py:2420} INFO - Sync 1 DAGs
[2022-07-17 19:47:36,372] {logging_mixin.py:115} INFO - [2022-07-17 19:47:36,372] {dag.py:2972} INFO - Setting next_dagrun for example_python_operator to None, run_after=None
[2022-07-17 19:47:36,385] {processor.py:161} INFO - Processing /home/airflow/.local/lib/python3.7/site-packages/airflow/example_dags/example_python_operator.py took 0.095 seconds
[2022-07-17 19:48:06,712] {processor.py:153} INFO - Started process (PID=1404) to work on /home/airflow/.local/lib/python3.7/site-packages/airflow/example_dags/example_python_operator.py
[2022-07-17 19:48:06,713] {processor.py:641} INFO - Processing file /home/airflow/.local/lib/python3.7/site-packages/airflow/example_dags/example_python_operator.py for tasks to queue
[2022-07-17 19:48:06,713] {logging_mixin.py:115} INFO - [2022-07-17 19:48:06,713] {dagbag.py:508} INFO - Filling up the DagBag from /home/airflow/.local/lib/python3.7/site-packages/airflow/example_dags/example_python_operator.py
[2022-07-17 19:48:06,734] {processor.py:651} INFO - DAG(s) dict_keys(['example_python_operator']) retrieved from /home/airflow/.local/lib/python3.7/site-packages/airflow/example_dags/example_python_operator.py
[2022-07-17 19:48:06,762] {logging_mixin.py:115} INFO - [2022-07-17 19:48:06,761] {dag.py:2420} INFO - Sync 1 DAGs
[2022-07-17 19:48:06,789] {logging_mixin.py:115} INFO - [2022-07-17 19:48:06,789] {dag.py:2972} INFO - Setting next_dagrun for example_python_operator to None, run_after=None
[2022-07-17 19:48:06,803] {processor.py:161} INFO - Processing /home/airflow/.local/lib/python3.7/site-packages/airflow/example_dags/example_python_operator.py took 0.094 seconds
[2022-07-17 19:48:37,023] {processor.py:153} INFO - Started process (PID=1459) to work on /home/airflow/.local/lib/python3.7/site-packages/airflow/example_dags/example_python_operator.py
[2022-07-17 19:48:37,024] {processor.py:641} INFO - Processing file /home/airflow/.local/lib/python3.7/site-packages/airflow/example_dags/example_python_operator.py for tasks to queue
[2022-07-17 19:48:37,024] {logging_mixin.py:115} INFO - [2022-07-17 19:48:37,024] {dagbag.py:508} INFO - Filling up the DagBag from /home/airflow/.local/lib/python3.7/site-packages/airflow/example_dags/example_python_operator.py
[2022-07-17 19:48:37,043] {processor.py:651} INFO - DAG(s) dict_keys(['example_python_operator']) retrieved from /home/airflow/.local/lib/python3.7/site-packages/airflow/example_dags/example_python_operator.py
[2022-07-17 19:48:37,070] {logging_mixin.py:115} INFO - [2022-07-17 19:48:37,070] {dag.py:2420} INFO - Sync 1 DAGs
[2022-07-17 19:48:37,095] {logging_mixin.py:115} INFO - [2022-07-17 19:48:37,095] {dag.py:2972} INFO - Setting next_dagrun for example_python_operator to None, run_after=None
[2022-07-17 19:48:37,108] {processor.py:161} INFO - Processing /home/airflow/.local/lib/python3.7/site-packages/airflow/example_dags/example_python_operator.py took 0.088 seconds
[2022-07-17 19:49:07,518] {processor.py:153} INFO - Started process (PID=1524) to work on /home/airflow/.local/lib/python3.7/site-packages/airflow/example_dags/example_python_operator.py
[2022-07-17 19:49:07,519] {processor.py:641} INFO - Processing file /home/airflow/.local/lib/python3.7/site-packages/airflow/example_dags/example_python_operator.py for tasks to queue
[2022-07-17 19:49:07,519] {logging_mixin.py:115} INFO - [2022-07-17 19:49:07,519] {dagbag.py:508} INFO - Filling up the DagBag from /home/airflow/.local/lib/python3.7/site-packages/airflow/example_dags/example_python_operator.py
[2022-07-17 19:49:07,538] {processor.py:651} INFO - DAG(s) dict_keys(['example_python_operator']) retrieved from /home/airflow/.local/lib/python3.7/site-packages/airflow/example_dags/example_python_operator.py
[2022-07-17 19:49:07,564] {logging_mixin.py:115} INFO - [2022-07-17 19:49:07,564] {dag.py:2420} INFO - Sync 1 DAGs
[2022-07-17 19:49:07,588] {logging_mixin.py:115} INFO - [2022-07-17 19:49:07,588] {dag.py:2972} INFO - Setting next_dagrun for example_python_operator to None, run_after=None
[2022-07-17 19:49:07,601] {processor.py:161} INFO - Processing /home/airflow/.local/lib/python3.7/site-packages/airflow/example_dags/example_python_operator.py took 0.086 seconds
[2022-07-17 19:49:38,007] {processor.py:153} INFO - Started process (PID=1588) to work on /home/airflow/.local/lib/python3.7/site-packages/airflow/example_dags/example_python_operator.py
[2022-07-17 19:49:38,008] {processor.py:641} INFO - Processing file /home/airflow/.local/lib/python3.7/site-packages/airflow/example_dags/example_python_operator.py for tasks to queue
[2022-07-17 19:49:38,008] {logging_mixin.py:115} INFO - [2022-07-17 19:49:38,008] {dagbag.py:508} INFO - Filling up the DagBag from /home/airflow/.local/lib/python3.7/site-packages/airflow/example_dags/example_python_operator.py
[2022-07-17 19:49:38,027] {processor.py:651} INFO - DAG(s) dict_keys(['example_python_operator']) retrieved from /home/airflow/.local/lib/python3.7/site-packages/airflow/example_dags/example_python_operator.py
[2022-07-17 19:49:38,055] {logging_mixin.py:115} INFO - [2022-07-17 19:49:38,054] {dag.py:2420} INFO - Sync 1 DAGs
[2022-07-17 19:49:38,083] {logging_mixin.py:115} INFO - [2022-07-17 19:49:38,083] {dag.py:2972} INFO - Setting next_dagrun for example_python_operator to None, run_after=None
[2022-07-17 19:49:38,096] {processor.py:161} INFO - Processing /home/airflow/.local/lib/python3.7/site-packages/airflow/example_dags/example_python_operator.py took 0.092 seconds
[2022-07-17 19:50:08,285] {processor.py:153} INFO - Started process (PID=1643) to work on /home/airflow/.local/lib/python3.7/site-packages/airflow/example_dags/example_python_operator.py
[2022-07-17 19:50:08,285] {processor.py:641} INFO - Processing file /home/airflow/.local/lib/python3.7/site-packages/airflow/example_dags/example_python_operator.py for tasks to queue
[2022-07-17 19:50:08,286] {logging_mixin.py:115} INFO - [2022-07-17 19:50:08,285] {dagbag.py:508} INFO - Filling up the DagBag from /home/airflow/.local/lib/python3.7/site-packages/airflow/example_dags/example_python_operator.py
[2022-07-17 19:50:08,304] {processor.py:651} INFO - DAG(s) dict_keys(['example_python_operator']) retrieved from /home/airflow/.local/lib/python3.7/site-packages/airflow/example_dags/example_python_operator.py
[2022-07-17 19:50:08,331] {logging_mixin.py:115} INFO - [2022-07-17 19:50:08,331] {dag.py:2420} INFO - Sync 1 DAGs
[2022-07-17 19:50:08,355] {logging_mixin.py:115} INFO - [2022-07-17 19:50:08,355] {dag.py:2972} INFO - Setting next_dagrun for example_python_operator to None, run_after=None
[2022-07-17 19:50:08,369] {processor.py:161} INFO - Processing /home/airflow/.local/lib/python3.7/site-packages/airflow/example_dags/example_python_operator.py took 0.087 seconds
[2022-07-17 19:50:38,606] {processor.py:153} INFO - Started process (PID=1708) to work on /home/airflow/.local/lib/python3.7/site-packages/airflow/example_dags/example_python_operator.py
[2022-07-17 19:50:38,607] {processor.py:641} INFO - Processing file /home/airflow/.local/lib/python3.7/site-packages/airflow/example_dags/example_python_operator.py for tasks to queue
[2022-07-17 19:50:38,608] {logging_mixin.py:115} INFO - [2022-07-17 19:50:38,608] {dagbag.py:508} INFO - Filling up the DagBag from /home/airflow/.local/lib/python3.7/site-packages/airflow/example_dags/example_python_operator.py
[2022-07-17 19:50:38,628] {processor.py:651} INFO - DAG(s) dict_keys(['example_python_operator']) retrieved from /home/airflow/.local/lib/python3.7/site-packages/airflow/example_dags/example_python_operator.py
[2022-07-17 19:50:38,654] {logging_mixin.py:115} INFO - [2022-07-17 19:50:38,654] {dag.py:2420} INFO - Sync 1 DAGs
[2022-07-17 19:50:38,677] {logging_mixin.py:115} INFO - [2022-07-17 19:50:38,677] {dag.py:2972} INFO - Setting next_dagrun for example_python_operator to None, run_after=None
[2022-07-17 19:50:38,691] {processor.py:161} INFO - Processing /home/airflow/.local/lib/python3.7/site-packages/airflow/example_dags/example_python_operator.py took 0.088 seconds
[2022-07-17 19:51:08,870] {processor.py:153} INFO - Started process (PID=1765) to work on /home/airflow/.local/lib/python3.7/site-packages/airflow/example_dags/example_python_operator.py
[2022-07-17 19:51:08,870] {processor.py:641} INFO - Processing file /home/airflow/.local/lib/python3.7/site-packages/airflow/example_dags/example_python_operator.py for tasks to queue
[2022-07-17 19:51:08,871] {logging_mixin.py:115} INFO - [2022-07-17 19:51:08,871] {dagbag.py:508} INFO - Filling up the DagBag from /home/airflow/.local/lib/python3.7/site-packages/airflow/example_dags/example_python_operator.py
[2022-07-17 19:51:08,890] {processor.py:651} INFO - DAG(s) dict_keys(['example_python_operator']) retrieved from /home/airflow/.local/lib/python3.7/site-packages/airflow/example_dags/example_python_operator.py
[2022-07-17 19:51:08,915] {logging_mixin.py:115} INFO - [2022-07-17 19:51:08,915] {dag.py:2420} INFO - Sync 1 DAGs
[2022-07-17 19:51:08,940] {logging_mixin.py:115} INFO - [2022-07-17 19:51:08,940] {dag.py:2972} INFO - Setting next_dagrun for example_python_operator to None, run_after=None
[2022-07-17 19:51:08,953] {processor.py:161} INFO - Processing /home/airflow/.local/lib/python3.7/site-packages/airflow/example_dags/example_python_operator.py took 0.086 seconds
[2022-07-17 19:51:39,114] {processor.py:153} INFO - Started process (PID=1829) to work on /home/airflow/.local/lib/python3.7/site-packages/airflow/example_dags/example_python_operator.py
[2022-07-17 19:51:39,114] {processor.py:641} INFO - Processing file /home/airflow/.local/lib/python3.7/site-packages/airflow/example_dags/example_python_operator.py for tasks to queue
[2022-07-17 19:51:39,115] {logging_mixin.py:115} INFO - [2022-07-17 19:51:39,115] {dagbag.py:508} INFO - Filling up the DagBag from /home/airflow/.local/lib/python3.7/site-packages/airflow/example_dags/example_python_operator.py
[2022-07-17 19:51:39,134] {processor.py:651} INFO - DAG(s) dict_keys(['example_python_operator']) retrieved from /home/airflow/.local/lib/python3.7/site-packages/airflow/example_dags/example_python_operator.py
[2022-07-17 19:51:39,161] {logging_mixin.py:115} INFO - [2022-07-17 19:51:39,161] {dag.py:2420} INFO - Sync 1 DAGs
[2022-07-17 19:51:39,188] {logging_mixin.py:115} INFO - [2022-07-17 19:51:39,188] {dag.py:2972} INFO - Setting next_dagrun for example_python_operator to None, run_after=None
[2022-07-17 19:51:39,201] {processor.py:161} INFO - Processing /home/airflow/.local/lib/python3.7/site-packages/airflow/example_dags/example_python_operator.py took 0.090 seconds
[2022-07-17 19:52:09,673] {processor.py:153} INFO - Started process (PID=1884) to work on /home/airflow/.local/lib/python3.7/site-packages/airflow/example_dags/example_python_operator.py
[2022-07-17 19:52:09,673] {processor.py:641} INFO - Processing file /home/airflow/.local/lib/python3.7/site-packages/airflow/example_dags/example_python_operator.py for tasks to queue
[2022-07-17 19:52:09,674] {logging_mixin.py:115} INFO - [2022-07-17 19:52:09,674] {dagbag.py:508} INFO - Filling up the DagBag from /home/airflow/.local/lib/python3.7/site-packages/airflow/example_dags/example_python_operator.py
[2022-07-17 19:52:09,695] {processor.py:651} INFO - DAG(s) dict_keys(['example_python_operator']) retrieved from /home/airflow/.local/lib/python3.7/site-packages/airflow/example_dags/example_python_operator.py
[2022-07-17 19:52:09,721] {logging_mixin.py:115} INFO - [2022-07-17 19:52:09,721] {dag.py:2420} INFO - Sync 1 DAGs
[2022-07-17 19:52:09,747] {logging_mixin.py:115} INFO - [2022-07-17 19:52:09,747] {dag.py:2972} INFO - Setting next_dagrun for example_python_operator to None, run_after=None
[2022-07-17 19:52:09,774] {processor.py:161} INFO - Processing /home/airflow/.local/lib/python3.7/site-packages/airflow/example_dags/example_python_operator.py took 0.104 seconds
[2022-07-17 19:52:39,886] {processor.py:153} INFO - Started process (PID=1948) to work on /home/airflow/.local/lib/python3.7/site-packages/airflow/example_dags/example_python_operator.py
[2022-07-17 19:52:39,887] {processor.py:641} INFO - Processing file /home/airflow/.local/lib/python3.7/site-packages/airflow/example_dags/example_python_operator.py for tasks to queue
[2022-07-17 19:52:39,887] {logging_mixin.py:115} INFO - [2022-07-17 19:52:39,887] {dagbag.py:508} INFO - Filling up the DagBag from /home/airflow/.local/lib/python3.7/site-packages/airflow/example_dags/example_python_operator.py
[2022-07-17 19:52:39,921] {processor.py:651} INFO - DAG(s) dict_keys(['example_python_operator']) retrieved from /home/airflow/.local/lib/python3.7/site-packages/airflow/example_dags/example_python_operator.py
[2022-07-17 19:52:39,959] {logging_mixin.py:115} INFO - [2022-07-17 19:52:39,959] {dag.py:2420} INFO - Sync 1 DAGs
[2022-07-17 19:52:39,996] {logging_mixin.py:115} INFO - [2022-07-17 19:52:39,996] {dag.py:2972} INFO - Setting next_dagrun for example_python_operator to None, run_after=None
[2022-07-17 19:52:40,016] {processor.py:161} INFO - Processing /home/airflow/.local/lib/python3.7/site-packages/airflow/example_dags/example_python_operator.py took 0.134 seconds
[2022-07-17 19:53:10,039] {processor.py:153} INFO - Started process (PID=2002) to work on /home/airflow/.local/lib/python3.7/site-packages/airflow/example_dags/example_python_operator.py
[2022-07-17 19:53:10,039] {processor.py:641} INFO - Processing file /home/airflow/.local/lib/python3.7/site-packages/airflow/example_dags/example_python_operator.py for tasks to queue
[2022-07-17 19:53:10,040] {logging_mixin.py:115} INFO - [2022-07-17 19:53:10,040] {dagbag.py:508} INFO - Filling up the DagBag from /home/airflow/.local/lib/python3.7/site-packages/airflow/example_dags/example_python_operator.py
[2022-07-17 19:53:10,058] {processor.py:651} INFO - DAG(s) dict_keys(['example_python_operator']) retrieved from /home/airflow/.local/lib/python3.7/site-packages/airflow/example_dags/example_python_operator.py
[2022-07-17 19:53:10,090] {logging_mixin.py:115} INFO - [2022-07-17 19:53:10,090] {dag.py:2420} INFO - Sync 1 DAGs
[2022-07-17 19:53:10,116] {logging_mixin.py:115} INFO - [2022-07-17 19:53:10,116] {dag.py:2972} INFO - Setting next_dagrun for example_python_operator to None, run_after=None
[2022-07-17 19:53:10,131] {processor.py:161} INFO - Processing /home/airflow/.local/lib/python3.7/site-packages/airflow/example_dags/example_python_operator.py took 0.095 seconds
[2022-07-17 19:53:40,431] {processor.py:153} INFO - Started process (PID=2065) to work on /home/airflow/.local/lib/python3.7/site-packages/airflow/example_dags/example_python_operator.py
[2022-07-17 19:53:40,432] {processor.py:641} INFO - Processing file /home/airflow/.local/lib/python3.7/site-packages/airflow/example_dags/example_python_operator.py for tasks to queue
[2022-07-17 19:53:40,432] {logging_mixin.py:115} INFO - [2022-07-17 19:53:40,432] {dagbag.py:508} INFO - Filling up the DagBag from /home/airflow/.local/lib/python3.7/site-packages/airflow/example_dags/example_python_operator.py
[2022-07-17 19:53:40,451] {processor.py:651} INFO - DAG(s) dict_keys(['example_python_operator']) retrieved from /home/airflow/.local/lib/python3.7/site-packages/airflow/example_dags/example_python_operator.py
[2022-07-17 19:53:40,476] {logging_mixin.py:115} INFO - [2022-07-17 19:53:40,476] {dag.py:2420} INFO - Sync 1 DAGs
[2022-07-17 19:53:40,500] {logging_mixin.py:115} INFO - [2022-07-17 19:53:40,500] {dag.py:2972} INFO - Setting next_dagrun for example_python_operator to None, run_after=None
[2022-07-17 19:53:40,516] {processor.py:161} INFO - Processing /home/airflow/.local/lib/python3.7/site-packages/airflow/example_dags/example_python_operator.py took 0.088 seconds
[2022-07-17 19:54:10,751] {processor.py:153} INFO - Started process (PID=2130) to work on /home/airflow/.local/lib/python3.7/site-packages/airflow/example_dags/example_python_operator.py
[2022-07-17 19:54:10,752] {processor.py:641} INFO - Processing file /home/airflow/.local/lib/python3.7/site-packages/airflow/example_dags/example_python_operator.py for tasks to queue
[2022-07-17 19:54:10,752] {logging_mixin.py:115} INFO - [2022-07-17 19:54:10,752] {dagbag.py:508} INFO - Filling up the DagBag from /home/airflow/.local/lib/python3.7/site-packages/airflow/example_dags/example_python_operator.py
[2022-07-17 19:54:10,776] {processor.py:651} INFO - DAG(s) dict_keys(['example_python_operator']) retrieved from /home/airflow/.local/lib/python3.7/site-packages/airflow/example_dags/example_python_operator.py
[2022-07-17 19:54:10,810] {logging_mixin.py:115} INFO - [2022-07-17 19:54:10,810] {dag.py:2420} INFO - Sync 1 DAGs
[2022-07-17 19:54:10,839] {logging_mixin.py:115} INFO - [2022-07-17 19:54:10,838] {dag.py:2972} INFO - Setting next_dagrun for example_python_operator to None, run_after=None
[2022-07-17 19:54:10,852] {processor.py:161} INFO - Processing /home/airflow/.local/lib/python3.7/site-packages/airflow/example_dags/example_python_operator.py took 0.105 seconds
[2022-07-17 19:54:40,901] {processor.py:153} INFO - Started process (PID=2184) to work on /home/airflow/.local/lib/python3.7/site-packages/airflow/example_dags/example_python_operator.py
[2022-07-17 19:54:40,901] {processor.py:641} INFO - Processing file /home/airflow/.local/lib/python3.7/site-packages/airflow/example_dags/example_python_operator.py for tasks to queue
[2022-07-17 19:54:40,902] {logging_mixin.py:115} INFO - [2022-07-17 19:54:40,901] {dagbag.py:508} INFO - Filling up the DagBag from /home/airflow/.local/lib/python3.7/site-packages/airflow/example_dags/example_python_operator.py
[2022-07-17 19:54:40,922] {processor.py:651} INFO - DAG(s) dict_keys(['example_python_operator']) retrieved from /home/airflow/.local/lib/python3.7/site-packages/airflow/example_dags/example_python_operator.py
[2022-07-17 19:54:40,950] {logging_mixin.py:115} INFO - [2022-07-17 19:54:40,950] {dag.py:2420} INFO - Sync 1 DAGs
[2022-07-17 19:54:40,975] {logging_mixin.py:115} INFO - [2022-07-17 19:54:40,975] {dag.py:2972} INFO - Setting next_dagrun for example_python_operator to None, run_after=None
[2022-07-17 19:54:40,989] {processor.py:161} INFO - Processing /home/airflow/.local/lib/python3.7/site-packages/airflow/example_dags/example_python_operator.py took 0.092 seconds
[2022-07-17 19:55:11,072] {processor.py:153} INFO - Started process (PID=2248) to work on /home/airflow/.local/lib/python3.7/site-packages/airflow/example_dags/example_python_operator.py
[2022-07-17 19:55:11,073] {processor.py:641} INFO - Processing file /home/airflow/.local/lib/python3.7/site-packages/airflow/example_dags/example_python_operator.py for tasks to queue
[2022-07-17 19:55:11,073] {logging_mixin.py:115} INFO - [2022-07-17 19:55:11,073] {dagbag.py:508} INFO - Filling up the DagBag from /home/airflow/.local/lib/python3.7/site-packages/airflow/example_dags/example_python_operator.py
[2022-07-17 19:55:11,092] {processor.py:651} INFO - DAG(s) dict_keys(['example_python_operator']) retrieved from /home/airflow/.local/lib/python3.7/site-packages/airflow/example_dags/example_python_operator.py
[2022-07-17 19:55:11,118] {logging_mixin.py:115} INFO - [2022-07-17 19:55:11,117] {dag.py:2420} INFO - Sync 1 DAGs
[2022-07-17 19:55:11,140] {logging_mixin.py:115} INFO - [2022-07-17 19:55:11,140] {dag.py:2972} INFO - Setting next_dagrun for example_python_operator to None, run_after=None
[2022-07-17 19:55:11,153] {processor.py:161} INFO - Processing /home/airflow/.local/lib/python3.7/site-packages/airflow/example_dags/example_python_operator.py took 0.084 seconds
[2022-07-17 19:55:41,620] {processor.py:153} INFO - Started process (PID=2306) to work on /home/airflow/.local/lib/python3.7/site-packages/airflow/example_dags/example_python_operator.py
[2022-07-17 19:55:41,620] {processor.py:641} INFO - Processing file /home/airflow/.local/lib/python3.7/site-packages/airflow/example_dags/example_python_operator.py for tasks to queue
[2022-07-17 19:55:41,621] {logging_mixin.py:115} INFO - [2022-07-17 19:55:41,621] {dagbag.py:508} INFO - Filling up the DagBag from /home/airflow/.local/lib/python3.7/site-packages/airflow/example_dags/example_python_operator.py
[2022-07-17 19:55:41,640] {processor.py:651} INFO - DAG(s) dict_keys(['example_python_operator']) retrieved from /home/airflow/.local/lib/python3.7/site-packages/airflow/example_dags/example_python_operator.py
[2022-07-17 19:55:41,666] {logging_mixin.py:115} INFO - [2022-07-17 19:55:41,666] {dag.py:2420} INFO - Sync 1 DAGs
[2022-07-17 19:55:41,691] {logging_mixin.py:115} INFO - [2022-07-17 19:55:41,691] {dag.py:2972} INFO - Setting next_dagrun for example_python_operator to None, run_after=None
[2022-07-17 19:55:41,707] {processor.py:161} INFO - Processing /home/airflow/.local/lib/python3.7/site-packages/airflow/example_dags/example_python_operator.py took 0.091 seconds
[2022-07-17 19:56:12,313] {processor.py:153} INFO - Started process (PID=2372) to work on /home/airflow/.local/lib/python3.7/site-packages/airflow/example_dags/example_python_operator.py
[2022-07-17 19:56:12,313] {processor.py:641} INFO - Processing file /home/airflow/.local/lib/python3.7/site-packages/airflow/example_dags/example_python_operator.py for tasks to queue
[2022-07-17 19:56:12,314] {logging_mixin.py:115} INFO - [2022-07-17 19:56:12,314] {dagbag.py:508} INFO - Filling up the DagBag from /home/airflow/.local/lib/python3.7/site-packages/airflow/example_dags/example_python_operator.py
[2022-07-17 19:56:12,336] {processor.py:651} INFO - DAG(s) dict_keys(['example_python_operator']) retrieved from /home/airflow/.local/lib/python3.7/site-packages/airflow/example_dags/example_python_operator.py
[2022-07-17 19:56:12,367] {logging_mixin.py:115} INFO - [2022-07-17 19:56:12,367] {dag.py:2420} INFO - Sync 1 DAGs
[2022-07-17 19:56:12,398] {logging_mixin.py:115} INFO - [2022-07-17 19:56:12,398] {dag.py:2972} INFO - Setting next_dagrun for example_python_operator to None, run_after=None
[2022-07-17 19:56:12,415] {processor.py:161} INFO - Processing /home/airflow/.local/lib/python3.7/site-packages/airflow/example_dags/example_python_operator.py took 0.106 seconds
[2022-07-17 19:56:42,470] {processor.py:153} INFO - Started process (PID=2434) to work on /home/airflow/.local/lib/python3.7/site-packages/airflow/example_dags/example_python_operator.py
[2022-07-17 19:56:42,471] {processor.py:641} INFO - Processing file /home/airflow/.local/lib/python3.7/site-packages/airflow/example_dags/example_python_operator.py for tasks to queue
[2022-07-17 19:56:42,471] {logging_mixin.py:115} INFO - [2022-07-17 19:56:42,471] {dagbag.py:508} INFO - Filling up the DagBag from /home/airflow/.local/lib/python3.7/site-packages/airflow/example_dags/example_python_operator.py
[2022-07-17 19:56:42,496] {processor.py:651} INFO - DAG(s) dict_keys(['example_python_operator']) retrieved from /home/airflow/.local/lib/python3.7/site-packages/airflow/example_dags/example_python_operator.py
[2022-07-17 19:56:42,525] {logging_mixin.py:115} INFO - [2022-07-17 19:56:42,525] {dag.py:2420} INFO - Sync 1 DAGs
[2022-07-17 19:56:42,553] {logging_mixin.py:115} INFO - [2022-07-17 19:56:42,553] {dag.py:2972} INFO - Setting next_dagrun for example_python_operator to None, run_after=None
[2022-07-17 19:56:42,572] {processor.py:161} INFO - Processing /home/airflow/.local/lib/python3.7/site-packages/airflow/example_dags/example_python_operator.py took 0.105 seconds
[2022-07-17 19:57:12,616] {processor.py:153} INFO - Started process (PID=2490) to work on /home/airflow/.local/lib/python3.7/site-packages/airflow/example_dags/example_python_operator.py
[2022-07-17 19:57:12,617] {processor.py:641} INFO - Processing file /home/airflow/.local/lib/python3.7/site-packages/airflow/example_dags/example_python_operator.py for tasks to queue
[2022-07-17 19:57:12,617] {logging_mixin.py:115} INFO - [2022-07-17 19:57:12,617] {dagbag.py:508} INFO - Filling up the DagBag from /home/airflow/.local/lib/python3.7/site-packages/airflow/example_dags/example_python_operator.py
[2022-07-17 19:57:12,636] {processor.py:651} INFO - DAG(s) dict_keys(['example_python_operator']) retrieved from /home/airflow/.local/lib/python3.7/site-packages/airflow/example_dags/example_python_operator.py
[2022-07-17 19:57:12,662] {logging_mixin.py:115} INFO - [2022-07-17 19:57:12,661] {dag.py:2420} INFO - Sync 1 DAGs
[2022-07-17 19:57:12,684] {logging_mixin.py:115} INFO - [2022-07-17 19:57:12,683] {dag.py:2972} INFO - Setting next_dagrun for example_python_operator to None, run_after=None
[2022-07-17 19:57:12,698] {processor.py:161} INFO - Processing /home/airflow/.local/lib/python3.7/site-packages/airflow/example_dags/example_python_operator.py took 0.085 seconds
[2022-07-17 19:57:43,067] {processor.py:153} INFO - Started process (PID=2555) to work on /home/airflow/.local/lib/python3.7/site-packages/airflow/example_dags/example_python_operator.py
[2022-07-17 19:57:43,067] {processor.py:641} INFO - Processing file /home/airflow/.local/lib/python3.7/site-packages/airflow/example_dags/example_python_operator.py for tasks to queue
[2022-07-17 19:57:43,068] {logging_mixin.py:115} INFO - [2022-07-17 19:57:43,068] {dagbag.py:508} INFO - Filling up the DagBag from /home/airflow/.local/lib/python3.7/site-packages/airflow/example_dags/example_python_operator.py
[2022-07-17 19:57:43,086] {processor.py:651} INFO - DAG(s) dict_keys(['example_python_operator']) retrieved from /home/airflow/.local/lib/python3.7/site-packages/airflow/example_dags/example_python_operator.py
[2022-07-17 19:57:43,111] {logging_mixin.py:115} INFO - [2022-07-17 19:57:43,111] {dag.py:2420} INFO - Sync 1 DAGs
[2022-07-17 19:57:43,135] {logging_mixin.py:115} INFO - [2022-07-17 19:57:43,135] {dag.py:2972} INFO - Setting next_dagrun for example_python_operator to None, run_after=None
[2022-07-17 19:57:43,149] {processor.py:161} INFO - Processing /home/airflow/.local/lib/python3.7/site-packages/airflow/example_dags/example_python_operator.py took 0.086 seconds
[2022-07-17 19:58:13,257] {processor.py:153} INFO - Started process (PID=2610) to work on /home/airflow/.local/lib/python3.7/site-packages/airflow/example_dags/example_python_operator.py
[2022-07-17 19:58:13,258] {processor.py:641} INFO - Processing file /home/airflow/.local/lib/python3.7/site-packages/airflow/example_dags/example_python_operator.py for tasks to queue
[2022-07-17 19:58:13,258] {logging_mixin.py:115} INFO - [2022-07-17 19:58:13,258] {dagbag.py:508} INFO - Filling up the DagBag from /home/airflow/.local/lib/python3.7/site-packages/airflow/example_dags/example_python_operator.py
[2022-07-17 19:58:13,277] {processor.py:651} INFO - DAG(s) dict_keys(['example_python_operator']) retrieved from /home/airflow/.local/lib/python3.7/site-packages/airflow/example_dags/example_python_operator.py
[2022-07-17 19:58:13,304] {logging_mixin.py:115} INFO - [2022-07-17 19:58:13,304] {dag.py:2420} INFO - Sync 1 DAGs
[2022-07-17 19:58:13,328] {logging_mixin.py:115} INFO - [2022-07-17 19:58:13,328] {dag.py:2972} INFO - Setting next_dagrun for example_python_operator to None, run_after=None
[2022-07-17 19:58:13,342] {processor.py:161} INFO - Processing /home/airflow/.local/lib/python3.7/site-packages/airflow/example_dags/example_python_operator.py took 0.088 seconds
[2022-07-17 19:58:44,277] {processor.py:153} INFO - Started process (PID=2674) to work on /home/airflow/.local/lib/python3.7/site-packages/airflow/example_dags/example_python_operator.py
[2022-07-17 19:58:44,277] {processor.py:641} INFO - Processing file /home/airflow/.local/lib/python3.7/site-packages/airflow/example_dags/example_python_operator.py for tasks to queue
[2022-07-17 19:58:44,278] {logging_mixin.py:115} INFO - [2022-07-17 19:58:44,278] {dagbag.py:508} INFO - Filling up the DagBag from /home/airflow/.local/lib/python3.7/site-packages/airflow/example_dags/example_python_operator.py
[2022-07-17 19:58:44,301] {processor.py:651} INFO - DAG(s) dict_keys(['example_python_operator']) retrieved from /home/airflow/.local/lib/python3.7/site-packages/airflow/example_dags/example_python_operator.py
[2022-07-17 19:58:44,333] {logging_mixin.py:115} INFO - [2022-07-17 19:58:44,333] {dag.py:2420} INFO - Sync 1 DAGs
[2022-07-17 19:58:44,363] {logging_mixin.py:115} INFO - [2022-07-17 19:58:44,363] {dag.py:2972} INFO - Setting next_dagrun for example_python_operator to None, run_after=None
[2022-07-17 19:58:44,378] {processor.py:161} INFO - Processing /home/airflow/.local/lib/python3.7/site-packages/airflow/example_dags/example_python_operator.py took 0.105 seconds
[2022-07-17 19:59:14,918] {processor.py:153} INFO - Started process (PID=2729) to work on /home/airflow/.local/lib/python3.7/site-packages/airflow/example_dags/example_python_operator.py
[2022-07-17 19:59:14,919] {processor.py:641} INFO - Processing file /home/airflow/.local/lib/python3.7/site-packages/airflow/example_dags/example_python_operator.py for tasks to queue
[2022-07-17 19:59:14,919] {logging_mixin.py:115} INFO - [2022-07-17 19:59:14,919] {dagbag.py:508} INFO - Filling up the DagBag from /home/airflow/.local/lib/python3.7/site-packages/airflow/example_dags/example_python_operator.py
[2022-07-17 19:59:14,939] {processor.py:651} INFO - DAG(s) dict_keys(['example_python_operator']) retrieved from /home/airflow/.local/lib/python3.7/site-packages/airflow/example_dags/example_python_operator.py
[2022-07-17 19:59:14,970] {logging_mixin.py:115} INFO - [2022-07-17 19:59:14,970] {dag.py:2420} INFO - Sync 1 DAGs
[2022-07-17 19:59:14,996] {logging_mixin.py:115} INFO - [2022-07-17 19:59:14,996] {dag.py:2972} INFO - Setting next_dagrun for example_python_operator to None, run_after=None
[2022-07-17 19:59:15,010] {processor.py:161} INFO - Processing /home/airflow/.local/lib/python3.7/site-packages/airflow/example_dags/example_python_operator.py took 0.095 seconds
[2022-07-17 19:59:45,916] {processor.py:153} INFO - Started process (PID=2794) to work on /home/airflow/.local/lib/python3.7/site-packages/airflow/example_dags/example_python_operator.py
[2022-07-17 19:59:45,916] {processor.py:641} INFO - Processing file /home/airflow/.local/lib/python3.7/site-packages/airflow/example_dags/example_python_operator.py for tasks to queue
[2022-07-17 19:59:45,917] {logging_mixin.py:115} INFO - [2022-07-17 19:59:45,917] {dagbag.py:508} INFO - Filling up the DagBag from /home/airflow/.local/lib/python3.7/site-packages/airflow/example_dags/example_python_operator.py
[2022-07-17 19:59:45,939] {processor.py:651} INFO - DAG(s) dict_keys(['example_python_operator']) retrieved from /home/airflow/.local/lib/python3.7/site-packages/airflow/example_dags/example_python_operator.py
[2022-07-17 19:59:45,967] {logging_mixin.py:115} INFO - [2022-07-17 19:59:45,967] {dag.py:2420} INFO - Sync 1 DAGs
[2022-07-17 19:59:45,990] {logging_mixin.py:115} INFO - [2022-07-17 19:59:45,990] {dag.py:2972} INFO - Setting next_dagrun for example_python_operator to None, run_after=None
[2022-07-17 19:59:46,004] {processor.py:161} INFO - Processing /home/airflow/.local/lib/python3.7/site-packages/airflow/example_dags/example_python_operator.py took 0.092 seconds
[2022-07-17 20:00:16,287] {processor.py:153} INFO - Started process (PID=2859) to work on /home/airflow/.local/lib/python3.7/site-packages/airflow/example_dags/example_python_operator.py
[2022-07-17 20:00:16,287] {processor.py:641} INFO - Processing file /home/airflow/.local/lib/python3.7/site-packages/airflow/example_dags/example_python_operator.py for tasks to queue
[2022-07-17 20:00:16,288] {logging_mixin.py:115} INFO - [2022-07-17 20:00:16,288] {dagbag.py:508} INFO - Filling up the DagBag from /home/airflow/.local/lib/python3.7/site-packages/airflow/example_dags/example_python_operator.py
[2022-07-17 20:00:16,306] {processor.py:651} INFO - DAG(s) dict_keys(['example_python_operator']) retrieved from /home/airflow/.local/lib/python3.7/site-packages/airflow/example_dags/example_python_operator.py
[2022-07-17 20:00:16,331] {logging_mixin.py:115} INFO - [2022-07-17 20:00:16,331] {dag.py:2420} INFO - Sync 1 DAGs
[2022-07-17 20:00:16,354] {logging_mixin.py:115} INFO - [2022-07-17 20:00:16,354] {dag.py:2972} INFO - Setting next_dagrun for example_python_operator to None, run_after=None
[2022-07-17 20:00:16,369] {processor.py:161} INFO - Processing /home/airflow/.local/lib/python3.7/site-packages/airflow/example_dags/example_python_operator.py took 0.085 seconds
[2022-07-17 20:00:46,743] {processor.py:153} INFO - Started process (PID=2915) to work on /home/airflow/.local/lib/python3.7/site-packages/airflow/example_dags/example_python_operator.py
[2022-07-17 20:00:46,744] {processor.py:641} INFO - Processing file /home/airflow/.local/lib/python3.7/site-packages/airflow/example_dags/example_python_operator.py for tasks to queue
[2022-07-17 20:00:46,745] {logging_mixin.py:115} INFO - [2022-07-17 20:00:46,745] {dagbag.py:508} INFO - Filling up the DagBag from /home/airflow/.local/lib/python3.7/site-packages/airflow/example_dags/example_python_operator.py
[2022-07-17 20:00:46,771] {processor.py:651} INFO - DAG(s) dict_keys(['example_python_operator']) retrieved from /home/airflow/.local/lib/python3.7/site-packages/airflow/example_dags/example_python_operator.py
[2022-07-17 20:00:46,798] {logging_mixin.py:115} INFO - [2022-07-17 20:00:46,798] {dag.py:2420} INFO - Sync 1 DAGs
[2022-07-17 20:00:46,820] {logging_mixin.py:115} INFO - [2022-07-17 20:00:46,820] {dag.py:2972} INFO - Setting next_dagrun for example_python_operator to None, run_after=None
[2022-07-17 20:00:46,835] {processor.py:161} INFO - Processing /home/airflow/.local/lib/python3.7/site-packages/airflow/example_dags/example_python_operator.py took 0.101 seconds
[2022-07-17 20:01:16,994] {processor.py:153} INFO - Started process (PID=2979) to work on /home/airflow/.local/lib/python3.7/site-packages/airflow/example_dags/example_python_operator.py
[2022-07-17 20:01:16,995] {processor.py:641} INFO - Processing file /home/airflow/.local/lib/python3.7/site-packages/airflow/example_dags/example_python_operator.py for tasks to queue
[2022-07-17 20:01:16,996] {logging_mixin.py:115} INFO - [2022-07-17 20:01:16,996] {dagbag.py:508} INFO - Filling up the DagBag from /home/airflow/.local/lib/python3.7/site-packages/airflow/example_dags/example_python_operator.py
[2022-07-17 20:01:17,023] {processor.py:651} INFO - DAG(s) dict_keys(['example_python_operator']) retrieved from /home/airflow/.local/lib/python3.7/site-packages/airflow/example_dags/example_python_operator.py
[2022-07-17 20:01:17,053] {logging_mixin.py:115} INFO - [2022-07-17 20:01:17,053] {dag.py:2420} INFO - Sync 1 DAGs
[2022-07-17 20:01:17,079] {logging_mixin.py:115} INFO - [2022-07-17 20:01:17,079] {dag.py:2972} INFO - Setting next_dagrun for example_python_operator to None, run_after=None
[2022-07-17 20:01:17,095] {processor.py:161} INFO - Processing /home/airflow/.local/lib/python3.7/site-packages/airflow/example_dags/example_python_operator.py took 0.112 seconds
[2022-07-17 20:01:47,405] {processor.py:153} INFO - Started process (PID=3034) to work on /home/airflow/.local/lib/python3.7/site-packages/airflow/example_dags/example_python_operator.py
[2022-07-17 20:01:47,406] {processor.py:641} INFO - Processing file /home/airflow/.local/lib/python3.7/site-packages/airflow/example_dags/example_python_operator.py for tasks to queue
[2022-07-17 20:01:47,406] {logging_mixin.py:115} INFO - [2022-07-17 20:01:47,406] {dagbag.py:508} INFO - Filling up the DagBag from /home/airflow/.local/lib/python3.7/site-packages/airflow/example_dags/example_python_operator.py
[2022-07-17 20:01:47,430] {processor.py:651} INFO - DAG(s) dict_keys(['example_python_operator']) retrieved from /home/airflow/.local/lib/python3.7/site-packages/airflow/example_dags/example_python_operator.py
[2022-07-17 20:01:47,457] {logging_mixin.py:115} INFO - [2022-07-17 20:01:47,457] {dag.py:2420} INFO - Sync 1 DAGs
[2022-07-17 20:01:47,480] {logging_mixin.py:115} INFO - [2022-07-17 20:01:47,479] {dag.py:2972} INFO - Setting next_dagrun for example_python_operator to None, run_after=None
[2022-07-17 20:01:47,493] {processor.py:161} INFO - Processing /home/airflow/.local/lib/python3.7/site-packages/airflow/example_dags/example_python_operator.py took 0.095 seconds
[2022-07-17 20:02:18,094] {processor.py:153} INFO - Started process (PID=3101) to work on /home/airflow/.local/lib/python3.7/site-packages/airflow/example_dags/example_python_operator.py
[2022-07-17 20:02:18,095] {processor.py:641} INFO - Processing file /home/airflow/.local/lib/python3.7/site-packages/airflow/example_dags/example_python_operator.py for tasks to queue
[2022-07-17 20:02:18,096] {logging_mixin.py:115} INFO - [2022-07-17 20:02:18,096] {dagbag.py:508} INFO - Filling up the DagBag from /home/airflow/.local/lib/python3.7/site-packages/airflow/example_dags/example_python_operator.py
[2022-07-17 20:02:18,121] {processor.py:651} INFO - DAG(s) dict_keys(['example_python_operator']) retrieved from /home/airflow/.local/lib/python3.7/site-packages/airflow/example_dags/example_python_operator.py
[2022-07-17 20:02:18,150] {logging_mixin.py:115} INFO - [2022-07-17 20:02:18,150] {dag.py:2420} INFO - Sync 1 DAGs
[2022-07-17 20:02:18,174] {logging_mixin.py:115} INFO - [2022-07-17 20:02:18,174] {dag.py:2972} INFO - Setting next_dagrun for example_python_operator to None, run_after=None
[2022-07-17 20:02:18,187] {processor.py:161} INFO - Processing /home/airflow/.local/lib/python3.7/site-packages/airflow/example_dags/example_python_operator.py took 0.101 seconds
[2022-07-17 20:02:48,486] {processor.py:153} INFO - Started process (PID=3165) to work on /home/airflow/.local/lib/python3.7/site-packages/airflow/example_dags/example_python_operator.py
[2022-07-17 20:02:48,487] {processor.py:641} INFO - Processing file /home/airflow/.local/lib/python3.7/site-packages/airflow/example_dags/example_python_operator.py for tasks to queue
[2022-07-17 20:02:48,487] {logging_mixin.py:115} INFO - [2022-07-17 20:02:48,487] {dagbag.py:508} INFO - Filling up the DagBag from /home/airflow/.local/lib/python3.7/site-packages/airflow/example_dags/example_python_operator.py
[2022-07-17 20:02:48,509] {processor.py:651} INFO - DAG(s) dict_keys(['example_python_operator']) retrieved from /home/airflow/.local/lib/python3.7/site-packages/airflow/example_dags/example_python_operator.py
[2022-07-17 20:02:48,546] {logging_mixin.py:115} INFO - [2022-07-17 20:02:48,546] {dag.py:2420} INFO - Sync 1 DAGs
[2022-07-17 20:02:48,585] {logging_mixin.py:115} INFO - [2022-07-17 20:02:48,585] {dag.py:2972} INFO - Setting next_dagrun for example_python_operator to None, run_after=None
[2022-07-17 20:02:48,604] {processor.py:161} INFO - Processing /home/airflow/.local/lib/python3.7/site-packages/airflow/example_dags/example_python_operator.py took 0.121 seconds
[2022-07-17 20:03:19,167] {processor.py:153} INFO - Started process (PID=3220) to work on /home/airflow/.local/lib/python3.7/site-packages/airflow/example_dags/example_python_operator.py
[2022-07-17 20:03:19,168] {processor.py:641} INFO - Processing file /home/airflow/.local/lib/python3.7/site-packages/airflow/example_dags/example_python_operator.py for tasks to queue
[2022-07-17 20:03:19,169] {logging_mixin.py:115} INFO - [2022-07-17 20:03:19,169] {dagbag.py:508} INFO - Filling up the DagBag from /home/airflow/.local/lib/python3.7/site-packages/airflow/example_dags/example_python_operator.py
[2022-07-17 20:03:19,194] {processor.py:651} INFO - DAG(s) dict_keys(['example_python_operator']) retrieved from /home/airflow/.local/lib/python3.7/site-packages/airflow/example_dags/example_python_operator.py
[2022-07-17 20:03:19,225] {logging_mixin.py:115} INFO - [2022-07-17 20:03:19,225] {dag.py:2420} INFO - Sync 1 DAGs
[2022-07-17 20:03:19,259] {logging_mixin.py:115} INFO - [2022-07-17 20:03:19,259] {dag.py:2972} INFO - Setting next_dagrun for example_python_operator to None, run_after=None
[2022-07-17 20:03:19,275] {processor.py:161} INFO - Processing /home/airflow/.local/lib/python3.7/site-packages/airflow/example_dags/example_python_operator.py took 0.113 seconds
[2022-07-17 20:03:49,496] {processor.py:153} INFO - Started process (PID=3284) to work on /home/airflow/.local/lib/python3.7/site-packages/airflow/example_dags/example_python_operator.py
[2022-07-17 20:03:49,497] {processor.py:641} INFO - Processing file /home/airflow/.local/lib/python3.7/site-packages/airflow/example_dags/example_python_operator.py for tasks to queue
[2022-07-17 20:03:49,497] {logging_mixin.py:115} INFO - [2022-07-17 20:03:49,497] {dagbag.py:508} INFO - Filling up the DagBag from /home/airflow/.local/lib/python3.7/site-packages/airflow/example_dags/example_python_operator.py
[2022-07-17 20:03:49,514] {processor.py:651} INFO - DAG(s) dict_keys(['example_python_operator']) retrieved from /home/airflow/.local/lib/python3.7/site-packages/airflow/example_dags/example_python_operator.py
[2022-07-17 20:03:49,539] {logging_mixin.py:115} INFO - [2022-07-17 20:03:49,539] {dag.py:2420} INFO - Sync 1 DAGs
[2022-07-17 20:03:49,561] {logging_mixin.py:115} INFO - [2022-07-17 20:03:49,561] {dag.py:2972} INFO - Setting next_dagrun for example_python_operator to None, run_after=None
[2022-07-17 20:03:49,575] {processor.py:161} INFO - Processing /home/airflow/.local/lib/python3.7/site-packages/airflow/example_dags/example_python_operator.py took 0.082 seconds
