[2022-07-17 19:36:54,571] {processor.py:153} INFO - Started process (PID=68) to work on /home/airflow/.local/lib/python3.7/site-packages/airflow/example_dags/example_branch_day_of_week_operator.py
[2022-07-17 19:36:54,572] {processor.py:641} INFO - Processing file /home/airflow/.local/lib/python3.7/site-packages/airflow/example_dags/example_branch_day_of_week_operator.py for tasks to queue
[2022-07-17 19:36:54,572] {logging_mixin.py:115} INFO - [2022-07-17 19:36:54,572] {dagbag.py:508} INFO - Filling up the DagBag from /home/airflow/.local/lib/python3.7/site-packages/airflow/example_dags/example_branch_day_of_week_operator.py
[2022-07-17 19:36:54,582] {processor.py:651} INFO - DAG(s) dict_keys(['example_weekday_branch_operator']) retrieved from /home/airflow/.local/lib/python3.7/site-packages/airflow/example_dags/example_branch_day_of_week_operator.py
[2022-07-17 19:36:54,681] {logging_mixin.py:115} INFO - [2022-07-17 19:36:54,681] {manager.py:508} INFO - Created Permission View: can delete on DAG:example_weekday_branch_operator
[2022-07-17 19:36:54,700] {logging_mixin.py:115} INFO - [2022-07-17 19:36:54,700] {manager.py:508} INFO - Created Permission View: can read on DAG:example_weekday_branch_operator
[2022-07-17 19:36:54,713] {logging_mixin.py:115} INFO - [2022-07-17 19:36:54,713] {manager.py:508} INFO - Created Permission View: can edit on DAG:example_weekday_branch_operator
[2022-07-17 19:36:54,714] {logging_mixin.py:115} INFO - [2022-07-17 19:36:54,714] {dag.py:2420} INFO - Sync 1 DAGs
[2022-07-17 19:36:54,728] {logging_mixin.py:115} INFO - [2022-07-17 19:36:54,728] {dag.py:2439} INFO - Creating ORM DAG for example_weekday_branch_operator
[2022-07-17 19:36:54,750] {logging_mixin.py:115} INFO - [2022-07-17 19:36:54,750] {dag.py:2972} INFO - Setting next_dagrun for example_weekday_branch_operator to 2022-07-16T00:00:00+00:00, run_after=2022-07-17T00:00:00+00:00
[2022-07-17 19:36:54,770] {processor.py:161} INFO - Processing /home/airflow/.local/lib/python3.7/site-packages/airflow/example_dags/example_branch_day_of_week_operator.py took 0.202 seconds
[2022-07-17 19:37:25,501] {processor.py:153} INFO - Started process (PID=133) to work on /home/airflow/.local/lib/python3.7/site-packages/airflow/example_dags/example_branch_day_of_week_operator.py
[2022-07-17 19:37:25,501] {processor.py:641} INFO - Processing file /home/airflow/.local/lib/python3.7/site-packages/airflow/example_dags/example_branch_day_of_week_operator.py for tasks to queue
[2022-07-17 19:37:25,502] {logging_mixin.py:115} INFO - [2022-07-17 19:37:25,502] {dagbag.py:508} INFO - Filling up the DagBag from /home/airflow/.local/lib/python3.7/site-packages/airflow/example_dags/example_branch_day_of_week_operator.py
[2022-07-17 19:37:25,510] {processor.py:651} INFO - DAG(s) dict_keys(['example_weekday_branch_operator']) retrieved from /home/airflow/.local/lib/python3.7/site-packages/airflow/example_dags/example_branch_day_of_week_operator.py
[2022-07-17 19:37:25,536] {logging_mixin.py:115} INFO - [2022-07-17 19:37:25,536] {dag.py:2420} INFO - Sync 1 DAGs
[2022-07-17 19:37:25,563] {logging_mixin.py:115} INFO - [2022-07-17 19:37:25,563] {dag.py:2972} INFO - Setting next_dagrun for example_weekday_branch_operator to 2022-07-16T00:00:00+00:00, run_after=2022-07-17T00:00:00+00:00
[2022-07-17 19:37:25,578] {processor.py:161} INFO - Processing /home/airflow/.local/lib/python3.7/site-packages/airflow/example_dags/example_branch_day_of_week_operator.py took 0.080 seconds
[2022-07-17 19:37:56,640] {processor.py:153} INFO - Started process (PID=188) to work on /home/airflow/.local/lib/python3.7/site-packages/airflow/example_dags/example_branch_day_of_week_operator.py
[2022-07-17 19:37:56,641] {processor.py:641} INFO - Processing file /home/airflow/.local/lib/python3.7/site-packages/airflow/example_dags/example_branch_day_of_week_operator.py for tasks to queue
[2022-07-17 19:37:56,641] {logging_mixin.py:115} INFO - [2022-07-17 19:37:56,641] {dagbag.py:508} INFO - Filling up the DagBag from /home/airflow/.local/lib/python3.7/site-packages/airflow/example_dags/example_branch_day_of_week_operator.py
[2022-07-17 19:37:56,650] {processor.py:651} INFO - DAG(s) dict_keys(['example_weekday_branch_operator']) retrieved from /home/airflow/.local/lib/python3.7/site-packages/airflow/example_dags/example_branch_day_of_week_operator.py
[2022-07-17 19:37:56,676] {logging_mixin.py:115} INFO - [2022-07-17 19:37:56,675] {dag.py:2420} INFO - Sync 1 DAGs
[2022-07-17 19:37:56,701] {logging_mixin.py:115} INFO - [2022-07-17 19:37:56,700] {dag.py:2972} INFO - Setting next_dagrun for example_weekday_branch_operator to 2022-07-16T00:00:00+00:00, run_after=2022-07-17T00:00:00+00:00
[2022-07-17 19:37:56,713] {processor.py:161} INFO - Processing /home/airflow/.local/lib/python3.7/site-packages/airflow/example_dags/example_branch_day_of_week_operator.py took 0.076 seconds
[2022-07-17 19:38:26,783] {processor.py:153} INFO - Started process (PID=249) to work on /home/airflow/.local/lib/python3.7/site-packages/airflow/example_dags/example_branch_day_of_week_operator.py
[2022-07-17 19:38:26,784] {processor.py:641} INFO - Processing file /home/airflow/.local/lib/python3.7/site-packages/airflow/example_dags/example_branch_day_of_week_operator.py for tasks to queue
[2022-07-17 19:38:26,784] {logging_mixin.py:115} INFO - [2022-07-17 19:38:26,784] {dagbag.py:508} INFO - Filling up the DagBag from /home/airflow/.local/lib/python3.7/site-packages/airflow/example_dags/example_branch_day_of_week_operator.py
[2022-07-17 19:38:26,794] {processor.py:651} INFO - DAG(s) dict_keys(['example_weekday_branch_operator']) retrieved from /home/airflow/.local/lib/python3.7/site-packages/airflow/example_dags/example_branch_day_of_week_operator.py
[2022-07-17 19:38:26,823] {logging_mixin.py:115} INFO - [2022-07-17 19:38:26,823] {dag.py:2420} INFO - Sync 1 DAGs
[2022-07-17 19:38:26,859] {logging_mixin.py:115} INFO - [2022-07-17 19:38:26,859] {dag.py:2972} INFO - Setting next_dagrun for example_weekday_branch_operator to 2022-07-16T00:00:00+00:00, run_after=2022-07-17T00:00:00+00:00
[2022-07-17 19:38:26,879] {processor.py:161} INFO - Processing /home/airflow/.local/lib/python3.7/site-packages/airflow/example_dags/example_branch_day_of_week_operator.py took 0.100 seconds
[2022-07-17 19:38:57,537] {processor.py:153} INFO - Started process (PID=304) to work on /home/airflow/.local/lib/python3.7/site-packages/airflow/example_dags/example_branch_day_of_week_operator.py
[2022-07-17 19:38:57,537] {processor.py:641} INFO - Processing file /home/airflow/.local/lib/python3.7/site-packages/airflow/example_dags/example_branch_day_of_week_operator.py for tasks to queue
[2022-07-17 19:38:57,538] {logging_mixin.py:115} INFO - [2022-07-17 19:38:57,538] {dagbag.py:508} INFO - Filling up the DagBag from /home/airflow/.local/lib/python3.7/site-packages/airflow/example_dags/example_branch_day_of_week_operator.py
[2022-07-17 19:38:57,546] {processor.py:651} INFO - DAG(s) dict_keys(['example_weekday_branch_operator']) retrieved from /home/airflow/.local/lib/python3.7/site-packages/airflow/example_dags/example_branch_day_of_week_operator.py
[2022-07-17 19:38:57,577] {logging_mixin.py:115} INFO - [2022-07-17 19:38:57,576] {dag.py:2420} INFO - Sync 1 DAGs
[2022-07-17 19:38:57,606] {logging_mixin.py:115} INFO - [2022-07-17 19:38:57,606] {dag.py:2972} INFO - Setting next_dagrun for example_weekday_branch_operator to 2022-07-16T00:00:00+00:00, run_after=2022-07-17T00:00:00+00:00
[2022-07-17 19:38:57,619] {processor.py:161} INFO - Processing /home/airflow/.local/lib/python3.7/site-packages/airflow/example_dags/example_branch_day_of_week_operator.py took 0.085 seconds
[2022-07-17 19:39:27,842] {processor.py:153} INFO - Started process (PID=368) to work on /home/airflow/.local/lib/python3.7/site-packages/airflow/example_dags/example_branch_day_of_week_operator.py
[2022-07-17 19:39:27,842] {processor.py:641} INFO - Processing file /home/airflow/.local/lib/python3.7/site-packages/airflow/example_dags/example_branch_day_of_week_operator.py for tasks to queue
[2022-07-17 19:39:27,843] {logging_mixin.py:115} INFO - [2022-07-17 19:39:27,843] {dagbag.py:508} INFO - Filling up the DagBag from /home/airflow/.local/lib/python3.7/site-packages/airflow/example_dags/example_branch_day_of_week_operator.py
[2022-07-17 19:39:27,851] {processor.py:651} INFO - DAG(s) dict_keys(['example_weekday_branch_operator']) retrieved from /home/airflow/.local/lib/python3.7/site-packages/airflow/example_dags/example_branch_day_of_week_operator.py
[2022-07-17 19:39:27,876] {logging_mixin.py:115} INFO - [2022-07-17 19:39:27,875] {dag.py:2420} INFO - Sync 1 DAGs
[2022-07-17 19:39:27,903] {logging_mixin.py:115} INFO - [2022-07-17 19:39:27,902] {dag.py:2972} INFO - Setting next_dagrun for example_weekday_branch_operator to 2022-07-16T00:00:00+00:00, run_after=2022-07-17T00:00:00+00:00
[2022-07-17 19:39:27,915] {processor.py:161} INFO - Processing /home/airflow/.local/lib/python3.7/site-packages/airflow/example_dags/example_branch_day_of_week_operator.py took 0.076 seconds
[2022-07-17 19:39:58,330] {processor.py:153} INFO - Started process (PID=431) to work on /home/airflow/.local/lib/python3.7/site-packages/airflow/example_dags/example_branch_day_of_week_operator.py
[2022-07-17 19:39:58,331] {processor.py:641} INFO - Processing file /home/airflow/.local/lib/python3.7/site-packages/airflow/example_dags/example_branch_day_of_week_operator.py for tasks to queue
[2022-07-17 19:39:58,332] {logging_mixin.py:115} INFO - [2022-07-17 19:39:58,332] {dagbag.py:508} INFO - Filling up the DagBag from /home/airflow/.local/lib/python3.7/site-packages/airflow/example_dags/example_branch_day_of_week_operator.py
[2022-07-17 19:39:58,342] {processor.py:651} INFO - DAG(s) dict_keys(['example_weekday_branch_operator']) retrieved from /home/airflow/.local/lib/python3.7/site-packages/airflow/example_dags/example_branch_day_of_week_operator.py
[2022-07-17 19:39:58,386] {logging_mixin.py:115} INFO - [2022-07-17 19:39:58,385] {dag.py:2420} INFO - Sync 1 DAGs
[2022-07-17 19:39:58,436] {logging_mixin.py:115} INFO - [2022-07-17 19:39:58,436] {dag.py:2972} INFO - Setting next_dagrun for example_weekday_branch_operator to 2022-07-16T00:00:00+00:00, run_after=2022-07-17T00:00:00+00:00
[2022-07-17 19:39:58,454] {processor.py:161} INFO - Processing /home/airflow/.local/lib/python3.7/site-packages/airflow/example_dags/example_branch_day_of_week_operator.py took 0.127 seconds
[2022-07-17 19:40:28,645] {processor.py:153} INFO - Started process (PID=488) to work on /home/airflow/.local/lib/python3.7/site-packages/airflow/example_dags/example_branch_day_of_week_operator.py
[2022-07-17 19:40:28,646] {processor.py:641} INFO - Processing file /home/airflow/.local/lib/python3.7/site-packages/airflow/example_dags/example_branch_day_of_week_operator.py for tasks to queue
[2022-07-17 19:40:28,647] {logging_mixin.py:115} INFO - [2022-07-17 19:40:28,647] {dagbag.py:508} INFO - Filling up the DagBag from /home/airflow/.local/lib/python3.7/site-packages/airflow/example_dags/example_branch_day_of_week_operator.py
[2022-07-17 19:40:28,659] {processor.py:651} INFO - DAG(s) dict_keys(['example_weekday_branch_operator']) retrieved from /home/airflow/.local/lib/python3.7/site-packages/airflow/example_dags/example_branch_day_of_week_operator.py
[2022-07-17 19:40:28,693] {logging_mixin.py:115} INFO - [2022-07-17 19:40:28,693] {dag.py:2420} INFO - Sync 1 DAGs
[2022-07-17 19:40:28,721] {logging_mixin.py:115} INFO - [2022-07-17 19:40:28,721] {dag.py:2972} INFO - Setting next_dagrun for example_weekday_branch_operator to 2022-07-16T00:00:00+00:00, run_after=2022-07-17T00:00:00+00:00
[2022-07-17 19:40:28,734] {processor.py:161} INFO - Processing /home/airflow/.local/lib/python3.7/site-packages/airflow/example_dags/example_branch_day_of_week_operator.py took 0.093 seconds
[2022-07-17 19:40:59,875] {processor.py:153} INFO - Started process (PID=552) to work on /home/airflow/.local/lib/python3.7/site-packages/airflow/example_dags/example_branch_day_of_week_operator.py
[2022-07-17 19:40:59,875] {processor.py:641} INFO - Processing file /home/airflow/.local/lib/python3.7/site-packages/airflow/example_dags/example_branch_day_of_week_operator.py for tasks to queue
[2022-07-17 19:40:59,876] {logging_mixin.py:115} INFO - [2022-07-17 19:40:59,876] {dagbag.py:508} INFO - Filling up the DagBag from /home/airflow/.local/lib/python3.7/site-packages/airflow/example_dags/example_branch_day_of_week_operator.py
[2022-07-17 19:40:59,885] {processor.py:651} INFO - DAG(s) dict_keys(['example_weekday_branch_operator']) retrieved from /home/airflow/.local/lib/python3.7/site-packages/airflow/example_dags/example_branch_day_of_week_operator.py
[2022-07-17 19:40:59,912] {logging_mixin.py:115} INFO - [2022-07-17 19:40:59,912] {dag.py:2420} INFO - Sync 1 DAGs
[2022-07-17 19:40:59,944] {logging_mixin.py:115} INFO - [2022-07-17 19:40:59,944] {dag.py:2972} INFO - Setting next_dagrun for example_weekday_branch_operator to 2022-07-16T00:00:00+00:00, run_after=2022-07-17T00:00:00+00:00
[2022-07-17 19:40:59,959] {processor.py:161} INFO - Processing /home/airflow/.local/lib/python3.7/site-packages/airflow/example_dags/example_branch_day_of_week_operator.py took 0.087 seconds
[2022-07-17 19:41:30,919] {processor.py:153} INFO - Started process (PID=609) to work on /home/airflow/.local/lib/python3.7/site-packages/airflow/example_dags/example_branch_day_of_week_operator.py
[2022-07-17 19:41:30,920] {processor.py:641} INFO - Processing file /home/airflow/.local/lib/python3.7/site-packages/airflow/example_dags/example_branch_day_of_week_operator.py for tasks to queue
[2022-07-17 19:41:30,920] {logging_mixin.py:115} INFO - [2022-07-17 19:41:30,920] {dagbag.py:508} INFO - Filling up the DagBag from /home/airflow/.local/lib/python3.7/site-packages/airflow/example_dags/example_branch_day_of_week_operator.py
[2022-07-17 19:41:30,931] {processor.py:651} INFO - DAG(s) dict_keys(['example_weekday_branch_operator']) retrieved from /home/airflow/.local/lib/python3.7/site-packages/airflow/example_dags/example_branch_day_of_week_operator.py
[2022-07-17 19:41:30,962] {logging_mixin.py:115} INFO - [2022-07-17 19:41:30,962] {dag.py:2420} INFO - Sync 1 DAGs
[2022-07-17 19:41:30,995] {logging_mixin.py:115} INFO - [2022-07-17 19:41:30,995] {dag.py:2972} INFO - Setting next_dagrun for example_weekday_branch_operator to 2022-07-16T00:00:00+00:00, run_after=2022-07-17T00:00:00+00:00
[2022-07-17 19:41:31,009] {processor.py:161} INFO - Processing /home/airflow/.local/lib/python3.7/site-packages/airflow/example_dags/example_branch_day_of_week_operator.py took 0.094 seconds
[2022-07-17 19:42:01,068] {processor.py:153} INFO - Started process (PID=673) to work on /home/airflow/.local/lib/python3.7/site-packages/airflow/example_dags/example_branch_day_of_week_operator.py
[2022-07-17 19:42:01,068] {processor.py:641} INFO - Processing file /home/airflow/.local/lib/python3.7/site-packages/airflow/example_dags/example_branch_day_of_week_operator.py for tasks to queue
[2022-07-17 19:42:01,069] {logging_mixin.py:115} INFO - [2022-07-17 19:42:01,069] {dagbag.py:508} INFO - Filling up the DagBag from /home/airflow/.local/lib/python3.7/site-packages/airflow/example_dags/example_branch_day_of_week_operator.py
[2022-07-17 19:42:01,077] {processor.py:651} INFO - DAG(s) dict_keys(['example_weekday_branch_operator']) retrieved from /home/airflow/.local/lib/python3.7/site-packages/airflow/example_dags/example_branch_day_of_week_operator.py
[2022-07-17 19:42:01,103] {logging_mixin.py:115} INFO - [2022-07-17 19:42:01,103] {dag.py:2420} INFO - Sync 1 DAGs
[2022-07-17 19:42:01,130] {logging_mixin.py:115} INFO - [2022-07-17 19:42:01,130] {dag.py:2972} INFO - Setting next_dagrun for example_weekday_branch_operator to 2022-07-16T00:00:00+00:00, run_after=2022-07-17T00:00:00+00:00
[2022-07-17 19:42:01,143] {processor.py:161} INFO - Processing /home/airflow/.local/lib/python3.7/site-packages/airflow/example_dags/example_branch_day_of_week_operator.py took 0.079 seconds
[2022-07-17 19:42:31,386] {processor.py:153} INFO - Started process (PID=736) to work on /home/airflow/.local/lib/python3.7/site-packages/airflow/example_dags/example_branch_day_of_week_operator.py
[2022-07-17 19:42:31,387] {processor.py:641} INFO - Processing file /home/airflow/.local/lib/python3.7/site-packages/airflow/example_dags/example_branch_day_of_week_operator.py for tasks to queue
[2022-07-17 19:42:31,388] {logging_mixin.py:115} INFO - [2022-07-17 19:42:31,387] {dagbag.py:508} INFO - Filling up the DagBag from /home/airflow/.local/lib/python3.7/site-packages/airflow/example_dags/example_branch_day_of_week_operator.py
[2022-07-17 19:42:31,404] {processor.py:651} INFO - DAG(s) dict_keys(['example_weekday_branch_operator']) retrieved from /home/airflow/.local/lib/python3.7/site-packages/airflow/example_dags/example_branch_day_of_week_operator.py
[2022-07-17 19:42:31,447] {logging_mixin.py:115} INFO - [2022-07-17 19:42:31,446] {dag.py:2420} INFO - Sync 1 DAGs
[2022-07-17 19:42:31,490] {logging_mixin.py:115} INFO - [2022-07-17 19:42:31,490] {dag.py:2972} INFO - Setting next_dagrun for example_weekday_branch_operator to 2022-07-16T00:00:00+00:00, run_after=2022-07-17T00:00:00+00:00
[2022-07-17 19:42:31,507] {processor.py:161} INFO - Processing /home/airflow/.local/lib/python3.7/site-packages/airflow/example_dags/example_branch_day_of_week_operator.py took 0.127 seconds
[2022-07-17 19:43:01,853] {processor.py:153} INFO - Started process (PID=792) to work on /home/airflow/.local/lib/python3.7/site-packages/airflow/example_dags/example_branch_day_of_week_operator.py
[2022-07-17 19:43:01,853] {processor.py:641} INFO - Processing file /home/airflow/.local/lib/python3.7/site-packages/airflow/example_dags/example_branch_day_of_week_operator.py for tasks to queue
[2022-07-17 19:43:01,854] {logging_mixin.py:115} INFO - [2022-07-17 19:43:01,854] {dagbag.py:508} INFO - Filling up the DagBag from /home/airflow/.local/lib/python3.7/site-packages/airflow/example_dags/example_branch_day_of_week_operator.py
[2022-07-17 19:43:01,863] {processor.py:651} INFO - DAG(s) dict_keys(['example_weekday_branch_operator']) retrieved from /home/airflow/.local/lib/python3.7/site-packages/airflow/example_dags/example_branch_day_of_week_operator.py
[2022-07-17 19:43:01,890] {logging_mixin.py:115} INFO - [2022-07-17 19:43:01,890] {dag.py:2420} INFO - Sync 1 DAGs
[2022-07-17 19:43:01,920] {logging_mixin.py:115} INFO - [2022-07-17 19:43:01,919] {dag.py:2972} INFO - Setting next_dagrun for example_weekday_branch_operator to 2022-07-16T00:00:00+00:00, run_after=2022-07-17T00:00:00+00:00
[2022-07-17 19:43:01,934] {processor.py:161} INFO - Processing /home/airflow/.local/lib/python3.7/site-packages/airflow/example_dags/example_branch_day_of_week_operator.py took 0.084 seconds
[2022-07-17 19:43:32,248] {processor.py:153} INFO - Started process (PID=856) to work on /home/airflow/.local/lib/python3.7/site-packages/airflow/example_dags/example_branch_day_of_week_operator.py
[2022-07-17 19:43:32,248] {processor.py:641} INFO - Processing file /home/airflow/.local/lib/python3.7/site-packages/airflow/example_dags/example_branch_day_of_week_operator.py for tasks to queue
[2022-07-17 19:43:32,249] {logging_mixin.py:115} INFO - [2022-07-17 19:43:32,249] {dagbag.py:508} INFO - Filling up the DagBag from /home/airflow/.local/lib/python3.7/site-packages/airflow/example_dags/example_branch_day_of_week_operator.py
[2022-07-17 19:43:32,260] {processor.py:651} INFO - DAG(s) dict_keys(['example_weekday_branch_operator']) retrieved from /home/airflow/.local/lib/python3.7/site-packages/airflow/example_dags/example_branch_day_of_week_operator.py
[2022-07-17 19:43:32,290] {logging_mixin.py:115} INFO - [2022-07-17 19:43:32,290] {dag.py:2420} INFO - Sync 1 DAGs
[2022-07-17 19:43:32,321] {logging_mixin.py:115} INFO - [2022-07-17 19:43:32,321] {dag.py:2972} INFO - Setting next_dagrun for example_weekday_branch_operator to 2022-07-16T00:00:00+00:00, run_after=2022-07-17T00:00:00+00:00
[2022-07-17 19:43:32,339] {processor.py:161} INFO - Processing /home/airflow/.local/lib/python3.7/site-packages/airflow/example_dags/example_branch_day_of_week_operator.py took 0.095 seconds
[2022-07-17 19:44:02,666] {processor.py:153} INFO - Started process (PID=911) to work on /home/airflow/.local/lib/python3.7/site-packages/airflow/example_dags/example_branch_day_of_week_operator.py
[2022-07-17 19:44:02,666] {processor.py:641} INFO - Processing file /home/airflow/.local/lib/python3.7/site-packages/airflow/example_dags/example_branch_day_of_week_operator.py for tasks to queue
[2022-07-17 19:44:02,667] {logging_mixin.py:115} INFO - [2022-07-17 19:44:02,667] {dagbag.py:508} INFO - Filling up the DagBag from /home/airflow/.local/lib/python3.7/site-packages/airflow/example_dags/example_branch_day_of_week_operator.py
[2022-07-17 19:44:02,679] {processor.py:651} INFO - DAG(s) dict_keys(['example_weekday_branch_operator']) retrieved from /home/airflow/.local/lib/python3.7/site-packages/airflow/example_dags/example_branch_day_of_week_operator.py
[2022-07-17 19:44:02,707] {logging_mixin.py:115} INFO - [2022-07-17 19:44:02,707] {dag.py:2420} INFO - Sync 1 DAGs
[2022-07-17 19:44:02,739] {logging_mixin.py:115} INFO - [2022-07-17 19:44:02,739] {dag.py:2972} INFO - Setting next_dagrun for example_weekday_branch_operator to 2022-07-16T00:00:00+00:00, run_after=2022-07-17T00:00:00+00:00
[2022-07-17 19:44:02,757] {processor.py:161} INFO - Processing /home/airflow/.local/lib/python3.7/site-packages/airflow/example_dags/example_branch_day_of_week_operator.py took 0.094 seconds
[2022-07-17 19:44:33,537] {processor.py:153} INFO - Started process (PID=975) to work on /home/airflow/.local/lib/python3.7/site-packages/airflow/example_dags/example_branch_day_of_week_operator.py
[2022-07-17 19:44:33,538] {processor.py:641} INFO - Processing file /home/airflow/.local/lib/python3.7/site-packages/airflow/example_dags/example_branch_day_of_week_operator.py for tasks to queue
[2022-07-17 19:44:33,538] {logging_mixin.py:115} INFO - [2022-07-17 19:44:33,538] {dagbag.py:508} INFO - Filling up the DagBag from /home/airflow/.local/lib/python3.7/site-packages/airflow/example_dags/example_branch_day_of_week_operator.py
[2022-07-17 19:44:33,547] {processor.py:651} INFO - DAG(s) dict_keys(['example_weekday_branch_operator']) retrieved from /home/airflow/.local/lib/python3.7/site-packages/airflow/example_dags/example_branch_day_of_week_operator.py
[2022-07-17 19:44:33,576] {logging_mixin.py:115} INFO - [2022-07-17 19:44:33,576] {dag.py:2420} INFO - Sync 1 DAGs
[2022-07-17 19:44:33,613] {logging_mixin.py:115} INFO - [2022-07-17 19:44:33,613] {dag.py:2972} INFO - Setting next_dagrun for example_weekday_branch_operator to 2022-07-16T00:00:00+00:00, run_after=2022-07-17T00:00:00+00:00
[2022-07-17 19:44:33,626] {processor.py:161} INFO - Processing /home/airflow/.local/lib/python3.7/site-packages/airflow/example_dags/example_branch_day_of_week_operator.py took 0.092 seconds
[2022-07-17 19:45:03,837] {processor.py:153} INFO - Started process (PID=1030) to work on /home/airflow/.local/lib/python3.7/site-packages/airflow/example_dags/example_branch_day_of_week_operator.py
[2022-07-17 19:45:03,837] {processor.py:641} INFO - Processing file /home/airflow/.local/lib/python3.7/site-packages/airflow/example_dags/example_branch_day_of_week_operator.py for tasks to queue
[2022-07-17 19:45:03,838] {logging_mixin.py:115} INFO - [2022-07-17 19:45:03,838] {dagbag.py:508} INFO - Filling up the DagBag from /home/airflow/.local/lib/python3.7/site-packages/airflow/example_dags/example_branch_day_of_week_operator.py
[2022-07-17 19:45:03,846] {processor.py:651} INFO - DAG(s) dict_keys(['example_weekday_branch_operator']) retrieved from /home/airflow/.local/lib/python3.7/site-packages/airflow/example_dags/example_branch_day_of_week_operator.py
[2022-07-17 19:45:03,871] {logging_mixin.py:115} INFO - [2022-07-17 19:45:03,870] {dag.py:2420} INFO - Sync 1 DAGs
[2022-07-17 19:45:03,897] {logging_mixin.py:115} INFO - [2022-07-17 19:45:03,897] {dag.py:2972} INFO - Setting next_dagrun for example_weekday_branch_operator to 2022-07-16T00:00:00+00:00, run_after=2022-07-17T00:00:00+00:00
[2022-07-17 19:45:03,911] {processor.py:161} INFO - Processing /home/airflow/.local/lib/python3.7/site-packages/airflow/example_dags/example_branch_day_of_week_operator.py took 0.077 seconds
[2022-07-17 19:45:34,711] {processor.py:153} INFO - Started process (PID=1094) to work on /home/airflow/.local/lib/python3.7/site-packages/airflow/example_dags/example_branch_day_of_week_operator.py
[2022-07-17 19:45:34,712] {processor.py:641} INFO - Processing file /home/airflow/.local/lib/python3.7/site-packages/airflow/example_dags/example_branch_day_of_week_operator.py for tasks to queue
[2022-07-17 19:45:34,712] {logging_mixin.py:115} INFO - [2022-07-17 19:45:34,712] {dagbag.py:508} INFO - Filling up the DagBag from /home/airflow/.local/lib/python3.7/site-packages/airflow/example_dags/example_branch_day_of_week_operator.py
[2022-07-17 19:45:34,722] {processor.py:651} INFO - DAG(s) dict_keys(['example_weekday_branch_operator']) retrieved from /home/airflow/.local/lib/python3.7/site-packages/airflow/example_dags/example_branch_day_of_week_operator.py
[2022-07-17 19:45:34,750] {logging_mixin.py:115} INFO - [2022-07-17 19:45:34,750] {dag.py:2420} INFO - Sync 1 DAGs
[2022-07-17 19:45:34,786] {logging_mixin.py:115} INFO - [2022-07-17 19:45:34,786] {dag.py:2972} INFO - Setting next_dagrun for example_weekday_branch_operator to 2022-07-16T00:00:00+00:00, run_after=2022-07-17T00:00:00+00:00
[2022-07-17 19:45:34,808] {processor.py:161} INFO - Processing /home/airflow/.local/lib/python3.7/site-packages/airflow/example_dags/example_branch_day_of_week_operator.py took 0.100 seconds
[2022-07-17 19:46:05,304] {processor.py:153} INFO - Started process (PID=1157) to work on /home/airflow/.local/lib/python3.7/site-packages/airflow/example_dags/example_branch_day_of_week_operator.py
[2022-07-17 19:46:05,305] {processor.py:641} INFO - Processing file /home/airflow/.local/lib/python3.7/site-packages/airflow/example_dags/example_branch_day_of_week_operator.py for tasks to queue
[2022-07-17 19:46:05,306] {logging_mixin.py:115} INFO - [2022-07-17 19:46:05,306] {dagbag.py:508} INFO - Filling up the DagBag from /home/airflow/.local/lib/python3.7/site-packages/airflow/example_dags/example_branch_day_of_week_operator.py
[2022-07-17 19:46:05,316] {processor.py:651} INFO - DAG(s) dict_keys(['example_weekday_branch_operator']) retrieved from /home/airflow/.local/lib/python3.7/site-packages/airflow/example_dags/example_branch_day_of_week_operator.py
[2022-07-17 19:46:05,349] {logging_mixin.py:115} INFO - [2022-07-17 19:46:05,348] {dag.py:2420} INFO - Sync 1 DAGs
[2022-07-17 19:46:05,383] {logging_mixin.py:115} INFO - [2022-07-17 19:46:05,383] {dag.py:2972} INFO - Setting next_dagrun for example_weekday_branch_operator to 2022-07-16T00:00:00+00:00, run_after=2022-07-17T00:00:00+00:00
[2022-07-17 19:46:05,401] {processor.py:161} INFO - Processing /home/airflow/.local/lib/python3.7/site-packages/airflow/example_dags/example_branch_day_of_week_operator.py took 0.101 seconds
[2022-07-17 19:46:35,537] {processor.py:153} INFO - Started process (PID=1212) to work on /home/airflow/.local/lib/python3.7/site-packages/airflow/example_dags/example_branch_day_of_week_operator.py
[2022-07-17 19:46:35,537] {processor.py:641} INFO - Processing file /home/airflow/.local/lib/python3.7/site-packages/airflow/example_dags/example_branch_day_of_week_operator.py for tasks to queue
[2022-07-17 19:46:35,538] {logging_mixin.py:115} INFO - [2022-07-17 19:46:35,537] {dagbag.py:508} INFO - Filling up the DagBag from /home/airflow/.local/lib/python3.7/site-packages/airflow/example_dags/example_branch_day_of_week_operator.py
[2022-07-17 19:46:35,547] {processor.py:651} INFO - DAG(s) dict_keys(['example_weekday_branch_operator']) retrieved from /home/airflow/.local/lib/python3.7/site-packages/airflow/example_dags/example_branch_day_of_week_operator.py
[2022-07-17 19:46:35,576] {logging_mixin.py:115} INFO - [2022-07-17 19:46:35,576] {dag.py:2420} INFO - Sync 1 DAGs
[2022-07-17 19:46:35,608] {logging_mixin.py:115} INFO - [2022-07-17 19:46:35,608] {dag.py:2972} INFO - Setting next_dagrun for example_weekday_branch_operator to 2022-07-16T00:00:00+00:00, run_after=2022-07-17T00:00:00+00:00
[2022-07-17 19:46:35,623] {processor.py:161} INFO - Processing /home/airflow/.local/lib/python3.7/site-packages/airflow/example_dags/example_branch_day_of_week_operator.py took 0.089 seconds
[2022-07-17 19:47:05,761] {processor.py:153} INFO - Started process (PID=1277) to work on /home/airflow/.local/lib/python3.7/site-packages/airflow/example_dags/example_branch_day_of_week_operator.py
[2022-07-17 19:47:05,761] {processor.py:641} INFO - Processing file /home/airflow/.local/lib/python3.7/site-packages/airflow/example_dags/example_branch_day_of_week_operator.py for tasks to queue
[2022-07-17 19:47:05,762] {logging_mixin.py:115} INFO - [2022-07-17 19:47:05,762] {dagbag.py:508} INFO - Filling up the DagBag from /home/airflow/.local/lib/python3.7/site-packages/airflow/example_dags/example_branch_day_of_week_operator.py
[2022-07-17 19:47:05,772] {processor.py:651} INFO - DAG(s) dict_keys(['example_weekday_branch_operator']) retrieved from /home/airflow/.local/lib/python3.7/site-packages/airflow/example_dags/example_branch_day_of_week_operator.py
[2022-07-17 19:47:05,798] {logging_mixin.py:115} INFO - [2022-07-17 19:47:05,798] {dag.py:2420} INFO - Sync 1 DAGs
[2022-07-17 19:47:05,826] {logging_mixin.py:115} INFO - [2022-07-17 19:47:05,825] {dag.py:2972} INFO - Setting next_dagrun for example_weekday_branch_operator to 2022-07-16T00:00:00+00:00, run_after=2022-07-17T00:00:00+00:00
[2022-07-17 19:47:05,839] {processor.py:161} INFO - Processing /home/airflow/.local/lib/python3.7/site-packages/airflow/example_dags/example_branch_day_of_week_operator.py took 0.082 seconds
[2022-07-17 19:47:36,037] {processor.py:153} INFO - Started process (PID=1332) to work on /home/airflow/.local/lib/python3.7/site-packages/airflow/example_dags/example_branch_day_of_week_operator.py
[2022-07-17 19:47:36,037] {processor.py:641} INFO - Processing file /home/airflow/.local/lib/python3.7/site-packages/airflow/example_dags/example_branch_day_of_week_operator.py for tasks to queue
[2022-07-17 19:47:36,038] {logging_mixin.py:115} INFO - [2022-07-17 19:47:36,038] {dagbag.py:508} INFO - Filling up the DagBag from /home/airflow/.local/lib/python3.7/site-packages/airflow/example_dags/example_branch_day_of_week_operator.py
[2022-07-17 19:47:36,048] {processor.py:651} INFO - DAG(s) dict_keys(['example_weekday_branch_operator']) retrieved from /home/airflow/.local/lib/python3.7/site-packages/airflow/example_dags/example_branch_day_of_week_operator.py
[2022-07-17 19:47:36,074] {logging_mixin.py:115} INFO - [2022-07-17 19:47:36,073] {dag.py:2420} INFO - Sync 1 DAGs
[2022-07-17 19:47:36,101] {logging_mixin.py:115} INFO - [2022-07-17 19:47:36,101] {dag.py:2972} INFO - Setting next_dagrun for example_weekday_branch_operator to 2022-07-16T00:00:00+00:00, run_after=2022-07-17T00:00:00+00:00
[2022-07-17 19:47:36,114] {processor.py:161} INFO - Processing /home/airflow/.local/lib/python3.7/site-packages/airflow/example_dags/example_branch_day_of_week_operator.py took 0.081 seconds
[2022-07-17 19:48:06,417] {processor.py:153} INFO - Started process (PID=1399) to work on /home/airflow/.local/lib/python3.7/site-packages/airflow/example_dags/example_branch_day_of_week_operator.py
[2022-07-17 19:48:06,417] {processor.py:641} INFO - Processing file /home/airflow/.local/lib/python3.7/site-packages/airflow/example_dags/example_branch_day_of_week_operator.py for tasks to queue
[2022-07-17 19:48:06,418] {logging_mixin.py:115} INFO - [2022-07-17 19:48:06,418] {dagbag.py:508} INFO - Filling up the DagBag from /home/airflow/.local/lib/python3.7/site-packages/airflow/example_dags/example_branch_day_of_week_operator.py
[2022-07-17 19:48:06,428] {processor.py:651} INFO - DAG(s) dict_keys(['example_weekday_branch_operator']) retrieved from /home/airflow/.local/lib/python3.7/site-packages/airflow/example_dags/example_branch_day_of_week_operator.py
[2022-07-17 19:48:06,454] {logging_mixin.py:115} INFO - [2022-07-17 19:48:06,454] {dag.py:2420} INFO - Sync 1 DAGs
[2022-07-17 19:48:06,480] {logging_mixin.py:115} INFO - [2022-07-17 19:48:06,480] {dag.py:2972} INFO - Setting next_dagrun for example_weekday_branch_operator to 2022-07-16T00:00:00+00:00, run_after=2022-07-17T00:00:00+00:00
[2022-07-17 19:48:06,493] {processor.py:161} INFO - Processing /home/airflow/.local/lib/python3.7/site-packages/airflow/example_dags/example_branch_day_of_week_operator.py took 0.081 seconds
[2022-07-17 19:48:36,733] {processor.py:153} INFO - Started process (PID=1454) to work on /home/airflow/.local/lib/python3.7/site-packages/airflow/example_dags/example_branch_day_of_week_operator.py
[2022-07-17 19:48:36,734] {processor.py:641} INFO - Processing file /home/airflow/.local/lib/python3.7/site-packages/airflow/example_dags/example_branch_day_of_week_operator.py for tasks to queue
[2022-07-17 19:48:36,734] {logging_mixin.py:115} INFO - [2022-07-17 19:48:36,734] {dagbag.py:508} INFO - Filling up the DagBag from /home/airflow/.local/lib/python3.7/site-packages/airflow/example_dags/example_branch_day_of_week_operator.py
[2022-07-17 19:48:36,746] {processor.py:651} INFO - DAG(s) dict_keys(['example_weekday_branch_operator']) retrieved from /home/airflow/.local/lib/python3.7/site-packages/airflow/example_dags/example_branch_day_of_week_operator.py
[2022-07-17 19:48:36,783] {logging_mixin.py:115} INFO - [2022-07-17 19:48:36,783] {dag.py:2420} INFO - Sync 1 DAGs
[2022-07-17 19:48:36,821] {logging_mixin.py:115} INFO - [2022-07-17 19:48:36,821] {dag.py:2972} INFO - Setting next_dagrun for example_weekday_branch_operator to 2022-07-16T00:00:00+00:00, run_after=2022-07-17T00:00:00+00:00
[2022-07-17 19:48:36,837] {processor.py:161} INFO - Processing /home/airflow/.local/lib/python3.7/site-packages/airflow/example_dags/example_branch_day_of_week_operator.py took 0.108 seconds
[2022-07-17 19:49:07,247] {processor.py:153} INFO - Started process (PID=1519) to work on /home/airflow/.local/lib/python3.7/site-packages/airflow/example_dags/example_branch_day_of_week_operator.py
[2022-07-17 19:49:07,247] {processor.py:641} INFO - Processing file /home/airflow/.local/lib/python3.7/site-packages/airflow/example_dags/example_branch_day_of_week_operator.py for tasks to queue
[2022-07-17 19:49:07,248] {logging_mixin.py:115} INFO - [2022-07-17 19:49:07,248] {dagbag.py:508} INFO - Filling up the DagBag from /home/airflow/.local/lib/python3.7/site-packages/airflow/example_dags/example_branch_day_of_week_operator.py
[2022-07-17 19:49:07,257] {processor.py:651} INFO - DAG(s) dict_keys(['example_weekday_branch_operator']) retrieved from /home/airflow/.local/lib/python3.7/site-packages/airflow/example_dags/example_branch_day_of_week_operator.py
[2022-07-17 19:49:07,288] {logging_mixin.py:115} INFO - [2022-07-17 19:49:07,288] {dag.py:2420} INFO - Sync 1 DAGs
[2022-07-17 19:49:07,315] {logging_mixin.py:115} INFO - [2022-07-17 19:49:07,315] {dag.py:2972} INFO - Setting next_dagrun for example_weekday_branch_operator to 2022-07-16T00:00:00+00:00, run_after=2022-07-17T00:00:00+00:00
[2022-07-17 19:49:07,328] {processor.py:161} INFO - Processing /home/airflow/.local/lib/python3.7/site-packages/airflow/example_dags/example_branch_day_of_week_operator.py took 0.085 seconds
[2022-07-17 19:49:37,705] {processor.py:153} INFO - Started process (PID=1583) to work on /home/airflow/.local/lib/python3.7/site-packages/airflow/example_dags/example_branch_day_of_week_operator.py
[2022-07-17 19:49:37,706] {processor.py:641} INFO - Processing file /home/airflow/.local/lib/python3.7/site-packages/airflow/example_dags/example_branch_day_of_week_operator.py for tasks to queue
[2022-07-17 19:49:37,707] {logging_mixin.py:115} INFO - [2022-07-17 19:49:37,706] {dagbag.py:508} INFO - Filling up the DagBag from /home/airflow/.local/lib/python3.7/site-packages/airflow/example_dags/example_branch_day_of_week_operator.py
[2022-07-17 19:49:37,715] {processor.py:651} INFO - DAG(s) dict_keys(['example_weekday_branch_operator']) retrieved from /home/airflow/.local/lib/python3.7/site-packages/airflow/example_dags/example_branch_day_of_week_operator.py
[2022-07-17 19:49:37,741] {logging_mixin.py:115} INFO - [2022-07-17 19:49:37,741] {dag.py:2420} INFO - Sync 1 DAGs
[2022-07-17 19:49:37,768] {logging_mixin.py:115} INFO - [2022-07-17 19:49:37,768] {dag.py:2972} INFO - Setting next_dagrun for example_weekday_branch_operator to 2022-07-16T00:00:00+00:00, run_after=2022-07-17T00:00:00+00:00
[2022-07-17 19:49:37,782] {processor.py:161} INFO - Processing /home/airflow/.local/lib/python3.7/site-packages/airflow/example_dags/example_branch_day_of_week_operator.py took 0.080 seconds
[2022-07-17 19:50:08,019] {processor.py:153} INFO - Started process (PID=1638) to work on /home/airflow/.local/lib/python3.7/site-packages/airflow/example_dags/example_branch_day_of_week_operator.py
[2022-07-17 19:50:08,020] {processor.py:641} INFO - Processing file /home/airflow/.local/lib/python3.7/site-packages/airflow/example_dags/example_branch_day_of_week_operator.py for tasks to queue
[2022-07-17 19:50:08,020] {logging_mixin.py:115} INFO - [2022-07-17 19:50:08,020] {dagbag.py:508} INFO - Filling up the DagBag from /home/airflow/.local/lib/python3.7/site-packages/airflow/example_dags/example_branch_day_of_week_operator.py
[2022-07-17 19:50:08,029] {processor.py:651} INFO - DAG(s) dict_keys(['example_weekday_branch_operator']) retrieved from /home/airflow/.local/lib/python3.7/site-packages/airflow/example_dags/example_branch_day_of_week_operator.py
[2022-07-17 19:50:08,058] {logging_mixin.py:115} INFO - [2022-07-17 19:50:08,058] {dag.py:2420} INFO - Sync 1 DAGs
[2022-07-17 19:50:08,085] {logging_mixin.py:115} INFO - [2022-07-17 19:50:08,085] {dag.py:2972} INFO - Setting next_dagrun for example_weekday_branch_operator to 2022-07-16T00:00:00+00:00, run_after=2022-07-17T00:00:00+00:00
[2022-07-17 19:50:08,099] {processor.py:161} INFO - Processing /home/airflow/.local/lib/python3.7/site-packages/airflow/example_dags/example_branch_day_of_week_operator.py took 0.083 seconds
[2022-07-17 19:50:38,288] {processor.py:153} INFO - Started process (PID=1703) to work on /home/airflow/.local/lib/python3.7/site-packages/airflow/example_dags/example_branch_day_of_week_operator.py
[2022-07-17 19:50:38,289] {processor.py:641} INFO - Processing file /home/airflow/.local/lib/python3.7/site-packages/airflow/example_dags/example_branch_day_of_week_operator.py for tasks to queue
[2022-07-17 19:50:38,289] {logging_mixin.py:115} INFO - [2022-07-17 19:50:38,289] {dagbag.py:508} INFO - Filling up the DagBag from /home/airflow/.local/lib/python3.7/site-packages/airflow/example_dags/example_branch_day_of_week_operator.py
[2022-07-17 19:50:38,302] {processor.py:651} INFO - DAG(s) dict_keys(['example_weekday_branch_operator']) retrieved from /home/airflow/.local/lib/python3.7/site-packages/airflow/example_dags/example_branch_day_of_week_operator.py
[2022-07-17 19:50:38,335] {logging_mixin.py:115} INFO - [2022-07-17 19:50:38,335] {dag.py:2420} INFO - Sync 1 DAGs
[2022-07-17 19:50:38,364] {logging_mixin.py:115} INFO - [2022-07-17 19:50:38,364] {dag.py:2972} INFO - Setting next_dagrun for example_weekday_branch_operator to 2022-07-16T00:00:00+00:00, run_after=2022-07-17T00:00:00+00:00
[2022-07-17 19:50:38,381] {processor.py:161} INFO - Processing /home/airflow/.local/lib/python3.7/site-packages/airflow/example_dags/example_branch_day_of_week_operator.py took 0.101 seconds
[2022-07-17 19:51:08,610] {processor.py:153} INFO - Started process (PID=1760) to work on /home/airflow/.local/lib/python3.7/site-packages/airflow/example_dags/example_branch_day_of_week_operator.py
[2022-07-17 19:51:08,611] {processor.py:641} INFO - Processing file /home/airflow/.local/lib/python3.7/site-packages/airflow/example_dags/example_branch_day_of_week_operator.py for tasks to queue
[2022-07-17 19:51:08,611] {logging_mixin.py:115} INFO - [2022-07-17 19:51:08,611] {dagbag.py:508} INFO - Filling up the DagBag from /home/airflow/.local/lib/python3.7/site-packages/airflow/example_dags/example_branch_day_of_week_operator.py
[2022-07-17 19:51:08,620] {processor.py:651} INFO - DAG(s) dict_keys(['example_weekday_branch_operator']) retrieved from /home/airflow/.local/lib/python3.7/site-packages/airflow/example_dags/example_branch_day_of_week_operator.py
[2022-07-17 19:51:08,650] {logging_mixin.py:115} INFO - [2022-07-17 19:51:08,650] {dag.py:2420} INFO - Sync 1 DAGs
[2022-07-17 19:51:08,680] {logging_mixin.py:115} INFO - [2022-07-17 19:51:08,680] {dag.py:2972} INFO - Setting next_dagrun for example_weekday_branch_operator to 2022-07-16T00:00:00+00:00, run_after=2022-07-17T00:00:00+00:00
[2022-07-17 19:51:08,693] {processor.py:161} INFO - Processing /home/airflow/.local/lib/python3.7/site-packages/airflow/example_dags/example_branch_day_of_week_operator.py took 0.086 seconds
[2022-07-17 19:51:38,817] {processor.py:153} INFO - Started process (PID=1824) to work on /home/airflow/.local/lib/python3.7/site-packages/airflow/example_dags/example_branch_day_of_week_operator.py
[2022-07-17 19:51:38,818] {processor.py:641} INFO - Processing file /home/airflow/.local/lib/python3.7/site-packages/airflow/example_dags/example_branch_day_of_week_operator.py for tasks to queue
[2022-07-17 19:51:38,818] {logging_mixin.py:115} INFO - [2022-07-17 19:51:38,818] {dagbag.py:508} INFO - Filling up the DagBag from /home/airflow/.local/lib/python3.7/site-packages/airflow/example_dags/example_branch_day_of_week_operator.py
[2022-07-17 19:51:38,830] {processor.py:651} INFO - DAG(s) dict_keys(['example_weekday_branch_operator']) retrieved from /home/airflow/.local/lib/python3.7/site-packages/airflow/example_dags/example_branch_day_of_week_operator.py
[2022-07-17 19:51:38,858] {logging_mixin.py:115} INFO - [2022-07-17 19:51:38,858] {dag.py:2420} INFO - Sync 1 DAGs
[2022-07-17 19:51:38,902] {logging_mixin.py:115} INFO - [2022-07-17 19:51:38,902] {dag.py:2972} INFO - Setting next_dagrun for example_weekday_branch_operator to 2022-07-16T00:00:00+00:00, run_after=2022-07-17T00:00:00+00:00
[2022-07-17 19:51:38,923] {processor.py:161} INFO - Processing /home/airflow/.local/lib/python3.7/site-packages/airflow/example_dags/example_branch_day_of_week_operator.py took 0.110 seconds
[2022-07-17 19:52:09,408] {processor.py:153} INFO - Started process (PID=1879) to work on /home/airflow/.local/lib/python3.7/site-packages/airflow/example_dags/example_branch_day_of_week_operator.py
[2022-07-17 19:52:09,409] {processor.py:641} INFO - Processing file /home/airflow/.local/lib/python3.7/site-packages/airflow/example_dags/example_branch_day_of_week_operator.py for tasks to queue
[2022-07-17 19:52:09,409] {logging_mixin.py:115} INFO - [2022-07-17 19:52:09,409] {dagbag.py:508} INFO - Filling up the DagBag from /home/airflow/.local/lib/python3.7/site-packages/airflow/example_dags/example_branch_day_of_week_operator.py
[2022-07-17 19:52:09,420] {processor.py:651} INFO - DAG(s) dict_keys(['example_weekday_branch_operator']) retrieved from /home/airflow/.local/lib/python3.7/site-packages/airflow/example_dags/example_branch_day_of_week_operator.py
[2022-07-17 19:52:09,451] {logging_mixin.py:115} INFO - [2022-07-17 19:52:09,451] {dag.py:2420} INFO - Sync 1 DAGs
[2022-07-17 19:52:09,485] {logging_mixin.py:115} INFO - [2022-07-17 19:52:09,484] {dag.py:2972} INFO - Setting next_dagrun for example_weekday_branch_operator to 2022-07-16T00:00:00+00:00, run_after=2022-07-17T00:00:00+00:00
[2022-07-17 19:52:09,503] {processor.py:161} INFO - Processing /home/airflow/.local/lib/python3.7/site-packages/airflow/example_dags/example_branch_day_of_week_operator.py took 0.098 seconds
[2022-07-17 19:52:39,547] {processor.py:153} INFO - Started process (PID=1943) to work on /home/airflow/.local/lib/python3.7/site-packages/airflow/example_dags/example_branch_day_of_week_operator.py
[2022-07-17 19:52:39,548] {processor.py:641} INFO - Processing file /home/airflow/.local/lib/python3.7/site-packages/airflow/example_dags/example_branch_day_of_week_operator.py for tasks to queue
[2022-07-17 19:52:39,549] {logging_mixin.py:115} INFO - [2022-07-17 19:52:39,549] {dagbag.py:508} INFO - Filling up the DagBag from /home/airflow/.local/lib/python3.7/site-packages/airflow/example_dags/example_branch_day_of_week_operator.py
[2022-07-17 19:52:39,561] {processor.py:651} INFO - DAG(s) dict_keys(['example_weekday_branch_operator']) retrieved from /home/airflow/.local/lib/python3.7/site-packages/airflow/example_dags/example_branch_day_of_week_operator.py
[2022-07-17 19:52:39,590] {logging_mixin.py:115} INFO - [2022-07-17 19:52:39,590] {dag.py:2420} INFO - Sync 1 DAGs
[2022-07-17 19:52:39,623] {logging_mixin.py:115} INFO - [2022-07-17 19:52:39,623] {dag.py:2972} INFO - Setting next_dagrun for example_weekday_branch_operator to 2022-07-16T00:00:00+00:00, run_after=2022-07-17T00:00:00+00:00
[2022-07-17 19:52:39,640] {processor.py:161} INFO - Processing /home/airflow/.local/lib/python3.7/site-packages/airflow/example_dags/example_branch_day_of_week_operator.py took 0.096 seconds
[2022-07-17 19:53:09,780] {processor.py:153} INFO - Started process (PID=1997) to work on /home/airflow/.local/lib/python3.7/site-packages/airflow/example_dags/example_branch_day_of_week_operator.py
[2022-07-17 19:53:09,781] {processor.py:641} INFO - Processing file /home/airflow/.local/lib/python3.7/site-packages/airflow/example_dags/example_branch_day_of_week_operator.py for tasks to queue
[2022-07-17 19:53:09,781] {logging_mixin.py:115} INFO - [2022-07-17 19:53:09,781] {dagbag.py:508} INFO - Filling up the DagBag from /home/airflow/.local/lib/python3.7/site-packages/airflow/example_dags/example_branch_day_of_week_operator.py
[2022-07-17 19:53:09,791] {processor.py:651} INFO - DAG(s) dict_keys(['example_weekday_branch_operator']) retrieved from /home/airflow/.local/lib/python3.7/site-packages/airflow/example_dags/example_branch_day_of_week_operator.py
[2022-07-17 19:53:09,815] {logging_mixin.py:115} INFO - [2022-07-17 19:53:09,815] {dag.py:2420} INFO - Sync 1 DAGs
[2022-07-17 19:53:09,843] {logging_mixin.py:115} INFO - [2022-07-17 19:53:09,843] {dag.py:2972} INFO - Setting next_dagrun for example_weekday_branch_operator to 2022-07-16T00:00:00+00:00, run_after=2022-07-17T00:00:00+00:00
[2022-07-17 19:53:09,856] {processor.py:161} INFO - Processing /home/airflow/.local/lib/python3.7/site-packages/airflow/example_dags/example_branch_day_of_week_operator.py took 0.079 seconds
[2022-07-17 19:53:40,172] {processor.py:153} INFO - Started process (PID=2060) to work on /home/airflow/.local/lib/python3.7/site-packages/airflow/example_dags/example_branch_day_of_week_operator.py
[2022-07-17 19:53:40,174] {processor.py:641} INFO - Processing file /home/airflow/.local/lib/python3.7/site-packages/airflow/example_dags/example_branch_day_of_week_operator.py for tasks to queue
[2022-07-17 19:53:40,175] {logging_mixin.py:115} INFO - [2022-07-17 19:53:40,175] {dagbag.py:508} INFO - Filling up the DagBag from /home/airflow/.local/lib/python3.7/site-packages/airflow/example_dags/example_branch_day_of_week_operator.py
[2022-07-17 19:53:40,185] {processor.py:651} INFO - DAG(s) dict_keys(['example_weekday_branch_operator']) retrieved from /home/airflow/.local/lib/python3.7/site-packages/airflow/example_dags/example_branch_day_of_week_operator.py
[2022-07-17 19:53:40,228] {logging_mixin.py:115} INFO - [2022-07-17 19:53:40,228] {dag.py:2420} INFO - Sync 1 DAGs
[2022-07-17 19:53:40,257] {logging_mixin.py:115} INFO - [2022-07-17 19:53:40,257] {dag.py:2972} INFO - Setting next_dagrun for example_weekday_branch_operator to 2022-07-16T00:00:00+00:00, run_after=2022-07-17T00:00:00+00:00
[2022-07-17 19:53:40,269] {processor.py:161} INFO - Processing /home/airflow/.local/lib/python3.7/site-packages/airflow/example_dags/example_branch_day_of_week_operator.py took 0.102 seconds
[2022-07-17 19:54:10,476] {processor.py:153} INFO - Started process (PID=2125) to work on /home/airflow/.local/lib/python3.7/site-packages/airflow/example_dags/example_branch_day_of_week_operator.py
[2022-07-17 19:54:10,477] {processor.py:641} INFO - Processing file /home/airflow/.local/lib/python3.7/site-packages/airflow/example_dags/example_branch_day_of_week_operator.py for tasks to queue
[2022-07-17 19:54:10,478] {logging_mixin.py:115} INFO - [2022-07-17 19:54:10,478] {dagbag.py:508} INFO - Filling up the DagBag from /home/airflow/.local/lib/python3.7/site-packages/airflow/example_dags/example_branch_day_of_week_operator.py
[2022-07-17 19:54:10,489] {processor.py:651} INFO - DAG(s) dict_keys(['example_weekday_branch_operator']) retrieved from /home/airflow/.local/lib/python3.7/site-packages/airflow/example_dags/example_branch_day_of_week_operator.py
[2022-07-17 19:54:10,529] {logging_mixin.py:115} INFO - [2022-07-17 19:54:10,528] {dag.py:2420} INFO - Sync 1 DAGs
[2022-07-17 19:54:10,568] {logging_mixin.py:115} INFO - [2022-07-17 19:54:10,568] {dag.py:2972} INFO - Setting next_dagrun for example_weekday_branch_operator to 2022-07-16T00:00:00+00:00, run_after=2022-07-17T00:00:00+00:00
[2022-07-17 19:54:10,583] {processor.py:161} INFO - Processing /home/airflow/.local/lib/python3.7/site-packages/airflow/example_dags/example_branch_day_of_week_operator.py took 0.110 seconds
[2022-07-17 19:54:40,638] {processor.py:153} INFO - Started process (PID=2180) to work on /home/airflow/.local/lib/python3.7/site-packages/airflow/example_dags/example_branch_day_of_week_operator.py
[2022-07-17 19:54:40,638] {processor.py:641} INFO - Processing file /home/airflow/.local/lib/python3.7/site-packages/airflow/example_dags/example_branch_day_of_week_operator.py for tasks to queue
[2022-07-17 19:54:40,639] {logging_mixin.py:115} INFO - [2022-07-17 19:54:40,639] {dagbag.py:508} INFO - Filling up the DagBag from /home/airflow/.local/lib/python3.7/site-packages/airflow/example_dags/example_branch_day_of_week_operator.py
[2022-07-17 19:54:40,649] {processor.py:651} INFO - DAG(s) dict_keys(['example_weekday_branch_operator']) retrieved from /home/airflow/.local/lib/python3.7/site-packages/airflow/example_dags/example_branch_day_of_week_operator.py
[2022-07-17 19:54:40,674] {logging_mixin.py:115} INFO - [2022-07-17 19:54:40,674] {dag.py:2420} INFO - Sync 1 DAGs
[2022-07-17 19:54:40,702] {logging_mixin.py:115} INFO - [2022-07-17 19:54:40,702] {dag.py:2972} INFO - Setting next_dagrun for example_weekday_branch_operator to 2022-07-16T00:00:00+00:00, run_after=2022-07-17T00:00:00+00:00
[2022-07-17 19:54:40,715] {processor.py:161} INFO - Processing /home/airflow/.local/lib/python3.7/site-packages/airflow/example_dags/example_branch_day_of_week_operator.py took 0.081 seconds
[2022-07-17 19:55:10,816] {processor.py:153} INFO - Started process (PID=2244) to work on /home/airflow/.local/lib/python3.7/site-packages/airflow/example_dags/example_branch_day_of_week_operator.py
[2022-07-17 19:55:10,816] {processor.py:641} INFO - Processing file /home/airflow/.local/lib/python3.7/site-packages/airflow/example_dags/example_branch_day_of_week_operator.py for tasks to queue
[2022-07-17 19:55:10,817] {logging_mixin.py:115} INFO - [2022-07-17 19:55:10,817] {dagbag.py:508} INFO - Filling up the DagBag from /home/airflow/.local/lib/python3.7/site-packages/airflow/example_dags/example_branch_day_of_week_operator.py
[2022-07-17 19:55:10,826] {processor.py:651} INFO - DAG(s) dict_keys(['example_weekday_branch_operator']) retrieved from /home/airflow/.local/lib/python3.7/site-packages/airflow/example_dags/example_branch_day_of_week_operator.py
[2022-07-17 19:55:10,851] {logging_mixin.py:115} INFO - [2022-07-17 19:55:10,851] {dag.py:2420} INFO - Sync 1 DAGs
[2022-07-17 19:55:10,878] {logging_mixin.py:115} INFO - [2022-07-17 19:55:10,878] {dag.py:2972} INFO - Setting next_dagrun for example_weekday_branch_operator to 2022-07-16T00:00:00+00:00, run_after=2022-07-17T00:00:00+00:00
[2022-07-17 19:55:10,891] {processor.py:161} INFO - Processing /home/airflow/.local/lib/python3.7/site-packages/airflow/example_dags/example_branch_day_of_week_operator.py took 0.078 seconds
[2022-07-17 19:55:41,352] {processor.py:153} INFO - Started process (PID=2301) to work on /home/airflow/.local/lib/python3.7/site-packages/airflow/example_dags/example_branch_day_of_week_operator.py
[2022-07-17 19:55:41,353] {processor.py:641} INFO - Processing file /home/airflow/.local/lib/python3.7/site-packages/airflow/example_dags/example_branch_day_of_week_operator.py for tasks to queue
[2022-07-17 19:55:41,353] {logging_mixin.py:115} INFO - [2022-07-17 19:55:41,353] {dagbag.py:508} INFO - Filling up the DagBag from /home/airflow/.local/lib/python3.7/site-packages/airflow/example_dags/example_branch_day_of_week_operator.py
[2022-07-17 19:55:41,363] {processor.py:651} INFO - DAG(s) dict_keys(['example_weekday_branch_operator']) retrieved from /home/airflow/.local/lib/python3.7/site-packages/airflow/example_dags/example_branch_day_of_week_operator.py
[2022-07-17 19:55:41,389] {logging_mixin.py:115} INFO - [2022-07-17 19:55:41,389] {dag.py:2420} INFO - Sync 1 DAGs
[2022-07-17 19:55:41,421] {logging_mixin.py:115} INFO - [2022-07-17 19:55:41,421] {dag.py:2972} INFO - Setting next_dagrun for example_weekday_branch_operator to 2022-07-16T00:00:00+00:00, run_after=2022-07-17T00:00:00+00:00
[2022-07-17 19:55:41,435] {processor.py:161} INFO - Processing /home/airflow/.local/lib/python3.7/site-packages/airflow/example_dags/example_branch_day_of_week_operator.py took 0.086 seconds
[2022-07-17 19:56:12,016] {processor.py:153} INFO - Started process (PID=2367) to work on /home/airflow/.local/lib/python3.7/site-packages/airflow/example_dags/example_branch_day_of_week_operator.py
[2022-07-17 19:56:12,017] {processor.py:641} INFO - Processing file /home/airflow/.local/lib/python3.7/site-packages/airflow/example_dags/example_branch_day_of_week_operator.py for tasks to queue
[2022-07-17 19:56:12,017] {logging_mixin.py:115} INFO - [2022-07-17 19:56:12,017] {dagbag.py:508} INFO - Filling up the DagBag from /home/airflow/.local/lib/python3.7/site-packages/airflow/example_dags/example_branch_day_of_week_operator.py
[2022-07-17 19:56:12,027] {processor.py:651} INFO - DAG(s) dict_keys(['example_weekday_branch_operator']) retrieved from /home/airflow/.local/lib/python3.7/site-packages/airflow/example_dags/example_branch_day_of_week_operator.py
[2022-07-17 19:56:12,051] {logging_mixin.py:115} INFO - [2022-07-17 19:56:12,051] {dag.py:2420} INFO - Sync 1 DAGs
[2022-07-17 19:56:12,084] {logging_mixin.py:115} INFO - [2022-07-17 19:56:12,084] {dag.py:2972} INFO - Setting next_dagrun for example_weekday_branch_operator to 2022-07-16T00:00:00+00:00, run_after=2022-07-17T00:00:00+00:00
[2022-07-17 19:56:12,099] {processor.py:161} INFO - Processing /home/airflow/.local/lib/python3.7/site-packages/airflow/example_dags/example_branch_day_of_week_operator.py took 0.086 seconds
[2022-07-17 19:56:42,172] {processor.py:153} INFO - Started process (PID=2422) to work on /home/airflow/.local/lib/python3.7/site-packages/airflow/example_dags/example_branch_day_of_week_operator.py
[2022-07-17 19:56:42,173] {processor.py:641} INFO - Processing file /home/airflow/.local/lib/python3.7/site-packages/airflow/example_dags/example_branch_day_of_week_operator.py for tasks to queue
[2022-07-17 19:56:42,173] {logging_mixin.py:115} INFO - [2022-07-17 19:56:42,173] {dagbag.py:508} INFO - Filling up the DagBag from /home/airflow/.local/lib/python3.7/site-packages/airflow/example_dags/example_branch_day_of_week_operator.py
[2022-07-17 19:56:42,184] {processor.py:651} INFO - DAG(s) dict_keys(['example_weekday_branch_operator']) retrieved from /home/airflow/.local/lib/python3.7/site-packages/airflow/example_dags/example_branch_day_of_week_operator.py
[2022-07-17 19:56:42,213] {logging_mixin.py:115} INFO - [2022-07-17 19:56:42,213] {dag.py:2420} INFO - Sync 1 DAGs
[2022-07-17 19:56:42,244] {logging_mixin.py:115} INFO - [2022-07-17 19:56:42,244] {dag.py:2972} INFO - Setting next_dagrun for example_weekday_branch_operator to 2022-07-16T00:00:00+00:00, run_after=2022-07-17T00:00:00+00:00
[2022-07-17 19:56:42,259] {processor.py:161} INFO - Processing /home/airflow/.local/lib/python3.7/site-packages/airflow/example_dags/example_branch_day_of_week_operator.py took 0.091 seconds
[2022-07-17 19:57:12,360] {processor.py:153} INFO - Started process (PID=2486) to work on /home/airflow/.local/lib/python3.7/site-packages/airflow/example_dags/example_branch_day_of_week_operator.py
[2022-07-17 19:57:12,360] {processor.py:641} INFO - Processing file /home/airflow/.local/lib/python3.7/site-packages/airflow/example_dags/example_branch_day_of_week_operator.py for tasks to queue
[2022-07-17 19:57:12,361] {logging_mixin.py:115} INFO - [2022-07-17 19:57:12,361] {dagbag.py:508} INFO - Filling up the DagBag from /home/airflow/.local/lib/python3.7/site-packages/airflow/example_dags/example_branch_day_of_week_operator.py
[2022-07-17 19:57:12,369] {processor.py:651} INFO - DAG(s) dict_keys(['example_weekday_branch_operator']) retrieved from /home/airflow/.local/lib/python3.7/site-packages/airflow/example_dags/example_branch_day_of_week_operator.py
[2022-07-17 19:57:12,394] {logging_mixin.py:115} INFO - [2022-07-17 19:57:12,394] {dag.py:2420} INFO - Sync 1 DAGs
[2022-07-17 19:57:12,423] {logging_mixin.py:115} INFO - [2022-07-17 19:57:12,422] {dag.py:2972} INFO - Setting next_dagrun for example_weekday_branch_operator to 2022-07-16T00:00:00+00:00, run_after=2022-07-17T00:00:00+00:00
[2022-07-17 19:57:12,436] {processor.py:161} INFO - Processing /home/airflow/.local/lib/python3.7/site-packages/airflow/example_dags/example_branch_day_of_week_operator.py took 0.080 seconds
[2022-07-17 19:57:42,770] {processor.py:153} INFO - Started process (PID=2550) to work on /home/airflow/.local/lib/python3.7/site-packages/airflow/example_dags/example_branch_day_of_week_operator.py
[2022-07-17 19:57:42,771] {processor.py:641} INFO - Processing file /home/airflow/.local/lib/python3.7/site-packages/airflow/example_dags/example_branch_day_of_week_operator.py for tasks to queue
[2022-07-17 19:57:42,771] {logging_mixin.py:115} INFO - [2022-07-17 19:57:42,771] {dagbag.py:508} INFO - Filling up the DagBag from /home/airflow/.local/lib/python3.7/site-packages/airflow/example_dags/example_branch_day_of_week_operator.py
[2022-07-17 19:57:42,786] {processor.py:651} INFO - DAG(s) dict_keys(['example_weekday_branch_operator']) retrieved from /home/airflow/.local/lib/python3.7/site-packages/airflow/example_dags/example_branch_day_of_week_operator.py
[2022-07-17 19:57:42,820] {logging_mixin.py:115} INFO - [2022-07-17 19:57:42,820] {dag.py:2420} INFO - Sync 1 DAGs
[2022-07-17 19:57:42,856] {logging_mixin.py:115} INFO - [2022-07-17 19:57:42,856] {dag.py:2972} INFO - Setting next_dagrun for example_weekday_branch_operator to 2022-07-16T00:00:00+00:00, run_after=2022-07-17T00:00:00+00:00
[2022-07-17 19:57:42,874] {processor.py:161} INFO - Processing /home/airflow/.local/lib/python3.7/site-packages/airflow/example_dags/example_branch_day_of_week_operator.py took 0.108 seconds
[2022-07-17 19:58:12,958] {processor.py:153} INFO - Started process (PID=2605) to work on /home/airflow/.local/lib/python3.7/site-packages/airflow/example_dags/example_branch_day_of_week_operator.py
[2022-07-17 19:58:12,958] {processor.py:641} INFO - Processing file /home/airflow/.local/lib/python3.7/site-packages/airflow/example_dags/example_branch_day_of_week_operator.py for tasks to queue
[2022-07-17 19:58:12,959] {logging_mixin.py:115} INFO - [2022-07-17 19:58:12,959] {dagbag.py:508} INFO - Filling up the DagBag from /home/airflow/.local/lib/python3.7/site-packages/airflow/example_dags/example_branch_day_of_week_operator.py
[2022-07-17 19:58:12,968] {processor.py:651} INFO - DAG(s) dict_keys(['example_weekday_branch_operator']) retrieved from /home/airflow/.local/lib/python3.7/site-packages/airflow/example_dags/example_branch_day_of_week_operator.py
[2022-07-17 19:58:12,995] {logging_mixin.py:115} INFO - [2022-07-17 19:58:12,994] {dag.py:2420} INFO - Sync 1 DAGs
[2022-07-17 19:58:13,025] {logging_mixin.py:115} INFO - [2022-07-17 19:58:13,025] {dag.py:2972} INFO - Setting next_dagrun for example_weekday_branch_operator to 2022-07-16T00:00:00+00:00, run_after=2022-07-17T00:00:00+00:00
[2022-07-17 19:58:13,040] {processor.py:161} INFO - Processing /home/airflow/.local/lib/python3.7/site-packages/airflow/example_dags/example_branch_day_of_week_operator.py took 0.085 seconds
[2022-07-17 19:58:43,974] {processor.py:153} INFO - Started process (PID=2669) to work on /home/airflow/.local/lib/python3.7/site-packages/airflow/example_dags/example_branch_day_of_week_operator.py
[2022-07-17 19:58:43,974] {processor.py:641} INFO - Processing file /home/airflow/.local/lib/python3.7/site-packages/airflow/example_dags/example_branch_day_of_week_operator.py for tasks to queue
[2022-07-17 19:58:43,975] {logging_mixin.py:115} INFO - [2022-07-17 19:58:43,975] {dagbag.py:508} INFO - Filling up the DagBag from /home/airflow/.local/lib/python3.7/site-packages/airflow/example_dags/example_branch_day_of_week_operator.py
[2022-07-17 19:58:43,987] {processor.py:651} INFO - DAG(s) dict_keys(['example_weekday_branch_operator']) retrieved from /home/airflow/.local/lib/python3.7/site-packages/airflow/example_dags/example_branch_day_of_week_operator.py
[2022-07-17 19:58:44,020] {logging_mixin.py:115} INFO - [2022-07-17 19:58:44,020] {dag.py:2420} INFO - Sync 1 DAGs
[2022-07-17 19:58:44,046] {logging_mixin.py:115} INFO - [2022-07-17 19:58:44,046] {dag.py:2972} INFO - Setting next_dagrun for example_weekday_branch_operator to 2022-07-16T00:00:00+00:00, run_after=2022-07-17T00:00:00+00:00
[2022-07-17 19:58:44,060] {processor.py:161} INFO - Processing /home/airflow/.local/lib/python3.7/site-packages/airflow/example_dags/example_branch_day_of_week_operator.py took 0.090 seconds
[2022-07-17 19:59:14,457] {processor.py:153} INFO - Started process (PID=2724) to work on /home/airflow/.local/lib/python3.7/site-packages/airflow/example_dags/example_branch_day_of_week_operator.py
[2022-07-17 19:59:14,457] {processor.py:641} INFO - Processing file /home/airflow/.local/lib/python3.7/site-packages/airflow/example_dags/example_branch_day_of_week_operator.py for tasks to queue
[2022-07-17 19:59:14,458] {logging_mixin.py:115} INFO - [2022-07-17 19:59:14,458] {dagbag.py:508} INFO - Filling up the DagBag from /home/airflow/.local/lib/python3.7/site-packages/airflow/example_dags/example_branch_day_of_week_operator.py
[2022-07-17 19:59:14,467] {processor.py:651} INFO - DAG(s) dict_keys(['example_weekday_branch_operator']) retrieved from /home/airflow/.local/lib/python3.7/site-packages/airflow/example_dags/example_branch_day_of_week_operator.py
[2022-07-17 19:59:14,494] {logging_mixin.py:115} INFO - [2022-07-17 19:59:14,493] {dag.py:2420} INFO - Sync 1 DAGs
[2022-07-17 19:59:14,519] {logging_mixin.py:115} INFO - [2022-07-17 19:59:14,519] {dag.py:2972} INFO - Setting next_dagrun for example_weekday_branch_operator to 2022-07-16T00:00:00+00:00, run_after=2022-07-17T00:00:00+00:00
[2022-07-17 19:59:14,534] {processor.py:161} INFO - Processing /home/airflow/.local/lib/python3.7/site-packages/airflow/example_dags/example_branch_day_of_week_operator.py took 0.081 seconds
[2022-07-17 19:59:44,595] {processor.py:153} INFO - Started process (PID=2789) to work on /home/airflow/.local/lib/python3.7/site-packages/airflow/example_dags/example_branch_day_of_week_operator.py
[2022-07-17 19:59:44,595] {processor.py:641} INFO - Processing file /home/airflow/.local/lib/python3.7/site-packages/airflow/example_dags/example_branch_day_of_week_operator.py for tasks to queue
[2022-07-17 19:59:44,596] {logging_mixin.py:115} INFO - [2022-07-17 19:59:44,596] {dagbag.py:508} INFO - Filling up the DagBag from /home/airflow/.local/lib/python3.7/site-packages/airflow/example_dags/example_branch_day_of_week_operator.py
[2022-07-17 19:59:44,605] {processor.py:651} INFO - DAG(s) dict_keys(['example_weekday_branch_operator']) retrieved from /home/airflow/.local/lib/python3.7/site-packages/airflow/example_dags/example_branch_day_of_week_operator.py
[2022-07-17 19:59:44,632] {logging_mixin.py:115} INFO - [2022-07-17 19:59:44,632] {dag.py:2420} INFO - Sync 1 DAGs
[2022-07-17 19:59:44,661] {logging_mixin.py:115} INFO - [2022-07-17 19:59:44,660] {dag.py:2972} INFO - Setting next_dagrun for example_weekday_branch_operator to 2022-07-16T00:00:00+00:00, run_after=2022-07-17T00:00:00+00:00
[2022-07-17 19:59:44,673] {processor.py:161} INFO - Processing /home/airflow/.local/lib/python3.7/site-packages/airflow/example_dags/example_branch_day_of_week_operator.py took 0.081 seconds
[2022-07-17 20:00:14,981] {processor.py:153} INFO - Started process (PID=2854) to work on /home/airflow/.local/lib/python3.7/site-packages/airflow/example_dags/example_branch_day_of_week_operator.py
[2022-07-17 20:00:14,981] {processor.py:641} INFO - Processing file /home/airflow/.local/lib/python3.7/site-packages/airflow/example_dags/example_branch_day_of_week_operator.py for tasks to queue
[2022-07-17 20:00:14,982] {logging_mixin.py:115} INFO - [2022-07-17 20:00:14,982] {dagbag.py:508} INFO - Filling up the DagBag from /home/airflow/.local/lib/python3.7/site-packages/airflow/example_dags/example_branch_day_of_week_operator.py
[2022-07-17 20:00:14,990] {processor.py:651} INFO - DAG(s) dict_keys(['example_weekday_branch_operator']) retrieved from /home/airflow/.local/lib/python3.7/site-packages/airflow/example_dags/example_branch_day_of_week_operator.py
[2022-07-17 20:00:15,021] {logging_mixin.py:115} INFO - [2022-07-17 20:00:15,021] {dag.py:2420} INFO - Sync 1 DAGs
[2022-07-17 20:00:15,056] {logging_mixin.py:115} INFO - [2022-07-17 20:00:15,056] {dag.py:2972} INFO - Setting next_dagrun for example_weekday_branch_operator to 2022-07-16T00:00:00+00:00, run_after=2022-07-17T00:00:00+00:00
[2022-07-17 20:00:15,072] {processor.py:161} INFO - Processing /home/airflow/.local/lib/python3.7/site-packages/airflow/example_dags/example_branch_day_of_week_operator.py took 0.094 seconds
[2022-07-17 20:00:45,498] {processor.py:153} INFO - Started process (PID=2910) to work on /home/airflow/.local/lib/python3.7/site-packages/airflow/example_dags/example_branch_day_of_week_operator.py
[2022-07-17 20:00:45,499] {processor.py:641} INFO - Processing file /home/airflow/.local/lib/python3.7/site-packages/airflow/example_dags/example_branch_day_of_week_operator.py for tasks to queue
[2022-07-17 20:00:45,500] {logging_mixin.py:115} INFO - [2022-07-17 20:00:45,500] {dagbag.py:508} INFO - Filling up the DagBag from /home/airflow/.local/lib/python3.7/site-packages/airflow/example_dags/example_branch_day_of_week_operator.py
[2022-07-17 20:00:45,510] {processor.py:651} INFO - DAG(s) dict_keys(['example_weekday_branch_operator']) retrieved from /home/airflow/.local/lib/python3.7/site-packages/airflow/example_dags/example_branch_day_of_week_operator.py
[2022-07-17 20:00:45,542] {logging_mixin.py:115} INFO - [2022-07-17 20:00:45,542] {dag.py:2420} INFO - Sync 1 DAGs
[2022-07-17 20:00:45,576] {logging_mixin.py:115} INFO - [2022-07-17 20:00:45,576] {dag.py:2972} INFO - Setting next_dagrun for example_weekday_branch_operator to 2022-07-16T00:00:00+00:00, run_after=2022-07-17T00:00:00+00:00
[2022-07-17 20:00:45,592] {processor.py:161} INFO - Processing /home/airflow/.local/lib/python3.7/site-packages/airflow/example_dags/example_branch_day_of_week_operator.py took 0.098 seconds
[2022-07-17 20:01:15,741] {processor.py:153} INFO - Started process (PID=2974) to work on /home/airflow/.local/lib/python3.7/site-packages/airflow/example_dags/example_branch_day_of_week_operator.py
[2022-07-17 20:01:15,742] {processor.py:641} INFO - Processing file /home/airflow/.local/lib/python3.7/site-packages/airflow/example_dags/example_branch_day_of_week_operator.py for tasks to queue
[2022-07-17 20:01:15,742] {logging_mixin.py:115} INFO - [2022-07-17 20:01:15,742] {dagbag.py:508} INFO - Filling up the DagBag from /home/airflow/.local/lib/python3.7/site-packages/airflow/example_dags/example_branch_day_of_week_operator.py
[2022-07-17 20:01:15,752] {processor.py:651} INFO - DAG(s) dict_keys(['example_weekday_branch_operator']) retrieved from /home/airflow/.local/lib/python3.7/site-packages/airflow/example_dags/example_branch_day_of_week_operator.py
[2022-07-17 20:01:15,784] {logging_mixin.py:115} INFO - [2022-07-17 20:01:15,784] {dag.py:2420} INFO - Sync 1 DAGs
[2022-07-17 20:01:15,821] {logging_mixin.py:115} INFO - [2022-07-17 20:01:15,821] {dag.py:2972} INFO - Setting next_dagrun for example_weekday_branch_operator to 2022-07-16T00:00:00+00:00, run_after=2022-07-17T00:00:00+00:00
[2022-07-17 20:01:15,837] {processor.py:161} INFO - Processing /home/airflow/.local/lib/python3.7/site-packages/airflow/example_dags/example_branch_day_of_week_operator.py took 0.099 seconds
[2022-07-17 20:01:46,194] {processor.py:153} INFO - Started process (PID=3029) to work on /home/airflow/.local/lib/python3.7/site-packages/airflow/example_dags/example_branch_day_of_week_operator.py
[2022-07-17 20:01:46,195] {processor.py:641} INFO - Processing file /home/airflow/.local/lib/python3.7/site-packages/airflow/example_dags/example_branch_day_of_week_operator.py for tasks to queue
[2022-07-17 20:01:46,195] {logging_mixin.py:115} INFO - [2022-07-17 20:01:46,195] {dagbag.py:508} INFO - Filling up the DagBag from /home/airflow/.local/lib/python3.7/site-packages/airflow/example_dags/example_branch_day_of_week_operator.py
[2022-07-17 20:01:46,204] {processor.py:651} INFO - DAG(s) dict_keys(['example_weekday_branch_operator']) retrieved from /home/airflow/.local/lib/python3.7/site-packages/airflow/example_dags/example_branch_day_of_week_operator.py
[2022-07-17 20:01:46,230] {logging_mixin.py:115} INFO - [2022-07-17 20:01:46,230] {dag.py:2420} INFO - Sync 1 DAGs
[2022-07-17 20:01:46,255] {logging_mixin.py:115} INFO - [2022-07-17 20:01:46,255] {dag.py:2972} INFO - Setting next_dagrun for example_weekday_branch_operator to 2022-07-16T00:00:00+00:00, run_after=2022-07-17T00:00:00+00:00
[2022-07-17 20:01:46,267] {processor.py:161} INFO - Processing /home/airflow/.local/lib/python3.7/site-packages/airflow/example_dags/example_branch_day_of_week_operator.py took 0.076 seconds
[2022-07-17 20:02:16,866] {processor.py:153} INFO - Started process (PID=3096) to work on /home/airflow/.local/lib/python3.7/site-packages/airflow/example_dags/example_branch_day_of_week_operator.py
[2022-07-17 20:02:16,867] {processor.py:641} INFO - Processing file /home/airflow/.local/lib/python3.7/site-packages/airflow/example_dags/example_branch_day_of_week_operator.py for tasks to queue
[2022-07-17 20:02:16,867] {logging_mixin.py:115} INFO - [2022-07-17 20:02:16,867] {dagbag.py:508} INFO - Filling up the DagBag from /home/airflow/.local/lib/python3.7/site-packages/airflow/example_dags/example_branch_day_of_week_operator.py
[2022-07-17 20:02:16,877] {processor.py:651} INFO - DAG(s) dict_keys(['example_weekday_branch_operator']) retrieved from /home/airflow/.local/lib/python3.7/site-packages/airflow/example_dags/example_branch_day_of_week_operator.py
[2022-07-17 20:02:16,905] {logging_mixin.py:115} INFO - [2022-07-17 20:02:16,905] {dag.py:2420} INFO - Sync 1 DAGs
[2022-07-17 20:02:16,936] {logging_mixin.py:115} INFO - [2022-07-17 20:02:16,936] {dag.py:2972} INFO - Setting next_dagrun for example_weekday_branch_operator to 2022-07-16T00:00:00+00:00, run_after=2022-07-17T00:00:00+00:00
[2022-07-17 20:02:16,949] {processor.py:161} INFO - Processing /home/airflow/.local/lib/python3.7/site-packages/airflow/example_dags/example_branch_day_of_week_operator.py took 0.086 seconds
[2022-07-17 20:02:47,270] {processor.py:153} INFO - Started process (PID=3158) to work on /home/airflow/.local/lib/python3.7/site-packages/airflow/example_dags/example_branch_day_of_week_operator.py
[2022-07-17 20:02:47,270] {processor.py:641} INFO - Processing file /home/airflow/.local/lib/python3.7/site-packages/airflow/example_dags/example_branch_day_of_week_operator.py for tasks to queue
[2022-07-17 20:02:47,271] {logging_mixin.py:115} INFO - [2022-07-17 20:02:47,271] {dagbag.py:508} INFO - Filling up the DagBag from /home/airflow/.local/lib/python3.7/site-packages/airflow/example_dags/example_branch_day_of_week_operator.py
[2022-07-17 20:02:47,284] {processor.py:651} INFO - DAG(s) dict_keys(['example_weekday_branch_operator']) retrieved from /home/airflow/.local/lib/python3.7/site-packages/airflow/example_dags/example_branch_day_of_week_operator.py
[2022-07-17 20:02:47,320] {logging_mixin.py:115} INFO - [2022-07-17 20:02:47,320] {dag.py:2420} INFO - Sync 1 DAGs
[2022-07-17 20:02:47,351] {logging_mixin.py:115} INFO - [2022-07-17 20:02:47,351] {dag.py:2972} INFO - Setting next_dagrun for example_weekday_branch_operator to 2022-07-16T00:00:00+00:00, run_after=2022-07-17T00:00:00+00:00
[2022-07-17 20:02:47,365] {processor.py:161} INFO - Processing /home/airflow/.local/lib/python3.7/site-packages/airflow/example_dags/example_branch_day_of_week_operator.py took 0.099 seconds
[2022-07-17 20:03:17,736] {processor.py:153} INFO - Started process (PID=3215) to work on /home/airflow/.local/lib/python3.7/site-packages/airflow/example_dags/example_branch_day_of_week_operator.py
[2022-07-17 20:03:17,736] {processor.py:641} INFO - Processing file /home/airflow/.local/lib/python3.7/site-packages/airflow/example_dags/example_branch_day_of_week_operator.py for tasks to queue
[2022-07-17 20:03:17,737] {logging_mixin.py:115} INFO - [2022-07-17 20:03:17,737] {dagbag.py:508} INFO - Filling up the DagBag from /home/airflow/.local/lib/python3.7/site-packages/airflow/example_dags/example_branch_day_of_week_operator.py
[2022-07-17 20:03:17,749] {processor.py:651} INFO - DAG(s) dict_keys(['example_weekday_branch_operator']) retrieved from /home/airflow/.local/lib/python3.7/site-packages/airflow/example_dags/example_branch_day_of_week_operator.py
[2022-07-17 20:03:17,779] {logging_mixin.py:115} INFO - [2022-07-17 20:03:17,778] {dag.py:2420} INFO - Sync 1 DAGs
[2022-07-17 20:03:17,808] {logging_mixin.py:115} INFO - [2022-07-17 20:03:17,808] {dag.py:2972} INFO - Setting next_dagrun for example_weekday_branch_operator to 2022-07-16T00:00:00+00:00, run_after=2022-07-17T00:00:00+00:00
[2022-07-17 20:03:17,824] {processor.py:161} INFO - Processing /home/airflow/.local/lib/python3.7/site-packages/airflow/example_dags/example_branch_day_of_week_operator.py took 0.092 seconds
[2022-07-17 20:03:48,149] {processor.py:153} INFO - Started process (PID=3277) to work on /home/airflow/.local/lib/python3.7/site-packages/airflow/example_dags/example_branch_day_of_week_operator.py
[2022-07-17 20:03:48,150] {processor.py:641} INFO - Processing file /home/airflow/.local/lib/python3.7/site-packages/airflow/example_dags/example_branch_day_of_week_operator.py for tasks to queue
[2022-07-17 20:03:48,150] {logging_mixin.py:115} INFO - [2022-07-17 20:03:48,150] {dagbag.py:508} INFO - Filling up the DagBag from /home/airflow/.local/lib/python3.7/site-packages/airflow/example_dags/example_branch_day_of_week_operator.py
[2022-07-17 20:03:48,160] {processor.py:651} INFO - DAG(s) dict_keys(['example_weekday_branch_operator']) retrieved from /home/airflow/.local/lib/python3.7/site-packages/airflow/example_dags/example_branch_day_of_week_operator.py
[2022-07-17 20:03:48,189] {logging_mixin.py:115} INFO - [2022-07-17 20:03:48,189] {dag.py:2420} INFO - Sync 1 DAGs
[2022-07-17 20:03:48,225] {logging_mixin.py:115} INFO - [2022-07-17 20:03:48,225] {dag.py:2972} INFO - Setting next_dagrun for example_weekday_branch_operator to 2022-07-16T00:00:00+00:00, run_after=2022-07-17T00:00:00+00:00
[2022-07-17 20:03:48,244] {processor.py:161} INFO - Processing /home/airflow/.local/lib/python3.7/site-packages/airflow/example_dags/example_branch_day_of_week_operator.py took 0.098 seconds
