[2022-07-17 19:36:54,204] {processor.py:153} INFO - Started process (PID=65) to work on /home/airflow/.local/lib/python3.7/site-packages/airflow/example_dags/example_short_circuit_operator.py
[2022-07-17 19:36:54,204] {processor.py:641} INFO - Processing file /home/airflow/.local/lib/python3.7/site-packages/airflow/example_dags/example_short_circuit_operator.py for tasks to queue
[2022-07-17 19:36:54,204] {logging_mixin.py:115} INFO - [2022-07-17 19:36:54,204] {dagbag.py:508} INFO - Filling up the DagBag from /home/airflow/.local/lib/python3.7/site-packages/airflow/example_dags/example_short_circuit_operator.py
[2022-07-17 19:36:54,214] {processor.py:651} INFO - DAG(s) dict_keys(['example_short_circuit_operator']) retrieved from /home/airflow/.local/lib/python3.7/site-packages/airflow/example_dags/example_short_circuit_operator.py
[2022-07-17 19:36:54,310] {logging_mixin.py:115} INFO - [2022-07-17 19:36:54,310] {manager.py:508} INFO - Created Permission View: can delete on DAG:example_short_circuit_operator
[2022-07-17 19:36:54,325] {logging_mixin.py:115} INFO - [2022-07-17 19:36:54,325] {manager.py:508} INFO - Created Permission View: can read on DAG:example_short_circuit_operator
[2022-07-17 19:36:54,336] {logging_mixin.py:115} INFO - [2022-07-17 19:36:54,336] {manager.py:508} INFO - Created Permission View: can edit on DAG:example_short_circuit_operator
[2022-07-17 19:36:54,337] {logging_mixin.py:115} INFO - [2022-07-17 19:36:54,337] {dag.py:2420} INFO - Sync 1 DAGs
[2022-07-17 19:36:54,348] {logging_mixin.py:115} INFO - [2022-07-17 19:36:54,348] {dag.py:2439} INFO - Creating ORM DAG for example_short_circuit_operator
[2022-07-17 19:36:54,363] {logging_mixin.py:115} INFO - [2022-07-17 19:36:54,363] {dag.py:2972} INFO - Setting next_dagrun for example_short_circuit_operator to 2022-07-16T19:36:54.362849+00:00, run_after=2022-07-17T19:36:54.362849+00:00
[2022-07-17 19:36:54,380] {processor.py:161} INFO - Processing /home/airflow/.local/lib/python3.7/site-packages/airflow/example_dags/example_short_circuit_operator.py took 0.179 seconds
[2022-07-17 19:37:25,218] {processor.py:153} INFO - Started process (PID=130) to work on /home/airflow/.local/lib/python3.7/site-packages/airflow/example_dags/example_short_circuit_operator.py
[2022-07-17 19:37:25,218] {processor.py:641} INFO - Processing file /home/airflow/.local/lib/python3.7/site-packages/airflow/example_dags/example_short_circuit_operator.py for tasks to queue
[2022-07-17 19:37:25,219] {logging_mixin.py:115} INFO - [2022-07-17 19:37:25,219] {dagbag.py:508} INFO - Filling up the DagBag from /home/airflow/.local/lib/python3.7/site-packages/airflow/example_dags/example_short_circuit_operator.py
[2022-07-17 19:37:25,227] {processor.py:651} INFO - DAG(s) dict_keys(['example_short_circuit_operator']) retrieved from /home/airflow/.local/lib/python3.7/site-packages/airflow/example_dags/example_short_circuit_operator.py
[2022-07-17 19:37:25,253] {logging_mixin.py:115} INFO - [2022-07-17 19:37:25,253] {dag.py:2420} INFO - Sync 1 DAGs
[2022-07-17 19:37:25,278] {logging_mixin.py:115} INFO - [2022-07-17 19:37:25,277] {dag.py:2972} INFO - Setting next_dagrun for example_short_circuit_operator to 2022-07-16T19:37:25.277762+00:00, run_after=2022-07-17T19:37:25.277762+00:00
[2022-07-17 19:37:25,290] {processor.py:161} INFO - Processing /home/airflow/.local/lib/python3.7/site-packages/airflow/example_dags/example_short_circuit_operator.py took 0.075 seconds
[2022-07-17 19:37:56,306] {processor.py:153} INFO - Started process (PID=185) to work on /home/airflow/.local/lib/python3.7/site-packages/airflow/example_dags/example_short_circuit_operator.py
[2022-07-17 19:37:56,307] {processor.py:641} INFO - Processing file /home/airflow/.local/lib/python3.7/site-packages/airflow/example_dags/example_short_circuit_operator.py for tasks to queue
[2022-07-17 19:37:56,307] {logging_mixin.py:115} INFO - [2022-07-17 19:37:56,307] {dagbag.py:508} INFO - Filling up the DagBag from /home/airflow/.local/lib/python3.7/site-packages/airflow/example_dags/example_short_circuit_operator.py
[2022-07-17 19:37:56,320] {processor.py:651} INFO - DAG(s) dict_keys(['example_short_circuit_operator']) retrieved from /home/airflow/.local/lib/python3.7/site-packages/airflow/example_dags/example_short_circuit_operator.py
[2022-07-17 19:37:56,358] {logging_mixin.py:115} INFO - [2022-07-17 19:37:56,358] {dag.py:2420} INFO - Sync 1 DAGs
[2022-07-17 19:37:56,392] {logging_mixin.py:115} INFO - [2022-07-17 19:37:56,392] {dag.py:2972} INFO - Setting next_dagrun for example_short_circuit_operator to 2022-07-16T19:37:56.391973+00:00, run_after=2022-07-17T19:37:56.391973+00:00
[2022-07-17 19:37:56,410] {processor.py:161} INFO - Processing /home/airflow/.local/lib/python3.7/site-packages/airflow/example_dags/example_short_circuit_operator.py took 0.108 seconds
[2022-07-17 19:38:26,672] {processor.py:153} INFO - Started process (PID=246) to work on /home/airflow/.local/lib/python3.7/site-packages/airflow/example_dags/example_short_circuit_operator.py
[2022-07-17 19:38:26,673] {processor.py:641} INFO - Processing file /home/airflow/.local/lib/python3.7/site-packages/airflow/example_dags/example_short_circuit_operator.py for tasks to queue
[2022-07-17 19:38:26,673] {logging_mixin.py:115} INFO - [2022-07-17 19:38:26,673] {dagbag.py:508} INFO - Filling up the DagBag from /home/airflow/.local/lib/python3.7/site-packages/airflow/example_dags/example_short_circuit_operator.py
[2022-07-17 19:38:26,682] {processor.py:651} INFO - DAG(s) dict_keys(['example_short_circuit_operator']) retrieved from /home/airflow/.local/lib/python3.7/site-packages/airflow/example_dags/example_short_circuit_operator.py
[2022-07-17 19:38:26,710] {logging_mixin.py:115} INFO - [2022-07-17 19:38:26,710] {dag.py:2420} INFO - Sync 1 DAGs
[2022-07-17 19:38:26,734] {logging_mixin.py:115} INFO - [2022-07-17 19:38:26,733] {dag.py:2972} INFO - Setting next_dagrun for example_short_circuit_operator to 2022-07-16T19:38:26.733702+00:00, run_after=2022-07-17T19:38:26.733702+00:00
[2022-07-17 19:38:26,747] {processor.py:161} INFO - Processing /home/airflow/.local/lib/python3.7/site-packages/airflow/example_dags/example_short_circuit_operator.py took 0.078 seconds
[2022-07-17 19:38:57,403] {processor.py:153} INFO - Started process (PID=301) to work on /home/airflow/.local/lib/python3.7/site-packages/airflow/example_dags/example_short_circuit_operator.py
[2022-07-17 19:38:57,403] {processor.py:641} INFO - Processing file /home/airflow/.local/lib/python3.7/site-packages/airflow/example_dags/example_short_circuit_operator.py for tasks to queue
[2022-07-17 19:38:57,404] {logging_mixin.py:115} INFO - [2022-07-17 19:38:57,404] {dagbag.py:508} INFO - Filling up the DagBag from /home/airflow/.local/lib/python3.7/site-packages/airflow/example_dags/example_short_circuit_operator.py
[2022-07-17 19:38:57,415] {processor.py:651} INFO - DAG(s) dict_keys(['example_short_circuit_operator']) retrieved from /home/airflow/.local/lib/python3.7/site-packages/airflow/example_dags/example_short_circuit_operator.py
[2022-07-17 19:38:57,444] {logging_mixin.py:115} INFO - [2022-07-17 19:38:57,444] {dag.py:2420} INFO - Sync 1 DAGs
[2022-07-17 19:38:57,473] {logging_mixin.py:115} INFO - [2022-07-17 19:38:57,473] {dag.py:2972} INFO - Setting next_dagrun for example_short_circuit_operator to 2022-07-16T19:38:57.473018+00:00, run_after=2022-07-17T19:38:57.473018+00:00
[2022-07-17 19:38:57,489] {processor.py:161} INFO - Processing /home/airflow/.local/lib/python3.7/site-packages/airflow/example_dags/example_short_circuit_operator.py took 0.089 seconds
[2022-07-17 19:39:27,708] {processor.py:153} INFO - Started process (PID=365) to work on /home/airflow/.local/lib/python3.7/site-packages/airflow/example_dags/example_short_circuit_operator.py
[2022-07-17 19:39:27,709] {processor.py:641} INFO - Processing file /home/airflow/.local/lib/python3.7/site-packages/airflow/example_dags/example_short_circuit_operator.py for tasks to queue
[2022-07-17 19:39:27,709] {logging_mixin.py:115} INFO - [2022-07-17 19:39:27,709] {dagbag.py:508} INFO - Filling up the DagBag from /home/airflow/.local/lib/python3.7/site-packages/airflow/example_dags/example_short_circuit_operator.py
[2022-07-17 19:39:27,719] {processor.py:651} INFO - DAG(s) dict_keys(['example_short_circuit_operator']) retrieved from /home/airflow/.local/lib/python3.7/site-packages/airflow/example_dags/example_short_circuit_operator.py
[2022-07-17 19:39:27,749] {logging_mixin.py:115} INFO - [2022-07-17 19:39:27,749] {dag.py:2420} INFO - Sync 1 DAGs
[2022-07-17 19:39:27,774] {logging_mixin.py:115} INFO - [2022-07-17 19:39:27,774] {dag.py:2972} INFO - Setting next_dagrun for example_short_circuit_operator to 2022-07-16T19:39:27.773760+00:00, run_after=2022-07-17T19:39:27.773760+00:00
[2022-07-17 19:39:27,787] {processor.py:161} INFO - Processing /home/airflow/.local/lib/python3.7/site-packages/airflow/example_dags/example_short_circuit_operator.py took 0.082 seconds
[2022-07-17 19:39:58,099] {processor.py:153} INFO - Started process (PID=420) to work on /home/airflow/.local/lib/python3.7/site-packages/airflow/example_dags/example_short_circuit_operator.py
[2022-07-17 19:39:58,100] {processor.py:641} INFO - Processing file /home/airflow/.local/lib/python3.7/site-packages/airflow/example_dags/example_short_circuit_operator.py for tasks to queue
[2022-07-17 19:39:58,101] {logging_mixin.py:115} INFO - [2022-07-17 19:39:58,100] {dagbag.py:508} INFO - Filling up the DagBag from /home/airflow/.local/lib/python3.7/site-packages/airflow/example_dags/example_short_circuit_operator.py
[2022-07-17 19:39:58,116] {processor.py:651} INFO - DAG(s) dict_keys(['example_short_circuit_operator']) retrieved from /home/airflow/.local/lib/python3.7/site-packages/airflow/example_dags/example_short_circuit_operator.py
[2022-07-17 19:39:58,155] {logging_mixin.py:115} INFO - [2022-07-17 19:39:58,154] {dag.py:2420} INFO - Sync 1 DAGs
[2022-07-17 19:39:58,195] {logging_mixin.py:115} INFO - [2022-07-17 19:39:58,195] {dag.py:2972} INFO - Setting next_dagrun for example_short_circuit_operator to 2022-07-16T19:39:58.195444+00:00, run_after=2022-07-17T19:39:58.195444+00:00
[2022-07-17 19:39:58,219] {processor.py:161} INFO - Processing /home/airflow/.local/lib/python3.7/site-packages/airflow/example_dags/example_short_circuit_operator.py took 0.125 seconds
[2022-07-17 19:40:28,497] {processor.py:153} INFO - Started process (PID=485) to work on /home/airflow/.local/lib/python3.7/site-packages/airflow/example_dags/example_short_circuit_operator.py
[2022-07-17 19:40:28,498] {processor.py:641} INFO - Processing file /home/airflow/.local/lib/python3.7/site-packages/airflow/example_dags/example_short_circuit_operator.py for tasks to queue
[2022-07-17 19:40:28,498] {logging_mixin.py:115} INFO - [2022-07-17 19:40:28,498] {dagbag.py:508} INFO - Filling up the DagBag from /home/airflow/.local/lib/python3.7/site-packages/airflow/example_dags/example_short_circuit_operator.py
[2022-07-17 19:40:28,511] {processor.py:651} INFO - DAG(s) dict_keys(['example_short_circuit_operator']) retrieved from /home/airflow/.local/lib/python3.7/site-packages/airflow/example_dags/example_short_circuit_operator.py
[2022-07-17 19:40:28,557] {logging_mixin.py:115} INFO - [2022-07-17 19:40:28,557] {dag.py:2420} INFO - Sync 1 DAGs
[2022-07-17 19:40:28,587] {logging_mixin.py:115} INFO - [2022-07-17 19:40:28,587] {dag.py:2972} INFO - Setting next_dagrun for example_short_circuit_operator to 2022-07-16T19:40:28.586951+00:00, run_after=2022-07-17T19:40:28.586951+00:00
[2022-07-17 19:40:28,601] {processor.py:161} INFO - Processing /home/airflow/.local/lib/python3.7/site-packages/airflow/example_dags/example_short_circuit_operator.py took 0.108 seconds
[2022-07-17 19:40:59,729] {processor.py:153} INFO - Started process (PID=549) to work on /home/airflow/.local/lib/python3.7/site-packages/airflow/example_dags/example_short_circuit_operator.py
[2022-07-17 19:40:59,731] {processor.py:641} INFO - Processing file /home/airflow/.local/lib/python3.7/site-packages/airflow/example_dags/example_short_circuit_operator.py for tasks to queue
[2022-07-17 19:40:59,732] {logging_mixin.py:115} INFO - [2022-07-17 19:40:59,732] {dagbag.py:508} INFO - Filling up the DagBag from /home/airflow/.local/lib/python3.7/site-packages/airflow/example_dags/example_short_circuit_operator.py
[2022-07-17 19:40:59,744] {processor.py:651} INFO - DAG(s) dict_keys(['example_short_circuit_operator']) retrieved from /home/airflow/.local/lib/python3.7/site-packages/airflow/example_dags/example_short_circuit_operator.py
[2022-07-17 19:40:59,778] {logging_mixin.py:115} INFO - [2022-07-17 19:40:59,778] {dag.py:2420} INFO - Sync 1 DAGs
[2022-07-17 19:40:59,809] {logging_mixin.py:115} INFO - [2022-07-17 19:40:59,809] {dag.py:2972} INFO - Setting next_dagrun for example_short_circuit_operator to 2022-07-16T19:40:59.809421+00:00, run_after=2022-07-17T19:40:59.809421+00:00
[2022-07-17 19:40:59,824] {processor.py:161} INFO - Processing /home/airflow/.local/lib/python3.7/site-packages/airflow/example_dags/example_short_circuit_operator.py took 0.099 seconds
[2022-07-17 19:41:30,759] {processor.py:153} INFO - Started process (PID=606) to work on /home/airflow/.local/lib/python3.7/site-packages/airflow/example_dags/example_short_circuit_operator.py
[2022-07-17 19:41:30,760] {processor.py:641} INFO - Processing file /home/airflow/.local/lib/python3.7/site-packages/airflow/example_dags/example_short_circuit_operator.py for tasks to queue
[2022-07-17 19:41:30,761] {logging_mixin.py:115} INFO - [2022-07-17 19:41:30,761] {dagbag.py:508} INFO - Filling up the DagBag from /home/airflow/.local/lib/python3.7/site-packages/airflow/example_dags/example_short_circuit_operator.py
[2022-07-17 19:41:30,773] {processor.py:651} INFO - DAG(s) dict_keys(['example_short_circuit_operator']) retrieved from /home/airflow/.local/lib/python3.7/site-packages/airflow/example_dags/example_short_circuit_operator.py
[2022-07-17 19:41:30,808] {logging_mixin.py:115} INFO - [2022-07-17 19:41:30,808] {dag.py:2420} INFO - Sync 1 DAGs
[2022-07-17 19:41:30,844] {logging_mixin.py:115} INFO - [2022-07-17 19:41:30,844] {dag.py:2972} INFO - Setting next_dagrun for example_short_circuit_operator to 2022-07-16T19:41:30.844211+00:00, run_after=2022-07-17T19:41:30.844211+00:00
[2022-07-17 19:41:30,862] {processor.py:161} INFO - Processing /home/airflow/.local/lib/python3.7/site-packages/airflow/example_dags/example_short_circuit_operator.py took 0.106 seconds
[2022-07-17 19:42:00,935] {processor.py:153} INFO - Started process (PID=670) to work on /home/airflow/.local/lib/python3.7/site-packages/airflow/example_dags/example_short_circuit_operator.py
[2022-07-17 19:42:00,936] {processor.py:641} INFO - Processing file /home/airflow/.local/lib/python3.7/site-packages/airflow/example_dags/example_short_circuit_operator.py for tasks to queue
[2022-07-17 19:42:00,937] {logging_mixin.py:115} INFO - [2022-07-17 19:42:00,936] {dagbag.py:508} INFO - Filling up the DagBag from /home/airflow/.local/lib/python3.7/site-packages/airflow/example_dags/example_short_circuit_operator.py
[2022-07-17 19:42:00,946] {processor.py:651} INFO - DAG(s) dict_keys(['example_short_circuit_operator']) retrieved from /home/airflow/.local/lib/python3.7/site-packages/airflow/example_dags/example_short_circuit_operator.py
[2022-07-17 19:42:00,976] {logging_mixin.py:115} INFO - [2022-07-17 19:42:00,976] {dag.py:2420} INFO - Sync 1 DAGs
[2022-07-17 19:42:01,000] {logging_mixin.py:115} INFO - [2022-07-17 19:42:01,000] {dag.py:2972} INFO - Setting next_dagrun for example_short_circuit_operator to 2022-07-16T19:42:00.999911+00:00, run_after=2022-07-17T19:42:00.999911+00:00
[2022-07-17 19:42:01,012] {processor.py:161} INFO - Processing /home/airflow/.local/lib/python3.7/site-packages/airflow/example_dags/example_short_circuit_operator.py took 0.080 seconds
[2022-07-17 19:42:31,181] {processor.py:153} INFO - Started process (PID=726) to work on /home/airflow/.local/lib/python3.7/site-packages/airflow/example_dags/example_short_circuit_operator.py
[2022-07-17 19:42:31,182] {processor.py:641} INFO - Processing file /home/airflow/.local/lib/python3.7/site-packages/airflow/example_dags/example_short_circuit_operator.py for tasks to queue
[2022-07-17 19:42:31,182] {logging_mixin.py:115} INFO - [2022-07-17 19:42:31,182] {dagbag.py:508} INFO - Filling up the DagBag from /home/airflow/.local/lib/python3.7/site-packages/airflow/example_dags/example_short_circuit_operator.py
[2022-07-17 19:42:31,193] {processor.py:651} INFO - DAG(s) dict_keys(['example_short_circuit_operator']) retrieved from /home/airflow/.local/lib/python3.7/site-packages/airflow/example_dags/example_short_circuit_operator.py
[2022-07-17 19:42:31,232] {logging_mixin.py:115} INFO - [2022-07-17 19:42:31,232] {dag.py:2420} INFO - Sync 1 DAGs
[2022-07-17 19:42:31,263] {logging_mixin.py:115} INFO - [2022-07-17 19:42:31,263] {dag.py:2972} INFO - Setting next_dagrun for example_short_circuit_operator to 2022-07-16T19:42:31.263350+00:00, run_after=2022-07-17T19:42:31.263350+00:00
[2022-07-17 19:42:31,281] {processor.py:161} INFO - Processing /home/airflow/.local/lib/python3.7/site-packages/airflow/example_dags/example_short_circuit_operator.py took 0.103 seconds
[2022-07-17 19:43:01,714] {processor.py:153} INFO - Started process (PID=789) to work on /home/airflow/.local/lib/python3.7/site-packages/airflow/example_dags/example_short_circuit_operator.py
[2022-07-17 19:43:01,715] {processor.py:641} INFO - Processing file /home/airflow/.local/lib/python3.7/site-packages/airflow/example_dags/example_short_circuit_operator.py for tasks to queue
[2022-07-17 19:43:01,716] {logging_mixin.py:115} INFO - [2022-07-17 19:43:01,715] {dagbag.py:508} INFO - Filling up the DagBag from /home/airflow/.local/lib/python3.7/site-packages/airflow/example_dags/example_short_circuit_operator.py
[2022-07-17 19:43:01,725] {processor.py:651} INFO - DAG(s) dict_keys(['example_short_circuit_operator']) retrieved from /home/airflow/.local/lib/python3.7/site-packages/airflow/example_dags/example_short_circuit_operator.py
[2022-07-17 19:43:01,756] {logging_mixin.py:115} INFO - [2022-07-17 19:43:01,756] {dag.py:2420} INFO - Sync 1 DAGs
[2022-07-17 19:43:01,783] {logging_mixin.py:115} INFO - [2022-07-17 19:43:01,783] {dag.py:2972} INFO - Setting next_dagrun for example_short_circuit_operator to 2022-07-16T19:43:01.783352+00:00, run_after=2022-07-17T19:43:01.783352+00:00
[2022-07-17 19:43:01,798] {processor.py:161} INFO - Processing /home/airflow/.local/lib/python3.7/site-packages/airflow/example_dags/example_short_circuit_operator.py took 0.086 seconds
[2022-07-17 19:43:32,107] {processor.py:153} INFO - Started process (PID=853) to work on /home/airflow/.local/lib/python3.7/site-packages/airflow/example_dags/example_short_circuit_operator.py
[2022-07-17 19:43:32,107] {processor.py:641} INFO - Processing file /home/airflow/.local/lib/python3.7/site-packages/airflow/example_dags/example_short_circuit_operator.py for tasks to queue
[2022-07-17 19:43:32,108] {logging_mixin.py:115} INFO - [2022-07-17 19:43:32,107] {dagbag.py:508} INFO - Filling up the DagBag from /home/airflow/.local/lib/python3.7/site-packages/airflow/example_dags/example_short_circuit_operator.py
[2022-07-17 19:43:32,118] {processor.py:651} INFO - DAG(s) dict_keys(['example_short_circuit_operator']) retrieved from /home/airflow/.local/lib/python3.7/site-packages/airflow/example_dags/example_short_circuit_operator.py
[2022-07-17 19:43:32,147] {logging_mixin.py:115} INFO - [2022-07-17 19:43:32,146] {dag.py:2420} INFO - Sync 1 DAGs
[2022-07-17 19:43:32,172] {logging_mixin.py:115} INFO - [2022-07-17 19:43:32,172] {dag.py:2972} INFO - Setting next_dagrun for example_short_circuit_operator to 2022-07-16T19:43:32.171829+00:00, run_after=2022-07-17T19:43:32.171829+00:00
[2022-07-17 19:43:32,186] {processor.py:161} INFO - Processing /home/airflow/.local/lib/python3.7/site-packages/airflow/example_dags/example_short_circuit_operator.py took 0.083 seconds
[2022-07-17 19:44:02,532] {processor.py:153} INFO - Started process (PID=908) to work on /home/airflow/.local/lib/python3.7/site-packages/airflow/example_dags/example_short_circuit_operator.py
[2022-07-17 19:44:02,533] {processor.py:641} INFO - Processing file /home/airflow/.local/lib/python3.7/site-packages/airflow/example_dags/example_short_circuit_operator.py for tasks to queue
[2022-07-17 19:44:02,533] {logging_mixin.py:115} INFO - [2022-07-17 19:44:02,533] {dagbag.py:508} INFO - Filling up the DagBag from /home/airflow/.local/lib/python3.7/site-packages/airflow/example_dags/example_short_circuit_operator.py
[2022-07-17 19:44:02,544] {processor.py:651} INFO - DAG(s) dict_keys(['example_short_circuit_operator']) retrieved from /home/airflow/.local/lib/python3.7/site-packages/airflow/example_dags/example_short_circuit_operator.py
[2022-07-17 19:44:02,574] {logging_mixin.py:115} INFO - [2022-07-17 19:44:02,574] {dag.py:2420} INFO - Sync 1 DAGs
[2022-07-17 19:44:02,599] {logging_mixin.py:115} INFO - [2022-07-17 19:44:02,599] {dag.py:2972} INFO - Setting next_dagrun for example_short_circuit_operator to 2022-07-16T19:44:02.599423+00:00, run_after=2022-07-17T19:44:02.599423+00:00
[2022-07-17 19:44:02,612] {processor.py:161} INFO - Processing /home/airflow/.local/lib/python3.7/site-packages/airflow/example_dags/example_short_circuit_operator.py took 0.083 seconds
[2022-07-17 19:44:33,405] {processor.py:153} INFO - Started process (PID=972) to work on /home/airflow/.local/lib/python3.7/site-packages/airflow/example_dags/example_short_circuit_operator.py
[2022-07-17 19:44:33,405] {processor.py:641} INFO - Processing file /home/airflow/.local/lib/python3.7/site-packages/airflow/example_dags/example_short_circuit_operator.py for tasks to queue
[2022-07-17 19:44:33,406] {logging_mixin.py:115} INFO - [2022-07-17 19:44:33,406] {dagbag.py:508} INFO - Filling up the DagBag from /home/airflow/.local/lib/python3.7/site-packages/airflow/example_dags/example_short_circuit_operator.py
[2022-07-17 19:44:33,415] {processor.py:651} INFO - DAG(s) dict_keys(['example_short_circuit_operator']) retrieved from /home/airflow/.local/lib/python3.7/site-packages/airflow/example_dags/example_short_circuit_operator.py
[2022-07-17 19:44:33,445] {logging_mixin.py:115} INFO - [2022-07-17 19:44:33,445] {dag.py:2420} INFO - Sync 1 DAGs
[2022-07-17 19:44:33,471] {logging_mixin.py:115} INFO - [2022-07-17 19:44:33,471] {dag.py:2972} INFO - Setting next_dagrun for example_short_circuit_operator to 2022-07-16T19:44:33.470875+00:00, run_after=2022-07-17T19:44:33.470875+00:00
[2022-07-17 19:44:33,484] {processor.py:161} INFO - Processing /home/airflow/.local/lib/python3.7/site-packages/airflow/example_dags/example_short_circuit_operator.py took 0.082 seconds
[2022-07-17 19:45:03,716] {processor.py:153} INFO - Started process (PID=1027) to work on /home/airflow/.local/lib/python3.7/site-packages/airflow/example_dags/example_short_circuit_operator.py
[2022-07-17 19:45:03,716] {processor.py:641} INFO - Processing file /home/airflow/.local/lib/python3.7/site-packages/airflow/example_dags/example_short_circuit_operator.py for tasks to queue
[2022-07-17 19:45:03,717] {logging_mixin.py:115} INFO - [2022-07-17 19:45:03,717] {dagbag.py:508} INFO - Filling up the DagBag from /home/airflow/.local/lib/python3.7/site-packages/airflow/example_dags/example_short_circuit_operator.py
[2022-07-17 19:45:03,727] {processor.py:651} INFO - DAG(s) dict_keys(['example_short_circuit_operator']) retrieved from /home/airflow/.local/lib/python3.7/site-packages/airflow/example_dags/example_short_circuit_operator.py
[2022-07-17 19:45:03,755] {logging_mixin.py:115} INFO - [2022-07-17 19:45:03,755] {dag.py:2420} INFO - Sync 1 DAGs
[2022-07-17 19:45:03,778] {logging_mixin.py:115} INFO - [2022-07-17 19:45:03,778] {dag.py:2972} INFO - Setting next_dagrun for example_short_circuit_operator to 2022-07-16T19:45:03.778483+00:00, run_after=2022-07-17T19:45:03.778483+00:00
[2022-07-17 19:45:03,791] {processor.py:161} INFO - Processing /home/airflow/.local/lib/python3.7/site-packages/airflow/example_dags/example_short_circuit_operator.py took 0.078 seconds
[2022-07-17 19:45:34,446] {processor.py:153} INFO - Started process (PID=1091) to work on /home/airflow/.local/lib/python3.7/site-packages/airflow/example_dags/example_short_circuit_operator.py
[2022-07-17 19:45:34,447] {processor.py:641} INFO - Processing file /home/airflow/.local/lib/python3.7/site-packages/airflow/example_dags/example_short_circuit_operator.py for tasks to queue
[2022-07-17 19:45:34,448] {logging_mixin.py:115} INFO - [2022-07-17 19:45:34,448] {dagbag.py:508} INFO - Filling up the DagBag from /home/airflow/.local/lib/python3.7/site-packages/airflow/example_dags/example_short_circuit_operator.py
[2022-07-17 19:45:34,462] {processor.py:651} INFO - DAG(s) dict_keys(['example_short_circuit_operator']) retrieved from /home/airflow/.local/lib/python3.7/site-packages/airflow/example_dags/example_short_circuit_operator.py
[2022-07-17 19:45:34,507] {logging_mixin.py:115} INFO - [2022-07-17 19:45:34,506] {dag.py:2420} INFO - Sync 1 DAGs
[2022-07-17 19:45:34,543] {logging_mixin.py:115} INFO - [2022-07-17 19:45:34,543] {dag.py:2972} INFO - Setting next_dagrun for example_short_circuit_operator to 2022-07-16T19:45:34.543050+00:00, run_after=2022-07-17T19:45:34.543050+00:00
[2022-07-17 19:45:34,562] {processor.py:161} INFO - Processing /home/airflow/.local/lib/python3.7/site-packages/airflow/example_dags/example_short_circuit_operator.py took 0.120 seconds
[2022-07-17 19:46:05,118] {processor.py:153} INFO - Started process (PID=1154) to work on /home/airflow/.local/lib/python3.7/site-packages/airflow/example_dags/example_short_circuit_operator.py
[2022-07-17 19:46:05,119] {processor.py:641} INFO - Processing file /home/airflow/.local/lib/python3.7/site-packages/airflow/example_dags/example_short_circuit_operator.py for tasks to queue
[2022-07-17 19:46:05,120] {logging_mixin.py:115} INFO - [2022-07-17 19:46:05,120] {dagbag.py:508} INFO - Filling up the DagBag from /home/airflow/.local/lib/python3.7/site-packages/airflow/example_dags/example_short_circuit_operator.py
[2022-07-17 19:46:05,133] {processor.py:651} INFO - DAG(s) dict_keys(['example_short_circuit_operator']) retrieved from /home/airflow/.local/lib/python3.7/site-packages/airflow/example_dags/example_short_circuit_operator.py
[2022-07-17 19:46:05,176] {logging_mixin.py:115} INFO - [2022-07-17 19:46:05,176] {dag.py:2420} INFO - Sync 1 DAGs
[2022-07-17 19:46:05,207] {logging_mixin.py:115} INFO - [2022-07-17 19:46:05,207] {dag.py:2972} INFO - Setting next_dagrun for example_short_circuit_operator to 2022-07-16T19:46:05.206942+00:00, run_after=2022-07-17T19:46:05.206942+00:00
[2022-07-17 19:46:05,222] {processor.py:161} INFO - Processing /home/airflow/.local/lib/python3.7/site-packages/airflow/example_dags/example_short_circuit_operator.py took 0.107 seconds
[2022-07-17 19:46:35,386] {processor.py:153} INFO - Started process (PID=1209) to work on /home/airflow/.local/lib/python3.7/site-packages/airflow/example_dags/example_short_circuit_operator.py
[2022-07-17 19:46:35,386] {processor.py:641} INFO - Processing file /home/airflow/.local/lib/python3.7/site-packages/airflow/example_dags/example_short_circuit_operator.py for tasks to queue
[2022-07-17 19:46:35,387] {logging_mixin.py:115} INFO - [2022-07-17 19:46:35,387] {dagbag.py:508} INFO - Filling up the DagBag from /home/airflow/.local/lib/python3.7/site-packages/airflow/example_dags/example_short_circuit_operator.py
[2022-07-17 19:46:35,400] {processor.py:651} INFO - DAG(s) dict_keys(['example_short_circuit_operator']) retrieved from /home/airflow/.local/lib/python3.7/site-packages/airflow/example_dags/example_short_circuit_operator.py
[2022-07-17 19:46:35,433] {logging_mixin.py:115} INFO - [2022-07-17 19:46:35,432] {dag.py:2420} INFO - Sync 1 DAGs
[2022-07-17 19:46:35,464] {logging_mixin.py:115} INFO - [2022-07-17 19:46:35,464] {dag.py:2972} INFO - Setting next_dagrun for example_short_circuit_operator to 2022-07-16T19:46:35.464247+00:00, run_after=2022-07-17T19:46:35.464247+00:00
[2022-07-17 19:46:35,477] {processor.py:161} INFO - Processing /home/airflow/.local/lib/python3.7/site-packages/airflow/example_dags/example_short_circuit_operator.py took 0.095 seconds
[2022-07-17 19:47:05,632] {processor.py:153} INFO - Started process (PID=1274) to work on /home/airflow/.local/lib/python3.7/site-packages/airflow/example_dags/example_short_circuit_operator.py
[2022-07-17 19:47:05,633] {processor.py:641} INFO - Processing file /home/airflow/.local/lib/python3.7/site-packages/airflow/example_dags/example_short_circuit_operator.py for tasks to queue
[2022-07-17 19:47:05,633] {logging_mixin.py:115} INFO - [2022-07-17 19:47:05,633] {dagbag.py:508} INFO - Filling up the DagBag from /home/airflow/.local/lib/python3.7/site-packages/airflow/example_dags/example_short_circuit_operator.py
[2022-07-17 19:47:05,643] {processor.py:651} INFO - DAG(s) dict_keys(['example_short_circuit_operator']) retrieved from /home/airflow/.local/lib/python3.7/site-packages/airflow/example_dags/example_short_circuit_operator.py
[2022-07-17 19:47:05,672] {logging_mixin.py:115} INFO - [2022-07-17 19:47:05,672] {dag.py:2420} INFO - Sync 1 DAGs
[2022-07-17 19:47:05,696] {logging_mixin.py:115} INFO - [2022-07-17 19:47:05,695] {dag.py:2972} INFO - Setting next_dagrun for example_short_circuit_operator to 2022-07-16T19:47:05.695741+00:00, run_after=2022-07-17T19:47:05.695741+00:00
[2022-07-17 19:47:05,708] {processor.py:161} INFO - Processing /home/airflow/.local/lib/python3.7/site-packages/airflow/example_dags/example_short_circuit_operator.py took 0.079 seconds
[2022-07-17 19:47:35,900] {processor.py:153} INFO - Started process (PID=1329) to work on /home/airflow/.local/lib/python3.7/site-packages/airflow/example_dags/example_short_circuit_operator.py
[2022-07-17 19:47:35,901] {processor.py:641} INFO - Processing file /home/airflow/.local/lib/python3.7/site-packages/airflow/example_dags/example_short_circuit_operator.py for tasks to queue
[2022-07-17 19:47:35,901] {logging_mixin.py:115} INFO - [2022-07-17 19:47:35,901] {dagbag.py:508} INFO - Filling up the DagBag from /home/airflow/.local/lib/python3.7/site-packages/airflow/example_dags/example_short_circuit_operator.py
[2022-07-17 19:47:35,911] {processor.py:651} INFO - DAG(s) dict_keys(['example_short_circuit_operator']) retrieved from /home/airflow/.local/lib/python3.7/site-packages/airflow/example_dags/example_short_circuit_operator.py
[2022-07-17 19:47:35,941] {logging_mixin.py:115} INFO - [2022-07-17 19:47:35,941] {dag.py:2420} INFO - Sync 1 DAGs
[2022-07-17 19:47:35,965] {logging_mixin.py:115} INFO - [2022-07-17 19:47:35,965] {dag.py:2972} INFO - Setting next_dagrun for example_short_circuit_operator to 2022-07-16T19:47:35.965108+00:00, run_after=2022-07-17T19:47:35.965108+00:00
[2022-07-17 19:47:35,978] {processor.py:161} INFO - Processing /home/airflow/.local/lib/python3.7/site-packages/airflow/example_dags/example_short_circuit_operator.py took 0.081 seconds
[2022-07-17 19:48:06,304] {processor.py:153} INFO - Started process (PID=1396) to work on /home/airflow/.local/lib/python3.7/site-packages/airflow/example_dags/example_short_circuit_operator.py
[2022-07-17 19:48:06,305] {processor.py:641} INFO - Processing file /home/airflow/.local/lib/python3.7/site-packages/airflow/example_dags/example_short_circuit_operator.py for tasks to queue
[2022-07-17 19:48:06,305] {logging_mixin.py:115} INFO - [2022-07-17 19:48:06,305] {dagbag.py:508} INFO - Filling up the DagBag from /home/airflow/.local/lib/python3.7/site-packages/airflow/example_dags/example_short_circuit_operator.py
[2022-07-17 19:48:06,315] {processor.py:651} INFO - DAG(s) dict_keys(['example_short_circuit_operator']) retrieved from /home/airflow/.local/lib/python3.7/site-packages/airflow/example_dags/example_short_circuit_operator.py
[2022-07-17 19:48:06,342] {logging_mixin.py:115} INFO - [2022-07-17 19:48:06,342] {dag.py:2420} INFO - Sync 1 DAGs
[2022-07-17 19:48:06,365] {logging_mixin.py:115} INFO - [2022-07-17 19:48:06,365] {dag.py:2972} INFO - Setting next_dagrun for example_short_circuit_operator to 2022-07-16T19:48:06.365420+00:00, run_after=2022-07-17T19:48:06.365420+00:00
[2022-07-17 19:48:06,377] {processor.py:161} INFO - Processing /home/airflow/.local/lib/python3.7/site-packages/airflow/example_dags/example_short_circuit_operator.py took 0.076 seconds
[2022-07-17 19:48:36,563] {processor.py:153} INFO - Started process (PID=1451) to work on /home/airflow/.local/lib/python3.7/site-packages/airflow/example_dags/example_short_circuit_operator.py
[2022-07-17 19:48:36,563] {processor.py:641} INFO - Processing file /home/airflow/.local/lib/python3.7/site-packages/airflow/example_dags/example_short_circuit_operator.py for tasks to queue
[2022-07-17 19:48:36,564] {logging_mixin.py:115} INFO - [2022-07-17 19:48:36,564] {dagbag.py:508} INFO - Filling up the DagBag from /home/airflow/.local/lib/python3.7/site-packages/airflow/example_dags/example_short_circuit_operator.py
[2022-07-17 19:48:36,580] {processor.py:651} INFO - DAG(s) dict_keys(['example_short_circuit_operator']) retrieved from /home/airflow/.local/lib/python3.7/site-packages/airflow/example_dags/example_short_circuit_operator.py
[2022-07-17 19:48:36,619] {logging_mixin.py:115} INFO - [2022-07-17 19:48:36,619] {dag.py:2420} INFO - Sync 1 DAGs
[2022-07-17 19:48:36,652] {logging_mixin.py:115} INFO - [2022-07-17 19:48:36,652] {dag.py:2972} INFO - Setting next_dagrun for example_short_circuit_operator to 2022-07-16T19:48:36.652188+00:00, run_after=2022-07-17T19:48:36.652188+00:00
[2022-07-17 19:48:36,670] {processor.py:161} INFO - Processing /home/airflow/.local/lib/python3.7/site-packages/airflow/example_dags/example_short_circuit_operator.py took 0.112 seconds
[2022-07-17 19:49:07,138] {processor.py:153} INFO - Started process (PID=1516) to work on /home/airflow/.local/lib/python3.7/site-packages/airflow/example_dags/example_short_circuit_operator.py
[2022-07-17 19:49:07,139] {processor.py:641} INFO - Processing file /home/airflow/.local/lib/python3.7/site-packages/airflow/example_dags/example_short_circuit_operator.py for tasks to queue
[2022-07-17 19:49:07,139] {logging_mixin.py:115} INFO - [2022-07-17 19:49:07,139] {dagbag.py:508} INFO - Filling up the DagBag from /home/airflow/.local/lib/python3.7/site-packages/airflow/example_dags/example_short_circuit_operator.py
[2022-07-17 19:49:07,149] {processor.py:651} INFO - DAG(s) dict_keys(['example_short_circuit_operator']) retrieved from /home/airflow/.local/lib/python3.7/site-packages/airflow/example_dags/example_short_circuit_operator.py
[2022-07-17 19:49:07,178] {logging_mixin.py:115} INFO - [2022-07-17 19:49:07,178] {dag.py:2420} INFO - Sync 1 DAGs
[2022-07-17 19:49:07,202] {logging_mixin.py:115} INFO - [2022-07-17 19:49:07,202] {dag.py:2972} INFO - Setting next_dagrun for example_short_circuit_operator to 2022-07-16T19:49:07.201848+00:00, run_after=2022-07-17T19:49:07.201848+00:00
[2022-07-17 19:49:07,216] {processor.py:161} INFO - Processing /home/airflow/.local/lib/python3.7/site-packages/airflow/example_dags/example_short_circuit_operator.py took 0.081 seconds
[2022-07-17 19:49:37,571] {processor.py:153} INFO - Started process (PID=1580) to work on /home/airflow/.local/lib/python3.7/site-packages/airflow/example_dags/example_short_circuit_operator.py
[2022-07-17 19:49:37,572] {processor.py:641} INFO - Processing file /home/airflow/.local/lib/python3.7/site-packages/airflow/example_dags/example_short_circuit_operator.py for tasks to queue
[2022-07-17 19:49:37,572] {logging_mixin.py:115} INFO - [2022-07-17 19:49:37,572] {dagbag.py:508} INFO - Filling up the DagBag from /home/airflow/.local/lib/python3.7/site-packages/airflow/example_dags/example_short_circuit_operator.py
[2022-07-17 19:49:37,585] {processor.py:651} INFO - DAG(s) dict_keys(['example_short_circuit_operator']) retrieved from /home/airflow/.local/lib/python3.7/site-packages/airflow/example_dags/example_short_circuit_operator.py
[2022-07-17 19:49:37,616] {logging_mixin.py:115} INFO - [2022-07-17 19:49:37,616] {dag.py:2420} INFO - Sync 1 DAGs
[2022-07-17 19:49:37,650] {logging_mixin.py:115} INFO - [2022-07-17 19:49:37,650] {dag.py:2972} INFO - Setting next_dagrun for example_short_circuit_operator to 2022-07-16T19:49:37.649948+00:00, run_after=2022-07-17T19:49:37.649948+00:00
[2022-07-17 19:49:37,667] {processor.py:161} INFO - Processing /home/airflow/.local/lib/python3.7/site-packages/airflow/example_dags/example_short_circuit_operator.py took 0.099 seconds
[2022-07-17 19:50:07,807] {processor.py:153} INFO - Started process (PID=1635) to work on /home/airflow/.local/lib/python3.7/site-packages/airflow/example_dags/example_short_circuit_operator.py
[2022-07-17 19:50:07,808] {processor.py:641} INFO - Processing file /home/airflow/.local/lib/python3.7/site-packages/airflow/example_dags/example_short_circuit_operator.py for tasks to queue
[2022-07-17 19:50:07,808] {logging_mixin.py:115} INFO - [2022-07-17 19:50:07,808] {dagbag.py:508} INFO - Filling up the DagBag from /home/airflow/.local/lib/python3.7/site-packages/airflow/example_dags/example_short_circuit_operator.py
[2022-07-17 19:50:07,818] {processor.py:651} INFO - DAG(s) dict_keys(['example_short_circuit_operator']) retrieved from /home/airflow/.local/lib/python3.7/site-packages/airflow/example_dags/example_short_circuit_operator.py
[2022-07-17 19:50:07,845] {logging_mixin.py:115} INFO - [2022-07-17 19:50:07,845] {dag.py:2420} INFO - Sync 1 DAGs
[2022-07-17 19:50:07,868] {logging_mixin.py:115} INFO - [2022-07-17 19:50:07,868] {dag.py:2972} INFO - Setting next_dagrun for example_short_circuit_operator to 2022-07-16T19:50:07.868338+00:00, run_after=2022-07-17T19:50:07.868338+00:00
[2022-07-17 19:50:07,881] {processor.py:161} INFO - Processing /home/airflow/.local/lib/python3.7/site-packages/airflow/example_dags/example_short_circuit_operator.py took 0.076 seconds
[2022-07-17 19:50:38,109] {processor.py:153} INFO - Started process (PID=1700) to work on /home/airflow/.local/lib/python3.7/site-packages/airflow/example_dags/example_short_circuit_operator.py
[2022-07-17 19:50:38,109] {processor.py:641} INFO - Processing file /home/airflow/.local/lib/python3.7/site-packages/airflow/example_dags/example_short_circuit_operator.py for tasks to queue
[2022-07-17 19:50:38,110] {logging_mixin.py:115} INFO - [2022-07-17 19:50:38,110] {dagbag.py:508} INFO - Filling up the DagBag from /home/airflow/.local/lib/python3.7/site-packages/airflow/example_dags/example_short_circuit_operator.py
[2022-07-17 19:50:38,121] {processor.py:651} INFO - DAG(s) dict_keys(['example_short_circuit_operator']) retrieved from /home/airflow/.local/lib/python3.7/site-packages/airflow/example_dags/example_short_circuit_operator.py
[2022-07-17 19:50:38,162] {logging_mixin.py:115} INFO - [2022-07-17 19:50:38,162] {dag.py:2420} INFO - Sync 1 DAGs
[2022-07-17 19:50:38,203] {logging_mixin.py:115} INFO - [2022-07-17 19:50:38,203] {dag.py:2972} INFO - Setting next_dagrun for example_short_circuit_operator to 2022-07-16T19:50:38.202722+00:00, run_after=2022-07-17T19:50:38.202722+00:00
[2022-07-17 19:50:38,228] {processor.py:161} INFO - Processing /home/airflow/.local/lib/python3.7/site-packages/airflow/example_dags/example_short_circuit_operator.py took 0.122 seconds
[2022-07-17 19:51:08,476] {processor.py:153} INFO - Started process (PID=1757) to work on /home/airflow/.local/lib/python3.7/site-packages/airflow/example_dags/example_short_circuit_operator.py
[2022-07-17 19:51:08,477] {processor.py:641} INFO - Processing file /home/airflow/.local/lib/python3.7/site-packages/airflow/example_dags/example_short_circuit_operator.py for tasks to queue
[2022-07-17 19:51:08,477] {logging_mixin.py:115} INFO - [2022-07-17 19:51:08,477] {dagbag.py:508} INFO - Filling up the DagBag from /home/airflow/.local/lib/python3.7/site-packages/airflow/example_dags/example_short_circuit_operator.py
[2022-07-17 19:51:08,487] {processor.py:651} INFO - DAG(s) dict_keys(['example_short_circuit_operator']) retrieved from /home/airflow/.local/lib/python3.7/site-packages/airflow/example_dags/example_short_circuit_operator.py
[2022-07-17 19:51:08,517] {logging_mixin.py:115} INFO - [2022-07-17 19:51:08,517] {dag.py:2420} INFO - Sync 1 DAGs
[2022-07-17 19:51:08,542] {logging_mixin.py:115} INFO - [2022-07-17 19:51:08,541] {dag.py:2972} INFO - Setting next_dagrun for example_short_circuit_operator to 2022-07-16T19:51:08.541682+00:00, run_after=2022-07-17T19:51:08.541682+00:00
[2022-07-17 19:51:08,554] {processor.py:161} INFO - Processing /home/airflow/.local/lib/python3.7/site-packages/airflow/example_dags/example_short_circuit_operator.py took 0.081 seconds
[2022-07-17 19:51:38,645] {processor.py:153} INFO - Started process (PID=1821) to work on /home/airflow/.local/lib/python3.7/site-packages/airflow/example_dags/example_short_circuit_operator.py
[2022-07-17 19:51:38,646] {processor.py:641} INFO - Processing file /home/airflow/.local/lib/python3.7/site-packages/airflow/example_dags/example_short_circuit_operator.py for tasks to queue
[2022-07-17 19:51:38,647] {logging_mixin.py:115} INFO - [2022-07-17 19:51:38,647] {dagbag.py:508} INFO - Filling up the DagBag from /home/airflow/.local/lib/python3.7/site-packages/airflow/example_dags/example_short_circuit_operator.py
[2022-07-17 19:51:38,659] {processor.py:651} INFO - DAG(s) dict_keys(['example_short_circuit_operator']) retrieved from /home/airflow/.local/lib/python3.7/site-packages/airflow/example_dags/example_short_circuit_operator.py
[2022-07-17 19:51:38,696] {logging_mixin.py:115} INFO - [2022-07-17 19:51:38,696] {dag.py:2420} INFO - Sync 1 DAGs
[2022-07-17 19:51:38,724] {logging_mixin.py:115} INFO - [2022-07-17 19:51:38,724] {dag.py:2972} INFO - Setting next_dagrun for example_short_circuit_operator to 2022-07-16T19:51:38.724436+00:00, run_after=2022-07-17T19:51:38.724436+00:00
[2022-07-17 19:51:38,739] {processor.py:161} INFO - Processing /home/airflow/.local/lib/python3.7/site-packages/airflow/example_dags/example_short_circuit_operator.py took 0.098 seconds
[2022-07-17 19:52:09,216] {processor.py:153} INFO - Started process (PID=1876) to work on /home/airflow/.local/lib/python3.7/site-packages/airflow/example_dags/example_short_circuit_operator.py
[2022-07-17 19:52:09,216] {processor.py:641} INFO - Processing file /home/airflow/.local/lib/python3.7/site-packages/airflow/example_dags/example_short_circuit_operator.py for tasks to queue
[2022-07-17 19:52:09,217] {logging_mixin.py:115} INFO - [2022-07-17 19:52:09,217] {dagbag.py:508} INFO - Filling up the DagBag from /home/airflow/.local/lib/python3.7/site-packages/airflow/example_dags/example_short_circuit_operator.py
[2022-07-17 19:52:09,230] {processor.py:651} INFO - DAG(s) dict_keys(['example_short_circuit_operator']) retrieved from /home/airflow/.local/lib/python3.7/site-packages/airflow/example_dags/example_short_circuit_operator.py
[2022-07-17 19:52:09,265] {logging_mixin.py:115} INFO - [2022-07-17 19:52:09,265] {dag.py:2420} INFO - Sync 1 DAGs
[2022-07-17 19:52:09,308] {logging_mixin.py:115} INFO - [2022-07-17 19:52:09,308] {dag.py:2972} INFO - Setting next_dagrun for example_short_circuit_operator to 2022-07-16T19:52:09.307878+00:00, run_after=2022-07-17T19:52:09.307878+00:00
[2022-07-17 19:52:09,325] {processor.py:161} INFO - Processing /home/airflow/.local/lib/python3.7/site-packages/airflow/example_dags/example_short_circuit_operator.py took 0.113 seconds
[2022-07-17 19:52:39,378] {processor.py:153} INFO - Started process (PID=1940) to work on /home/airflow/.local/lib/python3.7/site-packages/airflow/example_dags/example_short_circuit_operator.py
[2022-07-17 19:52:39,378] {processor.py:641} INFO - Processing file /home/airflow/.local/lib/python3.7/site-packages/airflow/example_dags/example_short_circuit_operator.py for tasks to queue
[2022-07-17 19:52:39,379] {logging_mixin.py:115} INFO - [2022-07-17 19:52:39,379] {dagbag.py:508} INFO - Filling up the DagBag from /home/airflow/.local/lib/python3.7/site-packages/airflow/example_dags/example_short_circuit_operator.py
[2022-07-17 19:52:39,393] {processor.py:651} INFO - DAG(s) dict_keys(['example_short_circuit_operator']) retrieved from /home/airflow/.local/lib/python3.7/site-packages/airflow/example_dags/example_short_circuit_operator.py
[2022-07-17 19:52:39,425] {logging_mixin.py:115} INFO - [2022-07-17 19:52:39,425] {dag.py:2420} INFO - Sync 1 DAGs
[2022-07-17 19:52:39,458] {logging_mixin.py:115} INFO - [2022-07-17 19:52:39,458] {dag.py:2972} INFO - Setting next_dagrun for example_short_circuit_operator to 2022-07-16T19:52:39.457754+00:00, run_after=2022-07-17T19:52:39.457754+00:00
[2022-07-17 19:52:39,478] {processor.py:161} INFO - Processing /home/airflow/.local/lib/python3.7/site-packages/airflow/example_dags/example_short_circuit_operator.py took 0.104 seconds
[2022-07-17 19:53:09,642] {processor.py:153} INFO - Started process (PID=1994) to work on /home/airflow/.local/lib/python3.7/site-packages/airflow/example_dags/example_short_circuit_operator.py
[2022-07-17 19:53:09,642] {processor.py:641} INFO - Processing file /home/airflow/.local/lib/python3.7/site-packages/airflow/example_dags/example_short_circuit_operator.py for tasks to queue
[2022-07-17 19:53:09,642] {logging_mixin.py:115} INFO - [2022-07-17 19:53:09,642] {dagbag.py:508} INFO - Filling up the DagBag from /home/airflow/.local/lib/python3.7/site-packages/airflow/example_dags/example_short_circuit_operator.py
[2022-07-17 19:53:09,652] {processor.py:651} INFO - DAG(s) dict_keys(['example_short_circuit_operator']) retrieved from /home/airflow/.local/lib/python3.7/site-packages/airflow/example_dags/example_short_circuit_operator.py
[2022-07-17 19:53:09,682] {logging_mixin.py:115} INFO - [2022-07-17 19:53:09,682] {dag.py:2420} INFO - Sync 1 DAGs
[2022-07-17 19:53:09,708] {logging_mixin.py:115} INFO - [2022-07-17 19:53:09,708] {dag.py:2972} INFO - Setting next_dagrun for example_short_circuit_operator to 2022-07-16T19:53:09.707795+00:00, run_after=2022-07-17T19:53:09.707795+00:00
[2022-07-17 19:53:09,722] {processor.py:161} INFO - Processing /home/airflow/.local/lib/python3.7/site-packages/airflow/example_dags/example_short_circuit_operator.py took 0.083 seconds
[2022-07-17 19:53:40,032] {processor.py:153} INFO - Started process (PID=2057) to work on /home/airflow/.local/lib/python3.7/site-packages/airflow/example_dags/example_short_circuit_operator.py
[2022-07-17 19:53:40,033] {processor.py:641} INFO - Processing file /home/airflow/.local/lib/python3.7/site-packages/airflow/example_dags/example_short_circuit_operator.py for tasks to queue
[2022-07-17 19:53:40,033] {logging_mixin.py:115} INFO - [2022-07-17 19:53:40,033] {dagbag.py:508} INFO - Filling up the DagBag from /home/airflow/.local/lib/python3.7/site-packages/airflow/example_dags/example_short_circuit_operator.py
[2022-07-17 19:53:40,043] {processor.py:651} INFO - DAG(s) dict_keys(['example_short_circuit_operator']) retrieved from /home/airflow/.local/lib/python3.7/site-packages/airflow/example_dags/example_short_circuit_operator.py
[2022-07-17 19:53:40,074] {logging_mixin.py:115} INFO - [2022-07-17 19:53:40,074] {dag.py:2420} INFO - Sync 1 DAGs
[2022-07-17 19:53:40,098] {logging_mixin.py:115} INFO - [2022-07-17 19:53:40,098] {dag.py:2972} INFO - Setting next_dagrun for example_short_circuit_operator to 2022-07-16T19:53:40.098133+00:00, run_after=2022-07-17T19:53:40.098133+00:00
[2022-07-17 19:53:40,112] {processor.py:161} INFO - Processing /home/airflow/.local/lib/python3.7/site-packages/airflow/example_dags/example_short_circuit_operator.py took 0.083 seconds
[2022-07-17 19:54:10,284] {processor.py:153} INFO - Started process (PID=2122) to work on /home/airflow/.local/lib/python3.7/site-packages/airflow/example_dags/example_short_circuit_operator.py
[2022-07-17 19:54:10,285] {processor.py:641} INFO - Processing file /home/airflow/.local/lib/python3.7/site-packages/airflow/example_dags/example_short_circuit_operator.py for tasks to queue
[2022-07-17 19:54:10,285] {logging_mixin.py:115} INFO - [2022-07-17 19:54:10,285] {dagbag.py:508} INFO - Filling up the DagBag from /home/airflow/.local/lib/python3.7/site-packages/airflow/example_dags/example_short_circuit_operator.py
[2022-07-17 19:54:10,295] {processor.py:651} INFO - DAG(s) dict_keys(['example_short_circuit_operator']) retrieved from /home/airflow/.local/lib/python3.7/site-packages/airflow/example_dags/example_short_circuit_operator.py
[2022-07-17 19:54:10,324] {logging_mixin.py:115} INFO - [2022-07-17 19:54:10,324] {dag.py:2420} INFO - Sync 1 DAGs
[2022-07-17 19:54:10,352] {logging_mixin.py:115} INFO - [2022-07-17 19:54:10,352] {dag.py:2972} INFO - Setting next_dagrun for example_short_circuit_operator to 2022-07-16T19:54:10.352186+00:00, run_after=2022-07-17T19:54:10.352186+00:00
[2022-07-17 19:54:10,367] {processor.py:161} INFO - Processing /home/airflow/.local/lib/python3.7/site-packages/airflow/example_dags/example_short_circuit_operator.py took 0.087 seconds
[2022-07-17 19:54:40,497] {processor.py:153} INFO - Started process (PID=2177) to work on /home/airflow/.local/lib/python3.7/site-packages/airflow/example_dags/example_short_circuit_operator.py
[2022-07-17 19:54:40,497] {processor.py:641} INFO - Processing file /home/airflow/.local/lib/python3.7/site-packages/airflow/example_dags/example_short_circuit_operator.py for tasks to queue
[2022-07-17 19:54:40,498] {logging_mixin.py:115} INFO - [2022-07-17 19:54:40,498] {dagbag.py:508} INFO - Filling up the DagBag from /home/airflow/.local/lib/python3.7/site-packages/airflow/example_dags/example_short_circuit_operator.py
[2022-07-17 19:54:40,508] {processor.py:651} INFO - DAG(s) dict_keys(['example_short_circuit_operator']) retrieved from /home/airflow/.local/lib/python3.7/site-packages/airflow/example_dags/example_short_circuit_operator.py
[2022-07-17 19:54:40,539] {logging_mixin.py:115} INFO - [2022-07-17 19:54:40,538] {dag.py:2420} INFO - Sync 1 DAGs
[2022-07-17 19:54:40,564] {logging_mixin.py:115} INFO - [2022-07-17 19:54:40,564] {dag.py:2972} INFO - Setting next_dagrun for example_short_circuit_operator to 2022-07-16T19:54:40.563901+00:00, run_after=2022-07-17T19:54:40.563901+00:00
[2022-07-17 19:54:40,579] {processor.py:161} INFO - Processing /home/airflow/.local/lib/python3.7/site-packages/airflow/example_dags/example_short_circuit_operator.py took 0.085 seconds
[2022-07-17 19:55:10,691] {processor.py:153} INFO - Started process (PID=2241) to work on /home/airflow/.local/lib/python3.7/site-packages/airflow/example_dags/example_short_circuit_operator.py
[2022-07-17 19:55:10,691] {processor.py:641} INFO - Processing file /home/airflow/.local/lib/python3.7/site-packages/airflow/example_dags/example_short_circuit_operator.py for tasks to queue
[2022-07-17 19:55:10,692] {logging_mixin.py:115} INFO - [2022-07-17 19:55:10,692] {dagbag.py:508} INFO - Filling up the DagBag from /home/airflow/.local/lib/python3.7/site-packages/airflow/example_dags/example_short_circuit_operator.py
[2022-07-17 19:55:10,703] {processor.py:651} INFO - DAG(s) dict_keys(['example_short_circuit_operator']) retrieved from /home/airflow/.local/lib/python3.7/site-packages/airflow/example_dags/example_short_circuit_operator.py
[2022-07-17 19:55:10,733] {logging_mixin.py:115} INFO - [2022-07-17 19:55:10,732] {dag.py:2420} INFO - Sync 1 DAGs
[2022-07-17 19:55:10,757] {logging_mixin.py:115} INFO - [2022-07-17 19:55:10,757] {dag.py:2972} INFO - Setting next_dagrun for example_short_circuit_operator to 2022-07-16T19:55:10.756828+00:00, run_after=2022-07-17T19:55:10.756828+00:00
[2022-07-17 19:55:10,769] {processor.py:161} INFO - Processing /home/airflow/.local/lib/python3.7/site-packages/airflow/example_dags/example_short_circuit_operator.py took 0.082 seconds
[2022-07-17 19:55:41,212] {processor.py:153} INFO - Started process (PID=2298) to work on /home/airflow/.local/lib/python3.7/site-packages/airflow/example_dags/example_short_circuit_operator.py
[2022-07-17 19:55:41,213] {processor.py:641} INFO - Processing file /home/airflow/.local/lib/python3.7/site-packages/airflow/example_dags/example_short_circuit_operator.py for tasks to queue
[2022-07-17 19:55:41,213] {logging_mixin.py:115} INFO - [2022-07-17 19:55:41,213] {dagbag.py:508} INFO - Filling up the DagBag from /home/airflow/.local/lib/python3.7/site-packages/airflow/example_dags/example_short_circuit_operator.py
[2022-07-17 19:55:41,223] {processor.py:651} INFO - DAG(s) dict_keys(['example_short_circuit_operator']) retrieved from /home/airflow/.local/lib/python3.7/site-packages/airflow/example_dags/example_short_circuit_operator.py
[2022-07-17 19:55:41,254] {logging_mixin.py:115} INFO - [2022-07-17 19:55:41,254] {dag.py:2420} INFO - Sync 1 DAGs
[2022-07-17 19:55:41,279] {logging_mixin.py:115} INFO - [2022-07-17 19:55:41,279] {dag.py:2972} INFO - Setting next_dagrun for example_short_circuit_operator to 2022-07-16T19:55:41.278953+00:00, run_after=2022-07-17T19:55:41.278953+00:00
[2022-07-17 19:55:41,292] {processor.py:161} INFO - Processing /home/airflow/.local/lib/python3.7/site-packages/airflow/example_dags/example_short_circuit_operator.py took 0.083 seconds
[2022-07-17 19:56:11,883] {processor.py:153} INFO - Started process (PID=2364) to work on /home/airflow/.local/lib/python3.7/site-packages/airflow/example_dags/example_short_circuit_operator.py
[2022-07-17 19:56:11,883] {processor.py:641} INFO - Processing file /home/airflow/.local/lib/python3.7/site-packages/airflow/example_dags/example_short_circuit_operator.py for tasks to queue
[2022-07-17 19:56:11,884] {logging_mixin.py:115} INFO - [2022-07-17 19:56:11,884] {dagbag.py:508} INFO - Filling up the DagBag from /home/airflow/.local/lib/python3.7/site-packages/airflow/example_dags/example_short_circuit_operator.py
[2022-07-17 19:56:11,894] {processor.py:651} INFO - DAG(s) dict_keys(['example_short_circuit_operator']) retrieved from /home/airflow/.local/lib/python3.7/site-packages/airflow/example_dags/example_short_circuit_operator.py
[2022-07-17 19:56:11,924] {logging_mixin.py:115} INFO - [2022-07-17 19:56:11,924] {dag.py:2420} INFO - Sync 1 DAGs
[2022-07-17 19:56:11,950] {logging_mixin.py:115} INFO - [2022-07-17 19:56:11,950] {dag.py:2972} INFO - Setting next_dagrun for example_short_circuit_operator to 2022-07-16T19:56:11.949912+00:00, run_after=2022-07-17T19:56:11.949912+00:00
[2022-07-17 19:56:11,962] {processor.py:161} INFO - Processing /home/airflow/.local/lib/python3.7/site-packages/airflow/example_dags/example_short_circuit_operator.py took 0.083 seconds
[2022-07-17 19:56:42,028] {processor.py:153} INFO - Started process (PID=2419) to work on /home/airflow/.local/lib/python3.7/site-packages/airflow/example_dags/example_short_circuit_operator.py
[2022-07-17 19:56:42,028] {processor.py:641} INFO - Processing file /home/airflow/.local/lib/python3.7/site-packages/airflow/example_dags/example_short_circuit_operator.py for tasks to queue
[2022-07-17 19:56:42,029] {logging_mixin.py:115} INFO - [2022-07-17 19:56:42,029] {dagbag.py:508} INFO - Filling up the DagBag from /home/airflow/.local/lib/python3.7/site-packages/airflow/example_dags/example_short_circuit_operator.py
[2022-07-17 19:56:42,039] {processor.py:651} INFO - DAG(s) dict_keys(['example_short_circuit_operator']) retrieved from /home/airflow/.local/lib/python3.7/site-packages/airflow/example_dags/example_short_circuit_operator.py
[2022-07-17 19:56:42,070] {logging_mixin.py:115} INFO - [2022-07-17 19:56:42,070] {dag.py:2420} INFO - Sync 1 DAGs
[2022-07-17 19:56:42,096] {logging_mixin.py:115} INFO - [2022-07-17 19:56:42,096] {dag.py:2972} INFO - Setting next_dagrun for example_short_circuit_operator to 2022-07-16T19:56:42.096397+00:00, run_after=2022-07-17T19:56:42.096397+00:00
[2022-07-17 19:56:42,111] {processor.py:161} INFO - Processing /home/airflow/.local/lib/python3.7/site-packages/airflow/example_dags/example_short_circuit_operator.py took 0.086 seconds
[2022-07-17 19:57:12,225] {processor.py:153} INFO - Started process (PID=2483) to work on /home/airflow/.local/lib/python3.7/site-packages/airflow/example_dags/example_short_circuit_operator.py
[2022-07-17 19:57:12,226] {processor.py:641} INFO - Processing file /home/airflow/.local/lib/python3.7/site-packages/airflow/example_dags/example_short_circuit_operator.py for tasks to queue
[2022-07-17 19:57:12,226] {logging_mixin.py:115} INFO - [2022-07-17 19:57:12,226] {dagbag.py:508} INFO - Filling up the DagBag from /home/airflow/.local/lib/python3.7/site-packages/airflow/example_dags/example_short_circuit_operator.py
[2022-07-17 19:57:12,236] {processor.py:651} INFO - DAG(s) dict_keys(['example_short_circuit_operator']) retrieved from /home/airflow/.local/lib/python3.7/site-packages/airflow/example_dags/example_short_circuit_operator.py
[2022-07-17 19:57:12,265] {logging_mixin.py:115} INFO - [2022-07-17 19:57:12,265] {dag.py:2420} INFO - Sync 1 DAGs
[2022-07-17 19:57:12,289] {logging_mixin.py:115} INFO - [2022-07-17 19:57:12,289] {dag.py:2972} INFO - Setting next_dagrun for example_short_circuit_operator to 2022-07-16T19:57:12.288910+00:00, run_after=2022-07-17T19:57:12.288910+00:00
[2022-07-17 19:57:12,301] {processor.py:161} INFO - Processing /home/airflow/.local/lib/python3.7/site-packages/airflow/example_dags/example_short_circuit_operator.py took 0.079 seconds
[2022-07-17 19:57:42,623] {processor.py:153} INFO - Started process (PID=2547) to work on /home/airflow/.local/lib/python3.7/site-packages/airflow/example_dags/example_short_circuit_operator.py
[2022-07-17 19:57:42,624] {processor.py:641} INFO - Processing file /home/airflow/.local/lib/python3.7/site-packages/airflow/example_dags/example_short_circuit_operator.py for tasks to queue
[2022-07-17 19:57:42,624] {logging_mixin.py:115} INFO - [2022-07-17 19:57:42,624] {dagbag.py:508} INFO - Filling up the DagBag from /home/airflow/.local/lib/python3.7/site-packages/airflow/example_dags/example_short_circuit_operator.py
[2022-07-17 19:57:42,634] {processor.py:651} INFO - DAG(s) dict_keys(['example_short_circuit_operator']) retrieved from /home/airflow/.local/lib/python3.7/site-packages/airflow/example_dags/example_short_circuit_operator.py
[2022-07-17 19:57:42,669] {logging_mixin.py:115} INFO - [2022-07-17 19:57:42,669] {dag.py:2420} INFO - Sync 1 DAGs
[2022-07-17 19:57:42,697] {logging_mixin.py:115} INFO - [2022-07-17 19:57:42,697] {dag.py:2972} INFO - Setting next_dagrun for example_short_circuit_operator to 2022-07-16T19:57:42.697382+00:00, run_after=2022-07-17T19:57:42.697382+00:00
[2022-07-17 19:57:42,712] {processor.py:161} INFO - Processing /home/airflow/.local/lib/python3.7/site-packages/airflow/example_dags/example_short_circuit_operator.py took 0.092 seconds
[2022-07-17 19:58:12,836] {processor.py:153} INFO - Started process (PID=2602) to work on /home/airflow/.local/lib/python3.7/site-packages/airflow/example_dags/example_short_circuit_operator.py
[2022-07-17 19:58:12,837] {processor.py:641} INFO - Processing file /home/airflow/.local/lib/python3.7/site-packages/airflow/example_dags/example_short_circuit_operator.py for tasks to queue
[2022-07-17 19:58:12,837] {logging_mixin.py:115} INFO - [2022-07-17 19:58:12,837] {dagbag.py:508} INFO - Filling up the DagBag from /home/airflow/.local/lib/python3.7/site-packages/airflow/example_dags/example_short_circuit_operator.py
[2022-07-17 19:58:12,848] {processor.py:651} INFO - DAG(s) dict_keys(['example_short_circuit_operator']) retrieved from /home/airflow/.local/lib/python3.7/site-packages/airflow/example_dags/example_short_circuit_operator.py
[2022-07-17 19:58:12,879] {logging_mixin.py:115} INFO - [2022-07-17 19:58:12,879] {dag.py:2420} INFO - Sync 1 DAGs
[2022-07-17 19:58:12,904] {logging_mixin.py:115} INFO - [2022-07-17 19:58:12,904] {dag.py:2972} INFO - Setting next_dagrun for example_short_circuit_operator to 2022-07-16T19:58:12.904083+00:00, run_after=2022-07-17T19:58:12.904083+00:00
[2022-07-17 19:58:12,916] {processor.py:161} INFO - Processing /home/airflow/.local/lib/python3.7/site-packages/airflow/example_dags/example_short_circuit_operator.py took 0.084 seconds
[2022-07-17 19:58:43,788] {processor.py:153} INFO - Started process (PID=2666) to work on /home/airflow/.local/lib/python3.7/site-packages/airflow/example_dags/example_short_circuit_operator.py
[2022-07-17 19:58:43,789] {processor.py:641} INFO - Processing file /home/airflow/.local/lib/python3.7/site-packages/airflow/example_dags/example_short_circuit_operator.py for tasks to queue
[2022-07-17 19:58:43,789] {logging_mixin.py:115} INFO - [2022-07-17 19:58:43,789] {dagbag.py:508} INFO - Filling up the DagBag from /home/airflow/.local/lib/python3.7/site-packages/airflow/example_dags/example_short_circuit_operator.py
[2022-07-17 19:58:43,799] {processor.py:651} INFO - DAG(s) dict_keys(['example_short_circuit_operator']) retrieved from /home/airflow/.local/lib/python3.7/site-packages/airflow/example_dags/example_short_circuit_operator.py
[2022-07-17 19:58:43,826] {logging_mixin.py:115} INFO - [2022-07-17 19:58:43,826] {dag.py:2420} INFO - Sync 1 DAGs
[2022-07-17 19:58:43,850] {logging_mixin.py:115} INFO - [2022-07-17 19:58:43,850] {dag.py:2972} INFO - Setting next_dagrun for example_short_circuit_operator to 2022-07-16T19:58:43.849878+00:00, run_after=2022-07-17T19:58:43.849878+00:00
[2022-07-17 19:58:43,864] {processor.py:161} INFO - Processing /home/airflow/.local/lib/python3.7/site-packages/airflow/example_dags/example_short_circuit_operator.py took 0.079 seconds
[2022-07-17 19:59:14,235] {processor.py:153} INFO - Started process (PID=2721) to work on /home/airflow/.local/lib/python3.7/site-packages/airflow/example_dags/example_short_circuit_operator.py
[2022-07-17 19:59:14,236] {processor.py:641} INFO - Processing file /home/airflow/.local/lib/python3.7/site-packages/airflow/example_dags/example_short_circuit_operator.py for tasks to queue
[2022-07-17 19:59:14,237] {logging_mixin.py:115} INFO - [2022-07-17 19:59:14,236] {dagbag.py:508} INFO - Filling up the DagBag from /home/airflow/.local/lib/python3.7/site-packages/airflow/example_dags/example_short_circuit_operator.py
[2022-07-17 19:59:14,247] {processor.py:651} INFO - DAG(s) dict_keys(['example_short_circuit_operator']) retrieved from /home/airflow/.local/lib/python3.7/site-packages/airflow/example_dags/example_short_circuit_operator.py
[2022-07-17 19:59:14,277] {logging_mixin.py:115} INFO - [2022-07-17 19:59:14,277] {dag.py:2420} INFO - Sync 1 DAGs
[2022-07-17 19:59:14,302] {logging_mixin.py:115} INFO - [2022-07-17 19:59:14,302] {dag.py:2972} INFO - Setting next_dagrun for example_short_circuit_operator to 2022-07-16T19:59:14.302444+00:00, run_after=2022-07-17T19:59:14.302444+00:00
[2022-07-17 19:59:14,315] {processor.py:161} INFO - Processing /home/airflow/.local/lib/python3.7/site-packages/airflow/example_dags/example_short_circuit_operator.py took 0.083 seconds
[2022-07-17 19:59:44,392] {processor.py:153} INFO - Started process (PID=2786) to work on /home/airflow/.local/lib/python3.7/site-packages/airflow/example_dags/example_short_circuit_operator.py
[2022-07-17 19:59:44,393] {processor.py:641} INFO - Processing file /home/airflow/.local/lib/python3.7/site-packages/airflow/example_dags/example_short_circuit_operator.py for tasks to queue
[2022-07-17 19:59:44,393] {logging_mixin.py:115} INFO - [2022-07-17 19:59:44,393] {dagbag.py:508} INFO - Filling up the DagBag from /home/airflow/.local/lib/python3.7/site-packages/airflow/example_dags/example_short_circuit_operator.py
[2022-07-17 19:59:44,405] {processor.py:651} INFO - DAG(s) dict_keys(['example_short_circuit_operator']) retrieved from /home/airflow/.local/lib/python3.7/site-packages/airflow/example_dags/example_short_circuit_operator.py
[2022-07-17 19:59:44,433] {logging_mixin.py:115} INFO - [2022-07-17 19:59:44,433] {dag.py:2420} INFO - Sync 1 DAGs
[2022-07-17 19:59:44,457] {logging_mixin.py:115} INFO - [2022-07-17 19:59:44,457] {dag.py:2972} INFO - Setting next_dagrun for example_short_circuit_operator to 2022-07-16T19:59:44.456916+00:00, run_after=2022-07-17T19:59:44.456916+00:00
[2022-07-17 19:59:44,469] {processor.py:161} INFO - Processing /home/airflow/.local/lib/python3.7/site-packages/airflow/example_dags/example_short_circuit_operator.py took 0.080 seconds
[2022-07-17 20:00:14,781] {processor.py:153} INFO - Started process (PID=2851) to work on /home/airflow/.local/lib/python3.7/site-packages/airflow/example_dags/example_short_circuit_operator.py
[2022-07-17 20:00:14,782] {processor.py:641} INFO - Processing file /home/airflow/.local/lib/python3.7/site-packages/airflow/example_dags/example_short_circuit_operator.py for tasks to queue
[2022-07-17 20:00:14,782] {logging_mixin.py:115} INFO - [2022-07-17 20:00:14,782] {dagbag.py:508} INFO - Filling up the DagBag from /home/airflow/.local/lib/python3.7/site-packages/airflow/example_dags/example_short_circuit_operator.py
[2022-07-17 20:00:14,792] {processor.py:651} INFO - DAG(s) dict_keys(['example_short_circuit_operator']) retrieved from /home/airflow/.local/lib/python3.7/site-packages/airflow/example_dags/example_short_circuit_operator.py
[2022-07-17 20:00:14,820] {logging_mixin.py:115} INFO - [2022-07-17 20:00:14,820] {dag.py:2420} INFO - Sync 1 DAGs
[2022-07-17 20:00:14,851] {logging_mixin.py:115} INFO - [2022-07-17 20:00:14,851] {dag.py:2972} INFO - Setting next_dagrun for example_short_circuit_operator to 2022-07-16T20:00:14.851426+00:00, run_after=2022-07-17T20:00:14.851426+00:00
[2022-07-17 20:00:14,870] {processor.py:161} INFO - Processing /home/airflow/.local/lib/python3.7/site-packages/airflow/example_dags/example_short_circuit_operator.py took 0.092 seconds
[2022-07-17 20:00:45,295] {processor.py:153} INFO - Started process (PID=2907) to work on /home/airflow/.local/lib/python3.7/site-packages/airflow/example_dags/example_short_circuit_operator.py
[2022-07-17 20:00:45,295] {processor.py:641} INFO - Processing file /home/airflow/.local/lib/python3.7/site-packages/airflow/example_dags/example_short_circuit_operator.py for tasks to queue
[2022-07-17 20:00:45,296] {logging_mixin.py:115} INFO - [2022-07-17 20:00:45,296] {dagbag.py:508} INFO - Filling up the DagBag from /home/airflow/.local/lib/python3.7/site-packages/airflow/example_dags/example_short_circuit_operator.py
[2022-07-17 20:00:45,309] {processor.py:651} INFO - DAG(s) dict_keys(['example_short_circuit_operator']) retrieved from /home/airflow/.local/lib/python3.7/site-packages/airflow/example_dags/example_short_circuit_operator.py
[2022-07-17 20:00:45,339] {logging_mixin.py:115} INFO - [2022-07-17 20:00:45,339] {dag.py:2420} INFO - Sync 1 DAGs
[2022-07-17 20:00:45,366] {logging_mixin.py:115} INFO - [2022-07-17 20:00:45,366] {dag.py:2972} INFO - Setting next_dagrun for example_short_circuit_operator to 2022-07-16T20:00:45.365841+00:00, run_after=2022-07-17T20:00:45.365841+00:00
[2022-07-17 20:00:45,379] {processor.py:161} INFO - Processing /home/airflow/.local/lib/python3.7/site-packages/airflow/example_dags/example_short_circuit_operator.py took 0.087 seconds
[2022-07-17 20:01:15,509] {processor.py:153} INFO - Started process (PID=2971) to work on /home/airflow/.local/lib/python3.7/site-packages/airflow/example_dags/example_short_circuit_operator.py
[2022-07-17 20:01:15,509] {processor.py:641} INFO - Processing file /home/airflow/.local/lib/python3.7/site-packages/airflow/example_dags/example_short_circuit_operator.py for tasks to queue
[2022-07-17 20:01:15,510] {logging_mixin.py:115} INFO - [2022-07-17 20:01:15,510] {dagbag.py:508} INFO - Filling up the DagBag from /home/airflow/.local/lib/python3.7/site-packages/airflow/example_dags/example_short_circuit_operator.py
[2022-07-17 20:01:15,520] {processor.py:651} INFO - DAG(s) dict_keys(['example_short_circuit_operator']) retrieved from /home/airflow/.local/lib/python3.7/site-packages/airflow/example_dags/example_short_circuit_operator.py
[2022-07-17 20:01:15,548] {logging_mixin.py:115} INFO - [2022-07-17 20:01:15,548] {dag.py:2420} INFO - Sync 1 DAGs
[2022-07-17 20:01:15,572] {logging_mixin.py:115} INFO - [2022-07-17 20:01:15,572] {dag.py:2972} INFO - Setting next_dagrun for example_short_circuit_operator to 2022-07-16T20:01:15.572266+00:00, run_after=2022-07-17T20:01:15.572266+00:00
[2022-07-17 20:01:15,586] {processor.py:161} INFO - Processing /home/airflow/.local/lib/python3.7/site-packages/airflow/example_dags/example_short_circuit_operator.py took 0.081 seconds
[2022-07-17 20:01:45,960] {processor.py:153} INFO - Started process (PID=3026) to work on /home/airflow/.local/lib/python3.7/site-packages/airflow/example_dags/example_short_circuit_operator.py
[2022-07-17 20:01:45,961] {processor.py:641} INFO - Processing file /home/airflow/.local/lib/python3.7/site-packages/airflow/example_dags/example_short_circuit_operator.py for tasks to queue
[2022-07-17 20:01:45,961] {logging_mixin.py:115} INFO - [2022-07-17 20:01:45,961] {dagbag.py:508} INFO - Filling up the DagBag from /home/airflow/.local/lib/python3.7/site-packages/airflow/example_dags/example_short_circuit_operator.py
[2022-07-17 20:01:45,976] {processor.py:651} INFO - DAG(s) dict_keys(['example_short_circuit_operator']) retrieved from /home/airflow/.local/lib/python3.7/site-packages/airflow/example_dags/example_short_circuit_operator.py
[2022-07-17 20:01:46,020] {logging_mixin.py:115} INFO - [2022-07-17 20:01:46,020] {dag.py:2420} INFO - Sync 1 DAGs
[2022-07-17 20:01:46,049] {logging_mixin.py:115} INFO - [2022-07-17 20:01:46,049] {dag.py:2972} INFO - Setting next_dagrun for example_short_circuit_operator to 2022-07-16T20:01:46.048954+00:00, run_after=2022-07-17T20:01:46.048954+00:00
[2022-07-17 20:01:46,065] {processor.py:161} INFO - Processing /home/airflow/.local/lib/python3.7/site-packages/airflow/example_dags/example_short_circuit_operator.py took 0.109 seconds
[2022-07-17 20:02:16,669] {processor.py:153} INFO - Started process (PID=3093) to work on /home/airflow/.local/lib/python3.7/site-packages/airflow/example_dags/example_short_circuit_operator.py
[2022-07-17 20:02:16,670] {processor.py:641} INFO - Processing file /home/airflow/.local/lib/python3.7/site-packages/airflow/example_dags/example_short_circuit_operator.py for tasks to queue
[2022-07-17 20:02:16,671] {logging_mixin.py:115} INFO - [2022-07-17 20:02:16,670] {dagbag.py:508} INFO - Filling up the DagBag from /home/airflow/.local/lib/python3.7/site-packages/airflow/example_dags/example_short_circuit_operator.py
[2022-07-17 20:02:16,681] {processor.py:651} INFO - DAG(s) dict_keys(['example_short_circuit_operator']) retrieved from /home/airflow/.local/lib/python3.7/site-packages/airflow/example_dags/example_short_circuit_operator.py
[2022-07-17 20:02:16,708] {logging_mixin.py:115} INFO - [2022-07-17 20:02:16,707] {dag.py:2420} INFO - Sync 1 DAGs
[2022-07-17 20:02:16,731] {logging_mixin.py:115} INFO - [2022-07-17 20:02:16,731] {dag.py:2972} INFO - Setting next_dagrun for example_short_circuit_operator to 2022-07-16T20:02:16.731000+00:00, run_after=2022-07-17T20:02:16.731000+00:00
[2022-07-17 20:02:16,743] {processor.py:161} INFO - Processing /home/airflow/.local/lib/python3.7/site-packages/airflow/example_dags/example_short_circuit_operator.py took 0.077 seconds
[2022-07-17 20:02:46,954] {processor.py:153} INFO - Started process (PID=3148) to work on /home/airflow/.local/lib/python3.7/site-packages/airflow/example_dags/example_short_circuit_operator.py
[2022-07-17 20:02:46,954] {processor.py:641} INFO - Processing file /home/airflow/.local/lib/python3.7/site-packages/airflow/example_dags/example_short_circuit_operator.py for tasks to queue
[2022-07-17 20:02:46,955] {logging_mixin.py:115} INFO - [2022-07-17 20:02:46,955] {dagbag.py:508} INFO - Filling up the DagBag from /home/airflow/.local/lib/python3.7/site-packages/airflow/example_dags/example_short_circuit_operator.py
[2022-07-17 20:02:46,967] {processor.py:651} INFO - DAG(s) dict_keys(['example_short_circuit_operator']) retrieved from /home/airflow/.local/lib/python3.7/site-packages/airflow/example_dags/example_short_circuit_operator.py
[2022-07-17 20:02:46,997] {logging_mixin.py:115} INFO - [2022-07-17 20:02:46,997] {dag.py:2420} INFO - Sync 1 DAGs
[2022-07-17 20:02:47,024] {logging_mixin.py:115} INFO - [2022-07-17 20:02:47,024] {dag.py:2972} INFO - Setting next_dagrun for example_short_circuit_operator to 2022-07-16T20:02:47.024042+00:00, run_after=2022-07-17T20:02:47.024042+00:00
[2022-07-17 20:02:47,037] {processor.py:161} INFO - Processing /home/airflow/.local/lib/python3.7/site-packages/airflow/example_dags/example_short_circuit_operator.py took 0.087 seconds
[2022-07-17 20:03:17,371] {processor.py:153} INFO - Started process (PID=3210) to work on /home/airflow/.local/lib/python3.7/site-packages/airflow/example_dags/example_short_circuit_operator.py
[2022-07-17 20:03:17,372] {processor.py:641} INFO - Processing file /home/airflow/.local/lib/python3.7/site-packages/airflow/example_dags/example_short_circuit_operator.py for tasks to queue
[2022-07-17 20:03:17,372] {logging_mixin.py:115} INFO - [2022-07-17 20:03:17,372] {dagbag.py:508} INFO - Filling up the DagBag from /home/airflow/.local/lib/python3.7/site-packages/airflow/example_dags/example_short_circuit_operator.py
[2022-07-17 20:03:17,386] {processor.py:651} INFO - DAG(s) dict_keys(['example_short_circuit_operator']) retrieved from /home/airflow/.local/lib/python3.7/site-packages/airflow/example_dags/example_short_circuit_operator.py
[2022-07-17 20:03:17,421] {logging_mixin.py:115} INFO - [2022-07-17 20:03:17,421] {dag.py:2420} INFO - Sync 1 DAGs
[2022-07-17 20:03:17,449] {logging_mixin.py:115} INFO - [2022-07-17 20:03:17,448] {dag.py:2972} INFO - Setting next_dagrun for example_short_circuit_operator to 2022-07-16T20:03:17.448664+00:00, run_after=2022-07-17T20:03:17.448664+00:00
[2022-07-17 20:03:17,464] {processor.py:161} INFO - Processing /home/airflow/.local/lib/python3.7/site-packages/airflow/example_dags/example_short_circuit_operator.py took 0.096 seconds
[2022-07-17 20:03:47,933] {processor.py:153} INFO - Started process (PID=3274) to work on /home/airflow/.local/lib/python3.7/site-packages/airflow/example_dags/example_short_circuit_operator.py
[2022-07-17 20:03:47,933] {processor.py:641} INFO - Processing file /home/airflow/.local/lib/python3.7/site-packages/airflow/example_dags/example_short_circuit_operator.py for tasks to queue
[2022-07-17 20:03:47,934] {logging_mixin.py:115} INFO - [2022-07-17 20:03:47,934] {dagbag.py:508} INFO - Filling up the DagBag from /home/airflow/.local/lib/python3.7/site-packages/airflow/example_dags/example_short_circuit_operator.py
[2022-07-17 20:03:47,944] {processor.py:651} INFO - DAG(s) dict_keys(['example_short_circuit_operator']) retrieved from /home/airflow/.local/lib/python3.7/site-packages/airflow/example_dags/example_short_circuit_operator.py
[2022-07-17 20:03:47,979] {logging_mixin.py:115} INFO - [2022-07-17 20:03:47,979] {dag.py:2420} INFO - Sync 1 DAGs
[2022-07-17 20:03:48,013] {logging_mixin.py:115} INFO - [2022-07-17 20:03:48,013] {dag.py:2972} INFO - Setting next_dagrun for example_short_circuit_operator to 2022-07-16T20:03:48.013443+00:00, run_after=2022-07-17T20:03:48.013443+00:00
[2022-07-17 20:03:48,034] {processor.py:161} INFO - Processing /home/airflow/.local/lib/python3.7/site-packages/airflow/example_dags/example_short_circuit_operator.py took 0.104 seconds
