[2022-07-17 19:36:55,031] {processor.py:153} INFO - Started process (PID=71) to work on /home/airflow/.local/lib/python3.7/site-packages/airflow/example_dags/example_skip_dag.py
[2022-07-17 19:36:55,031] {processor.py:641} INFO - Processing file /home/airflow/.local/lib/python3.7/site-packages/airflow/example_dags/example_skip_dag.py for tasks to queue
[2022-07-17 19:36:55,032] {logging_mixin.py:115} INFO - [2022-07-17 19:36:55,032] {dagbag.py:508} INFO - Filling up the DagBag from /home/airflow/.local/lib/python3.7/site-packages/airflow/example_dags/example_skip_dag.py
[2022-07-17 19:36:55,040] {processor.py:651} INFO - DAG(s) dict_keys(['example_skip_dag']) retrieved from /home/airflow/.local/lib/python3.7/site-packages/airflow/example_dags/example_skip_dag.py
[2022-07-17 19:36:55,172] {logging_mixin.py:115} INFO - [2022-07-17 19:36:55,172] {manager.py:508} INFO - Created Permission View: can delete on DAG:example_skip_dag
[2022-07-17 19:36:55,189] {logging_mixin.py:115} INFO - [2022-07-17 19:36:55,188] {manager.py:508} INFO - Created Permission View: can read on DAG:example_skip_dag
[2022-07-17 19:36:55,201] {logging_mixin.py:115} INFO - [2022-07-17 19:36:55,201] {manager.py:508} INFO - Created Permission View: can edit on DAG:example_skip_dag
[2022-07-17 19:36:55,202] {logging_mixin.py:115} INFO - [2022-07-17 19:36:55,201] {dag.py:2420} INFO - Sync 1 DAGs
[2022-07-17 19:36:55,216] {logging_mixin.py:115} INFO - [2022-07-17 19:36:55,216] {dag.py:2439} INFO - Creating ORM DAG for example_skip_dag
[2022-07-17 19:36:55,230] {logging_mixin.py:115} INFO - [2022-07-17 19:36:55,230] {dag.py:2972} INFO - Setting next_dagrun for example_skip_dag to 2022-07-16T19:36:55.230289+00:00, run_after=2022-07-17T19:36:55.230289+00:00
[2022-07-17 19:36:55,253] {processor.py:161} INFO - Processing /home/airflow/.local/lib/python3.7/site-packages/airflow/example_dags/example_skip_dag.py took 0.226 seconds
[2022-07-17 19:37:25,736] {processor.py:153} INFO - Started process (PID=136) to work on /home/airflow/.local/lib/python3.7/site-packages/airflow/example_dags/example_skip_dag.py
[2022-07-17 19:37:25,736] {processor.py:641} INFO - Processing file /home/airflow/.local/lib/python3.7/site-packages/airflow/example_dags/example_skip_dag.py for tasks to queue
[2022-07-17 19:37:25,737] {logging_mixin.py:115} INFO - [2022-07-17 19:37:25,737] {dagbag.py:508} INFO - Filling up the DagBag from /home/airflow/.local/lib/python3.7/site-packages/airflow/example_dags/example_skip_dag.py
[2022-07-17 19:37:25,745] {processor.py:651} INFO - DAG(s) dict_keys(['example_skip_dag']) retrieved from /home/airflow/.local/lib/python3.7/site-packages/airflow/example_dags/example_skip_dag.py
[2022-07-17 19:37:25,786] {logging_mixin.py:115} INFO - [2022-07-17 19:37:25,786] {dag.py:2420} INFO - Sync 1 DAGs
[2022-07-17 19:37:25,822] {logging_mixin.py:115} INFO - [2022-07-17 19:37:25,822] {dag.py:2972} INFO - Setting next_dagrun for example_skip_dag to 2022-07-16T19:37:25.822363+00:00, run_after=2022-07-17T19:37:25.822363+00:00
[2022-07-17 19:37:25,839] {processor.py:161} INFO - Processing /home/airflow/.local/lib/python3.7/site-packages/airflow/example_dags/example_skip_dag.py took 0.112 seconds
[2022-07-17 19:37:56,864] {processor.py:153} INFO - Started process (PID=191) to work on /home/airflow/.local/lib/python3.7/site-packages/airflow/example_dags/example_skip_dag.py
[2022-07-17 19:37:56,865] {processor.py:641} INFO - Processing file /home/airflow/.local/lib/python3.7/site-packages/airflow/example_dags/example_skip_dag.py for tasks to queue
[2022-07-17 19:37:56,865] {logging_mixin.py:115} INFO - [2022-07-17 19:37:56,865] {dagbag.py:508} INFO - Filling up the DagBag from /home/airflow/.local/lib/python3.7/site-packages/airflow/example_dags/example_skip_dag.py
[2022-07-17 19:37:56,871] {processor.py:651} INFO - DAG(s) dict_keys(['example_skip_dag']) retrieved from /home/airflow/.local/lib/python3.7/site-packages/airflow/example_dags/example_skip_dag.py
[2022-07-17 19:37:56,898] {logging_mixin.py:115} INFO - [2022-07-17 19:37:56,898] {dag.py:2420} INFO - Sync 1 DAGs
[2022-07-17 19:37:56,925] {logging_mixin.py:115} INFO - [2022-07-17 19:37:56,925] {dag.py:2972} INFO - Setting next_dagrun for example_skip_dag to 2022-07-16T19:37:56.925299+00:00, run_after=2022-07-17T19:37:56.925299+00:00
[2022-07-17 19:37:56,940] {processor.py:161} INFO - Processing /home/airflow/.local/lib/python3.7/site-packages/airflow/example_dags/example_skip_dag.py took 0.079 seconds
[2022-07-17 19:38:27,132] {processor.py:153} INFO - Started process (PID=254) to work on /home/airflow/.local/lib/python3.7/site-packages/airflow/example_dags/example_skip_dag.py
[2022-07-17 19:38:27,132] {processor.py:641} INFO - Processing file /home/airflow/.local/lib/python3.7/site-packages/airflow/example_dags/example_skip_dag.py for tasks to queue
[2022-07-17 19:38:27,132] {logging_mixin.py:115} INFO - [2022-07-17 19:38:27,132] {dagbag.py:508} INFO - Filling up the DagBag from /home/airflow/.local/lib/python3.7/site-packages/airflow/example_dags/example_skip_dag.py
[2022-07-17 19:38:27,138] {processor.py:651} INFO - DAG(s) dict_keys(['example_skip_dag']) retrieved from /home/airflow/.local/lib/python3.7/site-packages/airflow/example_dags/example_skip_dag.py
[2022-07-17 19:38:27,163] {logging_mixin.py:115} INFO - [2022-07-17 19:38:27,163] {dag.py:2420} INFO - Sync 1 DAGs
[2022-07-17 19:38:27,186] {logging_mixin.py:115} INFO - [2022-07-17 19:38:27,186] {dag.py:2972} INFO - Setting next_dagrun for example_skip_dag to 2022-07-16T19:38:27.186029+00:00, run_after=2022-07-17T19:38:27.186029+00:00
[2022-07-17 19:38:27,198] {processor.py:161} INFO - Processing /home/airflow/.local/lib/python3.7/site-packages/airflow/example_dags/example_skip_dag.py took 0.069 seconds
[2022-07-17 19:38:57,704] {processor.py:153} INFO - Started process (PID=307) to work on /home/airflow/.local/lib/python3.7/site-packages/airflow/example_dags/example_skip_dag.py
[2022-07-17 19:38:57,705] {processor.py:641} INFO - Processing file /home/airflow/.local/lib/python3.7/site-packages/airflow/example_dags/example_skip_dag.py for tasks to queue
[2022-07-17 19:38:57,705] {logging_mixin.py:115} INFO - [2022-07-17 19:38:57,705] {dagbag.py:508} INFO - Filling up the DagBag from /home/airflow/.local/lib/python3.7/site-packages/airflow/example_dags/example_skip_dag.py
[2022-07-17 19:38:57,711] {processor.py:651} INFO - DAG(s) dict_keys(['example_skip_dag']) retrieved from /home/airflow/.local/lib/python3.7/site-packages/airflow/example_dags/example_skip_dag.py
[2022-07-17 19:38:57,743] {logging_mixin.py:115} INFO - [2022-07-17 19:38:57,743] {dag.py:2420} INFO - Sync 1 DAGs
[2022-07-17 19:38:57,773] {logging_mixin.py:115} INFO - [2022-07-17 19:38:57,773] {dag.py:2972} INFO - Setting next_dagrun for example_skip_dag to 2022-07-16T19:38:57.772733+00:00, run_after=2022-07-17T19:38:57.772733+00:00
[2022-07-17 19:38:57,788] {processor.py:161} INFO - Processing /home/airflow/.local/lib/python3.7/site-packages/airflow/example_dags/example_skip_dag.py took 0.086 seconds
[2022-07-17 19:39:28,004] {processor.py:153} INFO - Started process (PID=371) to work on /home/airflow/.local/lib/python3.7/site-packages/airflow/example_dags/example_skip_dag.py
[2022-07-17 19:39:28,005] {processor.py:641} INFO - Processing file /home/airflow/.local/lib/python3.7/site-packages/airflow/example_dags/example_skip_dag.py for tasks to queue
[2022-07-17 19:39:28,006] {logging_mixin.py:115} INFO - [2022-07-17 19:39:28,006] {dagbag.py:508} INFO - Filling up the DagBag from /home/airflow/.local/lib/python3.7/site-packages/airflow/example_dags/example_skip_dag.py
[2022-07-17 19:39:28,013] {processor.py:651} INFO - DAG(s) dict_keys(['example_skip_dag']) retrieved from /home/airflow/.local/lib/python3.7/site-packages/airflow/example_dags/example_skip_dag.py
[2022-07-17 19:39:28,055] {logging_mixin.py:115} INFO - [2022-07-17 19:39:28,055] {dag.py:2420} INFO - Sync 1 DAGs
[2022-07-17 19:39:28,091] {logging_mixin.py:115} INFO - [2022-07-17 19:39:28,091] {dag.py:2972} INFO - Setting next_dagrun for example_skip_dag to 2022-07-16T19:39:28.091530+00:00, run_after=2022-07-17T19:39:28.091530+00:00
[2022-07-17 19:39:28,107] {processor.py:161} INFO - Processing /home/airflow/.local/lib/python3.7/site-packages/airflow/example_dags/example_skip_dag.py took 0.106 seconds
[2022-07-17 19:39:58,524] {processor.py:153} INFO - Started process (PID=434) to work on /home/airflow/.local/lib/python3.7/site-packages/airflow/example_dags/example_skip_dag.py
[2022-07-17 19:39:58,525] {processor.py:641} INFO - Processing file /home/airflow/.local/lib/python3.7/site-packages/airflow/example_dags/example_skip_dag.py for tasks to queue
[2022-07-17 19:39:58,525] {logging_mixin.py:115} INFO - [2022-07-17 19:39:58,525] {dagbag.py:508} INFO - Filling up the DagBag from /home/airflow/.local/lib/python3.7/site-packages/airflow/example_dags/example_skip_dag.py
[2022-07-17 19:39:58,531] {processor.py:651} INFO - DAG(s) dict_keys(['example_skip_dag']) retrieved from /home/airflow/.local/lib/python3.7/site-packages/airflow/example_dags/example_skip_dag.py
[2022-07-17 19:39:58,578] {logging_mixin.py:115} INFO - [2022-07-17 19:39:58,578] {dag.py:2420} INFO - Sync 1 DAGs
[2022-07-17 19:39:58,621] {logging_mixin.py:115} INFO - [2022-07-17 19:39:58,621] {dag.py:2972} INFO - Setting next_dagrun for example_skip_dag to 2022-07-16T19:39:58.620726+00:00, run_after=2022-07-17T19:39:58.620726+00:00
[2022-07-17 19:39:58,641] {processor.py:161} INFO - Processing /home/airflow/.local/lib/python3.7/site-packages/airflow/example_dags/example_skip_dag.py took 0.120 seconds
[2022-07-17 19:40:28,832] {processor.py:153} INFO - Started process (PID=491) to work on /home/airflow/.local/lib/python3.7/site-packages/airflow/example_dags/example_skip_dag.py
[2022-07-17 19:40:28,832] {processor.py:641} INFO - Processing file /home/airflow/.local/lib/python3.7/site-packages/airflow/example_dags/example_skip_dag.py for tasks to queue
[2022-07-17 19:40:28,833] {logging_mixin.py:115} INFO - [2022-07-17 19:40:28,833] {dagbag.py:508} INFO - Filling up the DagBag from /home/airflow/.local/lib/python3.7/site-packages/airflow/example_dags/example_skip_dag.py
[2022-07-17 19:40:28,839] {processor.py:651} INFO - DAG(s) dict_keys(['example_skip_dag']) retrieved from /home/airflow/.local/lib/python3.7/site-packages/airflow/example_dags/example_skip_dag.py
[2022-07-17 19:40:28,868] {logging_mixin.py:115} INFO - [2022-07-17 19:40:28,868] {dag.py:2420} INFO - Sync 1 DAGs
[2022-07-17 19:40:28,894] {logging_mixin.py:115} INFO - [2022-07-17 19:40:28,894] {dag.py:2972} INFO - Setting next_dagrun for example_skip_dag to 2022-07-16T19:40:28.894540+00:00, run_after=2022-07-17T19:40:28.894540+00:00
[2022-07-17 19:40:28,908] {processor.py:161} INFO - Processing /home/airflow/.local/lib/python3.7/site-packages/airflow/example_dags/example_skip_dag.py took 0.080 seconds
[2022-07-17 19:41:00,068] {processor.py:153} INFO - Started process (PID=555) to work on /home/airflow/.local/lib/python3.7/site-packages/airflow/example_dags/example_skip_dag.py
[2022-07-17 19:41:00,069] {processor.py:641} INFO - Processing file /home/airflow/.local/lib/python3.7/site-packages/airflow/example_dags/example_skip_dag.py for tasks to queue
[2022-07-17 19:41:00,069] {logging_mixin.py:115} INFO - [2022-07-17 19:41:00,069] {dagbag.py:508} INFO - Filling up the DagBag from /home/airflow/.local/lib/python3.7/site-packages/airflow/example_dags/example_skip_dag.py
[2022-07-17 19:41:00,075] {processor.py:651} INFO - DAG(s) dict_keys(['example_skip_dag']) retrieved from /home/airflow/.local/lib/python3.7/site-packages/airflow/example_dags/example_skip_dag.py
[2022-07-17 19:41:00,109] {logging_mixin.py:115} INFO - [2022-07-17 19:41:00,109] {dag.py:2420} INFO - Sync 1 DAGs
[2022-07-17 19:41:00,138] {logging_mixin.py:115} INFO - [2022-07-17 19:41:00,138] {dag.py:2972} INFO - Setting next_dagrun for example_skip_dag to 2022-07-16T19:41:00.138325+00:00, run_after=2022-07-17T19:41:00.138325+00:00
[2022-07-17 19:41:00,154] {processor.py:161} INFO - Processing /home/airflow/.local/lib/python3.7/site-packages/airflow/example_dags/example_skip_dag.py took 0.090 seconds
[2022-07-17 19:41:31,121] {processor.py:153} INFO - Started process (PID=612) to work on /home/airflow/.local/lib/python3.7/site-packages/airflow/example_dags/example_skip_dag.py
[2022-07-17 19:41:31,122] {processor.py:641} INFO - Processing file /home/airflow/.local/lib/python3.7/site-packages/airflow/example_dags/example_skip_dag.py for tasks to queue
[2022-07-17 19:41:31,123] {logging_mixin.py:115} INFO - [2022-07-17 19:41:31,122] {dagbag.py:508} INFO - Filling up the DagBag from /home/airflow/.local/lib/python3.7/site-packages/airflow/example_dags/example_skip_dag.py
[2022-07-17 19:41:31,129] {processor.py:651} INFO - DAG(s) dict_keys(['example_skip_dag']) retrieved from /home/airflow/.local/lib/python3.7/site-packages/airflow/example_dags/example_skip_dag.py
[2022-07-17 19:41:31,158] {logging_mixin.py:115} INFO - [2022-07-17 19:41:31,158] {dag.py:2420} INFO - Sync 1 DAGs
[2022-07-17 19:41:31,183] {logging_mixin.py:115} INFO - [2022-07-17 19:41:31,183] {dag.py:2972} INFO - Setting next_dagrun for example_skip_dag to 2022-07-16T19:41:31.183096+00:00, run_after=2022-07-17T19:41:31.183096+00:00
[2022-07-17 19:41:31,197] {processor.py:161} INFO - Processing /home/airflow/.local/lib/python3.7/site-packages/airflow/example_dags/example_skip_dag.py took 0.080 seconds
[2022-07-17 19:42:01,228] {processor.py:153} INFO - Started process (PID=676) to work on /home/airflow/.local/lib/python3.7/site-packages/airflow/example_dags/example_skip_dag.py
[2022-07-17 19:42:01,229] {processor.py:641} INFO - Processing file /home/airflow/.local/lib/python3.7/site-packages/airflow/example_dags/example_skip_dag.py for tasks to queue
[2022-07-17 19:42:01,229] {logging_mixin.py:115} INFO - [2022-07-17 19:42:01,229] {dagbag.py:508} INFO - Filling up the DagBag from /home/airflow/.local/lib/python3.7/site-packages/airflow/example_dags/example_skip_dag.py
[2022-07-17 19:42:01,235] {processor.py:651} INFO - DAG(s) dict_keys(['example_skip_dag']) retrieved from /home/airflow/.local/lib/python3.7/site-packages/airflow/example_dags/example_skip_dag.py
[2022-07-17 19:42:01,264] {logging_mixin.py:115} INFO - [2022-07-17 19:42:01,264] {dag.py:2420} INFO - Sync 1 DAGs
[2022-07-17 19:42:01,289] {logging_mixin.py:115} INFO - [2022-07-17 19:42:01,289] {dag.py:2972} INFO - Setting next_dagrun for example_skip_dag to 2022-07-16T19:42:01.288924+00:00, run_after=2022-07-17T19:42:01.288924+00:00
[2022-07-17 19:42:01,301] {processor.py:161} INFO - Processing /home/airflow/.local/lib/python3.7/site-packages/airflow/example_dags/example_skip_dag.py took 0.076 seconds
[2022-07-17 19:42:31,618] {processor.py:153} INFO - Started process (PID=739) to work on /home/airflow/.local/lib/python3.7/site-packages/airflow/example_dags/example_skip_dag.py
[2022-07-17 19:42:31,618] {processor.py:641} INFO - Processing file /home/airflow/.local/lib/python3.7/site-packages/airflow/example_dags/example_skip_dag.py for tasks to queue
[2022-07-17 19:42:31,619] {logging_mixin.py:115} INFO - [2022-07-17 19:42:31,619] {dagbag.py:508} INFO - Filling up the DagBag from /home/airflow/.local/lib/python3.7/site-packages/airflow/example_dags/example_skip_dag.py
[2022-07-17 19:42:31,629] {processor.py:651} INFO - DAG(s) dict_keys(['example_skip_dag']) retrieved from /home/airflow/.local/lib/python3.7/site-packages/airflow/example_dags/example_skip_dag.py
[2022-07-17 19:42:31,676] {logging_mixin.py:115} INFO - [2022-07-17 19:42:31,675] {dag.py:2420} INFO - Sync 1 DAGs
[2022-07-17 19:42:31,721] {logging_mixin.py:115} INFO - [2022-07-17 19:42:31,721] {dag.py:2972} INFO - Setting next_dagrun for example_skip_dag to 2022-07-16T19:42:31.721017+00:00, run_after=2022-07-17T19:42:31.721017+00:00
[2022-07-17 19:42:31,743] {processor.py:161} INFO - Processing /home/airflow/.local/lib/python3.7/site-packages/airflow/example_dags/example_skip_dag.py took 0.131 seconds
[2022-07-17 19:43:02,018] {processor.py:153} INFO - Started process (PID=795) to work on /home/airflow/.local/lib/python3.7/site-packages/airflow/example_dags/example_skip_dag.py
[2022-07-17 19:43:02,018] {processor.py:641} INFO - Processing file /home/airflow/.local/lib/python3.7/site-packages/airflow/example_dags/example_skip_dag.py for tasks to queue
[2022-07-17 19:43:02,019] {logging_mixin.py:115} INFO - [2022-07-17 19:43:02,019] {dagbag.py:508} INFO - Filling up the DagBag from /home/airflow/.local/lib/python3.7/site-packages/airflow/example_dags/example_skip_dag.py
[2022-07-17 19:43:02,024] {processor.py:651} INFO - DAG(s) dict_keys(['example_skip_dag']) retrieved from /home/airflow/.local/lib/python3.7/site-packages/airflow/example_dags/example_skip_dag.py
[2022-07-17 19:43:02,054] {logging_mixin.py:115} INFO - [2022-07-17 19:43:02,054] {dag.py:2420} INFO - Sync 1 DAGs
[2022-07-17 19:43:02,080] {logging_mixin.py:115} INFO - [2022-07-17 19:43:02,080] {dag.py:2972} INFO - Setting next_dagrun for example_skip_dag to 2022-07-16T19:43:02.080386+00:00, run_after=2022-07-17T19:43:02.080386+00:00
[2022-07-17 19:43:02,093] {processor.py:161} INFO - Processing /home/airflow/.local/lib/python3.7/site-packages/airflow/example_dags/example_skip_dag.py took 0.078 seconds
[2022-07-17 19:43:32,432] {processor.py:153} INFO - Started process (PID=859) to work on /home/airflow/.local/lib/python3.7/site-packages/airflow/example_dags/example_skip_dag.py
[2022-07-17 19:43:32,433] {processor.py:641} INFO - Processing file /home/airflow/.local/lib/python3.7/site-packages/airflow/example_dags/example_skip_dag.py for tasks to queue
[2022-07-17 19:43:32,433] {logging_mixin.py:115} INFO - [2022-07-17 19:43:32,433] {dagbag.py:508} INFO - Filling up the DagBag from /home/airflow/.local/lib/python3.7/site-packages/airflow/example_dags/example_skip_dag.py
[2022-07-17 19:43:32,440] {processor.py:651} INFO - DAG(s) dict_keys(['example_skip_dag']) retrieved from /home/airflow/.local/lib/python3.7/site-packages/airflow/example_dags/example_skip_dag.py
[2022-07-17 19:43:32,478] {logging_mixin.py:115} INFO - [2022-07-17 19:43:32,478] {dag.py:2420} INFO - Sync 1 DAGs
[2022-07-17 19:43:32,518] {logging_mixin.py:115} INFO - [2022-07-17 19:43:32,518] {dag.py:2972} INFO - Setting next_dagrun for example_skip_dag to 2022-07-16T19:43:32.517815+00:00, run_after=2022-07-17T19:43:32.517815+00:00
[2022-07-17 19:43:32,539] {processor.py:161} INFO - Processing /home/airflow/.local/lib/python3.7/site-packages/airflow/example_dags/example_skip_dag.py took 0.110 seconds
[2022-07-17 19:44:02,844] {processor.py:153} INFO - Started process (PID=914) to work on /home/airflow/.local/lib/python3.7/site-packages/airflow/example_dags/example_skip_dag.py
[2022-07-17 19:44:02,845] {processor.py:641} INFO - Processing file /home/airflow/.local/lib/python3.7/site-packages/airflow/example_dags/example_skip_dag.py for tasks to queue
[2022-07-17 19:44:02,845] {logging_mixin.py:115} INFO - [2022-07-17 19:44:02,845] {dagbag.py:508} INFO - Filling up the DagBag from /home/airflow/.local/lib/python3.7/site-packages/airflow/example_dags/example_skip_dag.py
[2022-07-17 19:44:02,850] {processor.py:651} INFO - DAG(s) dict_keys(['example_skip_dag']) retrieved from /home/airflow/.local/lib/python3.7/site-packages/airflow/example_dags/example_skip_dag.py
[2022-07-17 19:44:02,880] {logging_mixin.py:115} INFO - [2022-07-17 19:44:02,879] {dag.py:2420} INFO - Sync 1 DAGs
[2022-07-17 19:44:02,904] {logging_mixin.py:115} INFO - [2022-07-17 19:44:02,904] {dag.py:2972} INFO - Setting next_dagrun for example_skip_dag to 2022-07-16T19:44:02.904141+00:00, run_after=2022-07-17T19:44:02.904141+00:00
[2022-07-17 19:44:02,918] {processor.py:161} INFO - Processing /home/airflow/.local/lib/python3.7/site-packages/airflow/example_dags/example_skip_dag.py took 0.077 seconds
[2022-07-17 19:44:33,714] {processor.py:153} INFO - Started process (PID=978) to work on /home/airflow/.local/lib/python3.7/site-packages/airflow/example_dags/example_skip_dag.py
[2022-07-17 19:44:33,715] {processor.py:641} INFO - Processing file /home/airflow/.local/lib/python3.7/site-packages/airflow/example_dags/example_skip_dag.py for tasks to queue
[2022-07-17 19:44:33,715] {logging_mixin.py:115} INFO - [2022-07-17 19:44:33,715] {dagbag.py:508} INFO - Filling up the DagBag from /home/airflow/.local/lib/python3.7/site-packages/airflow/example_dags/example_skip_dag.py
[2022-07-17 19:44:33,721] {processor.py:651} INFO - DAG(s) dict_keys(['example_skip_dag']) retrieved from /home/airflow/.local/lib/python3.7/site-packages/airflow/example_dags/example_skip_dag.py
[2022-07-17 19:44:33,751] {logging_mixin.py:115} INFO - [2022-07-17 19:44:33,751] {dag.py:2420} INFO - Sync 1 DAGs
[2022-07-17 19:44:33,778] {logging_mixin.py:115} INFO - [2022-07-17 19:44:33,778] {dag.py:2972} INFO - Setting next_dagrun for example_skip_dag to 2022-07-16T19:44:33.777807+00:00, run_after=2022-07-17T19:44:33.777807+00:00
[2022-07-17 19:44:33,791] {processor.py:161} INFO - Processing /home/airflow/.local/lib/python3.7/site-packages/airflow/example_dags/example_skip_dag.py took 0.080 seconds
[2022-07-17 19:45:04,003] {processor.py:153} INFO - Started process (PID=1033) to work on /home/airflow/.local/lib/python3.7/site-packages/airflow/example_dags/example_skip_dag.py
[2022-07-17 19:45:04,004] {processor.py:641} INFO - Processing file /home/airflow/.local/lib/python3.7/site-packages/airflow/example_dags/example_skip_dag.py for tasks to queue
[2022-07-17 19:45:04,005] {logging_mixin.py:115} INFO - [2022-07-17 19:45:04,004] {dagbag.py:508} INFO - Filling up the DagBag from /home/airflow/.local/lib/python3.7/site-packages/airflow/example_dags/example_skip_dag.py
[2022-07-17 19:45:04,011] {processor.py:651} INFO - DAG(s) dict_keys(['example_skip_dag']) retrieved from /home/airflow/.local/lib/python3.7/site-packages/airflow/example_dags/example_skip_dag.py
[2022-07-17 19:45:04,041] {logging_mixin.py:115} INFO - [2022-07-17 19:45:04,041] {dag.py:2420} INFO - Sync 1 DAGs
[2022-07-17 19:45:04,068] {logging_mixin.py:115} INFO - [2022-07-17 19:45:04,068] {dag.py:2972} INFO - Setting next_dagrun for example_skip_dag to 2022-07-16T19:45:04.068074+00:00, run_after=2022-07-17T19:45:04.068074+00:00
[2022-07-17 19:45:04,084] {processor.py:161} INFO - Processing /home/airflow/.local/lib/python3.7/site-packages/airflow/example_dags/example_skip_dag.py took 0.084 seconds
[2022-07-17 19:45:34,985] {processor.py:153} INFO - Started process (PID=1097) to work on /home/airflow/.local/lib/python3.7/site-packages/airflow/example_dags/example_skip_dag.py
[2022-07-17 19:45:34,986] {processor.py:641} INFO - Processing file /home/airflow/.local/lib/python3.7/site-packages/airflow/example_dags/example_skip_dag.py for tasks to queue
[2022-07-17 19:45:34,986] {logging_mixin.py:115} INFO - [2022-07-17 19:45:34,986] {dagbag.py:508} INFO - Filling up the DagBag from /home/airflow/.local/lib/python3.7/site-packages/airflow/example_dags/example_skip_dag.py
[2022-07-17 19:45:34,994] {processor.py:651} INFO - DAG(s) dict_keys(['example_skip_dag']) retrieved from /home/airflow/.local/lib/python3.7/site-packages/airflow/example_dags/example_skip_dag.py
[2022-07-17 19:45:35,030] {logging_mixin.py:115} INFO - [2022-07-17 19:45:35,030] {dag.py:2420} INFO - Sync 1 DAGs
[2022-07-17 19:45:35,055] {logging_mixin.py:115} INFO - [2022-07-17 19:45:35,055] {dag.py:2972} INFO - Setting next_dagrun for example_skip_dag to 2022-07-16T19:45:35.055559+00:00, run_after=2022-07-17T19:45:35.055559+00:00
[2022-07-17 19:45:35,070] {processor.py:161} INFO - Processing /home/airflow/.local/lib/python3.7/site-packages/airflow/example_dags/example_skip_dag.py took 0.089 seconds
[2022-07-17 19:46:05,535] {processor.py:153} INFO - Started process (PID=1160) to work on /home/airflow/.local/lib/python3.7/site-packages/airflow/example_dags/example_skip_dag.py
[2022-07-17 19:46:05,535] {processor.py:641} INFO - Processing file /home/airflow/.local/lib/python3.7/site-packages/airflow/example_dags/example_skip_dag.py for tasks to queue
[2022-07-17 19:46:05,536] {logging_mixin.py:115} INFO - [2022-07-17 19:46:05,536] {dagbag.py:508} INFO - Filling up the DagBag from /home/airflow/.local/lib/python3.7/site-packages/airflow/example_dags/example_skip_dag.py
[2022-07-17 19:46:05,545] {processor.py:651} INFO - DAG(s) dict_keys(['example_skip_dag']) retrieved from /home/airflow/.local/lib/python3.7/site-packages/airflow/example_dags/example_skip_dag.py
[2022-07-17 19:46:05,581] {logging_mixin.py:115} INFO - [2022-07-17 19:46:05,580] {dag.py:2420} INFO - Sync 1 DAGs
[2022-07-17 19:46:05,619] {logging_mixin.py:115} INFO - [2022-07-17 19:46:05,618] {dag.py:2972} INFO - Setting next_dagrun for example_skip_dag to 2022-07-16T19:46:05.618654+00:00, run_after=2022-07-17T19:46:05.618654+00:00
[2022-07-17 19:46:05,639] {processor.py:161} INFO - Processing /home/airflow/.local/lib/python3.7/site-packages/airflow/example_dags/example_skip_dag.py took 0.109 seconds
[2022-07-17 19:46:35,721] {processor.py:153} INFO - Started process (PID=1215) to work on /home/airflow/.local/lib/python3.7/site-packages/airflow/example_dags/example_skip_dag.py
[2022-07-17 19:46:35,722] {processor.py:641} INFO - Processing file /home/airflow/.local/lib/python3.7/site-packages/airflow/example_dags/example_skip_dag.py for tasks to queue
[2022-07-17 19:46:35,723] {logging_mixin.py:115} INFO - [2022-07-17 19:46:35,723] {dagbag.py:508} INFO - Filling up the DagBag from /home/airflow/.local/lib/python3.7/site-packages/airflow/example_dags/example_skip_dag.py
[2022-07-17 19:46:35,731] {processor.py:651} INFO - DAG(s) dict_keys(['example_skip_dag']) retrieved from /home/airflow/.local/lib/python3.7/site-packages/airflow/example_dags/example_skip_dag.py
[2022-07-17 19:46:35,766] {logging_mixin.py:115} INFO - [2022-07-17 19:46:35,765] {dag.py:2420} INFO - Sync 1 DAGs
[2022-07-17 19:46:35,795] {logging_mixin.py:115} INFO - [2022-07-17 19:46:35,795] {dag.py:2972} INFO - Setting next_dagrun for example_skip_dag to 2022-07-16T19:46:35.794773+00:00, run_after=2022-07-17T19:46:35.794773+00:00
[2022-07-17 19:46:35,807] {processor.py:161} INFO - Processing /home/airflow/.local/lib/python3.7/site-packages/airflow/example_dags/example_skip_dag.py took 0.090 seconds
[2022-07-17 19:47:05,923] {processor.py:153} INFO - Started process (PID=1280) to work on /home/airflow/.local/lib/python3.7/site-packages/airflow/example_dags/example_skip_dag.py
[2022-07-17 19:47:05,924] {processor.py:641} INFO - Processing file /home/airflow/.local/lib/python3.7/site-packages/airflow/example_dags/example_skip_dag.py for tasks to queue
[2022-07-17 19:47:05,924] {logging_mixin.py:115} INFO - [2022-07-17 19:47:05,924] {dagbag.py:508} INFO - Filling up the DagBag from /home/airflow/.local/lib/python3.7/site-packages/airflow/example_dags/example_skip_dag.py
[2022-07-17 19:47:05,930] {processor.py:651} INFO - DAG(s) dict_keys(['example_skip_dag']) retrieved from /home/airflow/.local/lib/python3.7/site-packages/airflow/example_dags/example_skip_dag.py
[2022-07-17 19:47:05,964] {logging_mixin.py:115} INFO - [2022-07-17 19:47:05,964] {dag.py:2420} INFO - Sync 1 DAGs
[2022-07-17 19:47:05,987] {logging_mixin.py:115} INFO - [2022-07-17 19:47:05,987] {dag.py:2972} INFO - Setting next_dagrun for example_skip_dag to 2022-07-16T19:47:05.986980+00:00, run_after=2022-07-17T19:47:05.986980+00:00
[2022-07-17 19:47:06,001] {processor.py:161} INFO - Processing /home/airflow/.local/lib/python3.7/site-packages/airflow/example_dags/example_skip_dag.py took 0.081 seconds
[2022-07-17 19:47:36,199] {processor.py:153} INFO - Started process (PID=1335) to work on /home/airflow/.local/lib/python3.7/site-packages/airflow/example_dags/example_skip_dag.py
[2022-07-17 19:47:36,200] {processor.py:641} INFO - Processing file /home/airflow/.local/lib/python3.7/site-packages/airflow/example_dags/example_skip_dag.py for tasks to queue
[2022-07-17 19:47:36,201] {logging_mixin.py:115} INFO - [2022-07-17 19:47:36,201] {dagbag.py:508} INFO - Filling up the DagBag from /home/airflow/.local/lib/python3.7/site-packages/airflow/example_dags/example_skip_dag.py
[2022-07-17 19:47:36,206] {processor.py:651} INFO - DAG(s) dict_keys(['example_skip_dag']) retrieved from /home/airflow/.local/lib/python3.7/site-packages/airflow/example_dags/example_skip_dag.py
[2022-07-17 19:47:36,236] {logging_mixin.py:115} INFO - [2022-07-17 19:47:36,236] {dag.py:2420} INFO - Sync 1 DAGs
[2022-07-17 19:47:36,261] {logging_mixin.py:115} INFO - [2022-07-17 19:47:36,261] {dag.py:2972} INFO - Setting next_dagrun for example_skip_dag to 2022-07-16T19:47:36.260869+00:00, run_after=2022-07-17T19:47:36.260869+00:00
[2022-07-17 19:47:36,276] {processor.py:161} INFO - Processing /home/airflow/.local/lib/python3.7/site-packages/airflow/example_dags/example_skip_dag.py took 0.080 seconds
[2022-07-17 19:48:06,606] {processor.py:153} INFO - Started process (PID=1402) to work on /home/airflow/.local/lib/python3.7/site-packages/airflow/example_dags/example_skip_dag.py
[2022-07-17 19:48:06,606] {processor.py:641} INFO - Processing file /home/airflow/.local/lib/python3.7/site-packages/airflow/example_dags/example_skip_dag.py for tasks to queue
[2022-07-17 19:48:06,607] {logging_mixin.py:115} INFO - [2022-07-17 19:48:06,607] {dagbag.py:508} INFO - Filling up the DagBag from /home/airflow/.local/lib/python3.7/site-packages/airflow/example_dags/example_skip_dag.py
[2022-07-17 19:48:06,613] {processor.py:651} INFO - DAG(s) dict_keys(['example_skip_dag']) retrieved from /home/airflow/.local/lib/python3.7/site-packages/airflow/example_dags/example_skip_dag.py
[2022-07-17 19:48:06,646] {logging_mixin.py:115} INFO - [2022-07-17 19:48:06,646] {dag.py:2420} INFO - Sync 1 DAGs
[2022-07-17 19:48:06,675] {logging_mixin.py:115} INFO - [2022-07-17 19:48:06,675] {dag.py:2972} INFO - Setting next_dagrun for example_skip_dag to 2022-07-16T19:48:06.675246+00:00, run_after=2022-07-17T19:48:06.675246+00:00
[2022-07-17 19:48:06,694] {processor.py:161} INFO - Processing /home/airflow/.local/lib/python3.7/site-packages/airflow/example_dags/example_skip_dag.py took 0.092 seconds
[2022-07-17 19:48:36,935] {processor.py:153} INFO - Started process (PID=1457) to work on /home/airflow/.local/lib/python3.7/site-packages/airflow/example_dags/example_skip_dag.py
[2022-07-17 19:48:36,936] {processor.py:641} INFO - Processing file /home/airflow/.local/lib/python3.7/site-packages/airflow/example_dags/example_skip_dag.py for tasks to queue
[2022-07-17 19:48:36,936] {logging_mixin.py:115} INFO - [2022-07-17 19:48:36,936] {dagbag.py:508} INFO - Filling up the DagBag from /home/airflow/.local/lib/python3.7/site-packages/airflow/example_dags/example_skip_dag.py
[2022-07-17 19:48:36,942] {processor.py:651} INFO - DAG(s) dict_keys(['example_skip_dag']) retrieved from /home/airflow/.local/lib/python3.7/site-packages/airflow/example_dags/example_skip_dag.py
[2022-07-17 19:48:36,971] {logging_mixin.py:115} INFO - [2022-07-17 19:48:36,971] {dag.py:2420} INFO - Sync 1 DAGs
[2022-07-17 19:48:36,996] {logging_mixin.py:115} INFO - [2022-07-17 19:48:36,996] {dag.py:2972} INFO - Setting next_dagrun for example_skip_dag to 2022-07-16T19:48:36.996152+00:00, run_after=2022-07-17T19:48:36.996152+00:00
[2022-07-17 19:48:37,008] {processor.py:161} INFO - Processing /home/airflow/.local/lib/python3.7/site-packages/airflow/example_dags/example_skip_dag.py took 0.076 seconds
[2022-07-17 19:49:07,430] {processor.py:153} INFO - Started process (PID=1522) to work on /home/airflow/.local/lib/python3.7/site-packages/airflow/example_dags/example_skip_dag.py
[2022-07-17 19:49:07,430] {processor.py:641} INFO - Processing file /home/airflow/.local/lib/python3.7/site-packages/airflow/example_dags/example_skip_dag.py for tasks to queue
[2022-07-17 19:49:07,431] {logging_mixin.py:115} INFO - [2022-07-17 19:49:07,431] {dagbag.py:508} INFO - Filling up the DagBag from /home/airflow/.local/lib/python3.7/site-packages/airflow/example_dags/example_skip_dag.py
[2022-07-17 19:49:07,436] {processor.py:651} INFO - DAG(s) dict_keys(['example_skip_dag']) retrieved from /home/airflow/.local/lib/python3.7/site-packages/airflow/example_dags/example_skip_dag.py
[2022-07-17 19:49:07,465] {logging_mixin.py:115} INFO - [2022-07-17 19:49:07,465] {dag.py:2420} INFO - Sync 1 DAGs
[2022-07-17 19:49:07,489] {logging_mixin.py:115} INFO - [2022-07-17 19:49:07,489] {dag.py:2972} INFO - Setting next_dagrun for example_skip_dag to 2022-07-16T19:49:07.489147+00:00, run_after=2022-07-17T19:49:07.489147+00:00
[2022-07-17 19:49:07,503] {processor.py:161} INFO - Processing /home/airflow/.local/lib/python3.7/site-packages/airflow/example_dags/example_skip_dag.py took 0.076 seconds
[2022-07-17 19:49:37,914] {processor.py:153} INFO - Started process (PID=1586) to work on /home/airflow/.local/lib/python3.7/site-packages/airflow/example_dags/example_skip_dag.py
[2022-07-17 19:49:37,914] {processor.py:641} INFO - Processing file /home/airflow/.local/lib/python3.7/site-packages/airflow/example_dags/example_skip_dag.py for tasks to queue
[2022-07-17 19:49:37,915] {logging_mixin.py:115} INFO - [2022-07-17 19:49:37,915] {dagbag.py:508} INFO - Filling up the DagBag from /home/airflow/.local/lib/python3.7/site-packages/airflow/example_dags/example_skip_dag.py
[2022-07-17 19:49:37,920] {processor.py:651} INFO - DAG(s) dict_keys(['example_skip_dag']) retrieved from /home/airflow/.local/lib/python3.7/site-packages/airflow/example_dags/example_skip_dag.py
[2022-07-17 19:49:37,952] {logging_mixin.py:115} INFO - [2022-07-17 19:49:37,952] {dag.py:2420} INFO - Sync 1 DAGs
[2022-07-17 19:49:37,979] {logging_mixin.py:115} INFO - [2022-07-17 19:49:37,979] {dag.py:2972} INFO - Setting next_dagrun for example_skip_dag to 2022-07-16T19:49:37.979302+00:00, run_after=2022-07-17T19:49:37.979302+00:00
[2022-07-17 19:49:37,992] {processor.py:161} INFO - Processing /home/airflow/.local/lib/python3.7/site-packages/airflow/example_dags/example_skip_dag.py took 0.081 seconds
[2022-07-17 19:50:08,197] {processor.py:153} INFO - Started process (PID=1641) to work on /home/airflow/.local/lib/python3.7/site-packages/airflow/example_dags/example_skip_dag.py
[2022-07-17 19:50:08,198] {processor.py:641} INFO - Processing file /home/airflow/.local/lib/python3.7/site-packages/airflow/example_dags/example_skip_dag.py for tasks to queue
[2022-07-17 19:50:08,198] {logging_mixin.py:115} INFO - [2022-07-17 19:50:08,198] {dagbag.py:508} INFO - Filling up the DagBag from /home/airflow/.local/lib/python3.7/site-packages/airflow/example_dags/example_skip_dag.py
[2022-07-17 19:50:08,204] {processor.py:651} INFO - DAG(s) dict_keys(['example_skip_dag']) retrieved from /home/airflow/.local/lib/python3.7/site-packages/airflow/example_dags/example_skip_dag.py
[2022-07-17 19:50:08,231] {logging_mixin.py:115} INFO - [2022-07-17 19:50:08,231] {dag.py:2420} INFO - Sync 1 DAGs
[2022-07-17 19:50:08,255] {logging_mixin.py:115} INFO - [2022-07-17 19:50:08,255] {dag.py:2972} INFO - Setting next_dagrun for example_skip_dag to 2022-07-16T19:50:08.255150+00:00, run_after=2022-07-17T19:50:08.255150+00:00
[2022-07-17 19:50:08,267] {processor.py:161} INFO - Processing /home/airflow/.local/lib/python3.7/site-packages/airflow/example_dags/example_skip_dag.py took 0.073 seconds
[2022-07-17 19:50:38,489] {processor.py:153} INFO - Started process (PID=1706) to work on /home/airflow/.local/lib/python3.7/site-packages/airflow/example_dags/example_skip_dag.py
[2022-07-17 19:50:38,489] {processor.py:641} INFO - Processing file /home/airflow/.local/lib/python3.7/site-packages/airflow/example_dags/example_skip_dag.py for tasks to queue
[2022-07-17 19:50:38,490] {logging_mixin.py:115} INFO - [2022-07-17 19:50:38,490] {dagbag.py:508} INFO - Filling up the DagBag from /home/airflow/.local/lib/python3.7/site-packages/airflow/example_dags/example_skip_dag.py
[2022-07-17 19:50:38,495] {processor.py:651} INFO - DAG(s) dict_keys(['example_skip_dag']) retrieved from /home/airflow/.local/lib/python3.7/site-packages/airflow/example_dags/example_skip_dag.py
[2022-07-17 19:50:38,533] {logging_mixin.py:115} INFO - [2022-07-17 19:50:38,533] {dag.py:2420} INFO - Sync 1 DAGs
[2022-07-17 19:50:38,570] {logging_mixin.py:115} INFO - [2022-07-17 19:50:38,570] {dag.py:2972} INFO - Setting next_dagrun for example_skip_dag to 2022-07-16T19:50:38.570315+00:00, run_after=2022-07-17T19:50:38.570315+00:00
[2022-07-17 19:50:38,586] {processor.py:161} INFO - Processing /home/airflow/.local/lib/python3.7/site-packages/airflow/example_dags/example_skip_dag.py took 0.101 seconds
[2022-07-17 19:51:08,782] {processor.py:153} INFO - Started process (PID=1763) to work on /home/airflow/.local/lib/python3.7/site-packages/airflow/example_dags/example_skip_dag.py
[2022-07-17 19:51:08,783] {processor.py:641} INFO - Processing file /home/airflow/.local/lib/python3.7/site-packages/airflow/example_dags/example_skip_dag.py for tasks to queue
[2022-07-17 19:51:08,783] {logging_mixin.py:115} INFO - [2022-07-17 19:51:08,783] {dagbag.py:508} INFO - Filling up the DagBag from /home/airflow/.local/lib/python3.7/site-packages/airflow/example_dags/example_skip_dag.py
[2022-07-17 19:51:08,789] {processor.py:651} INFO - DAG(s) dict_keys(['example_skip_dag']) retrieved from /home/airflow/.local/lib/python3.7/site-packages/airflow/example_dags/example_skip_dag.py
[2022-07-17 19:51:08,818] {logging_mixin.py:115} INFO - [2022-07-17 19:51:08,818] {dag.py:2420} INFO - Sync 1 DAGs
[2022-07-17 19:51:08,843] {logging_mixin.py:115} INFO - [2022-07-17 19:51:08,843] {dag.py:2972} INFO - Setting next_dagrun for example_skip_dag to 2022-07-16T19:51:08.842872+00:00, run_after=2022-07-17T19:51:08.842872+00:00
[2022-07-17 19:51:08,855] {processor.py:161} INFO - Processing /home/airflow/.local/lib/python3.7/site-packages/airflow/example_dags/example_skip_dag.py took 0.076 seconds
[2022-07-17 19:51:39,016] {processor.py:153} INFO - Started process (PID=1827) to work on /home/airflow/.local/lib/python3.7/site-packages/airflow/example_dags/example_skip_dag.py
[2022-07-17 19:51:39,016] {processor.py:641} INFO - Processing file /home/airflow/.local/lib/python3.7/site-packages/airflow/example_dags/example_skip_dag.py for tasks to queue
[2022-07-17 19:51:39,017] {logging_mixin.py:115} INFO - [2022-07-17 19:51:39,017] {dagbag.py:508} INFO - Filling up the DagBag from /home/airflow/.local/lib/python3.7/site-packages/airflow/example_dags/example_skip_dag.py
[2022-07-17 19:51:39,023] {processor.py:651} INFO - DAG(s) dict_keys(['example_skip_dag']) retrieved from /home/airflow/.local/lib/python3.7/site-packages/airflow/example_dags/example_skip_dag.py
[2022-07-17 19:51:39,055] {logging_mixin.py:115} INFO - [2022-07-17 19:51:39,055] {dag.py:2420} INFO - Sync 1 DAGs
[2022-07-17 19:51:39,083] {logging_mixin.py:115} INFO - [2022-07-17 19:51:39,083] {dag.py:2972} INFO - Setting next_dagrun for example_skip_dag to 2022-07-16T19:51:39.083397+00:00, run_after=2022-07-17T19:51:39.083397+00:00
[2022-07-17 19:51:39,098] {processor.py:161} INFO - Processing /home/airflow/.local/lib/python3.7/site-packages/airflow/example_dags/example_skip_dag.py took 0.085 seconds
[2022-07-17 19:52:09,574] {processor.py:153} INFO - Started process (PID=1882) to work on /home/airflow/.local/lib/python3.7/site-packages/airflow/example_dags/example_skip_dag.py
[2022-07-17 19:52:09,575] {processor.py:641} INFO - Processing file /home/airflow/.local/lib/python3.7/site-packages/airflow/example_dags/example_skip_dag.py for tasks to queue
[2022-07-17 19:52:09,575] {logging_mixin.py:115} INFO - [2022-07-17 19:52:09,575] {dagbag.py:508} INFO - Filling up the DagBag from /home/airflow/.local/lib/python3.7/site-packages/airflow/example_dags/example_skip_dag.py
[2022-07-17 19:52:09,582] {processor.py:651} INFO - DAG(s) dict_keys(['example_skip_dag']) retrieved from /home/airflow/.local/lib/python3.7/site-packages/airflow/example_dags/example_skip_dag.py
[2022-07-17 19:52:09,612] {logging_mixin.py:115} INFO - [2022-07-17 19:52:09,612] {dag.py:2420} INFO - Sync 1 DAGs
[2022-07-17 19:52:09,640] {logging_mixin.py:115} INFO - [2022-07-17 19:52:09,640] {dag.py:2972} INFO - Setting next_dagrun for example_skip_dag to 2022-07-16T19:52:09.639963+00:00, run_after=2022-07-17T19:52:09.639963+00:00
[2022-07-17 19:52:09,654] {processor.py:161} INFO - Processing /home/airflow/.local/lib/python3.7/site-packages/airflow/example_dags/example_skip_dag.py took 0.083 seconds
[2022-07-17 19:52:39,765] {processor.py:153} INFO - Started process (PID=1946) to work on /home/airflow/.local/lib/python3.7/site-packages/airflow/example_dags/example_skip_dag.py
[2022-07-17 19:52:39,766] {processor.py:641} INFO - Processing file /home/airflow/.local/lib/python3.7/site-packages/airflow/example_dags/example_skip_dag.py for tasks to queue
[2022-07-17 19:52:39,766] {logging_mixin.py:115} INFO - [2022-07-17 19:52:39,766] {dagbag.py:508} INFO - Filling up the DagBag from /home/airflow/.local/lib/python3.7/site-packages/airflow/example_dags/example_skip_dag.py
[2022-07-17 19:52:39,774] {processor.py:651} INFO - DAG(s) dict_keys(['example_skip_dag']) retrieved from /home/airflow/.local/lib/python3.7/site-packages/airflow/example_dags/example_skip_dag.py
[2022-07-17 19:52:39,812] {logging_mixin.py:115} INFO - [2022-07-17 19:52:39,812] {dag.py:2420} INFO - Sync 1 DAGs
[2022-07-17 19:52:39,846] {logging_mixin.py:115} INFO - [2022-07-17 19:52:39,846] {dag.py:2972} INFO - Setting next_dagrun for example_skip_dag to 2022-07-16T19:52:39.845870+00:00, run_after=2022-07-17T19:52:39.845870+00:00
[2022-07-17 19:52:39,863] {processor.py:161} INFO - Processing /home/airflow/.local/lib/python3.7/site-packages/airflow/example_dags/example_skip_dag.py took 0.104 seconds
[2022-07-17 19:53:09,943] {processor.py:153} INFO - Started process (PID=2000) to work on /home/airflow/.local/lib/python3.7/site-packages/airflow/example_dags/example_skip_dag.py
[2022-07-17 19:53:09,944] {processor.py:641} INFO - Processing file /home/airflow/.local/lib/python3.7/site-packages/airflow/example_dags/example_skip_dag.py for tasks to queue
[2022-07-17 19:53:09,944] {logging_mixin.py:115} INFO - [2022-07-17 19:53:09,944] {dagbag.py:508} INFO - Filling up the DagBag from /home/airflow/.local/lib/python3.7/site-packages/airflow/example_dags/example_skip_dag.py
[2022-07-17 19:53:09,950] {processor.py:651} INFO - DAG(s) dict_keys(['example_skip_dag']) retrieved from /home/airflow/.local/lib/python3.7/site-packages/airflow/example_dags/example_skip_dag.py
[2022-07-17 19:53:09,979] {logging_mixin.py:115} INFO - [2022-07-17 19:53:09,979] {dag.py:2420} INFO - Sync 1 DAGs
[2022-07-17 19:53:10,009] {logging_mixin.py:115} INFO - [2022-07-17 19:53:10,009] {dag.py:2972} INFO - Setting next_dagrun for example_skip_dag to 2022-07-16T19:53:10.008995+00:00, run_after=2022-07-17T19:53:10.008995+00:00
[2022-07-17 19:53:10,024] {processor.py:161} INFO - Processing /home/airflow/.local/lib/python3.7/site-packages/airflow/example_dags/example_skip_dag.py took 0.084 seconds
[2022-07-17 19:53:40,340] {processor.py:153} INFO - Started process (PID=2063) to work on /home/airflow/.local/lib/python3.7/site-packages/airflow/example_dags/example_skip_dag.py
[2022-07-17 19:53:40,340] {processor.py:641} INFO - Processing file /home/airflow/.local/lib/python3.7/site-packages/airflow/example_dags/example_skip_dag.py for tasks to queue
[2022-07-17 19:53:40,341] {logging_mixin.py:115} INFO - [2022-07-17 19:53:40,340] {dagbag.py:508} INFO - Filling up the DagBag from /home/airflow/.local/lib/python3.7/site-packages/airflow/example_dags/example_skip_dag.py
[2022-07-17 19:53:40,346] {processor.py:651} INFO - DAG(s) dict_keys(['example_skip_dag']) retrieved from /home/airflow/.local/lib/python3.7/site-packages/airflow/example_dags/example_skip_dag.py
[2022-07-17 19:53:40,375] {logging_mixin.py:115} INFO - [2022-07-17 19:53:40,375] {dag.py:2420} INFO - Sync 1 DAGs
[2022-07-17 19:53:40,402] {logging_mixin.py:115} INFO - [2022-07-17 19:53:40,401] {dag.py:2972} INFO - Setting next_dagrun for example_skip_dag to 2022-07-16T19:53:40.401682+00:00, run_after=2022-07-17T19:53:40.401682+00:00
[2022-07-17 19:53:40,415] {processor.py:161} INFO - Processing /home/airflow/.local/lib/python3.7/site-packages/airflow/example_dags/example_skip_dag.py took 0.079 seconds
[2022-07-17 19:54:10,641] {processor.py:153} INFO - Started process (PID=2128) to work on /home/airflow/.local/lib/python3.7/site-packages/airflow/example_dags/example_skip_dag.py
[2022-07-17 19:54:10,641] {processor.py:641} INFO - Processing file /home/airflow/.local/lib/python3.7/site-packages/airflow/example_dags/example_skip_dag.py for tasks to queue
[2022-07-17 19:54:10,642] {logging_mixin.py:115} INFO - [2022-07-17 19:54:10,642] {dagbag.py:508} INFO - Filling up the DagBag from /home/airflow/.local/lib/python3.7/site-packages/airflow/example_dags/example_skip_dag.py
[2022-07-17 19:54:10,648] {processor.py:651} INFO - DAG(s) dict_keys(['example_skip_dag']) retrieved from /home/airflow/.local/lib/python3.7/site-packages/airflow/example_dags/example_skip_dag.py
[2022-07-17 19:54:10,678] {logging_mixin.py:115} INFO - [2022-07-17 19:54:10,678] {dag.py:2420} INFO - Sync 1 DAGs
[2022-07-17 19:54:10,714] {logging_mixin.py:115} INFO - [2022-07-17 19:54:10,714] {dag.py:2972} INFO - Setting next_dagrun for example_skip_dag to 2022-07-16T19:54:10.714128+00:00, run_after=2022-07-17T19:54:10.714128+00:00
[2022-07-17 19:54:10,731] {processor.py:161} INFO - Processing /home/airflow/.local/lib/python3.7/site-packages/airflow/example_dags/example_skip_dag.py took 0.094 seconds
[2022-07-17 19:54:40,802] {processor.py:153} INFO - Started process (PID=2183) to work on /home/airflow/.local/lib/python3.7/site-packages/airflow/example_dags/example_skip_dag.py
[2022-07-17 19:54:40,802] {processor.py:641} INFO - Processing file /home/airflow/.local/lib/python3.7/site-packages/airflow/example_dags/example_skip_dag.py for tasks to queue
[2022-07-17 19:54:40,803] {logging_mixin.py:115} INFO - [2022-07-17 19:54:40,803] {dagbag.py:508} INFO - Filling up the DagBag from /home/airflow/.local/lib/python3.7/site-packages/airflow/example_dags/example_skip_dag.py
[2022-07-17 19:54:40,809] {processor.py:651} INFO - DAG(s) dict_keys(['example_skip_dag']) retrieved from /home/airflow/.local/lib/python3.7/site-packages/airflow/example_dags/example_skip_dag.py
[2022-07-17 19:54:40,838] {logging_mixin.py:115} INFO - [2022-07-17 19:54:40,838] {dag.py:2420} INFO - Sync 1 DAGs
[2022-07-17 19:54:40,862] {logging_mixin.py:115} INFO - [2022-07-17 19:54:40,862] {dag.py:2972} INFO - Setting next_dagrun for example_skip_dag to 2022-07-16T19:54:40.862168+00:00, run_after=2022-07-17T19:54:40.862168+00:00
[2022-07-17 19:54:40,882] {processor.py:161} INFO - Processing /home/airflow/.local/lib/python3.7/site-packages/airflow/example_dags/example_skip_dag.py took 0.083 seconds
[2022-07-17 19:55:10,985] {processor.py:153} INFO - Started process (PID=2247) to work on /home/airflow/.local/lib/python3.7/site-packages/airflow/example_dags/example_skip_dag.py
[2022-07-17 19:55:10,986] {processor.py:641} INFO - Processing file /home/airflow/.local/lib/python3.7/site-packages/airflow/example_dags/example_skip_dag.py for tasks to queue
[2022-07-17 19:55:10,986] {logging_mixin.py:115} INFO - [2022-07-17 19:55:10,986] {dagbag.py:508} INFO - Filling up the DagBag from /home/airflow/.local/lib/python3.7/site-packages/airflow/example_dags/example_skip_dag.py
[2022-07-17 19:55:10,992] {processor.py:651} INFO - DAG(s) dict_keys(['example_skip_dag']) retrieved from /home/airflow/.local/lib/python3.7/site-packages/airflow/example_dags/example_skip_dag.py
[2022-07-17 19:55:11,020] {logging_mixin.py:115} INFO - [2022-07-17 19:55:11,020] {dag.py:2420} INFO - Sync 1 DAGs
[2022-07-17 19:55:11,044] {logging_mixin.py:115} INFO - [2022-07-17 19:55:11,044] {dag.py:2972} INFO - Setting next_dagrun for example_skip_dag to 2022-07-16T19:55:11.044062+00:00, run_after=2022-07-17T19:55:11.044062+00:00
[2022-07-17 19:55:11,057] {processor.py:161} INFO - Processing /home/airflow/.local/lib/python3.7/site-packages/airflow/example_dags/example_skip_dag.py took 0.075 seconds
[2022-07-17 19:55:41,524] {processor.py:153} INFO - Started process (PID=2304) to work on /home/airflow/.local/lib/python3.7/site-packages/airflow/example_dags/example_skip_dag.py
[2022-07-17 19:55:41,525] {processor.py:641} INFO - Processing file /home/airflow/.local/lib/python3.7/site-packages/airflow/example_dags/example_skip_dag.py for tasks to queue
[2022-07-17 19:55:41,525] {logging_mixin.py:115} INFO - [2022-07-17 19:55:41,525] {dagbag.py:508} INFO - Filling up the DagBag from /home/airflow/.local/lib/python3.7/site-packages/airflow/example_dags/example_skip_dag.py
[2022-07-17 19:55:41,532] {processor.py:651} INFO - DAG(s) dict_keys(['example_skip_dag']) retrieved from /home/airflow/.local/lib/python3.7/site-packages/airflow/example_dags/example_skip_dag.py
[2022-07-17 19:55:41,562] {logging_mixin.py:115} INFO - [2022-07-17 19:55:41,562] {dag.py:2420} INFO - Sync 1 DAGs
[2022-07-17 19:55:41,589] {logging_mixin.py:115} INFO - [2022-07-17 19:55:41,589] {dag.py:2972} INFO - Setting next_dagrun for example_skip_dag to 2022-07-16T19:55:41.589070+00:00, run_after=2022-07-17T19:55:41.589070+00:00
[2022-07-17 19:55:41,603] {processor.py:161} INFO - Processing /home/airflow/.local/lib/python3.7/site-packages/airflow/example_dags/example_skip_dag.py took 0.082 seconds
[2022-07-17 19:56:12,196] {processor.py:153} INFO - Started process (PID=2370) to work on /home/airflow/.local/lib/python3.7/site-packages/airflow/example_dags/example_skip_dag.py
[2022-07-17 19:56:12,197] {processor.py:641} INFO - Processing file /home/airflow/.local/lib/python3.7/site-packages/airflow/example_dags/example_skip_dag.py for tasks to queue
[2022-07-17 19:56:12,198] {logging_mixin.py:115} INFO - [2022-07-17 19:56:12,198] {dagbag.py:508} INFO - Filling up the DagBag from /home/airflow/.local/lib/python3.7/site-packages/airflow/example_dags/example_skip_dag.py
[2022-07-17 19:56:12,206] {processor.py:651} INFO - DAG(s) dict_keys(['example_skip_dag']) retrieved from /home/airflow/.local/lib/python3.7/site-packages/airflow/example_dags/example_skip_dag.py
[2022-07-17 19:56:12,242] {logging_mixin.py:115} INFO - [2022-07-17 19:56:12,242] {dag.py:2420} INFO - Sync 1 DAGs
[2022-07-17 19:56:12,278] {logging_mixin.py:115} INFO - [2022-07-17 19:56:12,278] {dag.py:2972} INFO - Setting next_dagrun for example_skip_dag to 2022-07-16T19:56:12.278161+00:00, run_after=2022-07-17T19:56:12.278161+00:00
[2022-07-17 19:56:12,295] {processor.py:161} INFO - Processing /home/airflow/.local/lib/python3.7/site-packages/airflow/example_dags/example_skip_dag.py took 0.103 seconds
[2022-07-17 19:56:42,375] {processor.py:153} INFO - Started process (PID=2432) to work on /home/airflow/.local/lib/python3.7/site-packages/airflow/example_dags/example_skip_dag.py
[2022-07-17 19:56:42,376] {processor.py:641} INFO - Processing file /home/airflow/.local/lib/python3.7/site-packages/airflow/example_dags/example_skip_dag.py for tasks to queue
[2022-07-17 19:56:42,376] {logging_mixin.py:115} INFO - [2022-07-17 19:56:42,376] {dagbag.py:508} INFO - Filling up the DagBag from /home/airflow/.local/lib/python3.7/site-packages/airflow/example_dags/example_skip_dag.py
[2022-07-17 19:56:42,382] {processor.py:651} INFO - DAG(s) dict_keys(['example_skip_dag']) retrieved from /home/airflow/.local/lib/python3.7/site-packages/airflow/example_dags/example_skip_dag.py
[2022-07-17 19:56:42,409] {logging_mixin.py:115} INFO - [2022-07-17 19:56:42,409] {dag.py:2420} INFO - Sync 1 DAGs
[2022-07-17 19:56:42,432] {logging_mixin.py:115} INFO - [2022-07-17 19:56:42,432] {dag.py:2972} INFO - Setting next_dagrun for example_skip_dag to 2022-07-16T19:56:42.432152+00:00, run_after=2022-07-17T19:56:42.432152+00:00
[2022-07-17 19:56:42,447] {processor.py:161} INFO - Processing /home/airflow/.local/lib/python3.7/site-packages/airflow/example_dags/example_skip_dag.py took 0.075 seconds
[2022-07-17 19:57:12,523] {processor.py:153} INFO - Started process (PID=2489) to work on /home/airflow/.local/lib/python3.7/site-packages/airflow/example_dags/example_skip_dag.py
[2022-07-17 19:57:12,526] {processor.py:641} INFO - Processing file /home/airflow/.local/lib/python3.7/site-packages/airflow/example_dags/example_skip_dag.py for tasks to queue
[2022-07-17 19:57:12,526] {logging_mixin.py:115} INFO - [2022-07-17 19:57:12,526] {dagbag.py:508} INFO - Filling up the DagBag from /home/airflow/.local/lib/python3.7/site-packages/airflow/example_dags/example_skip_dag.py
[2022-07-17 19:57:12,532] {processor.py:651} INFO - DAG(s) dict_keys(['example_skip_dag']) retrieved from /home/airflow/.local/lib/python3.7/site-packages/airflow/example_dags/example_skip_dag.py
[2022-07-17 19:57:12,562] {logging_mixin.py:115} INFO - [2022-07-17 19:57:12,561] {dag.py:2420} INFO - Sync 1 DAGs
[2022-07-17 19:57:12,586] {logging_mixin.py:115} INFO - [2022-07-17 19:57:12,586] {dag.py:2972} INFO - Setting next_dagrun for example_skip_dag to 2022-07-16T19:57:12.585958+00:00, run_after=2022-07-17T19:57:12.585958+00:00
[2022-07-17 19:57:12,600] {processor.py:161} INFO - Processing /home/airflow/.local/lib/python3.7/site-packages/airflow/example_dags/example_skip_dag.py took 0.080 seconds
[2022-07-17 19:57:42,972] {processor.py:153} INFO - Started process (PID=2553) to work on /home/airflow/.local/lib/python3.7/site-packages/airflow/example_dags/example_skip_dag.py
[2022-07-17 19:57:42,973] {processor.py:641} INFO - Processing file /home/airflow/.local/lib/python3.7/site-packages/airflow/example_dags/example_skip_dag.py for tasks to queue
[2022-07-17 19:57:42,973] {logging_mixin.py:115} INFO - [2022-07-17 19:57:42,973] {dagbag.py:508} INFO - Filling up the DagBag from /home/airflow/.local/lib/python3.7/site-packages/airflow/example_dags/example_skip_dag.py
[2022-07-17 19:57:42,980] {processor.py:651} INFO - DAG(s) dict_keys(['example_skip_dag']) retrieved from /home/airflow/.local/lib/python3.7/site-packages/airflow/example_dags/example_skip_dag.py
[2022-07-17 19:57:43,011] {logging_mixin.py:115} INFO - [2022-07-17 19:57:43,011] {dag.py:2420} INFO - Sync 1 DAGs
[2022-07-17 19:57:43,037] {logging_mixin.py:115} INFO - [2022-07-17 19:57:43,037] {dag.py:2972} INFO - Setting next_dagrun for example_skip_dag to 2022-07-16T19:57:43.037165+00:00, run_after=2022-07-17T19:57:43.037165+00:00
[2022-07-17 19:57:43,050] {processor.py:161} INFO - Processing /home/airflow/.local/lib/python3.7/site-packages/airflow/example_dags/example_skip_dag.py took 0.081 seconds
[2022-07-17 19:58:13,154] {processor.py:153} INFO - Started process (PID=2608) to work on /home/airflow/.local/lib/python3.7/site-packages/airflow/example_dags/example_skip_dag.py
[2022-07-17 19:58:13,154] {processor.py:641} INFO - Processing file /home/airflow/.local/lib/python3.7/site-packages/airflow/example_dags/example_skip_dag.py for tasks to queue
[2022-07-17 19:58:13,155] {logging_mixin.py:115} INFO - [2022-07-17 19:58:13,155] {dagbag.py:508} INFO - Filling up the DagBag from /home/airflow/.local/lib/python3.7/site-packages/airflow/example_dags/example_skip_dag.py
[2022-07-17 19:58:13,161] {processor.py:651} INFO - DAG(s) dict_keys(['example_skip_dag']) retrieved from /home/airflow/.local/lib/python3.7/site-packages/airflow/example_dags/example_skip_dag.py
[2022-07-17 19:58:13,195] {logging_mixin.py:115} INFO - [2022-07-17 19:58:13,195] {dag.py:2420} INFO - Sync 1 DAGs
[2022-07-17 19:58:13,227] {logging_mixin.py:115} INFO - [2022-07-17 19:58:13,226] {dag.py:2972} INFO - Setting next_dagrun for example_skip_dag to 2022-07-16T19:58:13.226738+00:00, run_after=2022-07-17T19:58:13.226738+00:00
[2022-07-17 19:58:13,241] {processor.py:161} INFO - Processing /home/airflow/.local/lib/python3.7/site-packages/airflow/example_dags/example_skip_dag.py took 0.090 seconds
[2022-07-17 19:58:44,164] {processor.py:153} INFO - Started process (PID=2672) to work on /home/airflow/.local/lib/python3.7/site-packages/airflow/example_dags/example_skip_dag.py
[2022-07-17 19:58:44,165] {processor.py:641} INFO - Processing file /home/airflow/.local/lib/python3.7/site-packages/airflow/example_dags/example_skip_dag.py for tasks to queue
[2022-07-17 19:58:44,165] {logging_mixin.py:115} INFO - [2022-07-17 19:58:44,165] {dagbag.py:508} INFO - Filling up the DagBag from /home/airflow/.local/lib/python3.7/site-packages/airflow/example_dags/example_skip_dag.py
[2022-07-17 19:58:44,170] {processor.py:651} INFO - DAG(s) dict_keys(['example_skip_dag']) retrieved from /home/airflow/.local/lib/python3.7/site-packages/airflow/example_dags/example_skip_dag.py
[2022-07-17 19:58:44,205] {logging_mixin.py:115} INFO - [2022-07-17 19:58:44,204] {dag.py:2420} INFO - Sync 1 DAGs
[2022-07-17 19:58:44,239] {logging_mixin.py:115} INFO - [2022-07-17 19:58:44,239] {dag.py:2972} INFO - Setting next_dagrun for example_skip_dag to 2022-07-16T19:58:44.239062+00:00, run_after=2022-07-17T19:58:44.239062+00:00
[2022-07-17 19:58:44,255] {processor.py:161} INFO - Processing /home/airflow/.local/lib/python3.7/site-packages/airflow/example_dags/example_skip_dag.py took 0.094 seconds
[2022-07-17 19:59:14,684] {processor.py:153} INFO - Started process (PID=2727) to work on /home/airflow/.local/lib/python3.7/site-packages/airflow/example_dags/example_skip_dag.py
[2022-07-17 19:59:14,685] {processor.py:641} INFO - Processing file /home/airflow/.local/lib/python3.7/site-packages/airflow/example_dags/example_skip_dag.py for tasks to queue
[2022-07-17 19:59:14,686] {logging_mixin.py:115} INFO - [2022-07-17 19:59:14,685] {dagbag.py:508} INFO - Filling up the DagBag from /home/airflow/.local/lib/python3.7/site-packages/airflow/example_dags/example_skip_dag.py
[2022-07-17 19:59:14,693] {processor.py:651} INFO - DAG(s) dict_keys(['example_skip_dag']) retrieved from /home/airflow/.local/lib/python3.7/site-packages/airflow/example_dags/example_skip_dag.py
[2022-07-17 19:59:14,728] {logging_mixin.py:115} INFO - [2022-07-17 19:59:14,728] {dag.py:2420} INFO - Sync 1 DAGs
[2022-07-17 19:59:14,759] {logging_mixin.py:115} INFO - [2022-07-17 19:59:14,759] {dag.py:2972} INFO - Setting next_dagrun for example_skip_dag to 2022-07-16T19:59:14.758863+00:00, run_after=2022-07-17T19:59:14.758863+00:00
[2022-07-17 19:59:14,776] {processor.py:161} INFO - Processing /home/airflow/.local/lib/python3.7/site-packages/airflow/example_dags/example_skip_dag.py took 0.095 seconds
[2022-07-17 19:59:44,808] {processor.py:153} INFO - Started process (PID=2792) to work on /home/airflow/.local/lib/python3.7/site-packages/airflow/example_dags/example_skip_dag.py
[2022-07-17 19:59:44,808] {processor.py:641} INFO - Processing file /home/airflow/.local/lib/python3.7/site-packages/airflow/example_dags/example_skip_dag.py for tasks to queue
[2022-07-17 19:59:44,809] {logging_mixin.py:115} INFO - [2022-07-17 19:59:44,809] {dagbag.py:508} INFO - Filling up the DagBag from /home/airflow/.local/lib/python3.7/site-packages/airflow/example_dags/example_skip_dag.py
[2022-07-17 19:59:44,816] {processor.py:651} INFO - DAG(s) dict_keys(['example_skip_dag']) retrieved from /home/airflow/.local/lib/python3.7/site-packages/airflow/example_dags/example_skip_dag.py
[2022-07-17 19:59:44,848] {logging_mixin.py:115} INFO - [2022-07-17 19:59:44,848] {dag.py:2420} INFO - Sync 1 DAGs
[2022-07-17 19:59:44,875] {logging_mixin.py:115} INFO - [2022-07-17 19:59:44,875] {dag.py:2972} INFO - Setting next_dagrun for example_skip_dag to 2022-07-16T19:59:44.875232+00:00, run_after=2022-07-17T19:59:44.875232+00:00
[2022-07-17 19:59:44,893] {processor.py:161} INFO - Processing /home/airflow/.local/lib/python3.7/site-packages/airflow/example_dags/example_skip_dag.py took 0.089 seconds
[2022-07-17 20:00:15,187] {processor.py:153} INFO - Started process (PID=2857) to work on /home/airflow/.local/lib/python3.7/site-packages/airflow/example_dags/example_skip_dag.py
[2022-07-17 20:00:15,187] {processor.py:641} INFO - Processing file /home/airflow/.local/lib/python3.7/site-packages/airflow/example_dags/example_skip_dag.py for tasks to queue
[2022-07-17 20:00:15,188] {logging_mixin.py:115} INFO - [2022-07-17 20:00:15,188] {dagbag.py:508} INFO - Filling up the DagBag from /home/airflow/.local/lib/python3.7/site-packages/airflow/example_dags/example_skip_dag.py
[2022-07-17 20:00:15,193] {processor.py:651} INFO - DAG(s) dict_keys(['example_skip_dag']) retrieved from /home/airflow/.local/lib/python3.7/site-packages/airflow/example_dags/example_skip_dag.py
[2022-07-17 20:00:15,227] {logging_mixin.py:115} INFO - [2022-07-17 20:00:15,226] {dag.py:2420} INFO - Sync 1 DAGs
[2022-07-17 20:00:15,258] {logging_mixin.py:115} INFO - [2022-07-17 20:00:15,258] {dag.py:2972} INFO - Setting next_dagrun for example_skip_dag to 2022-07-16T20:00:15.258414+00:00, run_after=2022-07-17T20:00:15.258414+00:00
[2022-07-17 20:00:15,274] {processor.py:161} INFO - Processing /home/airflow/.local/lib/python3.7/site-packages/airflow/example_dags/example_skip_dag.py took 0.090 seconds
[2022-07-17 20:00:45,632] {processor.py:153} INFO - Started process (PID=2913) to work on /home/airflow/.local/lib/python3.7/site-packages/airflow/example_dags/example_skip_dag.py
[2022-07-17 20:00:45,633] {processor.py:641} INFO - Processing file /home/airflow/.local/lib/python3.7/site-packages/airflow/example_dags/example_skip_dag.py for tasks to queue
[2022-07-17 20:00:45,633] {logging_mixin.py:115} INFO - [2022-07-17 20:00:45,633] {dagbag.py:508} INFO - Filling up the DagBag from /home/airflow/.local/lib/python3.7/site-packages/airflow/example_dags/example_skip_dag.py
[2022-07-17 20:00:45,641] {processor.py:651} INFO - DAG(s) dict_keys(['example_skip_dag']) retrieved from /home/airflow/.local/lib/python3.7/site-packages/airflow/example_dags/example_skip_dag.py
[2022-07-17 20:00:45,674] {logging_mixin.py:115} INFO - [2022-07-17 20:00:45,674] {dag.py:2420} INFO - Sync 1 DAGs
[2022-07-17 20:00:45,699] {logging_mixin.py:115} INFO - [2022-07-17 20:00:45,699] {dag.py:2972} INFO - Setting next_dagrun for example_skip_dag to 2022-07-16T20:00:45.699135+00:00, run_after=2022-07-17T20:00:45.699135+00:00
[2022-07-17 20:00:45,713] {processor.py:161} INFO - Processing /home/airflow/.local/lib/python3.7/site-packages/airflow/example_dags/example_skip_dag.py took 0.085 seconds
[2022-07-17 20:01:15,954] {processor.py:153} INFO - Started process (PID=2977) to work on /home/airflow/.local/lib/python3.7/site-packages/airflow/example_dags/example_skip_dag.py
[2022-07-17 20:01:15,954] {processor.py:641} INFO - Processing file /home/airflow/.local/lib/python3.7/site-packages/airflow/example_dags/example_skip_dag.py for tasks to queue
[2022-07-17 20:01:15,955] {logging_mixin.py:115} INFO - [2022-07-17 20:01:15,955] {dagbag.py:508} INFO - Filling up the DagBag from /home/airflow/.local/lib/python3.7/site-packages/airflow/example_dags/example_skip_dag.py
[2022-07-17 20:01:15,961] {processor.py:651} INFO - DAG(s) dict_keys(['example_skip_dag']) retrieved from /home/airflow/.local/lib/python3.7/site-packages/airflow/example_dags/example_skip_dag.py
[2022-07-17 20:01:15,992] {logging_mixin.py:115} INFO - [2022-07-17 20:01:15,992] {dag.py:2420} INFO - Sync 1 DAGs
[2022-07-17 20:01:16,017] {logging_mixin.py:115} INFO - [2022-07-17 20:01:16,017] {dag.py:2972} INFO - Setting next_dagrun for example_skip_dag to 2022-07-16T20:01:16.017123+00:00, run_after=2022-07-17T20:01:16.017123+00:00
[2022-07-17 20:01:16,031] {processor.py:161} INFO - Processing /home/airflow/.local/lib/python3.7/site-packages/airflow/example_dags/example_skip_dag.py took 0.081 seconds
[2022-07-17 20:01:46,368] {processor.py:153} INFO - Started process (PID=3032) to work on /home/airflow/.local/lib/python3.7/site-packages/airflow/example_dags/example_skip_dag.py
[2022-07-17 20:01:46,368] {processor.py:641} INFO - Processing file /home/airflow/.local/lib/python3.7/site-packages/airflow/example_dags/example_skip_dag.py for tasks to queue
[2022-07-17 20:01:46,369] {logging_mixin.py:115} INFO - [2022-07-17 20:01:46,368] {dagbag.py:508} INFO - Filling up the DagBag from /home/airflow/.local/lib/python3.7/site-packages/airflow/example_dags/example_skip_dag.py
[2022-07-17 20:01:46,374] {processor.py:651} INFO - DAG(s) dict_keys(['example_skip_dag']) retrieved from /home/airflow/.local/lib/python3.7/site-packages/airflow/example_dags/example_skip_dag.py
[2022-07-17 20:01:46,400] {logging_mixin.py:115} INFO - [2022-07-17 20:01:46,400] {dag.py:2420} INFO - Sync 1 DAGs
[2022-07-17 20:01:46,422] {logging_mixin.py:115} INFO - [2022-07-17 20:01:46,422] {dag.py:2972} INFO - Setting next_dagrun for example_skip_dag to 2022-07-16T20:01:46.422327+00:00, run_after=2022-07-17T20:01:46.422327+00:00
[2022-07-17 20:01:46,440] {processor.py:161} INFO - Processing /home/airflow/.local/lib/python3.7/site-packages/airflow/example_dags/example_skip_dag.py took 0.075 seconds
[2022-07-17 20:02:17,029] {processor.py:153} INFO - Started process (PID=3099) to work on /home/airflow/.local/lib/python3.7/site-packages/airflow/example_dags/example_skip_dag.py
[2022-07-17 20:02:17,030] {processor.py:641} INFO - Processing file /home/airflow/.local/lib/python3.7/site-packages/airflow/example_dags/example_skip_dag.py for tasks to queue
[2022-07-17 20:02:17,030] {logging_mixin.py:115} INFO - [2022-07-17 20:02:17,030] {dagbag.py:508} INFO - Filling up the DagBag from /home/airflow/.local/lib/python3.7/site-packages/airflow/example_dags/example_skip_dag.py
[2022-07-17 20:02:17,036] {processor.py:651} INFO - DAG(s) dict_keys(['example_skip_dag']) retrieved from /home/airflow/.local/lib/python3.7/site-packages/airflow/example_dags/example_skip_dag.py
[2022-07-17 20:02:17,065] {logging_mixin.py:115} INFO - [2022-07-17 20:02:17,065] {dag.py:2420} INFO - Sync 1 DAGs
[2022-07-17 20:02:17,090] {logging_mixin.py:115} INFO - [2022-07-17 20:02:17,090] {dag.py:2972} INFO - Setting next_dagrun for example_skip_dag to 2022-07-16T20:02:17.090098+00:00, run_after=2022-07-17T20:02:17.090098+00:00
[2022-07-17 20:02:17,103] {processor.py:161} INFO - Processing /home/airflow/.local/lib/python3.7/site-packages/airflow/example_dags/example_skip_dag.py took 0.077 seconds
[2022-07-17 20:02:47,466] {processor.py:153} INFO - Started process (PID=3161) to work on /home/airflow/.local/lib/python3.7/site-packages/airflow/example_dags/example_skip_dag.py
[2022-07-17 20:02:47,467] {processor.py:641} INFO - Processing file /home/airflow/.local/lib/python3.7/site-packages/airflow/example_dags/example_skip_dag.py for tasks to queue
[2022-07-17 20:02:47,467] {logging_mixin.py:115} INFO - [2022-07-17 20:02:47,467] {dagbag.py:508} INFO - Filling up the DagBag from /home/airflow/.local/lib/python3.7/site-packages/airflow/example_dags/example_skip_dag.py
[2022-07-17 20:02:47,473] {processor.py:651} INFO - DAG(s) dict_keys(['example_skip_dag']) retrieved from /home/airflow/.local/lib/python3.7/site-packages/airflow/example_dags/example_skip_dag.py
[2022-07-17 20:02:47,504] {logging_mixin.py:115} INFO - [2022-07-17 20:02:47,504] {dag.py:2420} INFO - Sync 1 DAGs
[2022-07-17 20:02:47,527] {logging_mixin.py:115} INFO - [2022-07-17 20:02:47,527] {dag.py:2972} INFO - Setting next_dagrun for example_skip_dag to 2022-07-16T20:02:47.527447+00:00, run_after=2022-07-17T20:02:47.527447+00:00
[2022-07-17 20:02:47,540] {processor.py:161} INFO - Processing /home/airflow/.local/lib/python3.7/site-packages/airflow/example_dags/example_skip_dag.py took 0.078 seconds
[2022-07-17 20:03:18,044] {processor.py:153} INFO - Started process (PID=3218) to work on /home/airflow/.local/lib/python3.7/site-packages/airflow/example_dags/example_skip_dag.py
[2022-07-17 20:03:18,044] {processor.py:641} INFO - Processing file /home/airflow/.local/lib/python3.7/site-packages/airflow/example_dags/example_skip_dag.py for tasks to queue
[2022-07-17 20:03:18,045] {logging_mixin.py:115} INFO - [2022-07-17 20:03:18,045] {dagbag.py:508} INFO - Filling up the DagBag from /home/airflow/.local/lib/python3.7/site-packages/airflow/example_dags/example_skip_dag.py
[2022-07-17 20:03:18,052] {processor.py:651} INFO - DAG(s) dict_keys(['example_skip_dag']) retrieved from /home/airflow/.local/lib/python3.7/site-packages/airflow/example_dags/example_skip_dag.py
[2022-07-17 20:03:18,087] {logging_mixin.py:115} INFO - [2022-07-17 20:03:18,087] {dag.py:2420} INFO - Sync 1 DAGs
[2022-07-17 20:03:18,115] {logging_mixin.py:115} INFO - [2022-07-17 20:03:18,115] {dag.py:2972} INFO - Setting next_dagrun for example_skip_dag to 2022-07-16T20:03:18.115197+00:00, run_after=2022-07-17T20:03:18.115197+00:00
[2022-07-17 20:03:18,128] {processor.py:161} INFO - Processing /home/airflow/.local/lib/python3.7/site-packages/airflow/example_dags/example_skip_dag.py took 0.088 seconds
[2022-07-17 20:03:48,389] {processor.py:153} INFO - Started process (PID=3282) to work on /home/airflow/.local/lib/python3.7/site-packages/airflow/example_dags/example_skip_dag.py
[2022-07-17 20:03:48,389] {processor.py:641} INFO - Processing file /home/airflow/.local/lib/python3.7/site-packages/airflow/example_dags/example_skip_dag.py for tasks to queue
[2022-07-17 20:03:48,390] {logging_mixin.py:115} INFO - [2022-07-17 20:03:48,390] {dagbag.py:508} INFO - Filling up the DagBag from /home/airflow/.local/lib/python3.7/site-packages/airflow/example_dags/example_skip_dag.py
[2022-07-17 20:03:48,397] {processor.py:651} INFO - DAG(s) dict_keys(['example_skip_dag']) retrieved from /home/airflow/.local/lib/python3.7/site-packages/airflow/example_dags/example_skip_dag.py
[2022-07-17 20:03:48,432] {logging_mixin.py:115} INFO - [2022-07-17 20:03:48,431] {dag.py:2420} INFO - Sync 1 DAGs
[2022-07-17 20:03:48,459] {logging_mixin.py:115} INFO - [2022-07-17 20:03:48,459] {dag.py:2972} INFO - Setting next_dagrun for example_skip_dag to 2022-07-16T20:03:48.459457+00:00, run_after=2022-07-17T20:03:48.459457+00:00
[2022-07-17 20:03:48,475] {processor.py:161} INFO - Processing /home/airflow/.local/lib/python3.7/site-packages/airflow/example_dags/example_skip_dag.py took 0.091 seconds
