[2022-07-17 19:36:51,310] {processor.py:153} INFO - Started process (PID=50) to work on /home/airflow/.local/lib/python3.7/site-packages/airflow/example_dags/example_dag_decorator.py
[2022-07-17 19:36:51,311] {processor.py:641} INFO - Processing file /home/airflow/.local/lib/python3.7/site-packages/airflow/example_dags/example_dag_decorator.py for tasks to queue
[2022-07-17 19:36:51,311] {logging_mixin.py:115} INFO - [2022-07-17 19:36:51,311] {dagbag.py:508} INFO - Filling up the DagBag from /home/airflow/.local/lib/python3.7/site-packages/airflow/example_dags/example_dag_decorator.py
[2022-07-17 19:36:51,349] {processor.py:651} INFO - DAG(s) dict_keys(['example_dag_decorator']) retrieved from /home/airflow/.local/lib/python3.7/site-packages/airflow/example_dags/example_dag_decorator.py
[2022-07-17 19:36:51,465] {logging_mixin.py:115} INFO - [2022-07-17 19:36:51,465] {manager.py:508} INFO - Created Permission View: can delete on DAG:example_dag_decorator
[2022-07-17 19:36:51,481] {logging_mixin.py:115} INFO - [2022-07-17 19:36:51,481] {manager.py:508} INFO - Created Permission View: can read on DAG:example_dag_decorator
[2022-07-17 19:36:51,492] {logging_mixin.py:115} INFO - [2022-07-17 19:36:51,492] {manager.py:508} INFO - Created Permission View: can edit on DAG:example_dag_decorator
[2022-07-17 19:36:51,493] {logging_mixin.py:115} INFO - [2022-07-17 19:36:51,493] {dag.py:2420} INFO - Sync 1 DAGs
[2022-07-17 19:36:51,506] {logging_mixin.py:115} INFO - [2022-07-17 19:36:51,506] {dag.py:2439} INFO - Creating ORM DAG for example_dag_decorator
[2022-07-17 19:36:51,525] {logging_mixin.py:115} INFO - [2022-07-17 19:36:51,525] {dag.py:2972} INFO - Setting next_dagrun for example_dag_decorator to None, run_after=None
[2022-07-17 19:36:51,552] {processor.py:161} INFO - Processing /home/airflow/.local/lib/python3.7/site-packages/airflow/example_dags/example_dag_decorator.py took 0.245 seconds
[2022-07-17 19:37:21,622] {processor.py:153} INFO - Started process (PID=104) to work on /home/airflow/.local/lib/python3.7/site-packages/airflow/example_dags/example_dag_decorator.py
[2022-07-17 19:37:21,622] {processor.py:641} INFO - Processing file /home/airflow/.local/lib/python3.7/site-packages/airflow/example_dags/example_dag_decorator.py for tasks to queue
[2022-07-17 19:37:21,623] {logging_mixin.py:115} INFO - [2022-07-17 19:37:21,623] {dagbag.py:508} INFO - Filling up the DagBag from /home/airflow/.local/lib/python3.7/site-packages/airflow/example_dags/example_dag_decorator.py
[2022-07-17 19:37:21,655] {processor.py:651} INFO - DAG(s) dict_keys(['example_dag_decorator']) retrieved from /home/airflow/.local/lib/python3.7/site-packages/airflow/example_dags/example_dag_decorator.py
[2022-07-17 19:37:21,735] {logging_mixin.py:115} INFO - [2022-07-17 19:37:21,735] {dag.py:2420} INFO - Sync 1 DAGs
[2022-07-17 19:37:21,759] {logging_mixin.py:115} INFO - [2022-07-17 19:37:21,759] {dag.py:2972} INFO - Setting next_dagrun for example_dag_decorator to None, run_after=None
[2022-07-17 19:37:21,776] {processor.py:161} INFO - Processing /home/airflow/.local/lib/python3.7/site-packages/airflow/example_dags/example_dag_decorator.py took 0.159 seconds
[2022-07-17 19:37:51,812] {processor.py:153} INFO - Started process (PID=168) to work on /home/airflow/.local/lib/python3.7/site-packages/airflow/example_dags/example_dag_decorator.py
[2022-07-17 19:37:51,813] {processor.py:641} INFO - Processing file /home/airflow/.local/lib/python3.7/site-packages/airflow/example_dags/example_dag_decorator.py for tasks to queue
[2022-07-17 19:37:51,814] {logging_mixin.py:115} INFO - [2022-07-17 19:37:51,813] {dagbag.py:508} INFO - Filling up the DagBag from /home/airflow/.local/lib/python3.7/site-packages/airflow/example_dags/example_dag_decorator.py
[2022-07-17 19:37:51,873] {processor.py:651} INFO - DAG(s) dict_keys(['example_dag_decorator']) retrieved from /home/airflow/.local/lib/python3.7/site-packages/airflow/example_dags/example_dag_decorator.py
[2022-07-17 19:37:52,021] {logging_mixin.py:115} INFO - [2022-07-17 19:37:52,021] {dag.py:2420} INFO - Sync 1 DAGs
[2022-07-17 19:37:52,058] {logging_mixin.py:115} INFO - [2022-07-17 19:37:52,058] {dag.py:2972} INFO - Setting next_dagrun for example_dag_decorator to None, run_after=None
[2022-07-17 19:37:52,088] {processor.py:161} INFO - Processing /home/airflow/.local/lib/python3.7/site-packages/airflow/example_dags/example_dag_decorator.py took 0.281 seconds
[2022-07-17 19:38:22,583] {processor.py:153} INFO - Started process (PID=222) to work on /home/airflow/.local/lib/python3.7/site-packages/airflow/example_dags/example_dag_decorator.py
[2022-07-17 19:38:22,584] {processor.py:641} INFO - Processing file /home/airflow/.local/lib/python3.7/site-packages/airflow/example_dags/example_dag_decorator.py for tasks to queue
[2022-07-17 19:38:22,584] {logging_mixin.py:115} INFO - [2022-07-17 19:38:22,584] {dagbag.py:508} INFO - Filling up the DagBag from /home/airflow/.local/lib/python3.7/site-packages/airflow/example_dags/example_dag_decorator.py
[2022-07-17 19:38:22,616] {processor.py:651} INFO - DAG(s) dict_keys(['example_dag_decorator']) retrieved from /home/airflow/.local/lib/python3.7/site-packages/airflow/example_dags/example_dag_decorator.py
[2022-07-17 19:38:22,695] {logging_mixin.py:115} INFO - [2022-07-17 19:38:22,695] {dag.py:2420} INFO - Sync 1 DAGs
[2022-07-17 19:38:22,717] {logging_mixin.py:115} INFO - [2022-07-17 19:38:22,716] {dag.py:2972} INFO - Setting next_dagrun for example_dag_decorator to None, run_after=None
[2022-07-17 19:38:22,739] {processor.py:161} INFO - Processing /home/airflow/.local/lib/python3.7/site-packages/airflow/example_dags/example_dag_decorator.py took 0.161 seconds
[2022-07-17 19:38:53,381] {processor.py:153} INFO - Started process (PID=286) to work on /home/airflow/.local/lib/python3.7/site-packages/airflow/example_dags/example_dag_decorator.py
[2022-07-17 19:38:53,382] {processor.py:641} INFO - Processing file /home/airflow/.local/lib/python3.7/site-packages/airflow/example_dags/example_dag_decorator.py for tasks to queue
[2022-07-17 19:38:53,383] {logging_mixin.py:115} INFO - [2022-07-17 19:38:53,383] {dagbag.py:508} INFO - Filling up the DagBag from /home/airflow/.local/lib/python3.7/site-packages/airflow/example_dags/example_dag_decorator.py
[2022-07-17 19:38:53,411] {processor.py:651} INFO - DAG(s) dict_keys(['example_dag_decorator']) retrieved from /home/airflow/.local/lib/python3.7/site-packages/airflow/example_dags/example_dag_decorator.py
[2022-07-17 19:38:53,486] {logging_mixin.py:115} INFO - [2022-07-17 19:38:53,486] {dag.py:2420} INFO - Sync 1 DAGs
[2022-07-17 19:38:53,507] {logging_mixin.py:115} INFO - [2022-07-17 19:38:53,507] {dag.py:2972} INFO - Setting next_dagrun for example_dag_decorator to None, run_after=None
[2022-07-17 19:38:53,528] {processor.py:161} INFO - Processing /home/airflow/.local/lib/python3.7/site-packages/airflow/example_dags/example_dag_decorator.py took 0.153 seconds
[2022-07-17 19:39:23,862] {processor.py:153} INFO - Started process (PID=350) to work on /home/airflow/.local/lib/python3.7/site-packages/airflow/example_dags/example_dag_decorator.py
[2022-07-17 19:39:23,863] {processor.py:641} INFO - Processing file /home/airflow/.local/lib/python3.7/site-packages/airflow/example_dags/example_dag_decorator.py for tasks to queue
[2022-07-17 19:39:23,864] {logging_mixin.py:115} INFO - [2022-07-17 19:39:23,863] {dagbag.py:508} INFO - Filling up the DagBag from /home/airflow/.local/lib/python3.7/site-packages/airflow/example_dags/example_dag_decorator.py
[2022-07-17 19:39:23,889] {processor.py:651} INFO - DAG(s) dict_keys(['example_dag_decorator']) retrieved from /home/airflow/.local/lib/python3.7/site-packages/airflow/example_dags/example_dag_decorator.py
[2022-07-17 19:39:23,959] {logging_mixin.py:115} INFO - [2022-07-17 19:39:23,959] {dag.py:2420} INFO - Sync 1 DAGs
[2022-07-17 19:39:23,982] {logging_mixin.py:115} INFO - [2022-07-17 19:39:23,982] {dag.py:2972} INFO - Setting next_dagrun for example_dag_decorator to None, run_after=None
[2022-07-17 19:39:23,997] {processor.py:161} INFO - Processing /home/airflow/.local/lib/python3.7/site-packages/airflow/example_dags/example_dag_decorator.py took 0.138 seconds
[2022-07-17 19:39:54,083] {processor.py:153} INFO - Started process (PID=405) to work on /home/airflow/.local/lib/python3.7/site-packages/airflow/example_dags/example_dag_decorator.py
[2022-07-17 19:39:54,084] {processor.py:641} INFO - Processing file /home/airflow/.local/lib/python3.7/site-packages/airflow/example_dags/example_dag_decorator.py for tasks to queue
[2022-07-17 19:39:54,085] {logging_mixin.py:115} INFO - [2022-07-17 19:39:54,085] {dagbag.py:508} INFO - Filling up the DagBag from /home/airflow/.local/lib/python3.7/site-packages/airflow/example_dags/example_dag_decorator.py
[2022-07-17 19:39:54,113] {processor.py:651} INFO - DAG(s) dict_keys(['example_dag_decorator']) retrieved from /home/airflow/.local/lib/python3.7/site-packages/airflow/example_dags/example_dag_decorator.py
[2022-07-17 19:39:54,191] {logging_mixin.py:115} INFO - [2022-07-17 19:39:54,190] {dag.py:2420} INFO - Sync 1 DAGs
[2022-07-17 19:39:54,212] {logging_mixin.py:115} INFO - [2022-07-17 19:39:54,212] {dag.py:2972} INFO - Setting next_dagrun for example_dag_decorator to None, run_after=None
[2022-07-17 19:39:54,227] {processor.py:161} INFO - Processing /home/airflow/.local/lib/python3.7/site-packages/airflow/example_dags/example_dag_decorator.py took 0.149 seconds
[2022-07-17 19:40:24,658] {processor.py:153} INFO - Started process (PID=470) to work on /home/airflow/.local/lib/python3.7/site-packages/airflow/example_dags/example_dag_decorator.py
[2022-07-17 19:40:24,659] {processor.py:641} INFO - Processing file /home/airflow/.local/lib/python3.7/site-packages/airflow/example_dags/example_dag_decorator.py for tasks to queue
[2022-07-17 19:40:24,660] {logging_mixin.py:115} INFO - [2022-07-17 19:40:24,660] {dagbag.py:508} INFO - Filling up the DagBag from /home/airflow/.local/lib/python3.7/site-packages/airflow/example_dags/example_dag_decorator.py
[2022-07-17 19:40:24,688] {processor.py:651} INFO - DAG(s) dict_keys(['example_dag_decorator']) retrieved from /home/airflow/.local/lib/python3.7/site-packages/airflow/example_dags/example_dag_decorator.py
[2022-07-17 19:40:24,762] {logging_mixin.py:115} INFO - [2022-07-17 19:40:24,761] {dag.py:2420} INFO - Sync 1 DAGs
[2022-07-17 19:40:24,784] {logging_mixin.py:115} INFO - [2022-07-17 19:40:24,784] {dag.py:2972} INFO - Setting next_dagrun for example_dag_decorator to None, run_after=None
[2022-07-17 19:40:24,802] {processor.py:161} INFO - Processing /home/airflow/.local/lib/python3.7/site-packages/airflow/example_dags/example_dag_decorator.py took 0.149 seconds
[2022-07-17 19:40:55,591] {processor.py:153} INFO - Started process (PID=525) to work on /home/airflow/.local/lib/python3.7/site-packages/airflow/example_dags/example_dag_decorator.py
[2022-07-17 19:40:55,592] {processor.py:641} INFO - Processing file /home/airflow/.local/lib/python3.7/site-packages/airflow/example_dags/example_dag_decorator.py for tasks to queue
[2022-07-17 19:40:55,593] {logging_mixin.py:115} INFO - [2022-07-17 19:40:55,593] {dagbag.py:508} INFO - Filling up the DagBag from /home/airflow/.local/lib/python3.7/site-packages/airflow/example_dags/example_dag_decorator.py
[2022-07-17 19:40:55,623] {processor.py:651} INFO - DAG(s) dict_keys(['example_dag_decorator']) retrieved from /home/airflow/.local/lib/python3.7/site-packages/airflow/example_dags/example_dag_decorator.py
[2022-07-17 19:40:55,712] {logging_mixin.py:115} INFO - [2022-07-17 19:40:55,712] {dag.py:2420} INFO - Sync 1 DAGs
[2022-07-17 19:40:55,735] {logging_mixin.py:115} INFO - [2022-07-17 19:40:55,735] {dag.py:2972} INFO - Setting next_dagrun for example_dag_decorator to None, run_after=None
[2022-07-17 19:40:55,758] {processor.py:161} INFO - Processing /home/airflow/.local/lib/python3.7/site-packages/airflow/example_dags/example_dag_decorator.py took 0.173 seconds
[2022-07-17 19:41:25,822] {processor.py:153} INFO - Started process (PID=591) to work on /home/airflow/.local/lib/python3.7/site-packages/airflow/example_dags/example_dag_decorator.py
[2022-07-17 19:41:25,823] {processor.py:641} INFO - Processing file /home/airflow/.local/lib/python3.7/site-packages/airflow/example_dags/example_dag_decorator.py for tasks to queue
[2022-07-17 19:41:25,823] {logging_mixin.py:115} INFO - [2022-07-17 19:41:25,823] {dagbag.py:508} INFO - Filling up the DagBag from /home/airflow/.local/lib/python3.7/site-packages/airflow/example_dags/example_dag_decorator.py
[2022-07-17 19:41:25,852] {processor.py:651} INFO - DAG(s) dict_keys(['example_dag_decorator']) retrieved from /home/airflow/.local/lib/python3.7/site-packages/airflow/example_dags/example_dag_decorator.py
[2022-07-17 19:41:25,926] {logging_mixin.py:115} INFO - [2022-07-17 19:41:25,926] {dag.py:2420} INFO - Sync 1 DAGs
[2022-07-17 19:41:25,948] {logging_mixin.py:115} INFO - [2022-07-17 19:41:25,948] {dag.py:2972} INFO - Setting next_dagrun for example_dag_decorator to None, run_after=None
[2022-07-17 19:41:25,963] {processor.py:161} INFO - Processing /home/airflow/.local/lib/python3.7/site-packages/airflow/example_dags/example_dag_decorator.py took 0.147 seconds
[2022-07-17 19:41:56,038] {processor.py:153} INFO - Started process (PID=653) to work on /home/airflow/.local/lib/python3.7/site-packages/airflow/example_dags/example_dag_decorator.py
[2022-07-17 19:41:56,038] {processor.py:641} INFO - Processing file /home/airflow/.local/lib/python3.7/site-packages/airflow/example_dags/example_dag_decorator.py for tasks to queue
[2022-07-17 19:41:56,039] {logging_mixin.py:115} INFO - [2022-07-17 19:41:56,039] {dagbag.py:508} INFO - Filling up the DagBag from /home/airflow/.local/lib/python3.7/site-packages/airflow/example_dags/example_dag_decorator.py
[2022-07-17 19:41:56,067] {processor.py:651} INFO - DAG(s) dict_keys(['example_dag_decorator']) retrieved from /home/airflow/.local/lib/python3.7/site-packages/airflow/example_dags/example_dag_decorator.py
[2022-07-17 19:41:56,139] {logging_mixin.py:115} INFO - [2022-07-17 19:41:56,139] {dag.py:2420} INFO - Sync 1 DAGs
[2022-07-17 19:41:56,160] {logging_mixin.py:115} INFO - [2022-07-17 19:41:56,160] {dag.py:2972} INFO - Setting next_dagrun for example_dag_decorator to None, run_after=None
[2022-07-17 19:41:56,186] {processor.py:161} INFO - Processing /home/airflow/.local/lib/python3.7/site-packages/airflow/example_dags/example_dag_decorator.py took 0.152 seconds
[2022-07-17 19:42:26,294] {processor.py:153} INFO - Started process (PID=711) to work on /home/airflow/.local/lib/python3.7/site-packages/airflow/example_dags/example_dag_decorator.py
[2022-07-17 19:42:26,295] {processor.py:641} INFO - Processing file /home/airflow/.local/lib/python3.7/site-packages/airflow/example_dags/example_dag_decorator.py for tasks to queue
[2022-07-17 19:42:26,296] {logging_mixin.py:115} INFO - [2022-07-17 19:42:26,296] {dagbag.py:508} INFO - Filling up the DagBag from /home/airflow/.local/lib/python3.7/site-packages/airflow/example_dags/example_dag_decorator.py
[2022-07-17 19:42:26,321] {processor.py:651} INFO - DAG(s) dict_keys(['example_dag_decorator']) retrieved from /home/airflow/.local/lib/python3.7/site-packages/airflow/example_dags/example_dag_decorator.py
[2022-07-17 19:42:26,350] {logging_mixin.py:115} INFO - [2022-07-17 19:42:26,350] {dag.py:2420} INFO - Sync 1 DAGs
[2022-07-17 19:42:26,378] {logging_mixin.py:115} INFO - [2022-07-17 19:42:26,377] {dag.py:2972} INFO - Setting next_dagrun for example_dag_decorator to None, run_after=None
[2022-07-17 19:42:26,398] {processor.py:161} INFO - Processing /home/airflow/.local/lib/python3.7/site-packages/airflow/example_dags/example_dag_decorator.py took 0.107 seconds
[2022-07-17 19:42:56,822] {processor.py:153} INFO - Started process (PID=774) to work on /home/airflow/.local/lib/python3.7/site-packages/airflow/example_dags/example_dag_decorator.py
[2022-07-17 19:42:56,823] {processor.py:641} INFO - Processing file /home/airflow/.local/lib/python3.7/site-packages/airflow/example_dags/example_dag_decorator.py for tasks to queue
[2022-07-17 19:42:56,823] {logging_mixin.py:115} INFO - [2022-07-17 19:42:56,823] {dagbag.py:508} INFO - Filling up the DagBag from /home/airflow/.local/lib/python3.7/site-packages/airflow/example_dags/example_dag_decorator.py
[2022-07-17 19:42:56,849] {processor.py:651} INFO - DAG(s) dict_keys(['example_dag_decorator']) retrieved from /home/airflow/.local/lib/python3.7/site-packages/airflow/example_dags/example_dag_decorator.py
[2022-07-17 19:42:56,955] {logging_mixin.py:115} INFO - [2022-07-17 19:42:56,954] {dag.py:2420} INFO - Sync 1 DAGs
[2022-07-17 19:42:56,985] {logging_mixin.py:115} INFO - [2022-07-17 19:42:56,985] {dag.py:2972} INFO - Setting next_dagrun for example_dag_decorator to None, run_after=None
[2022-07-17 19:42:57,006] {processor.py:161} INFO - Processing /home/airflow/.local/lib/python3.7/site-packages/airflow/example_dags/example_dag_decorator.py took 0.188 seconds
[2022-07-17 19:43:27,042] {processor.py:153} INFO - Started process (PID=829) to work on /home/airflow/.local/lib/python3.7/site-packages/airflow/example_dags/example_dag_decorator.py
[2022-07-17 19:43:27,042] {processor.py:641} INFO - Processing file /home/airflow/.local/lib/python3.7/site-packages/airflow/example_dags/example_dag_decorator.py for tasks to queue
[2022-07-17 19:43:27,043] {logging_mixin.py:115} INFO - [2022-07-17 19:43:27,043] {dagbag.py:508} INFO - Filling up the DagBag from /home/airflow/.local/lib/python3.7/site-packages/airflow/example_dags/example_dag_decorator.py
[2022-07-17 19:43:27,065] {processor.py:651} INFO - DAG(s) dict_keys(['example_dag_decorator']) retrieved from /home/airflow/.local/lib/python3.7/site-packages/airflow/example_dags/example_dag_decorator.py
[2022-07-17 19:43:27,140] {logging_mixin.py:115} INFO - [2022-07-17 19:43:27,140] {dag.py:2420} INFO - Sync 1 DAGs
[2022-07-17 19:43:27,162] {logging_mixin.py:115} INFO - [2022-07-17 19:43:27,162] {dag.py:2972} INFO - Setting next_dagrun for example_dag_decorator to None, run_after=None
[2022-07-17 19:43:27,175] {processor.py:161} INFO - Processing /home/airflow/.local/lib/python3.7/site-packages/airflow/example_dags/example_dag_decorator.py took 0.135 seconds
[2022-07-17 19:43:57,615] {processor.py:153} INFO - Started process (PID=893) to work on /home/airflow/.local/lib/python3.7/site-packages/airflow/example_dags/example_dag_decorator.py
[2022-07-17 19:43:57,617] {processor.py:641} INFO - Processing file /home/airflow/.local/lib/python3.7/site-packages/airflow/example_dags/example_dag_decorator.py for tasks to queue
[2022-07-17 19:43:57,617] {logging_mixin.py:115} INFO - [2022-07-17 19:43:57,617] {dagbag.py:508} INFO - Filling up the DagBag from /home/airflow/.local/lib/python3.7/site-packages/airflow/example_dags/example_dag_decorator.py
[2022-07-17 19:43:57,645] {processor.py:651} INFO - DAG(s) dict_keys(['example_dag_decorator']) retrieved from /home/airflow/.local/lib/python3.7/site-packages/airflow/example_dags/example_dag_decorator.py
[2022-07-17 19:43:57,718] {logging_mixin.py:115} INFO - [2022-07-17 19:43:57,718] {dag.py:2420} INFO - Sync 1 DAGs
[2022-07-17 19:43:57,739] {logging_mixin.py:115} INFO - [2022-07-17 19:43:57,739] {dag.py:2972} INFO - Setting next_dagrun for example_dag_decorator to None, run_after=None
[2022-07-17 19:43:57,754] {processor.py:161} INFO - Processing /home/airflow/.local/lib/python3.7/site-packages/airflow/example_dags/example_dag_decorator.py took 0.145 seconds
[2022-07-17 19:44:28,553] {processor.py:153} INFO - Started process (PID=948) to work on /home/airflow/.local/lib/python3.7/site-packages/airflow/example_dags/example_dag_decorator.py
[2022-07-17 19:44:28,553] {processor.py:641} INFO - Processing file /home/airflow/.local/lib/python3.7/site-packages/airflow/example_dags/example_dag_decorator.py for tasks to queue
[2022-07-17 19:44:28,554] {logging_mixin.py:115} INFO - [2022-07-17 19:44:28,554] {dagbag.py:508} INFO - Filling up the DagBag from /home/airflow/.local/lib/python3.7/site-packages/airflow/example_dags/example_dag_decorator.py
[2022-07-17 19:44:28,583] {processor.py:651} INFO - DAG(s) dict_keys(['example_dag_decorator']) retrieved from /home/airflow/.local/lib/python3.7/site-packages/airflow/example_dags/example_dag_decorator.py
[2022-07-17 19:44:28,654] {logging_mixin.py:115} INFO - [2022-07-17 19:44:28,654] {dag.py:2420} INFO - Sync 1 DAGs
[2022-07-17 19:44:28,677] {logging_mixin.py:115} INFO - [2022-07-17 19:44:28,676] {dag.py:2972} INFO - Setting next_dagrun for example_dag_decorator to None, run_after=None
[2022-07-17 19:44:28,690] {processor.py:161} INFO - Processing /home/airflow/.local/lib/python3.7/site-packages/airflow/example_dags/example_dag_decorator.py took 0.144 seconds
[2022-07-17 19:44:58,817] {processor.py:153} INFO - Started process (PID=1012) to work on /home/airflow/.local/lib/python3.7/site-packages/airflow/example_dags/example_dag_decorator.py
[2022-07-17 19:44:58,818] {processor.py:641} INFO - Processing file /home/airflow/.local/lib/python3.7/site-packages/airflow/example_dags/example_dag_decorator.py for tasks to queue
[2022-07-17 19:44:58,818] {logging_mixin.py:115} INFO - [2022-07-17 19:44:58,818] {dagbag.py:508} INFO - Filling up the DagBag from /home/airflow/.local/lib/python3.7/site-packages/airflow/example_dags/example_dag_decorator.py
[2022-07-17 19:44:58,841] {processor.py:651} INFO - DAG(s) dict_keys(['example_dag_decorator']) retrieved from /home/airflow/.local/lib/python3.7/site-packages/airflow/example_dags/example_dag_decorator.py
[2022-07-17 19:44:58,913] {logging_mixin.py:115} INFO - [2022-07-17 19:44:58,913] {dag.py:2420} INFO - Sync 1 DAGs
[2022-07-17 19:44:58,933] {logging_mixin.py:115} INFO - [2022-07-17 19:44:58,933] {dag.py:2972} INFO - Setting next_dagrun for example_dag_decorator to None, run_after=None
[2022-07-17 19:44:58,947] {processor.py:161} INFO - Processing /home/airflow/.local/lib/python3.7/site-packages/airflow/example_dags/example_dag_decorator.py took 0.134 seconds
[2022-07-17 19:45:29,232] {processor.py:153} INFO - Started process (PID=1076) to work on /home/airflow/.local/lib/python3.7/site-packages/airflow/example_dags/example_dag_decorator.py
[2022-07-17 19:45:29,233] {processor.py:641} INFO - Processing file /home/airflow/.local/lib/python3.7/site-packages/airflow/example_dags/example_dag_decorator.py for tasks to queue
[2022-07-17 19:45:29,233] {logging_mixin.py:115} INFO - [2022-07-17 19:45:29,233] {dagbag.py:508} INFO - Filling up the DagBag from /home/airflow/.local/lib/python3.7/site-packages/airflow/example_dags/example_dag_decorator.py
[2022-07-17 19:45:29,257] {processor.py:651} INFO - DAG(s) dict_keys(['example_dag_decorator']) retrieved from /home/airflow/.local/lib/python3.7/site-packages/airflow/example_dags/example_dag_decorator.py
[2022-07-17 19:45:29,337] {logging_mixin.py:115} INFO - [2022-07-17 19:45:29,337] {dag.py:2420} INFO - Sync 1 DAGs
[2022-07-17 19:45:29,359] {logging_mixin.py:115} INFO - [2022-07-17 19:45:29,359] {dag.py:2972} INFO - Setting next_dagrun for example_dag_decorator to None, run_after=None
[2022-07-17 19:45:29,374] {processor.py:161} INFO - Processing /home/airflow/.local/lib/python3.7/site-packages/airflow/example_dags/example_dag_decorator.py took 0.145 seconds
[2022-07-17 19:46:00,043] {processor.py:153} INFO - Started process (PID=1130) to work on /home/airflow/.local/lib/python3.7/site-packages/airflow/example_dags/example_dag_decorator.py
[2022-07-17 19:46:00,044] {processor.py:641} INFO - Processing file /home/airflow/.local/lib/python3.7/site-packages/airflow/example_dags/example_dag_decorator.py for tasks to queue
[2022-07-17 19:46:00,044] {logging_mixin.py:115} INFO - [2022-07-17 19:46:00,044] {dagbag.py:508} INFO - Filling up the DagBag from /home/airflow/.local/lib/python3.7/site-packages/airflow/example_dags/example_dag_decorator.py
[2022-07-17 19:46:00,077] {processor.py:651} INFO - DAG(s) dict_keys(['example_dag_decorator']) retrieved from /home/airflow/.local/lib/python3.7/site-packages/airflow/example_dags/example_dag_decorator.py
[2022-07-17 19:46:00,111] {logging_mixin.py:115} INFO - [2022-07-17 19:46:00,111] {dag.py:2420} INFO - Sync 1 DAGs
[2022-07-17 19:46:00,142] {logging_mixin.py:115} INFO - [2022-07-17 19:46:00,142] {dag.py:2972} INFO - Setting next_dagrun for example_dag_decorator to None, run_after=None
[2022-07-17 19:46:00,161] {processor.py:161} INFO - Processing /home/airflow/.local/lib/python3.7/site-packages/airflow/example_dags/example_dag_decorator.py took 0.123 seconds
[2022-07-17 19:46:30,470] {processor.py:153} INFO - Started process (PID=1194) to work on /home/airflow/.local/lib/python3.7/site-packages/airflow/example_dags/example_dag_decorator.py
[2022-07-17 19:46:30,470] {processor.py:641} INFO - Processing file /home/airflow/.local/lib/python3.7/site-packages/airflow/example_dags/example_dag_decorator.py for tasks to queue
[2022-07-17 19:46:30,471] {logging_mixin.py:115} INFO - [2022-07-17 19:46:30,471] {dagbag.py:508} INFO - Filling up the DagBag from /home/airflow/.local/lib/python3.7/site-packages/airflow/example_dags/example_dag_decorator.py
[2022-07-17 19:46:30,499] {processor.py:651} INFO - DAG(s) dict_keys(['example_dag_decorator']) retrieved from /home/airflow/.local/lib/python3.7/site-packages/airflow/example_dags/example_dag_decorator.py
[2022-07-17 19:46:30,579] {logging_mixin.py:115} INFO - [2022-07-17 19:46:30,579] {dag.py:2420} INFO - Sync 1 DAGs
[2022-07-17 19:46:30,600] {logging_mixin.py:115} INFO - [2022-07-17 19:46:30,599] {dag.py:2972} INFO - Setting next_dagrun for example_dag_decorator to None, run_after=None
[2022-07-17 19:46:30,617] {processor.py:161} INFO - Processing /home/airflow/.local/lib/python3.7/site-packages/airflow/example_dags/example_dag_decorator.py took 0.153 seconds
[2022-07-17 19:47:00,717] {processor.py:153} INFO - Started process (PID=1249) to work on /home/airflow/.local/lib/python3.7/site-packages/airflow/example_dags/example_dag_decorator.py
[2022-07-17 19:47:00,718] {processor.py:641} INFO - Processing file /home/airflow/.local/lib/python3.7/site-packages/airflow/example_dags/example_dag_decorator.py for tasks to queue
[2022-07-17 19:47:00,718] {logging_mixin.py:115} INFO - [2022-07-17 19:47:00,718] {dagbag.py:508} INFO - Filling up the DagBag from /home/airflow/.local/lib/python3.7/site-packages/airflow/example_dags/example_dag_decorator.py
[2022-07-17 19:47:00,744] {processor.py:651} INFO - DAG(s) dict_keys(['example_dag_decorator']) retrieved from /home/airflow/.local/lib/python3.7/site-packages/airflow/example_dags/example_dag_decorator.py
[2022-07-17 19:47:00,821] {logging_mixin.py:115} INFO - [2022-07-17 19:47:00,821] {dag.py:2420} INFO - Sync 1 DAGs
[2022-07-17 19:47:00,852] {logging_mixin.py:115} INFO - [2022-07-17 19:47:00,852] {dag.py:2972} INFO - Setting next_dagrun for example_dag_decorator to None, run_after=None
[2022-07-17 19:47:00,871] {processor.py:161} INFO - Processing /home/airflow/.local/lib/python3.7/site-packages/airflow/example_dags/example_dag_decorator.py took 0.157 seconds
[2022-07-17 19:47:31,003] {processor.py:153} INFO - Started process (PID=1314) to work on /home/airflow/.local/lib/python3.7/site-packages/airflow/example_dags/example_dag_decorator.py
[2022-07-17 19:47:31,003] {processor.py:641} INFO - Processing file /home/airflow/.local/lib/python3.7/site-packages/airflow/example_dags/example_dag_decorator.py for tasks to queue
[2022-07-17 19:47:31,004] {logging_mixin.py:115} INFO - [2022-07-17 19:47:31,004] {dagbag.py:508} INFO - Filling up the DagBag from /home/airflow/.local/lib/python3.7/site-packages/airflow/example_dags/example_dag_decorator.py
[2022-07-17 19:47:31,034] {processor.py:651} INFO - DAG(s) dict_keys(['example_dag_decorator']) retrieved from /home/airflow/.local/lib/python3.7/site-packages/airflow/example_dags/example_dag_decorator.py
[2022-07-17 19:47:31,067] {logging_mixin.py:115} INFO - [2022-07-17 19:47:31,067] {dag.py:2420} INFO - Sync 1 DAGs
[2022-07-17 19:47:31,101] {logging_mixin.py:115} INFO - [2022-07-17 19:47:31,101] {dag.py:2972} INFO - Setting next_dagrun for example_dag_decorator to None, run_after=None
[2022-07-17 19:47:31,118] {processor.py:161} INFO - Processing /home/airflow/.local/lib/python3.7/site-packages/airflow/example_dags/example_dag_decorator.py took 0.118 seconds
[2022-07-17 19:48:01,325] {processor.py:153} INFO - Started process (PID=1370) to work on /home/airflow/.local/lib/python3.7/site-packages/airflow/example_dags/example_dag_decorator.py
[2022-07-17 19:48:01,325] {processor.py:641} INFO - Processing file /home/airflow/.local/lib/python3.7/site-packages/airflow/example_dags/example_dag_decorator.py for tasks to queue
[2022-07-17 19:48:01,326] {logging_mixin.py:115} INFO - [2022-07-17 19:48:01,326] {dagbag.py:508} INFO - Filling up the DagBag from /home/airflow/.local/lib/python3.7/site-packages/airflow/example_dags/example_dag_decorator.py
[2022-07-17 19:48:01,359] {processor.py:651} INFO - DAG(s) dict_keys(['example_dag_decorator']) retrieved from /home/airflow/.local/lib/python3.7/site-packages/airflow/example_dags/example_dag_decorator.py
[2022-07-17 19:48:01,437] {logging_mixin.py:115} INFO - [2022-07-17 19:48:01,437] {dag.py:2420} INFO - Sync 1 DAGs
[2022-07-17 19:48:01,460] {logging_mixin.py:115} INFO - [2022-07-17 19:48:01,460] {dag.py:2972} INFO - Setting next_dagrun for example_dag_decorator to None, run_after=None
[2022-07-17 19:48:01,477] {processor.py:161} INFO - Processing /home/airflow/.local/lib/python3.7/site-packages/airflow/example_dags/example_dag_decorator.py took 0.156 seconds
[2022-07-17 19:48:32,404] {processor.py:153} INFO - Started process (PID=1434) to work on /home/airflow/.local/lib/python3.7/site-packages/airflow/example_dags/example_dag_decorator.py
[2022-07-17 19:48:32,405] {processor.py:641} INFO - Processing file /home/airflow/.local/lib/python3.7/site-packages/airflow/example_dags/example_dag_decorator.py for tasks to queue
[2022-07-17 19:48:32,406] {logging_mixin.py:115} INFO - [2022-07-17 19:48:32,406] {dagbag.py:508} INFO - Filling up the DagBag from /home/airflow/.local/lib/python3.7/site-packages/airflow/example_dags/example_dag_decorator.py
[2022-07-17 19:48:32,438] {processor.py:651} INFO - DAG(s) dict_keys(['example_dag_decorator']) retrieved from /home/airflow/.local/lib/python3.7/site-packages/airflow/example_dags/example_dag_decorator.py
[2022-07-17 19:48:32,527] {logging_mixin.py:115} INFO - [2022-07-17 19:48:32,527] {dag.py:2420} INFO - Sync 1 DAGs
[2022-07-17 19:48:32,552] {logging_mixin.py:115} INFO - [2022-07-17 19:48:32,552] {dag.py:2972} INFO - Setting next_dagrun for example_dag_decorator to None, run_after=None
[2022-07-17 19:48:32,571] {processor.py:161} INFO - Processing /home/airflow/.local/lib/python3.7/site-packages/airflow/example_dags/example_dag_decorator.py took 0.174 seconds
[2022-07-17 19:49:02,676] {processor.py:153} INFO - Started process (PID=1499) to work on /home/airflow/.local/lib/python3.7/site-packages/airflow/example_dags/example_dag_decorator.py
[2022-07-17 19:49:02,677] {processor.py:641} INFO - Processing file /home/airflow/.local/lib/python3.7/site-packages/airflow/example_dags/example_dag_decorator.py for tasks to queue
[2022-07-17 19:49:02,677] {logging_mixin.py:115} INFO - [2022-07-17 19:49:02,677] {dagbag.py:508} INFO - Filling up the DagBag from /home/airflow/.local/lib/python3.7/site-packages/airflow/example_dags/example_dag_decorator.py
[2022-07-17 19:49:02,700] {processor.py:651} INFO - DAG(s) dict_keys(['example_dag_decorator']) retrieved from /home/airflow/.local/lib/python3.7/site-packages/airflow/example_dags/example_dag_decorator.py
[2022-07-17 19:49:02,724] {logging_mixin.py:115} INFO - [2022-07-17 19:49:02,724] {dag.py:2420} INFO - Sync 1 DAGs
[2022-07-17 19:49:02,752] {logging_mixin.py:115} INFO - [2022-07-17 19:49:02,752] {dag.py:2972} INFO - Setting next_dagrun for example_dag_decorator to None, run_after=None
[2022-07-17 19:49:02,769] {processor.py:161} INFO - Processing /home/airflow/.local/lib/python3.7/site-packages/airflow/example_dags/example_dag_decorator.py took 0.096 seconds
[2022-07-17 19:49:33,217] {processor.py:153} INFO - Started process (PID=1554) to work on /home/airflow/.local/lib/python3.7/site-packages/airflow/example_dags/example_dag_decorator.py
[2022-07-17 19:49:33,217] {processor.py:641} INFO - Processing file /home/airflow/.local/lib/python3.7/site-packages/airflow/example_dags/example_dag_decorator.py for tasks to queue
[2022-07-17 19:49:33,218] {logging_mixin.py:115} INFO - [2022-07-17 19:49:33,218] {dagbag.py:508} INFO - Filling up the DagBag from /home/airflow/.local/lib/python3.7/site-packages/airflow/example_dags/example_dag_decorator.py
[2022-07-17 19:49:33,250] {processor.py:651} INFO - DAG(s) dict_keys(['example_dag_decorator']) retrieved from /home/airflow/.local/lib/python3.7/site-packages/airflow/example_dags/example_dag_decorator.py
[2022-07-17 19:49:33,281] {logging_mixin.py:115} INFO - [2022-07-17 19:49:33,281] {dag.py:2420} INFO - Sync 1 DAGs
[2022-07-17 19:49:33,312] {logging_mixin.py:115} INFO - [2022-07-17 19:49:33,312] {dag.py:2972} INFO - Setting next_dagrun for example_dag_decorator to None, run_after=None
[2022-07-17 19:49:33,327] {processor.py:161} INFO - Processing /home/airflow/.local/lib/python3.7/site-packages/airflow/example_dags/example_dag_decorator.py took 0.119 seconds
[2022-07-17 19:50:03,702] {processor.py:153} INFO - Started process (PID=1618) to work on /home/airflow/.local/lib/python3.7/site-packages/airflow/example_dags/example_dag_decorator.py
[2022-07-17 19:50:03,703] {processor.py:641} INFO - Processing file /home/airflow/.local/lib/python3.7/site-packages/airflow/example_dags/example_dag_decorator.py for tasks to queue
[2022-07-17 19:50:03,704] {logging_mixin.py:115} INFO - [2022-07-17 19:50:03,704] {dagbag.py:508} INFO - Filling up the DagBag from /home/airflow/.local/lib/python3.7/site-packages/airflow/example_dags/example_dag_decorator.py
[2022-07-17 19:50:03,739] {processor.py:651} INFO - DAG(s) dict_keys(['example_dag_decorator']) retrieved from /home/airflow/.local/lib/python3.7/site-packages/airflow/example_dags/example_dag_decorator.py
[2022-07-17 19:50:03,765] {logging_mixin.py:115} INFO - [2022-07-17 19:50:03,765] {dag.py:2420} INFO - Sync 1 DAGs
[2022-07-17 19:50:03,790] {logging_mixin.py:115} INFO - [2022-07-17 19:50:03,790] {dag.py:2972} INFO - Setting next_dagrun for example_dag_decorator to None, run_after=None
[2022-07-17 19:50:03,803] {processor.py:161} INFO - Processing /home/airflow/.local/lib/python3.7/site-packages/airflow/example_dags/example_dag_decorator.py took 0.112 seconds
[2022-07-17 19:50:34,023] {processor.py:153} INFO - Started process (PID=1675) to work on /home/airflow/.local/lib/python3.7/site-packages/airflow/example_dags/example_dag_decorator.py
[2022-07-17 19:50:34,025] {processor.py:641} INFO - Processing file /home/airflow/.local/lib/python3.7/site-packages/airflow/example_dags/example_dag_decorator.py for tasks to queue
[2022-07-17 19:50:34,027] {logging_mixin.py:115} INFO - [2022-07-17 19:50:34,026] {dagbag.py:508} INFO - Filling up the DagBag from /home/airflow/.local/lib/python3.7/site-packages/airflow/example_dags/example_dag_decorator.py
[2022-07-17 19:50:34,058] {processor.py:651} INFO - DAG(s) dict_keys(['example_dag_decorator']) retrieved from /home/airflow/.local/lib/python3.7/site-packages/airflow/example_dags/example_dag_decorator.py
[2022-07-17 19:50:34,085] {logging_mixin.py:115} INFO - [2022-07-17 19:50:34,085] {dag.py:2420} INFO - Sync 1 DAGs
[2022-07-17 19:50:34,112] {logging_mixin.py:115} INFO - [2022-07-17 19:50:34,112] {dag.py:2972} INFO - Setting next_dagrun for example_dag_decorator to None, run_after=None
[2022-07-17 19:50:34,126] {processor.py:161} INFO - Processing /home/airflow/.local/lib/python3.7/site-packages/airflow/example_dags/example_dag_decorator.py took 0.114 seconds
[2022-07-17 19:51:04,476] {processor.py:153} INFO - Started process (PID=1740) to work on /home/airflow/.local/lib/python3.7/site-packages/airflow/example_dags/example_dag_decorator.py
[2022-07-17 19:51:04,477] {processor.py:641} INFO - Processing file /home/airflow/.local/lib/python3.7/site-packages/airflow/example_dags/example_dag_decorator.py for tasks to queue
[2022-07-17 19:51:04,478] {logging_mixin.py:115} INFO - [2022-07-17 19:51:04,478] {dagbag.py:508} INFO - Filling up the DagBag from /home/airflow/.local/lib/python3.7/site-packages/airflow/example_dags/example_dag_decorator.py
[2022-07-17 19:51:04,507] {processor.py:651} INFO - DAG(s) dict_keys(['example_dag_decorator']) retrieved from /home/airflow/.local/lib/python3.7/site-packages/airflow/example_dags/example_dag_decorator.py
[2022-07-17 19:51:04,534] {logging_mixin.py:115} INFO - [2022-07-17 19:51:04,534] {dag.py:2420} INFO - Sync 1 DAGs
[2022-07-17 19:51:04,558] {logging_mixin.py:115} INFO - [2022-07-17 19:51:04,558] {dag.py:2972} INFO - Setting next_dagrun for example_dag_decorator to None, run_after=None
[2022-07-17 19:51:04,571] {processor.py:161} INFO - Processing /home/airflow/.local/lib/python3.7/site-packages/airflow/example_dags/example_dag_decorator.py took 0.101 seconds
[2022-07-17 19:51:34,728] {processor.py:153} INFO - Started process (PID=1795) to work on /home/airflow/.local/lib/python3.7/site-packages/airflow/example_dags/example_dag_decorator.py
[2022-07-17 19:51:34,729] {processor.py:641} INFO - Processing file /home/airflow/.local/lib/python3.7/site-packages/airflow/example_dags/example_dag_decorator.py for tasks to queue
[2022-07-17 19:51:34,729] {logging_mixin.py:115} INFO - [2022-07-17 19:51:34,729] {dagbag.py:508} INFO - Filling up the DagBag from /home/airflow/.local/lib/python3.7/site-packages/airflow/example_dags/example_dag_decorator.py
[2022-07-17 19:51:34,760] {processor.py:651} INFO - DAG(s) dict_keys(['example_dag_decorator']) retrieved from /home/airflow/.local/lib/python3.7/site-packages/airflow/example_dags/example_dag_decorator.py
[2022-07-17 19:51:34,798] {logging_mixin.py:115} INFO - [2022-07-17 19:51:34,798] {dag.py:2420} INFO - Sync 1 DAGs
[2022-07-17 19:51:34,830] {logging_mixin.py:115} INFO - [2022-07-17 19:51:34,830] {dag.py:2972} INFO - Setting next_dagrun for example_dag_decorator to None, run_after=None
[2022-07-17 19:51:34,846] {processor.py:161} INFO - Processing /home/airflow/.local/lib/python3.7/site-packages/airflow/example_dags/example_dag_decorator.py took 0.122 seconds
[2022-07-17 19:52:04,946] {processor.py:153} INFO - Started process (PID=1859) to work on /home/airflow/.local/lib/python3.7/site-packages/airflow/example_dags/example_dag_decorator.py
[2022-07-17 19:52:04,947] {processor.py:641} INFO - Processing file /home/airflow/.local/lib/python3.7/site-packages/airflow/example_dags/example_dag_decorator.py for tasks to queue
[2022-07-17 19:52:04,948] {logging_mixin.py:115} INFO - [2022-07-17 19:52:04,948] {dagbag.py:508} INFO - Filling up the DagBag from /home/airflow/.local/lib/python3.7/site-packages/airflow/example_dags/example_dag_decorator.py
[2022-07-17 19:52:04,984] {processor.py:651} INFO - DAG(s) dict_keys(['example_dag_decorator']) retrieved from /home/airflow/.local/lib/python3.7/site-packages/airflow/example_dags/example_dag_decorator.py
[2022-07-17 19:52:05,083] {logging_mixin.py:115} INFO - [2022-07-17 19:52:05,083] {dag.py:2420} INFO - Sync 1 DAGs
[2022-07-17 19:52:05,116] {logging_mixin.py:115} INFO - [2022-07-17 19:52:05,116] {dag.py:2972} INFO - Setting next_dagrun for example_dag_decorator to None, run_after=None
[2022-07-17 19:52:05,137] {processor.py:161} INFO - Processing /home/airflow/.local/lib/python3.7/site-packages/airflow/example_dags/example_dag_decorator.py took 0.199 seconds
[2022-07-17 19:52:35,465] {processor.py:153} INFO - Started process (PID=1925) to work on /home/airflow/.local/lib/python3.7/site-packages/airflow/example_dags/example_dag_decorator.py
[2022-07-17 19:52:35,465] {processor.py:641} INFO - Processing file /home/airflow/.local/lib/python3.7/site-packages/airflow/example_dags/example_dag_decorator.py for tasks to queue
[2022-07-17 19:52:35,466] {logging_mixin.py:115} INFO - [2022-07-17 19:52:35,465] {dagbag.py:508} INFO - Filling up the DagBag from /home/airflow/.local/lib/python3.7/site-packages/airflow/example_dags/example_dag_decorator.py
[2022-07-17 19:52:35,489] {processor.py:651} INFO - DAG(s) dict_keys(['example_dag_decorator']) retrieved from /home/airflow/.local/lib/python3.7/site-packages/airflow/example_dags/example_dag_decorator.py
[2022-07-17 19:52:35,594] {logging_mixin.py:115} INFO - [2022-07-17 19:52:35,594] {dag.py:2420} INFO - Sync 1 DAGs
[2022-07-17 19:52:35,626] {logging_mixin.py:115} INFO - [2022-07-17 19:52:35,626] {dag.py:2972} INFO - Setting next_dagrun for example_dag_decorator to None, run_after=None
[2022-07-17 19:52:35,648] {processor.py:161} INFO - Processing /home/airflow/.local/lib/python3.7/site-packages/airflow/example_dags/example_dag_decorator.py took 0.186 seconds
[2022-07-17 19:53:05,764] {processor.py:153} INFO - Started process (PID=1979) to work on /home/airflow/.local/lib/python3.7/site-packages/airflow/example_dags/example_dag_decorator.py
[2022-07-17 19:53:05,764] {processor.py:641} INFO - Processing file /home/airflow/.local/lib/python3.7/site-packages/airflow/example_dags/example_dag_decorator.py for tasks to queue
[2022-07-17 19:53:05,765] {logging_mixin.py:115} INFO - [2022-07-17 19:53:05,765] {dagbag.py:508} INFO - Filling up the DagBag from /home/airflow/.local/lib/python3.7/site-packages/airflow/example_dags/example_dag_decorator.py
[2022-07-17 19:53:05,800] {processor.py:651} INFO - DAG(s) dict_keys(['example_dag_decorator']) retrieved from /home/airflow/.local/lib/python3.7/site-packages/airflow/example_dags/example_dag_decorator.py
[2022-07-17 19:53:05,838] {logging_mixin.py:115} INFO - [2022-07-17 19:53:05,837] {dag.py:2420} INFO - Sync 1 DAGs
[2022-07-17 19:53:05,863] {logging_mixin.py:115} INFO - [2022-07-17 19:53:05,863] {dag.py:2972} INFO - Setting next_dagrun for example_dag_decorator to None, run_after=None
[2022-07-17 19:53:05,877] {processor.py:161} INFO - Processing /home/airflow/.local/lib/python3.7/site-packages/airflow/example_dags/example_dag_decorator.py took 0.118 seconds
[2022-07-17 19:53:36,169] {processor.py:153} INFO - Started process (PID=2042) to work on /home/airflow/.local/lib/python3.7/site-packages/airflow/example_dags/example_dag_decorator.py
[2022-07-17 19:53:36,169] {processor.py:641} INFO - Processing file /home/airflow/.local/lib/python3.7/site-packages/airflow/example_dags/example_dag_decorator.py for tasks to queue
[2022-07-17 19:53:36,170] {logging_mixin.py:115} INFO - [2022-07-17 19:53:36,170] {dagbag.py:508} INFO - Filling up the DagBag from /home/airflow/.local/lib/python3.7/site-packages/airflow/example_dags/example_dag_decorator.py
[2022-07-17 19:53:36,198] {processor.py:651} INFO - DAG(s) dict_keys(['example_dag_decorator']) retrieved from /home/airflow/.local/lib/python3.7/site-packages/airflow/example_dags/example_dag_decorator.py
[2022-07-17 19:53:36,224] {logging_mixin.py:115} INFO - [2022-07-17 19:53:36,224] {dag.py:2420} INFO - Sync 1 DAGs
[2022-07-17 19:53:36,248] {logging_mixin.py:115} INFO - [2022-07-17 19:53:36,248] {dag.py:2972} INFO - Setting next_dagrun for example_dag_decorator to None, run_after=None
[2022-07-17 19:53:36,261] {processor.py:161} INFO - Processing /home/airflow/.local/lib/python3.7/site-packages/airflow/example_dags/example_dag_decorator.py took 0.096 seconds
[2022-07-17 19:54:06,320] {processor.py:153} INFO - Started process (PID=2098) to work on /home/airflow/.local/lib/python3.7/site-packages/airflow/example_dags/example_dag_decorator.py
[2022-07-17 19:54:06,321] {processor.py:641} INFO - Processing file /home/airflow/.local/lib/python3.7/site-packages/airflow/example_dags/example_dag_decorator.py for tasks to queue
[2022-07-17 19:54:06,321] {logging_mixin.py:115} INFO - [2022-07-17 19:54:06,321] {dagbag.py:508} INFO - Filling up the DagBag from /home/airflow/.local/lib/python3.7/site-packages/airflow/example_dags/example_dag_decorator.py
[2022-07-17 19:54:06,344] {processor.py:651} INFO - DAG(s) dict_keys(['example_dag_decorator']) retrieved from /home/airflow/.local/lib/python3.7/site-packages/airflow/example_dags/example_dag_decorator.py
[2022-07-17 19:54:06,368] {logging_mixin.py:115} INFO - [2022-07-17 19:54:06,368] {dag.py:2420} INFO - Sync 1 DAGs
[2022-07-17 19:54:06,392] {logging_mixin.py:115} INFO - [2022-07-17 19:54:06,392] {dag.py:2972} INFO - Setting next_dagrun for example_dag_decorator to None, run_after=None
[2022-07-17 19:54:06,405] {processor.py:161} INFO - Processing /home/airflow/.local/lib/python3.7/site-packages/airflow/example_dags/example_dag_decorator.py took 0.088 seconds
[2022-07-17 19:54:36,572] {processor.py:153} INFO - Started process (PID=2162) to work on /home/airflow/.local/lib/python3.7/site-packages/airflow/example_dags/example_dag_decorator.py
[2022-07-17 19:54:36,573] {processor.py:641} INFO - Processing file /home/airflow/.local/lib/python3.7/site-packages/airflow/example_dags/example_dag_decorator.py for tasks to queue
[2022-07-17 19:54:36,573] {logging_mixin.py:115} INFO - [2022-07-17 19:54:36,573] {dagbag.py:508} INFO - Filling up the DagBag from /home/airflow/.local/lib/python3.7/site-packages/airflow/example_dags/example_dag_decorator.py
[2022-07-17 19:54:36,601] {processor.py:651} INFO - DAG(s) dict_keys(['example_dag_decorator']) retrieved from /home/airflow/.local/lib/python3.7/site-packages/airflow/example_dags/example_dag_decorator.py
[2022-07-17 19:54:36,674] {logging_mixin.py:115} INFO - [2022-07-17 19:54:36,674] {dag.py:2420} INFO - Sync 1 DAGs
[2022-07-17 19:54:36,697] {logging_mixin.py:115} INFO - [2022-07-17 19:54:36,697] {dag.py:2972} INFO - Setting next_dagrun for example_dag_decorator to None, run_after=None
[2022-07-17 19:54:36,712] {processor.py:161} INFO - Processing /home/airflow/.local/lib/python3.7/site-packages/airflow/example_dags/example_dag_decorator.py took 0.146 seconds
[2022-07-17 19:55:06,796] {processor.py:153} INFO - Started process (PID=2217) to work on /home/airflow/.local/lib/python3.7/site-packages/airflow/example_dags/example_dag_decorator.py
[2022-07-17 19:55:06,797] {processor.py:641} INFO - Processing file /home/airflow/.local/lib/python3.7/site-packages/airflow/example_dags/example_dag_decorator.py for tasks to queue
[2022-07-17 19:55:06,797] {logging_mixin.py:115} INFO - [2022-07-17 19:55:06,797] {dagbag.py:508} INFO - Filling up the DagBag from /home/airflow/.local/lib/python3.7/site-packages/airflow/example_dags/example_dag_decorator.py
[2022-07-17 19:55:06,822] {processor.py:651} INFO - DAG(s) dict_keys(['example_dag_decorator']) retrieved from /home/airflow/.local/lib/python3.7/site-packages/airflow/example_dags/example_dag_decorator.py
[2022-07-17 19:55:06,914] {logging_mixin.py:115} INFO - [2022-07-17 19:55:06,914] {dag.py:2420} INFO - Sync 1 DAGs
[2022-07-17 19:55:06,939] {logging_mixin.py:115} INFO - [2022-07-17 19:55:06,939] {dag.py:2972} INFO - Setting next_dagrun for example_dag_decorator to None, run_after=None
[2022-07-17 19:55:06,957] {processor.py:161} INFO - Processing /home/airflow/.local/lib/python3.7/site-packages/airflow/example_dags/example_dag_decorator.py took 0.164 seconds
[2022-07-17 19:55:37,288] {processor.py:153} INFO - Started process (PID=2283) to work on /home/airflow/.local/lib/python3.7/site-packages/airflow/example_dags/example_dag_decorator.py
[2022-07-17 19:55:37,289] {processor.py:641} INFO - Processing file /home/airflow/.local/lib/python3.7/site-packages/airflow/example_dags/example_dag_decorator.py for tasks to queue
[2022-07-17 19:55:37,289] {logging_mixin.py:115} INFO - [2022-07-17 19:55:37,289] {dagbag.py:508} INFO - Filling up the DagBag from /home/airflow/.local/lib/python3.7/site-packages/airflow/example_dags/example_dag_decorator.py
[2022-07-17 19:55:37,318] {processor.py:651} INFO - DAG(s) dict_keys(['example_dag_decorator']) retrieved from /home/airflow/.local/lib/python3.7/site-packages/airflow/example_dags/example_dag_decorator.py
[2022-07-17 19:55:37,348] {logging_mixin.py:115} INFO - [2022-07-17 19:55:37,348] {dag.py:2420} INFO - Sync 1 DAGs
[2022-07-17 19:55:37,377] {logging_mixin.py:115} INFO - [2022-07-17 19:55:37,377] {dag.py:2972} INFO - Setting next_dagrun for example_dag_decorator to None, run_after=None
[2022-07-17 19:55:37,391] {processor.py:161} INFO - Processing /home/airflow/.local/lib/python3.7/site-packages/airflow/example_dags/example_dag_decorator.py took 0.107 seconds
[2022-07-17 19:56:07,898] {processor.py:153} INFO - Started process (PID=2349) to work on /home/airflow/.local/lib/python3.7/site-packages/airflow/example_dags/example_dag_decorator.py
[2022-07-17 19:56:07,899] {processor.py:641} INFO - Processing file /home/airflow/.local/lib/python3.7/site-packages/airflow/example_dags/example_dag_decorator.py for tasks to queue
[2022-07-17 19:56:07,899] {logging_mixin.py:115} INFO - [2022-07-17 19:56:07,899] {dagbag.py:508} INFO - Filling up the DagBag from /home/airflow/.local/lib/python3.7/site-packages/airflow/example_dags/example_dag_decorator.py
[2022-07-17 19:56:07,924] {processor.py:651} INFO - DAG(s) dict_keys(['example_dag_decorator']) retrieved from /home/airflow/.local/lib/python3.7/site-packages/airflow/example_dags/example_dag_decorator.py
[2022-07-17 19:56:07,952] {logging_mixin.py:115} INFO - [2022-07-17 19:56:07,952] {dag.py:2420} INFO - Sync 1 DAGs
[2022-07-17 19:56:07,980] {logging_mixin.py:115} INFO - [2022-07-17 19:56:07,980] {dag.py:2972} INFO - Setting next_dagrun for example_dag_decorator to None, run_after=None
[2022-07-17 19:56:07,997] {processor.py:161} INFO - Processing /home/airflow/.local/lib/python3.7/site-packages/airflow/example_dags/example_dag_decorator.py took 0.102 seconds
[2022-07-17 19:56:38,176] {processor.py:153} INFO - Started process (PID=2404) to work on /home/airflow/.local/lib/python3.7/site-packages/airflow/example_dags/example_dag_decorator.py
[2022-07-17 19:56:38,177] {processor.py:641} INFO - Processing file /home/airflow/.local/lib/python3.7/site-packages/airflow/example_dags/example_dag_decorator.py for tasks to queue
[2022-07-17 19:56:38,178] {logging_mixin.py:115} INFO - [2022-07-17 19:56:38,178] {dagbag.py:508} INFO - Filling up the DagBag from /home/airflow/.local/lib/python3.7/site-packages/airflow/example_dags/example_dag_decorator.py
[2022-07-17 19:56:38,210] {processor.py:651} INFO - DAG(s) dict_keys(['example_dag_decorator']) retrieved from /home/airflow/.local/lib/python3.7/site-packages/airflow/example_dags/example_dag_decorator.py
[2022-07-17 19:56:38,239] {logging_mixin.py:115} INFO - [2022-07-17 19:56:38,238] {dag.py:2420} INFO - Sync 1 DAGs
[2022-07-17 19:56:38,264] {logging_mixin.py:115} INFO - [2022-07-17 19:56:38,263] {dag.py:2972} INFO - Setting next_dagrun for example_dag_decorator to None, run_after=None
[2022-07-17 19:56:38,279] {processor.py:161} INFO - Processing /home/airflow/.local/lib/python3.7/site-packages/airflow/example_dags/example_dag_decorator.py took 0.110 seconds
[2022-07-17 19:57:08,368] {processor.py:153} INFO - Started process (PID=2468) to work on /home/airflow/.local/lib/python3.7/site-packages/airflow/example_dags/example_dag_decorator.py
[2022-07-17 19:57:08,369] {processor.py:641} INFO - Processing file /home/airflow/.local/lib/python3.7/site-packages/airflow/example_dags/example_dag_decorator.py for tasks to queue
[2022-07-17 19:57:08,370] {logging_mixin.py:115} INFO - [2022-07-17 19:57:08,370] {dagbag.py:508} INFO - Filling up the DagBag from /home/airflow/.local/lib/python3.7/site-packages/airflow/example_dags/example_dag_decorator.py
[2022-07-17 19:57:08,400] {processor.py:651} INFO - DAG(s) dict_keys(['example_dag_decorator']) retrieved from /home/airflow/.local/lib/python3.7/site-packages/airflow/example_dags/example_dag_decorator.py
[2022-07-17 19:57:08,487] {logging_mixin.py:115} INFO - [2022-07-17 19:57:08,487] {dag.py:2420} INFO - Sync 1 DAGs
[2022-07-17 19:57:08,518] {logging_mixin.py:115} INFO - [2022-07-17 19:57:08,518] {dag.py:2972} INFO - Setting next_dagrun for example_dag_decorator to None, run_after=None
[2022-07-17 19:57:08,536] {processor.py:161} INFO - Processing /home/airflow/.local/lib/python3.7/site-packages/airflow/example_dags/example_dag_decorator.py took 0.172 seconds
[2022-07-17 19:57:38,638] {processor.py:153} INFO - Started process (PID=2524) to work on /home/airflow/.local/lib/python3.7/site-packages/airflow/example_dags/example_dag_decorator.py
[2022-07-17 19:57:38,639] {processor.py:641} INFO - Processing file /home/airflow/.local/lib/python3.7/site-packages/airflow/example_dags/example_dag_decorator.py for tasks to queue
[2022-07-17 19:57:38,639] {logging_mixin.py:115} INFO - [2022-07-17 19:57:38,639] {dagbag.py:508} INFO - Filling up the DagBag from /home/airflow/.local/lib/python3.7/site-packages/airflow/example_dags/example_dag_decorator.py
[2022-07-17 19:57:38,667] {processor.py:651} INFO - DAG(s) dict_keys(['example_dag_decorator']) retrieved from /home/airflow/.local/lib/python3.7/site-packages/airflow/example_dags/example_dag_decorator.py
[2022-07-17 19:57:38,742] {logging_mixin.py:115} INFO - [2022-07-17 19:57:38,742] {dag.py:2420} INFO - Sync 1 DAGs
[2022-07-17 19:57:38,763] {logging_mixin.py:115} INFO - [2022-07-17 19:57:38,763] {dag.py:2972} INFO - Setting next_dagrun for example_dag_decorator to None, run_after=None
[2022-07-17 19:57:38,779] {processor.py:161} INFO - Processing /home/airflow/.local/lib/python3.7/site-packages/airflow/example_dags/example_dag_decorator.py took 0.144 seconds
[2022-07-17 19:58:08,821] {processor.py:153} INFO - Started process (PID=2588) to work on /home/airflow/.local/lib/python3.7/site-packages/airflow/example_dags/example_dag_decorator.py
[2022-07-17 19:58:08,822] {processor.py:641} INFO - Processing file /home/airflow/.local/lib/python3.7/site-packages/airflow/example_dags/example_dag_decorator.py for tasks to queue
[2022-07-17 19:58:08,822] {logging_mixin.py:115} INFO - [2022-07-17 19:58:08,822] {dagbag.py:508} INFO - Filling up the DagBag from /home/airflow/.local/lib/python3.7/site-packages/airflow/example_dags/example_dag_decorator.py
[2022-07-17 19:58:08,845] {processor.py:651} INFO - DAG(s) dict_keys(['example_dag_decorator']) retrieved from /home/airflow/.local/lib/python3.7/site-packages/airflow/example_dags/example_dag_decorator.py
[2022-07-17 19:58:08,918] {logging_mixin.py:115} INFO - [2022-07-17 19:58:08,918] {dag.py:2420} INFO - Sync 1 DAGs
[2022-07-17 19:58:08,941] {logging_mixin.py:115} INFO - [2022-07-17 19:58:08,941] {dag.py:2972} INFO - Setting next_dagrun for example_dag_decorator to None, run_after=None
[2022-07-17 19:58:08,957] {processor.py:161} INFO - Processing /home/airflow/.local/lib/python3.7/site-packages/airflow/example_dags/example_dag_decorator.py took 0.139 seconds
[2022-07-17 19:58:39,022] {processor.py:153} INFO - Started process (PID=2642) to work on /home/airflow/.local/lib/python3.7/site-packages/airflow/example_dags/example_dag_decorator.py
[2022-07-17 19:58:39,023] {processor.py:641} INFO - Processing file /home/airflow/.local/lib/python3.7/site-packages/airflow/example_dags/example_dag_decorator.py for tasks to queue
[2022-07-17 19:58:39,024] {logging_mixin.py:115} INFO - [2022-07-17 19:58:39,024] {dagbag.py:508} INFO - Filling up the DagBag from /home/airflow/.local/lib/python3.7/site-packages/airflow/example_dags/example_dag_decorator.py
[2022-07-17 19:58:39,056] {processor.py:651} INFO - DAG(s) dict_keys(['example_dag_decorator']) retrieved from /home/airflow/.local/lib/python3.7/site-packages/airflow/example_dags/example_dag_decorator.py
[2022-07-17 19:58:39,130] {logging_mixin.py:115} INFO - [2022-07-17 19:58:39,130] {dag.py:2420} INFO - Sync 1 DAGs
[2022-07-17 19:58:39,153] {logging_mixin.py:115} INFO - [2022-07-17 19:58:39,152] {dag.py:2972} INFO - Setting next_dagrun for example_dag_decorator to None, run_after=None
[2022-07-17 19:58:39,168] {processor.py:161} INFO - Processing /home/airflow/.local/lib/python3.7/site-packages/airflow/example_dags/example_dag_decorator.py took 0.155 seconds
[2022-07-17 19:59:09,469] {processor.py:153} INFO - Started process (PID=2706) to work on /home/airflow/.local/lib/python3.7/site-packages/airflow/example_dags/example_dag_decorator.py
[2022-07-17 19:59:09,470] {processor.py:641} INFO - Processing file /home/airflow/.local/lib/python3.7/site-packages/airflow/example_dags/example_dag_decorator.py for tasks to queue
[2022-07-17 19:59:09,470] {logging_mixin.py:115} INFO - [2022-07-17 19:59:09,470] {dagbag.py:508} INFO - Filling up the DagBag from /home/airflow/.local/lib/python3.7/site-packages/airflow/example_dags/example_dag_decorator.py
[2022-07-17 19:59:09,493] {processor.py:651} INFO - DAG(s) dict_keys(['example_dag_decorator']) retrieved from /home/airflow/.local/lib/python3.7/site-packages/airflow/example_dags/example_dag_decorator.py
[2022-07-17 19:59:09,525] {logging_mixin.py:115} INFO - [2022-07-17 19:59:09,524] {dag.py:2420} INFO - Sync 1 DAGs
[2022-07-17 19:59:09,561] {logging_mixin.py:115} INFO - [2022-07-17 19:59:09,561] {dag.py:2972} INFO - Setting next_dagrun for example_dag_decorator to None, run_after=None
[2022-07-17 19:59:09,577] {processor.py:161} INFO - Processing /home/airflow/.local/lib/python3.7/site-packages/airflow/example_dags/example_dag_decorator.py took 0.111 seconds
[2022-07-17 19:59:39,689] {processor.py:153} INFO - Started process (PID=2771) to work on /home/airflow/.local/lib/python3.7/site-packages/airflow/example_dags/example_dag_decorator.py
[2022-07-17 19:59:39,690] {processor.py:641} INFO - Processing file /home/airflow/.local/lib/python3.7/site-packages/airflow/example_dags/example_dag_decorator.py for tasks to queue
[2022-07-17 19:59:39,690] {logging_mixin.py:115} INFO - [2022-07-17 19:59:39,690] {dagbag.py:508} INFO - Filling up the DagBag from /home/airflow/.local/lib/python3.7/site-packages/airflow/example_dags/example_dag_decorator.py
[2022-07-17 19:59:39,713] {processor.py:651} INFO - DAG(s) dict_keys(['example_dag_decorator']) retrieved from /home/airflow/.local/lib/python3.7/site-packages/airflow/example_dags/example_dag_decorator.py
[2022-07-17 19:59:39,784] {logging_mixin.py:115} INFO - [2022-07-17 19:59:39,784] {dag.py:2420} INFO - Sync 1 DAGs
[2022-07-17 19:59:39,806] {logging_mixin.py:115} INFO - [2022-07-17 19:59:39,806] {dag.py:2972} INFO - Setting next_dagrun for example_dag_decorator to None, run_after=None
[2022-07-17 19:59:39,821] {processor.py:161} INFO - Processing /home/airflow/.local/lib/python3.7/site-packages/airflow/example_dags/example_dag_decorator.py took 0.135 seconds
[2022-07-17 20:00:09,864] {processor.py:153} INFO - Started process (PID=2826) to work on /home/airflow/.local/lib/python3.7/site-packages/airflow/example_dags/example_dag_decorator.py
[2022-07-17 20:00:09,865] {processor.py:641} INFO - Processing file /home/airflow/.local/lib/python3.7/site-packages/airflow/example_dags/example_dag_decorator.py for tasks to queue
[2022-07-17 20:00:09,865] {logging_mixin.py:115} INFO - [2022-07-17 20:00:09,865] {dagbag.py:508} INFO - Filling up the DagBag from /home/airflow/.local/lib/python3.7/site-packages/airflow/example_dags/example_dag_decorator.py
[2022-07-17 20:00:09,888] {processor.py:651} INFO - DAG(s) dict_keys(['example_dag_decorator']) retrieved from /home/airflow/.local/lib/python3.7/site-packages/airflow/example_dags/example_dag_decorator.py
[2022-07-17 20:00:09,958] {logging_mixin.py:115} INFO - [2022-07-17 20:00:09,958] {dag.py:2420} INFO - Sync 1 DAGs
[2022-07-17 20:00:09,978] {logging_mixin.py:115} INFO - [2022-07-17 20:00:09,978] {dag.py:2972} INFO - Setting next_dagrun for example_dag_decorator to None, run_after=None
[2022-07-17 20:00:09,993] {processor.py:161} INFO - Processing /home/airflow/.local/lib/python3.7/site-packages/airflow/example_dags/example_dag_decorator.py took 0.132 seconds
[2022-07-17 20:00:40,048] {processor.py:153} INFO - Started process (PID=2890) to work on /home/airflow/.local/lib/python3.7/site-packages/airflow/example_dags/example_dag_decorator.py
[2022-07-17 20:00:40,049] {processor.py:641} INFO - Processing file /home/airflow/.local/lib/python3.7/site-packages/airflow/example_dags/example_dag_decorator.py for tasks to queue
[2022-07-17 20:00:40,050] {logging_mixin.py:115} INFO - [2022-07-17 20:00:40,050] {dagbag.py:508} INFO - Filling up the DagBag from /home/airflow/.local/lib/python3.7/site-packages/airflow/example_dags/example_dag_decorator.py
[2022-07-17 20:00:40,078] {processor.py:651} INFO - DAG(s) dict_keys(['example_dag_decorator']) retrieved from /home/airflow/.local/lib/python3.7/site-packages/airflow/example_dags/example_dag_decorator.py
[2022-07-17 20:00:40,153] {logging_mixin.py:115} INFO - [2022-07-17 20:00:40,153] {dag.py:2420} INFO - Sync 1 DAGs
[2022-07-17 20:00:40,175] {logging_mixin.py:115} INFO - [2022-07-17 20:00:40,175] {dag.py:2972} INFO - Setting next_dagrun for example_dag_decorator to None, run_after=None
[2022-07-17 20:00:40,192] {processor.py:161} INFO - Processing /home/airflow/.local/lib/python3.7/site-packages/airflow/example_dags/example_dag_decorator.py took 0.147 seconds
[2022-07-17 20:01:10,424] {processor.py:153} INFO - Started process (PID=2945) to work on /home/airflow/.local/lib/python3.7/site-packages/airflow/example_dags/example_dag_decorator.py
[2022-07-17 20:01:10,425] {processor.py:641} INFO - Processing file /home/airflow/.local/lib/python3.7/site-packages/airflow/example_dags/example_dag_decorator.py for tasks to queue
[2022-07-17 20:01:10,425] {logging_mixin.py:115} INFO - [2022-07-17 20:01:10,425] {dagbag.py:508} INFO - Filling up the DagBag from /home/airflow/.local/lib/python3.7/site-packages/airflow/example_dags/example_dag_decorator.py
[2022-07-17 20:01:10,457] {processor.py:651} INFO - DAG(s) dict_keys(['example_dag_decorator']) retrieved from /home/airflow/.local/lib/python3.7/site-packages/airflow/example_dags/example_dag_decorator.py
[2022-07-17 20:01:10,482] {logging_mixin.py:115} INFO - [2022-07-17 20:01:10,482] {dag.py:2420} INFO - Sync 1 DAGs
[2022-07-17 20:01:10,506] {logging_mixin.py:115} INFO - [2022-07-17 20:01:10,506] {dag.py:2972} INFO - Setting next_dagrun for example_dag_decorator to None, run_after=None
[2022-07-17 20:01:10,520] {processor.py:161} INFO - Processing /home/airflow/.local/lib/python3.7/site-packages/airflow/example_dags/example_dag_decorator.py took 0.102 seconds
[2022-07-17 20:01:40,912] {processor.py:153} INFO - Started process (PID=3009) to work on /home/airflow/.local/lib/python3.7/site-packages/airflow/example_dags/example_dag_decorator.py
[2022-07-17 20:01:40,913] {processor.py:641} INFO - Processing file /home/airflow/.local/lib/python3.7/site-packages/airflow/example_dags/example_dag_decorator.py for tasks to queue
[2022-07-17 20:01:40,914] {logging_mixin.py:115} INFO - [2022-07-17 20:01:40,914] {dagbag.py:508} INFO - Filling up the DagBag from /home/airflow/.local/lib/python3.7/site-packages/airflow/example_dags/example_dag_decorator.py
[2022-07-17 20:01:40,948] {processor.py:651} INFO - DAG(s) dict_keys(['example_dag_decorator']) retrieved from /home/airflow/.local/lib/python3.7/site-packages/airflow/example_dags/example_dag_decorator.py
[2022-07-17 20:01:41,028] {logging_mixin.py:115} INFO - [2022-07-17 20:01:41,028] {dag.py:2420} INFO - Sync 1 DAGs
[2022-07-17 20:01:41,049] {logging_mixin.py:115} INFO - [2022-07-17 20:01:41,049] {dag.py:2972} INFO - Setting next_dagrun for example_dag_decorator to None, run_after=None
[2022-07-17 20:01:41,063] {processor.py:161} INFO - Processing /home/airflow/.local/lib/python3.7/site-packages/airflow/example_dags/example_dag_decorator.py took 0.157 seconds
[2022-07-17 20:02:11,152] {processor.py:153} INFO - Started process (PID=3064) to work on /home/airflow/.local/lib/python3.7/site-packages/airflow/example_dags/example_dag_decorator.py
[2022-07-17 20:02:11,153] {processor.py:641} INFO - Processing file /home/airflow/.local/lib/python3.7/site-packages/airflow/example_dags/example_dag_decorator.py for tasks to queue
[2022-07-17 20:02:11,155] {logging_mixin.py:115} INFO - [2022-07-17 20:02:11,155] {dagbag.py:508} INFO - Filling up the DagBag from /home/airflow/.local/lib/python3.7/site-packages/airflow/example_dags/example_dag_decorator.py
[2022-07-17 20:02:11,237] {processor.py:651} INFO - DAG(s) dict_keys(['example_dag_decorator']) retrieved from /home/airflow/.local/lib/python3.7/site-packages/airflow/example_dags/example_dag_decorator.py
[2022-07-17 20:02:11,360] {logging_mixin.py:115} INFO - [2022-07-17 20:02:11,360] {dag.py:2420} INFO - Sync 1 DAGs
[2022-07-17 20:02:11,393] {logging_mixin.py:115} INFO - [2022-07-17 20:02:11,393] {dag.py:2972} INFO - Setting next_dagrun for example_dag_decorator to None, run_after=None
[2022-07-17 20:02:11,412] {processor.py:161} INFO - Processing /home/airflow/.local/lib/python3.7/site-packages/airflow/example_dags/example_dag_decorator.py took 0.271 seconds
[2022-07-17 20:02:41,947] {processor.py:153} INFO - Started process (PID=3131) to work on /home/airflow/.local/lib/python3.7/site-packages/airflow/example_dags/example_dag_decorator.py
[2022-07-17 20:02:41,948] {processor.py:641} INFO - Processing file /home/airflow/.local/lib/python3.7/site-packages/airflow/example_dags/example_dag_decorator.py for tasks to queue
[2022-07-17 20:02:41,949] {logging_mixin.py:115} INFO - [2022-07-17 20:02:41,949] {dagbag.py:508} INFO - Filling up the DagBag from /home/airflow/.local/lib/python3.7/site-packages/airflow/example_dags/example_dag_decorator.py
[2022-07-17 20:02:41,986] {processor.py:651} INFO - DAG(s) dict_keys(['example_dag_decorator']) retrieved from /home/airflow/.local/lib/python3.7/site-packages/airflow/example_dags/example_dag_decorator.py
[2022-07-17 20:02:42,026] {logging_mixin.py:115} INFO - [2022-07-17 20:02:42,026] {dag.py:2420} INFO - Sync 1 DAGs
[2022-07-17 20:02:42,064] {logging_mixin.py:115} INFO - [2022-07-17 20:02:42,064] {dag.py:2972} INFO - Setting next_dagrun for example_dag_decorator to None, run_after=None
[2022-07-17 20:02:42,082] {processor.py:161} INFO - Processing /home/airflow/.local/lib/python3.7/site-packages/airflow/example_dags/example_dag_decorator.py took 0.140 seconds
[2022-07-17 20:03:12,405] {processor.py:153} INFO - Started process (PID=3195) to work on /home/airflow/.local/lib/python3.7/site-packages/airflow/example_dags/example_dag_decorator.py
[2022-07-17 20:03:12,405] {processor.py:641} INFO - Processing file /home/airflow/.local/lib/python3.7/site-packages/airflow/example_dags/example_dag_decorator.py for tasks to queue
[2022-07-17 20:03:12,406] {logging_mixin.py:115} INFO - [2022-07-17 20:03:12,406] {dagbag.py:508} INFO - Filling up the DagBag from /home/airflow/.local/lib/python3.7/site-packages/airflow/example_dags/example_dag_decorator.py
[2022-07-17 20:03:12,447] {processor.py:651} INFO - DAG(s) dict_keys(['example_dag_decorator']) retrieved from /home/airflow/.local/lib/python3.7/site-packages/airflow/example_dags/example_dag_decorator.py
[2022-07-17 20:03:12,487] {logging_mixin.py:115} INFO - [2022-07-17 20:03:12,486] {dag.py:2420} INFO - Sync 1 DAGs
[2022-07-17 20:03:12,530] {logging_mixin.py:115} INFO - [2022-07-17 20:03:12,530] {dag.py:2972} INFO - Setting next_dagrun for example_dag_decorator to None, run_after=None
[2022-07-17 20:03:12,547] {processor.py:161} INFO - Processing /home/airflow/.local/lib/python3.7/site-packages/airflow/example_dags/example_dag_decorator.py took 0.147 seconds
[2022-07-17 20:03:42,966] {processor.py:153} INFO - Started process (PID=3250) to work on /home/airflow/.local/lib/python3.7/site-packages/airflow/example_dags/example_dag_decorator.py
[2022-07-17 20:03:42,967] {processor.py:641} INFO - Processing file /home/airflow/.local/lib/python3.7/site-packages/airflow/example_dags/example_dag_decorator.py for tasks to queue
[2022-07-17 20:03:42,969] {logging_mixin.py:115} INFO - [2022-07-17 20:03:42,968] {dagbag.py:508} INFO - Filling up the DagBag from /home/airflow/.local/lib/python3.7/site-packages/airflow/example_dags/example_dag_decorator.py
[2022-07-17 20:03:43,002] {processor.py:651} INFO - DAG(s) dict_keys(['example_dag_decorator']) retrieved from /home/airflow/.local/lib/python3.7/site-packages/airflow/example_dags/example_dag_decorator.py
[2022-07-17 20:03:43,083] {logging_mixin.py:115} INFO - [2022-07-17 20:03:43,083] {dag.py:2420} INFO - Sync 1 DAGs
[2022-07-17 20:03:43,105] {logging_mixin.py:115} INFO - [2022-07-17 20:03:43,105] {dag.py:2972} INFO - Setting next_dagrun for example_dag_decorator to None, run_after=None
[2022-07-17 20:03:43,120] {processor.py:161} INFO - Processing /home/airflow/.local/lib/python3.7/site-packages/airflow/example_dags/example_dag_decorator.py took 0.165 seconds
