[2022-07-17 19:36:54,792] {processor.py:153} INFO - Started process (PID=70) to work on /home/airflow/.local/lib/python3.7/site-packages/airflow/example_dags/example_latest_only_with_trigger.py
[2022-07-17 19:36:54,792] {processor.py:641} INFO - Processing file /home/airflow/.local/lib/python3.7/site-packages/airflow/example_dags/example_latest_only_with_trigger.py for tasks to queue
[2022-07-17 19:36:54,793] {logging_mixin.py:115} INFO - [2022-07-17 19:36:54,793] {dagbag.py:508} INFO - Filling up the DagBag from /home/airflow/.local/lib/python3.7/site-packages/airflow/example_dags/example_latest_only_with_trigger.py
[2022-07-17 19:36:54,801] {processor.py:651} INFO - DAG(s) dict_keys(['latest_only_with_trigger']) retrieved from /home/airflow/.local/lib/python3.7/site-packages/airflow/example_dags/example_latest_only_with_trigger.py
[2022-07-17 19:36:54,928] {logging_mixin.py:115} INFO - [2022-07-17 19:36:54,928] {manager.py:508} INFO - Created Permission View: can delete on DAG:latest_only_with_trigger
[2022-07-17 19:36:54,944] {logging_mixin.py:115} INFO - [2022-07-17 19:36:54,944] {manager.py:508} INFO - Created Permission View: can read on DAG:latest_only_with_trigger
[2022-07-17 19:36:54,957] {logging_mixin.py:115} INFO - [2022-07-17 19:36:54,957] {manager.py:508} INFO - Created Permission View: can edit on DAG:latest_only_with_trigger
[2022-07-17 19:36:54,957] {logging_mixin.py:115} INFO - [2022-07-17 19:36:54,957] {dag.py:2420} INFO - Sync 1 DAGs
[2022-07-17 19:36:54,971] {logging_mixin.py:115} INFO - [2022-07-17 19:36:54,970] {dag.py:2439} INFO - Creating ORM DAG for latest_only_with_trigger
[2022-07-17 19:36:54,990] {logging_mixin.py:115} INFO - [2022-07-17 19:36:54,990] {dag.py:2972} INFO - Setting next_dagrun for latest_only_with_trigger to 2022-07-17T15:36:54.990385+00:00, run_after=2022-07-17T19:36:54.990385+00:00
[2022-07-17 19:36:55,012] {processor.py:161} INFO - Processing /home/airflow/.local/lib/python3.7/site-packages/airflow/example_dags/example_latest_only_with_trigger.py took 0.224 seconds
[2022-07-17 19:37:25,593] {processor.py:153} INFO - Started process (PID=135) to work on /home/airflow/.local/lib/python3.7/site-packages/airflow/example_dags/example_latest_only_with_trigger.py
[2022-07-17 19:37:25,594] {processor.py:641} INFO - Processing file /home/airflow/.local/lib/python3.7/site-packages/airflow/example_dags/example_latest_only_with_trigger.py for tasks to queue
[2022-07-17 19:37:25,594] {logging_mixin.py:115} INFO - [2022-07-17 19:37:25,594] {dagbag.py:508} INFO - Filling up the DagBag from /home/airflow/.local/lib/python3.7/site-packages/airflow/example_dags/example_latest_only_with_trigger.py
[2022-07-17 19:37:25,600] {processor.py:651} INFO - DAG(s) dict_keys(['latest_only_with_trigger']) retrieved from /home/airflow/.local/lib/python3.7/site-packages/airflow/example_dags/example_latest_only_with_trigger.py
[2022-07-17 19:37:25,625] {logging_mixin.py:115} INFO - [2022-07-17 19:37:25,625] {dag.py:2420} INFO - Sync 1 DAGs
[2022-07-17 19:37:25,654] {logging_mixin.py:115} INFO - [2022-07-17 19:37:25,654] {dag.py:2972} INFO - Setting next_dagrun for latest_only_with_trigger to 2022-07-17T15:37:25.654351+00:00, run_after=2022-07-17T19:37:25.654351+00:00
[2022-07-17 19:37:25,675] {processor.py:161} INFO - Processing /home/airflow/.local/lib/python3.7/site-packages/airflow/example_dags/example_latest_only_with_trigger.py took 0.085 seconds
[2022-07-17 19:37:56,825] {processor.py:153} INFO - Started process (PID=190) to work on /home/airflow/.local/lib/python3.7/site-packages/airflow/example_dags/example_latest_only_with_trigger.py
[2022-07-17 19:37:56,826] {processor.py:641} INFO - Processing file /home/airflow/.local/lib/python3.7/site-packages/airflow/example_dags/example_latest_only_with_trigger.py for tasks to queue
[2022-07-17 19:37:56,826] {logging_mixin.py:115} INFO - [2022-07-17 19:37:56,826] {dagbag.py:508} INFO - Filling up the DagBag from /home/airflow/.local/lib/python3.7/site-packages/airflow/example_dags/example_latest_only_with_trigger.py
[2022-07-17 19:37:56,832] {processor.py:651} INFO - DAG(s) dict_keys(['latest_only_with_trigger']) retrieved from /home/airflow/.local/lib/python3.7/site-packages/airflow/example_dags/example_latest_only_with_trigger.py
[2022-07-17 19:37:56,859] {logging_mixin.py:115} INFO - [2022-07-17 19:37:56,859] {dag.py:2420} INFO - Sync 1 DAGs
[2022-07-17 19:37:56,885] {logging_mixin.py:115} INFO - [2022-07-17 19:37:56,884] {dag.py:2972} INFO - Setting next_dagrun for latest_only_with_trigger to 2022-07-17T15:37:56.884752+00:00, run_after=2022-07-17T19:37:56.884752+00:00
[2022-07-17 19:37:56,897] {processor.py:161} INFO - Processing /home/airflow/.local/lib/python3.7/site-packages/airflow/example_dags/example_latest_only_with_trigger.py took 0.075 seconds
[2022-07-17 19:38:27,045] {processor.py:153} INFO - Started process (PID=253) to work on /home/airflow/.local/lib/python3.7/site-packages/airflow/example_dags/example_latest_only_with_trigger.py
[2022-07-17 19:38:27,045] {processor.py:641} INFO - Processing file /home/airflow/.local/lib/python3.7/site-packages/airflow/example_dags/example_latest_only_with_trigger.py for tasks to queue
[2022-07-17 19:38:27,046] {logging_mixin.py:115} INFO - [2022-07-17 19:38:27,046] {dagbag.py:508} INFO - Filling up the DagBag from /home/airflow/.local/lib/python3.7/site-packages/airflow/example_dags/example_latest_only_with_trigger.py
[2022-07-17 19:38:27,053] {processor.py:651} INFO - DAG(s) dict_keys(['latest_only_with_trigger']) retrieved from /home/airflow/.local/lib/python3.7/site-packages/airflow/example_dags/example_latest_only_with_trigger.py
[2022-07-17 19:38:27,079] {logging_mixin.py:115} INFO - [2022-07-17 19:38:27,079] {dag.py:2420} INFO - Sync 1 DAGs
[2022-07-17 19:38:27,101] {logging_mixin.py:115} INFO - [2022-07-17 19:38:27,101] {dag.py:2972} INFO - Setting next_dagrun for latest_only_with_trigger to 2022-07-17T15:38:27.101592+00:00, run_after=2022-07-17T19:38:27.101592+00:00
[2022-07-17 19:38:27,115] {processor.py:161} INFO - Processing /home/airflow/.local/lib/python3.7/site-packages/airflow/example_dags/example_latest_only_with_trigger.py took 0.074 seconds
[2022-07-17 19:38:57,634] {processor.py:153} INFO - Started process (PID=306) to work on /home/airflow/.local/lib/python3.7/site-packages/airflow/example_dags/example_latest_only_with_trigger.py
[2022-07-17 19:38:57,635] {processor.py:641} INFO - Processing file /home/airflow/.local/lib/python3.7/site-packages/airflow/example_dags/example_latest_only_with_trigger.py for tasks to queue
[2022-07-17 19:38:57,635] {logging_mixin.py:115} INFO - [2022-07-17 19:38:57,635] {dagbag.py:508} INFO - Filling up the DagBag from /home/airflow/.local/lib/python3.7/site-packages/airflow/example_dags/example_latest_only_with_trigger.py
[2022-07-17 19:38:57,642] {processor.py:651} INFO - DAG(s) dict_keys(['latest_only_with_trigger']) retrieved from /home/airflow/.local/lib/python3.7/site-packages/airflow/example_dags/example_latest_only_with_trigger.py
[2022-07-17 19:38:57,677] {logging_mixin.py:115} INFO - [2022-07-17 19:38:57,677] {dag.py:2420} INFO - Sync 1 DAGs
[2022-07-17 19:38:57,703] {logging_mixin.py:115} INFO - [2022-07-17 19:38:57,703] {dag.py:2972} INFO - Setting next_dagrun for latest_only_with_trigger to 2022-07-17T15:38:57.703414+00:00, run_after=2022-07-17T19:38:57.703414+00:00
[2022-07-17 19:38:57,716] {processor.py:161} INFO - Processing /home/airflow/.local/lib/python3.7/site-packages/airflow/example_dags/example_latest_only_with_trigger.py took 0.085 seconds
[2022-07-17 19:39:27,931] {processor.py:153} INFO - Started process (PID=370) to work on /home/airflow/.local/lib/python3.7/site-packages/airflow/example_dags/example_latest_only_with_trigger.py
[2022-07-17 19:39:27,932] {processor.py:641} INFO - Processing file /home/airflow/.local/lib/python3.7/site-packages/airflow/example_dags/example_latest_only_with_trigger.py for tasks to queue
[2022-07-17 19:39:27,932] {logging_mixin.py:115} INFO - [2022-07-17 19:39:27,932] {dagbag.py:508} INFO - Filling up the DagBag from /home/airflow/.local/lib/python3.7/site-packages/airflow/example_dags/example_latest_only_with_trigger.py
[2022-07-17 19:39:27,938] {processor.py:651} INFO - DAG(s) dict_keys(['latest_only_with_trigger']) retrieved from /home/airflow/.local/lib/python3.7/site-packages/airflow/example_dags/example_latest_only_with_trigger.py
[2022-07-17 19:39:27,969] {logging_mixin.py:115} INFO - [2022-07-17 19:39:27,969] {dag.py:2420} INFO - Sync 1 DAGs
[2022-07-17 19:39:27,995] {logging_mixin.py:115} INFO - [2022-07-17 19:39:27,995] {dag.py:2972} INFO - Setting next_dagrun for latest_only_with_trigger to 2022-07-17T15:39:27.995616+00:00, run_after=2022-07-17T19:39:27.995616+00:00
[2022-07-17 19:39:28,010] {processor.py:161} INFO - Processing /home/airflow/.local/lib/python3.7/site-packages/airflow/example_dags/example_latest_only_with_trigger.py took 0.082 seconds
[2022-07-17 19:39:58,472] {processor.py:153} INFO - Started process (PID=433) to work on /home/airflow/.local/lib/python3.7/site-packages/airflow/example_dags/example_latest_only_with_trigger.py
[2022-07-17 19:39:58,473] {processor.py:641} INFO - Processing file /home/airflow/.local/lib/python3.7/site-packages/airflow/example_dags/example_latest_only_with_trigger.py for tasks to queue
[2022-07-17 19:39:58,473] {logging_mixin.py:115} INFO - [2022-07-17 19:39:58,473] {dagbag.py:508} INFO - Filling up the DagBag from /home/airflow/.local/lib/python3.7/site-packages/airflow/example_dags/example_latest_only_with_trigger.py
[2022-07-17 19:39:58,480] {processor.py:651} INFO - DAG(s) dict_keys(['latest_only_with_trigger']) retrieved from /home/airflow/.local/lib/python3.7/site-packages/airflow/example_dags/example_latest_only_with_trigger.py
[2022-07-17 19:39:58,506] {logging_mixin.py:115} INFO - [2022-07-17 19:39:58,506] {dag.py:2420} INFO - Sync 1 DAGs
[2022-07-17 19:39:58,532] {logging_mixin.py:115} INFO - [2022-07-17 19:39:58,532] {dag.py:2972} INFO - Setting next_dagrun for latest_only_with_trigger to 2022-07-17T15:39:58.531984+00:00, run_after=2022-07-17T19:39:58.531984+00:00
[2022-07-17 19:39:58,550] {processor.py:161} INFO - Processing /home/airflow/.local/lib/python3.7/site-packages/airflow/example_dags/example_latest_only_with_trigger.py took 0.081 seconds
[2022-07-17 19:40:28,750] {processor.py:153} INFO - Started process (PID=490) to work on /home/airflow/.local/lib/python3.7/site-packages/airflow/example_dags/example_latest_only_with_trigger.py
[2022-07-17 19:40:28,751] {processor.py:641} INFO - Processing file /home/airflow/.local/lib/python3.7/site-packages/airflow/example_dags/example_latest_only_with_trigger.py for tasks to queue
[2022-07-17 19:40:28,751] {logging_mixin.py:115} INFO - [2022-07-17 19:40:28,751] {dagbag.py:508} INFO - Filling up the DagBag from /home/airflow/.local/lib/python3.7/site-packages/airflow/example_dags/example_latest_only_with_trigger.py
[2022-07-17 19:40:28,757] {processor.py:651} INFO - DAG(s) dict_keys(['latest_only_with_trigger']) retrieved from /home/airflow/.local/lib/python3.7/site-packages/airflow/example_dags/example_latest_only_with_trigger.py
[2022-07-17 19:40:28,785] {logging_mixin.py:115} INFO - [2022-07-17 19:40:28,785] {dag.py:2420} INFO - Sync 1 DAGs
[2022-07-17 19:40:28,811] {logging_mixin.py:115} INFO - [2022-07-17 19:40:28,810] {dag.py:2972} INFO - Setting next_dagrun for latest_only_with_trigger to 2022-07-17T15:40:28.810757+00:00, run_after=2022-07-17T19:40:28.810757+00:00
[2022-07-17 19:40:28,824] {processor.py:161} INFO - Processing /home/airflow/.local/lib/python3.7/site-packages/airflow/example_dags/example_latest_only_with_trigger.py took 0.077 seconds
[2022-07-17 19:40:59,977] {processor.py:153} INFO - Started process (PID=554) to work on /home/airflow/.local/lib/python3.7/site-packages/airflow/example_dags/example_latest_only_with_trigger.py
[2022-07-17 19:40:59,978] {processor.py:641} INFO - Processing file /home/airflow/.local/lib/python3.7/site-packages/airflow/example_dags/example_latest_only_with_trigger.py for tasks to queue
[2022-07-17 19:40:59,978] {logging_mixin.py:115} INFO - [2022-07-17 19:40:59,978] {dagbag.py:508} INFO - Filling up the DagBag from /home/airflow/.local/lib/python3.7/site-packages/airflow/example_dags/example_latest_only_with_trigger.py
[2022-07-17 19:40:59,986] {processor.py:651} INFO - DAG(s) dict_keys(['latest_only_with_trigger']) retrieved from /home/airflow/.local/lib/python3.7/site-packages/airflow/example_dags/example_latest_only_with_trigger.py
[2022-07-17 19:41:00,017] {logging_mixin.py:115} INFO - [2022-07-17 19:41:00,017] {dag.py:2420} INFO - Sync 1 DAGs
[2022-07-17 19:41:00,046] {logging_mixin.py:115} INFO - [2022-07-17 19:41:00,046] {dag.py:2972} INFO - Setting next_dagrun for latest_only_with_trigger to 2022-07-17T15:41:00.046272+00:00, run_after=2022-07-17T19:41:00.046272+00:00
[2022-07-17 19:41:00,064] {processor.py:161} INFO - Processing /home/airflow/.local/lib/python3.7/site-packages/airflow/example_dags/example_latest_only_with_trigger.py took 0.090 seconds
[2022-07-17 19:41:31,026] {processor.py:153} INFO - Started process (PID=611) to work on /home/airflow/.local/lib/python3.7/site-packages/airflow/example_dags/example_latest_only_with_trigger.py
[2022-07-17 19:41:31,026] {processor.py:641} INFO - Processing file /home/airflow/.local/lib/python3.7/site-packages/airflow/example_dags/example_latest_only_with_trigger.py for tasks to queue
[2022-07-17 19:41:31,027] {logging_mixin.py:115} INFO - [2022-07-17 19:41:31,027] {dagbag.py:508} INFO - Filling up the DagBag from /home/airflow/.local/lib/python3.7/site-packages/airflow/example_dags/example_latest_only_with_trigger.py
[2022-07-17 19:41:31,033] {processor.py:651} INFO - DAG(s) dict_keys(['latest_only_with_trigger']) retrieved from /home/airflow/.local/lib/python3.7/site-packages/airflow/example_dags/example_latest_only_with_trigger.py
[2022-07-17 19:41:31,067] {logging_mixin.py:115} INFO - [2022-07-17 19:41:31,067] {dag.py:2420} INFO - Sync 1 DAGs
[2022-07-17 19:41:31,100] {logging_mixin.py:115} INFO - [2022-07-17 19:41:31,100] {dag.py:2972} INFO - Setting next_dagrun for latest_only_with_trigger to 2022-07-17T15:41:31.100401+00:00, run_after=2022-07-17T19:41:31.100401+00:00
[2022-07-17 19:41:31,118] {processor.py:161} INFO - Processing /home/airflow/.local/lib/python3.7/site-packages/airflow/example_dags/example_latest_only_with_trigger.py took 0.096 seconds
[2022-07-17 19:42:01,160] {processor.py:153} INFO - Started process (PID=675) to work on /home/airflow/.local/lib/python3.7/site-packages/airflow/example_dags/example_latest_only_with_trigger.py
[2022-07-17 19:42:01,160] {processor.py:641} INFO - Processing file /home/airflow/.local/lib/python3.7/site-packages/airflow/example_dags/example_latest_only_with_trigger.py for tasks to queue
[2022-07-17 19:42:01,161] {logging_mixin.py:115} INFO - [2022-07-17 19:42:01,161] {dagbag.py:508} INFO - Filling up the DagBag from /home/airflow/.local/lib/python3.7/site-packages/airflow/example_dags/example_latest_only_with_trigger.py
[2022-07-17 19:42:01,166] {processor.py:651} INFO - DAG(s) dict_keys(['latest_only_with_trigger']) retrieved from /home/airflow/.local/lib/python3.7/site-packages/airflow/example_dags/example_latest_only_with_trigger.py
[2022-07-17 19:42:01,193] {logging_mixin.py:115} INFO - [2022-07-17 19:42:01,193] {dag.py:2420} INFO - Sync 1 DAGs
[2022-07-17 19:42:01,217] {logging_mixin.py:115} INFO - [2022-07-17 19:42:01,217] {dag.py:2972} INFO - Setting next_dagrun for latest_only_with_trigger to 2022-07-17T15:42:01.216968+00:00, run_after=2022-07-17T19:42:01.216968+00:00
[2022-07-17 19:42:01,230] {processor.py:161} INFO - Processing /home/airflow/.local/lib/python3.7/site-packages/airflow/example_dags/example_latest_only_with_trigger.py took 0.074 seconds
[2022-07-17 19:42:31,529] {processor.py:153} INFO - Started process (PID=738) to work on /home/airflow/.local/lib/python3.7/site-packages/airflow/example_dags/example_latest_only_with_trigger.py
[2022-07-17 19:42:31,530] {processor.py:641} INFO - Processing file /home/airflow/.local/lib/python3.7/site-packages/airflow/example_dags/example_latest_only_with_trigger.py for tasks to queue
[2022-07-17 19:42:31,531] {logging_mixin.py:115} INFO - [2022-07-17 19:42:31,530] {dagbag.py:508} INFO - Filling up the DagBag from /home/airflow/.local/lib/python3.7/site-packages/airflow/example_dags/example_latest_only_with_trigger.py
[2022-07-17 19:42:31,541] {processor.py:651} INFO - DAG(s) dict_keys(['latest_only_with_trigger']) retrieved from /home/airflow/.local/lib/python3.7/site-packages/airflow/example_dags/example_latest_only_with_trigger.py
[2022-07-17 19:42:31,579] {logging_mixin.py:115} INFO - [2022-07-17 19:42:31,578] {dag.py:2420} INFO - Sync 1 DAGs
[2022-07-17 19:42:31,616] {logging_mixin.py:115} INFO - [2022-07-17 19:42:31,616] {dag.py:2972} INFO - Setting next_dagrun for latest_only_with_trigger to 2022-07-17T15:42:31.615973+00:00, run_after=2022-07-17T19:42:31.615973+00:00
[2022-07-17 19:42:31,638] {processor.py:161} INFO - Processing /home/airflow/.local/lib/python3.7/site-packages/airflow/example_dags/example_latest_only_with_trigger.py took 0.113 seconds
[2022-07-17 19:43:01,951] {processor.py:153} INFO - Started process (PID=794) to work on /home/airflow/.local/lib/python3.7/site-packages/airflow/example_dags/example_latest_only_with_trigger.py
[2022-07-17 19:43:01,951] {processor.py:641} INFO - Processing file /home/airflow/.local/lib/python3.7/site-packages/airflow/example_dags/example_latest_only_with_trigger.py for tasks to queue
[2022-07-17 19:43:01,952] {logging_mixin.py:115} INFO - [2022-07-17 19:43:01,952] {dagbag.py:508} INFO - Filling up the DagBag from /home/airflow/.local/lib/python3.7/site-packages/airflow/example_dags/example_latest_only_with_trigger.py
[2022-07-17 19:43:01,958] {processor.py:651} INFO - DAG(s) dict_keys(['latest_only_with_trigger']) retrieved from /home/airflow/.local/lib/python3.7/site-packages/airflow/example_dags/example_latest_only_with_trigger.py
[2022-07-17 19:43:01,985] {logging_mixin.py:115} INFO - [2022-07-17 19:43:01,985] {dag.py:2420} INFO - Sync 1 DAGs
[2022-07-17 19:43:02,010] {logging_mixin.py:115} INFO - [2022-07-17 19:43:02,010] {dag.py:2972} INFO - Setting next_dagrun for latest_only_with_trigger to 2022-07-17T15:43:02.010338+00:00, run_after=2022-07-17T19:43:02.010338+00:00
[2022-07-17 19:43:02,025] {processor.py:161} INFO - Processing /home/airflow/.local/lib/python3.7/site-packages/airflow/example_dags/example_latest_only_with_trigger.py took 0.078 seconds
[2022-07-17 19:43:32,359] {processor.py:153} INFO - Started process (PID=858) to work on /home/airflow/.local/lib/python3.7/site-packages/airflow/example_dags/example_latest_only_with_trigger.py
[2022-07-17 19:43:32,359] {processor.py:641} INFO - Processing file /home/airflow/.local/lib/python3.7/site-packages/airflow/example_dags/example_latest_only_with_trigger.py for tasks to queue
[2022-07-17 19:43:32,360] {logging_mixin.py:115} INFO - [2022-07-17 19:43:32,360] {dagbag.py:508} INFO - Filling up the DagBag from /home/airflow/.local/lib/python3.7/site-packages/airflow/example_dags/example_latest_only_with_trigger.py
[2022-07-17 19:43:32,366] {processor.py:651} INFO - DAG(s) dict_keys(['latest_only_with_trigger']) retrieved from /home/airflow/.local/lib/python3.7/site-packages/airflow/example_dags/example_latest_only_with_trigger.py
[2022-07-17 19:43:32,400] {logging_mixin.py:115} INFO - [2022-07-17 19:43:32,400] {dag.py:2420} INFO - Sync 1 DAGs
[2022-07-17 19:43:32,437] {logging_mixin.py:115} INFO - [2022-07-17 19:43:32,437] {dag.py:2972} INFO - Setting next_dagrun for latest_only_with_trigger to 2022-07-17T15:43:32.436684+00:00, run_after=2022-07-17T19:43:32.436684+00:00
[2022-07-17 19:43:32,458] {processor.py:161} INFO - Processing /home/airflow/.local/lib/python3.7/site-packages/airflow/example_dags/example_latest_only_with_trigger.py took 0.102 seconds
[2022-07-17 19:44:02,786] {processor.py:153} INFO - Started process (PID=913) to work on /home/airflow/.local/lib/python3.7/site-packages/airflow/example_dags/example_latest_only_with_trigger.py
[2022-07-17 19:44:02,787] {processor.py:641} INFO - Processing file /home/airflow/.local/lib/python3.7/site-packages/airflow/example_dags/example_latest_only_with_trigger.py for tasks to queue
[2022-07-17 19:44:02,787] {logging_mixin.py:115} INFO - [2022-07-17 19:44:02,787] {dagbag.py:508} INFO - Filling up the DagBag from /home/airflow/.local/lib/python3.7/site-packages/airflow/example_dags/example_latest_only_with_trigger.py
[2022-07-17 19:44:02,793] {processor.py:651} INFO - DAG(s) dict_keys(['latest_only_with_trigger']) retrieved from /home/airflow/.local/lib/python3.7/site-packages/airflow/example_dags/example_latest_only_with_trigger.py
[2022-07-17 19:44:02,822] {logging_mixin.py:115} INFO - [2022-07-17 19:44:02,822] {dag.py:2420} INFO - Sync 1 DAGs
[2022-07-17 19:44:02,850] {logging_mixin.py:115} INFO - [2022-07-17 19:44:02,850] {dag.py:2972} INFO - Setting next_dagrun for latest_only_with_trigger to 2022-07-17T15:44:02.849948+00:00, run_after=2022-07-17T19:44:02.849948+00:00
[2022-07-17 19:44:02,864] {processor.py:161} INFO - Processing /home/airflow/.local/lib/python3.7/site-packages/airflow/example_dags/example_latest_only_with_trigger.py took 0.081 seconds
[2022-07-17 19:44:33,643] {processor.py:153} INFO - Started process (PID=977) to work on /home/airflow/.local/lib/python3.7/site-packages/airflow/example_dags/example_latest_only_with_trigger.py
[2022-07-17 19:44:33,643] {processor.py:641} INFO - Processing file /home/airflow/.local/lib/python3.7/site-packages/airflow/example_dags/example_latest_only_with_trigger.py for tasks to queue
[2022-07-17 19:44:33,644] {logging_mixin.py:115} INFO - [2022-07-17 19:44:33,644] {dagbag.py:508} INFO - Filling up the DagBag from /home/airflow/.local/lib/python3.7/site-packages/airflow/example_dags/example_latest_only_with_trigger.py
[2022-07-17 19:44:33,649] {processor.py:651} INFO - DAG(s) dict_keys(['latest_only_with_trigger']) retrieved from /home/airflow/.local/lib/python3.7/site-packages/airflow/example_dags/example_latest_only_with_trigger.py
[2022-07-17 19:44:33,676] {logging_mixin.py:115} INFO - [2022-07-17 19:44:33,676] {dag.py:2420} INFO - Sync 1 DAGs
[2022-07-17 19:44:33,700] {logging_mixin.py:115} INFO - [2022-07-17 19:44:33,700] {dag.py:2972} INFO - Setting next_dagrun for latest_only_with_trigger to 2022-07-17T15:44:33.699787+00:00, run_after=2022-07-17T19:44:33.699787+00:00
[2022-07-17 19:44:33,713] {processor.py:161} INFO - Processing /home/airflow/.local/lib/python3.7/site-packages/airflow/example_dags/example_latest_only_with_trigger.py took 0.074 seconds
[2022-07-17 19:45:03,926] {processor.py:153} INFO - Started process (PID=1032) to work on /home/airflow/.local/lib/python3.7/site-packages/airflow/example_dags/example_latest_only_with_trigger.py
[2022-07-17 19:45:03,927] {processor.py:641} INFO - Processing file /home/airflow/.local/lib/python3.7/site-packages/airflow/example_dags/example_latest_only_with_trigger.py for tasks to queue
[2022-07-17 19:45:03,927] {logging_mixin.py:115} INFO - [2022-07-17 19:45:03,927] {dagbag.py:508} INFO - Filling up the DagBag from /home/airflow/.local/lib/python3.7/site-packages/airflow/example_dags/example_latest_only_with_trigger.py
[2022-07-17 19:45:03,933] {processor.py:651} INFO - DAG(s) dict_keys(['latest_only_with_trigger']) retrieved from /home/airflow/.local/lib/python3.7/site-packages/airflow/example_dags/example_latest_only_with_trigger.py
[2022-07-17 19:45:03,959] {logging_mixin.py:115} INFO - [2022-07-17 19:45:03,959] {dag.py:2420} INFO - Sync 1 DAGs
[2022-07-17 19:45:03,984] {logging_mixin.py:115} INFO - [2022-07-17 19:45:03,984] {dag.py:2972} INFO - Setting next_dagrun for latest_only_with_trigger to 2022-07-17T15:45:03.984181+00:00, run_after=2022-07-17T19:45:03.984181+00:00
[2022-07-17 19:45:04,001] {processor.py:161} INFO - Processing /home/airflow/.local/lib/python3.7/site-packages/airflow/example_dags/example_latest_only_with_trigger.py took 0.078 seconds
[2022-07-17 19:45:34,978] {processor.py:153} INFO - Started process (PID=1096) to work on /home/airflow/.local/lib/python3.7/site-packages/airflow/example_dags/example_latest_only_with_trigger.py
[2022-07-17 19:45:34,979] {processor.py:641} INFO - Processing file /home/airflow/.local/lib/python3.7/site-packages/airflow/example_dags/example_latest_only_with_trigger.py for tasks to queue
[2022-07-17 19:45:34,980] {logging_mixin.py:115} INFO - [2022-07-17 19:45:34,980] {dagbag.py:508} INFO - Filling up the DagBag from /home/airflow/.local/lib/python3.7/site-packages/airflow/example_dags/example_latest_only_with_trigger.py
[2022-07-17 19:45:34,988] {processor.py:651} INFO - DAG(s) dict_keys(['latest_only_with_trigger']) retrieved from /home/airflow/.local/lib/python3.7/site-packages/airflow/example_dags/example_latest_only_with_trigger.py
[2022-07-17 19:45:35,025] {logging_mixin.py:115} INFO - [2022-07-17 19:45:35,025] {dag.py:2420} INFO - Sync 1 DAGs
[2022-07-17 19:45:35,051] {logging_mixin.py:115} INFO - [2022-07-17 19:45:35,051] {dag.py:2972} INFO - Setting next_dagrun for latest_only_with_trigger to 2022-07-17T15:45:35.050902+00:00, run_after=2022-07-17T19:45:35.050902+00:00
[2022-07-17 19:45:35,067] {processor.py:161} INFO - Processing /home/airflow/.local/lib/python3.7/site-packages/airflow/example_dags/example_latest_only_with_trigger.py took 0.093 seconds
[2022-07-17 19:46:05,429] {processor.py:153} INFO - Started process (PID=1159) to work on /home/airflow/.local/lib/python3.7/site-packages/airflow/example_dags/example_latest_only_with_trigger.py
[2022-07-17 19:46:05,430] {processor.py:641} INFO - Processing file /home/airflow/.local/lib/python3.7/site-packages/airflow/example_dags/example_latest_only_with_trigger.py for tasks to queue
[2022-07-17 19:46:05,431] {logging_mixin.py:115} INFO - [2022-07-17 19:46:05,430] {dagbag.py:508} INFO - Filling up the DagBag from /home/airflow/.local/lib/python3.7/site-packages/airflow/example_dags/example_latest_only_with_trigger.py
[2022-07-17 19:46:05,444] {processor.py:651} INFO - DAG(s) dict_keys(['latest_only_with_trigger']) retrieved from /home/airflow/.local/lib/python3.7/site-packages/airflow/example_dags/example_latest_only_with_trigger.py
[2022-07-17 19:46:05,479] {logging_mixin.py:115} INFO - [2022-07-17 19:46:05,479] {dag.py:2420} INFO - Sync 1 DAGs
[2022-07-17 19:46:05,513] {logging_mixin.py:115} INFO - [2022-07-17 19:46:05,513] {dag.py:2972} INFO - Setting next_dagrun for latest_only_with_trigger to 2022-07-17T15:46:05.512916+00:00, run_after=2022-07-17T19:46:05.512916+00:00
[2022-07-17 19:46:05,532] {processor.py:161} INFO - Processing /home/airflow/.local/lib/python3.7/site-packages/airflow/example_dags/example_latest_only_with_trigger.py took 0.111 seconds
[2022-07-17 19:46:35,641] {processor.py:153} INFO - Started process (PID=1214) to work on /home/airflow/.local/lib/python3.7/site-packages/airflow/example_dags/example_latest_only_with_trigger.py
[2022-07-17 19:46:35,642] {processor.py:641} INFO - Processing file /home/airflow/.local/lib/python3.7/site-packages/airflow/example_dags/example_latest_only_with_trigger.py for tasks to queue
[2022-07-17 19:46:35,642] {logging_mixin.py:115} INFO - [2022-07-17 19:46:35,642] {dagbag.py:508} INFO - Filling up the DagBag from /home/airflow/.local/lib/python3.7/site-packages/airflow/example_dags/example_latest_only_with_trigger.py
[2022-07-17 19:46:35,649] {processor.py:651} INFO - DAG(s) dict_keys(['latest_only_with_trigger']) retrieved from /home/airflow/.local/lib/python3.7/site-packages/airflow/example_dags/example_latest_only_with_trigger.py
[2022-07-17 19:46:35,680] {logging_mixin.py:115} INFO - [2022-07-17 19:46:35,679] {dag.py:2420} INFO - Sync 1 DAGs
[2022-07-17 19:46:35,708] {logging_mixin.py:115} INFO - [2022-07-17 19:46:35,708] {dag.py:2972} INFO - Setting next_dagrun for latest_only_with_trigger to 2022-07-17T15:46:35.708088+00:00, run_after=2022-07-17T19:46:35.708088+00:00
[2022-07-17 19:46:35,723] {processor.py:161} INFO - Processing /home/airflow/.local/lib/python3.7/site-packages/airflow/example_dags/example_latest_only_with_trigger.py took 0.085 seconds
[2022-07-17 19:47:05,855] {processor.py:153} INFO - Started process (PID=1279) to work on /home/airflow/.local/lib/python3.7/site-packages/airflow/example_dags/example_latest_only_with_trigger.py
[2022-07-17 19:47:05,855] {processor.py:641} INFO - Processing file /home/airflow/.local/lib/python3.7/site-packages/airflow/example_dags/example_latest_only_with_trigger.py for tasks to queue
[2022-07-17 19:47:05,856] {logging_mixin.py:115} INFO - [2022-07-17 19:47:05,856] {dagbag.py:508} INFO - Filling up the DagBag from /home/airflow/.local/lib/python3.7/site-packages/airflow/example_dags/example_latest_only_with_trigger.py
[2022-07-17 19:47:05,861] {processor.py:651} INFO - DAG(s) dict_keys(['latest_only_with_trigger']) retrieved from /home/airflow/.local/lib/python3.7/site-packages/airflow/example_dags/example_latest_only_with_trigger.py
[2022-07-17 19:47:05,887] {logging_mixin.py:115} INFO - [2022-07-17 19:47:05,887] {dag.py:2420} INFO - Sync 1 DAGs
[2022-07-17 19:47:05,911] {logging_mixin.py:115} INFO - [2022-07-17 19:47:05,911] {dag.py:2972} INFO - Setting next_dagrun for latest_only_with_trigger to 2022-07-17T15:47:05.910935+00:00, run_after=2022-07-17T19:47:05.910935+00:00
[2022-07-17 19:47:05,926] {processor.py:161} INFO - Processing /home/airflow/.local/lib/python3.7/site-packages/airflow/example_dags/example_latest_only_with_trigger.py took 0.074 seconds
[2022-07-17 19:47:36,131] {processor.py:153} INFO - Started process (PID=1334) to work on /home/airflow/.local/lib/python3.7/site-packages/airflow/example_dags/example_latest_only_with_trigger.py
[2022-07-17 19:47:36,131] {processor.py:641} INFO - Processing file /home/airflow/.local/lib/python3.7/site-packages/airflow/example_dags/example_latest_only_with_trigger.py for tasks to queue
[2022-07-17 19:47:36,132] {logging_mixin.py:115} INFO - [2022-07-17 19:47:36,132] {dagbag.py:508} INFO - Filling up the DagBag from /home/airflow/.local/lib/python3.7/site-packages/airflow/example_dags/example_latest_only_with_trigger.py
[2022-07-17 19:47:36,138] {processor.py:651} INFO - DAG(s) dict_keys(['latest_only_with_trigger']) retrieved from /home/airflow/.local/lib/python3.7/site-packages/airflow/example_dags/example_latest_only_with_trigger.py
[2022-07-17 19:47:36,167] {logging_mixin.py:115} INFO - [2022-07-17 19:47:36,166] {dag.py:2420} INFO - Sync 1 DAGs
[2022-07-17 19:47:36,191] {logging_mixin.py:115} INFO - [2022-07-17 19:47:36,191] {dag.py:2972} INFO - Setting next_dagrun for latest_only_with_trigger to 2022-07-17T15:47:36.191164+00:00, run_after=2022-07-17T19:47:36.191164+00:00
[2022-07-17 19:47:36,204] {processor.py:161} INFO - Processing /home/airflow/.local/lib/python3.7/site-packages/airflow/example_dags/example_latest_only_with_trigger.py took 0.077 seconds
[2022-07-17 19:48:06,510] {processor.py:153} INFO - Started process (PID=1401) to work on /home/airflow/.local/lib/python3.7/site-packages/airflow/example_dags/example_latest_only_with_trigger.py
[2022-07-17 19:48:06,510] {processor.py:641} INFO - Processing file /home/airflow/.local/lib/python3.7/site-packages/airflow/example_dags/example_latest_only_with_trigger.py for tasks to queue
[2022-07-17 19:48:06,511] {logging_mixin.py:115} INFO - [2022-07-17 19:48:06,511] {dagbag.py:508} INFO - Filling up the DagBag from /home/airflow/.local/lib/python3.7/site-packages/airflow/example_dags/example_latest_only_with_trigger.py
[2022-07-17 19:48:06,517] {processor.py:651} INFO - DAG(s) dict_keys(['latest_only_with_trigger']) retrieved from /home/airflow/.local/lib/python3.7/site-packages/airflow/example_dags/example_latest_only_with_trigger.py
[2022-07-17 19:48:06,548] {logging_mixin.py:115} INFO - [2022-07-17 19:48:06,548] {dag.py:2420} INFO - Sync 1 DAGs
[2022-07-17 19:48:06,578] {logging_mixin.py:115} INFO - [2022-07-17 19:48:06,578] {dag.py:2972} INFO - Setting next_dagrun for latest_only_with_trigger to 2022-07-17T15:48:06.578525+00:00, run_after=2022-07-17T19:48:06.578525+00:00
[2022-07-17 19:48:06,594] {processor.py:161} INFO - Processing /home/airflow/.local/lib/python3.7/site-packages/airflow/example_dags/example_latest_only_with_trigger.py took 0.087 seconds
[2022-07-17 19:48:36,854] {processor.py:153} INFO - Started process (PID=1456) to work on /home/airflow/.local/lib/python3.7/site-packages/airflow/example_dags/example_latest_only_with_trigger.py
[2022-07-17 19:48:36,855] {processor.py:641} INFO - Processing file /home/airflow/.local/lib/python3.7/site-packages/airflow/example_dags/example_latest_only_with_trigger.py for tasks to queue
[2022-07-17 19:48:36,855] {logging_mixin.py:115} INFO - [2022-07-17 19:48:36,855] {dagbag.py:508} INFO - Filling up the DagBag from /home/airflow/.local/lib/python3.7/site-packages/airflow/example_dags/example_latest_only_with_trigger.py
[2022-07-17 19:48:36,862] {processor.py:651} INFO - DAG(s) dict_keys(['latest_only_with_trigger']) retrieved from /home/airflow/.local/lib/python3.7/site-packages/airflow/example_dags/example_latest_only_with_trigger.py
[2022-07-17 19:48:36,891] {logging_mixin.py:115} INFO - [2022-07-17 19:48:36,891] {dag.py:2420} INFO - Sync 1 DAGs
[2022-07-17 19:48:36,915] {logging_mixin.py:115} INFO - [2022-07-17 19:48:36,915] {dag.py:2972} INFO - Setting next_dagrun for latest_only_with_trigger to 2022-07-17T15:48:36.914958+00:00, run_after=2022-07-17T19:48:36.914958+00:00
[2022-07-17 19:48:36,928] {processor.py:161} INFO - Processing /home/airflow/.local/lib/python3.7/site-packages/airflow/example_dags/example_latest_only_with_trigger.py took 0.077 seconds
[2022-07-17 19:49:07,345] {processor.py:153} INFO - Started process (PID=1521) to work on /home/airflow/.local/lib/python3.7/site-packages/airflow/example_dags/example_latest_only_with_trigger.py
[2022-07-17 19:49:07,346] {processor.py:641} INFO - Processing file /home/airflow/.local/lib/python3.7/site-packages/airflow/example_dags/example_latest_only_with_trigger.py for tasks to queue
[2022-07-17 19:49:07,346] {logging_mixin.py:115} INFO - [2022-07-17 19:49:07,346] {dagbag.py:508} INFO - Filling up the DagBag from /home/airflow/.local/lib/python3.7/site-packages/airflow/example_dags/example_latest_only_with_trigger.py
[2022-07-17 19:49:07,352] {processor.py:651} INFO - DAG(s) dict_keys(['latest_only_with_trigger']) retrieved from /home/airflow/.local/lib/python3.7/site-packages/airflow/example_dags/example_latest_only_with_trigger.py
[2022-07-17 19:49:07,379] {logging_mixin.py:115} INFO - [2022-07-17 19:49:07,379] {dag.py:2420} INFO - Sync 1 DAGs
[2022-07-17 19:49:07,402] {logging_mixin.py:115} INFO - [2022-07-17 19:49:07,402] {dag.py:2972} INFO - Setting next_dagrun for latest_only_with_trigger to 2022-07-17T15:49:07.402074+00:00, run_after=2022-07-17T19:49:07.402074+00:00
[2022-07-17 19:49:07,415] {processor.py:161} INFO - Processing /home/airflow/.local/lib/python3.7/site-packages/airflow/example_dags/example_latest_only_with_trigger.py took 0.073 seconds
[2022-07-17 19:49:37,798] {processor.py:153} INFO - Started process (PID=1585) to work on /home/airflow/.local/lib/python3.7/site-packages/airflow/example_dags/example_latest_only_with_trigger.py
[2022-07-17 19:49:37,799] {processor.py:641} INFO - Processing file /home/airflow/.local/lib/python3.7/site-packages/airflow/example_dags/example_latest_only_with_trigger.py for tasks to queue
[2022-07-17 19:49:37,800] {logging_mixin.py:115} INFO - [2022-07-17 19:49:37,799] {dagbag.py:508} INFO - Filling up the DagBag from /home/airflow/.local/lib/python3.7/site-packages/airflow/example_dags/example_latest_only_with_trigger.py
[2022-07-17 19:49:37,806] {processor.py:651} INFO - DAG(s) dict_keys(['latest_only_with_trigger']) retrieved from /home/airflow/.local/lib/python3.7/site-packages/airflow/example_dags/example_latest_only_with_trigger.py
[2022-07-17 19:49:37,834] {logging_mixin.py:115} INFO - [2022-07-17 19:49:37,834] {dag.py:2420} INFO - Sync 1 DAGs
[2022-07-17 19:49:37,861] {logging_mixin.py:115} INFO - [2022-07-17 19:49:37,861] {dag.py:2972} INFO - Setting next_dagrun for latest_only_with_trigger to 2022-07-17T15:49:37.860750+00:00, run_after=2022-07-17T19:49:37.860750+00:00
[2022-07-17 19:49:37,877] {processor.py:161} INFO - Processing /home/airflow/.local/lib/python3.7/site-packages/airflow/example_dags/example_latest_only_with_trigger.py took 0.082 seconds
[2022-07-17 19:50:08,115] {processor.py:153} INFO - Started process (PID=1640) to work on /home/airflow/.local/lib/python3.7/site-packages/airflow/example_dags/example_latest_only_with_trigger.py
[2022-07-17 19:50:08,116] {processor.py:641} INFO - Processing file /home/airflow/.local/lib/python3.7/site-packages/airflow/example_dags/example_latest_only_with_trigger.py for tasks to queue
[2022-07-17 19:50:08,117] {logging_mixin.py:115} INFO - [2022-07-17 19:50:08,116] {dagbag.py:508} INFO - Filling up the DagBag from /home/airflow/.local/lib/python3.7/site-packages/airflow/example_dags/example_latest_only_with_trigger.py
[2022-07-17 19:50:08,122] {processor.py:651} INFO - DAG(s) dict_keys(['latest_only_with_trigger']) retrieved from /home/airflow/.local/lib/python3.7/site-packages/airflow/example_dags/example_latest_only_with_trigger.py
[2022-07-17 19:50:08,150] {logging_mixin.py:115} INFO - [2022-07-17 19:50:08,150] {dag.py:2420} INFO - Sync 1 DAGs
[2022-07-17 19:50:08,173] {logging_mixin.py:115} INFO - [2022-07-17 19:50:08,173] {dag.py:2972} INFO - Setting next_dagrun for latest_only_with_trigger to 2022-07-17T15:50:08.173449+00:00, run_after=2022-07-17T19:50:08.173449+00:00
[2022-07-17 19:50:08,187] {processor.py:161} INFO - Processing /home/airflow/.local/lib/python3.7/site-packages/airflow/example_dags/example_latest_only_with_trigger.py took 0.075 seconds
[2022-07-17 19:50:38,399] {processor.py:153} INFO - Started process (PID=1705) to work on /home/airflow/.local/lib/python3.7/site-packages/airflow/example_dags/example_latest_only_with_trigger.py
[2022-07-17 19:50:38,399] {processor.py:641} INFO - Processing file /home/airflow/.local/lib/python3.7/site-packages/airflow/example_dags/example_latest_only_with_trigger.py for tasks to queue
[2022-07-17 19:50:38,400] {logging_mixin.py:115} INFO - [2022-07-17 19:50:38,400] {dagbag.py:508} INFO - Filling up the DagBag from /home/airflow/.local/lib/python3.7/site-packages/airflow/example_dags/example_latest_only_with_trigger.py
[2022-07-17 19:50:38,406] {processor.py:651} INFO - DAG(s) dict_keys(['latest_only_with_trigger']) retrieved from /home/airflow/.local/lib/python3.7/site-packages/airflow/example_dags/example_latest_only_with_trigger.py
[2022-07-17 19:50:38,434] {logging_mixin.py:115} INFO - [2022-07-17 19:50:38,433] {dag.py:2420} INFO - Sync 1 DAGs
[2022-07-17 19:50:38,459] {logging_mixin.py:115} INFO - [2022-07-17 19:50:38,459] {dag.py:2972} INFO - Setting next_dagrun for latest_only_with_trigger to 2022-07-17T15:50:38.459418+00:00, run_after=2022-07-17T19:50:38.459418+00:00
[2022-07-17 19:50:38,474] {processor.py:161} INFO - Processing /home/airflow/.local/lib/python3.7/site-packages/airflow/example_dags/example_latest_only_with_trigger.py took 0.079 seconds
[2022-07-17 19:51:08,710] {processor.py:153} INFO - Started process (PID=1762) to work on /home/airflow/.local/lib/python3.7/site-packages/airflow/example_dags/example_latest_only_with_trigger.py
[2022-07-17 19:51:08,710] {processor.py:641} INFO - Processing file /home/airflow/.local/lib/python3.7/site-packages/airflow/example_dags/example_latest_only_with_trigger.py for tasks to queue
[2022-07-17 19:51:08,711] {logging_mixin.py:115} INFO - [2022-07-17 19:51:08,711] {dagbag.py:508} INFO - Filling up the DagBag from /home/airflow/.local/lib/python3.7/site-packages/airflow/example_dags/example_latest_only_with_trigger.py
[2022-07-17 19:51:08,717] {processor.py:651} INFO - DAG(s) dict_keys(['latest_only_with_trigger']) retrieved from /home/airflow/.local/lib/python3.7/site-packages/airflow/example_dags/example_latest_only_with_trigger.py
[2022-07-17 19:51:08,744] {logging_mixin.py:115} INFO - [2022-07-17 19:51:08,744] {dag.py:2420} INFO - Sync 1 DAGs
[2022-07-17 19:51:08,768] {logging_mixin.py:115} INFO - [2022-07-17 19:51:08,768] {dag.py:2972} INFO - Setting next_dagrun for latest_only_with_trigger to 2022-07-17T15:51:08.768552+00:00, run_after=2022-07-17T19:51:08.768552+00:00
[2022-07-17 19:51:08,782] {processor.py:161} INFO - Processing /home/airflow/.local/lib/python3.7/site-packages/airflow/example_dags/example_latest_only_with_trigger.py took 0.076 seconds
[2022-07-17 19:51:38,944] {processor.py:153} INFO - Started process (PID=1826) to work on /home/airflow/.local/lib/python3.7/site-packages/airflow/example_dags/example_latest_only_with_trigger.py
[2022-07-17 19:51:38,945] {processor.py:641} INFO - Processing file /home/airflow/.local/lib/python3.7/site-packages/airflow/example_dags/example_latest_only_with_trigger.py for tasks to queue
[2022-07-17 19:51:38,946] {logging_mixin.py:115} INFO - [2022-07-17 19:51:38,945] {dagbag.py:508} INFO - Filling up the DagBag from /home/airflow/.local/lib/python3.7/site-packages/airflow/example_dags/example_latest_only_with_trigger.py
[2022-07-17 19:51:38,953] {processor.py:651} INFO - DAG(s) dict_keys(['latest_only_with_trigger']) retrieved from /home/airflow/.local/lib/python3.7/site-packages/airflow/example_dags/example_latest_only_with_trigger.py
[2022-07-17 19:51:38,986] {logging_mixin.py:115} INFO - [2022-07-17 19:51:38,986] {dag.py:2420} INFO - Sync 1 DAGs
[2022-07-17 19:51:39,016] {logging_mixin.py:115} INFO - [2022-07-17 19:51:39,016] {dag.py:2972} INFO - Setting next_dagrun for latest_only_with_trigger to 2022-07-17T15:51:39.016034+00:00, run_after=2022-07-17T19:51:39.016034+00:00
[2022-07-17 19:51:39,031] {processor.py:161} INFO - Processing /home/airflow/.local/lib/python3.7/site-packages/airflow/example_dags/example_latest_only_with_trigger.py took 0.092 seconds
[2022-07-17 19:52:09,522] {processor.py:153} INFO - Started process (PID=1881) to work on /home/airflow/.local/lib/python3.7/site-packages/airflow/example_dags/example_latest_only_with_trigger.py
[2022-07-17 19:52:09,523] {processor.py:641} INFO - Processing file /home/airflow/.local/lib/python3.7/site-packages/airflow/example_dags/example_latest_only_with_trigger.py for tasks to queue
[2022-07-17 19:52:09,523] {logging_mixin.py:115} INFO - [2022-07-17 19:52:09,523] {dagbag.py:508} INFO - Filling up the DagBag from /home/airflow/.local/lib/python3.7/site-packages/airflow/example_dags/example_latest_only_with_trigger.py
[2022-07-17 19:52:09,531] {processor.py:651} INFO - DAG(s) dict_keys(['latest_only_with_trigger']) retrieved from /home/airflow/.local/lib/python3.7/site-packages/airflow/example_dags/example_latest_only_with_trigger.py
[2022-07-17 19:52:09,560] {logging_mixin.py:115} INFO - [2022-07-17 19:52:09,560] {dag.py:2420} INFO - Sync 1 DAGs
[2022-07-17 19:52:09,588] {logging_mixin.py:115} INFO - [2022-07-17 19:52:09,588] {dag.py:2972} INFO - Setting next_dagrun for latest_only_with_trigger to 2022-07-17T15:52:09.588525+00:00, run_after=2022-07-17T19:52:09.588525+00:00
[2022-07-17 19:52:09,603] {processor.py:161} INFO - Processing /home/airflow/.local/lib/python3.7/site-packages/airflow/example_dags/example_latest_only_with_trigger.py took 0.084 seconds
[2022-07-17 19:52:39,658] {processor.py:153} INFO - Started process (PID=1945) to work on /home/airflow/.local/lib/python3.7/site-packages/airflow/example_dags/example_latest_only_with_trigger.py
[2022-07-17 19:52:39,658] {processor.py:641} INFO - Processing file /home/airflow/.local/lib/python3.7/site-packages/airflow/example_dags/example_latest_only_with_trigger.py for tasks to queue
[2022-07-17 19:52:39,659] {logging_mixin.py:115} INFO - [2022-07-17 19:52:39,659] {dagbag.py:508} INFO - Filling up the DagBag from /home/airflow/.local/lib/python3.7/site-packages/airflow/example_dags/example_latest_only_with_trigger.py
[2022-07-17 19:52:39,666] {processor.py:651} INFO - DAG(s) dict_keys(['latest_only_with_trigger']) retrieved from /home/airflow/.local/lib/python3.7/site-packages/airflow/example_dags/example_latest_only_with_trigger.py
[2022-07-17 19:52:39,701] {logging_mixin.py:115} INFO - [2022-07-17 19:52:39,700] {dag.py:2420} INFO - Sync 1 DAGs
[2022-07-17 19:52:39,732] {logging_mixin.py:115} INFO - [2022-07-17 19:52:39,732] {dag.py:2972} INFO - Setting next_dagrun for latest_only_with_trigger to 2022-07-17T15:52:39.732427+00:00, run_after=2022-07-17T19:52:39.732427+00:00
[2022-07-17 19:52:39,750] {processor.py:161} INFO - Processing /home/airflow/.local/lib/python3.7/site-packages/airflow/example_dags/example_latest_only_with_trigger.py took 0.096 seconds
[2022-07-17 19:53:09,875] {processor.py:153} INFO - Started process (PID=1999) to work on /home/airflow/.local/lib/python3.7/site-packages/airflow/example_dags/example_latest_only_with_trigger.py
[2022-07-17 19:53:09,875] {processor.py:641} INFO - Processing file /home/airflow/.local/lib/python3.7/site-packages/airflow/example_dags/example_latest_only_with_trigger.py for tasks to queue
[2022-07-17 19:53:09,876] {logging_mixin.py:115} INFO - [2022-07-17 19:53:09,876] {dagbag.py:508} INFO - Filling up the DagBag from /home/airflow/.local/lib/python3.7/site-packages/airflow/example_dags/example_latest_only_with_trigger.py
[2022-07-17 19:53:09,882] {processor.py:651} INFO - DAG(s) dict_keys(['latest_only_with_trigger']) retrieved from /home/airflow/.local/lib/python3.7/site-packages/airflow/example_dags/example_latest_only_with_trigger.py
[2022-07-17 19:53:09,912] {logging_mixin.py:115} INFO - [2022-07-17 19:53:09,912] {dag.py:2420} INFO - Sync 1 DAGs
[2022-07-17 19:53:09,938] {logging_mixin.py:115} INFO - [2022-07-17 19:53:09,938] {dag.py:2972} INFO - Setting next_dagrun for latest_only_with_trigger to 2022-07-17T15:53:09.937896+00:00, run_after=2022-07-17T19:53:09.937896+00:00
[2022-07-17 19:53:09,952] {processor.py:161} INFO - Processing /home/airflow/.local/lib/python3.7/site-packages/airflow/example_dags/example_latest_only_with_trigger.py took 0.081 seconds
[2022-07-17 19:53:40,286] {processor.py:153} INFO - Started process (PID=2062) to work on /home/airflow/.local/lib/python3.7/site-packages/airflow/example_dags/example_latest_only_with_trigger.py
[2022-07-17 19:53:40,287] {processor.py:641} INFO - Processing file /home/airflow/.local/lib/python3.7/site-packages/airflow/example_dags/example_latest_only_with_trigger.py for tasks to queue
[2022-07-17 19:53:40,288] {logging_mixin.py:115} INFO - [2022-07-17 19:53:40,288] {dagbag.py:508} INFO - Filling up the DagBag from /home/airflow/.local/lib/python3.7/site-packages/airflow/example_dags/example_latest_only_with_trigger.py
[2022-07-17 19:53:40,294] {processor.py:651} INFO - DAG(s) dict_keys(['latest_only_with_trigger']) retrieved from /home/airflow/.local/lib/python3.7/site-packages/airflow/example_dags/example_latest_only_with_trigger.py
[2022-07-17 19:53:40,321] {logging_mixin.py:115} INFO - [2022-07-17 19:53:40,321] {dag.py:2420} INFO - Sync 1 DAGs
[2022-07-17 19:53:40,347] {logging_mixin.py:115} INFO - [2022-07-17 19:53:40,347] {dag.py:2972} INFO - Setting next_dagrun for latest_only_with_trigger to 2022-07-17T15:53:40.347248+00:00, run_after=2022-07-17T19:53:40.347248+00:00
[2022-07-17 19:53:40,361] {processor.py:161} INFO - Processing /home/airflow/.local/lib/python3.7/site-packages/airflow/example_dags/example_latest_only_with_trigger.py took 0.078 seconds
[2022-07-17 19:54:10,600] {processor.py:153} INFO - Started process (PID=2127) to work on /home/airflow/.local/lib/python3.7/site-packages/airflow/example_dags/example_latest_only_with_trigger.py
[2022-07-17 19:54:10,600] {processor.py:641} INFO - Processing file /home/airflow/.local/lib/python3.7/site-packages/airflow/example_dags/example_latest_only_with_trigger.py for tasks to queue
[2022-07-17 19:54:10,601] {logging_mixin.py:115} INFO - [2022-07-17 19:54:10,601] {dagbag.py:508} INFO - Filling up the DagBag from /home/airflow/.local/lib/python3.7/site-packages/airflow/example_dags/example_latest_only_with_trigger.py
[2022-07-17 19:54:10,608] {processor.py:651} INFO - DAG(s) dict_keys(['latest_only_with_trigger']) retrieved from /home/airflow/.local/lib/python3.7/site-packages/airflow/example_dags/example_latest_only_with_trigger.py
[2022-07-17 19:54:10,643] {logging_mixin.py:115} INFO - [2022-07-17 19:54:10,643] {dag.py:2420} INFO - Sync 1 DAGs
[2022-07-17 19:54:10,675] {logging_mixin.py:115} INFO - [2022-07-17 19:54:10,675] {dag.py:2972} INFO - Setting next_dagrun for latest_only_with_trigger to 2022-07-17T15:54:10.674812+00:00, run_after=2022-07-17T19:54:10.674812+00:00
[2022-07-17 19:54:10,696] {processor.py:161} INFO - Processing /home/airflow/.local/lib/python3.7/site-packages/airflow/example_dags/example_latest_only_with_trigger.py took 0.100 seconds
[2022-07-17 19:54:40,733] {processor.py:153} INFO - Started process (PID=2182) to work on /home/airflow/.local/lib/python3.7/site-packages/airflow/example_dags/example_latest_only_with_trigger.py
[2022-07-17 19:54:40,734] {processor.py:641} INFO - Processing file /home/airflow/.local/lib/python3.7/site-packages/airflow/example_dags/example_latest_only_with_trigger.py for tasks to queue
[2022-07-17 19:54:40,734] {logging_mixin.py:115} INFO - [2022-07-17 19:54:40,734] {dagbag.py:508} INFO - Filling up the DagBag from /home/airflow/.local/lib/python3.7/site-packages/airflow/example_dags/example_latest_only_with_trigger.py
[2022-07-17 19:54:40,740] {processor.py:651} INFO - DAG(s) dict_keys(['latest_only_with_trigger']) retrieved from /home/airflow/.local/lib/python3.7/site-packages/airflow/example_dags/example_latest_only_with_trigger.py
[2022-07-17 19:54:40,767] {logging_mixin.py:115} INFO - [2022-07-17 19:54:40,767] {dag.py:2420} INFO - Sync 1 DAGs
[2022-07-17 19:54:40,791] {logging_mixin.py:115} INFO - [2022-07-17 19:54:40,791] {dag.py:2972} INFO - Setting next_dagrun for latest_only_with_trigger to 2022-07-17T15:54:40.791276+00:00, run_after=2022-07-17T19:54:40.791276+00:00
[2022-07-17 19:54:40,805] {processor.py:161} INFO - Processing /home/airflow/.local/lib/python3.7/site-packages/airflow/example_dags/example_latest_only_with_trigger.py took 0.075 seconds
[2022-07-17 19:55:10,906] {processor.py:153} INFO - Started process (PID=2246) to work on /home/airflow/.local/lib/python3.7/site-packages/airflow/example_dags/example_latest_only_with_trigger.py
[2022-07-17 19:55:10,907] {processor.py:641} INFO - Processing file /home/airflow/.local/lib/python3.7/site-packages/airflow/example_dags/example_latest_only_with_trigger.py for tasks to queue
[2022-07-17 19:55:10,908] {logging_mixin.py:115} INFO - [2022-07-17 19:55:10,907] {dagbag.py:508} INFO - Filling up the DagBag from /home/airflow/.local/lib/python3.7/site-packages/airflow/example_dags/example_latest_only_with_trigger.py
[2022-07-17 19:55:10,914] {processor.py:651} INFO - DAG(s) dict_keys(['latest_only_with_trigger']) retrieved from /home/airflow/.local/lib/python3.7/site-packages/airflow/example_dags/example_latest_only_with_trigger.py
[2022-07-17 19:55:10,942] {logging_mixin.py:115} INFO - [2022-07-17 19:55:10,942] {dag.py:2420} INFO - Sync 1 DAGs
[2022-07-17 19:55:10,967] {logging_mixin.py:115} INFO - [2022-07-17 19:55:10,967] {dag.py:2972} INFO - Setting next_dagrun for latest_only_with_trigger to 2022-07-17T15:55:10.966922+00:00, run_after=2022-07-17T19:55:10.966922+00:00
[2022-07-17 19:55:10,981] {processor.py:161} INFO - Processing /home/airflow/.local/lib/python3.7/site-packages/airflow/example_dags/example_latest_only_with_trigger.py took 0.078 seconds
[2022-07-17 19:55:41,452] {processor.py:153} INFO - Started process (PID=2303) to work on /home/airflow/.local/lib/python3.7/site-packages/airflow/example_dags/example_latest_only_with_trigger.py
[2022-07-17 19:55:41,453] {processor.py:641} INFO - Processing file /home/airflow/.local/lib/python3.7/site-packages/airflow/example_dags/example_latest_only_with_trigger.py for tasks to queue
[2022-07-17 19:55:41,453] {logging_mixin.py:115} INFO - [2022-07-17 19:55:41,453] {dagbag.py:508} INFO - Filling up the DagBag from /home/airflow/.local/lib/python3.7/site-packages/airflow/example_dags/example_latest_only_with_trigger.py
[2022-07-17 19:55:41,460] {processor.py:651} INFO - DAG(s) dict_keys(['latest_only_with_trigger']) retrieved from /home/airflow/.local/lib/python3.7/site-packages/airflow/example_dags/example_latest_only_with_trigger.py
[2022-07-17 19:55:41,488] {logging_mixin.py:115} INFO - [2022-07-17 19:55:41,488] {dag.py:2420} INFO - Sync 1 DAGs
[2022-07-17 19:55:41,513] {logging_mixin.py:115} INFO - [2022-07-17 19:55:41,513] {dag.py:2972} INFO - Setting next_dagrun for latest_only_with_trigger to 2022-07-17T15:55:41.512846+00:00, run_after=2022-07-17T19:55:41.512846+00:00
[2022-07-17 19:55:41,527] {processor.py:161} INFO - Processing /home/airflow/.local/lib/python3.7/site-packages/airflow/example_dags/example_latest_only_with_trigger.py took 0.079 seconds
[2022-07-17 19:56:12,118] {processor.py:153} INFO - Started process (PID=2369) to work on /home/airflow/.local/lib/python3.7/site-packages/airflow/example_dags/example_latest_only_with_trigger.py
[2022-07-17 19:56:12,119] {processor.py:641} INFO - Processing file /home/airflow/.local/lib/python3.7/site-packages/airflow/example_dags/example_latest_only_with_trigger.py for tasks to queue
[2022-07-17 19:56:12,119] {logging_mixin.py:115} INFO - [2022-07-17 19:56:12,119] {dagbag.py:508} INFO - Filling up the DagBag from /home/airflow/.local/lib/python3.7/site-packages/airflow/example_dags/example_latest_only_with_trigger.py
[2022-07-17 19:56:12,128] {processor.py:651} INFO - DAG(s) dict_keys(['latest_only_with_trigger']) retrieved from /home/airflow/.local/lib/python3.7/site-packages/airflow/example_dags/example_latest_only_with_trigger.py
[2022-07-17 19:56:12,159] {logging_mixin.py:115} INFO - [2022-07-17 19:56:12,159] {dag.py:2420} INFO - Sync 1 DAGs
[2022-07-17 19:56:12,189] {logging_mixin.py:115} INFO - [2022-07-17 19:56:12,189] {dag.py:2972} INFO - Setting next_dagrun for latest_only_with_trigger to 2022-07-17T15:56:12.188932+00:00, run_after=2022-07-17T19:56:12.188932+00:00
[2022-07-17 19:56:12,210] {processor.py:161} INFO - Processing /home/airflow/.local/lib/python3.7/site-packages/airflow/example_dags/example_latest_only_with_trigger.py took 0.095 seconds
[2022-07-17 19:56:42,278] {processor.py:153} INFO - Started process (PID=2431) to work on /home/airflow/.local/lib/python3.7/site-packages/airflow/example_dags/example_latest_only_with_trigger.py
[2022-07-17 19:56:42,278] {processor.py:641} INFO - Processing file /home/airflow/.local/lib/python3.7/site-packages/airflow/example_dags/example_latest_only_with_trigger.py for tasks to queue
[2022-07-17 19:56:42,279] {logging_mixin.py:115} INFO - [2022-07-17 19:56:42,279] {dagbag.py:508} INFO - Filling up the DagBag from /home/airflow/.local/lib/python3.7/site-packages/airflow/example_dags/example_latest_only_with_trigger.py
[2022-07-17 19:56:42,286] {processor.py:651} INFO - DAG(s) dict_keys(['latest_only_with_trigger']) retrieved from /home/airflow/.local/lib/python3.7/site-packages/airflow/example_dags/example_latest_only_with_trigger.py
[2022-07-17 19:56:42,315] {logging_mixin.py:115} INFO - [2022-07-17 19:56:42,314] {dag.py:2420} INFO - Sync 1 DAGs
[2022-07-17 19:56:42,342] {logging_mixin.py:115} INFO - [2022-07-17 19:56:42,342] {dag.py:2972} INFO - Setting next_dagrun for latest_only_with_trigger to 2022-07-17T15:56:42.342561+00:00, run_after=2022-07-17T19:56:42.342561+00:00
[2022-07-17 19:56:42,358] {processor.py:161} INFO - Processing /home/airflow/.local/lib/python3.7/site-packages/airflow/example_dags/example_latest_only_with_trigger.py took 0.083 seconds
[2022-07-17 19:57:12,452] {processor.py:153} INFO - Started process (PID=2488) to work on /home/airflow/.local/lib/python3.7/site-packages/airflow/example_dags/example_latest_only_with_trigger.py
[2022-07-17 19:57:12,453] {processor.py:641} INFO - Processing file /home/airflow/.local/lib/python3.7/site-packages/airflow/example_dags/example_latest_only_with_trigger.py for tasks to queue
[2022-07-17 19:57:12,453] {logging_mixin.py:115} INFO - [2022-07-17 19:57:12,453] {dagbag.py:508} INFO - Filling up the DagBag from /home/airflow/.local/lib/python3.7/site-packages/airflow/example_dags/example_latest_only_with_trigger.py
[2022-07-17 19:57:12,459] {processor.py:651} INFO - DAG(s) dict_keys(['latest_only_with_trigger']) retrieved from /home/airflow/.local/lib/python3.7/site-packages/airflow/example_dags/example_latest_only_with_trigger.py
[2022-07-17 19:57:12,491] {logging_mixin.py:115} INFO - [2022-07-17 19:57:12,491] {dag.py:2420} INFO - Sync 1 DAGs
[2022-07-17 19:57:12,516] {logging_mixin.py:115} INFO - [2022-07-17 19:57:12,516] {dag.py:2972} INFO - Setting next_dagrun for latest_only_with_trigger to 2022-07-17T15:57:12.515927+00:00, run_after=2022-07-17T19:57:12.515927+00:00
[2022-07-17 19:57:12,530] {processor.py:161} INFO - Processing /home/airflow/.local/lib/python3.7/site-packages/airflow/example_dags/example_latest_only_with_trigger.py took 0.081 seconds
[2022-07-17 19:57:42,893] {processor.py:153} INFO - Started process (PID=2552) to work on /home/airflow/.local/lib/python3.7/site-packages/airflow/example_dags/example_latest_only_with_trigger.py
[2022-07-17 19:57:42,893] {processor.py:641} INFO - Processing file /home/airflow/.local/lib/python3.7/site-packages/airflow/example_dags/example_latest_only_with_trigger.py for tasks to queue
[2022-07-17 19:57:42,894] {logging_mixin.py:115} INFO - [2022-07-17 19:57:42,894] {dagbag.py:508} INFO - Filling up the DagBag from /home/airflow/.local/lib/python3.7/site-packages/airflow/example_dags/example_latest_only_with_trigger.py
[2022-07-17 19:57:42,900] {processor.py:651} INFO - DAG(s) dict_keys(['latest_only_with_trigger']) retrieved from /home/airflow/.local/lib/python3.7/site-packages/airflow/example_dags/example_latest_only_with_trigger.py
[2022-07-17 19:57:42,930] {logging_mixin.py:115} INFO - [2022-07-17 19:57:42,930] {dag.py:2420} INFO - Sync 1 DAGs
[2022-07-17 19:57:42,956] {logging_mixin.py:115} INFO - [2022-07-17 19:57:42,956] {dag.py:2972} INFO - Setting next_dagrun for latest_only_with_trigger to 2022-07-17T15:57:42.956398+00:00, run_after=2022-07-17T19:57:42.956398+00:00
[2022-07-17 19:57:42,970] {processor.py:161} INFO - Processing /home/airflow/.local/lib/python3.7/site-packages/airflow/example_dags/example_latest_only_with_trigger.py took 0.081 seconds
[2022-07-17 19:58:13,059] {processor.py:153} INFO - Started process (PID=2607) to work on /home/airflow/.local/lib/python3.7/site-packages/airflow/example_dags/example_latest_only_with_trigger.py
[2022-07-17 19:58:13,059] {processor.py:641} INFO - Processing file /home/airflow/.local/lib/python3.7/site-packages/airflow/example_dags/example_latest_only_with_trigger.py for tasks to queue
[2022-07-17 19:58:13,060] {logging_mixin.py:115} INFO - [2022-07-17 19:58:13,060] {dagbag.py:508} INFO - Filling up the DagBag from /home/airflow/.local/lib/python3.7/site-packages/airflow/example_dags/example_latest_only_with_trigger.py
[2022-07-17 19:58:13,066] {processor.py:651} INFO - DAG(s) dict_keys(['latest_only_with_trigger']) retrieved from /home/airflow/.local/lib/python3.7/site-packages/airflow/example_dags/example_latest_only_with_trigger.py
[2022-07-17 19:58:13,096] {logging_mixin.py:115} INFO - [2022-07-17 19:58:13,096] {dag.py:2420} INFO - Sync 1 DAGs
[2022-07-17 19:58:13,129] {logging_mixin.py:115} INFO - [2022-07-17 19:58:13,128] {dag.py:2972} INFO - Setting next_dagrun for latest_only_with_trigger to 2022-07-17T15:58:13.128625+00:00, run_after=2022-07-17T19:58:13.128625+00:00
[2022-07-17 19:58:13,145] {processor.py:161} INFO - Processing /home/airflow/.local/lib/python3.7/site-packages/airflow/example_dags/example_latest_only_with_trigger.py took 0.090 seconds
[2022-07-17 19:58:44,078] {processor.py:153} INFO - Started process (PID=2671) to work on /home/airflow/.local/lib/python3.7/site-packages/airflow/example_dags/example_latest_only_with_trigger.py
[2022-07-17 19:58:44,078] {processor.py:641} INFO - Processing file /home/airflow/.local/lib/python3.7/site-packages/airflow/example_dags/example_latest_only_with_trigger.py for tasks to queue
[2022-07-17 19:58:44,079] {logging_mixin.py:115} INFO - [2022-07-17 19:58:44,079] {dagbag.py:508} INFO - Filling up the DagBag from /home/airflow/.local/lib/python3.7/site-packages/airflow/example_dags/example_latest_only_with_trigger.py
[2022-07-17 19:58:44,084] {processor.py:651} INFO - DAG(s) dict_keys(['latest_only_with_trigger']) retrieved from /home/airflow/.local/lib/python3.7/site-packages/airflow/example_dags/example_latest_only_with_trigger.py
[2022-07-17 19:58:44,110] {logging_mixin.py:115} INFO - [2022-07-17 19:58:44,110] {dag.py:2420} INFO - Sync 1 DAGs
[2022-07-17 19:58:44,135] {logging_mixin.py:115} INFO - [2022-07-17 19:58:44,135] {dag.py:2972} INFO - Setting next_dagrun for latest_only_with_trigger to 2022-07-17T15:58:44.134828+00:00, run_after=2022-07-17T19:58:44.134828+00:00
[2022-07-17 19:58:44,149] {processor.py:161} INFO - Processing /home/airflow/.local/lib/python3.7/site-packages/airflow/example_dags/example_latest_only_with_trigger.py took 0.075 seconds
[2022-07-17 19:59:14,680] {processor.py:153} INFO - Started process (PID=2726) to work on /home/airflow/.local/lib/python3.7/site-packages/airflow/example_dags/example_latest_only_with_trigger.py
[2022-07-17 19:59:14,681] {processor.py:641} INFO - Processing file /home/airflow/.local/lib/python3.7/site-packages/airflow/example_dags/example_latest_only_with_trigger.py for tasks to queue
[2022-07-17 19:59:14,681] {logging_mixin.py:115} INFO - [2022-07-17 19:59:14,681] {dagbag.py:508} INFO - Filling up the DagBag from /home/airflow/.local/lib/python3.7/site-packages/airflow/example_dags/example_latest_only_with_trigger.py
[2022-07-17 19:59:14,689] {processor.py:651} INFO - DAG(s) dict_keys(['latest_only_with_trigger']) retrieved from /home/airflow/.local/lib/python3.7/site-packages/airflow/example_dags/example_latest_only_with_trigger.py
[2022-07-17 19:59:14,724] {logging_mixin.py:115} INFO - [2022-07-17 19:59:14,724] {dag.py:2420} INFO - Sync 1 DAGs
[2022-07-17 19:59:14,755] {logging_mixin.py:115} INFO - [2022-07-17 19:59:14,755] {dag.py:2972} INFO - Setting next_dagrun for latest_only_with_trigger to 2022-07-17T15:59:14.755279+00:00, run_after=2022-07-17T19:59:14.755279+00:00
[2022-07-17 19:59:14,772] {processor.py:161} INFO - Processing /home/airflow/.local/lib/python3.7/site-packages/airflow/example_dags/example_latest_only_with_trigger.py took 0.096 seconds
[2022-07-17 19:59:44,803] {processor.py:153} INFO - Started process (PID=2791) to work on /home/airflow/.local/lib/python3.7/site-packages/airflow/example_dags/example_latest_only_with_trigger.py
[2022-07-17 19:59:44,803] {processor.py:641} INFO - Processing file /home/airflow/.local/lib/python3.7/site-packages/airflow/example_dags/example_latest_only_with_trigger.py for tasks to queue
[2022-07-17 19:59:44,804] {logging_mixin.py:115} INFO - [2022-07-17 19:59:44,804] {dagbag.py:508} INFO - Filling up the DagBag from /home/airflow/.local/lib/python3.7/site-packages/airflow/example_dags/example_latest_only_with_trigger.py
[2022-07-17 19:59:44,812] {processor.py:651} INFO - DAG(s) dict_keys(['latest_only_with_trigger']) retrieved from /home/airflow/.local/lib/python3.7/site-packages/airflow/example_dags/example_latest_only_with_trigger.py
[2022-07-17 19:59:44,844] {logging_mixin.py:115} INFO - [2022-07-17 19:59:44,844] {dag.py:2420} INFO - Sync 1 DAGs
[2022-07-17 19:59:44,871] {logging_mixin.py:115} INFO - [2022-07-17 19:59:44,871] {dag.py:2972} INFO - Setting next_dagrun for latest_only_with_trigger to 2022-07-17T15:59:44.871076+00:00, run_after=2022-07-17T19:59:44.871076+00:00
[2022-07-17 19:59:44,888] {processor.py:161} INFO - Processing /home/airflow/.local/lib/python3.7/site-packages/airflow/example_dags/example_latest_only_with_trigger.py took 0.088 seconds
[2022-07-17 20:00:15,183] {processor.py:153} INFO - Started process (PID=2856) to work on /home/airflow/.local/lib/python3.7/site-packages/airflow/example_dags/example_latest_only_with_trigger.py
[2022-07-17 20:00:15,183] {processor.py:641} INFO - Processing file /home/airflow/.local/lib/python3.7/site-packages/airflow/example_dags/example_latest_only_with_trigger.py for tasks to queue
[2022-07-17 20:00:15,184] {logging_mixin.py:115} INFO - [2022-07-17 20:00:15,183] {dagbag.py:508} INFO - Filling up the DagBag from /home/airflow/.local/lib/python3.7/site-packages/airflow/example_dags/example_latest_only_with_trigger.py
[2022-07-17 20:00:15,189] {processor.py:651} INFO - DAG(s) dict_keys(['latest_only_with_trigger']) retrieved from /home/airflow/.local/lib/python3.7/site-packages/airflow/example_dags/example_latest_only_with_trigger.py
[2022-07-17 20:00:15,218] {logging_mixin.py:115} INFO - [2022-07-17 20:00:15,218] {dag.py:2420} INFO - Sync 1 DAGs
[2022-07-17 20:00:15,251] {logging_mixin.py:115} INFO - [2022-07-17 20:00:15,251] {dag.py:2972} INFO - Setting next_dagrun for latest_only_with_trigger to 2022-07-17T16:00:15.250709+00:00, run_after=2022-07-17T20:00:15.250709+00:00
[2022-07-17 20:00:15,266] {processor.py:161} INFO - Processing /home/airflow/.local/lib/python3.7/site-packages/airflow/example_dags/example_latest_only_with_trigger.py took 0.086 seconds
[2022-07-17 20:00:45,611] {processor.py:153} INFO - Started process (PID=2912) to work on /home/airflow/.local/lib/python3.7/site-packages/airflow/example_dags/example_latest_only_with_trigger.py
[2022-07-17 20:00:45,612] {processor.py:641} INFO - Processing file /home/airflow/.local/lib/python3.7/site-packages/airflow/example_dags/example_latest_only_with_trigger.py for tasks to queue
[2022-07-17 20:00:45,613] {logging_mixin.py:115} INFO - [2022-07-17 20:00:45,612] {dagbag.py:508} INFO - Filling up the DagBag from /home/airflow/.local/lib/python3.7/site-packages/airflow/example_dags/example_latest_only_with_trigger.py
[2022-07-17 20:00:45,619] {processor.py:651} INFO - DAG(s) dict_keys(['latest_only_with_trigger']) retrieved from /home/airflow/.local/lib/python3.7/site-packages/airflow/example_dags/example_latest_only_with_trigger.py
[2022-07-17 20:00:45,653] {logging_mixin.py:115} INFO - [2022-07-17 20:00:45,653] {dag.py:2420} INFO - Sync 1 DAGs
[2022-07-17 20:00:45,681] {logging_mixin.py:115} INFO - [2022-07-17 20:00:45,681] {dag.py:2972} INFO - Setting next_dagrun for latest_only_with_trigger to 2022-07-17T16:00:45.680897+00:00, run_after=2022-07-17T20:00:45.680897+00:00
[2022-07-17 20:00:45,695] {processor.py:161} INFO - Processing /home/airflow/.local/lib/python3.7/site-packages/airflow/example_dags/example_latest_only_with_trigger.py took 0.088 seconds
[2022-07-17 20:01:15,860] {processor.py:153} INFO - Started process (PID=2976) to work on /home/airflow/.local/lib/python3.7/site-packages/airflow/example_dags/example_latest_only_with_trigger.py
[2022-07-17 20:01:15,860] {processor.py:641} INFO - Processing file /home/airflow/.local/lib/python3.7/site-packages/airflow/example_dags/example_latest_only_with_trigger.py for tasks to queue
[2022-07-17 20:01:15,861] {logging_mixin.py:115} INFO - [2022-07-17 20:01:15,861] {dagbag.py:508} INFO - Filling up the DagBag from /home/airflow/.local/lib/python3.7/site-packages/airflow/example_dags/example_latest_only_with_trigger.py
[2022-07-17 20:01:15,867] {processor.py:651} INFO - DAG(s) dict_keys(['latest_only_with_trigger']) retrieved from /home/airflow/.local/lib/python3.7/site-packages/airflow/example_dags/example_latest_only_with_trigger.py
[2022-07-17 20:01:15,895] {logging_mixin.py:115} INFO - [2022-07-17 20:01:15,895] {dag.py:2420} INFO - Sync 1 DAGs
[2022-07-17 20:01:15,922] {logging_mixin.py:115} INFO - [2022-07-17 20:01:15,922] {dag.py:2972} INFO - Setting next_dagrun for latest_only_with_trigger to 2022-07-17T16:01:15.921825+00:00, run_after=2022-07-17T20:01:15.921825+00:00
[2022-07-17 20:01:15,937] {processor.py:161} INFO - Processing /home/airflow/.local/lib/python3.7/site-packages/airflow/example_dags/example_latest_only_with_trigger.py took 0.081 seconds
[2022-07-17 20:01:46,285] {processor.py:153} INFO - Started process (PID=3031) to work on /home/airflow/.local/lib/python3.7/site-packages/airflow/example_dags/example_latest_only_with_trigger.py
[2022-07-17 20:01:46,285] {processor.py:641} INFO - Processing file /home/airflow/.local/lib/python3.7/site-packages/airflow/example_dags/example_latest_only_with_trigger.py for tasks to queue
[2022-07-17 20:01:46,286] {logging_mixin.py:115} INFO - [2022-07-17 20:01:46,286] {dagbag.py:508} INFO - Filling up the DagBag from /home/airflow/.local/lib/python3.7/site-packages/airflow/example_dags/example_latest_only_with_trigger.py
[2022-07-17 20:01:46,291] {processor.py:651} INFO - DAG(s) dict_keys(['latest_only_with_trigger']) retrieved from /home/airflow/.local/lib/python3.7/site-packages/airflow/example_dags/example_latest_only_with_trigger.py
[2022-07-17 20:01:46,317] {logging_mixin.py:115} INFO - [2022-07-17 20:01:46,316] {dag.py:2420} INFO - Sync 1 DAGs
[2022-07-17 20:01:46,340] {logging_mixin.py:115} INFO - [2022-07-17 20:01:46,340] {dag.py:2972} INFO - Setting next_dagrun for latest_only_with_trigger to 2022-07-17T16:01:46.340351+00:00, run_after=2022-07-17T20:01:46.340351+00:00
[2022-07-17 20:01:46,353] {processor.py:161} INFO - Processing /home/airflow/.local/lib/python3.7/site-packages/airflow/example_dags/example_latest_only_with_trigger.py took 0.071 seconds
[2022-07-17 20:02:16,968] {processor.py:153} INFO - Started process (PID=3098) to work on /home/airflow/.local/lib/python3.7/site-packages/airflow/example_dags/example_latest_only_with_trigger.py
[2022-07-17 20:02:16,969] {processor.py:641} INFO - Processing file /home/airflow/.local/lib/python3.7/site-packages/airflow/example_dags/example_latest_only_with_trigger.py for tasks to queue
[2022-07-17 20:02:16,969] {logging_mixin.py:115} INFO - [2022-07-17 20:02:16,969] {dagbag.py:508} INFO - Filling up the DagBag from /home/airflow/.local/lib/python3.7/site-packages/airflow/example_dags/example_latest_only_with_trigger.py
[2022-07-17 20:02:16,977] {processor.py:651} INFO - DAG(s) dict_keys(['latest_only_with_trigger']) retrieved from /home/airflow/.local/lib/python3.7/site-packages/airflow/example_dags/example_latest_only_with_trigger.py
[2022-07-17 20:02:17,007] {logging_mixin.py:115} INFO - [2022-07-17 20:02:17,007] {dag.py:2420} INFO - Sync 1 DAGs
[2022-07-17 20:02:17,034] {logging_mixin.py:115} INFO - [2022-07-17 20:02:17,034] {dag.py:2972} INFO - Setting next_dagrun for latest_only_with_trigger to 2022-07-17T16:02:17.034334+00:00, run_after=2022-07-17T20:02:17.034334+00:00
[2022-07-17 20:02:17,048] {processor.py:161} INFO - Processing /home/airflow/.local/lib/python3.7/site-packages/airflow/example_dags/example_latest_only_with_trigger.py took 0.084 seconds
[2022-07-17 20:02:47,382] {processor.py:153} INFO - Started process (PID=3160) to work on /home/airflow/.local/lib/python3.7/site-packages/airflow/example_dags/example_latest_only_with_trigger.py
[2022-07-17 20:02:47,383] {processor.py:641} INFO - Processing file /home/airflow/.local/lib/python3.7/site-packages/airflow/example_dags/example_latest_only_with_trigger.py for tasks to queue
[2022-07-17 20:02:47,383] {logging_mixin.py:115} INFO - [2022-07-17 20:02:47,383] {dagbag.py:508} INFO - Filling up the DagBag from /home/airflow/.local/lib/python3.7/site-packages/airflow/example_dags/example_latest_only_with_trigger.py
[2022-07-17 20:02:47,390] {processor.py:651} INFO - DAG(s) dict_keys(['latest_only_with_trigger']) retrieved from /home/airflow/.local/lib/python3.7/site-packages/airflow/example_dags/example_latest_only_with_trigger.py
[2022-07-17 20:02:47,418] {logging_mixin.py:115} INFO - [2022-07-17 20:02:47,418] {dag.py:2420} INFO - Sync 1 DAGs
[2022-07-17 20:02:47,444] {logging_mixin.py:115} INFO - [2022-07-17 20:02:47,444] {dag.py:2972} INFO - Setting next_dagrun for latest_only_with_trigger to 2022-07-17T16:02:47.444114+00:00, run_after=2022-07-17T20:02:47.444114+00:00
[2022-07-17 20:02:47,458] {processor.py:161} INFO - Processing /home/airflow/.local/lib/python3.7/site-packages/airflow/example_dags/example_latest_only_with_trigger.py took 0.079 seconds
[2022-07-17 20:03:17,952] {processor.py:153} INFO - Started process (PID=3217) to work on /home/airflow/.local/lib/python3.7/site-packages/airflow/example_dags/example_latest_only_with_trigger.py
[2022-07-17 20:03:17,953] {processor.py:641} INFO - Processing file /home/airflow/.local/lib/python3.7/site-packages/airflow/example_dags/example_latest_only_with_trigger.py for tasks to queue
[2022-07-17 20:03:17,953] {logging_mixin.py:115} INFO - [2022-07-17 20:03:17,953] {dagbag.py:508} INFO - Filling up the DagBag from /home/airflow/.local/lib/python3.7/site-packages/airflow/example_dags/example_latest_only_with_trigger.py
[2022-07-17 20:03:17,960] {processor.py:651} INFO - DAG(s) dict_keys(['latest_only_with_trigger']) retrieved from /home/airflow/.local/lib/python3.7/site-packages/airflow/example_dags/example_latest_only_with_trigger.py
[2022-07-17 20:03:17,988] {logging_mixin.py:115} INFO - [2022-07-17 20:03:17,988] {dag.py:2420} INFO - Sync 1 DAGs
[2022-07-17 20:03:18,015] {logging_mixin.py:115} INFO - [2022-07-17 20:03:18,015] {dag.py:2972} INFO - Setting next_dagrun for latest_only_with_trigger to 2022-07-17T16:03:18.015530+00:00, run_after=2022-07-17T20:03:18.015530+00:00
[2022-07-17 20:03:18,028] {processor.py:161} INFO - Processing /home/airflow/.local/lib/python3.7/site-packages/airflow/example_dags/example_latest_only_with_trigger.py took 0.079 seconds
[2022-07-17 20:03:48,265] {processor.py:153} INFO - Started process (PID=3279) to work on /home/airflow/.local/lib/python3.7/site-packages/airflow/example_dags/example_latest_only_with_trigger.py
[2022-07-17 20:03:48,266] {processor.py:641} INFO - Processing file /home/airflow/.local/lib/python3.7/site-packages/airflow/example_dags/example_latest_only_with_trigger.py for tasks to queue
[2022-07-17 20:03:48,266] {logging_mixin.py:115} INFO - [2022-07-17 20:03:48,266] {dagbag.py:508} INFO - Filling up the DagBag from /home/airflow/.local/lib/python3.7/site-packages/airflow/example_dags/example_latest_only_with_trigger.py
[2022-07-17 20:03:48,274] {processor.py:651} INFO - DAG(s) dict_keys(['latest_only_with_trigger']) retrieved from /home/airflow/.local/lib/python3.7/site-packages/airflow/example_dags/example_latest_only_with_trigger.py
[2022-07-17 20:03:48,310] {logging_mixin.py:115} INFO - [2022-07-17 20:03:48,310] {dag.py:2420} INFO - Sync 1 DAGs
[2022-07-17 20:03:48,344] {logging_mixin.py:115} INFO - [2022-07-17 20:03:48,344] {dag.py:2972} INFO - Setting next_dagrun for latest_only_with_trigger to 2022-07-17T16:03:48.343850+00:00, run_after=2022-07-17T20:03:48.343850+00:00
[2022-07-17 20:03:48,364] {processor.py:161} INFO - Processing /home/airflow/.local/lib/python3.7/site-packages/airflow/example_dags/example_latest_only_with_trigger.py took 0.104 seconds
