[2022-07-17 19:36:53,439] {processor.py:153} INFO - Started process (PID=58) to work on /home/airflow/.local/lib/python3.7/site-packages/airflow/example_dags/example_latest_only.py
[2022-07-17 19:36:53,439] {processor.py:641} INFO - Processing file /home/airflow/.local/lib/python3.7/site-packages/airflow/example_dags/example_latest_only.py for tasks to queue
[2022-07-17 19:36:53,440] {logging_mixin.py:115} INFO - [2022-07-17 19:36:53,440] {dagbag.py:508} INFO - Filling up the DagBag from /home/airflow/.local/lib/python3.7/site-packages/airflow/example_dags/example_latest_only.py
[2022-07-17 19:36:53,449] {processor.py:651} INFO - DAG(s) dict_keys(['latest_only']) retrieved from /home/airflow/.local/lib/python3.7/site-packages/airflow/example_dags/example_latest_only.py
[2022-07-17 19:36:53,556] {logging_mixin.py:115} INFO - [2022-07-17 19:36:53,556] {manager.py:508} INFO - Created Permission View: can delete on DAG:latest_only
[2022-07-17 19:36:53,567] {logging_mixin.py:115} INFO - [2022-07-17 19:36:53,567] {manager.py:508} INFO - Created Permission View: can read on DAG:latest_only
[2022-07-17 19:36:53,575] {logging_mixin.py:115} INFO - [2022-07-17 19:36:53,575] {manager.py:508} INFO - Created Permission View: can edit on DAG:latest_only
[2022-07-17 19:36:53,575] {logging_mixin.py:115} INFO - [2022-07-17 19:36:53,575] {dag.py:2420} INFO - Sync 1 DAGs
[2022-07-17 19:36:53,584] {logging_mixin.py:115} INFO - [2022-07-17 19:36:53,584] {dag.py:2439} INFO - Creating ORM DAG for latest_only
[2022-07-17 19:36:53,597] {logging_mixin.py:115} INFO - [2022-07-17 19:36:53,597] {dag.py:2972} INFO - Setting next_dagrun for latest_only to 2022-07-17T15:36:53.597190+00:00, run_after=2022-07-17T19:36:53.597190+00:00
[2022-07-17 19:36:53,612] {processor.py:161} INFO - Processing /home/airflow/.local/lib/python3.7/site-packages/airflow/example_dags/example_latest_only.py took 0.178 seconds
[2022-07-17 19:37:24,433] {processor.py:153} INFO - Started process (PID=121) to work on /home/airflow/.local/lib/python3.7/site-packages/airflow/example_dags/example_latest_only.py
[2022-07-17 19:37:24,433] {processor.py:641} INFO - Processing file /home/airflow/.local/lib/python3.7/site-packages/airflow/example_dags/example_latest_only.py for tasks to queue
[2022-07-17 19:37:24,434] {logging_mixin.py:115} INFO - [2022-07-17 19:37:24,434] {dagbag.py:508} INFO - Filling up the DagBag from /home/airflow/.local/lib/python3.7/site-packages/airflow/example_dags/example_latest_only.py
[2022-07-17 19:37:24,441] {processor.py:651} INFO - DAG(s) dict_keys(['latest_only']) retrieved from /home/airflow/.local/lib/python3.7/site-packages/airflow/example_dags/example_latest_only.py
[2022-07-17 19:37:24,481] {logging_mixin.py:115} INFO - [2022-07-17 19:37:24,481] {dag.py:2420} INFO - Sync 1 DAGs
[2022-07-17 19:37:24,521] {logging_mixin.py:115} INFO - [2022-07-17 19:37:24,521] {dag.py:2972} INFO - Setting next_dagrun for latest_only to 2022-07-17T15:37:24.520944+00:00, run_after=2022-07-17T19:37:24.520944+00:00
[2022-07-17 19:37:24,542] {processor.py:161} INFO - Processing /home/airflow/.local/lib/python3.7/site-packages/airflow/example_dags/example_latest_only.py took 0.113 seconds
[2022-07-17 19:37:54,572] {processor.py:153} INFO - Started process (PID=176) to work on /home/airflow/.local/lib/python3.7/site-packages/airflow/example_dags/example_latest_only.py
[2022-07-17 19:37:54,573] {processor.py:641} INFO - Processing file /home/airflow/.local/lib/python3.7/site-packages/airflow/example_dags/example_latest_only.py for tasks to queue
[2022-07-17 19:37:54,573] {logging_mixin.py:115} INFO - [2022-07-17 19:37:54,573] {dagbag.py:508} INFO - Filling up the DagBag from /home/airflow/.local/lib/python3.7/site-packages/airflow/example_dags/example_latest_only.py
[2022-07-17 19:37:54,579] {processor.py:651} INFO - DAG(s) dict_keys(['latest_only']) retrieved from /home/airflow/.local/lib/python3.7/site-packages/airflow/example_dags/example_latest_only.py
[2022-07-17 19:37:54,607] {logging_mixin.py:115} INFO - [2022-07-17 19:37:54,607] {dag.py:2420} INFO - Sync 1 DAGs
[2022-07-17 19:37:54,632] {logging_mixin.py:115} INFO - [2022-07-17 19:37:54,632] {dag.py:2972} INFO - Setting next_dagrun for latest_only to 2022-07-17T15:37:54.632570+00:00, run_after=2022-07-17T19:37:54.632570+00:00
[2022-07-17 19:37:54,647] {processor.py:161} INFO - Processing /home/airflow/.local/lib/python3.7/site-packages/airflow/example_dags/example_latest_only.py took 0.078 seconds
[2022-07-17 19:38:25,126] {processor.py:153} INFO - Started process (PID=239) to work on /home/airflow/.local/lib/python3.7/site-packages/airflow/example_dags/example_latest_only.py
[2022-07-17 19:38:25,127] {processor.py:641} INFO - Processing file /home/airflow/.local/lib/python3.7/site-packages/airflow/example_dags/example_latest_only.py for tasks to queue
[2022-07-17 19:38:25,127] {logging_mixin.py:115} INFO - [2022-07-17 19:38:25,127] {dagbag.py:508} INFO - Filling up the DagBag from /home/airflow/.local/lib/python3.7/site-packages/airflow/example_dags/example_latest_only.py
[2022-07-17 19:38:25,134] {processor.py:651} INFO - DAG(s) dict_keys(['latest_only']) retrieved from /home/airflow/.local/lib/python3.7/site-packages/airflow/example_dags/example_latest_only.py
[2022-07-17 19:38:25,166] {logging_mixin.py:115} INFO - [2022-07-17 19:38:25,166] {dag.py:2420} INFO - Sync 1 DAGs
[2022-07-17 19:38:25,208] {logging_mixin.py:115} INFO - [2022-07-17 19:38:25,208] {dag.py:2972} INFO - Setting next_dagrun for latest_only to 2022-07-17T15:38:25.208120+00:00, run_after=2022-07-17T19:38:25.208120+00:00
[2022-07-17 19:38:25,227] {processor.py:161} INFO - Processing /home/airflow/.local/lib/python3.7/site-packages/airflow/example_dags/example_latest_only.py took 0.105 seconds
[2022-07-17 19:38:55,941] {processor.py:153} INFO - Started process (PID=294) to work on /home/airflow/.local/lib/python3.7/site-packages/airflow/example_dags/example_latest_only.py
[2022-07-17 19:38:55,942] {processor.py:641} INFO - Processing file /home/airflow/.local/lib/python3.7/site-packages/airflow/example_dags/example_latest_only.py for tasks to queue
[2022-07-17 19:38:55,943] {logging_mixin.py:115} INFO - [2022-07-17 19:38:55,943] {dagbag.py:508} INFO - Filling up the DagBag from /home/airflow/.local/lib/python3.7/site-packages/airflow/example_dags/example_latest_only.py
[2022-07-17 19:38:55,950] {processor.py:651} INFO - DAG(s) dict_keys(['latest_only']) retrieved from /home/airflow/.local/lib/python3.7/site-packages/airflow/example_dags/example_latest_only.py
[2022-07-17 19:38:55,981] {logging_mixin.py:115} INFO - [2022-07-17 19:38:55,980] {dag.py:2420} INFO - Sync 1 DAGs
[2022-07-17 19:38:56,009] {logging_mixin.py:115} INFO - [2022-07-17 19:38:56,008] {dag.py:2972} INFO - Setting next_dagrun for latest_only to 2022-07-17T15:38:56.008709+00:00, run_after=2022-07-17T19:38:56.008709+00:00
[2022-07-17 19:38:56,022] {processor.py:161} INFO - Processing /home/airflow/.local/lib/python3.7/site-packages/airflow/example_dags/example_latest_only.py took 0.087 seconds
[2022-07-17 19:39:26,336] {processor.py:153} INFO - Started process (PID=358) to work on /home/airflow/.local/lib/python3.7/site-packages/airflow/example_dags/example_latest_only.py
[2022-07-17 19:39:26,336] {processor.py:641} INFO - Processing file /home/airflow/.local/lib/python3.7/site-packages/airflow/example_dags/example_latest_only.py for tasks to queue
[2022-07-17 19:39:26,337] {logging_mixin.py:115} INFO - [2022-07-17 19:39:26,337] {dagbag.py:508} INFO - Filling up the DagBag from /home/airflow/.local/lib/python3.7/site-packages/airflow/example_dags/example_latest_only.py
[2022-07-17 19:39:26,343] {processor.py:651} INFO - DAG(s) dict_keys(['latest_only']) retrieved from /home/airflow/.local/lib/python3.7/site-packages/airflow/example_dags/example_latest_only.py
[2022-07-17 19:39:26,374] {logging_mixin.py:115} INFO - [2022-07-17 19:39:26,374] {dag.py:2420} INFO - Sync 1 DAGs
[2022-07-17 19:39:26,399] {logging_mixin.py:115} INFO - [2022-07-17 19:39:26,398] {dag.py:2972} INFO - Setting next_dagrun for latest_only to 2022-07-17T15:39:26.398617+00:00, run_after=2022-07-17T19:39:26.398617+00:00
[2022-07-17 19:39:26,414] {processor.py:161} INFO - Processing /home/airflow/.local/lib/python3.7/site-packages/airflow/example_dags/example_latest_only.py took 0.082 seconds
[2022-07-17 19:39:56,617] {processor.py:153} INFO - Started process (PID=413) to work on /home/airflow/.local/lib/python3.7/site-packages/airflow/example_dags/example_latest_only.py
[2022-07-17 19:39:56,618] {processor.py:641} INFO - Processing file /home/airflow/.local/lib/python3.7/site-packages/airflow/example_dags/example_latest_only.py for tasks to queue
[2022-07-17 19:39:56,619] {logging_mixin.py:115} INFO - [2022-07-17 19:39:56,619] {dagbag.py:508} INFO - Filling up the DagBag from /home/airflow/.local/lib/python3.7/site-packages/airflow/example_dags/example_latest_only.py
[2022-07-17 19:39:56,626] {processor.py:651} INFO - DAG(s) dict_keys(['latest_only']) retrieved from /home/airflow/.local/lib/python3.7/site-packages/airflow/example_dags/example_latest_only.py
[2022-07-17 19:39:56,655] {logging_mixin.py:115} INFO - [2022-07-17 19:39:56,655] {dag.py:2420} INFO - Sync 1 DAGs
[2022-07-17 19:39:56,680] {logging_mixin.py:115} INFO - [2022-07-17 19:39:56,680] {dag.py:2972} INFO - Setting next_dagrun for latest_only to 2022-07-17T15:39:56.680529+00:00, run_after=2022-07-17T19:39:56.680529+00:00
[2022-07-17 19:39:56,693] {processor.py:161} INFO - Processing /home/airflow/.local/lib/python3.7/site-packages/airflow/example_dags/example_latest_only.py took 0.082 seconds
[2022-07-17 19:40:27,094] {processor.py:153} INFO - Started process (PID=478) to work on /home/airflow/.local/lib/python3.7/site-packages/airflow/example_dags/example_latest_only.py
[2022-07-17 19:40:27,095] {processor.py:641} INFO - Processing file /home/airflow/.local/lib/python3.7/site-packages/airflow/example_dags/example_latest_only.py for tasks to queue
[2022-07-17 19:40:27,095] {logging_mixin.py:115} INFO - [2022-07-17 19:40:27,095] {dagbag.py:508} INFO - Filling up the DagBag from /home/airflow/.local/lib/python3.7/site-packages/airflow/example_dags/example_latest_only.py
[2022-07-17 19:40:27,100] {processor.py:651} INFO - DAG(s) dict_keys(['latest_only']) retrieved from /home/airflow/.local/lib/python3.7/site-packages/airflow/example_dags/example_latest_only.py
[2022-07-17 19:40:27,129] {logging_mixin.py:115} INFO - [2022-07-17 19:40:27,129] {dag.py:2420} INFO - Sync 1 DAGs
[2022-07-17 19:40:27,162] {logging_mixin.py:115} INFO - [2022-07-17 19:40:27,162] {dag.py:2972} INFO - Setting next_dagrun for latest_only to 2022-07-17T15:40:27.161982+00:00, run_after=2022-07-17T19:40:27.161982+00:00
[2022-07-17 19:40:27,178] {processor.py:161} INFO - Processing /home/airflow/.local/lib/python3.7/site-packages/airflow/example_dags/example_latest_only.py took 0.087 seconds
[2022-07-17 19:40:58,056] {processor.py:153} INFO - Started process (PID=542) to work on /home/airflow/.local/lib/python3.7/site-packages/airflow/example_dags/example_latest_only.py
[2022-07-17 19:40:58,057] {processor.py:641} INFO - Processing file /home/airflow/.local/lib/python3.7/site-packages/airflow/example_dags/example_latest_only.py for tasks to queue
[2022-07-17 19:40:58,058] {logging_mixin.py:115} INFO - [2022-07-17 19:40:58,058] {dagbag.py:508} INFO - Filling up the DagBag from /home/airflow/.local/lib/python3.7/site-packages/airflow/example_dags/example_latest_only.py
[2022-07-17 19:40:58,064] {processor.py:651} INFO - DAG(s) dict_keys(['latest_only']) retrieved from /home/airflow/.local/lib/python3.7/site-packages/airflow/example_dags/example_latest_only.py
[2022-07-17 19:40:58,097] {logging_mixin.py:115} INFO - [2022-07-17 19:40:58,097] {dag.py:2420} INFO - Sync 1 DAGs
[2022-07-17 19:40:58,131] {logging_mixin.py:115} INFO - [2022-07-17 19:40:58,131] {dag.py:2972} INFO - Setting next_dagrun for latest_only to 2022-07-17T15:40:58.131305+00:00, run_after=2022-07-17T19:40:58.131305+00:00
[2022-07-17 19:40:58,148] {processor.py:161} INFO - Processing /home/airflow/.local/lib/python3.7/site-packages/airflow/example_dags/example_latest_only.py took 0.096 seconds
[2022-07-17 19:41:28,283] {processor.py:153} INFO - Started process (PID=599) to work on /home/airflow/.local/lib/python3.7/site-packages/airflow/example_dags/example_latest_only.py
[2022-07-17 19:41:28,283] {processor.py:641} INFO - Processing file /home/airflow/.local/lib/python3.7/site-packages/airflow/example_dags/example_latest_only.py for tasks to queue
[2022-07-17 19:41:28,284] {logging_mixin.py:115} INFO - [2022-07-17 19:41:28,283] {dagbag.py:508} INFO - Filling up the DagBag from /home/airflow/.local/lib/python3.7/site-packages/airflow/example_dags/example_latest_only.py
[2022-07-17 19:41:28,288] {processor.py:651} INFO - DAG(s) dict_keys(['latest_only']) retrieved from /home/airflow/.local/lib/python3.7/site-packages/airflow/example_dags/example_latest_only.py
[2022-07-17 19:41:28,312] {logging_mixin.py:115} INFO - [2022-07-17 19:41:28,312] {dag.py:2420} INFO - Sync 1 DAGs
[2022-07-17 19:41:28,336] {logging_mixin.py:115} INFO - [2022-07-17 19:41:28,336] {dag.py:2972} INFO - Setting next_dagrun for latest_only to 2022-07-17T15:41:28.336619+00:00, run_after=2022-07-17T19:41:28.336619+00:00
[2022-07-17 19:41:28,351] {processor.py:161} INFO - Processing /home/airflow/.local/lib/python3.7/site-packages/airflow/example_dags/example_latest_only.py took 0.071 seconds
[2022-07-17 19:41:58,524] {processor.py:153} INFO - Started process (PID=663) to work on /home/airflow/.local/lib/python3.7/site-packages/airflow/example_dags/example_latest_only.py
[2022-07-17 19:41:58,525] {processor.py:641} INFO - Processing file /home/airflow/.local/lib/python3.7/site-packages/airflow/example_dags/example_latest_only.py for tasks to queue
[2022-07-17 19:41:58,526] {logging_mixin.py:115} INFO - [2022-07-17 19:41:58,526] {dagbag.py:508} INFO - Filling up the DagBag from /home/airflow/.local/lib/python3.7/site-packages/airflow/example_dags/example_latest_only.py
[2022-07-17 19:41:58,531] {processor.py:651} INFO - DAG(s) dict_keys(['latest_only']) retrieved from /home/airflow/.local/lib/python3.7/site-packages/airflow/example_dags/example_latest_only.py
[2022-07-17 19:41:58,556] {logging_mixin.py:115} INFO - [2022-07-17 19:41:58,556] {dag.py:2420} INFO - Sync 1 DAGs
[2022-07-17 19:41:58,580] {logging_mixin.py:115} INFO - [2022-07-17 19:41:58,579] {dag.py:2972} INFO - Setting next_dagrun for latest_only to 2022-07-17T15:41:58.579753+00:00, run_after=2022-07-17T19:41:58.579753+00:00
[2022-07-17 19:41:58,592] {processor.py:161} INFO - Processing /home/airflow/.local/lib/python3.7/site-packages/airflow/example_dags/example_latest_only.py took 0.071 seconds
[2022-07-17 19:42:28,728] {processor.py:153} INFO - Started process (PID=719) to work on /home/airflow/.local/lib/python3.7/site-packages/airflow/example_dags/example_latest_only.py
[2022-07-17 19:42:28,729] {processor.py:641} INFO - Processing file /home/airflow/.local/lib/python3.7/site-packages/airflow/example_dags/example_latest_only.py for tasks to queue
[2022-07-17 19:42:28,729] {logging_mixin.py:115} INFO - [2022-07-17 19:42:28,729] {dagbag.py:508} INFO - Filling up the DagBag from /home/airflow/.local/lib/python3.7/site-packages/airflow/example_dags/example_latest_only.py
[2022-07-17 19:42:28,734] {processor.py:651} INFO - DAG(s) dict_keys(['latest_only']) retrieved from /home/airflow/.local/lib/python3.7/site-packages/airflow/example_dags/example_latest_only.py
[2022-07-17 19:42:28,761] {logging_mixin.py:115} INFO - [2022-07-17 19:42:28,761] {dag.py:2420} INFO - Sync 1 DAGs
[2022-07-17 19:42:28,789] {logging_mixin.py:115} INFO - [2022-07-17 19:42:28,789] {dag.py:2972} INFO - Setting next_dagrun for latest_only to 2022-07-17T15:42:28.789087+00:00, run_after=2022-07-17T19:42:28.789087+00:00
[2022-07-17 19:42:28,806] {processor.py:161} INFO - Processing /home/airflow/.local/lib/python3.7/site-packages/airflow/example_dags/example_latest_only.py took 0.080 seconds
[2022-07-17 19:42:59,294] {processor.py:153} INFO - Started process (PID=782) to work on /home/airflow/.local/lib/python3.7/site-packages/airflow/example_dags/example_latest_only.py
[2022-07-17 19:42:59,295] {processor.py:641} INFO - Processing file /home/airflow/.local/lib/python3.7/site-packages/airflow/example_dags/example_latest_only.py for tasks to queue
[2022-07-17 19:42:59,295] {logging_mixin.py:115} INFO - [2022-07-17 19:42:59,295] {dagbag.py:508} INFO - Filling up the DagBag from /home/airflow/.local/lib/python3.7/site-packages/airflow/example_dags/example_latest_only.py
[2022-07-17 19:42:59,301] {processor.py:651} INFO - DAG(s) dict_keys(['latest_only']) retrieved from /home/airflow/.local/lib/python3.7/site-packages/airflow/example_dags/example_latest_only.py
[2022-07-17 19:42:59,330] {logging_mixin.py:115} INFO - [2022-07-17 19:42:59,330] {dag.py:2420} INFO - Sync 1 DAGs
[2022-07-17 19:42:59,355] {logging_mixin.py:115} INFO - [2022-07-17 19:42:59,355] {dag.py:2972} INFO - Setting next_dagrun for latest_only to 2022-07-17T15:42:59.355609+00:00, run_after=2022-07-17T19:42:59.355609+00:00
[2022-07-17 19:42:59,368] {processor.py:161} INFO - Processing /home/airflow/.local/lib/python3.7/site-packages/airflow/example_dags/example_latest_only.py took 0.078 seconds
[2022-07-17 19:43:29,649] {processor.py:153} INFO - Started process (PID=837) to work on /home/airflow/.local/lib/python3.7/site-packages/airflow/example_dags/example_latest_only.py
[2022-07-17 19:43:29,649] {processor.py:641} INFO - Processing file /home/airflow/.local/lib/python3.7/site-packages/airflow/example_dags/example_latest_only.py for tasks to queue
[2022-07-17 19:43:29,650] {logging_mixin.py:115} INFO - [2022-07-17 19:43:29,650] {dagbag.py:508} INFO - Filling up the DagBag from /home/airflow/.local/lib/python3.7/site-packages/airflow/example_dags/example_latest_only.py
[2022-07-17 19:43:29,656] {processor.py:651} INFO - DAG(s) dict_keys(['latest_only']) retrieved from /home/airflow/.local/lib/python3.7/site-packages/airflow/example_dags/example_latest_only.py
[2022-07-17 19:43:29,685] {logging_mixin.py:115} INFO - [2022-07-17 19:43:29,685] {dag.py:2420} INFO - Sync 1 DAGs
[2022-07-17 19:43:29,721] {logging_mixin.py:115} INFO - [2022-07-17 19:43:29,721] {dag.py:2972} INFO - Setting next_dagrun for latest_only to 2022-07-17T15:43:29.721121+00:00, run_after=2022-07-17T19:43:29.721121+00:00
[2022-07-17 19:43:29,739] {processor.py:161} INFO - Processing /home/airflow/.local/lib/python3.7/site-packages/airflow/example_dags/example_latest_only.py took 0.095 seconds
[2022-07-17 19:44:00,134] {processor.py:153} INFO - Started process (PID=901) to work on /home/airflow/.local/lib/python3.7/site-packages/airflow/example_dags/example_latest_only.py
[2022-07-17 19:44:00,134] {processor.py:641} INFO - Processing file /home/airflow/.local/lib/python3.7/site-packages/airflow/example_dags/example_latest_only.py for tasks to queue
[2022-07-17 19:44:00,135] {logging_mixin.py:115} INFO - [2022-07-17 19:44:00,135] {dagbag.py:508} INFO - Filling up the DagBag from /home/airflow/.local/lib/python3.7/site-packages/airflow/example_dags/example_latest_only.py
[2022-07-17 19:44:00,140] {processor.py:651} INFO - DAG(s) dict_keys(['latest_only']) retrieved from /home/airflow/.local/lib/python3.7/site-packages/airflow/example_dags/example_latest_only.py
[2022-07-17 19:44:00,166] {logging_mixin.py:115} INFO - [2022-07-17 19:44:00,166] {dag.py:2420} INFO - Sync 1 DAGs
[2022-07-17 19:44:00,191] {logging_mixin.py:115} INFO - [2022-07-17 19:44:00,190] {dag.py:2972} INFO - Setting next_dagrun for latest_only to 2022-07-17T15:44:00.190715+00:00, run_after=2022-07-17T19:44:00.190715+00:00
[2022-07-17 19:44:00,205] {processor.py:161} INFO - Processing /home/airflow/.local/lib/python3.7/site-packages/airflow/example_dags/example_latest_only.py took 0.074 seconds
[2022-07-17 19:44:30,984] {processor.py:153} INFO - Started process (PID=965) to work on /home/airflow/.local/lib/python3.7/site-packages/airflow/example_dags/example_latest_only.py
[2022-07-17 19:44:30,985] {processor.py:641} INFO - Processing file /home/airflow/.local/lib/python3.7/site-packages/airflow/example_dags/example_latest_only.py for tasks to queue
[2022-07-17 19:44:30,985] {logging_mixin.py:115} INFO - [2022-07-17 19:44:30,985] {dagbag.py:508} INFO - Filling up the DagBag from /home/airflow/.local/lib/python3.7/site-packages/airflow/example_dags/example_latest_only.py
[2022-07-17 19:44:30,989] {processor.py:651} INFO - DAG(s) dict_keys(['latest_only']) retrieved from /home/airflow/.local/lib/python3.7/site-packages/airflow/example_dags/example_latest_only.py
[2022-07-17 19:44:31,014] {logging_mixin.py:115} INFO - [2022-07-17 19:44:31,014] {dag.py:2420} INFO - Sync 1 DAGs
[2022-07-17 19:44:31,038] {logging_mixin.py:115} INFO - [2022-07-17 19:44:31,038] {dag.py:2972} INFO - Setting next_dagrun for latest_only to 2022-07-17T15:44:31.038115+00:00, run_after=2022-07-17T19:44:31.038115+00:00
[2022-07-17 19:44:31,054] {processor.py:161} INFO - Processing /home/airflow/.local/lib/python3.7/site-packages/airflow/example_dags/example_latest_only.py took 0.073 seconds
[2022-07-17 19:45:01,322] {processor.py:153} INFO - Started process (PID=1020) to work on /home/airflow/.local/lib/python3.7/site-packages/airflow/example_dags/example_latest_only.py
[2022-07-17 19:45:01,323] {processor.py:641} INFO - Processing file /home/airflow/.local/lib/python3.7/site-packages/airflow/example_dags/example_latest_only.py for tasks to queue
[2022-07-17 19:45:01,324] {logging_mixin.py:115} INFO - [2022-07-17 19:45:01,323] {dagbag.py:508} INFO - Filling up the DagBag from /home/airflow/.local/lib/python3.7/site-packages/airflow/example_dags/example_latest_only.py
[2022-07-17 19:45:01,329] {processor.py:651} INFO - DAG(s) dict_keys(['latest_only']) retrieved from /home/airflow/.local/lib/python3.7/site-packages/airflow/example_dags/example_latest_only.py
[2022-07-17 19:45:01,358] {logging_mixin.py:115} INFO - [2022-07-17 19:45:01,358] {dag.py:2420} INFO - Sync 1 DAGs
[2022-07-17 19:45:01,383] {logging_mixin.py:115} INFO - [2022-07-17 19:45:01,383] {dag.py:2972} INFO - Setting next_dagrun for latest_only to 2022-07-17T15:45:01.383000+00:00, run_after=2022-07-17T19:45:01.383000+00:00
[2022-07-17 19:45:01,396] {processor.py:161} INFO - Processing /home/airflow/.local/lib/python3.7/site-packages/airflow/example_dags/example_latest_only.py took 0.077 seconds
[2022-07-17 19:45:31,823] {processor.py:153} INFO - Started process (PID=1084) to work on /home/airflow/.local/lib/python3.7/site-packages/airflow/example_dags/example_latest_only.py
[2022-07-17 19:45:31,824] {processor.py:641} INFO - Processing file /home/airflow/.local/lib/python3.7/site-packages/airflow/example_dags/example_latest_only.py for tasks to queue
[2022-07-17 19:45:31,825] {logging_mixin.py:115} INFO - [2022-07-17 19:45:31,825] {dagbag.py:508} INFO - Filling up the DagBag from /home/airflow/.local/lib/python3.7/site-packages/airflow/example_dags/example_latest_only.py
[2022-07-17 19:45:31,832] {processor.py:651} INFO - DAG(s) dict_keys(['latest_only']) retrieved from /home/airflow/.local/lib/python3.7/site-packages/airflow/example_dags/example_latest_only.py
[2022-07-17 19:45:31,861] {logging_mixin.py:115} INFO - [2022-07-17 19:45:31,861] {dag.py:2420} INFO - Sync 1 DAGs
[2022-07-17 19:45:31,887] {logging_mixin.py:115} INFO - [2022-07-17 19:45:31,887] {dag.py:2972} INFO - Setting next_dagrun for latest_only to 2022-07-17T15:45:31.887058+00:00, run_after=2022-07-17T19:45:31.887058+00:00
[2022-07-17 19:45:31,901] {processor.py:161} INFO - Processing /home/airflow/.local/lib/python3.7/site-packages/airflow/example_dags/example_latest_only.py took 0.086 seconds
[2022-07-17 19:46:02,575] {processor.py:153} INFO - Started process (PID=1138) to work on /home/airflow/.local/lib/python3.7/site-packages/airflow/example_dags/example_latest_only.py
[2022-07-17 19:46:02,576] {processor.py:641} INFO - Processing file /home/airflow/.local/lib/python3.7/site-packages/airflow/example_dags/example_latest_only.py for tasks to queue
[2022-07-17 19:46:02,577] {logging_mixin.py:115} INFO - [2022-07-17 19:46:02,576] {dagbag.py:508} INFO - Filling up the DagBag from /home/airflow/.local/lib/python3.7/site-packages/airflow/example_dags/example_latest_only.py
[2022-07-17 19:46:02,581] {processor.py:651} INFO - DAG(s) dict_keys(['latest_only']) retrieved from /home/airflow/.local/lib/python3.7/site-packages/airflow/example_dags/example_latest_only.py
[2022-07-17 19:46:02,619] {logging_mixin.py:115} INFO - [2022-07-17 19:46:02,619] {dag.py:2420} INFO - Sync 1 DAGs
[2022-07-17 19:46:02,657] {logging_mixin.py:115} INFO - [2022-07-17 19:46:02,657] {dag.py:2972} INFO - Setting next_dagrun for latest_only to 2022-07-17T15:46:02.656626+00:00, run_after=2022-07-17T19:46:02.656626+00:00
[2022-07-17 19:46:02,676] {processor.py:161} INFO - Processing /home/airflow/.local/lib/python3.7/site-packages/airflow/example_dags/example_latest_only.py took 0.103 seconds
[2022-07-17 19:46:32,965] {processor.py:153} INFO - Started process (PID=1202) to work on /home/airflow/.local/lib/python3.7/site-packages/airflow/example_dags/example_latest_only.py
[2022-07-17 19:46:32,966] {processor.py:641} INFO - Processing file /home/airflow/.local/lib/python3.7/site-packages/airflow/example_dags/example_latest_only.py for tasks to queue
[2022-07-17 19:46:32,967] {logging_mixin.py:115} INFO - [2022-07-17 19:46:32,966] {dagbag.py:508} INFO - Filling up the DagBag from /home/airflow/.local/lib/python3.7/site-packages/airflow/example_dags/example_latest_only.py
[2022-07-17 19:46:32,972] {processor.py:651} INFO - DAG(s) dict_keys(['latest_only']) retrieved from /home/airflow/.local/lib/python3.7/site-packages/airflow/example_dags/example_latest_only.py
[2022-07-17 19:46:33,002] {logging_mixin.py:115} INFO - [2022-07-17 19:46:33,002] {dag.py:2420} INFO - Sync 1 DAGs
[2022-07-17 19:46:33,030] {logging_mixin.py:115} INFO - [2022-07-17 19:46:33,030] {dag.py:2972} INFO - Setting next_dagrun for latest_only to 2022-07-17T15:46:33.029875+00:00, run_after=2022-07-17T19:46:33.029875+00:00
[2022-07-17 19:46:33,044] {processor.py:161} INFO - Processing /home/airflow/.local/lib/python3.7/site-packages/airflow/example_dags/example_latest_only.py took 0.084 seconds
[2022-07-17 19:47:03,160] {processor.py:153} INFO - Started process (PID=1257) to work on /home/airflow/.local/lib/python3.7/site-packages/airflow/example_dags/example_latest_only.py
[2022-07-17 19:47:03,161] {processor.py:641} INFO - Processing file /home/airflow/.local/lib/python3.7/site-packages/airflow/example_dags/example_latest_only.py for tasks to queue
[2022-07-17 19:47:03,162] {logging_mixin.py:115} INFO - [2022-07-17 19:47:03,162] {dagbag.py:508} INFO - Filling up the DagBag from /home/airflow/.local/lib/python3.7/site-packages/airflow/example_dags/example_latest_only.py
[2022-07-17 19:47:03,169] {processor.py:651} INFO - DAG(s) dict_keys(['latest_only']) retrieved from /home/airflow/.local/lib/python3.7/site-packages/airflow/example_dags/example_latest_only.py
[2022-07-17 19:47:03,204] {logging_mixin.py:115} INFO - [2022-07-17 19:47:03,204] {dag.py:2420} INFO - Sync 1 DAGs
[2022-07-17 19:47:03,234] {logging_mixin.py:115} INFO - [2022-07-17 19:47:03,234] {dag.py:2972} INFO - Setting next_dagrun for latest_only to 2022-07-17T15:47:03.233949+00:00, run_after=2022-07-17T19:47:03.233949+00:00
[2022-07-17 19:47:03,246] {processor.py:161} INFO - Processing /home/airflow/.local/lib/python3.7/site-packages/airflow/example_dags/example_latest_only.py took 0.090 seconds
[2022-07-17 19:47:33,478] {processor.py:153} INFO - Started process (PID=1322) to work on /home/airflow/.local/lib/python3.7/site-packages/airflow/example_dags/example_latest_only.py
[2022-07-17 19:47:33,478] {processor.py:641} INFO - Processing file /home/airflow/.local/lib/python3.7/site-packages/airflow/example_dags/example_latest_only.py for tasks to queue
[2022-07-17 19:47:33,479] {logging_mixin.py:115} INFO - [2022-07-17 19:47:33,479] {dagbag.py:508} INFO - Filling up the DagBag from /home/airflow/.local/lib/python3.7/site-packages/airflow/example_dags/example_latest_only.py
[2022-07-17 19:47:33,487] {processor.py:651} INFO - DAG(s) dict_keys(['latest_only']) retrieved from /home/airflow/.local/lib/python3.7/site-packages/airflow/example_dags/example_latest_only.py
[2022-07-17 19:47:33,516] {logging_mixin.py:115} INFO - [2022-07-17 19:47:33,516] {dag.py:2420} INFO - Sync 1 DAGs
[2022-07-17 19:47:33,542] {logging_mixin.py:115} INFO - [2022-07-17 19:47:33,541] {dag.py:2972} INFO - Setting next_dagrun for latest_only to 2022-07-17T15:47:33.541729+00:00, run_after=2022-07-17T19:47:33.541729+00:00
[2022-07-17 19:47:33,554] {processor.py:161} INFO - Processing /home/airflow/.local/lib/python3.7/site-packages/airflow/example_dags/example_latest_only.py took 0.084 seconds
[2022-07-17 19:48:03,740] {processor.py:153} INFO - Started process (PID=1387) to work on /home/airflow/.local/lib/python3.7/site-packages/airflow/example_dags/example_latest_only.py
[2022-07-17 19:48:03,740] {processor.py:641} INFO - Processing file /home/airflow/.local/lib/python3.7/site-packages/airflow/example_dags/example_latest_only.py for tasks to queue
[2022-07-17 19:48:03,741] {logging_mixin.py:115} INFO - [2022-07-17 19:48:03,741] {dagbag.py:508} INFO - Filling up the DagBag from /home/airflow/.local/lib/python3.7/site-packages/airflow/example_dags/example_latest_only.py
[2022-07-17 19:48:03,747] {processor.py:651} INFO - DAG(s) dict_keys(['latest_only']) retrieved from /home/airflow/.local/lib/python3.7/site-packages/airflow/example_dags/example_latest_only.py
[2022-07-17 19:48:03,784] {logging_mixin.py:115} INFO - [2022-07-17 19:48:03,784] {dag.py:2420} INFO - Sync 1 DAGs
[2022-07-17 19:48:03,821] {logging_mixin.py:115} INFO - [2022-07-17 19:48:03,821] {dag.py:2972} INFO - Setting next_dagrun for latest_only to 2022-07-17T15:48:03.821365+00:00, run_after=2022-07-17T19:48:03.821365+00:00
[2022-07-17 19:48:03,847] {processor.py:161} INFO - Processing /home/airflow/.local/lib/python3.7/site-packages/airflow/example_dags/example_latest_only.py took 0.111 seconds
[2022-07-17 19:48:34,092] {processor.py:153} INFO - Started process (PID=1442) to work on /home/airflow/.local/lib/python3.7/site-packages/airflow/example_dags/example_latest_only.py
[2022-07-17 19:48:34,093] {processor.py:641} INFO - Processing file /home/airflow/.local/lib/python3.7/site-packages/airflow/example_dags/example_latest_only.py for tasks to queue
[2022-07-17 19:48:34,094] {logging_mixin.py:115} INFO - [2022-07-17 19:48:34,093] {dagbag.py:508} INFO - Filling up the DagBag from /home/airflow/.local/lib/python3.7/site-packages/airflow/example_dags/example_latest_only.py
[2022-07-17 19:48:34,100] {processor.py:651} INFO - DAG(s) dict_keys(['latest_only']) retrieved from /home/airflow/.local/lib/python3.7/site-packages/airflow/example_dags/example_latest_only.py
[2022-07-17 19:48:34,128] {logging_mixin.py:115} INFO - [2022-07-17 19:48:34,128] {dag.py:2420} INFO - Sync 1 DAGs
[2022-07-17 19:48:34,152] {logging_mixin.py:115} INFO - [2022-07-17 19:48:34,152] {dag.py:2972} INFO - Setting next_dagrun for latest_only to 2022-07-17T15:48:34.152146+00:00, run_after=2022-07-17T19:48:34.152146+00:00
[2022-07-17 19:48:34,164] {processor.py:161} INFO - Processing /home/airflow/.local/lib/python3.7/site-packages/airflow/example_dags/example_latest_only.py took 0.076 seconds
[2022-07-17 19:49:04,272] {processor.py:153} INFO - Started process (PID=1507) to work on /home/airflow/.local/lib/python3.7/site-packages/airflow/example_dags/example_latest_only.py
[2022-07-17 19:49:04,273] {processor.py:641} INFO - Processing file /home/airflow/.local/lib/python3.7/site-packages/airflow/example_dags/example_latest_only.py for tasks to queue
[2022-07-17 19:49:04,274] {logging_mixin.py:115} INFO - [2022-07-17 19:49:04,273] {dagbag.py:508} INFO - Filling up the DagBag from /home/airflow/.local/lib/python3.7/site-packages/airflow/example_dags/example_latest_only.py
[2022-07-17 19:49:04,281] {processor.py:651} INFO - DAG(s) dict_keys(['latest_only']) retrieved from /home/airflow/.local/lib/python3.7/site-packages/airflow/example_dags/example_latest_only.py
[2022-07-17 19:49:04,311] {logging_mixin.py:115} INFO - [2022-07-17 19:49:04,311] {dag.py:2420} INFO - Sync 1 DAGs
[2022-07-17 19:49:04,338] {logging_mixin.py:115} INFO - [2022-07-17 19:49:04,338] {dag.py:2972} INFO - Setting next_dagrun for latest_only to 2022-07-17T15:49:04.338051+00:00, run_after=2022-07-17T19:49:04.338051+00:00
[2022-07-17 19:49:04,351] {processor.py:161} INFO - Processing /home/airflow/.local/lib/python3.7/site-packages/airflow/example_dags/example_latest_only.py took 0.083 seconds
[2022-07-17 19:49:34,779] {processor.py:153} INFO - Started process (PID=1562) to work on /home/airflow/.local/lib/python3.7/site-packages/airflow/example_dags/example_latest_only.py
[2022-07-17 19:49:34,779] {processor.py:641} INFO - Processing file /home/airflow/.local/lib/python3.7/site-packages/airflow/example_dags/example_latest_only.py for tasks to queue
[2022-07-17 19:49:34,780] {logging_mixin.py:115} INFO - [2022-07-17 19:49:34,780] {dagbag.py:508} INFO - Filling up the DagBag from /home/airflow/.local/lib/python3.7/site-packages/airflow/example_dags/example_latest_only.py
[2022-07-17 19:49:34,786] {processor.py:651} INFO - DAG(s) dict_keys(['latest_only']) retrieved from /home/airflow/.local/lib/python3.7/site-packages/airflow/example_dags/example_latest_only.py
[2022-07-17 19:49:34,815] {logging_mixin.py:115} INFO - [2022-07-17 19:49:34,815] {dag.py:2420} INFO - Sync 1 DAGs
[2022-07-17 19:49:34,843] {logging_mixin.py:115} INFO - [2022-07-17 19:49:34,843] {dag.py:2972} INFO - Setting next_dagrun for latest_only to 2022-07-17T15:49:34.843154+00:00, run_after=2022-07-17T19:49:34.843154+00:00
[2022-07-17 19:49:34,857] {processor.py:161} INFO - Processing /home/airflow/.local/lib/python3.7/site-packages/airflow/example_dags/example_latest_only.py took 0.082 seconds
[2022-07-17 19:50:05,215] {processor.py:153} INFO - Started process (PID=1626) to work on /home/airflow/.local/lib/python3.7/site-packages/airflow/example_dags/example_latest_only.py
[2022-07-17 19:50:05,215] {processor.py:641} INFO - Processing file /home/airflow/.local/lib/python3.7/site-packages/airflow/example_dags/example_latest_only.py for tasks to queue
[2022-07-17 19:50:05,216] {logging_mixin.py:115} INFO - [2022-07-17 19:50:05,216] {dagbag.py:508} INFO - Filling up the DagBag from /home/airflow/.local/lib/python3.7/site-packages/airflow/example_dags/example_latest_only.py
[2022-07-17 19:50:05,222] {processor.py:651} INFO - DAG(s) dict_keys(['latest_only']) retrieved from /home/airflow/.local/lib/python3.7/site-packages/airflow/example_dags/example_latest_only.py
[2022-07-17 19:50:05,249] {logging_mixin.py:115} INFO - [2022-07-17 19:50:05,249] {dag.py:2420} INFO - Sync 1 DAGs
[2022-07-17 19:50:05,275] {logging_mixin.py:115} INFO - [2022-07-17 19:50:05,275] {dag.py:2972} INFO - Setting next_dagrun for latest_only to 2022-07-17T15:50:05.275189+00:00, run_after=2022-07-17T19:50:05.275189+00:00
[2022-07-17 19:50:05,294] {processor.py:161} INFO - Processing /home/airflow/.local/lib/python3.7/site-packages/airflow/example_dags/example_latest_only.py took 0.082 seconds
[2022-07-17 19:50:35,525] {processor.py:153} INFO - Started process (PID=1683) to work on /home/airflow/.local/lib/python3.7/site-packages/airflow/example_dags/example_latest_only.py
[2022-07-17 19:50:35,526] {processor.py:641} INFO - Processing file /home/airflow/.local/lib/python3.7/site-packages/airflow/example_dags/example_latest_only.py for tasks to queue
[2022-07-17 19:50:35,527] {logging_mixin.py:115} INFO - [2022-07-17 19:50:35,527] {dagbag.py:508} INFO - Filling up the DagBag from /home/airflow/.local/lib/python3.7/site-packages/airflow/example_dags/example_latest_only.py
[2022-07-17 19:50:35,534] {processor.py:651} INFO - DAG(s) dict_keys(['latest_only']) retrieved from /home/airflow/.local/lib/python3.7/site-packages/airflow/example_dags/example_latest_only.py
[2022-07-17 19:50:35,566] {logging_mixin.py:115} INFO - [2022-07-17 19:50:35,566] {dag.py:2420} INFO - Sync 1 DAGs
[2022-07-17 19:50:35,592] {logging_mixin.py:115} INFO - [2022-07-17 19:50:35,592] {dag.py:2972} INFO - Setting next_dagrun for latest_only to 2022-07-17T15:50:35.592522+00:00, run_after=2022-07-17T19:50:35.592522+00:00
[2022-07-17 19:50:35,606] {processor.py:161} INFO - Processing /home/airflow/.local/lib/python3.7/site-packages/airflow/example_dags/example_latest_only.py took 0.087 seconds
[2022-07-17 19:51:06,046] {processor.py:153} INFO - Started process (PID=1750) to work on /home/airflow/.local/lib/python3.7/site-packages/airflow/example_dags/example_latest_only.py
[2022-07-17 19:51:06,047] {processor.py:641} INFO - Processing file /home/airflow/.local/lib/python3.7/site-packages/airflow/example_dags/example_latest_only.py for tasks to queue
[2022-07-17 19:51:06,047] {logging_mixin.py:115} INFO - [2022-07-17 19:51:06,047] {dagbag.py:508} INFO - Filling up the DagBag from /home/airflow/.local/lib/python3.7/site-packages/airflow/example_dags/example_latest_only.py
[2022-07-17 19:51:06,052] {processor.py:651} INFO - DAG(s) dict_keys(['latest_only']) retrieved from /home/airflow/.local/lib/python3.7/site-packages/airflow/example_dags/example_latest_only.py
[2022-07-17 19:51:06,077] {logging_mixin.py:115} INFO - [2022-07-17 19:51:06,077] {dag.py:2420} INFO - Sync 1 DAGs
[2022-07-17 19:51:06,101] {logging_mixin.py:115} INFO - [2022-07-17 19:51:06,101] {dag.py:2972} INFO - Setting next_dagrun for latest_only to 2022-07-17T15:51:06.100846+00:00, run_after=2022-07-17T19:51:06.100846+00:00
[2022-07-17 19:51:06,114] {processor.py:161} INFO - Processing /home/airflow/.local/lib/python3.7/site-packages/airflow/example_dags/example_latest_only.py took 0.070 seconds
[2022-07-17 19:51:36,189] {processor.py:153} INFO - Started process (PID=1812) to work on /home/airflow/.local/lib/python3.7/site-packages/airflow/example_dags/example_latest_only.py
[2022-07-17 19:51:36,189] {processor.py:641} INFO - Processing file /home/airflow/.local/lib/python3.7/site-packages/airflow/example_dags/example_latest_only.py for tasks to queue
[2022-07-17 19:51:36,190] {logging_mixin.py:115} INFO - [2022-07-17 19:51:36,190] {dagbag.py:508} INFO - Filling up the DagBag from /home/airflow/.local/lib/python3.7/site-packages/airflow/example_dags/example_latest_only.py
[2022-07-17 19:51:36,195] {processor.py:651} INFO - DAG(s) dict_keys(['latest_only']) retrieved from /home/airflow/.local/lib/python3.7/site-packages/airflow/example_dags/example_latest_only.py
[2022-07-17 19:51:36,227] {logging_mixin.py:115} INFO - [2022-07-17 19:51:36,227] {dag.py:2420} INFO - Sync 1 DAGs
[2022-07-17 19:51:36,263] {logging_mixin.py:115} INFO - [2022-07-17 19:51:36,263] {dag.py:2972} INFO - Setting next_dagrun for latest_only to 2022-07-17T15:51:36.262684+00:00, run_after=2022-07-17T19:51:36.262684+00:00
[2022-07-17 19:51:36,279] {processor.py:161} INFO - Processing /home/airflow/.local/lib/python3.7/site-packages/airflow/example_dags/example_latest_only.py took 0.094 seconds
[2022-07-17 19:52:06,477] {processor.py:153} INFO - Started process (PID=1867) to work on /home/airflow/.local/lib/python3.7/site-packages/airflow/example_dags/example_latest_only.py
[2022-07-17 19:52:06,477] {processor.py:641} INFO - Processing file /home/airflow/.local/lib/python3.7/site-packages/airflow/example_dags/example_latest_only.py for tasks to queue
[2022-07-17 19:52:06,478] {logging_mixin.py:115} INFO - [2022-07-17 19:52:06,478] {dagbag.py:508} INFO - Filling up the DagBag from /home/airflow/.local/lib/python3.7/site-packages/airflow/example_dags/example_latest_only.py
[2022-07-17 19:52:06,482] {processor.py:651} INFO - DAG(s) dict_keys(['latest_only']) retrieved from /home/airflow/.local/lib/python3.7/site-packages/airflow/example_dags/example_latest_only.py
[2022-07-17 19:52:06,507] {logging_mixin.py:115} INFO - [2022-07-17 19:52:06,507] {dag.py:2420} INFO - Sync 1 DAGs
[2022-07-17 19:52:06,540] {logging_mixin.py:115} INFO - [2022-07-17 19:52:06,540] {dag.py:2972} INFO - Setting next_dagrun for latest_only to 2022-07-17T15:52:06.539742+00:00, run_after=2022-07-17T19:52:06.539742+00:00
[2022-07-17 19:52:06,554] {processor.py:161} INFO - Processing /home/airflow/.local/lib/python3.7/site-packages/airflow/example_dags/example_latest_only.py took 0.080 seconds
[2022-07-17 19:52:36,946] {processor.py:153} INFO - Started process (PID=1933) to work on /home/airflow/.local/lib/python3.7/site-packages/airflow/example_dags/example_latest_only.py
[2022-07-17 19:52:36,946] {processor.py:641} INFO - Processing file /home/airflow/.local/lib/python3.7/site-packages/airflow/example_dags/example_latest_only.py for tasks to queue
[2022-07-17 19:52:36,947] {logging_mixin.py:115} INFO - [2022-07-17 19:52:36,947] {dagbag.py:508} INFO - Filling up the DagBag from /home/airflow/.local/lib/python3.7/site-packages/airflow/example_dags/example_latest_only.py
[2022-07-17 19:52:36,955] {processor.py:651} INFO - DAG(s) dict_keys(['latest_only']) retrieved from /home/airflow/.local/lib/python3.7/site-packages/airflow/example_dags/example_latest_only.py
[2022-07-17 19:52:36,989] {logging_mixin.py:115} INFO - [2022-07-17 19:52:36,989] {dag.py:2420} INFO - Sync 1 DAGs
[2022-07-17 19:52:37,017] {logging_mixin.py:115} INFO - [2022-07-17 19:52:37,017] {dag.py:2972} INFO - Setting next_dagrun for latest_only to 2022-07-17T15:52:37.017146+00:00, run_after=2022-07-17T19:52:37.017146+00:00
[2022-07-17 19:52:37,030] {processor.py:161} INFO - Processing /home/airflow/.local/lib/python3.7/site-packages/airflow/example_dags/example_latest_only.py took 0.089 seconds
[2022-07-17 19:53:07,168] {processor.py:153} INFO - Started process (PID=1987) to work on /home/airflow/.local/lib/python3.7/site-packages/airflow/example_dags/example_latest_only.py
[2022-07-17 19:53:07,168] {processor.py:641} INFO - Processing file /home/airflow/.local/lib/python3.7/site-packages/airflow/example_dags/example_latest_only.py for tasks to queue
[2022-07-17 19:53:07,169] {logging_mixin.py:115} INFO - [2022-07-17 19:53:07,169] {dagbag.py:508} INFO - Filling up the DagBag from /home/airflow/.local/lib/python3.7/site-packages/airflow/example_dags/example_latest_only.py
[2022-07-17 19:53:07,175] {processor.py:651} INFO - DAG(s) dict_keys(['latest_only']) retrieved from /home/airflow/.local/lib/python3.7/site-packages/airflow/example_dags/example_latest_only.py
[2022-07-17 19:53:07,213] {logging_mixin.py:115} INFO - [2022-07-17 19:53:07,213] {dag.py:2420} INFO - Sync 1 DAGs
[2022-07-17 19:53:07,253] {logging_mixin.py:115} INFO - [2022-07-17 19:53:07,253] {dag.py:2972} INFO - Setting next_dagrun for latest_only to 2022-07-17T15:53:07.252857+00:00, run_after=2022-07-17T19:53:07.252857+00:00
[2022-07-17 19:53:07,270] {processor.py:161} INFO - Processing /home/airflow/.local/lib/python3.7/site-packages/airflow/example_dags/example_latest_only.py took 0.106 seconds
[2022-07-17 19:53:37,630] {processor.py:153} INFO - Started process (PID=2050) to work on /home/airflow/.local/lib/python3.7/site-packages/airflow/example_dags/example_latest_only.py
[2022-07-17 19:53:37,631] {processor.py:641} INFO - Processing file /home/airflow/.local/lib/python3.7/site-packages/airflow/example_dags/example_latest_only.py for tasks to queue
[2022-07-17 19:53:37,632] {logging_mixin.py:115} INFO - [2022-07-17 19:53:37,632] {dagbag.py:508} INFO - Filling up the DagBag from /home/airflow/.local/lib/python3.7/site-packages/airflow/example_dags/example_latest_only.py
[2022-07-17 19:53:37,638] {processor.py:651} INFO - DAG(s) dict_keys(['latest_only']) retrieved from /home/airflow/.local/lib/python3.7/site-packages/airflow/example_dags/example_latest_only.py
[2022-07-17 19:53:37,666] {logging_mixin.py:115} INFO - [2022-07-17 19:53:37,666] {dag.py:2420} INFO - Sync 1 DAGs
[2022-07-17 19:53:37,698] {logging_mixin.py:115} INFO - [2022-07-17 19:53:37,697] {dag.py:2972} INFO - Setting next_dagrun for latest_only to 2022-07-17T15:53:37.697518+00:00, run_after=2022-07-17T19:53:37.697518+00:00
[2022-07-17 19:53:37,712] {processor.py:161} INFO - Processing /home/airflow/.local/lib/python3.7/site-packages/airflow/example_dags/example_latest_only.py took 0.086 seconds
[2022-07-17 19:54:07,827] {processor.py:153} INFO - Started process (PID=2106) to work on /home/airflow/.local/lib/python3.7/site-packages/airflow/example_dags/example_latest_only.py
[2022-07-17 19:54:07,828] {processor.py:641} INFO - Processing file /home/airflow/.local/lib/python3.7/site-packages/airflow/example_dags/example_latest_only.py for tasks to queue
[2022-07-17 19:54:07,828] {logging_mixin.py:115} INFO - [2022-07-17 19:54:07,828] {dagbag.py:508} INFO - Filling up the DagBag from /home/airflow/.local/lib/python3.7/site-packages/airflow/example_dags/example_latest_only.py
[2022-07-17 19:54:07,833] {processor.py:651} INFO - DAG(s) dict_keys(['latest_only']) retrieved from /home/airflow/.local/lib/python3.7/site-packages/airflow/example_dags/example_latest_only.py
[2022-07-17 19:54:07,859] {logging_mixin.py:115} INFO - [2022-07-17 19:54:07,859] {dag.py:2420} INFO - Sync 1 DAGs
[2022-07-17 19:54:07,886] {logging_mixin.py:115} INFO - [2022-07-17 19:54:07,886] {dag.py:2972} INFO - Setting next_dagrun for latest_only to 2022-07-17T15:54:07.886501+00:00, run_after=2022-07-17T19:54:07.886501+00:00
[2022-07-17 19:54:07,905] {processor.py:161} INFO - Processing /home/airflow/.local/lib/python3.7/site-packages/airflow/example_dags/example_latest_only.py took 0.081 seconds
[2022-07-17 19:54:38,044] {processor.py:153} INFO - Started process (PID=2170) to work on /home/airflow/.local/lib/python3.7/site-packages/airflow/example_dags/example_latest_only.py
[2022-07-17 19:54:38,044] {processor.py:641} INFO - Processing file /home/airflow/.local/lib/python3.7/site-packages/airflow/example_dags/example_latest_only.py for tasks to queue
[2022-07-17 19:54:38,045] {logging_mixin.py:115} INFO - [2022-07-17 19:54:38,045] {dagbag.py:508} INFO - Filling up the DagBag from /home/airflow/.local/lib/python3.7/site-packages/airflow/example_dags/example_latest_only.py
[2022-07-17 19:54:38,053] {processor.py:651} INFO - DAG(s) dict_keys(['latest_only']) retrieved from /home/airflow/.local/lib/python3.7/site-packages/airflow/example_dags/example_latest_only.py
[2022-07-17 19:54:38,082] {logging_mixin.py:115} INFO - [2022-07-17 19:54:38,082] {dag.py:2420} INFO - Sync 1 DAGs
[2022-07-17 19:54:38,111] {logging_mixin.py:115} INFO - [2022-07-17 19:54:38,111] {dag.py:2972} INFO - Setting next_dagrun for latest_only to 2022-07-17T15:54:38.110837+00:00, run_after=2022-07-17T19:54:38.110837+00:00
[2022-07-17 19:54:38,125] {processor.py:161} INFO - Processing /home/airflow/.local/lib/python3.7/site-packages/airflow/example_dags/example_latest_only.py took 0.087 seconds
[2022-07-17 19:55:08,264] {processor.py:153} INFO - Started process (PID=2234) to work on /home/airflow/.local/lib/python3.7/site-packages/airflow/example_dags/example_latest_only.py
[2022-07-17 19:55:08,264] {processor.py:641} INFO - Processing file /home/airflow/.local/lib/python3.7/site-packages/airflow/example_dags/example_latest_only.py for tasks to queue
[2022-07-17 19:55:08,265] {logging_mixin.py:115} INFO - [2022-07-17 19:55:08,265] {dagbag.py:508} INFO - Filling up the DagBag from /home/airflow/.local/lib/python3.7/site-packages/airflow/example_dags/example_latest_only.py
[2022-07-17 19:55:08,272] {processor.py:651} INFO - DAG(s) dict_keys(['latest_only']) retrieved from /home/airflow/.local/lib/python3.7/site-packages/airflow/example_dags/example_latest_only.py
[2022-07-17 19:55:08,304] {logging_mixin.py:115} INFO - [2022-07-17 19:55:08,303] {dag.py:2420} INFO - Sync 1 DAGs
[2022-07-17 19:55:08,329] {logging_mixin.py:115} INFO - [2022-07-17 19:55:08,329] {dag.py:2972} INFO - Setting next_dagrun for latest_only to 2022-07-17T15:55:08.329181+00:00, run_after=2022-07-17T19:55:08.329181+00:00
[2022-07-17 19:55:08,342] {processor.py:161} INFO - Processing /home/airflow/.local/lib/python3.7/site-packages/airflow/example_dags/example_latest_only.py took 0.083 seconds
[2022-07-17 19:55:38,789] {processor.py:153} INFO - Started process (PID=2291) to work on /home/airflow/.local/lib/python3.7/site-packages/airflow/example_dags/example_latest_only.py
[2022-07-17 19:55:38,790] {processor.py:641} INFO - Processing file /home/airflow/.local/lib/python3.7/site-packages/airflow/example_dags/example_latest_only.py for tasks to queue
[2022-07-17 19:55:38,791] {logging_mixin.py:115} INFO - [2022-07-17 19:55:38,791] {dagbag.py:508} INFO - Filling up the DagBag from /home/airflow/.local/lib/python3.7/site-packages/airflow/example_dags/example_latest_only.py
[2022-07-17 19:55:38,800] {processor.py:651} INFO - DAG(s) dict_keys(['latest_only']) retrieved from /home/airflow/.local/lib/python3.7/site-packages/airflow/example_dags/example_latest_only.py
[2022-07-17 19:55:38,828] {logging_mixin.py:115} INFO - [2022-07-17 19:55:38,828] {dag.py:2420} INFO - Sync 1 DAGs
[2022-07-17 19:55:38,855] {logging_mixin.py:115} INFO - [2022-07-17 19:55:38,854] {dag.py:2972} INFO - Setting next_dagrun for latest_only to 2022-07-17T15:55:38.854675+00:00, run_after=2022-07-17T19:55:38.854675+00:00
[2022-07-17 19:55:38,868] {processor.py:161} INFO - Processing /home/airflow/.local/lib/python3.7/site-packages/airflow/example_dags/example_latest_only.py took 0.086 seconds
[2022-07-17 19:56:09,413] {processor.py:153} INFO - Started process (PID=2357) to work on /home/airflow/.local/lib/python3.7/site-packages/airflow/example_dags/example_latest_only.py
[2022-07-17 19:56:09,413] {processor.py:641} INFO - Processing file /home/airflow/.local/lib/python3.7/site-packages/airflow/example_dags/example_latest_only.py for tasks to queue
[2022-07-17 19:56:09,414] {logging_mixin.py:115} INFO - [2022-07-17 19:56:09,414] {dagbag.py:508} INFO - Filling up the DagBag from /home/airflow/.local/lib/python3.7/site-packages/airflow/example_dags/example_latest_only.py
[2022-07-17 19:56:09,421] {processor.py:651} INFO - DAG(s) dict_keys(['latest_only']) retrieved from /home/airflow/.local/lib/python3.7/site-packages/airflow/example_dags/example_latest_only.py
[2022-07-17 19:56:09,459] {logging_mixin.py:115} INFO - [2022-07-17 19:56:09,459] {dag.py:2420} INFO - Sync 1 DAGs
[2022-07-17 19:56:09,491] {logging_mixin.py:115} INFO - [2022-07-17 19:56:09,491] {dag.py:2972} INFO - Setting next_dagrun for latest_only to 2022-07-17T15:56:09.491205+00:00, run_after=2022-07-17T19:56:09.491205+00:00
[2022-07-17 19:56:09,507] {processor.py:161} INFO - Processing /home/airflow/.local/lib/python3.7/site-packages/airflow/example_dags/example_latest_only.py took 0.097 seconds
[2022-07-17 19:56:39,601] {processor.py:153} INFO - Started process (PID=2412) to work on /home/airflow/.local/lib/python3.7/site-packages/airflow/example_dags/example_latest_only.py
[2022-07-17 19:56:39,602] {processor.py:641} INFO - Processing file /home/airflow/.local/lib/python3.7/site-packages/airflow/example_dags/example_latest_only.py for tasks to queue
[2022-07-17 19:56:39,603] {logging_mixin.py:115} INFO - [2022-07-17 19:56:39,603] {dagbag.py:508} INFO - Filling up the DagBag from /home/airflow/.local/lib/python3.7/site-packages/airflow/example_dags/example_latest_only.py
[2022-07-17 19:56:39,611] {processor.py:651} INFO - DAG(s) dict_keys(['latest_only']) retrieved from /home/airflow/.local/lib/python3.7/site-packages/airflow/example_dags/example_latest_only.py
[2022-07-17 19:56:39,641] {logging_mixin.py:115} INFO - [2022-07-17 19:56:39,641] {dag.py:2420} INFO - Sync 1 DAGs
[2022-07-17 19:56:39,670] {logging_mixin.py:115} INFO - [2022-07-17 19:56:39,670] {dag.py:2972} INFO - Setting next_dagrun for latest_only to 2022-07-17T15:56:39.669906+00:00, run_after=2022-07-17T19:56:39.669906+00:00
[2022-07-17 19:56:39,685] {processor.py:161} INFO - Processing /home/airflow/.local/lib/python3.7/site-packages/airflow/example_dags/example_latest_only.py took 0.091 seconds
[2022-07-17 19:57:09,818] {processor.py:153} INFO - Started process (PID=2476) to work on /home/airflow/.local/lib/python3.7/site-packages/airflow/example_dags/example_latest_only.py
[2022-07-17 19:57:09,818] {processor.py:641} INFO - Processing file /home/airflow/.local/lib/python3.7/site-packages/airflow/example_dags/example_latest_only.py for tasks to queue
[2022-07-17 19:57:09,819] {logging_mixin.py:115} INFO - [2022-07-17 19:57:09,819] {dagbag.py:508} INFO - Filling up the DagBag from /home/airflow/.local/lib/python3.7/site-packages/airflow/example_dags/example_latest_only.py
[2022-07-17 19:57:09,823] {processor.py:651} INFO - DAG(s) dict_keys(['latest_only']) retrieved from /home/airflow/.local/lib/python3.7/site-packages/airflow/example_dags/example_latest_only.py
[2022-07-17 19:57:09,850] {logging_mixin.py:115} INFO - [2022-07-17 19:57:09,850] {dag.py:2420} INFO - Sync 1 DAGs
[2022-07-17 19:57:09,874] {logging_mixin.py:115} INFO - [2022-07-17 19:57:09,874] {dag.py:2972} INFO - Setting next_dagrun for latest_only to 2022-07-17T15:57:09.874278+00:00, run_after=2022-07-17T19:57:09.874278+00:00
[2022-07-17 19:57:09,888] {processor.py:161} INFO - Processing /home/airflow/.local/lib/python3.7/site-packages/airflow/example_dags/example_latest_only.py took 0.073 seconds
[2022-07-17 19:57:40,083] {processor.py:153} INFO - Started process (PID=2531) to work on /home/airflow/.local/lib/python3.7/site-packages/airflow/example_dags/example_latest_only.py
[2022-07-17 19:57:40,083] {processor.py:641} INFO - Processing file /home/airflow/.local/lib/python3.7/site-packages/airflow/example_dags/example_latest_only.py for tasks to queue
[2022-07-17 19:57:40,084] {logging_mixin.py:115} INFO - [2022-07-17 19:57:40,084] {dagbag.py:508} INFO - Filling up the DagBag from /home/airflow/.local/lib/python3.7/site-packages/airflow/example_dags/example_latest_only.py
[2022-07-17 19:57:40,091] {processor.py:651} INFO - DAG(s) dict_keys(['latest_only']) retrieved from /home/airflow/.local/lib/python3.7/site-packages/airflow/example_dags/example_latest_only.py
[2022-07-17 19:57:40,120] {logging_mixin.py:115} INFO - [2022-07-17 19:57:40,120] {dag.py:2420} INFO - Sync 1 DAGs
[2022-07-17 19:57:40,147] {logging_mixin.py:115} INFO - [2022-07-17 19:57:40,146] {dag.py:2972} INFO - Setting next_dagrun for latest_only to 2022-07-17T15:57:40.146547+00:00, run_after=2022-07-17T19:57:40.146547+00:00
[2022-07-17 19:57:40,160] {processor.py:161} INFO - Processing /home/airflow/.local/lib/python3.7/site-packages/airflow/example_dags/example_latest_only.py took 0.083 seconds
[2022-07-17 19:58:10,266] {processor.py:153} INFO - Started process (PID=2595) to work on /home/airflow/.local/lib/python3.7/site-packages/airflow/example_dags/example_latest_only.py
[2022-07-17 19:58:10,267] {processor.py:641} INFO - Processing file /home/airflow/.local/lib/python3.7/site-packages/airflow/example_dags/example_latest_only.py for tasks to queue
[2022-07-17 19:58:10,267] {logging_mixin.py:115} INFO - [2022-07-17 19:58:10,267] {dagbag.py:508} INFO - Filling up the DagBag from /home/airflow/.local/lib/python3.7/site-packages/airflow/example_dags/example_latest_only.py
[2022-07-17 19:58:10,273] {processor.py:651} INFO - DAG(s) dict_keys(['latest_only']) retrieved from /home/airflow/.local/lib/python3.7/site-packages/airflow/example_dags/example_latest_only.py
[2022-07-17 19:58:10,304] {logging_mixin.py:115} INFO - [2022-07-17 19:58:10,303] {dag.py:2420} INFO - Sync 1 DAGs
[2022-07-17 19:58:10,332] {logging_mixin.py:115} INFO - [2022-07-17 19:58:10,332] {dag.py:2972} INFO - Setting next_dagrun for latest_only to 2022-07-17T15:58:10.332211+00:00, run_after=2022-07-17T19:58:10.332211+00:00
[2022-07-17 19:58:10,346] {processor.py:161} INFO - Processing /home/airflow/.local/lib/python3.7/site-packages/airflow/example_dags/example_latest_only.py took 0.084 seconds
[2022-07-17 19:58:40,416] {processor.py:153} INFO - Started process (PID=2657) to work on /home/airflow/.local/lib/python3.7/site-packages/airflow/example_dags/example_latest_only.py
[2022-07-17 19:58:40,417] {processor.py:641} INFO - Processing file /home/airflow/.local/lib/python3.7/site-packages/airflow/example_dags/example_latest_only.py for tasks to queue
[2022-07-17 19:58:40,417] {logging_mixin.py:115} INFO - [2022-07-17 19:58:40,417] {dagbag.py:508} INFO - Filling up the DagBag from /home/airflow/.local/lib/python3.7/site-packages/airflow/example_dags/example_latest_only.py
[2022-07-17 19:58:40,422] {processor.py:651} INFO - DAG(s) dict_keys(['latest_only']) retrieved from /home/airflow/.local/lib/python3.7/site-packages/airflow/example_dags/example_latest_only.py
[2022-07-17 19:58:40,452] {logging_mixin.py:115} INFO - [2022-07-17 19:58:40,452] {dag.py:2420} INFO - Sync 1 DAGs
[2022-07-17 19:58:40,479] {logging_mixin.py:115} INFO - [2022-07-17 19:58:40,478] {dag.py:2972} INFO - Setting next_dagrun for latest_only to 2022-07-17T15:58:40.478643+00:00, run_after=2022-07-17T19:58:40.478643+00:00
[2022-07-17 19:58:40,494] {processor.py:161} INFO - Processing /home/airflow/.local/lib/python3.7/site-packages/airflow/example_dags/example_latest_only.py took 0.081 seconds
[2022-07-17 19:59:10,867] {processor.py:153} INFO - Started process (PID=2714) to work on /home/airflow/.local/lib/python3.7/site-packages/airflow/example_dags/example_latest_only.py
[2022-07-17 19:59:10,868] {processor.py:641} INFO - Processing file /home/airflow/.local/lib/python3.7/site-packages/airflow/example_dags/example_latest_only.py for tasks to queue
[2022-07-17 19:59:10,869] {logging_mixin.py:115} INFO - [2022-07-17 19:59:10,869] {dagbag.py:508} INFO - Filling up the DagBag from /home/airflow/.local/lib/python3.7/site-packages/airflow/example_dags/example_latest_only.py
[2022-07-17 19:59:10,875] {processor.py:651} INFO - DAG(s) dict_keys(['latest_only']) retrieved from /home/airflow/.local/lib/python3.7/site-packages/airflow/example_dags/example_latest_only.py
[2022-07-17 19:59:10,904] {logging_mixin.py:115} INFO - [2022-07-17 19:59:10,904] {dag.py:2420} INFO - Sync 1 DAGs
[2022-07-17 19:59:10,929] {logging_mixin.py:115} INFO - [2022-07-17 19:59:10,929] {dag.py:2972} INFO - Setting next_dagrun for latest_only to 2022-07-17T15:59:10.928985+00:00, run_after=2022-07-17T19:59:10.928985+00:00
[2022-07-17 19:59:10,941] {processor.py:161} INFO - Processing /home/airflow/.local/lib/python3.7/site-packages/airflow/example_dags/example_latest_only.py took 0.080 seconds
[2022-07-17 19:59:41,047] {processor.py:153} INFO - Started process (PID=2779) to work on /home/airflow/.local/lib/python3.7/site-packages/airflow/example_dags/example_latest_only.py
[2022-07-17 19:59:41,047] {processor.py:641} INFO - Processing file /home/airflow/.local/lib/python3.7/site-packages/airflow/example_dags/example_latest_only.py for tasks to queue
[2022-07-17 19:59:41,048] {logging_mixin.py:115} INFO - [2022-07-17 19:59:41,048] {dagbag.py:508} INFO - Filling up the DagBag from /home/airflow/.local/lib/python3.7/site-packages/airflow/example_dags/example_latest_only.py
[2022-07-17 19:59:41,052] {processor.py:651} INFO - DAG(s) dict_keys(['latest_only']) retrieved from /home/airflow/.local/lib/python3.7/site-packages/airflow/example_dags/example_latest_only.py
[2022-07-17 19:59:41,084] {logging_mixin.py:115} INFO - [2022-07-17 19:59:41,084] {dag.py:2420} INFO - Sync 1 DAGs
[2022-07-17 19:59:41,119] {logging_mixin.py:115} INFO - [2022-07-17 19:59:41,119] {dag.py:2972} INFO - Setting next_dagrun for latest_only to 2022-07-17T15:59:41.119399+00:00, run_after=2022-07-17T19:59:41.119399+00:00
[2022-07-17 19:59:41,136] {processor.py:161} INFO - Processing /home/airflow/.local/lib/python3.7/site-packages/airflow/example_dags/example_latest_only.py took 0.092 seconds
[2022-07-17 20:00:11,422] {processor.py:153} INFO - Started process (PID=2835) to work on /home/airflow/.local/lib/python3.7/site-packages/airflow/example_dags/example_latest_only.py
[2022-07-17 20:00:11,423] {processor.py:641} INFO - Processing file /home/airflow/.local/lib/python3.7/site-packages/airflow/example_dags/example_latest_only.py for tasks to queue
[2022-07-17 20:00:11,424] {logging_mixin.py:115} INFO - [2022-07-17 20:00:11,424] {dagbag.py:508} INFO - Filling up the DagBag from /home/airflow/.local/lib/python3.7/site-packages/airflow/example_dags/example_latest_only.py
[2022-07-17 20:00:11,431] {processor.py:651} INFO - DAG(s) dict_keys(['latest_only']) retrieved from /home/airflow/.local/lib/python3.7/site-packages/airflow/example_dags/example_latest_only.py
[2022-07-17 20:00:11,462] {logging_mixin.py:115} INFO - [2022-07-17 20:00:11,462] {dag.py:2420} INFO - Sync 1 DAGs
[2022-07-17 20:00:11,488] {logging_mixin.py:115} INFO - [2022-07-17 20:00:11,488] {dag.py:2972} INFO - Setting next_dagrun for latest_only to 2022-07-17T16:00:11.487894+00:00, run_after=2022-07-17T20:00:11.487894+00:00
[2022-07-17 20:00:11,502] {processor.py:161} INFO - Processing /home/airflow/.local/lib/python3.7/site-packages/airflow/example_dags/example_latest_only.py took 0.089 seconds
[2022-07-17 20:00:41,971] {processor.py:153} INFO - Started process (PID=2900) to work on /home/airflow/.local/lib/python3.7/site-packages/airflow/example_dags/example_latest_only.py
[2022-07-17 20:00:41,972] {processor.py:641} INFO - Processing file /home/airflow/.local/lib/python3.7/site-packages/airflow/example_dags/example_latest_only.py for tasks to queue
[2022-07-17 20:00:41,973] {logging_mixin.py:115} INFO - [2022-07-17 20:00:41,973] {dagbag.py:508} INFO - Filling up the DagBag from /home/airflow/.local/lib/python3.7/site-packages/airflow/example_dags/example_latest_only.py
[2022-07-17 20:00:41,979] {processor.py:651} INFO - DAG(s) dict_keys(['latest_only']) retrieved from /home/airflow/.local/lib/python3.7/site-packages/airflow/example_dags/example_latest_only.py
[2022-07-17 20:00:42,009] {logging_mixin.py:115} INFO - [2022-07-17 20:00:42,009] {dag.py:2420} INFO - Sync 1 DAGs
[2022-07-17 20:00:42,034] {logging_mixin.py:115} INFO - [2022-07-17 20:00:42,034] {dag.py:2972} INFO - Setting next_dagrun for latest_only to 2022-07-17T16:00:42.034507+00:00, run_after=2022-07-17T20:00:42.034507+00:00
[2022-07-17 20:00:42,047] {processor.py:161} INFO - Processing /home/airflow/.local/lib/python3.7/site-packages/airflow/example_dags/example_latest_only.py took 0.081 seconds
[2022-07-17 20:01:12,170] {processor.py:153} INFO - Started process (PID=2955) to work on /home/airflow/.local/lib/python3.7/site-packages/airflow/example_dags/example_latest_only.py
[2022-07-17 20:01:12,170] {processor.py:641} INFO - Processing file /home/airflow/.local/lib/python3.7/site-packages/airflow/example_dags/example_latest_only.py for tasks to queue
[2022-07-17 20:01:12,171] {logging_mixin.py:115} INFO - [2022-07-17 20:01:12,171] {dagbag.py:508} INFO - Filling up the DagBag from /home/airflow/.local/lib/python3.7/site-packages/airflow/example_dags/example_latest_only.py
[2022-07-17 20:01:12,176] {processor.py:651} INFO - DAG(s) dict_keys(['latest_only']) retrieved from /home/airflow/.local/lib/python3.7/site-packages/airflow/example_dags/example_latest_only.py
[2022-07-17 20:01:12,201] {logging_mixin.py:115} INFO - [2022-07-17 20:01:12,201] {dag.py:2420} INFO - Sync 1 DAGs
[2022-07-17 20:01:12,224] {logging_mixin.py:115} INFO - [2022-07-17 20:01:12,224] {dag.py:2972} INFO - Setting next_dagrun for latest_only to 2022-07-17T16:01:12.224614+00:00, run_after=2022-07-17T20:01:12.224614+00:00
[2022-07-17 20:01:12,237] {processor.py:161} INFO - Processing /home/airflow/.local/lib/python3.7/site-packages/airflow/example_dags/example_latest_only.py took 0.070 seconds
[2022-07-17 20:01:42,569] {processor.py:153} INFO - Started process (PID=3019) to work on /home/airflow/.local/lib/python3.7/site-packages/airflow/example_dags/example_latest_only.py
[2022-07-17 20:01:42,569] {processor.py:641} INFO - Processing file /home/airflow/.local/lib/python3.7/site-packages/airflow/example_dags/example_latest_only.py for tasks to queue
[2022-07-17 20:01:42,570] {logging_mixin.py:115} INFO - [2022-07-17 20:01:42,570] {dagbag.py:508} INFO - Filling up the DagBag from /home/airflow/.local/lib/python3.7/site-packages/airflow/example_dags/example_latest_only.py
[2022-07-17 20:01:42,575] {processor.py:651} INFO - DAG(s) dict_keys(['latest_only']) retrieved from /home/airflow/.local/lib/python3.7/site-packages/airflow/example_dags/example_latest_only.py
[2022-07-17 20:01:42,603] {logging_mixin.py:115} INFO - [2022-07-17 20:01:42,603] {dag.py:2420} INFO - Sync 1 DAGs
[2022-07-17 20:01:42,643] {logging_mixin.py:115} INFO - [2022-07-17 20:01:42,643] {dag.py:2972} INFO - Setting next_dagrun for latest_only to 2022-07-17T16:01:42.643281+00:00, run_after=2022-07-17T20:01:42.643281+00:00
[2022-07-17 20:01:42,662] {processor.py:161} INFO - Processing /home/airflow/.local/lib/python3.7/site-packages/airflow/example_dags/example_latest_only.py took 0.097 seconds
[2022-07-17 20:02:13,003] {processor.py:153} INFO - Started process (PID=3084) to work on /home/airflow/.local/lib/python3.7/site-packages/airflow/example_dags/example_latest_only.py
[2022-07-17 20:02:13,004] {processor.py:641} INFO - Processing file /home/airflow/.local/lib/python3.7/site-packages/airflow/example_dags/example_latest_only.py for tasks to queue
[2022-07-17 20:02:13,005] {logging_mixin.py:115} INFO - [2022-07-17 20:02:13,005] {dagbag.py:508} INFO - Filling up the DagBag from /home/airflow/.local/lib/python3.7/site-packages/airflow/example_dags/example_latest_only.py
[2022-07-17 20:02:13,014] {processor.py:651} INFO - DAG(s) dict_keys(['latest_only']) retrieved from /home/airflow/.local/lib/python3.7/site-packages/airflow/example_dags/example_latest_only.py
[2022-07-17 20:02:13,063] {logging_mixin.py:115} INFO - [2022-07-17 20:02:13,063] {dag.py:2420} INFO - Sync 1 DAGs
[2022-07-17 20:02:13,112] {logging_mixin.py:115} INFO - [2022-07-17 20:02:13,112] {dag.py:2972} INFO - Setting next_dagrun for latest_only to 2022-07-17T16:02:13.112056+00:00, run_after=2022-07-17T20:02:13.112056+00:00
[2022-07-17 20:02:13,134] {processor.py:161} INFO - Processing /home/airflow/.local/lib/python3.7/site-packages/airflow/example_dags/example_latest_only.py took 0.135 seconds
[2022-07-17 20:02:43,493] {processor.py:153} INFO - Started process (PID=3139) to work on /home/airflow/.local/lib/python3.7/site-packages/airflow/example_dags/example_latest_only.py
[2022-07-17 20:02:43,494] {processor.py:641} INFO - Processing file /home/airflow/.local/lib/python3.7/site-packages/airflow/example_dags/example_latest_only.py for tasks to queue
[2022-07-17 20:02:43,494] {logging_mixin.py:115} INFO - [2022-07-17 20:02:43,494] {dagbag.py:508} INFO - Filling up the DagBag from /home/airflow/.local/lib/python3.7/site-packages/airflow/example_dags/example_latest_only.py
[2022-07-17 20:02:43,501] {processor.py:651} INFO - DAG(s) dict_keys(['latest_only']) retrieved from /home/airflow/.local/lib/python3.7/site-packages/airflow/example_dags/example_latest_only.py
[2022-07-17 20:02:43,533] {logging_mixin.py:115} INFO - [2022-07-17 20:02:43,533] {dag.py:2420} INFO - Sync 1 DAGs
[2022-07-17 20:02:43,564] {logging_mixin.py:115} INFO - [2022-07-17 20:02:43,564] {dag.py:2972} INFO - Setting next_dagrun for latest_only to 2022-07-17T16:02:43.564293+00:00, run_after=2022-07-17T20:02:43.564293+00:00
[2022-07-17 20:02:43,582] {processor.py:161} INFO - Processing /home/airflow/.local/lib/python3.7/site-packages/airflow/example_dags/example_latest_only.py took 0.093 seconds
[2022-07-17 20:03:13,890] {processor.py:153} INFO - Started process (PID=3203) to work on /home/airflow/.local/lib/python3.7/site-packages/airflow/example_dags/example_latest_only.py
[2022-07-17 20:03:13,891] {processor.py:641} INFO - Processing file /home/airflow/.local/lib/python3.7/site-packages/airflow/example_dags/example_latest_only.py for tasks to queue
[2022-07-17 20:03:13,891] {logging_mixin.py:115} INFO - [2022-07-17 20:03:13,891] {dagbag.py:508} INFO - Filling up the DagBag from /home/airflow/.local/lib/python3.7/site-packages/airflow/example_dags/example_latest_only.py
[2022-07-17 20:03:13,898] {processor.py:651} INFO - DAG(s) dict_keys(['latest_only']) retrieved from /home/airflow/.local/lib/python3.7/site-packages/airflow/example_dags/example_latest_only.py
[2022-07-17 20:03:13,936] {logging_mixin.py:115} INFO - [2022-07-17 20:03:13,936] {dag.py:2420} INFO - Sync 1 DAGs
[2022-07-17 20:03:13,978] {logging_mixin.py:115} INFO - [2022-07-17 20:03:13,978] {dag.py:2972} INFO - Setting next_dagrun for latest_only to 2022-07-17T16:03:13.978001+00:00, run_after=2022-07-17T20:03:13.978001+00:00
[2022-07-17 20:03:14,011] {processor.py:161} INFO - Processing /home/airflow/.local/lib/python3.7/site-packages/airflow/example_dags/example_latest_only.py took 0.125 seconds
[2022-07-17 20:03:44,481] {processor.py:153} INFO - Started process (PID=3258) to work on /home/airflow/.local/lib/python3.7/site-packages/airflow/example_dags/example_latest_only.py
[2022-07-17 20:03:44,482] {processor.py:641} INFO - Processing file /home/airflow/.local/lib/python3.7/site-packages/airflow/example_dags/example_latest_only.py for tasks to queue
[2022-07-17 20:03:44,482] {logging_mixin.py:115} INFO - [2022-07-17 20:03:44,482] {dagbag.py:508} INFO - Filling up the DagBag from /home/airflow/.local/lib/python3.7/site-packages/airflow/example_dags/example_latest_only.py
[2022-07-17 20:03:44,488] {processor.py:651} INFO - DAG(s) dict_keys(['latest_only']) retrieved from /home/airflow/.local/lib/python3.7/site-packages/airflow/example_dags/example_latest_only.py
[2022-07-17 20:03:44,515] {logging_mixin.py:115} INFO - [2022-07-17 20:03:44,515] {dag.py:2420} INFO - Sync 1 DAGs
[2022-07-17 20:03:44,541] {logging_mixin.py:115} INFO - [2022-07-17 20:03:44,541] {dag.py:2972} INFO - Setting next_dagrun for latest_only to 2022-07-17T16:03:44.541646+00:00, run_after=2022-07-17T20:03:44.541646+00:00
[2022-07-17 20:03:44,555] {processor.py:161} INFO - Processing /home/airflow/.local/lib/python3.7/site-packages/airflow/example_dags/example_latest_only.py took 0.078 seconds
