[2022-07-17 19:36:51,575] {processor.py:153} INFO - Started process (PID=51) to work on /home/airflow/.local/lib/python3.7/site-packages/airflow/example_dags/example_branch_operator_decorator.py
[2022-07-17 19:36:51,576] {processor.py:641} INFO - Processing file /home/airflow/.local/lib/python3.7/site-packages/airflow/example_dags/example_branch_operator_decorator.py for tasks to queue
[2022-07-17 19:36:51,576] {logging_mixin.py:115} INFO - [2022-07-17 19:36:51,576] {dagbag.py:508} INFO - Filling up the DagBag from /home/airflow/.local/lib/python3.7/site-packages/airflow/example_dags/example_branch_operator_decorator.py
[2022-07-17 19:36:51,613] {processor.py:651} INFO - DAG(s) dict_keys(['example_branch_python_operator_decorator']) retrieved from /home/airflow/.local/lib/python3.7/site-packages/airflow/example_dags/example_branch_operator_decorator.py
[2022-07-17 19:36:51,787] {logging_mixin.py:115} INFO - [2022-07-17 19:36:51,787] {manager.py:508} INFO - Created Permission View: can delete on DAG:example_branch_python_operator_decorator
[2022-07-17 19:36:51,810] {logging_mixin.py:115} INFO - [2022-07-17 19:36:51,810] {manager.py:508} INFO - Created Permission View: can read on DAG:example_branch_python_operator_decorator
[2022-07-17 19:36:51,824] {logging_mixin.py:115} INFO - [2022-07-17 19:36:51,824] {manager.py:508} INFO - Created Permission View: can edit on DAG:example_branch_python_operator_decorator
[2022-07-17 19:36:51,825] {logging_mixin.py:115} INFO - [2022-07-17 19:36:51,825] {dag.py:2420} INFO - Sync 1 DAGs
[2022-07-17 19:36:51,841] {logging_mixin.py:115} INFO - [2022-07-17 19:36:51,841] {dag.py:2439} INFO - Creating ORM DAG for example_branch_python_operator_decorator
[2022-07-17 19:36:51,863] {logging_mixin.py:115} INFO - [2022-07-17 19:36:51,863] {dag.py:2972} INFO - Setting next_dagrun for example_branch_python_operator_decorator to 2022-07-16T00:00:00+00:00, run_after=2022-07-17T00:00:00+00:00
[2022-07-17 19:36:51,888] {processor.py:161} INFO - Processing /home/airflow/.local/lib/python3.7/site-packages/airflow/example_dags/example_branch_operator_decorator.py took 0.318 seconds
[2022-07-17 19:37:22,729] {processor.py:153} INFO - Started process (PID=105) to work on /home/airflow/.local/lib/python3.7/site-packages/airflow/example_dags/example_branch_operator_decorator.py
[2022-07-17 19:37:22,730] {processor.py:641} INFO - Processing file /home/airflow/.local/lib/python3.7/site-packages/airflow/example_dags/example_branch_operator_decorator.py for tasks to queue
[2022-07-17 19:37:22,730] {logging_mixin.py:115} INFO - [2022-07-17 19:37:22,730] {dagbag.py:508} INFO - Filling up the DagBag from /home/airflow/.local/lib/python3.7/site-packages/airflow/example_dags/example_branch_operator_decorator.py
[2022-07-17 19:37:22,757] {processor.py:651} INFO - DAG(s) dict_keys(['example_branch_python_operator_decorator']) retrieved from /home/airflow/.local/lib/python3.7/site-packages/airflow/example_dags/example_branch_operator_decorator.py
[2022-07-17 19:37:22,783] {logging_mixin.py:115} INFO - [2022-07-17 19:37:22,783] {dag.py:2420} INFO - Sync 1 DAGs
[2022-07-17 19:37:22,810] {logging_mixin.py:115} INFO - [2022-07-17 19:37:22,810] {dag.py:2972} INFO - Setting next_dagrun for example_branch_python_operator_decorator to 2022-07-16T00:00:00+00:00, run_after=2022-07-17T00:00:00+00:00
[2022-07-17 19:37:22,825] {processor.py:161} INFO - Processing /home/airflow/.local/lib/python3.7/site-packages/airflow/example_dags/example_branch_operator_decorator.py took 0.100 seconds
[2022-07-17 19:37:53,010] {processor.py:153} INFO - Started process (PID=169) to work on /home/airflow/.local/lib/python3.7/site-packages/airflow/example_dags/example_branch_operator_decorator.py
[2022-07-17 19:37:53,011] {processor.py:641} INFO - Processing file /home/airflow/.local/lib/python3.7/site-packages/airflow/example_dags/example_branch_operator_decorator.py for tasks to queue
[2022-07-17 19:37:53,014] {logging_mixin.py:115} INFO - [2022-07-17 19:37:53,013] {dagbag.py:508} INFO - Filling up the DagBag from /home/airflow/.local/lib/python3.7/site-packages/airflow/example_dags/example_branch_operator_decorator.py
[2022-07-17 19:37:53,063] {processor.py:651} INFO - DAG(s) dict_keys(['example_branch_python_operator_decorator']) retrieved from /home/airflow/.local/lib/python3.7/site-packages/airflow/example_dags/example_branch_operator_decorator.py
[2022-07-17 19:37:53,110] {logging_mixin.py:115} INFO - [2022-07-17 19:37:53,110] {dag.py:2420} INFO - Sync 1 DAGs
[2022-07-17 19:37:53,139] {logging_mixin.py:115} INFO - [2022-07-17 19:37:53,139] {dag.py:2972} INFO - Setting next_dagrun for example_branch_python_operator_decorator to 2022-07-16T00:00:00+00:00, run_after=2022-07-17T00:00:00+00:00
[2022-07-17 19:37:53,151] {processor.py:161} INFO - Processing /home/airflow/.local/lib/python3.7/site-packages/airflow/example_dags/example_branch_operator_decorator.py took 0.154 seconds
[2022-07-17 19:38:23,710] {processor.py:153} INFO - Started process (PID=223) to work on /home/airflow/.local/lib/python3.7/site-packages/airflow/example_dags/example_branch_operator_decorator.py
[2022-07-17 19:38:23,711] {processor.py:641} INFO - Processing file /home/airflow/.local/lib/python3.7/site-packages/airflow/example_dags/example_branch_operator_decorator.py for tasks to queue
[2022-07-17 19:38:23,712] {logging_mixin.py:115} INFO - [2022-07-17 19:38:23,712] {dagbag.py:508} INFO - Filling up the DagBag from /home/airflow/.local/lib/python3.7/site-packages/airflow/example_dags/example_branch_operator_decorator.py
[2022-07-17 19:38:23,748] {processor.py:651} INFO - DAG(s) dict_keys(['example_branch_python_operator_decorator']) retrieved from /home/airflow/.local/lib/python3.7/site-packages/airflow/example_dags/example_branch_operator_decorator.py
[2022-07-17 19:38:23,794] {logging_mixin.py:115} INFO - [2022-07-17 19:38:23,794] {dag.py:2420} INFO - Sync 1 DAGs
[2022-07-17 19:38:23,820] {logging_mixin.py:115} INFO - [2022-07-17 19:38:23,820] {dag.py:2972} INFO - Setting next_dagrun for example_branch_python_operator_decorator to 2022-07-16T00:00:00+00:00, run_after=2022-07-17T00:00:00+00:00
[2022-07-17 19:38:23,834] {processor.py:161} INFO - Processing /home/airflow/.local/lib/python3.7/site-packages/airflow/example_dags/example_branch_operator_decorator.py took 0.130 seconds
[2022-07-17 19:38:54,527] {processor.py:153} INFO - Started process (PID=287) to work on /home/airflow/.local/lib/python3.7/site-packages/airflow/example_dags/example_branch_operator_decorator.py
[2022-07-17 19:38:54,528] {processor.py:641} INFO - Processing file /home/airflow/.local/lib/python3.7/site-packages/airflow/example_dags/example_branch_operator_decorator.py for tasks to queue
[2022-07-17 19:38:54,529] {logging_mixin.py:115} INFO - [2022-07-17 19:38:54,529] {dagbag.py:508} INFO - Filling up the DagBag from /home/airflow/.local/lib/python3.7/site-packages/airflow/example_dags/example_branch_operator_decorator.py
[2022-07-17 19:38:54,555] {processor.py:651} INFO - DAG(s) dict_keys(['example_branch_python_operator_decorator']) retrieved from /home/airflow/.local/lib/python3.7/site-packages/airflow/example_dags/example_branch_operator_decorator.py
[2022-07-17 19:38:54,587] {logging_mixin.py:115} INFO - [2022-07-17 19:38:54,587] {dag.py:2420} INFO - Sync 1 DAGs
[2022-07-17 19:38:54,622] {logging_mixin.py:115} INFO - [2022-07-17 19:38:54,622] {dag.py:2972} INFO - Setting next_dagrun for example_branch_python_operator_decorator to 2022-07-16T00:00:00+00:00, run_after=2022-07-17T00:00:00+00:00
[2022-07-17 19:38:54,637] {processor.py:161} INFO - Processing /home/airflow/.local/lib/python3.7/site-packages/airflow/example_dags/example_branch_operator_decorator.py took 0.113 seconds
[2022-07-17 19:39:24,953] {processor.py:153} INFO - Started process (PID=351) to work on /home/airflow/.local/lib/python3.7/site-packages/airflow/example_dags/example_branch_operator_decorator.py
[2022-07-17 19:39:24,954] {processor.py:641} INFO - Processing file /home/airflow/.local/lib/python3.7/site-packages/airflow/example_dags/example_branch_operator_decorator.py for tasks to queue
[2022-07-17 19:39:24,954] {logging_mixin.py:115} INFO - [2022-07-17 19:39:24,954] {dagbag.py:508} INFO - Filling up the DagBag from /home/airflow/.local/lib/python3.7/site-packages/airflow/example_dags/example_branch_operator_decorator.py
[2022-07-17 19:39:24,980] {processor.py:651} INFO - DAG(s) dict_keys(['example_branch_python_operator_decorator']) retrieved from /home/airflow/.local/lib/python3.7/site-packages/airflow/example_dags/example_branch_operator_decorator.py
[2022-07-17 19:39:25,010] {logging_mixin.py:115} INFO - [2022-07-17 19:39:25,010] {dag.py:2420} INFO - Sync 1 DAGs
[2022-07-17 19:39:25,036] {logging_mixin.py:115} INFO - [2022-07-17 19:39:25,035] {dag.py:2972} INFO - Setting next_dagrun for example_branch_python_operator_decorator to 2022-07-16T00:00:00+00:00, run_after=2022-07-17T00:00:00+00:00
[2022-07-17 19:39:25,049] {processor.py:161} INFO - Processing /home/airflow/.local/lib/python3.7/site-packages/airflow/example_dags/example_branch_operator_decorator.py took 0.099 seconds
[2022-07-17 19:39:55,188] {processor.py:153} INFO - Started process (PID=406) to work on /home/airflow/.local/lib/python3.7/site-packages/airflow/example_dags/example_branch_operator_decorator.py
[2022-07-17 19:39:55,189] {processor.py:641} INFO - Processing file /home/airflow/.local/lib/python3.7/site-packages/airflow/example_dags/example_branch_operator_decorator.py for tasks to queue
[2022-07-17 19:39:55,190] {logging_mixin.py:115} INFO - [2022-07-17 19:39:55,189] {dagbag.py:508} INFO - Filling up the DagBag from /home/airflow/.local/lib/python3.7/site-packages/airflow/example_dags/example_branch_operator_decorator.py
[2022-07-17 19:39:55,218] {processor.py:651} INFO - DAG(s) dict_keys(['example_branch_python_operator_decorator']) retrieved from /home/airflow/.local/lib/python3.7/site-packages/airflow/example_dags/example_branch_operator_decorator.py
[2022-07-17 19:39:55,245] {logging_mixin.py:115} INFO - [2022-07-17 19:39:55,245] {dag.py:2420} INFO - Sync 1 DAGs
[2022-07-17 19:39:55,272] {logging_mixin.py:115} INFO - [2022-07-17 19:39:55,272] {dag.py:2972} INFO - Setting next_dagrun for example_branch_python_operator_decorator to 2022-07-16T00:00:00+00:00, run_after=2022-07-17T00:00:00+00:00
[2022-07-17 19:39:55,285] {processor.py:161} INFO - Processing /home/airflow/.local/lib/python3.7/site-packages/airflow/example_dags/example_branch_operator_decorator.py took 0.103 seconds
[2022-07-17 19:40:25,775] {processor.py:153} INFO - Started process (PID=471) to work on /home/airflow/.local/lib/python3.7/site-packages/airflow/example_dags/example_branch_operator_decorator.py
[2022-07-17 19:40:25,777] {processor.py:641} INFO - Processing file /home/airflow/.local/lib/python3.7/site-packages/airflow/example_dags/example_branch_operator_decorator.py for tasks to queue
[2022-07-17 19:40:25,779] {logging_mixin.py:115} INFO - [2022-07-17 19:40:25,779] {dagbag.py:508} INFO - Filling up the DagBag from /home/airflow/.local/lib/python3.7/site-packages/airflow/example_dags/example_branch_operator_decorator.py
[2022-07-17 19:40:25,813] {processor.py:651} INFO - DAG(s) dict_keys(['example_branch_python_operator_decorator']) retrieved from /home/airflow/.local/lib/python3.7/site-packages/airflow/example_dags/example_branch_operator_decorator.py
[2022-07-17 19:40:25,842] {logging_mixin.py:115} INFO - [2022-07-17 19:40:25,842] {dag.py:2420} INFO - Sync 1 DAGs
[2022-07-17 19:40:25,868] {logging_mixin.py:115} INFO - [2022-07-17 19:40:25,868] {dag.py:2972} INFO - Setting next_dagrun for example_branch_python_operator_decorator to 2022-07-16T00:00:00+00:00, run_after=2022-07-17T00:00:00+00:00
[2022-07-17 19:40:25,880] {processor.py:161} INFO - Processing /home/airflow/.local/lib/python3.7/site-packages/airflow/example_dags/example_branch_operator_decorator.py took 0.115 seconds
[2022-07-17 19:40:56,705] {processor.py:153} INFO - Started process (PID=526) to work on /home/airflow/.local/lib/python3.7/site-packages/airflow/example_dags/example_branch_operator_decorator.py
[2022-07-17 19:40:56,706] {processor.py:641} INFO - Processing file /home/airflow/.local/lib/python3.7/site-packages/airflow/example_dags/example_branch_operator_decorator.py for tasks to queue
[2022-07-17 19:40:56,706] {logging_mixin.py:115} INFO - [2022-07-17 19:40:56,706] {dagbag.py:508} INFO - Filling up the DagBag from /home/airflow/.local/lib/python3.7/site-packages/airflow/example_dags/example_branch_operator_decorator.py
[2022-07-17 19:40:56,729] {processor.py:651} INFO - DAG(s) dict_keys(['example_branch_python_operator_decorator']) retrieved from /home/airflow/.local/lib/python3.7/site-packages/airflow/example_dags/example_branch_operator_decorator.py
[2022-07-17 19:40:56,756] {logging_mixin.py:115} INFO - [2022-07-17 19:40:56,756] {dag.py:2420} INFO - Sync 1 DAGs
[2022-07-17 19:40:56,781] {logging_mixin.py:115} INFO - [2022-07-17 19:40:56,781] {dag.py:2972} INFO - Setting next_dagrun for example_branch_python_operator_decorator to 2022-07-16T00:00:00+00:00, run_after=2022-07-17T00:00:00+00:00
[2022-07-17 19:40:56,793] {processor.py:161} INFO - Processing /home/airflow/.local/lib/python3.7/site-packages/airflow/example_dags/example_branch_operator_decorator.py took 0.091 seconds
[2022-07-17 19:41:26,919] {processor.py:153} INFO - Started process (PID=592) to work on /home/airflow/.local/lib/python3.7/site-packages/airflow/example_dags/example_branch_operator_decorator.py
[2022-07-17 19:41:26,919] {processor.py:641} INFO - Processing file /home/airflow/.local/lib/python3.7/site-packages/airflow/example_dags/example_branch_operator_decorator.py for tasks to queue
[2022-07-17 19:41:26,920] {logging_mixin.py:115} INFO - [2022-07-17 19:41:26,920] {dagbag.py:508} INFO - Filling up the DagBag from /home/airflow/.local/lib/python3.7/site-packages/airflow/example_dags/example_branch_operator_decorator.py
[2022-07-17 19:41:26,940] {processor.py:651} INFO - DAG(s) dict_keys(['example_branch_python_operator_decorator']) retrieved from /home/airflow/.local/lib/python3.7/site-packages/airflow/example_dags/example_branch_operator_decorator.py
[2022-07-17 19:41:26,966] {logging_mixin.py:115} INFO - [2022-07-17 19:41:26,966] {dag.py:2420} INFO - Sync 1 DAGs
[2022-07-17 19:41:26,995] {logging_mixin.py:115} INFO - [2022-07-17 19:41:26,995] {dag.py:2972} INFO - Setting next_dagrun for example_branch_python_operator_decorator to 2022-07-16T00:00:00+00:00, run_after=2022-07-17T00:00:00+00:00
[2022-07-17 19:41:27,010] {processor.py:161} INFO - Processing /home/airflow/.local/lib/python3.7/site-packages/airflow/example_dags/example_branch_operator_decorator.py took 0.094 seconds
[2022-07-17 19:41:57,137] {processor.py:153} INFO - Started process (PID=656) to work on /home/airflow/.local/lib/python3.7/site-packages/airflow/example_dags/example_branch_operator_decorator.py
[2022-07-17 19:41:57,137] {processor.py:641} INFO - Processing file /home/airflow/.local/lib/python3.7/site-packages/airflow/example_dags/example_branch_operator_decorator.py for tasks to queue
[2022-07-17 19:41:57,138] {logging_mixin.py:115} INFO - [2022-07-17 19:41:57,138] {dagbag.py:508} INFO - Filling up the DagBag from /home/airflow/.local/lib/python3.7/site-packages/airflow/example_dags/example_branch_operator_decorator.py
[2022-07-17 19:41:57,157] {processor.py:651} INFO - DAG(s) dict_keys(['example_branch_python_operator_decorator']) retrieved from /home/airflow/.local/lib/python3.7/site-packages/airflow/example_dags/example_branch_operator_decorator.py
[2022-07-17 19:41:57,184] {logging_mixin.py:115} INFO - [2022-07-17 19:41:57,184] {dag.py:2420} INFO - Sync 1 DAGs
[2022-07-17 19:41:57,209] {logging_mixin.py:115} INFO - [2022-07-17 19:41:57,209] {dag.py:2972} INFO - Setting next_dagrun for example_branch_python_operator_decorator to 2022-07-16T00:00:00+00:00, run_after=2022-07-17T00:00:00+00:00
[2022-07-17 19:41:57,222] {processor.py:161} INFO - Processing /home/airflow/.local/lib/python3.7/site-packages/airflow/example_dags/example_branch_operator_decorator.py took 0.088 seconds
[2022-07-17 19:42:27,393] {processor.py:153} INFO - Started process (PID=712) to work on /home/airflow/.local/lib/python3.7/site-packages/airflow/example_dags/example_branch_operator_decorator.py
[2022-07-17 19:42:27,393] {processor.py:641} INFO - Processing file /home/airflow/.local/lib/python3.7/site-packages/airflow/example_dags/example_branch_operator_decorator.py for tasks to queue
[2022-07-17 19:42:27,394] {logging_mixin.py:115} INFO - [2022-07-17 19:42:27,394] {dagbag.py:508} INFO - Filling up the DagBag from /home/airflow/.local/lib/python3.7/site-packages/airflow/example_dags/example_branch_operator_decorator.py
[2022-07-17 19:42:27,416] {processor.py:651} INFO - DAG(s) dict_keys(['example_branch_python_operator_decorator']) retrieved from /home/airflow/.local/lib/python3.7/site-packages/airflow/example_dags/example_branch_operator_decorator.py
[2022-07-17 19:42:27,443] {logging_mixin.py:115} INFO - [2022-07-17 19:42:27,443] {dag.py:2420} INFO - Sync 1 DAGs
[2022-07-17 19:42:27,471] {logging_mixin.py:115} INFO - [2022-07-17 19:42:27,471] {dag.py:2972} INFO - Setting next_dagrun for example_branch_python_operator_decorator to 2022-07-16T00:00:00+00:00, run_after=2022-07-17T00:00:00+00:00
[2022-07-17 19:42:27,484] {processor.py:161} INFO - Processing /home/airflow/.local/lib/python3.7/site-packages/airflow/example_dags/example_branch_operator_decorator.py took 0.095 seconds
[2022-07-17 19:42:57,960] {processor.py:153} INFO - Started process (PID=775) to work on /home/airflow/.local/lib/python3.7/site-packages/airflow/example_dags/example_branch_operator_decorator.py
[2022-07-17 19:42:57,961] {processor.py:641} INFO - Processing file /home/airflow/.local/lib/python3.7/site-packages/airflow/example_dags/example_branch_operator_decorator.py for tasks to queue
[2022-07-17 19:42:57,962] {logging_mixin.py:115} INFO - [2022-07-17 19:42:57,961] {dagbag.py:508} INFO - Filling up the DagBag from /home/airflow/.local/lib/python3.7/site-packages/airflow/example_dags/example_branch_operator_decorator.py
[2022-07-17 19:42:57,986] {processor.py:651} INFO - DAG(s) dict_keys(['example_branch_python_operator_decorator']) retrieved from /home/airflow/.local/lib/python3.7/site-packages/airflow/example_dags/example_branch_operator_decorator.py
[2022-07-17 19:42:58,013] {logging_mixin.py:115} INFO - [2022-07-17 19:42:58,013] {dag.py:2420} INFO - Sync 1 DAGs
[2022-07-17 19:42:58,038] {logging_mixin.py:115} INFO - [2022-07-17 19:42:58,038] {dag.py:2972} INFO - Setting next_dagrun for example_branch_python_operator_decorator to 2022-07-16T00:00:00+00:00, run_after=2022-07-17T00:00:00+00:00
[2022-07-17 19:42:58,050] {processor.py:161} INFO - Processing /home/airflow/.local/lib/python3.7/site-packages/airflow/example_dags/example_branch_operator_decorator.py took 0.099 seconds
[2022-07-17 19:43:28,194] {processor.py:153} INFO - Started process (PID=830) to work on /home/airflow/.local/lib/python3.7/site-packages/airflow/example_dags/example_branch_operator_decorator.py
[2022-07-17 19:43:28,195] {processor.py:641} INFO - Processing file /home/airflow/.local/lib/python3.7/site-packages/airflow/example_dags/example_branch_operator_decorator.py for tasks to queue
[2022-07-17 19:43:28,195] {logging_mixin.py:115} INFO - [2022-07-17 19:43:28,195] {dagbag.py:508} INFO - Filling up the DagBag from /home/airflow/.local/lib/python3.7/site-packages/airflow/example_dags/example_branch_operator_decorator.py
[2022-07-17 19:43:28,219] {processor.py:651} INFO - DAG(s) dict_keys(['example_branch_python_operator_decorator']) retrieved from /home/airflow/.local/lib/python3.7/site-packages/airflow/example_dags/example_branch_operator_decorator.py
[2022-07-17 19:43:28,248] {logging_mixin.py:115} INFO - [2022-07-17 19:43:28,248] {dag.py:2420} INFO - Sync 1 DAGs
[2022-07-17 19:43:28,274] {logging_mixin.py:115} INFO - [2022-07-17 19:43:28,274] {dag.py:2972} INFO - Setting next_dagrun for example_branch_python_operator_decorator to 2022-07-16T00:00:00+00:00, run_after=2022-07-17T00:00:00+00:00
[2022-07-17 19:43:28,287] {processor.py:161} INFO - Processing /home/airflow/.local/lib/python3.7/site-packages/airflow/example_dags/example_branch_operator_decorator.py took 0.096 seconds
[2022-07-17 19:43:58,737] {processor.py:153} INFO - Started process (PID=894) to work on /home/airflow/.local/lib/python3.7/site-packages/airflow/example_dags/example_branch_operator_decorator.py
[2022-07-17 19:43:58,739] {processor.py:641} INFO - Processing file /home/airflow/.local/lib/python3.7/site-packages/airflow/example_dags/example_branch_operator_decorator.py for tasks to queue
[2022-07-17 19:43:58,741] {logging_mixin.py:115} INFO - [2022-07-17 19:43:58,740] {dagbag.py:508} INFO - Filling up the DagBag from /home/airflow/.local/lib/python3.7/site-packages/airflow/example_dags/example_branch_operator_decorator.py
[2022-07-17 19:43:58,773] {processor.py:651} INFO - DAG(s) dict_keys(['example_branch_python_operator_decorator']) retrieved from /home/airflow/.local/lib/python3.7/site-packages/airflow/example_dags/example_branch_operator_decorator.py
[2022-07-17 19:43:58,807] {logging_mixin.py:115} INFO - [2022-07-17 19:43:58,806] {dag.py:2420} INFO - Sync 1 DAGs
[2022-07-17 19:43:58,833] {logging_mixin.py:115} INFO - [2022-07-17 19:43:58,833] {dag.py:2972} INFO - Setting next_dagrun for example_branch_python_operator_decorator to 2022-07-16T00:00:00+00:00, run_after=2022-07-17T00:00:00+00:00
[2022-07-17 19:43:58,847] {processor.py:161} INFO - Processing /home/airflow/.local/lib/python3.7/site-packages/airflow/example_dags/example_branch_operator_decorator.py took 0.120 seconds
[2022-07-17 19:44:29,662] {processor.py:153} INFO - Started process (PID=949) to work on /home/airflow/.local/lib/python3.7/site-packages/airflow/example_dags/example_branch_operator_decorator.py
[2022-07-17 19:44:29,663] {processor.py:641} INFO - Processing file /home/airflow/.local/lib/python3.7/site-packages/airflow/example_dags/example_branch_operator_decorator.py for tasks to queue
[2022-07-17 19:44:29,663] {logging_mixin.py:115} INFO - [2022-07-17 19:44:29,663] {dagbag.py:508} INFO - Filling up the DagBag from /home/airflow/.local/lib/python3.7/site-packages/airflow/example_dags/example_branch_operator_decorator.py
[2022-07-17 19:44:29,690] {processor.py:651} INFO - DAG(s) dict_keys(['example_branch_python_operator_decorator']) retrieved from /home/airflow/.local/lib/python3.7/site-packages/airflow/example_dags/example_branch_operator_decorator.py
[2022-07-17 19:44:29,722] {logging_mixin.py:115} INFO - [2022-07-17 19:44:29,722] {dag.py:2420} INFO - Sync 1 DAGs
[2022-07-17 19:44:29,751] {logging_mixin.py:115} INFO - [2022-07-17 19:44:29,750] {dag.py:2972} INFO - Setting next_dagrun for example_branch_python_operator_decorator to 2022-07-16T00:00:00+00:00, run_after=2022-07-17T00:00:00+00:00
[2022-07-17 19:44:29,764] {processor.py:161} INFO - Processing /home/airflow/.local/lib/python3.7/site-packages/airflow/example_dags/example_branch_operator_decorator.py took 0.108 seconds
[2022-07-17 19:44:59,844] {processor.py:153} INFO - Started process (PID=1013) to work on /home/airflow/.local/lib/python3.7/site-packages/airflow/example_dags/example_branch_operator_decorator.py
[2022-07-17 19:44:59,846] {processor.py:641} INFO - Processing file /home/airflow/.local/lib/python3.7/site-packages/airflow/example_dags/example_branch_operator_decorator.py for tasks to queue
[2022-07-17 19:44:59,847] {logging_mixin.py:115} INFO - [2022-07-17 19:44:59,847] {dagbag.py:508} INFO - Filling up the DagBag from /home/airflow/.local/lib/python3.7/site-packages/airflow/example_dags/example_branch_operator_decorator.py
[2022-07-17 19:44:59,875] {processor.py:651} INFO - DAG(s) dict_keys(['example_branch_python_operator_decorator']) retrieved from /home/airflow/.local/lib/python3.7/site-packages/airflow/example_dags/example_branch_operator_decorator.py
[2022-07-17 19:44:59,903] {logging_mixin.py:115} INFO - [2022-07-17 19:44:59,903] {dag.py:2420} INFO - Sync 1 DAGs
[2022-07-17 19:44:59,929] {logging_mixin.py:115} INFO - [2022-07-17 19:44:59,929] {dag.py:2972} INFO - Setting next_dagrun for example_branch_python_operator_decorator to 2022-07-16T00:00:00+00:00, run_after=2022-07-17T00:00:00+00:00
[2022-07-17 19:44:59,942] {processor.py:161} INFO - Processing /home/airflow/.local/lib/python3.7/site-packages/airflow/example_dags/example_branch_operator_decorator.py took 0.106 seconds
[2022-07-17 19:45:30,341] {processor.py:153} INFO - Started process (PID=1077) to work on /home/airflow/.local/lib/python3.7/site-packages/airflow/example_dags/example_branch_operator_decorator.py
[2022-07-17 19:45:30,343] {processor.py:641} INFO - Processing file /home/airflow/.local/lib/python3.7/site-packages/airflow/example_dags/example_branch_operator_decorator.py for tasks to queue
[2022-07-17 19:45:30,344] {logging_mixin.py:115} INFO - [2022-07-17 19:45:30,344] {dagbag.py:508} INFO - Filling up the DagBag from /home/airflow/.local/lib/python3.7/site-packages/airflow/example_dags/example_branch_operator_decorator.py
[2022-07-17 19:45:30,377] {processor.py:651} INFO - DAG(s) dict_keys(['example_branch_python_operator_decorator']) retrieved from /home/airflow/.local/lib/python3.7/site-packages/airflow/example_dags/example_branch_operator_decorator.py
[2022-07-17 19:45:30,418] {logging_mixin.py:115} INFO - [2022-07-17 19:45:30,418] {dag.py:2420} INFO - Sync 1 DAGs
[2022-07-17 19:45:30,459] {logging_mixin.py:115} INFO - [2022-07-17 19:45:30,459] {dag.py:2972} INFO - Setting next_dagrun for example_branch_python_operator_decorator to 2022-07-16T00:00:00+00:00, run_after=2022-07-17T00:00:00+00:00
[2022-07-17 19:45:30,476] {processor.py:161} INFO - Processing /home/airflow/.local/lib/python3.7/site-packages/airflow/example_dags/example_branch_operator_decorator.py took 0.143 seconds
[2022-07-17 19:46:01,186] {processor.py:153} INFO - Started process (PID=1131) to work on /home/airflow/.local/lib/python3.7/site-packages/airflow/example_dags/example_branch_operator_decorator.py
[2022-07-17 19:46:01,187] {processor.py:641} INFO - Processing file /home/airflow/.local/lib/python3.7/site-packages/airflow/example_dags/example_branch_operator_decorator.py for tasks to queue
[2022-07-17 19:46:01,188] {logging_mixin.py:115} INFO - [2022-07-17 19:46:01,188] {dagbag.py:508} INFO - Filling up the DagBag from /home/airflow/.local/lib/python3.7/site-packages/airflow/example_dags/example_branch_operator_decorator.py
[2022-07-17 19:46:01,215] {processor.py:651} INFO - DAG(s) dict_keys(['example_branch_python_operator_decorator']) retrieved from /home/airflow/.local/lib/python3.7/site-packages/airflow/example_dags/example_branch_operator_decorator.py
[2022-07-17 19:46:01,246] {logging_mixin.py:115} INFO - [2022-07-17 19:46:01,246] {dag.py:2420} INFO - Sync 1 DAGs
[2022-07-17 19:46:01,277] {logging_mixin.py:115} INFO - [2022-07-17 19:46:01,277] {dag.py:2972} INFO - Setting next_dagrun for example_branch_python_operator_decorator to 2022-07-16T00:00:00+00:00, run_after=2022-07-17T00:00:00+00:00
[2022-07-17 19:46:01,291] {processor.py:161} INFO - Processing /home/airflow/.local/lib/python3.7/site-packages/airflow/example_dags/example_branch_operator_decorator.py took 0.112 seconds
[2022-07-17 19:46:31,572] {processor.py:153} INFO - Started process (PID=1195) to work on /home/airflow/.local/lib/python3.7/site-packages/airflow/example_dags/example_branch_operator_decorator.py
[2022-07-17 19:46:31,572] {processor.py:641} INFO - Processing file /home/airflow/.local/lib/python3.7/site-packages/airflow/example_dags/example_branch_operator_decorator.py for tasks to queue
[2022-07-17 19:46:31,573] {logging_mixin.py:115} INFO - [2022-07-17 19:46:31,573] {dagbag.py:508} INFO - Filling up the DagBag from /home/airflow/.local/lib/python3.7/site-packages/airflow/example_dags/example_branch_operator_decorator.py
[2022-07-17 19:46:31,592] {processor.py:651} INFO - DAG(s) dict_keys(['example_branch_python_operator_decorator']) retrieved from /home/airflow/.local/lib/python3.7/site-packages/airflow/example_dags/example_branch_operator_decorator.py
[2022-07-17 19:46:31,617] {logging_mixin.py:115} INFO - [2022-07-17 19:46:31,617] {dag.py:2420} INFO - Sync 1 DAGs
[2022-07-17 19:46:31,643] {logging_mixin.py:115} INFO - [2022-07-17 19:46:31,643] {dag.py:2972} INFO - Setting next_dagrun for example_branch_python_operator_decorator to 2022-07-16T00:00:00+00:00, run_after=2022-07-17T00:00:00+00:00
[2022-07-17 19:46:31,656] {processor.py:161} INFO - Processing /home/airflow/.local/lib/python3.7/site-packages/airflow/example_dags/example_branch_operator_decorator.py took 0.087 seconds
[2022-07-17 19:47:01,746] {processor.py:153} INFO - Started process (PID=1250) to work on /home/airflow/.local/lib/python3.7/site-packages/airflow/example_dags/example_branch_operator_decorator.py
[2022-07-17 19:47:01,747] {processor.py:641} INFO - Processing file /home/airflow/.local/lib/python3.7/site-packages/airflow/example_dags/example_branch_operator_decorator.py for tasks to queue
[2022-07-17 19:47:01,748] {logging_mixin.py:115} INFO - [2022-07-17 19:47:01,748] {dagbag.py:508} INFO - Filling up the DagBag from /home/airflow/.local/lib/python3.7/site-packages/airflow/example_dags/example_branch_operator_decorator.py
[2022-07-17 19:47:01,776] {processor.py:651} INFO - DAG(s) dict_keys(['example_branch_python_operator_decorator']) retrieved from /home/airflow/.local/lib/python3.7/site-packages/airflow/example_dags/example_branch_operator_decorator.py
[2022-07-17 19:47:01,806] {logging_mixin.py:115} INFO - [2022-07-17 19:47:01,806] {dag.py:2420} INFO - Sync 1 DAGs
[2022-07-17 19:47:01,833] {logging_mixin.py:115} INFO - [2022-07-17 19:47:01,833] {dag.py:2972} INFO - Setting next_dagrun for example_branch_python_operator_decorator to 2022-07-16T00:00:00+00:00, run_after=2022-07-17T00:00:00+00:00
[2022-07-17 19:47:01,846] {processor.py:161} INFO - Processing /home/airflow/.local/lib/python3.7/site-packages/airflow/example_dags/example_branch_operator_decorator.py took 0.110 seconds
[2022-07-17 19:47:32,031] {processor.py:153} INFO - Started process (PID=1315) to work on /home/airflow/.local/lib/python3.7/site-packages/airflow/example_dags/example_branch_operator_decorator.py
[2022-07-17 19:47:32,032] {processor.py:641} INFO - Processing file /home/airflow/.local/lib/python3.7/site-packages/airflow/example_dags/example_branch_operator_decorator.py for tasks to queue
[2022-07-17 19:47:32,033] {logging_mixin.py:115} INFO - [2022-07-17 19:47:32,033] {dagbag.py:508} INFO - Filling up the DagBag from /home/airflow/.local/lib/python3.7/site-packages/airflow/example_dags/example_branch_operator_decorator.py
[2022-07-17 19:47:32,061] {processor.py:651} INFO - DAG(s) dict_keys(['example_branch_python_operator_decorator']) retrieved from /home/airflow/.local/lib/python3.7/site-packages/airflow/example_dags/example_branch_operator_decorator.py
[2022-07-17 19:47:32,097] {logging_mixin.py:115} INFO - [2022-07-17 19:47:32,097] {dag.py:2420} INFO - Sync 1 DAGs
[2022-07-17 19:47:32,124] {logging_mixin.py:115} INFO - [2022-07-17 19:47:32,124] {dag.py:2972} INFO - Setting next_dagrun for example_branch_python_operator_decorator to 2022-07-16T00:00:00+00:00, run_after=2022-07-17T00:00:00+00:00
[2022-07-17 19:47:32,136] {processor.py:161} INFO - Processing /home/airflow/.local/lib/python3.7/site-packages/airflow/example_dags/example_branch_operator_decorator.py took 0.116 seconds
[2022-07-17 19:48:02,347] {processor.py:153} INFO - Started process (PID=1371) to work on /home/airflow/.local/lib/python3.7/site-packages/airflow/example_dags/example_branch_operator_decorator.py
[2022-07-17 19:48:02,348] {processor.py:641} INFO - Processing file /home/airflow/.local/lib/python3.7/site-packages/airflow/example_dags/example_branch_operator_decorator.py for tasks to queue
[2022-07-17 19:48:02,348] {logging_mixin.py:115} INFO - [2022-07-17 19:48:02,348] {dagbag.py:508} INFO - Filling up the DagBag from /home/airflow/.local/lib/python3.7/site-packages/airflow/example_dags/example_branch_operator_decorator.py
[2022-07-17 19:48:02,374] {processor.py:651} INFO - DAG(s) dict_keys(['example_branch_python_operator_decorator']) retrieved from /home/airflow/.local/lib/python3.7/site-packages/airflow/example_dags/example_branch_operator_decorator.py
[2022-07-17 19:48:02,413] {logging_mixin.py:115} INFO - [2022-07-17 19:48:02,412] {dag.py:2420} INFO - Sync 1 DAGs
[2022-07-17 19:48:02,453] {logging_mixin.py:115} INFO - [2022-07-17 19:48:02,453] {dag.py:2972} INFO - Setting next_dagrun for example_branch_python_operator_decorator to 2022-07-16T00:00:00+00:00, run_after=2022-07-17T00:00:00+00:00
[2022-07-17 19:48:02,465] {processor.py:161} INFO - Processing /home/airflow/.local/lib/python3.7/site-packages/airflow/example_dags/example_branch_operator_decorator.py took 0.124 seconds
[2022-07-17 19:48:32,590] {processor.py:153} INFO - Started process (PID=1435) to work on /home/airflow/.local/lib/python3.7/site-packages/airflow/example_dags/example_branch_operator_decorator.py
[2022-07-17 19:48:32,591] {processor.py:641} INFO - Processing file /home/airflow/.local/lib/python3.7/site-packages/airflow/example_dags/example_branch_operator_decorator.py for tasks to queue
[2022-07-17 19:48:32,591] {logging_mixin.py:115} INFO - [2022-07-17 19:48:32,591] {dagbag.py:508} INFO - Filling up the DagBag from /home/airflow/.local/lib/python3.7/site-packages/airflow/example_dags/example_branch_operator_decorator.py
[2022-07-17 19:48:32,617] {processor.py:651} INFO - DAG(s) dict_keys(['example_branch_python_operator_decorator']) retrieved from /home/airflow/.local/lib/python3.7/site-packages/airflow/example_dags/example_branch_operator_decorator.py
[2022-07-17 19:48:32,650] {logging_mixin.py:115} INFO - [2022-07-17 19:48:32,650] {dag.py:2420} INFO - Sync 1 DAGs
[2022-07-17 19:48:32,682] {logging_mixin.py:115} INFO - [2022-07-17 19:48:32,682] {dag.py:2972} INFO - Setting next_dagrun for example_branch_python_operator_decorator to 2022-07-16T00:00:00+00:00, run_after=2022-07-17T00:00:00+00:00
[2022-07-17 19:48:32,698] {processor.py:161} INFO - Processing /home/airflow/.local/lib/python3.7/site-packages/airflow/example_dags/example_branch_operator_decorator.py took 0.112 seconds
[2022-07-17 19:49:02,778] {processor.py:153} INFO - Started process (PID=1500) to work on /home/airflow/.local/lib/python3.7/site-packages/airflow/example_dags/example_branch_operator_decorator.py
[2022-07-17 19:49:02,780] {processor.py:641} INFO - Processing file /home/airflow/.local/lib/python3.7/site-packages/airflow/example_dags/example_branch_operator_decorator.py for tasks to queue
[2022-07-17 19:49:02,781] {logging_mixin.py:115} INFO - [2022-07-17 19:49:02,780] {dagbag.py:508} INFO - Filling up the DagBag from /home/airflow/.local/lib/python3.7/site-packages/airflow/example_dags/example_branch_operator_decorator.py
[2022-07-17 19:49:02,812] {processor.py:651} INFO - DAG(s) dict_keys(['example_branch_python_operator_decorator']) retrieved from /home/airflow/.local/lib/python3.7/site-packages/airflow/example_dags/example_branch_operator_decorator.py
[2022-07-17 19:49:02,858] {logging_mixin.py:115} INFO - [2022-07-17 19:49:02,858] {dag.py:2420} INFO - Sync 1 DAGs
[2022-07-17 19:49:02,897] {logging_mixin.py:115} INFO - [2022-07-17 19:49:02,897] {dag.py:2972} INFO - Setting next_dagrun for example_branch_python_operator_decorator to 2022-07-16T00:00:00+00:00, run_after=2022-07-17T00:00:00+00:00
[2022-07-17 19:49:02,910] {processor.py:161} INFO - Processing /home/airflow/.local/lib/python3.7/site-packages/airflow/example_dags/example_branch_operator_decorator.py took 0.137 seconds
[2022-07-17 19:49:33,222] {processor.py:153} INFO - Started process (PID=1555) to work on /home/airflow/.local/lib/python3.7/site-packages/airflow/example_dags/example_branch_operator_decorator.py
[2022-07-17 19:49:33,223] {processor.py:641} INFO - Processing file /home/airflow/.local/lib/python3.7/site-packages/airflow/example_dags/example_branch_operator_decorator.py for tasks to queue
[2022-07-17 19:49:33,224] {logging_mixin.py:115} INFO - [2022-07-17 19:49:33,223] {dagbag.py:508} INFO - Filling up the DagBag from /home/airflow/.local/lib/python3.7/site-packages/airflow/example_dags/example_branch_operator_decorator.py
[2022-07-17 19:49:33,250] {processor.py:651} INFO - DAG(s) dict_keys(['example_branch_python_operator_decorator']) retrieved from /home/airflow/.local/lib/python3.7/site-packages/airflow/example_dags/example_branch_operator_decorator.py
[2022-07-17 19:49:33,282] {logging_mixin.py:115} INFO - [2022-07-17 19:49:33,282] {dag.py:2420} INFO - Sync 1 DAGs
[2022-07-17 19:49:33,315] {logging_mixin.py:115} INFO - [2022-07-17 19:49:33,315] {dag.py:2972} INFO - Setting next_dagrun for example_branch_python_operator_decorator to 2022-07-16T00:00:00+00:00, run_after=2022-07-17T00:00:00+00:00
[2022-07-17 19:49:33,331] {processor.py:161} INFO - Processing /home/airflow/.local/lib/python3.7/site-packages/airflow/example_dags/example_branch_operator_decorator.py took 0.115 seconds
[2022-07-17 19:50:03,711] {processor.py:153} INFO - Started process (PID=1619) to work on /home/airflow/.local/lib/python3.7/site-packages/airflow/example_dags/example_branch_operator_decorator.py
[2022-07-17 19:50:03,711] {processor.py:641} INFO - Processing file /home/airflow/.local/lib/python3.7/site-packages/airflow/example_dags/example_branch_operator_decorator.py for tasks to queue
[2022-07-17 19:50:03,712] {logging_mixin.py:115} INFO - [2022-07-17 19:50:03,712] {dagbag.py:508} INFO - Filling up the DagBag from /home/airflow/.local/lib/python3.7/site-packages/airflow/example_dags/example_branch_operator_decorator.py
[2022-07-17 19:50:03,739] {processor.py:651} INFO - DAG(s) dict_keys(['example_branch_python_operator_decorator']) retrieved from /home/airflow/.local/lib/python3.7/site-packages/airflow/example_dags/example_branch_operator_decorator.py
[2022-07-17 19:50:03,766] {logging_mixin.py:115} INFO - [2022-07-17 19:50:03,766] {dag.py:2420} INFO - Sync 1 DAGs
[2022-07-17 19:50:03,794] {logging_mixin.py:115} INFO - [2022-07-17 19:50:03,794] {dag.py:2972} INFO - Setting next_dagrun for example_branch_python_operator_decorator to 2022-07-16T00:00:00+00:00, run_after=2022-07-17T00:00:00+00:00
[2022-07-17 19:50:03,807] {processor.py:161} INFO - Processing /home/airflow/.local/lib/python3.7/site-packages/airflow/example_dags/example_branch_operator_decorator.py took 0.105 seconds
[2022-07-17 19:50:34,032] {processor.py:153} INFO - Started process (PID=1676) to work on /home/airflow/.local/lib/python3.7/site-packages/airflow/example_dags/example_branch_operator_decorator.py
[2022-07-17 19:50:34,033] {processor.py:641} INFO - Processing file /home/airflow/.local/lib/python3.7/site-packages/airflow/example_dags/example_branch_operator_decorator.py for tasks to queue
[2022-07-17 19:50:34,034] {logging_mixin.py:115} INFO - [2022-07-17 19:50:34,034] {dagbag.py:508} INFO - Filling up the DagBag from /home/airflow/.local/lib/python3.7/site-packages/airflow/example_dags/example_branch_operator_decorator.py
[2022-07-17 19:50:34,059] {processor.py:651} INFO - DAG(s) dict_keys(['example_branch_python_operator_decorator']) retrieved from /home/airflow/.local/lib/python3.7/site-packages/airflow/example_dags/example_branch_operator_decorator.py
[2022-07-17 19:50:34,088] {logging_mixin.py:115} INFO - [2022-07-17 19:50:34,088] {dag.py:2420} INFO - Sync 1 DAGs
[2022-07-17 19:50:34,120] {logging_mixin.py:115} INFO - [2022-07-17 19:50:34,119] {dag.py:2972} INFO - Setting next_dagrun for example_branch_python_operator_decorator to 2022-07-16T00:00:00+00:00, run_after=2022-07-17T00:00:00+00:00
[2022-07-17 19:50:34,133] {processor.py:161} INFO - Processing /home/airflow/.local/lib/python3.7/site-packages/airflow/example_dags/example_branch_operator_decorator.py took 0.109 seconds
[2022-07-17 19:51:04,481] {processor.py:153} INFO - Started process (PID=1741) to work on /home/airflow/.local/lib/python3.7/site-packages/airflow/example_dags/example_branch_operator_decorator.py
[2022-07-17 19:51:04,482] {processor.py:641} INFO - Processing file /home/airflow/.local/lib/python3.7/site-packages/airflow/example_dags/example_branch_operator_decorator.py for tasks to queue
[2022-07-17 19:51:04,482] {logging_mixin.py:115} INFO - [2022-07-17 19:51:04,482] {dagbag.py:508} INFO - Filling up the DagBag from /home/airflow/.local/lib/python3.7/site-packages/airflow/example_dags/example_branch_operator_decorator.py
[2022-07-17 19:51:04,507] {processor.py:651} INFO - DAG(s) dict_keys(['example_branch_python_operator_decorator']) retrieved from /home/airflow/.local/lib/python3.7/site-packages/airflow/example_dags/example_branch_operator_decorator.py
[2022-07-17 19:51:04,535] {logging_mixin.py:115} INFO - [2022-07-17 19:51:04,535] {dag.py:2420} INFO - Sync 1 DAGs
[2022-07-17 19:51:04,561] {logging_mixin.py:115} INFO - [2022-07-17 19:51:04,561] {dag.py:2972} INFO - Setting next_dagrun for example_branch_python_operator_decorator to 2022-07-16T00:00:00+00:00, run_after=2022-07-17T00:00:00+00:00
[2022-07-17 19:51:04,573] {processor.py:161} INFO - Processing /home/airflow/.local/lib/python3.7/site-packages/airflow/example_dags/example_branch_operator_decorator.py took 0.097 seconds
[2022-07-17 19:51:34,733] {processor.py:153} INFO - Started process (PID=1796) to work on /home/airflow/.local/lib/python3.7/site-packages/airflow/example_dags/example_branch_operator_decorator.py
[2022-07-17 19:51:34,733] {processor.py:641} INFO - Processing file /home/airflow/.local/lib/python3.7/site-packages/airflow/example_dags/example_branch_operator_decorator.py for tasks to queue
[2022-07-17 19:51:34,734] {logging_mixin.py:115} INFO - [2022-07-17 19:51:34,734] {dagbag.py:508} INFO - Filling up the DagBag from /home/airflow/.local/lib/python3.7/site-packages/airflow/example_dags/example_branch_operator_decorator.py
[2022-07-17 19:51:34,763] {processor.py:651} INFO - DAG(s) dict_keys(['example_branch_python_operator_decorator']) retrieved from /home/airflow/.local/lib/python3.7/site-packages/airflow/example_dags/example_branch_operator_decorator.py
[2022-07-17 19:51:34,801] {logging_mixin.py:115} INFO - [2022-07-17 19:51:34,801] {dag.py:2420} INFO - Sync 1 DAGs
[2022-07-17 19:51:34,832] {logging_mixin.py:115} INFO - [2022-07-17 19:51:34,832] {dag.py:2972} INFO - Setting next_dagrun for example_branch_python_operator_decorator to 2022-07-16T00:00:00+00:00, run_after=2022-07-17T00:00:00+00:00
[2022-07-17 19:51:34,848] {processor.py:161} INFO - Processing /home/airflow/.local/lib/python3.7/site-packages/airflow/example_dags/example_branch_operator_decorator.py took 0.119 seconds
[2022-07-17 19:52:04,954] {processor.py:153} INFO - Started process (PID=1860) to work on /home/airflow/.local/lib/python3.7/site-packages/airflow/example_dags/example_branch_operator_decorator.py
[2022-07-17 19:52:04,955] {processor.py:641} INFO - Processing file /home/airflow/.local/lib/python3.7/site-packages/airflow/example_dags/example_branch_operator_decorator.py for tasks to queue
[2022-07-17 19:52:04,956] {logging_mixin.py:115} INFO - [2022-07-17 19:52:04,956] {dagbag.py:508} INFO - Filling up the DagBag from /home/airflow/.local/lib/python3.7/site-packages/airflow/example_dags/example_branch_operator_decorator.py
[2022-07-17 19:52:04,984] {processor.py:651} INFO - DAG(s) dict_keys(['example_branch_python_operator_decorator']) retrieved from /home/airflow/.local/lib/python3.7/site-packages/airflow/example_dags/example_branch_operator_decorator.py
[2022-07-17 19:52:05,014] {logging_mixin.py:115} INFO - [2022-07-17 19:52:05,014] {dag.py:2420} INFO - Sync 1 DAGs
[2022-07-17 19:52:05,041] {logging_mixin.py:115} INFO - [2022-07-17 19:52:05,041] {dag.py:2972} INFO - Setting next_dagrun for example_branch_python_operator_decorator to 2022-07-16T00:00:00+00:00, run_after=2022-07-17T00:00:00+00:00
[2022-07-17 19:52:05,056] {processor.py:161} INFO - Processing /home/airflow/.local/lib/python3.7/site-packages/airflow/example_dags/example_branch_operator_decorator.py took 0.109 seconds
[2022-07-17 19:52:35,469] {processor.py:153} INFO - Started process (PID=1926) to work on /home/airflow/.local/lib/python3.7/site-packages/airflow/example_dags/example_branch_operator_decorator.py
[2022-07-17 19:52:35,469] {processor.py:641} INFO - Processing file /home/airflow/.local/lib/python3.7/site-packages/airflow/example_dags/example_branch_operator_decorator.py for tasks to queue
[2022-07-17 19:52:35,470] {logging_mixin.py:115} INFO - [2022-07-17 19:52:35,470] {dagbag.py:508} INFO - Filling up the DagBag from /home/airflow/.local/lib/python3.7/site-packages/airflow/example_dags/example_branch_operator_decorator.py
[2022-07-17 19:52:35,490] {processor.py:651} INFO - DAG(s) dict_keys(['example_branch_python_operator_decorator']) retrieved from /home/airflow/.local/lib/python3.7/site-packages/airflow/example_dags/example_branch_operator_decorator.py
[2022-07-17 19:52:35,517] {logging_mixin.py:115} INFO - [2022-07-17 19:52:35,517] {dag.py:2420} INFO - Sync 1 DAGs
[2022-07-17 19:52:35,543] {logging_mixin.py:115} INFO - [2022-07-17 19:52:35,543] {dag.py:2972} INFO - Setting next_dagrun for example_branch_python_operator_decorator to 2022-07-16T00:00:00+00:00, run_after=2022-07-17T00:00:00+00:00
[2022-07-17 19:52:35,557] {processor.py:161} INFO - Processing /home/airflow/.local/lib/python3.7/site-packages/airflow/example_dags/example_branch_operator_decorator.py took 0.091 seconds
[2022-07-17 19:53:05,768] {processor.py:153} INFO - Started process (PID=1980) to work on /home/airflow/.local/lib/python3.7/site-packages/airflow/example_dags/example_branch_operator_decorator.py
[2022-07-17 19:53:05,769] {processor.py:641} INFO - Processing file /home/airflow/.local/lib/python3.7/site-packages/airflow/example_dags/example_branch_operator_decorator.py for tasks to queue
[2022-07-17 19:53:05,770] {logging_mixin.py:115} INFO - [2022-07-17 19:53:05,770] {dagbag.py:508} INFO - Filling up the DagBag from /home/airflow/.local/lib/python3.7/site-packages/airflow/example_dags/example_branch_operator_decorator.py
[2022-07-17 19:53:05,799] {processor.py:651} INFO - DAG(s) dict_keys(['example_branch_python_operator_decorator']) retrieved from /home/airflow/.local/lib/python3.7/site-packages/airflow/example_dags/example_branch_operator_decorator.py
[2022-07-17 19:53:05,844] {logging_mixin.py:115} INFO - [2022-07-17 19:53:05,844] {dag.py:2420} INFO - Sync 1 DAGs
[2022-07-17 19:53:05,880] {logging_mixin.py:115} INFO - [2022-07-17 19:53:05,880] {dag.py:2972} INFO - Setting next_dagrun for example_branch_python_operator_decorator to 2022-07-16T00:00:00+00:00, run_after=2022-07-17T00:00:00+00:00
[2022-07-17 19:53:05,899] {processor.py:161} INFO - Processing /home/airflow/.local/lib/python3.7/site-packages/airflow/example_dags/example_branch_operator_decorator.py took 0.135 seconds
[2022-07-17 19:53:36,174] {processor.py:153} INFO - Started process (PID=2043) to work on /home/airflow/.local/lib/python3.7/site-packages/airflow/example_dags/example_branch_operator_decorator.py
[2022-07-17 19:53:36,175] {processor.py:641} INFO - Processing file /home/airflow/.local/lib/python3.7/site-packages/airflow/example_dags/example_branch_operator_decorator.py for tasks to queue
[2022-07-17 19:53:36,176] {logging_mixin.py:115} INFO - [2022-07-17 19:53:36,176] {dagbag.py:508} INFO - Filling up the DagBag from /home/airflow/.local/lib/python3.7/site-packages/airflow/example_dags/example_branch_operator_decorator.py
[2022-07-17 19:53:36,199] {processor.py:651} INFO - DAG(s) dict_keys(['example_branch_python_operator_decorator']) retrieved from /home/airflow/.local/lib/python3.7/site-packages/airflow/example_dags/example_branch_operator_decorator.py
[2022-07-17 19:53:36,226] {logging_mixin.py:115} INFO - [2022-07-17 19:53:36,226] {dag.py:2420} INFO - Sync 1 DAGs
[2022-07-17 19:53:36,251] {logging_mixin.py:115} INFO - [2022-07-17 19:53:36,251] {dag.py:2972} INFO - Setting next_dagrun for example_branch_python_operator_decorator to 2022-07-16T00:00:00+00:00, run_after=2022-07-17T00:00:00+00:00
[2022-07-17 19:53:36,265] {processor.py:161} INFO - Processing /home/airflow/.local/lib/python3.7/site-packages/airflow/example_dags/example_branch_operator_decorator.py took 0.095 seconds
[2022-07-17 19:54:06,324] {processor.py:153} INFO - Started process (PID=2099) to work on /home/airflow/.local/lib/python3.7/site-packages/airflow/example_dags/example_branch_operator_decorator.py
[2022-07-17 19:54:06,325] {processor.py:641} INFO - Processing file /home/airflow/.local/lib/python3.7/site-packages/airflow/example_dags/example_branch_operator_decorator.py for tasks to queue
[2022-07-17 19:54:06,325] {logging_mixin.py:115} INFO - [2022-07-17 19:54:06,325] {dagbag.py:508} INFO - Filling up the DagBag from /home/airflow/.local/lib/python3.7/site-packages/airflow/example_dags/example_branch_operator_decorator.py
[2022-07-17 19:54:06,345] {processor.py:651} INFO - DAG(s) dict_keys(['example_branch_python_operator_decorator']) retrieved from /home/airflow/.local/lib/python3.7/site-packages/airflow/example_dags/example_branch_operator_decorator.py
[2022-07-17 19:54:06,371] {logging_mixin.py:115} INFO - [2022-07-17 19:54:06,371] {dag.py:2420} INFO - Sync 1 DAGs
[2022-07-17 19:54:06,398] {logging_mixin.py:115} INFO - [2022-07-17 19:54:06,398] {dag.py:2972} INFO - Setting next_dagrun for example_branch_python_operator_decorator to 2022-07-16T00:00:00+00:00, run_after=2022-07-17T00:00:00+00:00
[2022-07-17 19:54:06,412] {processor.py:161} INFO - Processing /home/airflow/.local/lib/python3.7/site-packages/airflow/example_dags/example_branch_operator_decorator.py took 0.091 seconds
[2022-07-17 19:54:36,577] {processor.py:153} INFO - Started process (PID=2163) to work on /home/airflow/.local/lib/python3.7/site-packages/airflow/example_dags/example_branch_operator_decorator.py
[2022-07-17 19:54:36,578] {processor.py:641} INFO - Processing file /home/airflow/.local/lib/python3.7/site-packages/airflow/example_dags/example_branch_operator_decorator.py for tasks to queue
[2022-07-17 19:54:36,578] {logging_mixin.py:115} INFO - [2022-07-17 19:54:36,578] {dagbag.py:508} INFO - Filling up the DagBag from /home/airflow/.local/lib/python3.7/site-packages/airflow/example_dags/example_branch_operator_decorator.py
[2022-07-17 19:54:36,601] {processor.py:651} INFO - DAG(s) dict_keys(['example_branch_python_operator_decorator']) retrieved from /home/airflow/.local/lib/python3.7/site-packages/airflow/example_dags/example_branch_operator_decorator.py
[2022-07-17 19:54:36,628] {logging_mixin.py:115} INFO - [2022-07-17 19:54:36,628] {dag.py:2420} INFO - Sync 1 DAGs
[2022-07-17 19:54:36,653] {logging_mixin.py:115} INFO - [2022-07-17 19:54:36,653] {dag.py:2972} INFO - Setting next_dagrun for example_branch_python_operator_decorator to 2022-07-16T00:00:00+00:00, run_after=2022-07-17T00:00:00+00:00
[2022-07-17 19:54:36,666] {processor.py:161} INFO - Processing /home/airflow/.local/lib/python3.7/site-packages/airflow/example_dags/example_branch_operator_decorator.py took 0.094 seconds
[2022-07-17 19:55:06,800] {processor.py:153} INFO - Started process (PID=2218) to work on /home/airflow/.local/lib/python3.7/site-packages/airflow/example_dags/example_branch_operator_decorator.py
[2022-07-17 19:55:06,801] {processor.py:641} INFO - Processing file /home/airflow/.local/lib/python3.7/site-packages/airflow/example_dags/example_branch_operator_decorator.py for tasks to queue
[2022-07-17 19:55:06,801] {logging_mixin.py:115} INFO - [2022-07-17 19:55:06,801] {dagbag.py:508} INFO - Filling up the DagBag from /home/airflow/.local/lib/python3.7/site-packages/airflow/example_dags/example_branch_operator_decorator.py
[2022-07-17 19:55:06,823] {processor.py:651} INFO - DAG(s) dict_keys(['example_branch_python_operator_decorator']) retrieved from /home/airflow/.local/lib/python3.7/site-packages/airflow/example_dags/example_branch_operator_decorator.py
[2022-07-17 19:55:06,856] {logging_mixin.py:115} INFO - [2022-07-17 19:55:06,856] {dag.py:2420} INFO - Sync 1 DAGs
[2022-07-17 19:55:06,893] {logging_mixin.py:115} INFO - [2022-07-17 19:55:06,893] {dag.py:2972} INFO - Setting next_dagrun for example_branch_python_operator_decorator to 2022-07-16T00:00:00+00:00, run_after=2022-07-17T00:00:00+00:00
[2022-07-17 19:55:06,909] {processor.py:161} INFO - Processing /home/airflow/.local/lib/python3.7/site-packages/airflow/example_dags/example_branch_operator_decorator.py took 0.112 seconds
[2022-07-17 19:55:37,292] {processor.py:153} INFO - Started process (PID=2284) to work on /home/airflow/.local/lib/python3.7/site-packages/airflow/example_dags/example_branch_operator_decorator.py
[2022-07-17 19:55:37,293] {processor.py:641} INFO - Processing file /home/airflow/.local/lib/python3.7/site-packages/airflow/example_dags/example_branch_operator_decorator.py for tasks to queue
[2022-07-17 19:55:37,294] {logging_mixin.py:115} INFO - [2022-07-17 19:55:37,294] {dagbag.py:508} INFO - Filling up the DagBag from /home/airflow/.local/lib/python3.7/site-packages/airflow/example_dags/example_branch_operator_decorator.py
[2022-07-17 19:55:37,318] {processor.py:651} INFO - DAG(s) dict_keys(['example_branch_python_operator_decorator']) retrieved from /home/airflow/.local/lib/python3.7/site-packages/airflow/example_dags/example_branch_operator_decorator.py
[2022-07-17 19:55:37,350] {logging_mixin.py:115} INFO - [2022-07-17 19:55:37,350] {dag.py:2420} INFO - Sync 1 DAGs
[2022-07-17 19:55:37,382] {logging_mixin.py:115} INFO - [2022-07-17 19:55:37,382] {dag.py:2972} INFO - Setting next_dagrun for example_branch_python_operator_decorator to 2022-07-16T00:00:00+00:00, run_after=2022-07-17T00:00:00+00:00
[2022-07-17 19:55:37,402] {processor.py:161} INFO - Processing /home/airflow/.local/lib/python3.7/site-packages/airflow/example_dags/example_branch_operator_decorator.py took 0.113 seconds
[2022-07-17 19:56:07,903] {processor.py:153} INFO - Started process (PID=2350) to work on /home/airflow/.local/lib/python3.7/site-packages/airflow/example_dags/example_branch_operator_decorator.py
[2022-07-17 19:56:07,904] {processor.py:641} INFO - Processing file /home/airflow/.local/lib/python3.7/site-packages/airflow/example_dags/example_branch_operator_decorator.py for tasks to queue
[2022-07-17 19:56:07,905] {logging_mixin.py:115} INFO - [2022-07-17 19:56:07,905] {dagbag.py:508} INFO - Filling up the DagBag from /home/airflow/.local/lib/python3.7/site-packages/airflow/example_dags/example_branch_operator_decorator.py
[2022-07-17 19:56:07,932] {processor.py:651} INFO - DAG(s) dict_keys(['example_branch_python_operator_decorator']) retrieved from /home/airflow/.local/lib/python3.7/site-packages/airflow/example_dags/example_branch_operator_decorator.py
[2022-07-17 19:56:07,967] {logging_mixin.py:115} INFO - [2022-07-17 19:56:07,967] {dag.py:2420} INFO - Sync 1 DAGs
[2022-07-17 19:56:08,005] {logging_mixin.py:115} INFO - [2022-07-17 19:56:08,005] {dag.py:2972} INFO - Setting next_dagrun for example_branch_python_operator_decorator to 2022-07-16T00:00:00+00:00, run_after=2022-07-17T00:00:00+00:00
[2022-07-17 19:56:08,026] {processor.py:161} INFO - Processing /home/airflow/.local/lib/python3.7/site-packages/airflow/example_dags/example_branch_operator_decorator.py took 0.127 seconds
[2022-07-17 19:56:38,184] {processor.py:153} INFO - Started process (PID=2405) to work on /home/airflow/.local/lib/python3.7/site-packages/airflow/example_dags/example_branch_operator_decorator.py
[2022-07-17 19:56:38,185] {processor.py:641} INFO - Processing file /home/airflow/.local/lib/python3.7/site-packages/airflow/example_dags/example_branch_operator_decorator.py for tasks to queue
[2022-07-17 19:56:38,185] {logging_mixin.py:115} INFO - [2022-07-17 19:56:38,185] {dagbag.py:508} INFO - Filling up the DagBag from /home/airflow/.local/lib/python3.7/site-packages/airflow/example_dags/example_branch_operator_decorator.py
[2022-07-17 19:56:38,211] {processor.py:651} INFO - DAG(s) dict_keys(['example_branch_python_operator_decorator']) retrieved from /home/airflow/.local/lib/python3.7/site-packages/airflow/example_dags/example_branch_operator_decorator.py
[2022-07-17 19:56:38,243] {logging_mixin.py:115} INFO - [2022-07-17 19:56:38,243] {dag.py:2420} INFO - Sync 1 DAGs
[2022-07-17 19:56:38,271] {logging_mixin.py:115} INFO - [2022-07-17 19:56:38,271] {dag.py:2972} INFO - Setting next_dagrun for example_branch_python_operator_decorator to 2022-07-16T00:00:00+00:00, run_after=2022-07-17T00:00:00+00:00
[2022-07-17 19:56:38,288] {processor.py:161} INFO - Processing /home/airflow/.local/lib/python3.7/site-packages/airflow/example_dags/example_branch_operator_decorator.py took 0.111 seconds
[2022-07-17 19:57:08,384] {processor.py:153} INFO - Started process (PID=2469) to work on /home/airflow/.local/lib/python3.7/site-packages/airflow/example_dags/example_branch_operator_decorator.py
[2022-07-17 19:57:08,384] {processor.py:641} INFO - Processing file /home/airflow/.local/lib/python3.7/site-packages/airflow/example_dags/example_branch_operator_decorator.py for tasks to queue
[2022-07-17 19:57:08,385] {logging_mixin.py:115} INFO - [2022-07-17 19:57:08,385] {dagbag.py:508} INFO - Filling up the DagBag from /home/airflow/.local/lib/python3.7/site-packages/airflow/example_dags/example_branch_operator_decorator.py
[2022-07-17 19:57:08,412] {processor.py:651} INFO - DAG(s) dict_keys(['example_branch_python_operator_decorator']) retrieved from /home/airflow/.local/lib/python3.7/site-packages/airflow/example_dags/example_branch_operator_decorator.py
[2022-07-17 19:57:08,446] {logging_mixin.py:115} INFO - [2022-07-17 19:57:08,446] {dag.py:2420} INFO - Sync 1 DAGs
[2022-07-17 19:57:08,482] {logging_mixin.py:115} INFO - [2022-07-17 19:57:08,482] {dag.py:2972} INFO - Setting next_dagrun for example_branch_python_operator_decorator to 2022-07-16T00:00:00+00:00, run_after=2022-07-17T00:00:00+00:00
[2022-07-17 19:57:08,500] {processor.py:161} INFO - Processing /home/airflow/.local/lib/python3.7/site-packages/airflow/example_dags/example_branch_operator_decorator.py took 0.120 seconds
[2022-07-17 19:57:38,533] {processor.py:153} INFO - Started process (PID=2523) to work on /home/airflow/.local/lib/python3.7/site-packages/airflow/example_dags/example_branch_operator_decorator.py
[2022-07-17 19:57:38,533] {processor.py:641} INFO - Processing file /home/airflow/.local/lib/python3.7/site-packages/airflow/example_dags/example_branch_operator_decorator.py for tasks to queue
[2022-07-17 19:57:38,534] {logging_mixin.py:115} INFO - [2022-07-17 19:57:38,534] {dagbag.py:508} INFO - Filling up the DagBag from /home/airflow/.local/lib/python3.7/site-packages/airflow/example_dags/example_branch_operator_decorator.py
[2022-07-17 19:57:38,564] {processor.py:651} INFO - DAG(s) dict_keys(['example_branch_python_operator_decorator']) retrieved from /home/airflow/.local/lib/python3.7/site-packages/airflow/example_dags/example_branch_operator_decorator.py
[2022-07-17 19:57:38,593] {logging_mixin.py:115} INFO - [2022-07-17 19:57:38,592] {dag.py:2420} INFO - Sync 1 DAGs
[2022-07-17 19:57:38,628] {logging_mixin.py:115} INFO - [2022-07-17 19:57:38,628] {dag.py:2972} INFO - Setting next_dagrun for example_branch_python_operator_decorator to 2022-07-16T00:00:00+00:00, run_after=2022-07-17T00:00:00+00:00
[2022-07-17 19:57:38,648] {processor.py:161} INFO - Processing /home/airflow/.local/lib/python3.7/site-packages/airflow/example_dags/example_branch_operator_decorator.py took 0.121 seconds
[2022-07-17 19:58:08,719] {processor.py:153} INFO - Started process (PID=2587) to work on /home/airflow/.local/lib/python3.7/site-packages/airflow/example_dags/example_branch_operator_decorator.py
[2022-07-17 19:58:08,720] {processor.py:641} INFO - Processing file /home/airflow/.local/lib/python3.7/site-packages/airflow/example_dags/example_branch_operator_decorator.py for tasks to queue
[2022-07-17 19:58:08,721] {logging_mixin.py:115} INFO - [2022-07-17 19:58:08,721] {dagbag.py:508} INFO - Filling up the DagBag from /home/airflow/.local/lib/python3.7/site-packages/airflow/example_dags/example_branch_operator_decorator.py
[2022-07-17 19:58:08,742] {processor.py:651} INFO - DAG(s) dict_keys(['example_branch_python_operator_decorator']) retrieved from /home/airflow/.local/lib/python3.7/site-packages/airflow/example_dags/example_branch_operator_decorator.py
[2022-07-17 19:58:08,768] {logging_mixin.py:115} INFO - [2022-07-17 19:58:08,768] {dag.py:2420} INFO - Sync 1 DAGs
[2022-07-17 19:58:08,792] {logging_mixin.py:115} INFO - [2022-07-17 19:58:08,792] {dag.py:2972} INFO - Setting next_dagrun for example_branch_python_operator_decorator to 2022-07-16T00:00:00+00:00, run_after=2022-07-17T00:00:00+00:00
[2022-07-17 19:58:08,806] {processor.py:161} INFO - Processing /home/airflow/.local/lib/python3.7/site-packages/airflow/example_dags/example_branch_operator_decorator.py took 0.090 seconds
[2022-07-17 19:58:39,028] {processor.py:153} INFO - Started process (PID=2643) to work on /home/airflow/.local/lib/python3.7/site-packages/airflow/example_dags/example_branch_operator_decorator.py
[2022-07-17 19:58:39,029] {processor.py:641} INFO - Processing file /home/airflow/.local/lib/python3.7/site-packages/airflow/example_dags/example_branch_operator_decorator.py for tasks to queue
[2022-07-17 19:58:39,030] {logging_mixin.py:115} INFO - [2022-07-17 19:58:39,030] {dagbag.py:508} INFO - Filling up the DagBag from /home/airflow/.local/lib/python3.7/site-packages/airflow/example_dags/example_branch_operator_decorator.py
[2022-07-17 19:58:39,055] {processor.py:651} INFO - DAG(s) dict_keys(['example_branch_python_operator_decorator']) retrieved from /home/airflow/.local/lib/python3.7/site-packages/airflow/example_dags/example_branch_operator_decorator.py
[2022-07-17 19:58:39,084] {logging_mixin.py:115} INFO - [2022-07-17 19:58:39,084] {dag.py:2420} INFO - Sync 1 DAGs
[2022-07-17 19:58:39,110] {logging_mixin.py:115} INFO - [2022-07-17 19:58:39,110] {dag.py:2972} INFO - Setting next_dagrun for example_branch_python_operator_decorator to 2022-07-16T00:00:00+00:00, run_after=2022-07-17T00:00:00+00:00
[2022-07-17 19:58:39,125] {processor.py:161} INFO - Processing /home/airflow/.local/lib/python3.7/site-packages/airflow/example_dags/example_branch_operator_decorator.py took 0.103 seconds
[2022-07-17 19:59:09,473] {processor.py:153} INFO - Started process (PID=2707) to work on /home/airflow/.local/lib/python3.7/site-packages/airflow/example_dags/example_branch_operator_decorator.py
[2022-07-17 19:59:09,473] {processor.py:641} INFO - Processing file /home/airflow/.local/lib/python3.7/site-packages/airflow/example_dags/example_branch_operator_decorator.py for tasks to queue
[2022-07-17 19:59:09,474] {logging_mixin.py:115} INFO - [2022-07-17 19:59:09,474] {dagbag.py:508} INFO - Filling up the DagBag from /home/airflow/.local/lib/python3.7/site-packages/airflow/example_dags/example_branch_operator_decorator.py
[2022-07-17 19:59:09,494] {processor.py:651} INFO - DAG(s) dict_keys(['example_branch_python_operator_decorator']) retrieved from /home/airflow/.local/lib/python3.7/site-packages/airflow/example_dags/example_branch_operator_decorator.py
[2022-07-17 19:59:09,526] {logging_mixin.py:115} INFO - [2022-07-17 19:59:09,526] {dag.py:2420} INFO - Sync 1 DAGs
[2022-07-17 19:59:09,565] {logging_mixin.py:115} INFO - [2022-07-17 19:59:09,565] {dag.py:2972} INFO - Setting next_dagrun for example_branch_python_operator_decorator to 2022-07-16T00:00:00+00:00, run_after=2022-07-17T00:00:00+00:00
[2022-07-17 19:59:09,581] {processor.py:161} INFO - Processing /home/airflow/.local/lib/python3.7/site-packages/airflow/example_dags/example_branch_operator_decorator.py took 0.111 seconds
[2022-07-17 19:59:39,694] {processor.py:153} INFO - Started process (PID=2772) to work on /home/airflow/.local/lib/python3.7/site-packages/airflow/example_dags/example_branch_operator_decorator.py
[2022-07-17 19:59:39,695] {processor.py:641} INFO - Processing file /home/airflow/.local/lib/python3.7/site-packages/airflow/example_dags/example_branch_operator_decorator.py for tasks to queue
[2022-07-17 19:59:39,695] {logging_mixin.py:115} INFO - [2022-07-17 19:59:39,695] {dagbag.py:508} INFO - Filling up the DagBag from /home/airflow/.local/lib/python3.7/site-packages/airflow/example_dags/example_branch_operator_decorator.py
[2022-07-17 19:59:39,715] {processor.py:651} INFO - DAG(s) dict_keys(['example_branch_python_operator_decorator']) retrieved from /home/airflow/.local/lib/python3.7/site-packages/airflow/example_dags/example_branch_operator_decorator.py
[2022-07-17 19:59:39,740] {logging_mixin.py:115} INFO - [2022-07-17 19:59:39,740] {dag.py:2420} INFO - Sync 1 DAGs
[2022-07-17 19:59:39,765] {logging_mixin.py:115} INFO - [2022-07-17 19:59:39,765] {dag.py:2972} INFO - Setting next_dagrun for example_branch_python_operator_decorator to 2022-07-16T00:00:00+00:00, run_after=2022-07-17T00:00:00+00:00
[2022-07-17 19:59:39,780] {processor.py:161} INFO - Processing /home/airflow/.local/lib/python3.7/site-packages/airflow/example_dags/example_branch_operator_decorator.py took 0.088 seconds
[2022-07-17 20:00:10,007] {processor.py:153} INFO - Started process (PID=2828) to work on /home/airflow/.local/lib/python3.7/site-packages/airflow/example_dags/example_branch_operator_decorator.py
[2022-07-17 20:00:10,008] {processor.py:641} INFO - Processing file /home/airflow/.local/lib/python3.7/site-packages/airflow/example_dags/example_branch_operator_decorator.py for tasks to queue
[2022-07-17 20:00:10,008] {logging_mixin.py:115} INFO - [2022-07-17 20:00:10,008] {dagbag.py:508} INFO - Filling up the DagBag from /home/airflow/.local/lib/python3.7/site-packages/airflow/example_dags/example_branch_operator_decorator.py
[2022-07-17 20:00:10,028] {processor.py:651} INFO - DAG(s) dict_keys(['example_branch_python_operator_decorator']) retrieved from /home/airflow/.local/lib/python3.7/site-packages/airflow/example_dags/example_branch_operator_decorator.py
[2022-07-17 20:00:10,054] {logging_mixin.py:115} INFO - [2022-07-17 20:00:10,054] {dag.py:2420} INFO - Sync 1 DAGs
[2022-07-17 20:00:10,079] {logging_mixin.py:115} INFO - [2022-07-17 20:00:10,079] {dag.py:2972} INFO - Setting next_dagrun for example_branch_python_operator_decorator to 2022-07-16T00:00:00+00:00, run_after=2022-07-17T00:00:00+00:00
[2022-07-17 20:00:10,094] {processor.py:161} INFO - Processing /home/airflow/.local/lib/python3.7/site-packages/airflow/example_dags/example_branch_operator_decorator.py took 0.089 seconds
[2022-07-17 20:00:40,212] {processor.py:153} INFO - Started process (PID=2891) to work on /home/airflow/.local/lib/python3.7/site-packages/airflow/example_dags/example_branch_operator_decorator.py
[2022-07-17 20:00:40,212] {processor.py:641} INFO - Processing file /home/airflow/.local/lib/python3.7/site-packages/airflow/example_dags/example_branch_operator_decorator.py for tasks to queue
[2022-07-17 20:00:40,213] {logging_mixin.py:115} INFO - [2022-07-17 20:00:40,213] {dagbag.py:508} INFO - Filling up the DagBag from /home/airflow/.local/lib/python3.7/site-packages/airflow/example_dags/example_branch_operator_decorator.py
[2022-07-17 20:00:40,239] {processor.py:651} INFO - DAG(s) dict_keys(['example_branch_python_operator_decorator']) retrieved from /home/airflow/.local/lib/python3.7/site-packages/airflow/example_dags/example_branch_operator_decorator.py
[2022-07-17 20:00:40,272] {logging_mixin.py:115} INFO - [2022-07-17 20:00:40,272] {dag.py:2420} INFO - Sync 1 DAGs
[2022-07-17 20:00:40,308] {logging_mixin.py:115} INFO - [2022-07-17 20:00:40,307] {dag.py:2972} INFO - Setting next_dagrun for example_branch_python_operator_decorator to 2022-07-16T00:00:00+00:00, run_after=2022-07-17T00:00:00+00:00
[2022-07-17 20:00:40,326] {processor.py:161} INFO - Processing /home/airflow/.local/lib/python3.7/site-packages/airflow/example_dags/example_branch_operator_decorator.py took 0.119 seconds
[2022-07-17 20:01:10,429] {processor.py:153} INFO - Started process (PID=2946) to work on /home/airflow/.local/lib/python3.7/site-packages/airflow/example_dags/example_branch_operator_decorator.py
[2022-07-17 20:01:10,430] {processor.py:641} INFO - Processing file /home/airflow/.local/lib/python3.7/site-packages/airflow/example_dags/example_branch_operator_decorator.py for tasks to queue
[2022-07-17 20:01:10,431] {logging_mixin.py:115} INFO - [2022-07-17 20:01:10,431] {dagbag.py:508} INFO - Filling up the DagBag from /home/airflow/.local/lib/python3.7/site-packages/airflow/example_dags/example_branch_operator_decorator.py
[2022-07-17 20:01:10,457] {processor.py:651} INFO - DAG(s) dict_keys(['example_branch_python_operator_decorator']) retrieved from /home/airflow/.local/lib/python3.7/site-packages/airflow/example_dags/example_branch_operator_decorator.py
[2022-07-17 20:01:10,483] {logging_mixin.py:115} INFO - [2022-07-17 20:01:10,483] {dag.py:2420} INFO - Sync 1 DAGs
[2022-07-17 20:01:10,508] {logging_mixin.py:115} INFO - [2022-07-17 20:01:10,507] {dag.py:2972} INFO - Setting next_dagrun for example_branch_python_operator_decorator to 2022-07-16T00:00:00+00:00, run_after=2022-07-17T00:00:00+00:00
[2022-07-17 20:01:10,522] {processor.py:161} INFO - Processing /home/airflow/.local/lib/python3.7/site-packages/airflow/example_dags/example_branch_operator_decorator.py took 0.098 seconds
[2022-07-17 20:01:40,918] {processor.py:153} INFO - Started process (PID=3010) to work on /home/airflow/.local/lib/python3.7/site-packages/airflow/example_dags/example_branch_operator_decorator.py
[2022-07-17 20:01:40,918] {processor.py:641} INFO - Processing file /home/airflow/.local/lib/python3.7/site-packages/airflow/example_dags/example_branch_operator_decorator.py for tasks to queue
[2022-07-17 20:01:40,919] {logging_mixin.py:115} INFO - [2022-07-17 20:01:40,919] {dagbag.py:508} INFO - Filling up the DagBag from /home/airflow/.local/lib/python3.7/site-packages/airflow/example_dags/example_branch_operator_decorator.py
[2022-07-17 20:01:40,946] {processor.py:651} INFO - DAG(s) dict_keys(['example_branch_python_operator_decorator']) retrieved from /home/airflow/.local/lib/python3.7/site-packages/airflow/example_dags/example_branch_operator_decorator.py
[2022-07-17 20:01:40,979] {logging_mixin.py:115} INFO - [2022-07-17 20:01:40,978] {dag.py:2420} INFO - Sync 1 DAGs
[2022-07-17 20:01:41,006] {logging_mixin.py:115} INFO - [2022-07-17 20:01:41,006] {dag.py:2972} INFO - Setting next_dagrun for example_branch_python_operator_decorator to 2022-07-16T00:00:00+00:00, run_after=2022-07-17T00:00:00+00:00
[2022-07-17 20:01:41,019] {processor.py:161} INFO - Processing /home/airflow/.local/lib/python3.7/site-packages/airflow/example_dags/example_branch_operator_decorator.py took 0.106 seconds
[2022-07-17 20:02:11,163] {processor.py:153} INFO - Started process (PID=3065) to work on /home/airflow/.local/lib/python3.7/site-packages/airflow/example_dags/example_branch_operator_decorator.py
[2022-07-17 20:02:11,165] {processor.py:641} INFO - Processing file /home/airflow/.local/lib/python3.7/site-packages/airflow/example_dags/example_branch_operator_decorator.py for tasks to queue
[2022-07-17 20:02:11,167] {logging_mixin.py:115} INFO - [2022-07-17 20:02:11,166] {dagbag.py:508} INFO - Filling up the DagBag from /home/airflow/.local/lib/python3.7/site-packages/airflow/example_dags/example_branch_operator_decorator.py
[2022-07-17 20:02:11,237] {processor.py:651} INFO - DAG(s) dict_keys(['example_branch_python_operator_decorator']) retrieved from /home/airflow/.local/lib/python3.7/site-packages/airflow/example_dags/example_branch_operator_decorator.py
[2022-07-17 20:02:11,279] {logging_mixin.py:115} INFO - [2022-07-17 20:02:11,278] {dag.py:2420} INFO - Sync 1 DAGs
[2022-07-17 20:02:11,327] {logging_mixin.py:115} INFO - [2022-07-17 20:02:11,327] {dag.py:2972} INFO - Setting next_dagrun for example_branch_python_operator_decorator to 2022-07-16T00:00:00+00:00, run_after=2022-07-17T00:00:00+00:00
[2022-07-17 20:02:11,345] {processor.py:161} INFO - Processing /home/airflow/.local/lib/python3.7/site-packages/airflow/example_dags/example_branch_operator_decorator.py took 0.193 seconds
[2022-07-17 20:02:41,953] {processor.py:153} INFO - Started process (PID=3132) to work on /home/airflow/.local/lib/python3.7/site-packages/airflow/example_dags/example_branch_operator_decorator.py
[2022-07-17 20:02:41,953] {processor.py:641} INFO - Processing file /home/airflow/.local/lib/python3.7/site-packages/airflow/example_dags/example_branch_operator_decorator.py for tasks to queue
[2022-07-17 20:02:41,954] {logging_mixin.py:115} INFO - [2022-07-17 20:02:41,953] {dagbag.py:508} INFO - Filling up the DagBag from /home/airflow/.local/lib/python3.7/site-packages/airflow/example_dags/example_branch_operator_decorator.py
[2022-07-17 20:02:41,986] {processor.py:651} INFO - DAG(s) dict_keys(['example_branch_python_operator_decorator']) retrieved from /home/airflow/.local/lib/python3.7/site-packages/airflow/example_dags/example_branch_operator_decorator.py
[2022-07-17 20:02:42,026] {logging_mixin.py:115} INFO - [2022-07-17 20:02:42,026] {dag.py:2420} INFO - Sync 1 DAGs
[2022-07-17 20:02:42,068] {logging_mixin.py:115} INFO - [2022-07-17 20:02:42,067] {dag.py:2972} INFO - Setting next_dagrun for example_branch_python_operator_decorator to 2022-07-16T00:00:00+00:00, run_after=2022-07-17T00:00:00+00:00
[2022-07-17 20:02:42,087] {processor.py:161} INFO - Processing /home/airflow/.local/lib/python3.7/site-packages/airflow/example_dags/example_branch_operator_decorator.py took 0.139 seconds
[2022-07-17 20:03:12,409] {processor.py:153} INFO - Started process (PID=3196) to work on /home/airflow/.local/lib/python3.7/site-packages/airflow/example_dags/example_branch_operator_decorator.py
[2022-07-17 20:03:12,414] {processor.py:641} INFO - Processing file /home/airflow/.local/lib/python3.7/site-packages/airflow/example_dags/example_branch_operator_decorator.py for tasks to queue
[2022-07-17 20:03:12,414] {logging_mixin.py:115} INFO - [2022-07-17 20:03:12,414] {dagbag.py:508} INFO - Filling up the DagBag from /home/airflow/.local/lib/python3.7/site-packages/airflow/example_dags/example_branch_operator_decorator.py
[2022-07-17 20:03:12,444] {processor.py:651} INFO - DAG(s) dict_keys(['example_branch_python_operator_decorator']) retrieved from /home/airflow/.local/lib/python3.7/site-packages/airflow/example_dags/example_branch_operator_decorator.py
[2022-07-17 20:03:12,485] {logging_mixin.py:115} INFO - [2022-07-17 20:03:12,485] {dag.py:2420} INFO - Sync 1 DAGs
[2022-07-17 20:03:12,527] {logging_mixin.py:115} INFO - [2022-07-17 20:03:12,527] {dag.py:2972} INFO - Setting next_dagrun for example_branch_python_operator_decorator to 2022-07-16T00:00:00+00:00, run_after=2022-07-17T00:00:00+00:00
[2022-07-17 20:03:12,545] {processor.py:161} INFO - Processing /home/airflow/.local/lib/python3.7/site-packages/airflow/example_dags/example_branch_operator_decorator.py took 0.140 seconds
[2022-07-17 20:03:42,973] {processor.py:153} INFO - Started process (PID=3251) to work on /home/airflow/.local/lib/python3.7/site-packages/airflow/example_dags/example_branch_operator_decorator.py
[2022-07-17 20:03:42,974] {processor.py:641} INFO - Processing file /home/airflow/.local/lib/python3.7/site-packages/airflow/example_dags/example_branch_operator_decorator.py for tasks to queue
[2022-07-17 20:03:42,975] {logging_mixin.py:115} INFO - [2022-07-17 20:03:42,975] {dagbag.py:508} INFO - Filling up the DagBag from /home/airflow/.local/lib/python3.7/site-packages/airflow/example_dags/example_branch_operator_decorator.py
[2022-07-17 20:03:43,000] {processor.py:651} INFO - DAG(s) dict_keys(['example_branch_python_operator_decorator']) retrieved from /home/airflow/.local/lib/python3.7/site-packages/airflow/example_dags/example_branch_operator_decorator.py
[2022-07-17 20:03:43,030] {logging_mixin.py:115} INFO - [2022-07-17 20:03:43,030] {dag.py:2420} INFO - Sync 1 DAGs
[2022-07-17 20:03:43,059] {logging_mixin.py:115} INFO - [2022-07-17 20:03:43,059] {dag.py:2972} INFO - Setting next_dagrun for example_branch_python_operator_decorator to 2022-07-16T00:00:00+00:00, run_after=2022-07-17T00:00:00+00:00
[2022-07-17 20:03:43,071] {processor.py:161} INFO - Processing /home/airflow/.local/lib/python3.7/site-packages/airflow/example_dags/example_branch_operator_decorator.py took 0.105 seconds
