[2022-07-17 19:36:54,003] {processor.py:153} INFO - Started process (PID=63) to work on /home/airflow/.local/lib/python3.7/site-packages/airflow/example_dags/example_branch_python_dop_operator_3.py
[2022-07-17 19:36:54,003] {processor.py:641} INFO - Processing file /home/airflow/.local/lib/python3.7/site-packages/airflow/example_dags/example_branch_python_dop_operator_3.py for tasks to queue
[2022-07-17 19:36:54,004] {logging_mixin.py:115} INFO - [2022-07-17 19:36:54,003] {dagbag.py:508} INFO - Filling up the DagBag from /home/airflow/.local/lib/python3.7/site-packages/airflow/example_dags/example_branch_python_dop_operator_3.py
[2022-07-17 19:36:54,017] {processor.py:651} INFO - DAG(s) dict_keys(['example_branch_dop_operator_v3']) retrieved from /home/airflow/.local/lib/python3.7/site-packages/airflow/example_dags/example_branch_python_dop_operator_3.py
[2022-07-17 19:36:54,123] {logging_mixin.py:115} INFO - [2022-07-17 19:36:54,123] {manager.py:508} INFO - Created Permission View: can delete on DAG:example_branch_dop_operator_v3
[2022-07-17 19:36:54,134] {logging_mixin.py:115} INFO - [2022-07-17 19:36:54,134] {manager.py:508} INFO - Created Permission View: can read on DAG:example_branch_dop_operator_v3
[2022-07-17 19:36:54,142] {logging_mixin.py:115} INFO - [2022-07-17 19:36:54,142] {manager.py:508} INFO - Created Permission View: can edit on DAG:example_branch_dop_operator_v3
[2022-07-17 19:36:54,142] {logging_mixin.py:115} INFO - [2022-07-17 19:36:54,142] {dag.py:2420} INFO - Sync 1 DAGs
[2022-07-17 19:36:54,153] {logging_mixin.py:115} INFO - [2022-07-17 19:36:54,153] {dag.py:2439} INFO - Creating ORM DAG for example_branch_dop_operator_v3
[2022-07-17 19:36:54,174] {logging_mixin.py:115} INFO - [2022-07-17 19:36:54,174] {dag.py:2972} INFO - Setting next_dagrun for example_branch_dop_operator_v3 to 2022-07-17T19:35:00+00:00, run_after=2022-07-17T19:36:00+00:00
[2022-07-17 19:36:54,189] {processor.py:161} INFO - Processing /home/airflow/.local/lib/python3.7/site-packages/airflow/example_dags/example_branch_python_dop_operator_3.py took 0.189 seconds
[2022-07-17 19:37:25,028] {processor.py:153} INFO - Started process (PID=128) to work on /home/airflow/.local/lib/python3.7/site-packages/airflow/example_dags/example_branch_python_dop_operator_3.py
[2022-07-17 19:37:25,028] {processor.py:641} INFO - Processing file /home/airflow/.local/lib/python3.7/site-packages/airflow/example_dags/example_branch_python_dop_operator_3.py for tasks to queue
[2022-07-17 19:37:25,029] {logging_mixin.py:115} INFO - [2022-07-17 19:37:25,029] {dagbag.py:508} INFO - Filling up the DagBag from /home/airflow/.local/lib/python3.7/site-packages/airflow/example_dags/example_branch_python_dop_operator_3.py
[2022-07-17 19:37:25,038] {processor.py:651} INFO - DAG(s) dict_keys(['example_branch_dop_operator_v3']) retrieved from /home/airflow/.local/lib/python3.7/site-packages/airflow/example_dags/example_branch_python_dop_operator_3.py
[2022-07-17 19:37:25,062] {logging_mixin.py:115} INFO - [2022-07-17 19:37:25,062] {dag.py:2420} INFO - Sync 1 DAGs
[2022-07-17 19:37:25,091] {logging_mixin.py:115} INFO - [2022-07-17 19:37:25,091] {dag.py:2972} INFO - Setting next_dagrun for example_branch_dop_operator_v3 to 2022-07-17T19:36:00+00:00, run_after=2022-07-17T19:37:00+00:00
[2022-07-17 19:37:25,105] {processor.py:161} INFO - Processing /home/airflow/.local/lib/python3.7/site-packages/airflow/example_dags/example_branch_python_dop_operator_3.py took 0.080 seconds
[2022-07-17 19:37:56,078] {processor.py:153} INFO - Started process (PID=183) to work on /home/airflow/.local/lib/python3.7/site-packages/airflow/example_dags/example_branch_python_dop_operator_3.py
[2022-07-17 19:37:56,079] {processor.py:641} INFO - Processing file /home/airflow/.local/lib/python3.7/site-packages/airflow/example_dags/example_branch_python_dop_operator_3.py for tasks to queue
[2022-07-17 19:37:56,079] {logging_mixin.py:115} INFO - [2022-07-17 19:37:56,079] {dagbag.py:508} INFO - Filling up the DagBag from /home/airflow/.local/lib/python3.7/site-packages/airflow/example_dags/example_branch_python_dop_operator_3.py
[2022-07-17 19:37:56,091] {processor.py:651} INFO - DAG(s) dict_keys(['example_branch_dop_operator_v3']) retrieved from /home/airflow/.local/lib/python3.7/site-packages/airflow/example_dags/example_branch_python_dop_operator_3.py
[2022-07-17 19:37:56,117] {logging_mixin.py:115} INFO - [2022-07-17 19:37:56,117] {dag.py:2420} INFO - Sync 1 DAGs
[2022-07-17 19:37:56,149] {logging_mixin.py:115} INFO - [2022-07-17 19:37:56,149] {dag.py:2972} INFO - Setting next_dagrun for example_branch_dop_operator_v3 to 2022-07-17T19:36:00+00:00, run_after=2022-07-17T19:37:00+00:00
[2022-07-17 19:37:56,163] {processor.py:161} INFO - Processing /home/airflow/.local/lib/python3.7/site-packages/airflow/example_dags/example_branch_python_dop_operator_3.py took 0.088 seconds
[2022-07-17 19:38:26,476] {processor.py:153} INFO - Started process (PID=244) to work on /home/airflow/.local/lib/python3.7/site-packages/airflow/example_dags/example_branch_python_dop_operator_3.py
[2022-07-17 19:38:26,476] {processor.py:641} INFO - Processing file /home/airflow/.local/lib/python3.7/site-packages/airflow/example_dags/example_branch_python_dop_operator_3.py for tasks to queue
[2022-07-17 19:38:26,477] {logging_mixin.py:115} INFO - [2022-07-17 19:38:26,477] {dagbag.py:508} INFO - Filling up the DagBag from /home/airflow/.local/lib/python3.7/site-packages/airflow/example_dags/example_branch_python_dop_operator_3.py
[2022-07-17 19:38:26,486] {processor.py:651} INFO - DAG(s) dict_keys(['example_branch_dop_operator_v3']) retrieved from /home/airflow/.local/lib/python3.7/site-packages/airflow/example_dags/example_branch_python_dop_operator_3.py
[2022-07-17 19:38:26,510] {logging_mixin.py:115} INFO - [2022-07-17 19:38:26,510] {dag.py:2420} INFO - Sync 1 DAGs
[2022-07-17 19:38:26,542] {logging_mixin.py:115} INFO - [2022-07-17 19:38:26,542] {dag.py:2972} INFO - Setting next_dagrun for example_branch_dop_operator_v3 to 2022-07-17T19:37:00+00:00, run_after=2022-07-17T19:38:00+00:00
[2022-07-17 19:38:26,556] {processor.py:161} INFO - Processing /home/airflow/.local/lib/python3.7/site-packages/airflow/example_dags/example_branch_python_dop_operator_3.py took 0.083 seconds
[2022-07-17 19:38:57,263] {processor.py:153} INFO - Started process (PID=299) to work on /home/airflow/.local/lib/python3.7/site-packages/airflow/example_dags/example_branch_python_dop_operator_3.py
[2022-07-17 19:38:57,264] {processor.py:641} INFO - Processing file /home/airflow/.local/lib/python3.7/site-packages/airflow/example_dags/example_branch_python_dop_operator_3.py for tasks to queue
[2022-07-17 19:38:57,265] {logging_mixin.py:115} INFO - [2022-07-17 19:38:57,265] {dagbag.py:508} INFO - Filling up the DagBag from /home/airflow/.local/lib/python3.7/site-packages/airflow/example_dags/example_branch_python_dop_operator_3.py
[2022-07-17 19:38:57,282] {processor.py:651} INFO - DAG(s) dict_keys(['example_branch_dop_operator_v3']) retrieved from /home/airflow/.local/lib/python3.7/site-packages/airflow/example_dags/example_branch_python_dop_operator_3.py
[2022-07-17 19:38:57,319] {logging_mixin.py:115} INFO - [2022-07-17 19:38:57,319] {dag.py:2420} INFO - Sync 1 DAGs
[2022-07-17 19:38:57,369] {logging_mixin.py:115} INFO - [2022-07-17 19:38:57,369] {dag.py:2972} INFO - Setting next_dagrun for example_branch_dop_operator_v3 to 2022-07-17T19:37:00+00:00, run_after=2022-07-17T19:38:00+00:00
[2022-07-17 19:38:57,386] {processor.py:161} INFO - Processing /home/airflow/.local/lib/python3.7/site-packages/airflow/example_dags/example_branch_python_dop_operator_3.py took 0.127 seconds
[2022-07-17 19:39:27,610] {processor.py:153} INFO - Started process (PID=363) to work on /home/airflow/.local/lib/python3.7/site-packages/airflow/example_dags/example_branch_python_dop_operator_3.py
[2022-07-17 19:39:27,610] {processor.py:641} INFO - Processing file /home/airflow/.local/lib/python3.7/site-packages/airflow/example_dags/example_branch_python_dop_operator_3.py for tasks to queue
[2022-07-17 19:39:27,611] {logging_mixin.py:115} INFO - [2022-07-17 19:39:27,611] {dagbag.py:508} INFO - Filling up the DagBag from /home/airflow/.local/lib/python3.7/site-packages/airflow/example_dags/example_branch_python_dop_operator_3.py
[2022-07-17 19:39:27,621] {processor.py:651} INFO - DAG(s) dict_keys(['example_branch_dop_operator_v3']) retrieved from /home/airflow/.local/lib/python3.7/site-packages/airflow/example_dags/example_branch_python_dop_operator_3.py
[2022-07-17 19:39:27,645] {logging_mixin.py:115} INFO - [2022-07-17 19:39:27,645] {dag.py:2420} INFO - Sync 1 DAGs
[2022-07-17 19:39:27,678] {logging_mixin.py:115} INFO - [2022-07-17 19:39:27,678] {dag.py:2972} INFO - Setting next_dagrun for example_branch_dop_operator_v3 to 2022-07-17T19:38:00+00:00, run_after=2022-07-17T19:39:00+00:00
[2022-07-17 19:39:27,691] {processor.py:161} INFO - Processing /home/airflow/.local/lib/python3.7/site-packages/airflow/example_dags/example_branch_python_dop_operator_3.py took 0.084 seconds
[2022-07-17 19:39:57,974] {processor.py:153} INFO - Started process (PID=418) to work on /home/airflow/.local/lib/python3.7/site-packages/airflow/example_dags/example_branch_python_dop_operator_3.py
[2022-07-17 19:39:57,975] {processor.py:641} INFO - Processing file /home/airflow/.local/lib/python3.7/site-packages/airflow/example_dags/example_branch_python_dop_operator_3.py for tasks to queue
[2022-07-17 19:39:57,975] {logging_mixin.py:115} INFO - [2022-07-17 19:39:57,975] {dagbag.py:508} INFO - Filling up the DagBag from /home/airflow/.local/lib/python3.7/site-packages/airflow/example_dags/example_branch_python_dop_operator_3.py
[2022-07-17 19:39:57,990] {processor.py:651} INFO - DAG(s) dict_keys(['example_branch_dop_operator_v3']) retrieved from /home/airflow/.local/lib/python3.7/site-packages/airflow/example_dags/example_branch_python_dop_operator_3.py
[2022-07-17 19:39:58,019] {logging_mixin.py:115} INFO - [2022-07-17 19:39:58,019] {dag.py:2420} INFO - Sync 1 DAGs
[2022-07-17 19:39:58,057] {logging_mixin.py:115} INFO - [2022-07-17 19:39:58,056] {dag.py:2972} INFO - Setting next_dagrun for example_branch_dop_operator_v3 to 2022-07-17T19:38:00+00:00, run_after=2022-07-17T19:39:00+00:00
[2022-07-17 19:39:58,074] {processor.py:161} INFO - Processing /home/airflow/.local/lib/python3.7/site-packages/airflow/example_dags/example_branch_python_dop_operator_3.py took 0.104 seconds
[2022-07-17 19:40:28,348] {processor.py:153} INFO - Started process (PID=483) to work on /home/airflow/.local/lib/python3.7/site-packages/airflow/example_dags/example_branch_python_dop_operator_3.py
[2022-07-17 19:40:28,349] {processor.py:641} INFO - Processing file /home/airflow/.local/lib/python3.7/site-packages/airflow/example_dags/example_branch_python_dop_operator_3.py for tasks to queue
[2022-07-17 19:40:28,349] {logging_mixin.py:115} INFO - [2022-07-17 19:40:28,349] {dagbag.py:508} INFO - Filling up the DagBag from /home/airflow/.local/lib/python3.7/site-packages/airflow/example_dags/example_branch_python_dop_operator_3.py
[2022-07-17 19:40:28,361] {processor.py:651} INFO - DAG(s) dict_keys(['example_branch_dop_operator_v3']) retrieved from /home/airflow/.local/lib/python3.7/site-packages/airflow/example_dags/example_branch_python_dop_operator_3.py
[2022-07-17 19:40:28,392] {logging_mixin.py:115} INFO - [2022-07-17 19:40:28,392] {dag.py:2420} INFO - Sync 1 DAGs
[2022-07-17 19:40:28,447] {logging_mixin.py:115} INFO - [2022-07-17 19:40:28,447] {dag.py:2972} INFO - Setting next_dagrun for example_branch_dop_operator_v3 to 2022-07-17T19:39:00+00:00, run_after=2022-07-17T19:40:00+00:00
[2022-07-17 19:40:28,468] {processor.py:161} INFO - Processing /home/airflow/.local/lib/python3.7/site-packages/airflow/example_dags/example_branch_python_dop_operator_3.py took 0.123 seconds
[2022-07-17 19:40:59,579] {processor.py:153} INFO - Started process (PID=547) to work on /home/airflow/.local/lib/python3.7/site-packages/airflow/example_dags/example_branch_python_dop_operator_3.py
[2022-07-17 19:40:59,580] {processor.py:641} INFO - Processing file /home/airflow/.local/lib/python3.7/site-packages/airflow/example_dags/example_branch_python_dop_operator_3.py for tasks to queue
[2022-07-17 19:40:59,580] {logging_mixin.py:115} INFO - [2022-07-17 19:40:59,580] {dagbag.py:508} INFO - Filling up the DagBag from /home/airflow/.local/lib/python3.7/site-packages/airflow/example_dags/example_branch_python_dop_operator_3.py
[2022-07-17 19:40:59,596] {processor.py:651} INFO - DAG(s) dict_keys(['example_branch_dop_operator_v3']) retrieved from /home/airflow/.local/lib/python3.7/site-packages/airflow/example_dags/example_branch_python_dop_operator_3.py
[2022-07-17 19:40:59,632] {logging_mixin.py:115} INFO - [2022-07-17 19:40:59,632] {dag.py:2420} INFO - Sync 1 DAGs
[2022-07-17 19:40:59,690] {logging_mixin.py:115} INFO - [2022-07-17 19:40:59,690] {dag.py:2972} INFO - Setting next_dagrun for example_branch_dop_operator_v3 to 2022-07-17T19:39:00+00:00, run_after=2022-07-17T19:40:00+00:00
[2022-07-17 19:40:59,709] {processor.py:161} INFO - Processing /home/airflow/.local/lib/python3.7/site-packages/airflow/example_dags/example_branch_python_dop_operator_3.py took 0.134 seconds
[2022-07-17 19:41:30,631] {processor.py:153} INFO - Started process (PID=604) to work on /home/airflow/.local/lib/python3.7/site-packages/airflow/example_dags/example_branch_python_dop_operator_3.py
[2022-07-17 19:41:30,632] {processor.py:641} INFO - Processing file /home/airflow/.local/lib/python3.7/site-packages/airflow/example_dags/example_branch_python_dop_operator_3.py for tasks to queue
[2022-07-17 19:41:30,633] {logging_mixin.py:115} INFO - [2022-07-17 19:41:30,633] {dagbag.py:508} INFO - Filling up the DagBag from /home/airflow/.local/lib/python3.7/site-packages/airflow/example_dags/example_branch_python_dop_operator_3.py
[2022-07-17 19:41:30,646] {processor.py:651} INFO - DAG(s) dict_keys(['example_branch_dop_operator_v3']) retrieved from /home/airflow/.local/lib/python3.7/site-packages/airflow/example_dags/example_branch_python_dop_operator_3.py
[2022-07-17 19:41:30,679] {logging_mixin.py:115} INFO - [2022-07-17 19:41:30,678] {dag.py:2420} INFO - Sync 1 DAGs
[2022-07-17 19:41:30,726] {logging_mixin.py:115} INFO - [2022-07-17 19:41:30,725] {dag.py:2972} INFO - Setting next_dagrun for example_branch_dop_operator_v3 to 2022-07-17T19:40:00+00:00, run_after=2022-07-17T19:41:00+00:00
[2022-07-17 19:41:30,741] {processor.py:161} INFO - Processing /home/airflow/.local/lib/python3.7/site-packages/airflow/example_dags/example_branch_python_dop_operator_3.py took 0.114 seconds
[2022-07-17 19:42:00,834] {processor.py:153} INFO - Started process (PID=668) to work on /home/airflow/.local/lib/python3.7/site-packages/airflow/example_dags/example_branch_python_dop_operator_3.py
[2022-07-17 19:42:00,835] {processor.py:641} INFO - Processing file /home/airflow/.local/lib/python3.7/site-packages/airflow/example_dags/example_branch_python_dop_operator_3.py for tasks to queue
[2022-07-17 19:42:00,836] {logging_mixin.py:115} INFO - [2022-07-17 19:42:00,835] {dagbag.py:508} INFO - Filling up the DagBag from /home/airflow/.local/lib/python3.7/site-packages/airflow/example_dags/example_branch_python_dop_operator_3.py
[2022-07-17 19:42:00,846] {processor.py:651} INFO - DAG(s) dict_keys(['example_branch_dop_operator_v3']) retrieved from /home/airflow/.local/lib/python3.7/site-packages/airflow/example_dags/example_branch_python_dop_operator_3.py
[2022-07-17 19:42:00,873] {logging_mixin.py:115} INFO - [2022-07-17 19:42:00,873] {dag.py:2420} INFO - Sync 1 DAGs
[2022-07-17 19:42:00,906] {logging_mixin.py:115} INFO - [2022-07-17 19:42:00,906] {dag.py:2972} INFO - Setting next_dagrun for example_branch_dop_operator_v3 to 2022-07-17T19:41:00+00:00, run_after=2022-07-17T19:42:00+00:00
[2022-07-17 19:42:00,920] {processor.py:161} INFO - Processing /home/airflow/.local/lib/python3.7/site-packages/airflow/example_dags/example_branch_python_dop_operator_3.py took 0.088 seconds
[2022-07-17 19:42:31,074] {processor.py:153} INFO - Started process (PID=724) to work on /home/airflow/.local/lib/python3.7/site-packages/airflow/example_dags/example_branch_python_dop_operator_3.py
[2022-07-17 19:42:31,075] {processor.py:641} INFO - Processing file /home/airflow/.local/lib/python3.7/site-packages/airflow/example_dags/example_branch_python_dop_operator_3.py for tasks to queue
[2022-07-17 19:42:31,076] {logging_mixin.py:115} INFO - [2022-07-17 19:42:31,076] {dagbag.py:508} INFO - Filling up the DagBag from /home/airflow/.local/lib/python3.7/site-packages/airflow/example_dags/example_branch_python_dop_operator_3.py
[2022-07-17 19:42:31,089] {processor.py:651} INFO - DAG(s) dict_keys(['example_branch_dop_operator_v3']) retrieved from /home/airflow/.local/lib/python3.7/site-packages/airflow/example_dags/example_branch_python_dop_operator_3.py
[2022-07-17 19:42:31,117] {logging_mixin.py:115} INFO - [2022-07-17 19:42:31,117] {dag.py:2420} INFO - Sync 1 DAGs
[2022-07-17 19:42:31,150] {logging_mixin.py:115} INFO - [2022-07-17 19:42:31,150] {dag.py:2972} INFO - Setting next_dagrun for example_branch_dop_operator_v3 to 2022-07-17T19:41:00+00:00, run_after=2022-07-17T19:42:00+00:00
[2022-07-17 19:42:31,163] {processor.py:161} INFO - Processing /home/airflow/.local/lib/python3.7/site-packages/airflow/example_dags/example_branch_python_dop_operator_3.py took 0.093 seconds
[2022-07-17 19:43:01,613] {processor.py:153} INFO - Started process (PID=787) to work on /home/airflow/.local/lib/python3.7/site-packages/airflow/example_dags/example_branch_python_dop_operator_3.py
[2022-07-17 19:43:01,613] {processor.py:641} INFO - Processing file /home/airflow/.local/lib/python3.7/site-packages/airflow/example_dags/example_branch_python_dop_operator_3.py for tasks to queue
[2022-07-17 19:43:01,614] {logging_mixin.py:115} INFO - [2022-07-17 19:43:01,613] {dagbag.py:508} INFO - Filling up the DagBag from /home/airflow/.local/lib/python3.7/site-packages/airflow/example_dags/example_branch_python_dop_operator_3.py
[2022-07-17 19:43:01,625] {processor.py:651} INFO - DAG(s) dict_keys(['example_branch_dop_operator_v3']) retrieved from /home/airflow/.local/lib/python3.7/site-packages/airflow/example_dags/example_branch_python_dop_operator_3.py
[2022-07-17 19:43:01,652] {logging_mixin.py:115} INFO - [2022-07-17 19:43:01,652] {dag.py:2420} INFO - Sync 1 DAGs
[2022-07-17 19:43:01,685] {logging_mixin.py:115} INFO - [2022-07-17 19:43:01,685] {dag.py:2972} INFO - Setting next_dagrun for example_branch_dop_operator_v3 to 2022-07-17T19:42:00+00:00, run_after=2022-07-17T19:43:00+00:00
[2022-07-17 19:43:01,699] {processor.py:161} INFO - Processing /home/airflow/.local/lib/python3.7/site-packages/airflow/example_dags/example_branch_python_dop_operator_3.py took 0.090 seconds
[2022-07-17 19:43:31,996] {processor.py:153} INFO - Started process (PID=851) to work on /home/airflow/.local/lib/python3.7/site-packages/airflow/example_dags/example_branch_python_dop_operator_3.py
[2022-07-17 19:43:31,997] {processor.py:641} INFO - Processing file /home/airflow/.local/lib/python3.7/site-packages/airflow/example_dags/example_branch_python_dop_operator_3.py for tasks to queue
[2022-07-17 19:43:31,997] {logging_mixin.py:115} INFO - [2022-07-17 19:43:31,997] {dagbag.py:508} INFO - Filling up the DagBag from /home/airflow/.local/lib/python3.7/site-packages/airflow/example_dags/example_branch_python_dop_operator_3.py
[2022-07-17 19:43:32,012] {processor.py:651} INFO - DAG(s) dict_keys(['example_branch_dop_operator_v3']) retrieved from /home/airflow/.local/lib/python3.7/site-packages/airflow/example_dags/example_branch_python_dop_operator_3.py
[2022-07-17 19:43:32,042] {logging_mixin.py:115} INFO - [2022-07-17 19:43:32,042] {dag.py:2420} INFO - Sync 1 DAGs
[2022-07-17 19:43:32,074] {logging_mixin.py:115} INFO - [2022-07-17 19:43:32,074] {dag.py:2972} INFO - Setting next_dagrun for example_branch_dop_operator_v3 to 2022-07-17T19:42:00+00:00, run_after=2022-07-17T19:43:00+00:00
[2022-07-17 19:43:32,088] {processor.py:161} INFO - Processing /home/airflow/.local/lib/python3.7/site-packages/airflow/example_dags/example_branch_python_dop_operator_3.py took 0.096 seconds
[2022-07-17 19:44:02,426] {processor.py:153} INFO - Started process (PID=906) to work on /home/airflow/.local/lib/python3.7/site-packages/airflow/example_dags/example_branch_python_dop_operator_3.py
[2022-07-17 19:44:02,427] {processor.py:641} INFO - Processing file /home/airflow/.local/lib/python3.7/site-packages/airflow/example_dags/example_branch_python_dop_operator_3.py for tasks to queue
[2022-07-17 19:44:02,427] {logging_mixin.py:115} INFO - [2022-07-17 19:44:02,427] {dagbag.py:508} INFO - Filling up the DagBag from /home/airflow/.local/lib/python3.7/site-packages/airflow/example_dags/example_branch_python_dop_operator_3.py
[2022-07-17 19:44:02,439] {processor.py:651} INFO - DAG(s) dict_keys(['example_branch_dop_operator_v3']) retrieved from /home/airflow/.local/lib/python3.7/site-packages/airflow/example_dags/example_branch_python_dop_operator_3.py
[2022-07-17 19:44:02,466] {logging_mixin.py:115} INFO - [2022-07-17 19:44:02,466] {dag.py:2420} INFO - Sync 1 DAGs
[2022-07-17 19:44:02,502] {logging_mixin.py:115} INFO - [2022-07-17 19:44:02,502] {dag.py:2972} INFO - Setting next_dagrun for example_branch_dop_operator_v3 to 2022-07-17T19:43:00+00:00, run_after=2022-07-17T19:44:00+00:00
[2022-07-17 19:44:02,516] {processor.py:161} INFO - Processing /home/airflow/.local/lib/python3.7/site-packages/airflow/example_dags/example_branch_python_dop_operator_3.py took 0.093 seconds
[2022-07-17 19:44:33,307] {processor.py:153} INFO - Started process (PID=970) to work on /home/airflow/.local/lib/python3.7/site-packages/airflow/example_dags/example_branch_python_dop_operator_3.py
[2022-07-17 19:44:33,308] {processor.py:641} INFO - Processing file /home/airflow/.local/lib/python3.7/site-packages/airflow/example_dags/example_branch_python_dop_operator_3.py for tasks to queue
[2022-07-17 19:44:33,308] {logging_mixin.py:115} INFO - [2022-07-17 19:44:33,308] {dagbag.py:508} INFO - Filling up the DagBag from /home/airflow/.local/lib/python3.7/site-packages/airflow/example_dags/example_branch_python_dop_operator_3.py
[2022-07-17 19:44:33,320] {processor.py:651} INFO - DAG(s) dict_keys(['example_branch_dop_operator_v3']) retrieved from /home/airflow/.local/lib/python3.7/site-packages/airflow/example_dags/example_branch_python_dop_operator_3.py
[2022-07-17 19:44:33,346] {logging_mixin.py:115} INFO - [2022-07-17 19:44:33,346] {dag.py:2420} INFO - Sync 1 DAGs
[2022-07-17 19:44:33,378] {logging_mixin.py:115} INFO - [2022-07-17 19:44:33,378] {dag.py:2972} INFO - Setting next_dagrun for example_branch_dop_operator_v3 to 2022-07-17T19:43:00+00:00, run_after=2022-07-17T19:44:00+00:00
[2022-07-17 19:44:33,390] {processor.py:161} INFO - Processing /home/airflow/.local/lib/python3.7/site-packages/airflow/example_dags/example_branch_python_dop_operator_3.py took 0.086 seconds
[2022-07-17 19:45:03,616] {processor.py:153} INFO - Started process (PID=1025) to work on /home/airflow/.local/lib/python3.7/site-packages/airflow/example_dags/example_branch_python_dop_operator_3.py
[2022-07-17 19:45:03,617] {processor.py:641} INFO - Processing file /home/airflow/.local/lib/python3.7/site-packages/airflow/example_dags/example_branch_python_dop_operator_3.py for tasks to queue
[2022-07-17 19:45:03,618] {logging_mixin.py:115} INFO - [2022-07-17 19:45:03,618] {dagbag.py:508} INFO - Filling up the DagBag from /home/airflow/.local/lib/python3.7/site-packages/airflow/example_dags/example_branch_python_dop_operator_3.py
[2022-07-17 19:45:03,631] {processor.py:651} INFO - DAG(s) dict_keys(['example_branch_dop_operator_v3']) retrieved from /home/airflow/.local/lib/python3.7/site-packages/airflow/example_dags/example_branch_python_dop_operator_3.py
[2022-07-17 19:45:03,656] {logging_mixin.py:115} INFO - [2022-07-17 19:45:03,656] {dag.py:2420} INFO - Sync 1 DAGs
[2022-07-17 19:45:03,688] {logging_mixin.py:115} INFO - [2022-07-17 19:45:03,688] {dag.py:2972} INFO - Setting next_dagrun for example_branch_dop_operator_v3 to 2022-07-17T19:44:00+00:00, run_after=2022-07-17T19:45:00+00:00
[2022-07-17 19:45:03,701] {processor.py:161} INFO - Processing /home/airflow/.local/lib/python3.7/site-packages/airflow/example_dags/example_branch_python_dop_operator_3.py took 0.088 seconds
[2022-07-17 19:45:34,258] {processor.py:153} INFO - Started process (PID=1089) to work on /home/airflow/.local/lib/python3.7/site-packages/airflow/example_dags/example_branch_python_dop_operator_3.py
[2022-07-17 19:45:34,260] {processor.py:641} INFO - Processing file /home/airflow/.local/lib/python3.7/site-packages/airflow/example_dags/example_branch_python_dop_operator_3.py for tasks to queue
[2022-07-17 19:45:34,260] {logging_mixin.py:115} INFO - [2022-07-17 19:45:34,260] {dagbag.py:508} INFO - Filling up the DagBag from /home/airflow/.local/lib/python3.7/site-packages/airflow/example_dags/example_branch_python_dop_operator_3.py
[2022-07-17 19:45:34,282] {processor.py:651} INFO - DAG(s) dict_keys(['example_branch_dop_operator_v3']) retrieved from /home/airflow/.local/lib/python3.7/site-packages/airflow/example_dags/example_branch_python_dop_operator_3.py
[2022-07-17 19:45:34,328] {logging_mixin.py:115} INFO - [2022-07-17 19:45:34,327] {dag.py:2420} INFO - Sync 1 DAGs
[2022-07-17 19:45:34,389] {logging_mixin.py:115} INFO - [2022-07-17 19:45:34,389] {dag.py:2972} INFO - Setting next_dagrun for example_branch_dop_operator_v3 to 2022-07-17T19:44:00+00:00, run_after=2022-07-17T19:45:00+00:00
[2022-07-17 19:45:34,412] {processor.py:161} INFO - Processing /home/airflow/.local/lib/python3.7/site-packages/airflow/example_dags/example_branch_python_dop_operator_3.py took 0.159 seconds
[2022-07-17 19:46:04,999] {processor.py:153} INFO - Started process (PID=1152) to work on /home/airflow/.local/lib/python3.7/site-packages/airflow/example_dags/example_branch_python_dop_operator_3.py
[2022-07-17 19:46:05,000] {processor.py:641} INFO - Processing file /home/airflow/.local/lib/python3.7/site-packages/airflow/example_dags/example_branch_python_dop_operator_3.py for tasks to queue
[2022-07-17 19:46:05,000] {logging_mixin.py:115} INFO - [2022-07-17 19:46:05,000] {dagbag.py:508} INFO - Filling up the DagBag from /home/airflow/.local/lib/python3.7/site-packages/airflow/example_dags/example_branch_python_dop_operator_3.py
[2022-07-17 19:46:05,013] {processor.py:651} INFO - DAG(s) dict_keys(['example_branch_dop_operator_v3']) retrieved from /home/airflow/.local/lib/python3.7/site-packages/airflow/example_dags/example_branch_python_dop_operator_3.py
[2022-07-17 19:46:05,046] {logging_mixin.py:115} INFO - [2022-07-17 19:46:05,046] {dag.py:2420} INFO - Sync 1 DAGs
[2022-07-17 19:46:05,082] {logging_mixin.py:115} INFO - [2022-07-17 19:46:05,082] {dag.py:2972} INFO - Setting next_dagrun for example_branch_dop_operator_v3 to 2022-07-17T19:45:00+00:00, run_after=2022-07-17T19:46:00+00:00
[2022-07-17 19:46:05,099] {processor.py:161} INFO - Processing /home/airflow/.local/lib/python3.7/site-packages/airflow/example_dags/example_branch_python_dop_operator_3.py took 0.103 seconds
[2022-07-17 19:46:35,279] {processor.py:153} INFO - Started process (PID=1207) to work on /home/airflow/.local/lib/python3.7/site-packages/airflow/example_dags/example_branch_python_dop_operator_3.py
[2022-07-17 19:46:35,280] {processor.py:641} INFO - Processing file /home/airflow/.local/lib/python3.7/site-packages/airflow/example_dags/example_branch_python_dop_operator_3.py for tasks to queue
[2022-07-17 19:46:35,280] {logging_mixin.py:115} INFO - [2022-07-17 19:46:35,280] {dagbag.py:508} INFO - Filling up the DagBag from /home/airflow/.local/lib/python3.7/site-packages/airflow/example_dags/example_branch_python_dop_operator_3.py
[2022-07-17 19:46:35,292] {processor.py:651} INFO - DAG(s) dict_keys(['example_branch_dop_operator_v3']) retrieved from /home/airflow/.local/lib/python3.7/site-packages/airflow/example_dags/example_branch_python_dop_operator_3.py
[2022-07-17 19:46:35,321] {logging_mixin.py:115} INFO - [2022-07-17 19:46:35,321] {dag.py:2420} INFO - Sync 1 DAGs
[2022-07-17 19:46:35,355] {logging_mixin.py:115} INFO - [2022-07-17 19:46:35,355] {dag.py:2972} INFO - Setting next_dagrun for example_branch_dop_operator_v3 to 2022-07-17T19:45:00+00:00, run_after=2022-07-17T19:46:00+00:00
[2022-07-17 19:46:35,368] {processor.py:161} INFO - Processing /home/airflow/.local/lib/python3.7/site-packages/airflow/example_dags/example_branch_python_dop_operator_3.py took 0.091 seconds
[2022-07-17 19:47:05,508] {processor.py:153} INFO - Started process (PID=1272) to work on /home/airflow/.local/lib/python3.7/site-packages/airflow/example_dags/example_branch_python_dop_operator_3.py
[2022-07-17 19:47:05,509] {processor.py:641} INFO - Processing file /home/airflow/.local/lib/python3.7/site-packages/airflow/example_dags/example_branch_python_dop_operator_3.py for tasks to queue
[2022-07-17 19:47:05,509] {logging_mixin.py:115} INFO - [2022-07-17 19:47:05,509] {dagbag.py:508} INFO - Filling up the DagBag from /home/airflow/.local/lib/python3.7/site-packages/airflow/example_dags/example_branch_python_dop_operator_3.py
[2022-07-17 19:47:05,523] {processor.py:651} INFO - DAG(s) dict_keys(['example_branch_dop_operator_v3']) retrieved from /home/airflow/.local/lib/python3.7/site-packages/airflow/example_dags/example_branch_python_dop_operator_3.py
[2022-07-17 19:47:05,559] {logging_mixin.py:115} INFO - [2022-07-17 19:47:05,559] {dag.py:2420} INFO - Sync 1 DAGs
[2022-07-17 19:47:05,604] {logging_mixin.py:115} INFO - [2022-07-17 19:47:05,604] {dag.py:2972} INFO - Setting next_dagrun for example_branch_dop_operator_v3 to 2022-07-17T19:46:00+00:00, run_after=2022-07-17T19:47:00+00:00
[2022-07-17 19:47:05,616] {processor.py:161} INFO - Processing /home/airflow/.local/lib/python3.7/site-packages/airflow/example_dags/example_branch_python_dop_operator_3.py took 0.112 seconds
[2022-07-17 19:47:35,801] {processor.py:153} INFO - Started process (PID=1327) to work on /home/airflow/.local/lib/python3.7/site-packages/airflow/example_dags/example_branch_python_dop_operator_3.py
[2022-07-17 19:47:35,802] {processor.py:641} INFO - Processing file /home/airflow/.local/lib/python3.7/site-packages/airflow/example_dags/example_branch_python_dop_operator_3.py for tasks to queue
[2022-07-17 19:47:35,802] {logging_mixin.py:115} INFO - [2022-07-17 19:47:35,802] {dagbag.py:508} INFO - Filling up the DagBag from /home/airflow/.local/lib/python3.7/site-packages/airflow/example_dags/example_branch_python_dop_operator_3.py
[2022-07-17 19:47:35,815] {processor.py:651} INFO - DAG(s) dict_keys(['example_branch_dop_operator_v3']) retrieved from /home/airflow/.local/lib/python3.7/site-packages/airflow/example_dags/example_branch_python_dop_operator_3.py
[2022-07-17 19:47:35,841] {logging_mixin.py:115} INFO - [2022-07-17 19:47:35,841] {dag.py:2420} INFO - Sync 1 DAGs
[2022-07-17 19:47:35,873] {logging_mixin.py:115} INFO - [2022-07-17 19:47:35,873] {dag.py:2972} INFO - Setting next_dagrun for example_branch_dop_operator_v3 to 2022-07-17T19:46:00+00:00, run_after=2022-07-17T19:47:00+00:00
[2022-07-17 19:47:35,885] {processor.py:161} INFO - Processing /home/airflow/.local/lib/python3.7/site-packages/airflow/example_dags/example_branch_python_dop_operator_3.py took 0.087 seconds
[2022-07-17 19:48:06,200] {processor.py:153} INFO - Started process (PID=1394) to work on /home/airflow/.local/lib/python3.7/site-packages/airflow/example_dags/example_branch_python_dop_operator_3.py
[2022-07-17 19:48:06,201] {processor.py:641} INFO - Processing file /home/airflow/.local/lib/python3.7/site-packages/airflow/example_dags/example_branch_python_dop_operator_3.py for tasks to queue
[2022-07-17 19:48:06,201] {logging_mixin.py:115} INFO - [2022-07-17 19:48:06,201] {dagbag.py:508} INFO - Filling up the DagBag from /home/airflow/.local/lib/python3.7/site-packages/airflow/example_dags/example_branch_python_dop_operator_3.py
[2022-07-17 19:48:06,212] {processor.py:651} INFO - DAG(s) dict_keys(['example_branch_dop_operator_v3']) retrieved from /home/airflow/.local/lib/python3.7/site-packages/airflow/example_dags/example_branch_python_dop_operator_3.py
[2022-07-17 19:48:06,242] {logging_mixin.py:115} INFO - [2022-07-17 19:48:06,242] {dag.py:2420} INFO - Sync 1 DAGs
[2022-07-17 19:48:06,276] {logging_mixin.py:115} INFO - [2022-07-17 19:48:06,276] {dag.py:2972} INFO - Setting next_dagrun for example_branch_dop_operator_v3 to 2022-07-17T19:47:00+00:00, run_after=2022-07-17T19:48:00+00:00
[2022-07-17 19:48:06,289] {processor.py:161} INFO - Processing /home/airflow/.local/lib/python3.7/site-packages/airflow/example_dags/example_branch_python_dop_operator_3.py took 0.091 seconds
[2022-07-17 19:48:36,451] {processor.py:153} INFO - Started process (PID=1449) to work on /home/airflow/.local/lib/python3.7/site-packages/airflow/example_dags/example_branch_python_dop_operator_3.py
[2022-07-17 19:48:36,451] {processor.py:641} INFO - Processing file /home/airflow/.local/lib/python3.7/site-packages/airflow/example_dags/example_branch_python_dop_operator_3.py for tasks to queue
[2022-07-17 19:48:36,452] {logging_mixin.py:115} INFO - [2022-07-17 19:48:36,452] {dagbag.py:508} INFO - Filling up the DagBag from /home/airflow/.local/lib/python3.7/site-packages/airflow/example_dags/example_branch_python_dop_operator_3.py
[2022-07-17 19:48:36,464] {processor.py:651} INFO - DAG(s) dict_keys(['example_branch_dop_operator_v3']) retrieved from /home/airflow/.local/lib/python3.7/site-packages/airflow/example_dags/example_branch_python_dop_operator_3.py
[2022-07-17 19:48:36,493] {logging_mixin.py:115} INFO - [2022-07-17 19:48:36,493] {dag.py:2420} INFO - Sync 1 DAGs
[2022-07-17 19:48:36,528] {logging_mixin.py:115} INFO - [2022-07-17 19:48:36,528] {dag.py:2972} INFO - Setting next_dagrun for example_branch_dop_operator_v3 to 2022-07-17T19:47:00+00:00, run_after=2022-07-17T19:48:00+00:00
[2022-07-17 19:48:36,544] {processor.py:161} INFO - Processing /home/airflow/.local/lib/python3.7/site-packages/airflow/example_dags/example_branch_python_dop_operator_3.py took 0.097 seconds
[2022-07-17 19:49:06,927] {processor.py:153} INFO - Started process (PID=1514) to work on /home/airflow/.local/lib/python3.7/site-packages/airflow/example_dags/example_branch_python_dop_operator_3.py
[2022-07-17 19:49:06,928] {processor.py:641} INFO - Processing file /home/airflow/.local/lib/python3.7/site-packages/airflow/example_dags/example_branch_python_dop_operator_3.py for tasks to queue
[2022-07-17 19:49:06,929] {logging_mixin.py:115} INFO - [2022-07-17 19:49:06,928] {dagbag.py:508} INFO - Filling up the DagBag from /home/airflow/.local/lib/python3.7/site-packages/airflow/example_dags/example_branch_python_dop_operator_3.py
[2022-07-17 19:49:06,940] {processor.py:651} INFO - DAG(s) dict_keys(['example_branch_dop_operator_v3']) retrieved from /home/airflow/.local/lib/python3.7/site-packages/airflow/example_dags/example_branch_python_dop_operator_3.py
[2022-07-17 19:49:06,968] {logging_mixin.py:115} INFO - [2022-07-17 19:49:06,968] {dag.py:2420} INFO - Sync 1 DAGs
[2022-07-17 19:49:07,004] {logging_mixin.py:115} INFO - [2022-07-17 19:49:07,004] {dag.py:2972} INFO - Setting next_dagrun for example_branch_dop_operator_v3 to 2022-07-17T19:48:00+00:00, run_after=2022-07-17T19:49:00+00:00
[2022-07-17 19:49:07,019] {processor.py:161} INFO - Processing /home/airflow/.local/lib/python3.7/site-packages/airflow/example_dags/example_branch_python_dop_operator_3.py took 0.095 seconds
[2022-07-17 19:49:37,363] {processor.py:153} INFO - Started process (PID=1576) to work on /home/airflow/.local/lib/python3.7/site-packages/airflow/example_dags/example_branch_python_dop_operator_3.py
[2022-07-17 19:49:37,364] {processor.py:641} INFO - Processing file /home/airflow/.local/lib/python3.7/site-packages/airflow/example_dags/example_branch_python_dop_operator_3.py for tasks to queue
[2022-07-17 19:49:37,364] {logging_mixin.py:115} INFO - [2022-07-17 19:49:37,364] {dagbag.py:508} INFO - Filling up the DagBag from /home/airflow/.local/lib/python3.7/site-packages/airflow/example_dags/example_branch_python_dop_operator_3.py
[2022-07-17 19:49:37,375] {processor.py:651} INFO - DAG(s) dict_keys(['example_branch_dop_operator_v3']) retrieved from /home/airflow/.local/lib/python3.7/site-packages/airflow/example_dags/example_branch_python_dop_operator_3.py
[2022-07-17 19:49:37,398] {logging_mixin.py:115} INFO - [2022-07-17 19:49:37,398] {dag.py:2420} INFO - Sync 1 DAGs
[2022-07-17 19:49:37,429] {logging_mixin.py:115} INFO - [2022-07-17 19:49:37,429] {dag.py:2972} INFO - Setting next_dagrun for example_branch_dop_operator_v3 to 2022-07-17T19:48:00+00:00, run_after=2022-07-17T19:49:00+00:00
[2022-07-17 19:49:37,446] {processor.py:161} INFO - Processing /home/airflow/.local/lib/python3.7/site-packages/airflow/example_dags/example_branch_python_dop_operator_3.py took 0.086 seconds
[2022-07-17 19:50:07,601] {processor.py:153} INFO - Started process (PID=1631) to work on /home/airflow/.local/lib/python3.7/site-packages/airflow/example_dags/example_branch_python_dop_operator_3.py
[2022-07-17 19:50:07,601] {processor.py:641} INFO - Processing file /home/airflow/.local/lib/python3.7/site-packages/airflow/example_dags/example_branch_python_dop_operator_3.py for tasks to queue
[2022-07-17 19:50:07,602] {logging_mixin.py:115} INFO - [2022-07-17 19:50:07,602] {dagbag.py:508} INFO - Filling up the DagBag from /home/airflow/.local/lib/python3.7/site-packages/airflow/example_dags/example_branch_python_dop_operator_3.py
[2022-07-17 19:50:07,613] {processor.py:651} INFO - DAG(s) dict_keys(['example_branch_dop_operator_v3']) retrieved from /home/airflow/.local/lib/python3.7/site-packages/airflow/example_dags/example_branch_python_dop_operator_3.py
[2022-07-17 19:50:07,638] {logging_mixin.py:115} INFO - [2022-07-17 19:50:07,638] {dag.py:2420} INFO - Sync 1 DAGs
[2022-07-17 19:50:07,675] {logging_mixin.py:115} INFO - [2022-07-17 19:50:07,675] {dag.py:2972} INFO - Setting next_dagrun for example_branch_dop_operator_v3 to 2022-07-17T19:49:00+00:00, run_after=2022-07-17T19:50:00+00:00
[2022-07-17 19:50:07,689] {processor.py:161} INFO - Processing /home/airflow/.local/lib/python3.7/site-packages/airflow/example_dags/example_branch_python_dop_operator_3.py took 0.092 seconds
[2022-07-17 19:50:37,872] {processor.py:153} INFO - Started process (PID=1698) to work on /home/airflow/.local/lib/python3.7/site-packages/airflow/example_dags/example_branch_python_dop_operator_3.py
[2022-07-17 19:50:37,872] {processor.py:641} INFO - Processing file /home/airflow/.local/lib/python3.7/site-packages/airflow/example_dags/example_branch_python_dop_operator_3.py for tasks to queue
[2022-07-17 19:50:37,873] {logging_mixin.py:115} INFO - [2022-07-17 19:50:37,873] {dagbag.py:508} INFO - Filling up the DagBag from /home/airflow/.local/lib/python3.7/site-packages/airflow/example_dags/example_branch_python_dop_operator_3.py
[2022-07-17 19:50:37,884] {processor.py:651} INFO - DAG(s) dict_keys(['example_branch_dop_operator_v3']) retrieved from /home/airflow/.local/lib/python3.7/site-packages/airflow/example_dags/example_branch_python_dop_operator_3.py
[2022-07-17 19:50:37,910] {logging_mixin.py:115} INFO - [2022-07-17 19:50:37,909] {dag.py:2420} INFO - Sync 1 DAGs
[2022-07-17 19:50:37,958] {logging_mixin.py:115} INFO - [2022-07-17 19:50:37,958] {dag.py:2972} INFO - Setting next_dagrun for example_branch_dop_operator_v3 to 2022-07-17T19:49:00+00:00, run_after=2022-07-17T19:50:00+00:00
[2022-07-17 19:50:37,979] {processor.py:161} INFO - Processing /home/airflow/.local/lib/python3.7/site-packages/airflow/example_dags/example_branch_python_dop_operator_3.py took 0.112 seconds
[2022-07-17 19:51:08,376] {processor.py:153} INFO - Started process (PID=1755) to work on /home/airflow/.local/lib/python3.7/site-packages/airflow/example_dags/example_branch_python_dop_operator_3.py
[2022-07-17 19:51:08,376] {processor.py:641} INFO - Processing file /home/airflow/.local/lib/python3.7/site-packages/airflow/example_dags/example_branch_python_dop_operator_3.py for tasks to queue
[2022-07-17 19:51:08,377] {logging_mixin.py:115} INFO - [2022-07-17 19:51:08,377] {dagbag.py:508} INFO - Filling up the DagBag from /home/airflow/.local/lib/python3.7/site-packages/airflow/example_dags/example_branch_python_dop_operator_3.py
[2022-07-17 19:51:08,388] {processor.py:651} INFO - DAG(s) dict_keys(['example_branch_dop_operator_v3']) retrieved from /home/airflow/.local/lib/python3.7/site-packages/airflow/example_dags/example_branch_python_dop_operator_3.py
[2022-07-17 19:51:08,416] {logging_mixin.py:115} INFO - [2022-07-17 19:51:08,416] {dag.py:2420} INFO - Sync 1 DAGs
[2022-07-17 19:51:08,448] {logging_mixin.py:115} INFO - [2022-07-17 19:51:08,448] {dag.py:2972} INFO - Setting next_dagrun for example_branch_dop_operator_v3 to 2022-07-17T19:50:00+00:00, run_after=2022-07-17T19:51:00+00:00
[2022-07-17 19:51:08,461] {processor.py:161} INFO - Processing /home/airflow/.local/lib/python3.7/site-packages/airflow/example_dags/example_branch_python_dop_operator_3.py took 0.088 seconds
[2022-07-17 19:51:38,533] {processor.py:153} INFO - Started process (PID=1819) to work on /home/airflow/.local/lib/python3.7/site-packages/airflow/example_dags/example_branch_python_dop_operator_3.py
[2022-07-17 19:51:38,534] {processor.py:641} INFO - Processing file /home/airflow/.local/lib/python3.7/site-packages/airflow/example_dags/example_branch_python_dop_operator_3.py for tasks to queue
[2022-07-17 19:51:38,534] {logging_mixin.py:115} INFO - [2022-07-17 19:51:38,534] {dagbag.py:508} INFO - Filling up the DagBag from /home/airflow/.local/lib/python3.7/site-packages/airflow/example_dags/example_branch_python_dop_operator_3.py
[2022-07-17 19:51:38,545] {processor.py:651} INFO - DAG(s) dict_keys(['example_branch_dop_operator_v3']) retrieved from /home/airflow/.local/lib/python3.7/site-packages/airflow/example_dags/example_branch_python_dop_operator_3.py
[2022-07-17 19:51:38,573] {logging_mixin.py:115} INFO - [2022-07-17 19:51:38,573] {dag.py:2420} INFO - Sync 1 DAGs
[2022-07-17 19:51:38,611] {logging_mixin.py:115} INFO - [2022-07-17 19:51:38,611] {dag.py:2972} INFO - Setting next_dagrun for example_branch_dop_operator_v3 to 2022-07-17T19:50:00+00:00, run_after=2022-07-17T19:51:00+00:00
[2022-07-17 19:51:38,626] {processor.py:161} INFO - Processing /home/airflow/.local/lib/python3.7/site-packages/airflow/example_dags/example_branch_python_dop_operator_3.py took 0.096 seconds
[2022-07-17 19:52:09,097] {processor.py:153} INFO - Started process (PID=1874) to work on /home/airflow/.local/lib/python3.7/site-packages/airflow/example_dags/example_branch_python_dop_operator_3.py
[2022-07-17 19:52:09,099] {processor.py:641} INFO - Processing file /home/airflow/.local/lib/python3.7/site-packages/airflow/example_dags/example_branch_python_dop_operator_3.py for tasks to queue
[2022-07-17 19:52:09,099] {logging_mixin.py:115} INFO - [2022-07-17 19:52:09,099] {dagbag.py:508} INFO - Filling up the DagBag from /home/airflow/.local/lib/python3.7/site-packages/airflow/example_dags/example_branch_python_dop_operator_3.py
[2022-07-17 19:52:09,111] {processor.py:651} INFO - DAG(s) dict_keys(['example_branch_dop_operator_v3']) retrieved from /home/airflow/.local/lib/python3.7/site-packages/airflow/example_dags/example_branch_python_dop_operator_3.py
[2022-07-17 19:52:09,146] {logging_mixin.py:115} INFO - [2022-07-17 19:52:09,146] {dag.py:2420} INFO - Sync 1 DAGs
[2022-07-17 19:52:09,182] {logging_mixin.py:115} INFO - [2022-07-17 19:52:09,182] {dag.py:2972} INFO - Setting next_dagrun for example_branch_dop_operator_v3 to 2022-07-17T19:51:00+00:00, run_after=2022-07-17T19:52:00+00:00
[2022-07-17 19:52:09,199] {processor.py:161} INFO - Processing /home/airflow/.local/lib/python3.7/site-packages/airflow/example_dags/example_branch_python_dop_operator_3.py took 0.106 seconds
[2022-07-17 19:52:39,260] {processor.py:153} INFO - Started process (PID=1938) to work on /home/airflow/.local/lib/python3.7/site-packages/airflow/example_dags/example_branch_python_dop_operator_3.py
[2022-07-17 19:52:39,261] {processor.py:641} INFO - Processing file /home/airflow/.local/lib/python3.7/site-packages/airflow/example_dags/example_branch_python_dop_operator_3.py for tasks to queue
[2022-07-17 19:52:39,261] {logging_mixin.py:115} INFO - [2022-07-17 19:52:39,261] {dagbag.py:508} INFO - Filling up the DagBag from /home/airflow/.local/lib/python3.7/site-packages/airflow/example_dags/example_branch_python_dop_operator_3.py
[2022-07-17 19:52:39,274] {processor.py:651} INFO - DAG(s) dict_keys(['example_branch_dop_operator_v3']) retrieved from /home/airflow/.local/lib/python3.7/site-packages/airflow/example_dags/example_branch_python_dop_operator_3.py
[2022-07-17 19:52:39,304] {logging_mixin.py:115} INFO - [2022-07-17 19:52:39,304] {dag.py:2420} INFO - Sync 1 DAGs
[2022-07-17 19:52:39,343] {logging_mixin.py:115} INFO - [2022-07-17 19:52:39,343] {dag.py:2972} INFO - Setting next_dagrun for example_branch_dop_operator_v3 to 2022-07-17T19:51:00+00:00, run_after=2022-07-17T19:52:00+00:00
[2022-07-17 19:52:39,358] {processor.py:161} INFO - Processing /home/airflow/.local/lib/python3.7/site-packages/airflow/example_dags/example_branch_python_dop_operator_3.py took 0.102 seconds
[2022-07-17 19:53:09,539] {processor.py:153} INFO - Started process (PID=1992) to work on /home/airflow/.local/lib/python3.7/site-packages/airflow/example_dags/example_branch_python_dop_operator_3.py
[2022-07-17 19:53:09,539] {processor.py:641} INFO - Processing file /home/airflow/.local/lib/python3.7/site-packages/airflow/example_dags/example_branch_python_dop_operator_3.py for tasks to queue
[2022-07-17 19:53:09,540] {logging_mixin.py:115} INFO - [2022-07-17 19:53:09,540] {dagbag.py:508} INFO - Filling up the DagBag from /home/airflow/.local/lib/python3.7/site-packages/airflow/example_dags/example_branch_python_dop_operator_3.py
[2022-07-17 19:53:09,551] {processor.py:651} INFO - DAG(s) dict_keys(['example_branch_dop_operator_v3']) retrieved from /home/airflow/.local/lib/python3.7/site-packages/airflow/example_dags/example_branch_python_dop_operator_3.py
[2022-07-17 19:53:09,578] {logging_mixin.py:115} INFO - [2022-07-17 19:53:09,578] {dag.py:2420} INFO - Sync 1 DAGs
[2022-07-17 19:53:09,613] {logging_mixin.py:115} INFO - [2022-07-17 19:53:09,612] {dag.py:2972} INFO - Setting next_dagrun for example_branch_dop_operator_v3 to 2022-07-17T19:52:00+00:00, run_after=2022-07-17T19:53:00+00:00
[2022-07-17 19:53:09,627] {processor.py:161} INFO - Processing /home/airflow/.local/lib/python3.7/site-packages/airflow/example_dags/example_branch_python_dop_operator_3.py took 0.091 seconds
[2022-07-17 19:53:39,928] {processor.py:153} INFO - Started process (PID=2055) to work on /home/airflow/.local/lib/python3.7/site-packages/airflow/example_dags/example_branch_python_dop_operator_3.py
[2022-07-17 19:53:39,929] {processor.py:641} INFO - Processing file /home/airflow/.local/lib/python3.7/site-packages/airflow/example_dags/example_branch_python_dop_operator_3.py for tasks to queue
[2022-07-17 19:53:39,929] {logging_mixin.py:115} INFO - [2022-07-17 19:53:39,929] {dagbag.py:508} INFO - Filling up the DagBag from /home/airflow/.local/lib/python3.7/site-packages/airflow/example_dags/example_branch_python_dop_operator_3.py
[2022-07-17 19:53:39,944] {processor.py:651} INFO - DAG(s) dict_keys(['example_branch_dop_operator_v3']) retrieved from /home/airflow/.local/lib/python3.7/site-packages/airflow/example_dags/example_branch_python_dop_operator_3.py
[2022-07-17 19:53:39,972] {logging_mixin.py:115} INFO - [2022-07-17 19:53:39,972] {dag.py:2420} INFO - Sync 1 DAGs
[2022-07-17 19:53:40,005] {logging_mixin.py:115} INFO - [2022-07-17 19:53:40,005] {dag.py:2972} INFO - Setting next_dagrun for example_branch_dop_operator_v3 to 2022-07-17T19:52:00+00:00, run_after=2022-07-17T19:53:00+00:00
[2022-07-17 19:53:40,016] {processor.py:161} INFO - Processing /home/airflow/.local/lib/python3.7/site-packages/airflow/example_dags/example_branch_python_dop_operator_3.py took 0.092 seconds
[2022-07-17 19:54:10,173] {processor.py:153} INFO - Started process (PID=2120) to work on /home/airflow/.local/lib/python3.7/site-packages/airflow/example_dags/example_branch_python_dop_operator_3.py
[2022-07-17 19:54:10,174] {processor.py:641} INFO - Processing file /home/airflow/.local/lib/python3.7/site-packages/airflow/example_dags/example_branch_python_dop_operator_3.py for tasks to queue
[2022-07-17 19:54:10,174] {logging_mixin.py:115} INFO - [2022-07-17 19:54:10,174] {dagbag.py:508} INFO - Filling up the DagBag from /home/airflow/.local/lib/python3.7/site-packages/airflow/example_dags/example_branch_python_dop_operator_3.py
[2022-07-17 19:54:10,185] {processor.py:651} INFO - DAG(s) dict_keys(['example_branch_dop_operator_v3']) retrieved from /home/airflow/.local/lib/python3.7/site-packages/airflow/example_dags/example_branch_python_dop_operator_3.py
[2022-07-17 19:54:10,213] {logging_mixin.py:115} INFO - [2022-07-17 19:54:10,213] {dag.py:2420} INFO - Sync 1 DAGs
[2022-07-17 19:54:10,250] {logging_mixin.py:115} INFO - [2022-07-17 19:54:10,250] {dag.py:2972} INFO - Setting next_dagrun for example_branch_dop_operator_v3 to 2022-07-17T19:53:00+00:00, run_after=2022-07-17T19:54:00+00:00
[2022-07-17 19:54:10,266] {processor.py:161} INFO - Processing /home/airflow/.local/lib/python3.7/site-packages/airflow/example_dags/example_branch_python_dop_operator_3.py took 0.096 seconds
[2022-07-17 19:54:40,391] {processor.py:153} INFO - Started process (PID=2175) to work on /home/airflow/.local/lib/python3.7/site-packages/airflow/example_dags/example_branch_python_dop_operator_3.py
[2022-07-17 19:54:40,392] {processor.py:641} INFO - Processing file /home/airflow/.local/lib/python3.7/site-packages/airflow/example_dags/example_branch_python_dop_operator_3.py for tasks to queue
[2022-07-17 19:54:40,392] {logging_mixin.py:115} INFO - [2022-07-17 19:54:40,392] {dagbag.py:508} INFO - Filling up the DagBag from /home/airflow/.local/lib/python3.7/site-packages/airflow/example_dags/example_branch_python_dop_operator_3.py
[2022-07-17 19:54:40,407] {processor.py:651} INFO - DAG(s) dict_keys(['example_branch_dop_operator_v3']) retrieved from /home/airflow/.local/lib/python3.7/site-packages/airflow/example_dags/example_branch_python_dop_operator_3.py
[2022-07-17 19:54:40,437] {logging_mixin.py:115} INFO - [2022-07-17 19:54:40,437] {dag.py:2420} INFO - Sync 1 DAGs
[2022-07-17 19:54:40,471] {logging_mixin.py:115} INFO - [2022-07-17 19:54:40,470] {dag.py:2972} INFO - Setting next_dagrun for example_branch_dop_operator_v3 to 2022-07-17T19:53:00+00:00, run_after=2022-07-17T19:54:00+00:00
[2022-07-17 19:54:40,482] {processor.py:161} INFO - Processing /home/airflow/.local/lib/python3.7/site-packages/airflow/example_dags/example_branch_python_dop_operator_3.py took 0.094 seconds
[2022-07-17 19:55:10,587] {processor.py:153} INFO - Started process (PID=2239) to work on /home/airflow/.local/lib/python3.7/site-packages/airflow/example_dags/example_branch_python_dop_operator_3.py
[2022-07-17 19:55:10,588] {processor.py:641} INFO - Processing file /home/airflow/.local/lib/python3.7/site-packages/airflow/example_dags/example_branch_python_dop_operator_3.py for tasks to queue
[2022-07-17 19:55:10,588] {logging_mixin.py:115} INFO - [2022-07-17 19:55:10,588] {dagbag.py:508} INFO - Filling up the DagBag from /home/airflow/.local/lib/python3.7/site-packages/airflow/example_dags/example_branch_python_dop_operator_3.py
[2022-07-17 19:55:10,600] {processor.py:651} INFO - DAG(s) dict_keys(['example_branch_dop_operator_v3']) retrieved from /home/airflow/.local/lib/python3.7/site-packages/airflow/example_dags/example_branch_python_dop_operator_3.py
[2022-07-17 19:55:10,628] {logging_mixin.py:115} INFO - [2022-07-17 19:55:10,628] {dag.py:2420} INFO - Sync 1 DAGs
[2022-07-17 19:55:10,660] {logging_mixin.py:115} INFO - [2022-07-17 19:55:10,660] {dag.py:2972} INFO - Setting next_dagrun for example_branch_dop_operator_v3 to 2022-07-17T19:54:00+00:00, run_after=2022-07-17T19:55:00+00:00
[2022-07-17 19:55:10,674] {processor.py:161} INFO - Processing /home/airflow/.local/lib/python3.7/site-packages/airflow/example_dags/example_branch_python_dop_operator_3.py took 0.090 seconds
[2022-07-17 19:55:41,112] {processor.py:153} INFO - Started process (PID=2296) to work on /home/airflow/.local/lib/python3.7/site-packages/airflow/example_dags/example_branch_python_dop_operator_3.py
[2022-07-17 19:55:41,113] {processor.py:641} INFO - Processing file /home/airflow/.local/lib/python3.7/site-packages/airflow/example_dags/example_branch_python_dop_operator_3.py for tasks to queue
[2022-07-17 19:55:41,113] {logging_mixin.py:115} INFO - [2022-07-17 19:55:41,113] {dagbag.py:508} INFO - Filling up the DagBag from /home/airflow/.local/lib/python3.7/site-packages/airflow/example_dags/example_branch_python_dop_operator_3.py
[2022-07-17 19:55:41,124] {processor.py:651} INFO - DAG(s) dict_keys(['example_branch_dop_operator_v3']) retrieved from /home/airflow/.local/lib/python3.7/site-packages/airflow/example_dags/example_branch_python_dop_operator_3.py
[2022-07-17 19:55:41,151] {logging_mixin.py:115} INFO - [2022-07-17 19:55:41,151] {dag.py:2420} INFO - Sync 1 DAGs
[2022-07-17 19:55:41,184] {logging_mixin.py:115} INFO - [2022-07-17 19:55:41,184] {dag.py:2972} INFO - Setting next_dagrun for example_branch_dop_operator_v3 to 2022-07-17T19:54:00+00:00, run_after=2022-07-17T19:55:00+00:00
[2022-07-17 19:55:41,197] {processor.py:161} INFO - Processing /home/airflow/.local/lib/python3.7/site-packages/airflow/example_dags/example_branch_python_dop_operator_3.py took 0.088 seconds
[2022-07-17 19:56:11,779] {processor.py:153} INFO - Started process (PID=2362) to work on /home/airflow/.local/lib/python3.7/site-packages/airflow/example_dags/example_branch_python_dop_operator_3.py
[2022-07-17 19:56:11,781] {processor.py:641} INFO - Processing file /home/airflow/.local/lib/python3.7/site-packages/airflow/example_dags/example_branch_python_dop_operator_3.py for tasks to queue
[2022-07-17 19:56:11,781] {logging_mixin.py:115} INFO - [2022-07-17 19:56:11,781] {dagbag.py:508} INFO - Filling up the DagBag from /home/airflow/.local/lib/python3.7/site-packages/airflow/example_dags/example_branch_python_dop_operator_3.py
[2022-07-17 19:56:11,792] {processor.py:651} INFO - DAG(s) dict_keys(['example_branch_dop_operator_v3']) retrieved from /home/airflow/.local/lib/python3.7/site-packages/airflow/example_dags/example_branch_python_dop_operator_3.py
[2022-07-17 19:56:11,819] {logging_mixin.py:115} INFO - [2022-07-17 19:56:11,819] {dag.py:2420} INFO - Sync 1 DAGs
[2022-07-17 19:56:11,854] {logging_mixin.py:115} INFO - [2022-07-17 19:56:11,854] {dag.py:2972} INFO - Setting next_dagrun for example_branch_dop_operator_v3 to 2022-07-17T19:55:00+00:00, run_after=2022-07-17T19:56:00+00:00
[2022-07-17 19:56:11,867] {processor.py:161} INFO - Processing /home/airflow/.local/lib/python3.7/site-packages/airflow/example_dags/example_branch_python_dop_operator_3.py took 0.091 seconds
[2022-07-17 19:56:41,925] {processor.py:153} INFO - Started process (PID=2417) to work on /home/airflow/.local/lib/python3.7/site-packages/airflow/example_dags/example_branch_python_dop_operator_3.py
[2022-07-17 19:56:41,925] {processor.py:641} INFO - Processing file /home/airflow/.local/lib/python3.7/site-packages/airflow/example_dags/example_branch_python_dop_operator_3.py for tasks to queue
[2022-07-17 19:56:41,926] {logging_mixin.py:115} INFO - [2022-07-17 19:56:41,926] {dagbag.py:508} INFO - Filling up the DagBag from /home/airflow/.local/lib/python3.7/site-packages/airflow/example_dags/example_branch_python_dop_operator_3.py
[2022-07-17 19:56:41,938] {processor.py:651} INFO - DAG(s) dict_keys(['example_branch_dop_operator_v3']) retrieved from /home/airflow/.local/lib/python3.7/site-packages/airflow/example_dags/example_branch_python_dop_operator_3.py
[2022-07-17 19:56:41,965] {logging_mixin.py:115} INFO - [2022-07-17 19:56:41,965] {dag.py:2420} INFO - Sync 1 DAGs
[2022-07-17 19:56:41,998] {logging_mixin.py:115} INFO - [2022-07-17 19:56:41,998] {dag.py:2972} INFO - Setting next_dagrun for example_branch_dop_operator_v3 to 2022-07-17T19:55:00+00:00, run_after=2022-07-17T19:56:00+00:00
[2022-07-17 19:56:42,011] {processor.py:161} INFO - Processing /home/airflow/.local/lib/python3.7/site-packages/airflow/example_dags/example_branch_python_dop_operator_3.py took 0.090 seconds
[2022-07-17 19:57:12,126] {processor.py:153} INFO - Started process (PID=2481) to work on /home/airflow/.local/lib/python3.7/site-packages/airflow/example_dags/example_branch_python_dop_operator_3.py
[2022-07-17 19:57:12,127] {processor.py:641} INFO - Processing file /home/airflow/.local/lib/python3.7/site-packages/airflow/example_dags/example_branch_python_dop_operator_3.py for tasks to queue
[2022-07-17 19:57:12,127] {logging_mixin.py:115} INFO - [2022-07-17 19:57:12,127] {dagbag.py:508} INFO - Filling up the DagBag from /home/airflow/.local/lib/python3.7/site-packages/airflow/example_dags/example_branch_python_dop_operator_3.py
[2022-07-17 19:57:12,139] {processor.py:651} INFO - DAG(s) dict_keys(['example_branch_dop_operator_v3']) retrieved from /home/airflow/.local/lib/python3.7/site-packages/airflow/example_dags/example_branch_python_dop_operator_3.py
[2022-07-17 19:57:12,165] {logging_mixin.py:115} INFO - [2022-07-17 19:57:12,165] {dag.py:2420} INFO - Sync 1 DAGs
[2022-07-17 19:57:12,197] {logging_mixin.py:115} INFO - [2022-07-17 19:57:12,197] {dag.py:2972} INFO - Setting next_dagrun for example_branch_dop_operator_v3 to 2022-07-17T19:56:00+00:00, run_after=2022-07-17T19:57:00+00:00
[2022-07-17 19:57:12,211] {processor.py:161} INFO - Processing /home/airflow/.local/lib/python3.7/site-packages/airflow/example_dags/example_branch_python_dop_operator_3.py took 0.088 seconds
[2022-07-17 19:57:42,516] {processor.py:153} INFO - Started process (PID=2545) to work on /home/airflow/.local/lib/python3.7/site-packages/airflow/example_dags/example_branch_python_dop_operator_3.py
[2022-07-17 19:57:42,517] {processor.py:641} INFO - Processing file /home/airflow/.local/lib/python3.7/site-packages/airflow/example_dags/example_branch_python_dop_operator_3.py for tasks to queue
[2022-07-17 19:57:42,517] {logging_mixin.py:115} INFO - [2022-07-17 19:57:42,517] {dagbag.py:508} INFO - Filling up the DagBag from /home/airflow/.local/lib/python3.7/site-packages/airflow/example_dags/example_branch_python_dop_operator_3.py
[2022-07-17 19:57:42,528] {processor.py:651} INFO - DAG(s) dict_keys(['example_branch_dop_operator_v3']) retrieved from /home/airflow/.local/lib/python3.7/site-packages/airflow/example_dags/example_branch_python_dop_operator_3.py
[2022-07-17 19:57:42,557] {logging_mixin.py:115} INFO - [2022-07-17 19:57:42,557] {dag.py:2420} INFO - Sync 1 DAGs
[2022-07-17 19:57:42,594] {logging_mixin.py:115} INFO - [2022-07-17 19:57:42,594] {dag.py:2972} INFO - Setting next_dagrun for example_branch_dop_operator_v3 to 2022-07-17T19:56:00+00:00, run_after=2022-07-17T19:57:00+00:00
[2022-07-17 19:57:42,607] {processor.py:161} INFO - Processing /home/airflow/.local/lib/python3.7/site-packages/airflow/example_dags/example_branch_python_dop_operator_3.py took 0.094 seconds
[2022-07-17 19:58:12,730] {processor.py:153} INFO - Started process (PID=2600) to work on /home/airflow/.local/lib/python3.7/site-packages/airflow/example_dags/example_branch_python_dop_operator_3.py
[2022-07-17 19:58:12,730] {processor.py:641} INFO - Processing file /home/airflow/.local/lib/python3.7/site-packages/airflow/example_dags/example_branch_python_dop_operator_3.py for tasks to queue
[2022-07-17 19:58:12,731] {logging_mixin.py:115} INFO - [2022-07-17 19:58:12,731] {dagbag.py:508} INFO - Filling up the DagBag from /home/airflow/.local/lib/python3.7/site-packages/airflow/example_dags/example_branch_python_dop_operator_3.py
[2022-07-17 19:58:12,743] {processor.py:651} INFO - DAG(s) dict_keys(['example_branch_dop_operator_v3']) retrieved from /home/airflow/.local/lib/python3.7/site-packages/airflow/example_dags/example_branch_python_dop_operator_3.py
[2022-07-17 19:58:12,772] {logging_mixin.py:115} INFO - [2022-07-17 19:58:12,772] {dag.py:2420} INFO - Sync 1 DAGs
[2022-07-17 19:58:12,805] {logging_mixin.py:115} INFO - [2022-07-17 19:58:12,805] {dag.py:2972} INFO - Setting next_dagrun for example_branch_dop_operator_v3 to 2022-07-17T19:57:00+00:00, run_after=2022-07-17T19:58:00+00:00
[2022-07-17 19:58:12,818] {processor.py:161} INFO - Processing /home/airflow/.local/lib/python3.7/site-packages/airflow/example_dags/example_branch_python_dop_operator_3.py took 0.092 seconds
[2022-07-17 19:58:43,655] {processor.py:153} INFO - Started process (PID=2664) to work on /home/airflow/.local/lib/python3.7/site-packages/airflow/example_dags/example_branch_python_dop_operator_3.py
[2022-07-17 19:58:43,655] {processor.py:641} INFO - Processing file /home/airflow/.local/lib/python3.7/site-packages/airflow/example_dags/example_branch_python_dop_operator_3.py for tasks to queue
[2022-07-17 19:58:43,656] {logging_mixin.py:115} INFO - [2022-07-17 19:58:43,656] {dagbag.py:508} INFO - Filling up the DagBag from /home/airflow/.local/lib/python3.7/site-packages/airflow/example_dags/example_branch_python_dop_operator_3.py
[2022-07-17 19:58:43,670] {processor.py:651} INFO - DAG(s) dict_keys(['example_branch_dop_operator_v3']) retrieved from /home/airflow/.local/lib/python3.7/site-packages/airflow/example_dags/example_branch_python_dop_operator_3.py
[2022-07-17 19:58:43,704] {logging_mixin.py:115} INFO - [2022-07-17 19:58:43,703] {dag.py:2420} INFO - Sync 1 DAGs
[2022-07-17 19:58:43,737] {logging_mixin.py:115} INFO - [2022-07-17 19:58:43,737] {dag.py:2972} INFO - Setting next_dagrun for example_branch_dop_operator_v3 to 2022-07-17T19:57:00+00:00, run_after=2022-07-17T19:58:00+00:00
[2022-07-17 19:58:43,749] {processor.py:161} INFO - Processing /home/airflow/.local/lib/python3.7/site-packages/airflow/example_dags/example_branch_python_dop_operator_3.py took 0.103 seconds
[2022-07-17 19:59:14,113] {processor.py:153} INFO - Started process (PID=2719) to work on /home/airflow/.local/lib/python3.7/site-packages/airflow/example_dags/example_branch_python_dop_operator_3.py
[2022-07-17 19:59:14,114] {processor.py:641} INFO - Processing file /home/airflow/.local/lib/python3.7/site-packages/airflow/example_dags/example_branch_python_dop_operator_3.py for tasks to queue
[2022-07-17 19:59:14,116] {logging_mixin.py:115} INFO - [2022-07-17 19:59:14,116] {dagbag.py:508} INFO - Filling up the DagBag from /home/airflow/.local/lib/python3.7/site-packages/airflow/example_dags/example_branch_python_dop_operator_3.py
[2022-07-17 19:59:14,137] {processor.py:651} INFO - DAG(s) dict_keys(['example_branch_dop_operator_v3']) retrieved from /home/airflow/.local/lib/python3.7/site-packages/airflow/example_dags/example_branch_python_dop_operator_3.py
[2022-07-17 19:59:14,165] {logging_mixin.py:115} INFO - [2022-07-17 19:59:14,165] {dag.py:2420} INFO - Sync 1 DAGs
[2022-07-17 19:59:14,197] {logging_mixin.py:115} INFO - [2022-07-17 19:59:14,197] {dag.py:2972} INFO - Setting next_dagrun for example_branch_dop_operator_v3 to 2022-07-17T19:58:00+00:00, run_after=2022-07-17T19:59:00+00:00
[2022-07-17 19:59:14,210] {processor.py:161} INFO - Processing /home/airflow/.local/lib/python3.7/site-packages/airflow/example_dags/example_branch_python_dop_operator_3.py took 0.106 seconds
[2022-07-17 19:59:44,288] {processor.py:153} INFO - Started process (PID=2784) to work on /home/airflow/.local/lib/python3.7/site-packages/airflow/example_dags/example_branch_python_dop_operator_3.py
[2022-07-17 19:59:44,288] {processor.py:641} INFO - Processing file /home/airflow/.local/lib/python3.7/site-packages/airflow/example_dags/example_branch_python_dop_operator_3.py for tasks to queue
[2022-07-17 19:59:44,289] {logging_mixin.py:115} INFO - [2022-07-17 19:59:44,288] {dagbag.py:508} INFO - Filling up the DagBag from /home/airflow/.local/lib/python3.7/site-packages/airflow/example_dags/example_branch_python_dop_operator_3.py
[2022-07-17 19:59:44,299] {processor.py:651} INFO - DAG(s) dict_keys(['example_branch_dop_operator_v3']) retrieved from /home/airflow/.local/lib/python3.7/site-packages/airflow/example_dags/example_branch_python_dop_operator_3.py
[2022-07-17 19:59:44,323] {logging_mixin.py:115} INFO - [2022-07-17 19:59:44,323] {dag.py:2420} INFO - Sync 1 DAGs
[2022-07-17 19:59:44,355] {logging_mixin.py:115} INFO - [2022-07-17 19:59:44,355] {dag.py:2972} INFO - Setting next_dagrun for example_branch_dop_operator_v3 to 2022-07-17T19:58:00+00:00, run_after=2022-07-17T19:59:00+00:00
[2022-07-17 19:59:44,367] {processor.py:161} INFO - Processing /home/airflow/.local/lib/python3.7/site-packages/airflow/example_dags/example_branch_python_dop_operator_3.py took 0.083 seconds
[2022-07-17 20:00:14,675] {processor.py:153} INFO - Started process (PID=2849) to work on /home/airflow/.local/lib/python3.7/site-packages/airflow/example_dags/example_branch_python_dop_operator_3.py
[2022-07-17 20:00:14,675] {processor.py:641} INFO - Processing file /home/airflow/.local/lib/python3.7/site-packages/airflow/example_dags/example_branch_python_dop_operator_3.py for tasks to queue
[2022-07-17 20:00:14,676] {logging_mixin.py:115} INFO - [2022-07-17 20:00:14,676] {dagbag.py:508} INFO - Filling up the DagBag from /home/airflow/.local/lib/python3.7/site-packages/airflow/example_dags/example_branch_python_dop_operator_3.py
[2022-07-17 20:00:14,686] {processor.py:651} INFO - DAG(s) dict_keys(['example_branch_dop_operator_v3']) retrieved from /home/airflow/.local/lib/python3.7/site-packages/airflow/example_dags/example_branch_python_dop_operator_3.py
[2022-07-17 20:00:14,710] {logging_mixin.py:115} INFO - [2022-07-17 20:00:14,710] {dag.py:2420} INFO - Sync 1 DAGs
[2022-07-17 20:00:14,742] {logging_mixin.py:115} INFO - [2022-07-17 20:00:14,742] {dag.py:2972} INFO - Setting next_dagrun for example_branch_dop_operator_v3 to 2022-07-17T19:59:00+00:00, run_after=2022-07-17T20:00:00+00:00
[2022-07-17 20:00:14,757] {processor.py:161} INFO - Processing /home/airflow/.local/lib/python3.7/site-packages/airflow/example_dags/example_branch_python_dop_operator_3.py took 0.085 seconds
[2022-07-17 20:00:45,191] {processor.py:153} INFO - Started process (PID=2905) to work on /home/airflow/.local/lib/python3.7/site-packages/airflow/example_dags/example_branch_python_dop_operator_3.py
[2022-07-17 20:00:45,191] {processor.py:641} INFO - Processing file /home/airflow/.local/lib/python3.7/site-packages/airflow/example_dags/example_branch_python_dop_operator_3.py for tasks to queue
[2022-07-17 20:00:45,192] {logging_mixin.py:115} INFO - [2022-07-17 20:00:45,192] {dagbag.py:508} INFO - Filling up the DagBag from /home/airflow/.local/lib/python3.7/site-packages/airflow/example_dags/example_branch_python_dop_operator_3.py
[2022-07-17 20:00:45,202] {processor.py:651} INFO - DAG(s) dict_keys(['example_branch_dop_operator_v3']) retrieved from /home/airflow/.local/lib/python3.7/site-packages/airflow/example_dags/example_branch_python_dop_operator_3.py
[2022-07-17 20:00:45,226] {logging_mixin.py:115} INFO - [2022-07-17 20:00:45,226] {dag.py:2420} INFO - Sync 1 DAGs
[2022-07-17 20:00:45,259] {logging_mixin.py:115} INFO - [2022-07-17 20:00:45,259] {dag.py:2972} INFO - Setting next_dagrun for example_branch_dop_operator_v3 to 2022-07-17T19:59:00+00:00, run_after=2022-07-17T20:00:00+00:00
[2022-07-17 20:00:45,271] {processor.py:161} INFO - Processing /home/airflow/.local/lib/python3.7/site-packages/airflow/example_dags/example_branch_python_dop_operator_3.py took 0.083 seconds
[2022-07-17 20:01:15,397] {processor.py:153} INFO - Started process (PID=2969) to work on /home/airflow/.local/lib/python3.7/site-packages/airflow/example_dags/example_branch_python_dop_operator_3.py
[2022-07-17 20:01:15,398] {processor.py:641} INFO - Processing file /home/airflow/.local/lib/python3.7/site-packages/airflow/example_dags/example_branch_python_dop_operator_3.py for tasks to queue
[2022-07-17 20:01:15,398] {logging_mixin.py:115} INFO - [2022-07-17 20:01:15,398] {dagbag.py:508} INFO - Filling up the DagBag from /home/airflow/.local/lib/python3.7/site-packages/airflow/example_dags/example_branch_python_dop_operator_3.py
[2022-07-17 20:01:15,411] {processor.py:651} INFO - DAG(s) dict_keys(['example_branch_dop_operator_v3']) retrieved from /home/airflow/.local/lib/python3.7/site-packages/airflow/example_dags/example_branch_python_dop_operator_3.py
[2022-07-17 20:01:15,440] {logging_mixin.py:115} INFO - [2022-07-17 20:01:15,440] {dag.py:2420} INFO - Sync 1 DAGs
[2022-07-17 20:01:15,474] {logging_mixin.py:115} INFO - [2022-07-17 20:01:15,474] {dag.py:2972} INFO - Setting next_dagrun for example_branch_dop_operator_v3 to 2022-07-17T20:00:00+00:00, run_after=2022-07-17T20:01:00+00:00
[2022-07-17 20:01:15,488] {processor.py:161} INFO - Processing /home/airflow/.local/lib/python3.7/site-packages/airflow/example_dags/example_branch_python_dop_operator_3.py took 0.094 seconds
[2022-07-17 20:01:45,797] {processor.py:153} INFO - Started process (PID=3024) to work on /home/airflow/.local/lib/python3.7/site-packages/airflow/example_dags/example_branch_python_dop_operator_3.py
[2022-07-17 20:01:45,798] {processor.py:641} INFO - Processing file /home/airflow/.local/lib/python3.7/site-packages/airflow/example_dags/example_branch_python_dop_operator_3.py for tasks to queue
[2022-07-17 20:01:45,799] {logging_mixin.py:115} INFO - [2022-07-17 20:01:45,799] {dagbag.py:508} INFO - Filling up the DagBag from /home/airflow/.local/lib/python3.7/site-packages/airflow/example_dags/example_branch_python_dop_operator_3.py
[2022-07-17 20:01:45,812] {processor.py:651} INFO - DAG(s) dict_keys(['example_branch_dop_operator_v3']) retrieved from /home/airflow/.local/lib/python3.7/site-packages/airflow/example_dags/example_branch_python_dop_operator_3.py
[2022-07-17 20:01:45,848] {logging_mixin.py:115} INFO - [2022-07-17 20:01:45,848] {dag.py:2420} INFO - Sync 1 DAGs
[2022-07-17 20:01:45,909] {logging_mixin.py:115} INFO - [2022-07-17 20:01:45,908] {dag.py:2972} INFO - Setting next_dagrun for example_branch_dop_operator_v3 to 2022-07-17T20:00:00+00:00, run_after=2022-07-17T20:01:00+00:00
[2022-07-17 20:01:45,928] {processor.py:161} INFO - Processing /home/airflow/.local/lib/python3.7/site-packages/airflow/example_dags/example_branch_python_dop_operator_3.py took 0.134 seconds
[2022-07-17 20:02:16,457] {processor.py:153} INFO - Started process (PID=3091) to work on /home/airflow/.local/lib/python3.7/site-packages/airflow/example_dags/example_branch_python_dop_operator_3.py
[2022-07-17 20:02:16,458] {processor.py:641} INFO - Processing file /home/airflow/.local/lib/python3.7/site-packages/airflow/example_dags/example_branch_python_dop_operator_3.py for tasks to queue
[2022-07-17 20:02:16,458] {logging_mixin.py:115} INFO - [2022-07-17 20:02:16,458] {dagbag.py:508} INFO - Filling up the DagBag from /home/airflow/.local/lib/python3.7/site-packages/airflow/example_dags/example_branch_python_dop_operator_3.py
[2022-07-17 20:02:16,469] {processor.py:651} INFO - DAG(s) dict_keys(['example_branch_dop_operator_v3']) retrieved from /home/airflow/.local/lib/python3.7/site-packages/airflow/example_dags/example_branch_python_dop_operator_3.py
[2022-07-17 20:02:16,494] {logging_mixin.py:115} INFO - [2022-07-17 20:02:16,494] {dag.py:2420} INFO - Sync 1 DAGs
[2022-07-17 20:02:16,525] {logging_mixin.py:115} INFO - [2022-07-17 20:02:16,525] {dag.py:2972} INFO - Setting next_dagrun for example_branch_dop_operator_v3 to 2022-07-17T20:01:00+00:00, run_after=2022-07-17T20:02:00+00:00
[2022-07-17 20:02:16,537] {processor.py:161} INFO - Processing /home/airflow/.local/lib/python3.7/site-packages/airflow/example_dags/example_branch_python_dop_operator_3.py took 0.083 seconds
[2022-07-17 20:02:46,723] {processor.py:153} INFO - Started process (PID=3144) to work on /home/airflow/.local/lib/python3.7/site-packages/airflow/example_dags/example_branch_python_dop_operator_3.py
[2022-07-17 20:02:46,723] {processor.py:641} INFO - Processing file /home/airflow/.local/lib/python3.7/site-packages/airflow/example_dags/example_branch_python_dop_operator_3.py for tasks to queue
[2022-07-17 20:02:46,724] {logging_mixin.py:115} INFO - [2022-07-17 20:02:46,724] {dagbag.py:508} INFO - Filling up the DagBag from /home/airflow/.local/lib/python3.7/site-packages/airflow/example_dags/example_branch_python_dop_operator_3.py
[2022-07-17 20:02:46,739] {processor.py:651} INFO - DAG(s) dict_keys(['example_branch_dop_operator_v3']) retrieved from /home/airflow/.local/lib/python3.7/site-packages/airflow/example_dags/example_branch_python_dop_operator_3.py
[2022-07-17 20:02:46,773] {logging_mixin.py:115} INFO - [2022-07-17 20:02:46,773] {dag.py:2420} INFO - Sync 1 DAGs
[2022-07-17 20:02:46,814] {logging_mixin.py:115} INFO - [2022-07-17 20:02:46,814] {dag.py:2972} INFO - Setting next_dagrun for example_branch_dop_operator_v3 to 2022-07-17T20:01:00+00:00, run_after=2022-07-17T20:02:00+00:00
[2022-07-17 20:02:46,828] {processor.py:161} INFO - Processing /home/airflow/.local/lib/python3.7/site-packages/airflow/example_dags/example_branch_python_dop_operator_3.py took 0.111 seconds
[2022-07-17 20:03:17,225] {processor.py:153} INFO - Started process (PID=3208) to work on /home/airflow/.local/lib/python3.7/site-packages/airflow/example_dags/example_branch_python_dop_operator_3.py
[2022-07-17 20:03:17,226] {processor.py:641} INFO - Processing file /home/airflow/.local/lib/python3.7/site-packages/airflow/example_dags/example_branch_python_dop_operator_3.py for tasks to queue
[2022-07-17 20:03:17,227] {logging_mixin.py:115} INFO - [2022-07-17 20:03:17,227] {dagbag.py:508} INFO - Filling up the DagBag from /home/airflow/.local/lib/python3.7/site-packages/airflow/example_dags/example_branch_python_dop_operator_3.py
[2022-07-17 20:03:17,239] {processor.py:651} INFO - DAG(s) dict_keys(['example_branch_dop_operator_v3']) retrieved from /home/airflow/.local/lib/python3.7/site-packages/airflow/example_dags/example_branch_python_dop_operator_3.py
[2022-07-17 20:03:17,271] {logging_mixin.py:115} INFO - [2022-07-17 20:03:17,271] {dag.py:2420} INFO - Sync 1 DAGs
[2022-07-17 20:03:17,310] {logging_mixin.py:115} INFO - [2022-07-17 20:03:17,310] {dag.py:2972} INFO - Setting next_dagrun for example_branch_dop_operator_v3 to 2022-07-17T20:02:00+00:00, run_after=2022-07-17T20:03:00+00:00
[2022-07-17 20:03:17,329] {processor.py:161} INFO - Processing /home/airflow/.local/lib/python3.7/site-packages/airflow/example_dags/example_branch_python_dop_operator_3.py took 0.108 seconds
[2022-07-17 20:03:47,719] {processor.py:153} INFO - Started process (PID=3272) to work on /home/airflow/.local/lib/python3.7/site-packages/airflow/example_dags/example_branch_python_dop_operator_3.py
[2022-07-17 20:03:47,719] {processor.py:641} INFO - Processing file /home/airflow/.local/lib/python3.7/site-packages/airflow/example_dags/example_branch_python_dop_operator_3.py for tasks to queue
[2022-07-17 20:03:47,720] {logging_mixin.py:115} INFO - [2022-07-17 20:03:47,720] {dagbag.py:508} INFO - Filling up the DagBag from /home/airflow/.local/lib/python3.7/site-packages/airflow/example_dags/example_branch_python_dop_operator_3.py
[2022-07-17 20:03:47,730] {processor.py:651} INFO - DAG(s) dict_keys(['example_branch_dop_operator_v3']) retrieved from /home/airflow/.local/lib/python3.7/site-packages/airflow/example_dags/example_branch_python_dop_operator_3.py
[2022-07-17 20:03:47,757] {logging_mixin.py:115} INFO - [2022-07-17 20:03:47,757] {dag.py:2420} INFO - Sync 1 DAGs
[2022-07-17 20:03:47,798] {logging_mixin.py:115} INFO - [2022-07-17 20:03:47,798] {dag.py:2972} INFO - Setting next_dagrun for example_branch_dop_operator_v3 to 2022-07-17T20:02:00+00:00, run_after=2022-07-17T20:03:00+00:00
[2022-07-17 20:03:47,813] {processor.py:161} INFO - Processing /home/airflow/.local/lib/python3.7/site-packages/airflow/example_dags/example_branch_python_dop_operator_3.py took 0.097 seconds
