[2022-07-17 19:36:54,788] {processor.py:153} INFO - Started process (PID=69) to work on /home/airflow/.local/lib/python3.7/site-packages/airflow/example_dags/example_branch_datetime_operator.py
[2022-07-17 19:36:54,789] {processor.py:641} INFO - Processing file /home/airflow/.local/lib/python3.7/site-packages/airflow/example_dags/example_branch_datetime_operator.py for tasks to queue
[2022-07-17 19:36:54,789] {logging_mixin.py:115} INFO - [2022-07-17 19:36:54,789] {dagbag.py:508} INFO - Filling up the DagBag from /home/airflow/.local/lib/python3.7/site-packages/airflow/example_dags/example_branch_datetime_operator.py
[2022-07-17 19:36:54,805] {processor.py:651} INFO - DAG(s) dict_keys(['example_branch_datetime_operator', 'example_branch_datetime_operator_2']) retrieved from /home/airflow/.local/lib/python3.7/site-packages/airflow/example_dags/example_branch_datetime_operator.py
[2022-07-17 19:36:54,929] {logging_mixin.py:115} INFO - [2022-07-17 19:36:54,929] {manager.py:508} INFO - Created Permission View: can delete on DAG:example_branch_datetime_operator
[2022-07-17 19:36:54,949] {logging_mixin.py:115} INFO - [2022-07-17 19:36:54,949] {manager.py:508} INFO - Created Permission View: can read on DAG:example_branch_datetime_operator
[2022-07-17 19:36:54,961] {logging_mixin.py:115} INFO - [2022-07-17 19:36:54,961] {manager.py:508} INFO - Created Permission View: can edit on DAG:example_branch_datetime_operator
[2022-07-17 19:36:54,986] {logging_mixin.py:115} INFO - [2022-07-17 19:36:54,986] {manager.py:508} INFO - Created Permission View: can delete on DAG:example_branch_datetime_operator_2
[2022-07-17 19:36:54,999] {logging_mixin.py:115} INFO - [2022-07-17 19:36:54,999] {manager.py:508} INFO - Created Permission View: can read on DAG:example_branch_datetime_operator_2
[2022-07-17 19:36:55,009] {logging_mixin.py:115} INFO - [2022-07-17 19:36:55,009] {manager.py:508} INFO - Created Permission View: can edit on DAG:example_branch_datetime_operator_2
[2022-07-17 19:36:55,010] {logging_mixin.py:115} INFO - [2022-07-17 19:36:55,010] {dag.py:2420} INFO - Sync 2 DAGs
[2022-07-17 19:36:55,024] {logging_mixin.py:115} INFO - [2022-07-17 19:36:55,024] {dag.py:2439} INFO - Creating ORM DAG for example_branch_datetime_operator_2
[2022-07-17 19:36:55,025] {logging_mixin.py:115} INFO - [2022-07-17 19:36:55,025] {dag.py:2439} INFO - Creating ORM DAG for example_branch_datetime_operator
[2022-07-17 19:36:55,047] {logging_mixin.py:115} INFO - [2022-07-17 19:36:55,047] {dag.py:2972} INFO - Setting next_dagrun for example_branch_datetime_operator to 2022-07-16T00:00:00+00:00, run_after=2022-07-17T00:00:00+00:00
[2022-07-17 19:36:55,051] {logging_mixin.py:115} INFO - [2022-07-17 19:36:55,051] {dag.py:2972} INFO - Setting next_dagrun for example_branch_datetime_operator_2 to 2022-07-16T00:00:00+00:00, run_after=2022-07-17T00:00:00+00:00
[2022-07-17 19:36:55,074] {processor.py:161} INFO - Processing /home/airflow/.local/lib/python3.7/site-packages/airflow/example_dags/example_branch_datetime_operator.py took 0.290 seconds
[2022-07-17 19:37:25,553] {processor.py:153} INFO - Started process (PID=134) to work on /home/airflow/.local/lib/python3.7/site-packages/airflow/example_dags/example_branch_datetime_operator.py
[2022-07-17 19:37:25,554] {processor.py:641} INFO - Processing file /home/airflow/.local/lib/python3.7/site-packages/airflow/example_dags/example_branch_datetime_operator.py for tasks to queue
[2022-07-17 19:37:25,554] {logging_mixin.py:115} INFO - [2022-07-17 19:37:25,554] {dagbag.py:508} INFO - Filling up the DagBag from /home/airflow/.local/lib/python3.7/site-packages/airflow/example_dags/example_branch_datetime_operator.py
[2022-07-17 19:37:25,564] {processor.py:651} INFO - DAG(s) dict_keys(['example_branch_datetime_operator', 'example_branch_datetime_operator_2']) retrieved from /home/airflow/.local/lib/python3.7/site-packages/airflow/example_dags/example_branch_datetime_operator.py
[2022-07-17 19:37:25,594] {logging_mixin.py:115} INFO - [2022-07-17 19:37:25,594] {dag.py:2420} INFO - Sync 2 DAGs
[2022-07-17 19:37:25,628] {logging_mixin.py:115} INFO - [2022-07-17 19:37:25,628] {dag.py:2972} INFO - Setting next_dagrun for example_branch_datetime_operator to 2022-07-16T00:00:00+00:00, run_after=2022-07-17T00:00:00+00:00
[2022-07-17 19:37:25,632] {logging_mixin.py:115} INFO - [2022-07-17 19:37:25,632] {dag.py:2972} INFO - Setting next_dagrun for example_branch_datetime_operator_2 to 2022-07-16T00:00:00+00:00, run_after=2022-07-17T00:00:00+00:00
[2022-07-17 19:37:25,650] {processor.py:161} INFO - Processing /home/airflow/.local/lib/python3.7/site-packages/airflow/example_dags/example_branch_datetime_operator.py took 0.099 seconds
[2022-07-17 19:37:56,727] {processor.py:153} INFO - Started process (PID=189) to work on /home/airflow/.local/lib/python3.7/site-packages/airflow/example_dags/example_branch_datetime_operator.py
[2022-07-17 19:37:56,728] {processor.py:641} INFO - Processing file /home/airflow/.local/lib/python3.7/site-packages/airflow/example_dags/example_branch_datetime_operator.py for tasks to queue
[2022-07-17 19:37:56,728] {logging_mixin.py:115} INFO - [2022-07-17 19:37:56,728] {dagbag.py:508} INFO - Filling up the DagBag from /home/airflow/.local/lib/python3.7/site-packages/airflow/example_dags/example_branch_datetime_operator.py
[2022-07-17 19:37:56,739] {processor.py:651} INFO - DAG(s) dict_keys(['example_branch_datetime_operator', 'example_branch_datetime_operator_2']) retrieved from /home/airflow/.local/lib/python3.7/site-packages/airflow/example_dags/example_branch_datetime_operator.py
[2022-07-17 19:37:56,770] {logging_mixin.py:115} INFO - [2022-07-17 19:37:56,770] {dag.py:2420} INFO - Sync 2 DAGs
[2022-07-17 19:37:56,796] {logging_mixin.py:115} INFO - [2022-07-17 19:37:56,796] {dag.py:2972} INFO - Setting next_dagrun for example_branch_datetime_operator to 2022-07-16T00:00:00+00:00, run_after=2022-07-17T00:00:00+00:00
[2022-07-17 19:37:56,798] {logging_mixin.py:115} INFO - [2022-07-17 19:37:56,798] {dag.py:2972} INFO - Setting next_dagrun for example_branch_datetime_operator_2 to 2022-07-16T00:00:00+00:00, run_after=2022-07-17T00:00:00+00:00
[2022-07-17 19:37:56,811] {processor.py:161} INFO - Processing /home/airflow/.local/lib/python3.7/site-packages/airflow/example_dags/example_branch_datetime_operator.py took 0.087 seconds
[2022-07-17 19:38:26,903] {processor.py:153} INFO - Started process (PID=251) to work on /home/airflow/.local/lib/python3.7/site-packages/airflow/example_dags/example_branch_datetime_operator.py
[2022-07-17 19:38:26,904] {processor.py:641} INFO - Processing file /home/airflow/.local/lib/python3.7/site-packages/airflow/example_dags/example_branch_datetime_operator.py for tasks to queue
[2022-07-17 19:38:26,905] {logging_mixin.py:115} INFO - [2022-07-17 19:38:26,904] {dagbag.py:508} INFO - Filling up the DagBag from /home/airflow/.local/lib/python3.7/site-packages/airflow/example_dags/example_branch_datetime_operator.py
[2022-07-17 19:38:26,920] {processor.py:651} INFO - DAG(s) dict_keys(['example_branch_datetime_operator', 'example_branch_datetime_operator_2']) retrieved from /home/airflow/.local/lib/python3.7/site-packages/airflow/example_dags/example_branch_datetime_operator.py
[2022-07-17 19:38:26,963] {logging_mixin.py:115} INFO - [2022-07-17 19:38:26,962] {dag.py:2420} INFO - Sync 2 DAGs
[2022-07-17 19:38:27,002] {logging_mixin.py:115} INFO - [2022-07-17 19:38:27,001] {dag.py:2972} INFO - Setting next_dagrun for example_branch_datetime_operator to 2022-07-16T00:00:00+00:00, run_after=2022-07-17T00:00:00+00:00
[2022-07-17 19:38:27,006] {logging_mixin.py:115} INFO - [2022-07-17 19:38:27,006] {dag.py:2972} INFO - Setting next_dagrun for example_branch_datetime_operator_2 to 2022-07-16T00:00:00+00:00, run_after=2022-07-17T00:00:00+00:00
[2022-07-17 19:38:27,025] {processor.py:161} INFO - Processing /home/airflow/.local/lib/python3.7/site-packages/airflow/example_dags/example_branch_datetime_operator.py took 0.127 seconds
[2022-07-17 19:38:57,599] {processor.py:153} INFO - Started process (PID=305) to work on /home/airflow/.local/lib/python3.7/site-packages/airflow/example_dags/example_branch_datetime_operator.py
[2022-07-17 19:38:57,600] {processor.py:641} INFO - Processing file /home/airflow/.local/lib/python3.7/site-packages/airflow/example_dags/example_branch_datetime_operator.py for tasks to queue
[2022-07-17 19:38:57,600] {logging_mixin.py:115} INFO - [2022-07-17 19:38:57,600] {dagbag.py:508} INFO - Filling up the DagBag from /home/airflow/.local/lib/python3.7/site-packages/airflow/example_dags/example_branch_datetime_operator.py
[2022-07-17 19:38:57,610] {processor.py:651} INFO - DAG(s) dict_keys(['example_branch_datetime_operator', 'example_branch_datetime_operator_2']) retrieved from /home/airflow/.local/lib/python3.7/site-packages/airflow/example_dags/example_branch_datetime_operator.py
[2022-07-17 19:38:57,642] {logging_mixin.py:115} INFO - [2022-07-17 19:38:57,642] {dag.py:2420} INFO - Sync 2 DAGs
[2022-07-17 19:38:57,673] {logging_mixin.py:115} INFO - [2022-07-17 19:38:57,673] {dag.py:2972} INFO - Setting next_dagrun for example_branch_datetime_operator to 2022-07-16T00:00:00+00:00, run_after=2022-07-17T00:00:00+00:00
[2022-07-17 19:38:57,675] {logging_mixin.py:115} INFO - [2022-07-17 19:38:57,675] {dag.py:2972} INFO - Setting next_dagrun for example_branch_datetime_operator_2 to 2022-07-16T00:00:00+00:00, run_after=2022-07-17T00:00:00+00:00
[2022-07-17 19:38:57,689] {processor.py:161} INFO - Processing /home/airflow/.local/lib/python3.7/site-packages/airflow/example_dags/example_branch_datetime_operator.py took 0.093 seconds
[2022-07-17 19:39:27,898] {processor.py:153} INFO - Started process (PID=369) to work on /home/airflow/.local/lib/python3.7/site-packages/airflow/example_dags/example_branch_datetime_operator.py
[2022-07-17 19:39:27,899] {processor.py:641} INFO - Processing file /home/airflow/.local/lib/python3.7/site-packages/airflow/example_dags/example_branch_datetime_operator.py for tasks to queue
[2022-07-17 19:39:27,900] {logging_mixin.py:115} INFO - [2022-07-17 19:39:27,899] {dagbag.py:508} INFO - Filling up the DagBag from /home/airflow/.local/lib/python3.7/site-packages/airflow/example_dags/example_branch_datetime_operator.py
[2022-07-17 19:39:27,910] {processor.py:651} INFO - DAG(s) dict_keys(['example_branch_datetime_operator', 'example_branch_datetime_operator_2']) retrieved from /home/airflow/.local/lib/python3.7/site-packages/airflow/example_dags/example_branch_datetime_operator.py
[2022-07-17 19:39:27,939] {logging_mixin.py:115} INFO - [2022-07-17 19:39:27,939] {dag.py:2420} INFO - Sync 2 DAGs
[2022-07-17 19:39:27,973] {logging_mixin.py:115} INFO - [2022-07-17 19:39:27,972] {dag.py:2972} INFO - Setting next_dagrun for example_branch_datetime_operator to 2022-07-16T00:00:00+00:00, run_after=2022-07-17T00:00:00+00:00
[2022-07-17 19:39:27,975] {logging_mixin.py:115} INFO - [2022-07-17 19:39:27,975] {dag.py:2972} INFO - Setting next_dagrun for example_branch_datetime_operator_2 to 2022-07-16T00:00:00+00:00, run_after=2022-07-17T00:00:00+00:00
[2022-07-17 19:39:27,988] {processor.py:161} INFO - Processing /home/airflow/.local/lib/python3.7/site-packages/airflow/example_dags/example_branch_datetime_operator.py took 0.093 seconds
[2022-07-17 19:39:58,385] {processor.py:153} INFO - Started process (PID=432) to work on /home/airflow/.local/lib/python3.7/site-packages/airflow/example_dags/example_branch_datetime_operator.py
[2022-07-17 19:39:58,386] {processor.py:641} INFO - Processing file /home/airflow/.local/lib/python3.7/site-packages/airflow/example_dags/example_branch_datetime_operator.py for tasks to queue
[2022-07-17 19:39:58,387] {logging_mixin.py:115} INFO - [2022-07-17 19:39:58,387] {dagbag.py:508} INFO - Filling up the DagBag from /home/airflow/.local/lib/python3.7/site-packages/airflow/example_dags/example_branch_datetime_operator.py
[2022-07-17 19:39:58,405] {processor.py:651} INFO - DAG(s) dict_keys(['example_branch_datetime_operator', 'example_branch_datetime_operator_2']) retrieved from /home/airflow/.local/lib/python3.7/site-packages/airflow/example_dags/example_branch_datetime_operator.py
[2022-07-17 19:39:58,445] {logging_mixin.py:115} INFO - [2022-07-17 19:39:58,445] {dag.py:2420} INFO - Sync 2 DAGs
[2022-07-17 19:39:58,485] {logging_mixin.py:115} INFO - [2022-07-17 19:39:58,485] {dag.py:2972} INFO - Setting next_dagrun for example_branch_datetime_operator to 2022-07-16T00:00:00+00:00, run_after=2022-07-17T00:00:00+00:00
[2022-07-17 19:39:58,489] {logging_mixin.py:115} INFO - [2022-07-17 19:39:58,489] {dag.py:2972} INFO - Setting next_dagrun for example_branch_datetime_operator_2 to 2022-07-16T00:00:00+00:00, run_after=2022-07-17T00:00:00+00:00
[2022-07-17 19:39:58,507] {processor.py:161} INFO - Processing /home/airflow/.local/lib/python3.7/site-packages/airflow/example_dags/example_branch_datetime_operator.py took 0.126 seconds
[2022-07-17 19:40:28,728] {processor.py:153} INFO - Started process (PID=489) to work on /home/airflow/.local/lib/python3.7/site-packages/airflow/example_dags/example_branch_datetime_operator.py
[2022-07-17 19:40:28,728] {processor.py:641} INFO - Processing file /home/airflow/.local/lib/python3.7/site-packages/airflow/example_dags/example_branch_datetime_operator.py for tasks to queue
[2022-07-17 19:40:28,729] {logging_mixin.py:115} INFO - [2022-07-17 19:40:28,729] {dagbag.py:508} INFO - Filling up the DagBag from /home/airflow/.local/lib/python3.7/site-packages/airflow/example_dags/example_branch_datetime_operator.py
[2022-07-17 19:40:28,739] {processor.py:651} INFO - DAG(s) dict_keys(['example_branch_datetime_operator', 'example_branch_datetime_operator_2']) retrieved from /home/airflow/.local/lib/python3.7/site-packages/airflow/example_dags/example_branch_datetime_operator.py
[2022-07-17 19:40:28,770] {logging_mixin.py:115} INFO - [2022-07-17 19:40:28,770] {dag.py:2420} INFO - Sync 2 DAGs
[2022-07-17 19:40:28,800] {logging_mixin.py:115} INFO - [2022-07-17 19:40:28,800] {dag.py:2972} INFO - Setting next_dagrun for example_branch_datetime_operator to 2022-07-16T00:00:00+00:00, run_after=2022-07-17T00:00:00+00:00
[2022-07-17 19:40:28,802] {logging_mixin.py:115} INFO - [2022-07-17 19:40:28,802] {dag.py:2972} INFO - Setting next_dagrun for example_branch_datetime_operator_2 to 2022-07-16T00:00:00+00:00, run_after=2022-07-17T00:00:00+00:00
[2022-07-17 19:40:28,816] {processor.py:161} INFO - Processing /home/airflow/.local/lib/python3.7/site-packages/airflow/example_dags/example_branch_datetime_operator.py took 0.091 seconds
[2022-07-17 19:40:59,946] {processor.py:153} INFO - Started process (PID=553) to work on /home/airflow/.local/lib/python3.7/site-packages/airflow/example_dags/example_branch_datetime_operator.py
[2022-07-17 19:40:59,946] {processor.py:641} INFO - Processing file /home/airflow/.local/lib/python3.7/site-packages/airflow/example_dags/example_branch_datetime_operator.py for tasks to queue
[2022-07-17 19:40:59,947] {logging_mixin.py:115} INFO - [2022-07-17 19:40:59,947] {dagbag.py:508} INFO - Filling up the DagBag from /home/airflow/.local/lib/python3.7/site-packages/airflow/example_dags/example_branch_datetime_operator.py
[2022-07-17 19:40:59,960] {processor.py:651} INFO - DAG(s) dict_keys(['example_branch_datetime_operator', 'example_branch_datetime_operator_2']) retrieved from /home/airflow/.local/lib/python3.7/site-packages/airflow/example_dags/example_branch_datetime_operator.py
[2022-07-17 19:40:59,998] {logging_mixin.py:115} INFO - [2022-07-17 19:40:59,998] {dag.py:2420} INFO - Sync 2 DAGs
[2022-07-17 19:41:00,032] {logging_mixin.py:115} INFO - [2022-07-17 19:41:00,032] {dag.py:2972} INFO - Setting next_dagrun for example_branch_datetime_operator to 2022-07-16T00:00:00+00:00, run_after=2022-07-17T00:00:00+00:00
[2022-07-17 19:41:00,035] {logging_mixin.py:115} INFO - [2022-07-17 19:41:00,035] {dag.py:2972} INFO - Setting next_dagrun for example_branch_datetime_operator_2 to 2022-07-16T00:00:00+00:00, run_after=2022-07-17T00:00:00+00:00
[2022-07-17 19:41:00,050] {processor.py:161} INFO - Processing /home/airflow/.local/lib/python3.7/site-packages/airflow/example_dags/example_branch_datetime_operator.py took 0.108 seconds
[2022-07-17 19:41:30,998] {processor.py:153} INFO - Started process (PID=610) to work on /home/airflow/.local/lib/python3.7/site-packages/airflow/example_dags/example_branch_datetime_operator.py
[2022-07-17 19:41:30,998] {processor.py:641} INFO - Processing file /home/airflow/.local/lib/python3.7/site-packages/airflow/example_dags/example_branch_datetime_operator.py for tasks to queue
[2022-07-17 19:41:30,999] {logging_mixin.py:115} INFO - [2022-07-17 19:41:30,999] {dagbag.py:508} INFO - Filling up the DagBag from /home/airflow/.local/lib/python3.7/site-packages/airflow/example_dags/example_branch_datetime_operator.py
[2022-07-17 19:41:31,010] {processor.py:651} INFO - DAG(s) dict_keys(['example_branch_datetime_operator', 'example_branch_datetime_operator_2']) retrieved from /home/airflow/.local/lib/python3.7/site-packages/airflow/example_dags/example_branch_datetime_operator.py
[2022-07-17 19:41:31,044] {logging_mixin.py:115} INFO - [2022-07-17 19:41:31,044] {dag.py:2420} INFO - Sync 2 DAGs
[2022-07-17 19:41:31,084] {logging_mixin.py:115} INFO - [2022-07-17 19:41:31,084] {dag.py:2972} INFO - Setting next_dagrun for example_branch_datetime_operator to 2022-07-16T00:00:00+00:00, run_after=2022-07-17T00:00:00+00:00
[2022-07-17 19:41:31,087] {logging_mixin.py:115} INFO - [2022-07-17 19:41:31,087] {dag.py:2972} INFO - Setting next_dagrun for example_branch_datetime_operator_2 to 2022-07-16T00:00:00+00:00, run_after=2022-07-17T00:00:00+00:00
[2022-07-17 19:41:31,103] {processor.py:161} INFO - Processing /home/airflow/.local/lib/python3.7/site-packages/airflow/example_dags/example_branch_datetime_operator.py took 0.109 seconds
[2022-07-17 19:42:01,127] {processor.py:153} INFO - Started process (PID=674) to work on /home/airflow/.local/lib/python3.7/site-packages/airflow/example_dags/example_branch_datetime_operator.py
[2022-07-17 19:42:01,127] {processor.py:641} INFO - Processing file /home/airflow/.local/lib/python3.7/site-packages/airflow/example_dags/example_branch_datetime_operator.py for tasks to queue
[2022-07-17 19:42:01,128] {logging_mixin.py:115} INFO - [2022-07-17 19:42:01,128] {dagbag.py:508} INFO - Filling up the DagBag from /home/airflow/.local/lib/python3.7/site-packages/airflow/example_dags/example_branch_datetime_operator.py
[2022-07-17 19:42:01,138] {processor.py:651} INFO - DAG(s) dict_keys(['example_branch_datetime_operator', 'example_branch_datetime_operator_2']) retrieved from /home/airflow/.local/lib/python3.7/site-packages/airflow/example_dags/example_branch_datetime_operator.py
[2022-07-17 19:42:01,169] {logging_mixin.py:115} INFO - [2022-07-17 19:42:01,169] {dag.py:2420} INFO - Sync 2 DAGs
[2022-07-17 19:42:01,197] {logging_mixin.py:115} INFO - [2022-07-17 19:42:01,197] {dag.py:2972} INFO - Setting next_dagrun for example_branch_datetime_operator to 2022-07-16T00:00:00+00:00, run_after=2022-07-17T00:00:00+00:00
[2022-07-17 19:42:01,199] {logging_mixin.py:115} INFO - [2022-07-17 19:42:01,199] {dag.py:2972} INFO - Setting next_dagrun for example_branch_datetime_operator_2 to 2022-07-16T00:00:00+00:00, run_after=2022-07-17T00:00:00+00:00
[2022-07-17 19:42:01,212] {processor.py:161} INFO - Processing /home/airflow/.local/lib/python3.7/site-packages/airflow/example_dags/example_branch_datetime_operator.py took 0.088 seconds
[2022-07-17 19:42:31,465] {processor.py:153} INFO - Started process (PID=737) to work on /home/airflow/.local/lib/python3.7/site-packages/airflow/example_dags/example_branch_datetime_operator.py
[2022-07-17 19:42:31,466] {processor.py:641} INFO - Processing file /home/airflow/.local/lib/python3.7/site-packages/airflow/example_dags/example_branch_datetime_operator.py for tasks to queue
[2022-07-17 19:42:31,466] {logging_mixin.py:115} INFO - [2022-07-17 19:42:31,466] {dagbag.py:508} INFO - Filling up the DagBag from /home/airflow/.local/lib/python3.7/site-packages/airflow/example_dags/example_branch_datetime_operator.py
[2022-07-17 19:42:31,480] {processor.py:651} INFO - DAG(s) dict_keys(['example_branch_datetime_operator', 'example_branch_datetime_operator_2']) retrieved from /home/airflow/.local/lib/python3.7/site-packages/airflow/example_dags/example_branch_datetime_operator.py
[2022-07-17 19:42:31,530] {logging_mixin.py:115} INFO - [2022-07-17 19:42:31,530] {dag.py:2420} INFO - Sync 2 DAGs
[2022-07-17 19:42:31,572] {logging_mixin.py:115} INFO - [2022-07-17 19:42:31,572] {dag.py:2972} INFO - Setting next_dagrun for example_branch_datetime_operator to 2022-07-16T00:00:00+00:00, run_after=2022-07-17T00:00:00+00:00
[2022-07-17 19:42:31,576] {logging_mixin.py:115} INFO - [2022-07-17 19:42:31,576] {dag.py:2972} INFO - Setting next_dagrun for example_branch_datetime_operator_2 to 2022-07-16T00:00:00+00:00, run_after=2022-07-17T00:00:00+00:00
[2022-07-17 19:42:31,593] {processor.py:161} INFO - Processing /home/airflow/.local/lib/python3.7/site-packages/airflow/example_dags/example_branch_datetime_operator.py took 0.132 seconds
[2022-07-17 19:43:01,913] {processor.py:153} INFO - Started process (PID=793) to work on /home/airflow/.local/lib/python3.7/site-packages/airflow/example_dags/example_branch_datetime_operator.py
[2022-07-17 19:43:01,913] {processor.py:641} INFO - Processing file /home/airflow/.local/lib/python3.7/site-packages/airflow/example_dags/example_branch_datetime_operator.py for tasks to queue
[2022-07-17 19:43:01,914] {logging_mixin.py:115} INFO - [2022-07-17 19:43:01,914] {dagbag.py:508} INFO - Filling up the DagBag from /home/airflow/.local/lib/python3.7/site-packages/airflow/example_dags/example_branch_datetime_operator.py
[2022-07-17 19:43:01,925] {processor.py:651} INFO - DAG(s) dict_keys(['example_branch_datetime_operator', 'example_branch_datetime_operator_2']) retrieved from /home/airflow/.local/lib/python3.7/site-packages/airflow/example_dags/example_branch_datetime_operator.py
[2022-07-17 19:43:01,958] {logging_mixin.py:115} INFO - [2022-07-17 19:43:01,958] {dag.py:2420} INFO - Sync 2 DAGs
[2022-07-17 19:43:01,987] {logging_mixin.py:115} INFO - [2022-07-17 19:43:01,987] {dag.py:2972} INFO - Setting next_dagrun for example_branch_datetime_operator to 2022-07-16T00:00:00+00:00, run_after=2022-07-17T00:00:00+00:00
[2022-07-17 19:43:01,989] {logging_mixin.py:115} INFO - [2022-07-17 19:43:01,989] {dag.py:2972} INFO - Setting next_dagrun for example_branch_datetime_operator_2 to 2022-07-16T00:00:00+00:00, run_after=2022-07-17T00:00:00+00:00
[2022-07-17 19:43:02,002] {processor.py:161} INFO - Processing /home/airflow/.local/lib/python3.7/site-packages/airflow/example_dags/example_branch_datetime_operator.py took 0.092 seconds
[2022-07-17 19:43:32,315] {processor.py:153} INFO - Started process (PID=857) to work on /home/airflow/.local/lib/python3.7/site-packages/airflow/example_dags/example_branch_datetime_operator.py
[2022-07-17 19:43:32,315] {processor.py:641} INFO - Processing file /home/airflow/.local/lib/python3.7/site-packages/airflow/example_dags/example_branch_datetime_operator.py for tasks to queue
[2022-07-17 19:43:32,316] {logging_mixin.py:115} INFO - [2022-07-17 19:43:32,316] {dagbag.py:508} INFO - Filling up the DagBag from /home/airflow/.local/lib/python3.7/site-packages/airflow/example_dags/example_branch_datetime_operator.py
[2022-07-17 19:43:32,328] {processor.py:651} INFO - DAG(s) dict_keys(['example_branch_datetime_operator', 'example_branch_datetime_operator_2']) retrieved from /home/airflow/.local/lib/python3.7/site-packages/airflow/example_dags/example_branch_datetime_operator.py
[2022-07-17 19:43:32,369] {logging_mixin.py:115} INFO - [2022-07-17 19:43:32,368] {dag.py:2420} INFO - Sync 2 DAGs
[2022-07-17 19:43:32,399] {logging_mixin.py:115} INFO - [2022-07-17 19:43:32,398] {dag.py:2972} INFO - Setting next_dagrun for example_branch_datetime_operator to 2022-07-16T00:00:00+00:00, run_after=2022-07-17T00:00:00+00:00
[2022-07-17 19:43:32,401] {logging_mixin.py:115} INFO - [2022-07-17 19:43:32,401] {dag.py:2972} INFO - Setting next_dagrun for example_branch_datetime_operator_2 to 2022-07-16T00:00:00+00:00, run_after=2022-07-17T00:00:00+00:00
[2022-07-17 19:43:32,416] {processor.py:161} INFO - Processing /home/airflow/.local/lib/python3.7/site-packages/airflow/example_dags/example_branch_datetime_operator.py took 0.105 seconds
[2022-07-17 19:44:02,735] {processor.py:153} INFO - Started process (PID=912) to work on /home/airflow/.local/lib/python3.7/site-packages/airflow/example_dags/example_branch_datetime_operator.py
[2022-07-17 19:44:02,736] {processor.py:641} INFO - Processing file /home/airflow/.local/lib/python3.7/site-packages/airflow/example_dags/example_branch_datetime_operator.py for tasks to queue
[2022-07-17 19:44:02,737] {logging_mixin.py:115} INFO - [2022-07-17 19:44:02,736] {dagbag.py:508} INFO - Filling up the DagBag from /home/airflow/.local/lib/python3.7/site-packages/airflow/example_dags/example_branch_datetime_operator.py
[2022-07-17 19:44:02,750] {processor.py:651} INFO - DAG(s) dict_keys(['example_branch_datetime_operator', 'example_branch_datetime_operator_2']) retrieved from /home/airflow/.local/lib/python3.7/site-packages/airflow/example_dags/example_branch_datetime_operator.py
[2022-07-17 19:44:02,786] {logging_mixin.py:115} INFO - [2022-07-17 19:44:02,785] {dag.py:2420} INFO - Sync 2 DAGs
[2022-07-17 19:44:02,812] {logging_mixin.py:115} INFO - [2022-07-17 19:44:02,812] {dag.py:2972} INFO - Setting next_dagrun for example_branch_datetime_operator to 2022-07-16T00:00:00+00:00, run_after=2022-07-17T00:00:00+00:00
[2022-07-17 19:44:02,815] {logging_mixin.py:115} INFO - [2022-07-17 19:44:02,815] {dag.py:2972} INFO - Setting next_dagrun for example_branch_datetime_operator_2 to 2022-07-16T00:00:00+00:00, run_after=2022-07-17T00:00:00+00:00
[2022-07-17 19:44:02,828] {processor.py:161} INFO - Processing /home/airflow/.local/lib/python3.7/site-packages/airflow/example_dags/example_branch_datetime_operator.py took 0.097 seconds
[2022-07-17 19:44:33,613] {processor.py:153} INFO - Started process (PID=976) to work on /home/airflow/.local/lib/python3.7/site-packages/airflow/example_dags/example_branch_datetime_operator.py
[2022-07-17 19:44:33,614] {processor.py:641} INFO - Processing file /home/airflow/.local/lib/python3.7/site-packages/airflow/example_dags/example_branch_datetime_operator.py for tasks to queue
[2022-07-17 19:44:33,614] {logging_mixin.py:115} INFO - [2022-07-17 19:44:33,614] {dagbag.py:508} INFO - Filling up the DagBag from /home/airflow/.local/lib/python3.7/site-packages/airflow/example_dags/example_branch_datetime_operator.py
[2022-07-17 19:44:33,626] {processor.py:651} INFO - DAG(s) dict_keys(['example_branch_datetime_operator', 'example_branch_datetime_operator_2']) retrieved from /home/airflow/.local/lib/python3.7/site-packages/airflow/example_dags/example_branch_datetime_operator.py
[2022-07-17 19:44:33,658] {logging_mixin.py:115} INFO - [2022-07-17 19:44:33,657] {dag.py:2420} INFO - Sync 2 DAGs
[2022-07-17 19:44:33,685] {logging_mixin.py:115} INFO - [2022-07-17 19:44:33,685] {dag.py:2972} INFO - Setting next_dagrun for example_branch_datetime_operator to 2022-07-16T00:00:00+00:00, run_after=2022-07-17T00:00:00+00:00
[2022-07-17 19:44:33,687] {logging_mixin.py:115} INFO - [2022-07-17 19:44:33,687] {dag.py:2972} INFO - Setting next_dagrun for example_branch_datetime_operator_2 to 2022-07-16T00:00:00+00:00, run_after=2022-07-17T00:00:00+00:00
[2022-07-17 19:44:33,699] {processor.py:161} INFO - Processing /home/airflow/.local/lib/python3.7/site-packages/airflow/example_dags/example_branch_datetime_operator.py took 0.090 seconds
[2022-07-17 19:45:03,901] {processor.py:153} INFO - Started process (PID=1031) to work on /home/airflow/.local/lib/python3.7/site-packages/airflow/example_dags/example_branch_datetime_operator.py
[2022-07-17 19:45:03,902] {processor.py:641} INFO - Processing file /home/airflow/.local/lib/python3.7/site-packages/airflow/example_dags/example_branch_datetime_operator.py for tasks to queue
[2022-07-17 19:45:03,902] {logging_mixin.py:115} INFO - [2022-07-17 19:45:03,902] {dagbag.py:508} INFO - Filling up the DagBag from /home/airflow/.local/lib/python3.7/site-packages/airflow/example_dags/example_branch_datetime_operator.py
[2022-07-17 19:45:03,912] {processor.py:651} INFO - DAG(s) dict_keys(['example_branch_datetime_operator', 'example_branch_datetime_operator_2']) retrieved from /home/airflow/.local/lib/python3.7/site-packages/airflow/example_dags/example_branch_datetime_operator.py
[2022-07-17 19:45:03,943] {logging_mixin.py:115} INFO - [2022-07-17 19:45:03,943] {dag.py:2420} INFO - Sync 2 DAGs
[2022-07-17 19:45:03,970] {logging_mixin.py:115} INFO - [2022-07-17 19:45:03,970] {dag.py:2972} INFO - Setting next_dagrun for example_branch_datetime_operator to 2022-07-16T00:00:00+00:00, run_after=2022-07-17T00:00:00+00:00
[2022-07-17 19:45:03,973] {logging_mixin.py:115} INFO - [2022-07-17 19:45:03,973] {dag.py:2972} INFO - Setting next_dagrun for example_branch_datetime_operator_2 to 2022-07-16T00:00:00+00:00, run_after=2022-07-17T00:00:00+00:00
[2022-07-17 19:45:03,987] {processor.py:161} INFO - Processing /home/airflow/.local/lib/python3.7/site-packages/airflow/example_dags/example_branch_datetime_operator.py took 0.088 seconds
[2022-07-17 19:45:34,833] {processor.py:153} INFO - Started process (PID=1095) to work on /home/airflow/.local/lib/python3.7/site-packages/airflow/example_dags/example_branch_datetime_operator.py
[2022-07-17 19:45:34,835] {processor.py:641} INFO - Processing file /home/airflow/.local/lib/python3.7/site-packages/airflow/example_dags/example_branch_datetime_operator.py for tasks to queue
[2022-07-17 19:45:34,835] {logging_mixin.py:115} INFO - [2022-07-17 19:45:34,835] {dagbag.py:508} INFO - Filling up the DagBag from /home/airflow/.local/lib/python3.7/site-packages/airflow/example_dags/example_branch_datetime_operator.py
[2022-07-17 19:45:34,852] {processor.py:651} INFO - DAG(s) dict_keys(['example_branch_datetime_operator', 'example_branch_datetime_operator_2']) retrieved from /home/airflow/.local/lib/python3.7/site-packages/airflow/example_dags/example_branch_datetime_operator.py
[2022-07-17 19:45:34,895] {logging_mixin.py:115} INFO - [2022-07-17 19:45:34,895] {dag.py:2420} INFO - Sync 2 DAGs
[2022-07-17 19:45:34,936] {logging_mixin.py:115} INFO - [2022-07-17 19:45:34,936] {dag.py:2972} INFO - Setting next_dagrun for example_branch_datetime_operator to 2022-07-16T00:00:00+00:00, run_after=2022-07-17T00:00:00+00:00
[2022-07-17 19:45:34,939] {logging_mixin.py:115} INFO - [2022-07-17 19:45:34,939] {dag.py:2972} INFO - Setting next_dagrun for example_branch_datetime_operator_2 to 2022-07-16T00:00:00+00:00, run_after=2022-07-17T00:00:00+00:00
[2022-07-17 19:45:34,958] {processor.py:161} INFO - Processing /home/airflow/.local/lib/python3.7/site-packages/airflow/example_dags/example_branch_datetime_operator.py took 0.130 seconds
[2022-07-17 19:46:05,385] {processor.py:153} INFO - Started process (PID=1158) to work on /home/airflow/.local/lib/python3.7/site-packages/airflow/example_dags/example_branch_datetime_operator.py
[2022-07-17 19:46:05,385] {processor.py:641} INFO - Processing file /home/airflow/.local/lib/python3.7/site-packages/airflow/example_dags/example_branch_datetime_operator.py for tasks to queue
[2022-07-17 19:46:05,386] {logging_mixin.py:115} INFO - [2022-07-17 19:46:05,386] {dagbag.py:508} INFO - Filling up the DagBag from /home/airflow/.local/lib/python3.7/site-packages/airflow/example_dags/example_branch_datetime_operator.py
[2022-07-17 19:46:05,400] {processor.py:651} INFO - DAG(s) dict_keys(['example_branch_datetime_operator', 'example_branch_datetime_operator_2']) retrieved from /home/airflow/.local/lib/python3.7/site-packages/airflow/example_dags/example_branch_datetime_operator.py
[2022-07-17 19:46:05,452] {logging_mixin.py:115} INFO - [2022-07-17 19:46:05,452] {dag.py:2420} INFO - Sync 2 DAGs
[2022-07-17 19:46:05,490] {logging_mixin.py:115} INFO - [2022-07-17 19:46:05,490] {dag.py:2972} INFO - Setting next_dagrun for example_branch_datetime_operator to 2022-07-16T00:00:00+00:00, run_after=2022-07-17T00:00:00+00:00
[2022-07-17 19:46:05,494] {logging_mixin.py:115} INFO - [2022-07-17 19:46:05,494] {dag.py:2972} INFO - Setting next_dagrun for example_branch_datetime_operator_2 to 2022-07-16T00:00:00+00:00, run_after=2022-07-17T00:00:00+00:00
[2022-07-17 19:46:05,513] {processor.py:161} INFO - Processing /home/airflow/.local/lib/python3.7/site-packages/airflow/example_dags/example_branch_datetime_operator.py took 0.132 seconds
[2022-07-17 19:46:35,605] {processor.py:153} INFO - Started process (PID=1213) to work on /home/airflow/.local/lib/python3.7/site-packages/airflow/example_dags/example_branch_datetime_operator.py
[2022-07-17 19:46:35,605] {processor.py:641} INFO - Processing file /home/airflow/.local/lib/python3.7/site-packages/airflow/example_dags/example_branch_datetime_operator.py for tasks to queue
[2022-07-17 19:46:35,606] {logging_mixin.py:115} INFO - [2022-07-17 19:46:35,606] {dagbag.py:508} INFO - Filling up the DagBag from /home/airflow/.local/lib/python3.7/site-packages/airflow/example_dags/example_branch_datetime_operator.py
[2022-07-17 19:46:35,617] {processor.py:651} INFO - DAG(s) dict_keys(['example_branch_datetime_operator', 'example_branch_datetime_operator_2']) retrieved from /home/airflow/.local/lib/python3.7/site-packages/airflow/example_dags/example_branch_datetime_operator.py
[2022-07-17 19:46:35,651] {logging_mixin.py:115} INFO - [2022-07-17 19:46:35,651] {dag.py:2420} INFO - Sync 2 DAGs
[2022-07-17 19:46:35,685] {logging_mixin.py:115} INFO - [2022-07-17 19:46:35,685] {dag.py:2972} INFO - Setting next_dagrun for example_branch_datetime_operator to 2022-07-16T00:00:00+00:00, run_after=2022-07-17T00:00:00+00:00
[2022-07-17 19:46:35,688] {logging_mixin.py:115} INFO - [2022-07-17 19:46:35,688] {dag.py:2972} INFO - Setting next_dagrun for example_branch_datetime_operator_2 to 2022-07-16T00:00:00+00:00, run_after=2022-07-17T00:00:00+00:00
[2022-07-17 19:46:35,703] {processor.py:161} INFO - Processing /home/airflow/.local/lib/python3.7/site-packages/airflow/example_dags/example_branch_datetime_operator.py took 0.101 seconds
[2022-07-17 19:47:05,824] {processor.py:153} INFO - Started process (PID=1278) to work on /home/airflow/.local/lib/python3.7/site-packages/airflow/example_dags/example_branch_datetime_operator.py
[2022-07-17 19:47:05,825] {processor.py:641} INFO - Processing file /home/airflow/.local/lib/python3.7/site-packages/airflow/example_dags/example_branch_datetime_operator.py for tasks to queue
[2022-07-17 19:47:05,825] {logging_mixin.py:115} INFO - [2022-07-17 19:47:05,825] {dagbag.py:508} INFO - Filling up the DagBag from /home/airflow/.local/lib/python3.7/site-packages/airflow/example_dags/example_branch_datetime_operator.py
[2022-07-17 19:47:05,835] {processor.py:651} INFO - DAG(s) dict_keys(['example_branch_datetime_operator', 'example_branch_datetime_operator_2']) retrieved from /home/airflow/.local/lib/python3.7/site-packages/airflow/example_dags/example_branch_datetime_operator.py
[2022-07-17 19:47:05,866] {logging_mixin.py:115} INFO - [2022-07-17 19:47:05,866] {dag.py:2420} INFO - Sync 2 DAGs
[2022-07-17 19:47:05,892] {logging_mixin.py:115} INFO - [2022-07-17 19:47:05,892] {dag.py:2972} INFO - Setting next_dagrun for example_branch_datetime_operator to 2022-07-16T00:00:00+00:00, run_after=2022-07-17T00:00:00+00:00
[2022-07-17 19:47:05,894] {logging_mixin.py:115} INFO - [2022-07-17 19:47:05,894] {dag.py:2972} INFO - Setting next_dagrun for example_branch_datetime_operator_2 to 2022-07-16T00:00:00+00:00, run_after=2022-07-17T00:00:00+00:00
[2022-07-17 19:47:05,907] {processor.py:161} INFO - Processing /home/airflow/.local/lib/python3.7/site-packages/airflow/example_dags/example_branch_datetime_operator.py took 0.086 seconds
[2022-07-17 19:47:36,093] {processor.py:153} INFO - Started process (PID=1333) to work on /home/airflow/.local/lib/python3.7/site-packages/airflow/example_dags/example_branch_datetime_operator.py
[2022-07-17 19:47:36,094] {processor.py:641} INFO - Processing file /home/airflow/.local/lib/python3.7/site-packages/airflow/example_dags/example_branch_datetime_operator.py for tasks to queue
[2022-07-17 19:47:36,095] {logging_mixin.py:115} INFO - [2022-07-17 19:47:36,094] {dagbag.py:508} INFO - Filling up the DagBag from /home/airflow/.local/lib/python3.7/site-packages/airflow/example_dags/example_branch_datetime_operator.py
[2022-07-17 19:47:36,105] {processor.py:651} INFO - DAG(s) dict_keys(['example_branch_datetime_operator', 'example_branch_datetime_operator_2']) retrieved from /home/airflow/.local/lib/python3.7/site-packages/airflow/example_dags/example_branch_datetime_operator.py
[2022-07-17 19:47:36,137] {logging_mixin.py:115} INFO - [2022-07-17 19:47:36,137] {dag.py:2420} INFO - Sync 2 DAGs
[2022-07-17 19:47:36,168] {logging_mixin.py:115} INFO - [2022-07-17 19:47:36,167] {dag.py:2972} INFO - Setting next_dagrun for example_branch_datetime_operator to 2022-07-16T00:00:00+00:00, run_after=2022-07-17T00:00:00+00:00
[2022-07-17 19:47:36,170] {logging_mixin.py:115} INFO - [2022-07-17 19:47:36,170] {dag.py:2972} INFO - Setting next_dagrun for example_branch_datetime_operator_2 to 2022-07-16T00:00:00+00:00, run_after=2022-07-17T00:00:00+00:00
[2022-07-17 19:47:36,183] {processor.py:161} INFO - Processing /home/airflow/.local/lib/python3.7/site-packages/airflow/example_dags/example_branch_datetime_operator.py took 0.093 seconds
[2022-07-17 19:48:06,491] {processor.py:153} INFO - Started process (PID=1400) to work on /home/airflow/.local/lib/python3.7/site-packages/airflow/example_dags/example_branch_datetime_operator.py
[2022-07-17 19:48:06,491] {processor.py:641} INFO - Processing file /home/airflow/.local/lib/python3.7/site-packages/airflow/example_dags/example_branch_datetime_operator.py for tasks to queue
[2022-07-17 19:48:06,492] {logging_mixin.py:115} INFO - [2022-07-17 19:48:06,491] {dagbag.py:508} INFO - Filling up the DagBag from /home/airflow/.local/lib/python3.7/site-packages/airflow/example_dags/example_branch_datetime_operator.py
[2022-07-17 19:48:06,501] {processor.py:651} INFO - DAG(s) dict_keys(['example_branch_datetime_operator', 'example_branch_datetime_operator_2']) retrieved from /home/airflow/.local/lib/python3.7/site-packages/airflow/example_dags/example_branch_datetime_operator.py
[2022-07-17 19:48:06,536] {logging_mixin.py:115} INFO - [2022-07-17 19:48:06,535] {dag.py:2420} INFO - Sync 2 DAGs
[2022-07-17 19:48:06,569] {logging_mixin.py:115} INFO - [2022-07-17 19:48:06,569] {dag.py:2972} INFO - Setting next_dagrun for example_branch_datetime_operator to 2022-07-16T00:00:00+00:00, run_after=2022-07-17T00:00:00+00:00
[2022-07-17 19:48:06,572] {logging_mixin.py:115} INFO - [2022-07-17 19:48:06,572] {dag.py:2972} INFO - Setting next_dagrun for example_branch_datetime_operator_2 to 2022-07-16T00:00:00+00:00, run_after=2022-07-17T00:00:00+00:00
[2022-07-17 19:48:06,588] {processor.py:161} INFO - Processing /home/airflow/.local/lib/python3.7/site-packages/airflow/example_dags/example_branch_datetime_operator.py took 0.100 seconds
[2022-07-17 19:48:36,827] {processor.py:153} INFO - Started process (PID=1455) to work on /home/airflow/.local/lib/python3.7/site-packages/airflow/example_dags/example_branch_datetime_operator.py
[2022-07-17 19:48:36,828] {processor.py:641} INFO - Processing file /home/airflow/.local/lib/python3.7/site-packages/airflow/example_dags/example_branch_datetime_operator.py for tasks to queue
[2022-07-17 19:48:36,828] {logging_mixin.py:115} INFO - [2022-07-17 19:48:36,828] {dagbag.py:508} INFO - Filling up the DagBag from /home/airflow/.local/lib/python3.7/site-packages/airflow/example_dags/example_branch_datetime_operator.py
[2022-07-17 19:48:36,840] {processor.py:651} INFO - DAG(s) dict_keys(['example_branch_datetime_operator', 'example_branch_datetime_operator_2']) retrieved from /home/airflow/.local/lib/python3.7/site-packages/airflow/example_dags/example_branch_datetime_operator.py
[2022-07-17 19:48:36,876] {logging_mixin.py:115} INFO - [2022-07-17 19:48:36,876] {dag.py:2420} INFO - Sync 2 DAGs
[2022-07-17 19:48:36,904] {logging_mixin.py:115} INFO - [2022-07-17 19:48:36,904] {dag.py:2972} INFO - Setting next_dagrun for example_branch_datetime_operator to 2022-07-16T00:00:00+00:00, run_after=2022-07-17T00:00:00+00:00
[2022-07-17 19:48:36,906] {logging_mixin.py:115} INFO - [2022-07-17 19:48:36,906] {dag.py:2972} INFO - Setting next_dagrun for example_branch_datetime_operator_2 to 2022-07-16T00:00:00+00:00, run_after=2022-07-17T00:00:00+00:00
[2022-07-17 19:48:36,918] {processor.py:161} INFO - Processing /home/airflow/.local/lib/python3.7/site-packages/airflow/example_dags/example_branch_datetime_operator.py took 0.095 seconds
[2022-07-17 19:49:07,334] {processor.py:153} INFO - Started process (PID=1520) to work on /home/airflow/.local/lib/python3.7/site-packages/airflow/example_dags/example_branch_datetime_operator.py
[2022-07-17 19:49:07,335] {processor.py:641} INFO - Processing file /home/airflow/.local/lib/python3.7/site-packages/airflow/example_dags/example_branch_datetime_operator.py for tasks to queue
[2022-07-17 19:49:07,336] {logging_mixin.py:115} INFO - [2022-07-17 19:49:07,335] {dagbag.py:508} INFO - Filling up the DagBag from /home/airflow/.local/lib/python3.7/site-packages/airflow/example_dags/example_branch_datetime_operator.py
[2022-07-17 19:49:07,346] {processor.py:651} INFO - DAG(s) dict_keys(['example_branch_datetime_operator', 'example_branch_datetime_operator_2']) retrieved from /home/airflow/.local/lib/python3.7/site-packages/airflow/example_dags/example_branch_datetime_operator.py
[2022-07-17 19:49:07,378] {logging_mixin.py:115} INFO - [2022-07-17 19:49:07,378] {dag.py:2420} INFO - Sync 2 DAGs
[2022-07-17 19:49:07,404] {logging_mixin.py:115} INFO - [2022-07-17 19:49:07,404] {dag.py:2972} INFO - Setting next_dagrun for example_branch_datetime_operator to 2022-07-16T00:00:00+00:00, run_after=2022-07-17T00:00:00+00:00
[2022-07-17 19:49:07,406] {logging_mixin.py:115} INFO - [2022-07-17 19:49:07,406] {dag.py:2972} INFO - Setting next_dagrun for example_branch_datetime_operator_2 to 2022-07-16T00:00:00+00:00, run_after=2022-07-17T00:00:00+00:00
[2022-07-17 19:49:07,420] {processor.py:161} INFO - Processing /home/airflow/.local/lib/python3.7/site-packages/airflow/example_dags/example_branch_datetime_operator.py took 0.089 seconds
[2022-07-17 19:49:37,788] {processor.py:153} INFO - Started process (PID=1584) to work on /home/airflow/.local/lib/python3.7/site-packages/airflow/example_dags/example_branch_datetime_operator.py
[2022-07-17 19:49:37,789] {processor.py:641} INFO - Processing file /home/airflow/.local/lib/python3.7/site-packages/airflow/example_dags/example_branch_datetime_operator.py for tasks to queue
[2022-07-17 19:49:37,789] {logging_mixin.py:115} INFO - [2022-07-17 19:49:37,789] {dagbag.py:508} INFO - Filling up the DagBag from /home/airflow/.local/lib/python3.7/site-packages/airflow/example_dags/example_branch_datetime_operator.py
[2022-07-17 19:49:37,800] {processor.py:651} INFO - DAG(s) dict_keys(['example_branch_datetime_operator', 'example_branch_datetime_operator_2']) retrieved from /home/airflow/.local/lib/python3.7/site-packages/airflow/example_dags/example_branch_datetime_operator.py
[2022-07-17 19:49:37,834] {logging_mixin.py:115} INFO - [2022-07-17 19:49:37,833] {dag.py:2420} INFO - Sync 2 DAGs
[2022-07-17 19:49:37,863] {logging_mixin.py:115} INFO - [2022-07-17 19:49:37,863] {dag.py:2972} INFO - Setting next_dagrun for example_branch_datetime_operator to 2022-07-16T00:00:00+00:00, run_after=2022-07-17T00:00:00+00:00
[2022-07-17 19:49:37,866] {logging_mixin.py:115} INFO - [2022-07-17 19:49:37,866] {dag.py:2972} INFO - Setting next_dagrun for example_branch_datetime_operator_2 to 2022-07-16T00:00:00+00:00, run_after=2022-07-17T00:00:00+00:00
[2022-07-17 19:49:37,880] {processor.py:161} INFO - Processing /home/airflow/.local/lib/python3.7/site-packages/airflow/example_dags/example_branch_datetime_operator.py took 0.095 seconds
[2022-07-17 19:50:08,098] {processor.py:153} INFO - Started process (PID=1639) to work on /home/airflow/.local/lib/python3.7/site-packages/airflow/example_dags/example_branch_datetime_operator.py
[2022-07-17 19:50:08,098] {processor.py:641} INFO - Processing file /home/airflow/.local/lib/python3.7/site-packages/airflow/example_dags/example_branch_datetime_operator.py for tasks to queue
[2022-07-17 19:50:08,099] {logging_mixin.py:115} INFO - [2022-07-17 19:50:08,099] {dagbag.py:508} INFO - Filling up the DagBag from /home/airflow/.local/lib/python3.7/site-packages/airflow/example_dags/example_branch_datetime_operator.py
[2022-07-17 19:50:08,109] {processor.py:651} INFO - DAG(s) dict_keys(['example_branch_datetime_operator', 'example_branch_datetime_operator_2']) retrieved from /home/airflow/.local/lib/python3.7/site-packages/airflow/example_dags/example_branch_datetime_operator.py
[2022-07-17 19:50:08,141] {logging_mixin.py:115} INFO - [2022-07-17 19:50:08,140] {dag.py:2420} INFO - Sync 2 DAGs
[2022-07-17 19:50:08,167] {logging_mixin.py:115} INFO - [2022-07-17 19:50:08,167] {dag.py:2972} INFO - Setting next_dagrun for example_branch_datetime_operator to 2022-07-16T00:00:00+00:00, run_after=2022-07-17T00:00:00+00:00
[2022-07-17 19:50:08,169] {logging_mixin.py:115} INFO - [2022-07-17 19:50:08,169] {dag.py:2972} INFO - Setting next_dagrun for example_branch_datetime_operator_2 to 2022-07-16T00:00:00+00:00, run_after=2022-07-17T00:00:00+00:00
[2022-07-17 19:50:08,182] {processor.py:161} INFO - Processing /home/airflow/.local/lib/python3.7/site-packages/airflow/example_dags/example_branch_datetime_operator.py took 0.088 seconds
[2022-07-17 19:50:38,381] {processor.py:153} INFO - Started process (PID=1704) to work on /home/airflow/.local/lib/python3.7/site-packages/airflow/example_dags/example_branch_datetime_operator.py
[2022-07-17 19:50:38,382] {processor.py:641} INFO - Processing file /home/airflow/.local/lib/python3.7/site-packages/airflow/example_dags/example_branch_datetime_operator.py for tasks to queue
[2022-07-17 19:50:38,383] {logging_mixin.py:115} INFO - [2022-07-17 19:50:38,382] {dagbag.py:508} INFO - Filling up the DagBag from /home/airflow/.local/lib/python3.7/site-packages/airflow/example_dags/example_branch_datetime_operator.py
[2022-07-17 19:50:38,395] {processor.py:651} INFO - DAG(s) dict_keys(['example_branch_datetime_operator', 'example_branch_datetime_operator_2']) retrieved from /home/airflow/.local/lib/python3.7/site-packages/airflow/example_dags/example_branch_datetime_operator.py
[2022-07-17 19:50:38,427] {logging_mixin.py:115} INFO - [2022-07-17 19:50:38,427] {dag.py:2420} INFO - Sync 2 DAGs
[2022-07-17 19:50:38,456] {logging_mixin.py:115} INFO - [2022-07-17 19:50:38,455] {dag.py:2972} INFO - Setting next_dagrun for example_branch_datetime_operator to 2022-07-16T00:00:00+00:00, run_after=2022-07-17T00:00:00+00:00
[2022-07-17 19:50:38,458] {logging_mixin.py:115} INFO - [2022-07-17 19:50:38,458] {dag.py:2972} INFO - Setting next_dagrun for example_branch_datetime_operator_2 to 2022-07-16T00:00:00+00:00, run_after=2022-07-17T00:00:00+00:00
[2022-07-17 19:50:38,472] {processor.py:161} INFO - Processing /home/airflow/.local/lib/python3.7/site-packages/airflow/example_dags/example_branch_datetime_operator.py took 0.094 seconds
[2022-07-17 19:51:08,677] {processor.py:153} INFO - Started process (PID=1761) to work on /home/airflow/.local/lib/python3.7/site-packages/airflow/example_dags/example_branch_datetime_operator.py
[2022-07-17 19:51:08,677] {processor.py:641} INFO - Processing file /home/airflow/.local/lib/python3.7/site-packages/airflow/example_dags/example_branch_datetime_operator.py for tasks to queue
[2022-07-17 19:51:08,678] {logging_mixin.py:115} INFO - [2022-07-17 19:51:08,678] {dagbag.py:508} INFO - Filling up the DagBag from /home/airflow/.local/lib/python3.7/site-packages/airflow/example_dags/example_branch_datetime_operator.py
[2022-07-17 19:51:08,689] {processor.py:651} INFO - DAG(s) dict_keys(['example_branch_datetime_operator', 'example_branch_datetime_operator_2']) retrieved from /home/airflow/.local/lib/python3.7/site-packages/airflow/example_dags/example_branch_datetime_operator.py
[2022-07-17 19:51:08,722] {logging_mixin.py:115} INFO - [2022-07-17 19:51:08,722] {dag.py:2420} INFO - Sync 2 DAGs
[2022-07-17 19:51:08,751] {logging_mixin.py:115} INFO - [2022-07-17 19:51:08,751] {dag.py:2972} INFO - Setting next_dagrun for example_branch_datetime_operator to 2022-07-16T00:00:00+00:00, run_after=2022-07-17T00:00:00+00:00
[2022-07-17 19:51:08,753] {logging_mixin.py:115} INFO - [2022-07-17 19:51:08,753] {dag.py:2972} INFO - Setting next_dagrun for example_branch_datetime_operator_2 to 2022-07-16T00:00:00+00:00, run_after=2022-07-17T00:00:00+00:00
[2022-07-17 19:51:08,766] {processor.py:161} INFO - Processing /home/airflow/.local/lib/python3.7/site-packages/airflow/example_dags/example_branch_datetime_operator.py took 0.093 seconds
[2022-07-17 19:51:38,878] {processor.py:153} INFO - Started process (PID=1825) to work on /home/airflow/.local/lib/python3.7/site-packages/airflow/example_dags/example_branch_datetime_operator.py
[2022-07-17 19:51:38,879] {processor.py:641} INFO - Processing file /home/airflow/.local/lib/python3.7/site-packages/airflow/example_dags/example_branch_datetime_operator.py for tasks to queue
[2022-07-17 19:51:38,880] {logging_mixin.py:115} INFO - [2022-07-17 19:51:38,880] {dagbag.py:508} INFO - Filling up the DagBag from /home/airflow/.local/lib/python3.7/site-packages/airflow/example_dags/example_branch_datetime_operator.py
[2022-07-17 19:51:38,897] {processor.py:651} INFO - DAG(s) dict_keys(['example_branch_datetime_operator', 'example_branch_datetime_operator_2']) retrieved from /home/airflow/.local/lib/python3.7/site-packages/airflow/example_dags/example_branch_datetime_operator.py
[2022-07-17 19:51:38,946] {logging_mixin.py:115} INFO - [2022-07-17 19:51:38,946] {dag.py:2420} INFO - Sync 2 DAGs
[2022-07-17 19:51:38,980] {logging_mixin.py:115} INFO - [2022-07-17 19:51:38,980] {dag.py:2972} INFO - Setting next_dagrun for example_branch_datetime_operator to 2022-07-16T00:00:00+00:00, run_after=2022-07-17T00:00:00+00:00
[2022-07-17 19:51:38,983] {logging_mixin.py:115} INFO - [2022-07-17 19:51:38,983] {dag.py:2972} INFO - Setting next_dagrun for example_branch_datetime_operator_2 to 2022-07-16T00:00:00+00:00, run_after=2022-07-17T00:00:00+00:00
[2022-07-17 19:51:38,997] {processor.py:161} INFO - Processing /home/airflow/.local/lib/python3.7/site-packages/airflow/example_dags/example_branch_datetime_operator.py took 0.123 seconds
[2022-07-17 19:52:09,450] {processor.py:153} INFO - Started process (PID=1880) to work on /home/airflow/.local/lib/python3.7/site-packages/airflow/example_dags/example_branch_datetime_operator.py
[2022-07-17 19:52:09,450] {processor.py:641} INFO - Processing file /home/airflow/.local/lib/python3.7/site-packages/airflow/example_dags/example_branch_datetime_operator.py for tasks to queue
[2022-07-17 19:52:09,451] {logging_mixin.py:115} INFO - [2022-07-17 19:52:09,451] {dagbag.py:508} INFO - Filling up the DagBag from /home/airflow/.local/lib/python3.7/site-packages/airflow/example_dags/example_branch_datetime_operator.py
[2022-07-17 19:52:09,463] {processor.py:651} INFO - DAG(s) dict_keys(['example_branch_datetime_operator', 'example_branch_datetime_operator_2']) retrieved from /home/airflow/.local/lib/python3.7/site-packages/airflow/example_dags/example_branch_datetime_operator.py
[2022-07-17 19:52:09,505] {logging_mixin.py:115} INFO - [2022-07-17 19:52:09,505] {dag.py:2420} INFO - Sync 2 DAGs
[2022-07-17 19:52:09,540] {logging_mixin.py:115} INFO - [2022-07-17 19:52:09,540] {dag.py:2972} INFO - Setting next_dagrun for example_branch_datetime_operator to 2022-07-16T00:00:00+00:00, run_after=2022-07-17T00:00:00+00:00
[2022-07-17 19:52:09,543] {logging_mixin.py:115} INFO - [2022-07-17 19:52:09,543] {dag.py:2972} INFO - Setting next_dagrun for example_branch_datetime_operator_2 to 2022-07-16T00:00:00+00:00, run_after=2022-07-17T00:00:00+00:00
[2022-07-17 19:52:09,557] {processor.py:161} INFO - Processing /home/airflow/.local/lib/python3.7/site-packages/airflow/example_dags/example_branch_datetime_operator.py took 0.111 seconds
[2022-07-17 19:52:39,634] {processor.py:153} INFO - Started process (PID=1944) to work on /home/airflow/.local/lib/python3.7/site-packages/airflow/example_dags/example_branch_datetime_operator.py
[2022-07-17 19:52:39,635] {processor.py:641} INFO - Processing file /home/airflow/.local/lib/python3.7/site-packages/airflow/example_dags/example_branch_datetime_operator.py for tasks to queue
[2022-07-17 19:52:39,636] {logging_mixin.py:115} INFO - [2022-07-17 19:52:39,635] {dagbag.py:508} INFO - Filling up the DagBag from /home/airflow/.local/lib/python3.7/site-packages/airflow/example_dags/example_branch_datetime_operator.py
[2022-07-17 19:52:39,648] {processor.py:651} INFO - DAG(s) dict_keys(['example_branch_datetime_operator', 'example_branch_datetime_operator_2']) retrieved from /home/airflow/.local/lib/python3.7/site-packages/airflow/example_dags/example_branch_datetime_operator.py
[2022-07-17 19:52:39,685] {logging_mixin.py:115} INFO - [2022-07-17 19:52:39,685] {dag.py:2420} INFO - Sync 2 DAGs
[2022-07-17 19:52:39,720] {logging_mixin.py:115} INFO - [2022-07-17 19:52:39,720] {dag.py:2972} INFO - Setting next_dagrun for example_branch_datetime_operator to 2022-07-16T00:00:00+00:00, run_after=2022-07-17T00:00:00+00:00
[2022-07-17 19:52:39,723] {logging_mixin.py:115} INFO - [2022-07-17 19:52:39,723] {dag.py:2972} INFO - Setting next_dagrun for example_branch_datetime_operator_2 to 2022-07-16T00:00:00+00:00, run_after=2022-07-17T00:00:00+00:00
[2022-07-17 19:52:39,739] {processor.py:161} INFO - Processing /home/airflow/.local/lib/python3.7/site-packages/airflow/example_dags/example_branch_datetime_operator.py took 0.109 seconds
[2022-07-17 19:53:09,834] {processor.py:153} INFO - Started process (PID=1998) to work on /home/airflow/.local/lib/python3.7/site-packages/airflow/example_dags/example_branch_datetime_operator.py
[2022-07-17 19:53:09,834] {processor.py:641} INFO - Processing file /home/airflow/.local/lib/python3.7/site-packages/airflow/example_dags/example_branch_datetime_operator.py for tasks to queue
[2022-07-17 19:53:09,835] {logging_mixin.py:115} INFO - [2022-07-17 19:53:09,834] {dagbag.py:508} INFO - Filling up the DagBag from /home/airflow/.local/lib/python3.7/site-packages/airflow/example_dags/example_branch_datetime_operator.py
[2022-07-17 19:53:09,845] {processor.py:651} INFO - DAG(s) dict_keys(['example_branch_datetime_operator', 'example_branch_datetime_operator_2']) retrieved from /home/airflow/.local/lib/python3.7/site-packages/airflow/example_dags/example_branch_datetime_operator.py
[2022-07-17 19:53:09,878] {logging_mixin.py:115} INFO - [2022-07-17 19:53:09,878] {dag.py:2420} INFO - Sync 2 DAGs
[2022-07-17 19:53:09,911] {logging_mixin.py:115} INFO - [2022-07-17 19:53:09,910] {dag.py:2972} INFO - Setting next_dagrun for example_branch_datetime_operator to 2022-07-16T00:00:00+00:00, run_after=2022-07-17T00:00:00+00:00
[2022-07-17 19:53:09,913] {logging_mixin.py:115} INFO - [2022-07-17 19:53:09,913] {dag.py:2972} INFO - Setting next_dagrun for example_branch_datetime_operator_2 to 2022-07-16T00:00:00+00:00, run_after=2022-07-17T00:00:00+00:00
[2022-07-17 19:53:09,927] {processor.py:161} INFO - Processing /home/airflow/.local/lib/python3.7/site-packages/airflow/example_dags/example_branch_datetime_operator.py took 0.096 seconds
[2022-07-17 19:53:40,232] {processor.py:153} INFO - Started process (PID=2061) to work on /home/airflow/.local/lib/python3.7/site-packages/airflow/example_dags/example_branch_datetime_operator.py
[2022-07-17 19:53:40,232] {processor.py:641} INFO - Processing file /home/airflow/.local/lib/python3.7/site-packages/airflow/example_dags/example_branch_datetime_operator.py for tasks to queue
[2022-07-17 19:53:40,233] {logging_mixin.py:115} INFO - [2022-07-17 19:53:40,233] {dagbag.py:508} INFO - Filling up the DagBag from /home/airflow/.local/lib/python3.7/site-packages/airflow/example_dags/example_branch_datetime_operator.py
[2022-07-17 19:53:40,245] {processor.py:651} INFO - DAG(s) dict_keys(['example_branch_datetime_operator', 'example_branch_datetime_operator_2']) retrieved from /home/airflow/.local/lib/python3.7/site-packages/airflow/example_dags/example_branch_datetime_operator.py
[2022-07-17 19:53:40,275] {logging_mixin.py:115} INFO - [2022-07-17 19:53:40,275] {dag.py:2420} INFO - Sync 2 DAGs
[2022-07-17 19:53:40,306] {logging_mixin.py:115} INFO - [2022-07-17 19:53:40,306] {dag.py:2972} INFO - Setting next_dagrun for example_branch_datetime_operator to 2022-07-16T00:00:00+00:00, run_after=2022-07-17T00:00:00+00:00
[2022-07-17 19:53:40,309] {logging_mixin.py:115} INFO - [2022-07-17 19:53:40,309] {dag.py:2972} INFO - Setting next_dagrun for example_branch_datetime_operator_2 to 2022-07-16T00:00:00+00:00, run_after=2022-07-17T00:00:00+00:00
[2022-07-17 19:53:40,322] {processor.py:161} INFO - Processing /home/airflow/.local/lib/python3.7/site-packages/airflow/example_dags/example_branch_datetime_operator.py took 0.094 seconds
[2022-07-17 19:54:10,504] {processor.py:153} INFO - Started process (PID=2126) to work on /home/airflow/.local/lib/python3.7/site-packages/airflow/example_dags/example_branch_datetime_operator.py
[2022-07-17 19:54:10,505] {processor.py:641} INFO - Processing file /home/airflow/.local/lib/python3.7/site-packages/airflow/example_dags/example_branch_datetime_operator.py for tasks to queue
[2022-07-17 19:54:10,506] {logging_mixin.py:115} INFO - [2022-07-17 19:54:10,506] {dagbag.py:508} INFO - Filling up the DagBag from /home/airflow/.local/lib/python3.7/site-packages/airflow/example_dags/example_branch_datetime_operator.py
[2022-07-17 19:54:10,524] {processor.py:651} INFO - DAG(s) dict_keys(['example_branch_datetime_operator', 'example_branch_datetime_operator_2']) retrieved from /home/airflow/.local/lib/python3.7/site-packages/airflow/example_dags/example_branch_datetime_operator.py
[2022-07-17 19:54:10,563] {logging_mixin.py:115} INFO - [2022-07-17 19:54:10,563] {dag.py:2420} INFO - Sync 2 DAGs
[2022-07-17 19:54:10,605] {logging_mixin.py:115} INFO - [2022-07-17 19:54:10,604] {dag.py:2972} INFO - Setting next_dagrun for example_branch_datetime_operator to 2022-07-16T00:00:00+00:00, run_after=2022-07-17T00:00:00+00:00
[2022-07-17 19:54:10,607] {logging_mixin.py:115} INFO - [2022-07-17 19:54:10,607] {dag.py:2972} INFO - Setting next_dagrun for example_branch_datetime_operator_2 to 2022-07-16T00:00:00+00:00, run_after=2022-07-17T00:00:00+00:00
[2022-07-17 19:54:10,624] {processor.py:161} INFO - Processing /home/airflow/.local/lib/python3.7/site-packages/airflow/example_dags/example_branch_datetime_operator.py took 0.125 seconds
[2022-07-17 19:54:40,699] {processor.py:153} INFO - Started process (PID=2181) to work on /home/airflow/.local/lib/python3.7/site-packages/airflow/example_dags/example_branch_datetime_operator.py
[2022-07-17 19:54:40,699] {processor.py:641} INFO - Processing file /home/airflow/.local/lib/python3.7/site-packages/airflow/example_dags/example_branch_datetime_operator.py for tasks to queue
[2022-07-17 19:54:40,700] {logging_mixin.py:115} INFO - [2022-07-17 19:54:40,700] {dagbag.py:508} INFO - Filling up the DagBag from /home/airflow/.local/lib/python3.7/site-packages/airflow/example_dags/example_branch_datetime_operator.py
[2022-07-17 19:54:40,711] {processor.py:651} INFO - DAG(s) dict_keys(['example_branch_datetime_operator', 'example_branch_datetime_operator_2']) retrieved from /home/airflow/.local/lib/python3.7/site-packages/airflow/example_dags/example_branch_datetime_operator.py
[2022-07-17 19:54:40,743] {logging_mixin.py:115} INFO - [2022-07-17 19:54:40,743] {dag.py:2420} INFO - Sync 2 DAGs
[2022-07-17 19:54:40,771] {logging_mixin.py:115} INFO - [2022-07-17 19:54:40,771] {dag.py:2972} INFO - Setting next_dagrun for example_branch_datetime_operator to 2022-07-16T00:00:00+00:00, run_after=2022-07-17T00:00:00+00:00
[2022-07-17 19:54:40,773] {logging_mixin.py:115} INFO - [2022-07-17 19:54:40,773] {dag.py:2972} INFO - Setting next_dagrun for example_branch_datetime_operator_2 to 2022-07-16T00:00:00+00:00, run_after=2022-07-17T00:00:00+00:00
[2022-07-17 19:54:40,786] {processor.py:161} INFO - Processing /home/airflow/.local/lib/python3.7/site-packages/airflow/example_dags/example_branch_datetime_operator.py took 0.090 seconds
[2022-07-17 19:55:10,882] {processor.py:153} INFO - Started process (PID=2245) to work on /home/airflow/.local/lib/python3.7/site-packages/airflow/example_dags/example_branch_datetime_operator.py
[2022-07-17 19:55:10,883] {processor.py:641} INFO - Processing file /home/airflow/.local/lib/python3.7/site-packages/airflow/example_dags/example_branch_datetime_operator.py for tasks to queue
[2022-07-17 19:55:10,883] {logging_mixin.py:115} INFO - [2022-07-17 19:55:10,883] {dagbag.py:508} INFO - Filling up the DagBag from /home/airflow/.local/lib/python3.7/site-packages/airflow/example_dags/example_branch_datetime_operator.py
[2022-07-17 19:55:10,894] {processor.py:651} INFO - DAG(s) dict_keys(['example_branch_datetime_operator', 'example_branch_datetime_operator_2']) retrieved from /home/airflow/.local/lib/python3.7/site-packages/airflow/example_dags/example_branch_datetime_operator.py
[2022-07-17 19:55:10,925] {logging_mixin.py:115} INFO - [2022-07-17 19:55:10,925] {dag.py:2420} INFO - Sync 2 DAGs
[2022-07-17 19:55:10,953] {logging_mixin.py:115} INFO - [2022-07-17 19:55:10,953] {dag.py:2972} INFO - Setting next_dagrun for example_branch_datetime_operator to 2022-07-16T00:00:00+00:00, run_after=2022-07-17T00:00:00+00:00
[2022-07-17 19:55:10,956] {logging_mixin.py:115} INFO - [2022-07-17 19:55:10,956] {dag.py:2972} INFO - Setting next_dagrun for example_branch_datetime_operator_2 to 2022-07-16T00:00:00+00:00, run_after=2022-07-17T00:00:00+00:00
[2022-07-17 19:55:10,968] {processor.py:161} INFO - Processing /home/airflow/.local/lib/python3.7/site-packages/airflow/example_dags/example_branch_datetime_operator.py took 0.089 seconds
[2022-07-17 19:55:41,409] {processor.py:153} INFO - Started process (PID=2302) to work on /home/airflow/.local/lib/python3.7/site-packages/airflow/example_dags/example_branch_datetime_operator.py
[2022-07-17 19:55:41,409] {processor.py:641} INFO - Processing file /home/airflow/.local/lib/python3.7/site-packages/airflow/example_dags/example_branch_datetime_operator.py for tasks to queue
[2022-07-17 19:55:41,410] {logging_mixin.py:115} INFO - [2022-07-17 19:55:41,410] {dagbag.py:508} INFO - Filling up the DagBag from /home/airflow/.local/lib/python3.7/site-packages/airflow/example_dags/example_branch_datetime_operator.py
[2022-07-17 19:55:41,423] {processor.py:651} INFO - DAG(s) dict_keys(['example_branch_datetime_operator', 'example_branch_datetime_operator_2']) retrieved from /home/airflow/.local/lib/python3.7/site-packages/airflow/example_dags/example_branch_datetime_operator.py
[2022-07-17 19:55:41,459] {logging_mixin.py:115} INFO - [2022-07-17 19:55:41,458] {dag.py:2420} INFO - Sync 2 DAGs
[2022-07-17 19:55:41,493] {logging_mixin.py:115} INFO - [2022-07-17 19:55:41,493] {dag.py:2972} INFO - Setting next_dagrun for example_branch_datetime_operator to 2022-07-16T00:00:00+00:00, run_after=2022-07-17T00:00:00+00:00
[2022-07-17 19:55:41,496] {logging_mixin.py:115} INFO - [2022-07-17 19:55:41,496] {dag.py:2972} INFO - Setting next_dagrun for example_branch_datetime_operator_2 to 2022-07-16T00:00:00+00:00, run_after=2022-07-17T00:00:00+00:00
[2022-07-17 19:55:41,508] {processor.py:161} INFO - Processing /home/airflow/.local/lib/python3.7/site-packages/airflow/example_dags/example_branch_datetime_operator.py took 0.104 seconds
[2022-07-17 19:56:12,076] {processor.py:153} INFO - Started process (PID=2368) to work on /home/airflow/.local/lib/python3.7/site-packages/airflow/example_dags/example_branch_datetime_operator.py
[2022-07-17 19:56:12,077] {processor.py:641} INFO - Processing file /home/airflow/.local/lib/python3.7/site-packages/airflow/example_dags/example_branch_datetime_operator.py for tasks to queue
[2022-07-17 19:56:12,077] {logging_mixin.py:115} INFO - [2022-07-17 19:56:12,077] {dagbag.py:508} INFO - Filling up the DagBag from /home/airflow/.local/lib/python3.7/site-packages/airflow/example_dags/example_branch_datetime_operator.py
[2022-07-17 19:56:12,089] {processor.py:651} INFO - DAG(s) dict_keys(['example_branch_datetime_operator', 'example_branch_datetime_operator_2']) retrieved from /home/airflow/.local/lib/python3.7/site-packages/airflow/example_dags/example_branch_datetime_operator.py
[2022-07-17 19:56:12,124] {logging_mixin.py:115} INFO - [2022-07-17 19:56:12,124] {dag.py:2420} INFO - Sync 2 DAGs
[2022-07-17 19:56:12,158] {logging_mixin.py:115} INFO - [2022-07-17 19:56:12,158] {dag.py:2972} INFO - Setting next_dagrun for example_branch_datetime_operator to 2022-07-16T00:00:00+00:00, run_after=2022-07-17T00:00:00+00:00
[2022-07-17 19:56:12,161] {logging_mixin.py:115} INFO - [2022-07-17 19:56:12,161] {dag.py:2972} INFO - Setting next_dagrun for example_branch_datetime_operator_2 to 2022-07-16T00:00:00+00:00, run_after=2022-07-17T00:00:00+00:00
[2022-07-17 19:56:12,177] {processor.py:161} INFO - Processing /home/airflow/.local/lib/python3.7/site-packages/airflow/example_dags/example_branch_datetime_operator.py took 0.105 seconds
[2022-07-17 19:56:42,262] {processor.py:153} INFO - Started process (PID=2429) to work on /home/airflow/.local/lib/python3.7/site-packages/airflow/example_dags/example_branch_datetime_operator.py
[2022-07-17 19:56:42,262] {processor.py:641} INFO - Processing file /home/airflow/.local/lib/python3.7/site-packages/airflow/example_dags/example_branch_datetime_operator.py for tasks to queue
[2022-07-17 19:56:42,263] {logging_mixin.py:115} INFO - [2022-07-17 19:56:42,263] {dagbag.py:508} INFO - Filling up the DagBag from /home/airflow/.local/lib/python3.7/site-packages/airflow/example_dags/example_branch_datetime_operator.py
[2022-07-17 19:56:42,277] {processor.py:651} INFO - DAG(s) dict_keys(['example_branch_datetime_operator', 'example_branch_datetime_operator_2']) retrieved from /home/airflow/.local/lib/python3.7/site-packages/airflow/example_dags/example_branch_datetime_operator.py
[2022-07-17 19:56:42,311] {logging_mixin.py:115} INFO - [2022-07-17 19:56:42,311] {dag.py:2420} INFO - Sync 2 DAGs
[2022-07-17 19:56:42,341] {logging_mixin.py:115} INFO - [2022-07-17 19:56:42,340] {dag.py:2972} INFO - Setting next_dagrun for example_branch_datetime_operator to 2022-07-16T00:00:00+00:00, run_after=2022-07-17T00:00:00+00:00
[2022-07-17 19:56:42,343] {logging_mixin.py:115} INFO - [2022-07-17 19:56:42,343] {dag.py:2972} INFO - Setting next_dagrun for example_branch_datetime_operator_2 to 2022-07-16T00:00:00+00:00, run_after=2022-07-17T00:00:00+00:00
[2022-07-17 19:56:42,361] {processor.py:161} INFO - Processing /home/airflow/.local/lib/python3.7/site-packages/airflow/example_dags/example_branch_datetime_operator.py took 0.102 seconds
[2022-07-17 19:57:12,414] {processor.py:153} INFO - Started process (PID=2487) to work on /home/airflow/.local/lib/python3.7/site-packages/airflow/example_dags/example_branch_datetime_operator.py
[2022-07-17 19:57:12,414] {processor.py:641} INFO - Processing file /home/airflow/.local/lib/python3.7/site-packages/airflow/example_dags/example_branch_datetime_operator.py for tasks to queue
[2022-07-17 19:57:12,415] {logging_mixin.py:115} INFO - [2022-07-17 19:57:12,415] {dagbag.py:508} INFO - Filling up the DagBag from /home/airflow/.local/lib/python3.7/site-packages/airflow/example_dags/example_branch_datetime_operator.py
[2022-07-17 19:57:12,425] {processor.py:651} INFO - DAG(s) dict_keys(['example_branch_datetime_operator', 'example_branch_datetime_operator_2']) retrieved from /home/airflow/.local/lib/python3.7/site-packages/airflow/example_dags/example_branch_datetime_operator.py
[2022-07-17 19:57:12,456] {logging_mixin.py:115} INFO - [2022-07-17 19:57:12,456] {dag.py:2420} INFO - Sync 2 DAGs
[2022-07-17 19:57:12,490] {logging_mixin.py:115} INFO - [2022-07-17 19:57:12,490] {dag.py:2972} INFO - Setting next_dagrun for example_branch_datetime_operator to 2022-07-16T00:00:00+00:00, run_after=2022-07-17T00:00:00+00:00
[2022-07-17 19:57:12,494] {logging_mixin.py:115} INFO - [2022-07-17 19:57:12,494] {dag.py:2972} INFO - Setting next_dagrun for example_branch_datetime_operator_2 to 2022-07-16T00:00:00+00:00, run_after=2022-07-17T00:00:00+00:00
[2022-07-17 19:57:12,507] {processor.py:161} INFO - Processing /home/airflow/.local/lib/python3.7/site-packages/airflow/example_dags/example_branch_datetime_operator.py took 0.096 seconds
[2022-07-17 19:57:42,859] {processor.py:153} INFO - Started process (PID=2551) to work on /home/airflow/.local/lib/python3.7/site-packages/airflow/example_dags/example_branch_datetime_operator.py
[2022-07-17 19:57:42,859] {processor.py:641} INFO - Processing file /home/airflow/.local/lib/python3.7/site-packages/airflow/example_dags/example_branch_datetime_operator.py for tasks to queue
[2022-07-17 19:57:42,860] {logging_mixin.py:115} INFO - [2022-07-17 19:57:42,860] {dagbag.py:508} INFO - Filling up the DagBag from /home/airflow/.local/lib/python3.7/site-packages/airflow/example_dags/example_branch_datetime_operator.py
[2022-07-17 19:57:42,873] {processor.py:651} INFO - DAG(s) dict_keys(['example_branch_datetime_operator', 'example_branch_datetime_operator_2']) retrieved from /home/airflow/.local/lib/python3.7/site-packages/airflow/example_dags/example_branch_datetime_operator.py
[2022-07-17 19:57:42,910] {logging_mixin.py:115} INFO - [2022-07-17 19:57:42,910] {dag.py:2420} INFO - Sync 2 DAGs
[2022-07-17 19:57:42,941] {logging_mixin.py:115} INFO - [2022-07-17 19:57:42,941] {dag.py:2972} INFO - Setting next_dagrun for example_branch_datetime_operator to 2022-07-16T00:00:00+00:00, run_after=2022-07-17T00:00:00+00:00
[2022-07-17 19:57:42,943] {logging_mixin.py:115} INFO - [2022-07-17 19:57:42,943] {dag.py:2972} INFO - Setting next_dagrun for example_branch_datetime_operator_2 to 2022-07-16T00:00:00+00:00, run_after=2022-07-17T00:00:00+00:00
[2022-07-17 19:57:42,956] {processor.py:161} INFO - Processing /home/airflow/.local/lib/python3.7/site-packages/airflow/example_dags/example_branch_datetime_operator.py took 0.101 seconds
[2022-07-17 19:58:13,034] {processor.py:153} INFO - Started process (PID=2606) to work on /home/airflow/.local/lib/python3.7/site-packages/airflow/example_dags/example_branch_datetime_operator.py
[2022-07-17 19:58:13,034] {processor.py:641} INFO - Processing file /home/airflow/.local/lib/python3.7/site-packages/airflow/example_dags/example_branch_datetime_operator.py for tasks to queue
[2022-07-17 19:58:13,035] {logging_mixin.py:115} INFO - [2022-07-17 19:58:13,035] {dagbag.py:508} INFO - Filling up the DagBag from /home/airflow/.local/lib/python3.7/site-packages/airflow/example_dags/example_branch_datetime_operator.py
[2022-07-17 19:58:13,049] {processor.py:651} INFO - DAG(s) dict_keys(['example_branch_datetime_operator', 'example_branch_datetime_operator_2']) retrieved from /home/airflow/.local/lib/python3.7/site-packages/airflow/example_dags/example_branch_datetime_operator.py
[2022-07-17 19:58:13,082] {logging_mixin.py:115} INFO - [2022-07-17 19:58:13,082] {dag.py:2420} INFO - Sync 2 DAGs
[2022-07-17 19:58:13,114] {logging_mixin.py:115} INFO - [2022-07-17 19:58:13,114] {dag.py:2972} INFO - Setting next_dagrun for example_branch_datetime_operator to 2022-07-16T00:00:00+00:00, run_after=2022-07-17T00:00:00+00:00
[2022-07-17 19:58:13,118] {logging_mixin.py:115} INFO - [2022-07-17 19:58:13,118] {dag.py:2972} INFO - Setting next_dagrun for example_branch_datetime_operator_2 to 2022-07-16T00:00:00+00:00, run_after=2022-07-17T00:00:00+00:00
[2022-07-17 19:58:13,134] {processor.py:161} INFO - Processing /home/airflow/.local/lib/python3.7/site-packages/airflow/example_dags/example_branch_datetime_operator.py took 0.104 seconds
[2022-07-17 19:58:44,074] {processor.py:153} INFO - Started process (PID=2670) to work on /home/airflow/.local/lib/python3.7/site-packages/airflow/example_dags/example_branch_datetime_operator.py
[2022-07-17 19:58:44,074] {processor.py:641} INFO - Processing file /home/airflow/.local/lib/python3.7/site-packages/airflow/example_dags/example_branch_datetime_operator.py for tasks to queue
[2022-07-17 19:58:44,075] {logging_mixin.py:115} INFO - [2022-07-17 19:58:44,075] {dagbag.py:508} INFO - Filling up the DagBag from /home/airflow/.local/lib/python3.7/site-packages/airflow/example_dags/example_branch_datetime_operator.py
[2022-07-17 19:58:44,085] {processor.py:651} INFO - DAG(s) dict_keys(['example_branch_datetime_operator', 'example_branch_datetime_operator_2']) retrieved from /home/airflow/.local/lib/python3.7/site-packages/airflow/example_dags/example_branch_datetime_operator.py
[2022-07-17 19:58:44,115] {logging_mixin.py:115} INFO - [2022-07-17 19:58:44,115] {dag.py:2420} INFO - Sync 2 DAGs
[2022-07-17 19:58:44,148] {logging_mixin.py:115} INFO - [2022-07-17 19:58:44,148] {dag.py:2972} INFO - Setting next_dagrun for example_branch_datetime_operator to 2022-07-16T00:00:00+00:00, run_after=2022-07-17T00:00:00+00:00
[2022-07-17 19:58:44,151] {logging_mixin.py:115} INFO - [2022-07-17 19:58:44,151] {dag.py:2972} INFO - Setting next_dagrun for example_branch_datetime_operator_2 to 2022-07-16T00:00:00+00:00, run_after=2022-07-17T00:00:00+00:00
[2022-07-17 19:58:44,169] {processor.py:161} INFO - Processing /home/airflow/.local/lib/python3.7/site-packages/airflow/example_dags/example_branch_datetime_operator.py took 0.098 seconds
[2022-07-17 19:59:14,553] {processor.py:153} INFO - Started process (PID=2725) to work on /home/airflow/.local/lib/python3.7/site-packages/airflow/example_dags/example_branch_datetime_operator.py
[2022-07-17 19:59:14,554] {processor.py:641} INFO - Processing file /home/airflow/.local/lib/python3.7/site-packages/airflow/example_dags/example_branch_datetime_operator.py for tasks to queue
[2022-07-17 19:59:14,555] {logging_mixin.py:115} INFO - [2022-07-17 19:59:14,555] {dagbag.py:508} INFO - Filling up the DagBag from /home/airflow/.local/lib/python3.7/site-packages/airflow/example_dags/example_branch_datetime_operator.py
[2022-07-17 19:59:14,567] {processor.py:651} INFO - DAG(s) dict_keys(['example_branch_datetime_operator', 'example_branch_datetime_operator_2']) retrieved from /home/airflow/.local/lib/python3.7/site-packages/airflow/example_dags/example_branch_datetime_operator.py
[2022-07-17 19:59:14,603] {logging_mixin.py:115} INFO - [2022-07-17 19:59:14,603] {dag.py:2420} INFO - Sync 2 DAGs
[2022-07-17 19:59:14,634] {logging_mixin.py:115} INFO - [2022-07-17 19:59:14,634] {dag.py:2972} INFO - Setting next_dagrun for example_branch_datetime_operator to 2022-07-16T00:00:00+00:00, run_after=2022-07-17T00:00:00+00:00
[2022-07-17 19:59:14,636] {logging_mixin.py:115} INFO - [2022-07-17 19:59:14,636] {dag.py:2972} INFO - Setting next_dagrun for example_branch_datetime_operator_2 to 2022-07-16T00:00:00+00:00, run_after=2022-07-17T00:00:00+00:00
[2022-07-17 19:59:14,659] {processor.py:161} INFO - Processing /home/airflow/.local/lib/python3.7/site-packages/airflow/example_dags/example_branch_datetime_operator.py took 0.109 seconds
[2022-07-17 19:59:44,692] {processor.py:153} INFO - Started process (PID=2790) to work on /home/airflow/.local/lib/python3.7/site-packages/airflow/example_dags/example_branch_datetime_operator.py
[2022-07-17 19:59:44,693] {processor.py:641} INFO - Processing file /home/airflow/.local/lib/python3.7/site-packages/airflow/example_dags/example_branch_datetime_operator.py for tasks to queue
[2022-07-17 19:59:44,693] {logging_mixin.py:115} INFO - [2022-07-17 19:59:44,693] {dagbag.py:508} INFO - Filling up the DagBag from /home/airflow/.local/lib/python3.7/site-packages/airflow/example_dags/example_branch_datetime_operator.py
[2022-07-17 19:59:44,706] {processor.py:651} INFO - DAG(s) dict_keys(['example_branch_datetime_operator', 'example_branch_datetime_operator_2']) retrieved from /home/airflow/.local/lib/python3.7/site-packages/airflow/example_dags/example_branch_datetime_operator.py
[2022-07-17 19:59:44,742] {logging_mixin.py:115} INFO - [2022-07-17 19:59:44,742] {dag.py:2420} INFO - Sync 2 DAGs
[2022-07-17 19:59:44,772] {logging_mixin.py:115} INFO - [2022-07-17 19:59:44,771] {dag.py:2972} INFO - Setting next_dagrun for example_branch_datetime_operator to 2022-07-16T00:00:00+00:00, run_after=2022-07-17T00:00:00+00:00
[2022-07-17 19:59:44,774] {logging_mixin.py:115} INFO - [2022-07-17 19:59:44,774] {dag.py:2972} INFO - Setting next_dagrun for example_branch_datetime_operator_2 to 2022-07-16T00:00:00+00:00, run_after=2022-07-17T00:00:00+00:00
[2022-07-17 19:59:44,787] {processor.py:161} INFO - Processing /home/airflow/.local/lib/python3.7/site-packages/airflow/example_dags/example_branch_datetime_operator.py took 0.099 seconds
[2022-07-17 20:00:15,088] {processor.py:153} INFO - Started process (PID=2855) to work on /home/airflow/.local/lib/python3.7/site-packages/airflow/example_dags/example_branch_datetime_operator.py
[2022-07-17 20:00:15,089] {processor.py:641} INFO - Processing file /home/airflow/.local/lib/python3.7/site-packages/airflow/example_dags/example_branch_datetime_operator.py for tasks to queue
[2022-07-17 20:00:15,089] {logging_mixin.py:115} INFO - [2022-07-17 20:00:15,089] {dagbag.py:508} INFO - Filling up the DagBag from /home/airflow/.local/lib/python3.7/site-packages/airflow/example_dags/example_branch_datetime_operator.py
[2022-07-17 20:00:15,099] {processor.py:651} INFO - DAG(s) dict_keys(['example_branch_datetime_operator', 'example_branch_datetime_operator_2']) retrieved from /home/airflow/.local/lib/python3.7/site-packages/airflow/example_dags/example_branch_datetime_operator.py
[2022-07-17 20:00:15,128] {logging_mixin.py:115} INFO - [2022-07-17 20:00:15,128] {dag.py:2420} INFO - Sync 2 DAGs
[2022-07-17 20:00:15,153] {logging_mixin.py:115} INFO - [2022-07-17 20:00:15,153] {dag.py:2972} INFO - Setting next_dagrun for example_branch_datetime_operator to 2022-07-16T00:00:00+00:00, run_after=2022-07-17T00:00:00+00:00
[2022-07-17 20:00:15,155] {logging_mixin.py:115} INFO - [2022-07-17 20:00:15,155] {dag.py:2972} INFO - Setting next_dagrun for example_branch_datetime_operator_2 to 2022-07-16T00:00:00+00:00, run_after=2022-07-17T00:00:00+00:00
[2022-07-17 20:00:15,168] {processor.py:161} INFO - Processing /home/airflow/.local/lib/python3.7/site-packages/airflow/example_dags/example_branch_datetime_operator.py took 0.083 seconds
[2022-07-17 20:00:45,513] {processor.py:153} INFO - Started process (PID=2911) to work on /home/airflow/.local/lib/python3.7/site-packages/airflow/example_dags/example_branch_datetime_operator.py
[2022-07-17 20:00:45,514] {processor.py:641} INFO - Processing file /home/airflow/.local/lib/python3.7/site-packages/airflow/example_dags/example_branch_datetime_operator.py for tasks to queue
[2022-07-17 20:00:45,514] {logging_mixin.py:115} INFO - [2022-07-17 20:00:45,514] {dagbag.py:508} INFO - Filling up the DagBag from /home/airflow/.local/lib/python3.7/site-packages/airflow/example_dags/example_branch_datetime_operator.py
[2022-07-17 20:00:45,526] {processor.py:651} INFO - DAG(s) dict_keys(['example_branch_datetime_operator', 'example_branch_datetime_operator_2']) retrieved from /home/airflow/.local/lib/python3.7/site-packages/airflow/example_dags/example_branch_datetime_operator.py
[2022-07-17 20:00:45,562] {logging_mixin.py:115} INFO - [2022-07-17 20:00:45,562] {dag.py:2420} INFO - Sync 2 DAGs
[2022-07-17 20:00:45,594] {logging_mixin.py:115} INFO - [2022-07-17 20:00:45,594] {dag.py:2972} INFO - Setting next_dagrun for example_branch_datetime_operator to 2022-07-16T00:00:00+00:00, run_after=2022-07-17T00:00:00+00:00
[2022-07-17 20:00:45,597] {logging_mixin.py:115} INFO - [2022-07-17 20:00:45,597] {dag.py:2972} INFO - Setting next_dagrun for example_branch_datetime_operator_2 to 2022-07-16T00:00:00+00:00, run_after=2022-07-17T00:00:00+00:00
[2022-07-17 20:00:45,613] {processor.py:161} INFO - Processing /home/airflow/.local/lib/python3.7/site-packages/airflow/example_dags/example_branch_datetime_operator.py took 0.103 seconds
[2022-07-17 20:01:15,853] {processor.py:153} INFO - Started process (PID=2975) to work on /home/airflow/.local/lib/python3.7/site-packages/airflow/example_dags/example_branch_datetime_operator.py
[2022-07-17 20:01:15,854] {processor.py:641} INFO - Processing file /home/airflow/.local/lib/python3.7/site-packages/airflow/example_dags/example_branch_datetime_operator.py for tasks to queue
[2022-07-17 20:01:15,855] {logging_mixin.py:115} INFO - [2022-07-17 20:01:15,855] {dagbag.py:508} INFO - Filling up the DagBag from /home/airflow/.local/lib/python3.7/site-packages/airflow/example_dags/example_branch_datetime_operator.py
[2022-07-17 20:01:15,867] {processor.py:651} INFO - DAG(s) dict_keys(['example_branch_datetime_operator', 'example_branch_datetime_operator_2']) retrieved from /home/airflow/.local/lib/python3.7/site-packages/airflow/example_dags/example_branch_datetime_operator.py
[2022-07-17 20:01:15,899] {logging_mixin.py:115} INFO - [2022-07-17 20:01:15,898] {dag.py:2420} INFO - Sync 2 DAGs
[2022-07-17 20:01:15,926] {logging_mixin.py:115} INFO - [2022-07-17 20:01:15,926] {dag.py:2972} INFO - Setting next_dagrun for example_branch_datetime_operator to 2022-07-16T00:00:00+00:00, run_after=2022-07-17T00:00:00+00:00
[2022-07-17 20:01:15,929] {logging_mixin.py:115} INFO - [2022-07-17 20:01:15,928] {dag.py:2972} INFO - Setting next_dagrun for example_branch_datetime_operator_2 to 2022-07-16T00:00:00+00:00, run_after=2022-07-17T00:00:00+00:00
[2022-07-17 20:01:15,943] {processor.py:161} INFO - Processing /home/airflow/.local/lib/python3.7/site-packages/airflow/example_dags/example_branch_datetime_operator.py took 0.095 seconds
[2022-07-17 20:01:46,281] {processor.py:153} INFO - Started process (PID=3030) to work on /home/airflow/.local/lib/python3.7/site-packages/airflow/example_dags/example_branch_datetime_operator.py
[2022-07-17 20:01:46,282] {processor.py:641} INFO - Processing file /home/airflow/.local/lib/python3.7/site-packages/airflow/example_dags/example_branch_datetime_operator.py for tasks to queue
[2022-07-17 20:01:46,282] {logging_mixin.py:115} INFO - [2022-07-17 20:01:46,282] {dagbag.py:508} INFO - Filling up the DagBag from /home/airflow/.local/lib/python3.7/site-packages/airflow/example_dags/example_branch_datetime_operator.py
[2022-07-17 20:01:46,292] {processor.py:651} INFO - DAG(s) dict_keys(['example_branch_datetime_operator', 'example_branch_datetime_operator_2']) retrieved from /home/airflow/.local/lib/python3.7/site-packages/airflow/example_dags/example_branch_datetime_operator.py
[2022-07-17 20:01:46,320] {logging_mixin.py:115} INFO - [2022-07-17 20:01:46,320] {dag.py:2420} INFO - Sync 2 DAGs
[2022-07-17 20:01:46,345] {logging_mixin.py:115} INFO - [2022-07-17 20:01:46,344] {dag.py:2972} INFO - Setting next_dagrun for example_branch_datetime_operator to 2022-07-16T00:00:00+00:00, run_after=2022-07-17T00:00:00+00:00
[2022-07-17 20:01:46,347] {logging_mixin.py:115} INFO - [2022-07-17 20:01:46,347] {dag.py:2972} INFO - Setting next_dagrun for example_branch_datetime_operator_2 to 2022-07-16T00:00:00+00:00, run_after=2022-07-17T00:00:00+00:00
[2022-07-17 20:01:46,359] {processor.py:161} INFO - Processing /home/airflow/.local/lib/python3.7/site-packages/airflow/example_dags/example_branch_datetime_operator.py took 0.081 seconds
[2022-07-17 20:02:16,917] {processor.py:153} INFO - Started process (PID=3097) to work on /home/airflow/.local/lib/python3.7/site-packages/airflow/example_dags/example_branch_datetime_operator.py
[2022-07-17 20:02:16,917] {processor.py:641} INFO - Processing file /home/airflow/.local/lib/python3.7/site-packages/airflow/example_dags/example_branch_datetime_operator.py for tasks to queue
[2022-07-17 20:02:16,918] {logging_mixin.py:115} INFO - [2022-07-17 20:02:16,918] {dagbag.py:508} INFO - Filling up the DagBag from /home/airflow/.local/lib/python3.7/site-packages/airflow/example_dags/example_branch_datetime_operator.py
[2022-07-17 20:02:16,930] {processor.py:651} INFO - DAG(s) dict_keys(['example_branch_datetime_operator', 'example_branch_datetime_operator_2']) retrieved from /home/airflow/.local/lib/python3.7/site-packages/airflow/example_dags/example_branch_datetime_operator.py
[2022-07-17 20:02:16,963] {logging_mixin.py:115} INFO - [2022-07-17 20:02:16,963] {dag.py:2420} INFO - Sync 2 DAGs
[2022-07-17 20:02:16,997] {logging_mixin.py:115} INFO - [2022-07-17 20:02:16,997] {dag.py:2972} INFO - Setting next_dagrun for example_branch_datetime_operator to 2022-07-16T00:00:00+00:00, run_after=2022-07-17T00:00:00+00:00
[2022-07-17 20:02:16,999] {logging_mixin.py:115} INFO - [2022-07-17 20:02:16,999] {dag.py:2972} INFO - Setting next_dagrun for example_branch_datetime_operator_2 to 2022-07-16T00:00:00+00:00, run_after=2022-07-17T00:00:00+00:00
[2022-07-17 20:02:17,013] {processor.py:161} INFO - Processing /home/airflow/.local/lib/python3.7/site-packages/airflow/example_dags/example_branch_datetime_operator.py took 0.100 seconds
[2022-07-17 20:02:47,356] {processor.py:153} INFO - Started process (PID=3159) to work on /home/airflow/.local/lib/python3.7/site-packages/airflow/example_dags/example_branch_datetime_operator.py
[2022-07-17 20:02:47,356] {processor.py:641} INFO - Processing file /home/airflow/.local/lib/python3.7/site-packages/airflow/example_dags/example_branch_datetime_operator.py for tasks to queue
[2022-07-17 20:02:47,357] {logging_mixin.py:115} INFO - [2022-07-17 20:02:47,357] {dagbag.py:508} INFO - Filling up the DagBag from /home/airflow/.local/lib/python3.7/site-packages/airflow/example_dags/example_branch_datetime_operator.py
[2022-07-17 20:02:47,369] {processor.py:651} INFO - DAG(s) dict_keys(['example_branch_datetime_operator', 'example_branch_datetime_operator_2']) retrieved from /home/airflow/.local/lib/python3.7/site-packages/airflow/example_dags/example_branch_datetime_operator.py
[2022-07-17 20:02:47,401] {logging_mixin.py:115} INFO - [2022-07-17 20:02:47,401] {dag.py:2420} INFO - Sync 2 DAGs
[2022-07-17 20:02:47,429] {logging_mixin.py:115} INFO - [2022-07-17 20:02:47,429] {dag.py:2972} INFO - Setting next_dagrun for example_branch_datetime_operator to 2022-07-16T00:00:00+00:00, run_after=2022-07-17T00:00:00+00:00
[2022-07-17 20:02:47,432] {logging_mixin.py:115} INFO - [2022-07-17 20:02:47,432] {dag.py:2972} INFO - Setting next_dagrun for example_branch_datetime_operator_2 to 2022-07-16T00:00:00+00:00, run_after=2022-07-17T00:00:00+00:00
[2022-07-17 20:02:47,446] {processor.py:161} INFO - Processing /home/airflow/.local/lib/python3.7/site-packages/airflow/example_dags/example_branch_datetime_operator.py took 0.094 seconds
[2022-07-17 20:03:17,845] {processor.py:153} INFO - Started process (PID=3216) to work on /home/airflow/.local/lib/python3.7/site-packages/airflow/example_dags/example_branch_datetime_operator.py
[2022-07-17 20:03:17,845] {processor.py:641} INFO - Processing file /home/airflow/.local/lib/python3.7/site-packages/airflow/example_dags/example_branch_datetime_operator.py for tasks to queue
[2022-07-17 20:03:17,846] {logging_mixin.py:115} INFO - [2022-07-17 20:03:17,846] {dagbag.py:508} INFO - Filling up the DagBag from /home/airflow/.local/lib/python3.7/site-packages/airflow/example_dags/example_branch_datetime_operator.py
[2022-07-17 20:03:17,859] {processor.py:651} INFO - DAG(s) dict_keys(['example_branch_datetime_operator', 'example_branch_datetime_operator_2']) retrieved from /home/airflow/.local/lib/python3.7/site-packages/airflow/example_dags/example_branch_datetime_operator.py
[2022-07-17 20:03:17,894] {logging_mixin.py:115} INFO - [2022-07-17 20:03:17,894] {dag.py:2420} INFO - Sync 2 DAGs
[2022-07-17 20:03:17,921] {logging_mixin.py:115} INFO - [2022-07-17 20:03:17,921] {dag.py:2972} INFO - Setting next_dagrun for example_branch_datetime_operator to 2022-07-16T00:00:00+00:00, run_after=2022-07-17T00:00:00+00:00
[2022-07-17 20:03:17,924] {logging_mixin.py:115} INFO - [2022-07-17 20:03:17,924] {dag.py:2972} INFO - Setting next_dagrun for example_branch_datetime_operator_2 to 2022-07-16T00:00:00+00:00, run_after=2022-07-17T00:00:00+00:00
[2022-07-17 20:03:17,937] {processor.py:161} INFO - Processing /home/airflow/.local/lib/python3.7/site-packages/airflow/example_dags/example_branch_datetime_operator.py took 0.096 seconds
[2022-07-17 20:03:48,154] {processor.py:153} INFO - Started process (PID=3278) to work on /home/airflow/.local/lib/python3.7/site-packages/airflow/example_dags/example_branch_datetime_operator.py
[2022-07-17 20:03:48,154] {processor.py:641} INFO - Processing file /home/airflow/.local/lib/python3.7/site-packages/airflow/example_dags/example_branch_datetime_operator.py for tasks to queue
[2022-07-17 20:03:48,155] {logging_mixin.py:115} INFO - [2022-07-17 20:03:48,155] {dagbag.py:508} INFO - Filling up the DagBag from /home/airflow/.local/lib/python3.7/site-packages/airflow/example_dags/example_branch_datetime_operator.py
[2022-07-17 20:03:48,166] {processor.py:651} INFO - DAG(s) dict_keys(['example_branch_datetime_operator', 'example_branch_datetime_operator_2']) retrieved from /home/airflow/.local/lib/python3.7/site-packages/airflow/example_dags/example_branch_datetime_operator.py
[2022-07-17 20:03:48,200] {logging_mixin.py:115} INFO - [2022-07-17 20:03:48,200] {dag.py:2420} INFO - Sync 2 DAGs
[2022-07-17 20:03:48,236] {logging_mixin.py:115} INFO - [2022-07-17 20:03:48,236] {dag.py:2972} INFO - Setting next_dagrun for example_branch_datetime_operator to 2022-07-16T00:00:00+00:00, run_after=2022-07-17T00:00:00+00:00
[2022-07-17 20:03:48,239] {logging_mixin.py:115} INFO - [2022-07-17 20:03:48,239] {dag.py:2972} INFO - Setting next_dagrun for example_branch_datetime_operator_2 to 2022-07-16T00:00:00+00:00, run_after=2022-07-17T00:00:00+00:00
[2022-07-17 20:03:48,260] {processor.py:161} INFO - Processing /home/airflow/.local/lib/python3.7/site-packages/airflow/example_dags/example_branch_datetime_operator.py took 0.109 seconds
