[2022-07-17 19:36:52,939] {processor.py:153} INFO - Started process (PID=56) to work on /home/airflow/.local/lib/python3.7/site-packages/airflow/example_dags/tutorial.py
[2022-07-17 19:36:52,940] {processor.py:641} INFO - Processing file /home/airflow/.local/lib/python3.7/site-packages/airflow/example_dags/tutorial.py for tasks to queue
[2022-07-17 19:36:52,940] {logging_mixin.py:115} INFO - [2022-07-17 19:36:52,940] {dagbag.py:508} INFO - Filling up the DagBag from /home/airflow/.local/lib/python3.7/site-packages/airflow/example_dags/tutorial.py
[2022-07-17 19:36:52,946] {processor.py:651} INFO - DAG(s) dict_keys(['tutorial']) retrieved from /home/airflow/.local/lib/python3.7/site-packages/airflow/example_dags/tutorial.py
[2022-07-17 19:36:53,064] {logging_mixin.py:115} INFO - [2022-07-17 19:36:53,063] {manager.py:508} INFO - Created Permission View: can delete on DAG:tutorial
[2022-07-17 19:36:53,080] {logging_mixin.py:115} INFO - [2022-07-17 19:36:53,080] {manager.py:508} INFO - Created Permission View: can read on DAG:tutorial
[2022-07-17 19:36:53,093] {logging_mixin.py:115} INFO - [2022-07-17 19:36:53,093] {manager.py:508} INFO - Created Permission View: can edit on DAG:tutorial
[2022-07-17 19:36:53,094] {logging_mixin.py:115} INFO - [2022-07-17 19:36:53,093] {dag.py:2420} INFO - Sync 1 DAGs
[2022-07-17 19:36:53,104] {logging_mixin.py:115} INFO - [2022-07-17 19:36:53,104] {dag.py:2439} INFO - Creating ORM DAG for tutorial
[2022-07-17 19:36:53,121] {logging_mixin.py:115} INFO - [2022-07-17 19:36:53,120] {dag.py:2972} INFO - Setting next_dagrun for tutorial to 2022-07-16T19:36:53.120613+00:00, run_after=2022-07-17T19:36:53.120613+00:00
[2022-07-17 19:36:53,141] {processor.py:161} INFO - Processing /home/airflow/.local/lib/python3.7/site-packages/airflow/example_dags/tutorial.py took 0.205 seconds
[2022-07-17 19:37:23,234] {processor.py:153} INFO - Started process (PID=110) to work on /home/airflow/.local/lib/python3.7/site-packages/airflow/example_dags/tutorial.py
[2022-07-17 19:37:23,235] {processor.py:641} INFO - Processing file /home/airflow/.local/lib/python3.7/site-packages/airflow/example_dags/tutorial.py for tasks to queue
[2022-07-17 19:37:23,235] {logging_mixin.py:115} INFO - [2022-07-17 19:37:23,235] {dagbag.py:508} INFO - Filling up the DagBag from /home/airflow/.local/lib/python3.7/site-packages/airflow/example_dags/tutorial.py
[2022-07-17 19:37:23,240] {processor.py:651} INFO - DAG(s) dict_keys(['tutorial']) retrieved from /home/airflow/.local/lib/python3.7/site-packages/airflow/example_dags/tutorial.py
[2022-07-17 19:37:23,266] {logging_mixin.py:115} INFO - [2022-07-17 19:37:23,266] {dag.py:2420} INFO - Sync 1 DAGs
[2022-07-17 19:37:23,291] {logging_mixin.py:115} INFO - [2022-07-17 19:37:23,291] {dag.py:2972} INFO - Setting next_dagrun for tutorial to 2022-07-16T19:37:23.291320+00:00, run_after=2022-07-17T19:37:23.291320+00:00
[2022-07-17 19:37:23,304] {processor.py:161} INFO - Processing /home/airflow/.local/lib/python3.7/site-packages/airflow/example_dags/tutorial.py took 0.073 seconds
[2022-07-17 19:37:53,349] {processor.py:153} INFO - Started process (PID=174) to work on /home/airflow/.local/lib/python3.7/site-packages/airflow/example_dags/tutorial.py
[2022-07-17 19:37:53,349] {processor.py:641} INFO - Processing file /home/airflow/.local/lib/python3.7/site-packages/airflow/example_dags/tutorial.py for tasks to queue
[2022-07-17 19:37:53,349] {logging_mixin.py:115} INFO - [2022-07-17 19:37:53,349] {dagbag.py:508} INFO - Filling up the DagBag from /home/airflow/.local/lib/python3.7/site-packages/airflow/example_dags/tutorial.py
[2022-07-17 19:37:53,354] {processor.py:651} INFO - DAG(s) dict_keys(['tutorial']) retrieved from /home/airflow/.local/lib/python3.7/site-packages/airflow/example_dags/tutorial.py
[2022-07-17 19:37:53,379] {logging_mixin.py:115} INFO - [2022-07-17 19:37:53,379] {dag.py:2420} INFO - Sync 1 DAGs
[2022-07-17 19:37:53,403] {logging_mixin.py:115} INFO - [2022-07-17 19:37:53,403] {dag.py:2972} INFO - Setting next_dagrun for tutorial to 2022-07-16T19:37:53.403263+00:00, run_after=2022-07-17T19:37:53.403263+00:00
[2022-07-17 19:37:53,416] {processor.py:161} INFO - Processing /home/airflow/.local/lib/python3.7/site-packages/airflow/example_dags/tutorial.py took 0.070 seconds
[2022-07-17 19:38:24,098] {processor.py:153} INFO - Started process (PID=228) to work on /home/airflow/.local/lib/python3.7/site-packages/airflow/example_dags/tutorial.py
[2022-07-17 19:38:24,099] {processor.py:641} INFO - Processing file /home/airflow/.local/lib/python3.7/site-packages/airflow/example_dags/tutorial.py for tasks to queue
[2022-07-17 19:38:24,099] {logging_mixin.py:115} INFO - [2022-07-17 19:38:24,099] {dagbag.py:508} INFO - Filling up the DagBag from /home/airflow/.local/lib/python3.7/site-packages/airflow/example_dags/tutorial.py
[2022-07-17 19:38:24,105] {processor.py:651} INFO - DAG(s) dict_keys(['tutorial']) retrieved from /home/airflow/.local/lib/python3.7/site-packages/airflow/example_dags/tutorial.py
[2022-07-17 19:38:24,132] {logging_mixin.py:115} INFO - [2022-07-17 19:38:24,132] {dag.py:2420} INFO - Sync 1 DAGs
[2022-07-17 19:38:24,156] {logging_mixin.py:115} INFO - [2022-07-17 19:38:24,156] {dag.py:2972} INFO - Setting next_dagrun for tutorial to 2022-07-16T19:38:24.155810+00:00, run_after=2022-07-17T19:38:24.155810+00:00
[2022-07-17 19:38:24,170] {processor.py:161} INFO - Processing /home/airflow/.local/lib/python3.7/site-packages/airflow/example_dags/tutorial.py took 0.076 seconds
[2022-07-17 19:38:54,845] {processor.py:153} INFO - Started process (PID=292) to work on /home/airflow/.local/lib/python3.7/site-packages/airflow/example_dags/tutorial.py
[2022-07-17 19:38:54,846] {processor.py:641} INFO - Processing file /home/airflow/.local/lib/python3.7/site-packages/airflow/example_dags/tutorial.py for tasks to queue
[2022-07-17 19:38:54,846] {logging_mixin.py:115} INFO - [2022-07-17 19:38:54,846] {dagbag.py:508} INFO - Filling up the DagBag from /home/airflow/.local/lib/python3.7/site-packages/airflow/example_dags/tutorial.py
[2022-07-17 19:38:54,851] {processor.py:651} INFO - DAG(s) dict_keys(['tutorial']) retrieved from /home/airflow/.local/lib/python3.7/site-packages/airflow/example_dags/tutorial.py
[2022-07-17 19:38:54,876] {logging_mixin.py:115} INFO - [2022-07-17 19:38:54,876] {dag.py:2420} INFO - Sync 1 DAGs
[2022-07-17 19:38:54,899] {logging_mixin.py:115} INFO - [2022-07-17 19:38:54,899] {dag.py:2972} INFO - Setting next_dagrun for tutorial to 2022-07-16T19:38:54.899354+00:00, run_after=2022-07-17T19:38:54.899354+00:00
[2022-07-17 19:38:54,912] {processor.py:161} INFO - Processing /home/airflow/.local/lib/python3.7/site-packages/airflow/example_dags/tutorial.py took 0.070 seconds
[2022-07-17 19:39:25,249] {processor.py:153} INFO - Started process (PID=356) to work on /home/airflow/.local/lib/python3.7/site-packages/airflow/example_dags/tutorial.py
[2022-07-17 19:39:25,250] {processor.py:641} INFO - Processing file /home/airflow/.local/lib/python3.7/site-packages/airflow/example_dags/tutorial.py for tasks to queue
[2022-07-17 19:39:25,250] {logging_mixin.py:115} INFO - [2022-07-17 19:39:25,250] {dagbag.py:508} INFO - Filling up the DagBag from /home/airflow/.local/lib/python3.7/site-packages/airflow/example_dags/tutorial.py
[2022-07-17 19:39:25,257] {processor.py:651} INFO - DAG(s) dict_keys(['tutorial']) retrieved from /home/airflow/.local/lib/python3.7/site-packages/airflow/example_dags/tutorial.py
[2022-07-17 19:39:25,283] {logging_mixin.py:115} INFO - [2022-07-17 19:39:25,283] {dag.py:2420} INFO - Sync 1 DAGs
[2022-07-17 19:39:25,306] {logging_mixin.py:115} INFO - [2022-07-17 19:39:25,305] {dag.py:2972} INFO - Setting next_dagrun for tutorial to 2022-07-16T19:39:25.305652+00:00, run_after=2022-07-17T19:39:25.305652+00:00
[2022-07-17 19:39:25,317] {processor.py:161} INFO - Processing /home/airflow/.local/lib/python3.7/site-packages/airflow/example_dags/tutorial.py took 0.071 seconds
[2022-07-17 19:39:55,570] {processor.py:153} INFO - Started process (PID=411) to work on /home/airflow/.local/lib/python3.7/site-packages/airflow/example_dags/tutorial.py
[2022-07-17 19:39:55,571] {processor.py:641} INFO - Processing file /home/airflow/.local/lib/python3.7/site-packages/airflow/example_dags/tutorial.py for tasks to queue
[2022-07-17 19:39:55,572] {logging_mixin.py:115} INFO - [2022-07-17 19:39:55,571] {dagbag.py:508} INFO - Filling up the DagBag from /home/airflow/.local/lib/python3.7/site-packages/airflow/example_dags/tutorial.py
[2022-07-17 19:39:55,578] {processor.py:651} INFO - DAG(s) dict_keys(['tutorial']) retrieved from /home/airflow/.local/lib/python3.7/site-packages/airflow/example_dags/tutorial.py
[2022-07-17 19:39:55,606] {logging_mixin.py:115} INFO - [2022-07-17 19:39:55,606] {dag.py:2420} INFO - Sync 1 DAGs
[2022-07-17 19:39:55,632] {logging_mixin.py:115} INFO - [2022-07-17 19:39:55,632] {dag.py:2972} INFO - Setting next_dagrun for tutorial to 2022-07-16T19:39:55.631896+00:00, run_after=2022-07-17T19:39:55.631896+00:00
[2022-07-17 19:39:55,644] {processor.py:161} INFO - Processing /home/airflow/.local/lib/python3.7/site-packages/airflow/example_dags/tutorial.py took 0.078 seconds
[2022-07-17 19:40:26,070] {processor.py:153} INFO - Started process (PID=476) to work on /home/airflow/.local/lib/python3.7/site-packages/airflow/example_dags/tutorial.py
[2022-07-17 19:40:26,071] {processor.py:641} INFO - Processing file /home/airflow/.local/lib/python3.7/site-packages/airflow/example_dags/tutorial.py for tasks to queue
[2022-07-17 19:40:26,071] {logging_mixin.py:115} INFO - [2022-07-17 19:40:26,071] {dagbag.py:508} INFO - Filling up the DagBag from /home/airflow/.local/lib/python3.7/site-packages/airflow/example_dags/tutorial.py
[2022-07-17 19:40:26,077] {processor.py:651} INFO - DAG(s) dict_keys(['tutorial']) retrieved from /home/airflow/.local/lib/python3.7/site-packages/airflow/example_dags/tutorial.py
[2022-07-17 19:40:26,104] {logging_mixin.py:115} INFO - [2022-07-17 19:40:26,104] {dag.py:2420} INFO - Sync 1 DAGs
[2022-07-17 19:40:26,128] {logging_mixin.py:115} INFO - [2022-07-17 19:40:26,128] {dag.py:2972} INFO - Setting next_dagrun for tutorial to 2022-07-16T19:40:26.128408+00:00, run_after=2022-07-17T19:40:26.128408+00:00
[2022-07-17 19:40:26,141] {processor.py:161} INFO - Processing /home/airflow/.local/lib/python3.7/site-packages/airflow/example_dags/tutorial.py took 0.074 seconds
[2022-07-17 19:40:56,985] {processor.py:153} INFO - Started process (PID=531) to work on /home/airflow/.local/lib/python3.7/site-packages/airflow/example_dags/tutorial.py
[2022-07-17 19:40:56,986] {processor.py:641} INFO - Processing file /home/airflow/.local/lib/python3.7/site-packages/airflow/example_dags/tutorial.py for tasks to queue
[2022-07-17 19:40:56,986] {logging_mixin.py:115} INFO - [2022-07-17 19:40:56,986] {dagbag.py:508} INFO - Filling up the DagBag from /home/airflow/.local/lib/python3.7/site-packages/airflow/example_dags/tutorial.py
[2022-07-17 19:40:56,991] {processor.py:651} INFO - DAG(s) dict_keys(['tutorial']) retrieved from /home/airflow/.local/lib/python3.7/site-packages/airflow/example_dags/tutorial.py
[2022-07-17 19:40:57,017] {logging_mixin.py:115} INFO - [2022-07-17 19:40:57,017] {dag.py:2420} INFO - Sync 1 DAGs
[2022-07-17 19:40:57,041] {logging_mixin.py:115} INFO - [2022-07-17 19:40:57,041] {dag.py:2972} INFO - Setting next_dagrun for tutorial to 2022-07-16T19:40:57.041363+00:00, run_after=2022-07-17T19:40:57.041363+00:00
[2022-07-17 19:40:57,054] {processor.py:161} INFO - Processing /home/airflow/.local/lib/python3.7/site-packages/airflow/example_dags/tutorial.py took 0.072 seconds
[2022-07-17 19:41:27,210] {processor.py:153} INFO - Started process (PID=597) to work on /home/airflow/.local/lib/python3.7/site-packages/airflow/example_dags/tutorial.py
[2022-07-17 19:41:27,210] {processor.py:641} INFO - Processing file /home/airflow/.local/lib/python3.7/site-packages/airflow/example_dags/tutorial.py for tasks to queue
[2022-07-17 19:41:27,211] {logging_mixin.py:115} INFO - [2022-07-17 19:41:27,211] {dagbag.py:508} INFO - Filling up the DagBag from /home/airflow/.local/lib/python3.7/site-packages/airflow/example_dags/tutorial.py
[2022-07-17 19:41:27,216] {processor.py:651} INFO - DAG(s) dict_keys(['tutorial']) retrieved from /home/airflow/.local/lib/python3.7/site-packages/airflow/example_dags/tutorial.py
[2022-07-17 19:41:27,241] {logging_mixin.py:115} INFO - [2022-07-17 19:41:27,240] {dag.py:2420} INFO - Sync 1 DAGs
[2022-07-17 19:41:27,265] {logging_mixin.py:115} INFO - [2022-07-17 19:41:27,264] {dag.py:2972} INFO - Setting next_dagrun for tutorial to 2022-07-16T19:41:27.264669+00:00, run_after=2022-07-17T19:41:27.264669+00:00
[2022-07-17 19:41:27,278] {processor.py:161} INFO - Processing /home/airflow/.local/lib/python3.7/site-packages/airflow/example_dags/tutorial.py took 0.070 seconds
[2022-07-17 19:41:57,413] {processor.py:153} INFO - Started process (PID=661) to work on /home/airflow/.local/lib/python3.7/site-packages/airflow/example_dags/tutorial.py
[2022-07-17 19:41:57,414] {processor.py:641} INFO - Processing file /home/airflow/.local/lib/python3.7/site-packages/airflow/example_dags/tutorial.py for tasks to queue
[2022-07-17 19:41:57,414] {logging_mixin.py:115} INFO - [2022-07-17 19:41:57,414] {dagbag.py:508} INFO - Filling up the DagBag from /home/airflow/.local/lib/python3.7/site-packages/airflow/example_dags/tutorial.py
[2022-07-17 19:41:57,419] {processor.py:651} INFO - DAG(s) dict_keys(['tutorial']) retrieved from /home/airflow/.local/lib/python3.7/site-packages/airflow/example_dags/tutorial.py
[2022-07-17 19:41:57,451] {logging_mixin.py:115} INFO - [2022-07-17 19:41:57,451] {dag.py:2420} INFO - Sync 1 DAGs
[2022-07-17 19:41:57,484] {logging_mixin.py:115} INFO - [2022-07-17 19:41:57,484] {dag.py:2972} INFO - Setting next_dagrun for tutorial to 2022-07-16T19:41:57.483887+00:00, run_after=2022-07-17T19:41:57.483887+00:00
[2022-07-17 19:41:57,498] {processor.py:161} INFO - Processing /home/airflow/.local/lib/python3.7/site-packages/airflow/example_dags/tutorial.py took 0.089 seconds
[2022-07-17 19:42:27,629] {processor.py:153} INFO - Started process (PID=717) to work on /home/airflow/.local/lib/python3.7/site-packages/airflow/example_dags/tutorial.py
[2022-07-17 19:42:27,630] {processor.py:641} INFO - Processing file /home/airflow/.local/lib/python3.7/site-packages/airflow/example_dags/tutorial.py for tasks to queue
[2022-07-17 19:42:27,630] {logging_mixin.py:115} INFO - [2022-07-17 19:42:27,630] {dagbag.py:508} INFO - Filling up the DagBag from /home/airflow/.local/lib/python3.7/site-packages/airflow/example_dags/tutorial.py
[2022-07-17 19:42:27,636] {processor.py:651} INFO - DAG(s) dict_keys(['tutorial']) retrieved from /home/airflow/.local/lib/python3.7/site-packages/airflow/example_dags/tutorial.py
[2022-07-17 19:42:27,666] {logging_mixin.py:115} INFO - [2022-07-17 19:42:27,666] {dag.py:2420} INFO - Sync 1 DAGs
[2022-07-17 19:42:27,693] {logging_mixin.py:115} INFO - [2022-07-17 19:42:27,693] {dag.py:2972} INFO - Setting next_dagrun for tutorial to 2022-07-16T19:42:27.693347+00:00, run_after=2022-07-17T19:42:27.693347+00:00
[2022-07-17 19:42:27,706] {processor.py:161} INFO - Processing /home/airflow/.local/lib/python3.7/site-packages/airflow/example_dags/tutorial.py took 0.081 seconds
[2022-07-17 19:42:58,248] {processor.py:153} INFO - Started process (PID=780) to work on /home/airflow/.local/lib/python3.7/site-packages/airflow/example_dags/tutorial.py
[2022-07-17 19:42:58,249] {processor.py:641} INFO - Processing file /home/airflow/.local/lib/python3.7/site-packages/airflow/example_dags/tutorial.py for tasks to queue
[2022-07-17 19:42:58,249] {logging_mixin.py:115} INFO - [2022-07-17 19:42:58,249] {dagbag.py:508} INFO - Filling up the DagBag from /home/airflow/.local/lib/python3.7/site-packages/airflow/example_dags/tutorial.py
[2022-07-17 19:42:58,255] {processor.py:651} INFO - DAG(s) dict_keys(['tutorial']) retrieved from /home/airflow/.local/lib/python3.7/site-packages/airflow/example_dags/tutorial.py
[2022-07-17 19:42:58,284] {logging_mixin.py:115} INFO - [2022-07-17 19:42:58,283] {dag.py:2420} INFO - Sync 1 DAGs
[2022-07-17 19:42:58,309] {logging_mixin.py:115} INFO - [2022-07-17 19:42:58,309] {dag.py:2972} INFO - Setting next_dagrun for tutorial to 2022-07-16T19:42:58.309485+00:00, run_after=2022-07-17T19:42:58.309485+00:00
[2022-07-17 19:42:58,322] {processor.py:161} INFO - Processing /home/airflow/.local/lib/python3.7/site-packages/airflow/example_dags/tutorial.py took 0.077 seconds
[2022-07-17 19:43:28,553] {processor.py:153} INFO - Started process (PID=835) to work on /home/airflow/.local/lib/python3.7/site-packages/airflow/example_dags/tutorial.py
[2022-07-17 19:43:28,553] {processor.py:641} INFO - Processing file /home/airflow/.local/lib/python3.7/site-packages/airflow/example_dags/tutorial.py for tasks to queue
[2022-07-17 19:43:28,554] {logging_mixin.py:115} INFO - [2022-07-17 19:43:28,554] {dagbag.py:508} INFO - Filling up the DagBag from /home/airflow/.local/lib/python3.7/site-packages/airflow/example_dags/tutorial.py
[2022-07-17 19:43:28,560] {processor.py:651} INFO - DAG(s) dict_keys(['tutorial']) retrieved from /home/airflow/.local/lib/python3.7/site-packages/airflow/example_dags/tutorial.py
[2022-07-17 19:43:28,597] {logging_mixin.py:115} INFO - [2022-07-17 19:43:28,597] {dag.py:2420} INFO - Sync 1 DAGs
[2022-07-17 19:43:28,639] {logging_mixin.py:115} INFO - [2022-07-17 19:43:28,639] {dag.py:2972} INFO - Setting next_dagrun for tutorial to 2022-07-16T19:43:28.638684+00:00, run_after=2022-07-17T19:43:28.638684+00:00
[2022-07-17 19:43:28,657] {processor.py:161} INFO - Processing /home/airflow/.local/lib/python3.7/site-packages/airflow/example_dags/tutorial.py took 0.108 seconds
[2022-07-17 19:43:59,007] {processor.py:153} INFO - Started process (PID=899) to work on /home/airflow/.local/lib/python3.7/site-packages/airflow/example_dags/tutorial.py
[2022-07-17 19:43:59,007] {processor.py:641} INFO - Processing file /home/airflow/.local/lib/python3.7/site-packages/airflow/example_dags/tutorial.py for tasks to queue
[2022-07-17 19:43:59,008] {logging_mixin.py:115} INFO - [2022-07-17 19:43:59,008] {dagbag.py:508} INFO - Filling up the DagBag from /home/airflow/.local/lib/python3.7/site-packages/airflow/example_dags/tutorial.py
[2022-07-17 19:43:59,013] {processor.py:651} INFO - DAG(s) dict_keys(['tutorial']) retrieved from /home/airflow/.local/lib/python3.7/site-packages/airflow/example_dags/tutorial.py
[2022-07-17 19:43:59,040] {logging_mixin.py:115} INFO - [2022-07-17 19:43:59,039] {dag.py:2420} INFO - Sync 1 DAGs
[2022-07-17 19:43:59,063] {logging_mixin.py:115} INFO - [2022-07-17 19:43:59,063] {dag.py:2972} INFO - Setting next_dagrun for tutorial to 2022-07-16T19:43:59.063479+00:00, run_after=2022-07-17T19:43:59.063479+00:00
[2022-07-17 19:43:59,078] {processor.py:161} INFO - Processing /home/airflow/.local/lib/python3.7/site-packages/airflow/example_dags/tutorial.py took 0.074 seconds
[2022-07-17 19:44:29,939] {processor.py:153} INFO - Started process (PID=961) to work on /home/airflow/.local/lib/python3.7/site-packages/airflow/example_dags/tutorial.py
[2022-07-17 19:44:29,939] {processor.py:641} INFO - Processing file /home/airflow/.local/lib/python3.7/site-packages/airflow/example_dags/tutorial.py for tasks to queue
[2022-07-17 19:44:29,940] {logging_mixin.py:115} INFO - [2022-07-17 19:44:29,940] {dagbag.py:508} INFO - Filling up the DagBag from /home/airflow/.local/lib/python3.7/site-packages/airflow/example_dags/tutorial.py
[2022-07-17 19:44:29,946] {processor.py:651} INFO - DAG(s) dict_keys(['tutorial']) retrieved from /home/airflow/.local/lib/python3.7/site-packages/airflow/example_dags/tutorial.py
[2022-07-17 19:44:29,976] {logging_mixin.py:115} INFO - [2022-07-17 19:44:29,976] {dag.py:2420} INFO - Sync 1 DAGs
[2022-07-17 19:44:30,001] {logging_mixin.py:115} INFO - [2022-07-17 19:44:30,001] {dag.py:2972} INFO - Setting next_dagrun for tutorial to 2022-07-16T19:44:30.000889+00:00, run_after=2022-07-17T19:44:30.000889+00:00
[2022-07-17 19:44:30,013] {processor.py:161} INFO - Processing /home/airflow/.local/lib/python3.7/site-packages/airflow/example_dags/tutorial.py took 0.078 seconds
[2022-07-17 19:45:00,222] {processor.py:153} INFO - Started process (PID=1018) to work on /home/airflow/.local/lib/python3.7/site-packages/airflow/example_dags/tutorial.py
[2022-07-17 19:45:00,223] {processor.py:641} INFO - Processing file /home/airflow/.local/lib/python3.7/site-packages/airflow/example_dags/tutorial.py for tasks to queue
[2022-07-17 19:45:00,223] {logging_mixin.py:115} INFO - [2022-07-17 19:45:00,223] {dagbag.py:508} INFO - Filling up the DagBag from /home/airflow/.local/lib/python3.7/site-packages/airflow/example_dags/tutorial.py
[2022-07-17 19:45:00,229] {processor.py:651} INFO - DAG(s) dict_keys(['tutorial']) retrieved from /home/airflow/.local/lib/python3.7/site-packages/airflow/example_dags/tutorial.py
[2022-07-17 19:45:00,256] {logging_mixin.py:115} INFO - [2022-07-17 19:45:00,256] {dag.py:2420} INFO - Sync 1 DAGs
[2022-07-17 19:45:00,279] {logging_mixin.py:115} INFO - [2022-07-17 19:45:00,279] {dag.py:2972} INFO - Setting next_dagrun for tutorial to 2022-07-16T19:45:00.279633+00:00, run_after=2022-07-17T19:45:00.279633+00:00
[2022-07-17 19:45:00,291] {processor.py:161} INFO - Processing /home/airflow/.local/lib/python3.7/site-packages/airflow/example_dags/tutorial.py took 0.073 seconds
[2022-07-17 19:45:30,633] {processor.py:153} INFO - Started process (PID=1081) to work on /home/airflow/.local/lib/python3.7/site-packages/airflow/example_dags/tutorial.py
[2022-07-17 19:45:30,634] {processor.py:641} INFO - Processing file /home/airflow/.local/lib/python3.7/site-packages/airflow/example_dags/tutorial.py for tasks to queue
[2022-07-17 19:45:30,635] {logging_mixin.py:115} INFO - [2022-07-17 19:45:30,635] {dagbag.py:508} INFO - Filling up the DagBag from /home/airflow/.local/lib/python3.7/site-packages/airflow/example_dags/tutorial.py
[2022-07-17 19:45:30,642] {processor.py:651} INFO - DAG(s) dict_keys(['tutorial']) retrieved from /home/airflow/.local/lib/python3.7/site-packages/airflow/example_dags/tutorial.py
[2022-07-17 19:45:30,682] {logging_mixin.py:115} INFO - [2022-07-17 19:45:30,682] {dag.py:2420} INFO - Sync 1 DAGs
[2022-07-17 19:45:30,725] {logging_mixin.py:115} INFO - [2022-07-17 19:45:30,725] {dag.py:2972} INFO - Setting next_dagrun for tutorial to 2022-07-16T19:45:30.725206+00:00, run_after=2022-07-17T19:45:30.725206+00:00
[2022-07-17 19:45:30,746] {processor.py:161} INFO - Processing /home/airflow/.local/lib/python3.7/site-packages/airflow/example_dags/tutorial.py took 0.117 seconds
[2022-07-17 19:46:01,524] {processor.py:153} INFO - Started process (PID=1136) to work on /home/airflow/.local/lib/python3.7/site-packages/airflow/example_dags/tutorial.py
[2022-07-17 19:46:01,525] {processor.py:641} INFO - Processing file /home/airflow/.local/lib/python3.7/site-packages/airflow/example_dags/tutorial.py for tasks to queue
[2022-07-17 19:46:01,525] {logging_mixin.py:115} INFO - [2022-07-17 19:46:01,525] {dagbag.py:508} INFO - Filling up the DagBag from /home/airflow/.local/lib/python3.7/site-packages/airflow/example_dags/tutorial.py
[2022-07-17 19:46:01,531] {processor.py:651} INFO - DAG(s) dict_keys(['tutorial']) retrieved from /home/airflow/.local/lib/python3.7/site-packages/airflow/example_dags/tutorial.py
[2022-07-17 19:46:01,560] {logging_mixin.py:115} INFO - [2022-07-17 19:46:01,560] {dag.py:2420} INFO - Sync 1 DAGs
[2022-07-17 19:46:01,587] {logging_mixin.py:115} INFO - [2022-07-17 19:46:01,587] {dag.py:2972} INFO - Setting next_dagrun for tutorial to 2022-07-16T19:46:01.587203+00:00, run_after=2022-07-17T19:46:01.587203+00:00
[2022-07-17 19:46:01,601] {processor.py:161} INFO - Processing /home/airflow/.local/lib/python3.7/site-packages/airflow/example_dags/tutorial.py took 0.081 seconds
[2022-07-17 19:46:31,924] {processor.py:153} INFO - Started process (PID=1200) to work on /home/airflow/.local/lib/python3.7/site-packages/airflow/example_dags/tutorial.py
[2022-07-17 19:46:31,924] {processor.py:641} INFO - Processing file /home/airflow/.local/lib/python3.7/site-packages/airflow/example_dags/tutorial.py for tasks to queue
[2022-07-17 19:46:31,925] {logging_mixin.py:115} INFO - [2022-07-17 19:46:31,925] {dagbag.py:508} INFO - Filling up the DagBag from /home/airflow/.local/lib/python3.7/site-packages/airflow/example_dags/tutorial.py
[2022-07-17 19:46:31,930] {processor.py:651} INFO - DAG(s) dict_keys(['tutorial']) retrieved from /home/airflow/.local/lib/python3.7/site-packages/airflow/example_dags/tutorial.py
[2022-07-17 19:46:31,958] {logging_mixin.py:115} INFO - [2022-07-17 19:46:31,958] {dag.py:2420} INFO - Sync 1 DAGs
[2022-07-17 19:46:31,985] {logging_mixin.py:115} INFO - [2022-07-17 19:46:31,985] {dag.py:2972} INFO - Setting next_dagrun for tutorial to 2022-07-16T19:46:31.985463+00:00, run_after=2022-07-17T19:46:31.985463+00:00
[2022-07-17 19:46:32,003] {processor.py:161} INFO - Processing /home/airflow/.local/lib/python3.7/site-packages/airflow/example_dags/tutorial.py took 0.083 seconds
[2022-07-17 19:47:02,114] {processor.py:153} INFO - Started process (PID=1255) to work on /home/airflow/.local/lib/python3.7/site-packages/airflow/example_dags/tutorial.py
[2022-07-17 19:47:02,115] {processor.py:641} INFO - Processing file /home/airflow/.local/lib/python3.7/site-packages/airflow/example_dags/tutorial.py for tasks to queue
[2022-07-17 19:47:02,115] {logging_mixin.py:115} INFO - [2022-07-17 19:47:02,115] {dagbag.py:508} INFO - Filling up the DagBag from /home/airflow/.local/lib/python3.7/site-packages/airflow/example_dags/tutorial.py
[2022-07-17 19:47:02,121] {processor.py:651} INFO - DAG(s) dict_keys(['tutorial']) retrieved from /home/airflow/.local/lib/python3.7/site-packages/airflow/example_dags/tutorial.py
[2022-07-17 19:47:02,150] {logging_mixin.py:115} INFO - [2022-07-17 19:47:02,150] {dag.py:2420} INFO - Sync 1 DAGs
[2022-07-17 19:47:02,177] {logging_mixin.py:115} INFO - [2022-07-17 19:47:02,177] {dag.py:2972} INFO - Setting next_dagrun for tutorial to 2022-07-16T19:47:02.176951+00:00, run_after=2022-07-17T19:47:02.176951+00:00
[2022-07-17 19:47:02,190] {processor.py:161} INFO - Processing /home/airflow/.local/lib/python3.7/site-packages/airflow/example_dags/tutorial.py took 0.080 seconds
[2022-07-17 19:47:32,365] {processor.py:153} INFO - Started process (PID=1320) to work on /home/airflow/.local/lib/python3.7/site-packages/airflow/example_dags/tutorial.py
[2022-07-17 19:47:32,365] {processor.py:641} INFO - Processing file /home/airflow/.local/lib/python3.7/site-packages/airflow/example_dags/tutorial.py for tasks to queue
[2022-07-17 19:47:32,366] {logging_mixin.py:115} INFO - [2022-07-17 19:47:32,366] {dagbag.py:508} INFO - Filling up the DagBag from /home/airflow/.local/lib/python3.7/site-packages/airflow/example_dags/tutorial.py
[2022-07-17 19:47:32,374] {processor.py:651} INFO - DAG(s) dict_keys(['tutorial']) retrieved from /home/airflow/.local/lib/python3.7/site-packages/airflow/example_dags/tutorial.py
[2022-07-17 19:47:32,413] {logging_mixin.py:115} INFO - [2022-07-17 19:47:32,412] {dag.py:2420} INFO - Sync 1 DAGs
[2022-07-17 19:47:32,447] {logging_mixin.py:115} INFO - [2022-07-17 19:47:32,446] {dag.py:2972} INFO - Setting next_dagrun for tutorial to 2022-07-16T19:47:32.446541+00:00, run_after=2022-07-17T19:47:32.446541+00:00
[2022-07-17 19:47:32,464] {processor.py:161} INFO - Processing /home/airflow/.local/lib/python3.7/site-packages/airflow/example_dags/tutorial.py took 0.104 seconds
[2022-07-17 19:48:02,714] {processor.py:153} INFO - Started process (PID=1376) to work on /home/airflow/.local/lib/python3.7/site-packages/airflow/example_dags/tutorial.py
[2022-07-17 19:48:02,715] {processor.py:641} INFO - Processing file /home/airflow/.local/lib/python3.7/site-packages/airflow/example_dags/tutorial.py for tasks to queue
[2022-07-17 19:48:02,715] {logging_mixin.py:115} INFO - [2022-07-17 19:48:02,715] {dagbag.py:508} INFO - Filling up the DagBag from /home/airflow/.local/lib/python3.7/site-packages/airflow/example_dags/tutorial.py
[2022-07-17 19:48:02,721] {processor.py:651} INFO - DAG(s) dict_keys(['tutorial']) retrieved from /home/airflow/.local/lib/python3.7/site-packages/airflow/example_dags/tutorial.py
[2022-07-17 19:48:02,749] {logging_mixin.py:115} INFO - [2022-07-17 19:48:02,748] {dag.py:2420} INFO - Sync 1 DAGs
[2022-07-17 19:48:02,776] {logging_mixin.py:115} INFO - [2022-07-17 19:48:02,776] {dag.py:2972} INFO - Setting next_dagrun for tutorial to 2022-07-16T19:48:02.776409+00:00, run_after=2022-07-17T19:48:02.776409+00:00
[2022-07-17 19:48:02,789] {processor.py:161} INFO - Processing /home/airflow/.local/lib/python3.7/site-packages/airflow/example_dags/tutorial.py took 0.078 seconds
[2022-07-17 19:48:32,994] {processor.py:153} INFO - Started process (PID=1440) to work on /home/airflow/.local/lib/python3.7/site-packages/airflow/example_dags/tutorial.py
[2022-07-17 19:48:32,994] {processor.py:641} INFO - Processing file /home/airflow/.local/lib/python3.7/site-packages/airflow/example_dags/tutorial.py for tasks to queue
[2022-07-17 19:48:32,995] {logging_mixin.py:115} INFO - [2022-07-17 19:48:32,995] {dagbag.py:508} INFO - Filling up the DagBag from /home/airflow/.local/lib/python3.7/site-packages/airflow/example_dags/tutorial.py
[2022-07-17 19:48:33,000] {processor.py:651} INFO - DAG(s) dict_keys(['tutorial']) retrieved from /home/airflow/.local/lib/python3.7/site-packages/airflow/example_dags/tutorial.py
[2022-07-17 19:48:33,028] {logging_mixin.py:115} INFO - [2022-07-17 19:48:33,028] {dag.py:2420} INFO - Sync 1 DAGs
[2022-07-17 19:48:33,052] {logging_mixin.py:115} INFO - [2022-07-17 19:48:33,052] {dag.py:2972} INFO - Setting next_dagrun for tutorial to 2022-07-16T19:48:33.052473+00:00, run_after=2022-07-17T19:48:33.052473+00:00
[2022-07-17 19:48:33,065] {processor.py:161} INFO - Processing /home/airflow/.local/lib/python3.7/site-packages/airflow/example_dags/tutorial.py took 0.076 seconds
[2022-07-17 19:49:03,129] {processor.py:153} INFO - Started process (PID=1505) to work on /home/airflow/.local/lib/python3.7/site-packages/airflow/example_dags/tutorial.py
[2022-07-17 19:49:03,130] {processor.py:641} INFO - Processing file /home/airflow/.local/lib/python3.7/site-packages/airflow/example_dags/tutorial.py for tasks to queue
[2022-07-17 19:49:03,131] {logging_mixin.py:115} INFO - [2022-07-17 19:49:03,130] {dagbag.py:508} INFO - Filling up the DagBag from /home/airflow/.local/lib/python3.7/site-packages/airflow/example_dags/tutorial.py
[2022-07-17 19:49:03,136] {processor.py:651} INFO - DAG(s) dict_keys(['tutorial']) retrieved from /home/airflow/.local/lib/python3.7/site-packages/airflow/example_dags/tutorial.py
[2022-07-17 19:49:03,176] {logging_mixin.py:115} INFO - [2022-07-17 19:49:03,176] {dag.py:2420} INFO - Sync 1 DAGs
[2022-07-17 19:49:03,213] {logging_mixin.py:115} INFO - [2022-07-17 19:49:03,213] {dag.py:2972} INFO - Setting next_dagrun for tutorial to 2022-07-16T19:49:03.212841+00:00, run_after=2022-07-17T19:49:03.212841+00:00
[2022-07-17 19:49:03,241] {processor.py:161} INFO - Processing /home/airflow/.local/lib/python3.7/site-packages/airflow/example_dags/tutorial.py took 0.115 seconds
[2022-07-17 19:49:33,602] {processor.py:153} INFO - Started process (PID=1560) to work on /home/airflow/.local/lib/python3.7/site-packages/airflow/example_dags/tutorial.py
[2022-07-17 19:49:33,603] {processor.py:641} INFO - Processing file /home/airflow/.local/lib/python3.7/site-packages/airflow/example_dags/tutorial.py for tasks to queue
[2022-07-17 19:49:33,603] {logging_mixin.py:115} INFO - [2022-07-17 19:49:33,603] {dagbag.py:508} INFO - Filling up the DagBag from /home/airflow/.local/lib/python3.7/site-packages/airflow/example_dags/tutorial.py
[2022-07-17 19:49:33,609] {processor.py:651} INFO - DAG(s) dict_keys(['tutorial']) retrieved from /home/airflow/.local/lib/python3.7/site-packages/airflow/example_dags/tutorial.py
[2022-07-17 19:49:33,635] {logging_mixin.py:115} INFO - [2022-07-17 19:49:33,635] {dag.py:2420} INFO - Sync 1 DAGs
[2022-07-17 19:49:33,671] {logging_mixin.py:115} INFO - [2022-07-17 19:49:33,671] {dag.py:2972} INFO - Setting next_dagrun for tutorial to 2022-07-16T19:49:33.671038+00:00, run_after=2022-07-17T19:49:33.671038+00:00
[2022-07-17 19:49:33,692] {processor.py:161} INFO - Processing /home/airflow/.local/lib/python3.7/site-packages/airflow/example_dags/tutorial.py took 0.093 seconds
[2022-07-17 19:50:04,084] {processor.py:153} INFO - Started process (PID=1624) to work on /home/airflow/.local/lib/python3.7/site-packages/airflow/example_dags/tutorial.py
[2022-07-17 19:50:04,085] {processor.py:641} INFO - Processing file /home/airflow/.local/lib/python3.7/site-packages/airflow/example_dags/tutorial.py for tasks to queue
[2022-07-17 19:50:04,085] {logging_mixin.py:115} INFO - [2022-07-17 19:50:04,085] {dagbag.py:508} INFO - Filling up the DagBag from /home/airflow/.local/lib/python3.7/site-packages/airflow/example_dags/tutorial.py
[2022-07-17 19:50:04,090] {processor.py:651} INFO - DAG(s) dict_keys(['tutorial']) retrieved from /home/airflow/.local/lib/python3.7/site-packages/airflow/example_dags/tutorial.py
[2022-07-17 19:50:04,126] {logging_mixin.py:115} INFO - [2022-07-17 19:50:04,126] {dag.py:2420} INFO - Sync 1 DAGs
[2022-07-17 19:50:04,170] {logging_mixin.py:115} INFO - [2022-07-17 19:50:04,170] {dag.py:2972} INFO - Setting next_dagrun for tutorial to 2022-07-16T19:50:04.169613+00:00, run_after=2022-07-17T19:50:04.169613+00:00
[2022-07-17 19:50:04,190] {processor.py:161} INFO - Processing /home/airflow/.local/lib/python3.7/site-packages/airflow/example_dags/tutorial.py took 0.109 seconds
[2022-07-17 19:50:34,407] {processor.py:153} INFO - Started process (PID=1681) to work on /home/airflow/.local/lib/python3.7/site-packages/airflow/example_dags/tutorial.py
[2022-07-17 19:50:34,407] {processor.py:641} INFO - Processing file /home/airflow/.local/lib/python3.7/site-packages/airflow/example_dags/tutorial.py for tasks to queue
[2022-07-17 19:50:34,408] {logging_mixin.py:115} INFO - [2022-07-17 19:50:34,408] {dagbag.py:508} INFO - Filling up the DagBag from /home/airflow/.local/lib/python3.7/site-packages/airflow/example_dags/tutorial.py
[2022-07-17 19:50:34,413] {processor.py:651} INFO - DAG(s) dict_keys(['tutorial']) retrieved from /home/airflow/.local/lib/python3.7/site-packages/airflow/example_dags/tutorial.py
[2022-07-17 19:50:34,441] {logging_mixin.py:115} INFO - [2022-07-17 19:50:34,441] {dag.py:2420} INFO - Sync 1 DAGs
[2022-07-17 19:50:34,466] {logging_mixin.py:115} INFO - [2022-07-17 19:50:34,466] {dag.py:2972} INFO - Setting next_dagrun for tutorial to 2022-07-16T19:50:34.466454+00:00, run_after=2022-07-17T19:50:34.466454+00:00
[2022-07-17 19:50:34,479] {processor.py:161} INFO - Processing /home/airflow/.local/lib/python3.7/site-packages/airflow/example_dags/tutorial.py took 0.076 seconds
[2022-07-17 19:51:04,801] {processor.py:153} INFO - Started process (PID=1746) to work on /home/airflow/.local/lib/python3.7/site-packages/airflow/example_dags/tutorial.py
[2022-07-17 19:51:04,801] {processor.py:641} INFO - Processing file /home/airflow/.local/lib/python3.7/site-packages/airflow/example_dags/tutorial.py for tasks to queue
[2022-07-17 19:51:04,802] {logging_mixin.py:115} INFO - [2022-07-17 19:51:04,802] {dagbag.py:508} INFO - Filling up the DagBag from /home/airflow/.local/lib/python3.7/site-packages/airflow/example_dags/tutorial.py
[2022-07-17 19:51:04,807] {processor.py:651} INFO - DAG(s) dict_keys(['tutorial']) retrieved from /home/airflow/.local/lib/python3.7/site-packages/airflow/example_dags/tutorial.py
[2022-07-17 19:51:04,834] {logging_mixin.py:115} INFO - [2022-07-17 19:51:04,834] {dag.py:2420} INFO - Sync 1 DAGs
[2022-07-17 19:51:04,861] {logging_mixin.py:115} INFO - [2022-07-17 19:51:04,861] {dag.py:2972} INFO - Setting next_dagrun for tutorial to 2022-07-16T19:51:04.860865+00:00, run_after=2022-07-17T19:51:04.860865+00:00
[2022-07-17 19:51:04,878] {processor.py:161} INFO - Processing /home/airflow/.local/lib/python3.7/site-packages/airflow/example_dags/tutorial.py took 0.081 seconds
[2022-07-17 19:51:35,102] {processor.py:153} INFO - Started process (PID=1801) to work on /home/airflow/.local/lib/python3.7/site-packages/airflow/example_dags/tutorial.py
[2022-07-17 19:51:35,103] {processor.py:641} INFO - Processing file /home/airflow/.local/lib/python3.7/site-packages/airflow/example_dags/tutorial.py for tasks to queue
[2022-07-17 19:51:35,103] {logging_mixin.py:115} INFO - [2022-07-17 19:51:35,103] {dagbag.py:508} INFO - Filling up the DagBag from /home/airflow/.local/lib/python3.7/site-packages/airflow/example_dags/tutorial.py
[2022-07-17 19:51:35,109] {processor.py:651} INFO - DAG(s) dict_keys(['tutorial']) retrieved from /home/airflow/.local/lib/python3.7/site-packages/airflow/example_dags/tutorial.py
[2022-07-17 19:51:35,138] {logging_mixin.py:115} INFO - [2022-07-17 19:51:35,137] {dag.py:2420} INFO - Sync 1 DAGs
[2022-07-17 19:51:35,169] {logging_mixin.py:115} INFO - [2022-07-17 19:51:35,169] {dag.py:2972} INFO - Setting next_dagrun for tutorial to 2022-07-16T19:51:35.169167+00:00, run_after=2022-07-17T19:51:35.169167+00:00
[2022-07-17 19:51:35,186] {processor.py:161} INFO - Processing /home/airflow/.local/lib/python3.7/site-packages/airflow/example_dags/tutorial.py took 0.088 seconds
[2022-07-17 19:52:05,402] {processor.py:153} INFO - Started process (PID=1865) to work on /home/airflow/.local/lib/python3.7/site-packages/airflow/example_dags/tutorial.py
[2022-07-17 19:52:05,403] {processor.py:641} INFO - Processing file /home/airflow/.local/lib/python3.7/site-packages/airflow/example_dags/tutorial.py for tasks to queue
[2022-07-17 19:52:05,404] {logging_mixin.py:115} INFO - [2022-07-17 19:52:05,404] {dagbag.py:508} INFO - Filling up the DagBag from /home/airflow/.local/lib/python3.7/site-packages/airflow/example_dags/tutorial.py
[2022-07-17 19:52:05,411] {processor.py:651} INFO - DAG(s) dict_keys(['tutorial']) retrieved from /home/airflow/.local/lib/python3.7/site-packages/airflow/example_dags/tutorial.py
[2022-07-17 19:52:05,440] {logging_mixin.py:115} INFO - [2022-07-17 19:52:05,440] {dag.py:2420} INFO - Sync 1 DAGs
[2022-07-17 19:52:05,466] {logging_mixin.py:115} INFO - [2022-07-17 19:52:05,466] {dag.py:2972} INFO - Setting next_dagrun for tutorial to 2022-07-16T19:52:05.465974+00:00, run_after=2022-07-17T19:52:05.465974+00:00
[2022-07-17 19:52:05,480] {processor.py:161} INFO - Processing /home/airflow/.local/lib/python3.7/site-packages/airflow/example_dags/tutorial.py took 0.082 seconds
[2022-07-17 19:52:35,869] {processor.py:153} INFO - Started process (PID=1931) to work on /home/airflow/.local/lib/python3.7/site-packages/airflow/example_dags/tutorial.py
[2022-07-17 19:52:35,870] {processor.py:641} INFO - Processing file /home/airflow/.local/lib/python3.7/site-packages/airflow/example_dags/tutorial.py for tasks to queue
[2022-07-17 19:52:35,871] {logging_mixin.py:115} INFO - [2022-07-17 19:52:35,871] {dagbag.py:508} INFO - Filling up the DagBag from /home/airflow/.local/lib/python3.7/site-packages/airflow/example_dags/tutorial.py
[2022-07-17 19:52:35,878] {processor.py:651} INFO - DAG(s) dict_keys(['tutorial']) retrieved from /home/airflow/.local/lib/python3.7/site-packages/airflow/example_dags/tutorial.py
[2022-07-17 19:52:35,917] {logging_mixin.py:115} INFO - [2022-07-17 19:52:35,917] {dag.py:2420} INFO - Sync 1 DAGs
[2022-07-17 19:52:35,961] {logging_mixin.py:115} INFO - [2022-07-17 19:52:35,960] {dag.py:2972} INFO - Setting next_dagrun for tutorial to 2022-07-16T19:52:35.960601+00:00, run_after=2022-07-17T19:52:35.960601+00:00
[2022-07-17 19:52:36,003] {processor.py:161} INFO - Processing /home/airflow/.local/lib/python3.7/site-packages/airflow/example_dags/tutorial.py took 0.137 seconds
[2022-07-17 19:53:06,146] {processor.py:153} INFO - Started process (PID=1985) to work on /home/airflow/.local/lib/python3.7/site-packages/airflow/example_dags/tutorial.py
[2022-07-17 19:53:06,147] {processor.py:641} INFO - Processing file /home/airflow/.local/lib/python3.7/site-packages/airflow/example_dags/tutorial.py for tasks to queue
[2022-07-17 19:53:06,147] {logging_mixin.py:115} INFO - [2022-07-17 19:53:06,147] {dagbag.py:508} INFO - Filling up the DagBag from /home/airflow/.local/lib/python3.7/site-packages/airflow/example_dags/tutorial.py
[2022-07-17 19:53:06,153] {processor.py:651} INFO - DAG(s) dict_keys(['tutorial']) retrieved from /home/airflow/.local/lib/python3.7/site-packages/airflow/example_dags/tutorial.py
[2022-07-17 19:53:06,179] {logging_mixin.py:115} INFO - [2022-07-17 19:53:06,179] {dag.py:2420} INFO - Sync 1 DAGs
[2022-07-17 19:53:06,203] {logging_mixin.py:115} INFO - [2022-07-17 19:53:06,203] {dag.py:2972} INFO - Setting next_dagrun for tutorial to 2022-07-16T19:53:06.203014+00:00, run_after=2022-07-17T19:53:06.203014+00:00
[2022-07-17 19:53:06,215] {processor.py:161} INFO - Processing /home/airflow/.local/lib/python3.7/site-packages/airflow/example_dags/tutorial.py took 0.073 seconds
[2022-07-17 19:53:36,588] {processor.py:153} INFO - Started process (PID=2048) to work on /home/airflow/.local/lib/python3.7/site-packages/airflow/example_dags/tutorial.py
[2022-07-17 19:53:36,589] {processor.py:641} INFO - Processing file /home/airflow/.local/lib/python3.7/site-packages/airflow/example_dags/tutorial.py for tasks to queue
[2022-07-17 19:53:36,590] {logging_mixin.py:115} INFO - [2022-07-17 19:53:36,590] {dagbag.py:508} INFO - Filling up the DagBag from /home/airflow/.local/lib/python3.7/site-packages/airflow/example_dags/tutorial.py
[2022-07-17 19:53:36,598] {processor.py:651} INFO - DAG(s) dict_keys(['tutorial']) retrieved from /home/airflow/.local/lib/python3.7/site-packages/airflow/example_dags/tutorial.py
[2022-07-17 19:53:36,629] {logging_mixin.py:115} INFO - [2022-07-17 19:53:36,629] {dag.py:2420} INFO - Sync 1 DAGs
[2022-07-17 19:53:36,658] {logging_mixin.py:115} INFO - [2022-07-17 19:53:36,658] {dag.py:2972} INFO - Setting next_dagrun for tutorial to 2022-07-16T19:53:36.658231+00:00, run_after=2022-07-17T19:53:36.658231+00:00
[2022-07-17 19:53:36,677] {processor.py:161} INFO - Processing /home/airflow/.local/lib/python3.7/site-packages/airflow/example_dags/tutorial.py took 0.093 seconds
[2022-07-17 19:54:06,749] {processor.py:153} INFO - Started process (PID=2104) to work on /home/airflow/.local/lib/python3.7/site-packages/airflow/example_dags/tutorial.py
[2022-07-17 19:54:06,749] {processor.py:641} INFO - Processing file /home/airflow/.local/lib/python3.7/site-packages/airflow/example_dags/tutorial.py for tasks to queue
[2022-07-17 19:54:06,750] {logging_mixin.py:115} INFO - [2022-07-17 19:54:06,750] {dagbag.py:508} INFO - Filling up the DagBag from /home/airflow/.local/lib/python3.7/site-packages/airflow/example_dags/tutorial.py
[2022-07-17 19:54:06,756] {processor.py:651} INFO - DAG(s) dict_keys(['tutorial']) retrieved from /home/airflow/.local/lib/python3.7/site-packages/airflow/example_dags/tutorial.py
[2022-07-17 19:54:06,783] {logging_mixin.py:115} INFO - [2022-07-17 19:54:06,783] {dag.py:2420} INFO - Sync 1 DAGs
[2022-07-17 19:54:06,809] {logging_mixin.py:115} INFO - [2022-07-17 19:54:06,809] {dag.py:2972} INFO - Setting next_dagrun for tutorial to 2022-07-16T19:54:06.809321+00:00, run_after=2022-07-17T19:54:06.809321+00:00
[2022-07-17 19:54:06,823] {processor.py:161} INFO - Processing /home/airflow/.local/lib/python3.7/site-packages/airflow/example_dags/tutorial.py took 0.079 seconds
[2022-07-17 19:54:36,895] {processor.py:153} INFO - Started process (PID=2168) to work on /home/airflow/.local/lib/python3.7/site-packages/airflow/example_dags/tutorial.py
[2022-07-17 19:54:36,896] {processor.py:641} INFO - Processing file /home/airflow/.local/lib/python3.7/site-packages/airflow/example_dags/tutorial.py for tasks to queue
[2022-07-17 19:54:36,896] {logging_mixin.py:115} INFO - [2022-07-17 19:54:36,896] {dagbag.py:508} INFO - Filling up the DagBag from /home/airflow/.local/lib/python3.7/site-packages/airflow/example_dags/tutorial.py
[2022-07-17 19:54:36,902] {processor.py:651} INFO - DAG(s) dict_keys(['tutorial']) retrieved from /home/airflow/.local/lib/python3.7/site-packages/airflow/example_dags/tutorial.py
[2022-07-17 19:54:36,939] {logging_mixin.py:115} INFO - [2022-07-17 19:54:36,939] {dag.py:2420} INFO - Sync 1 DAGs
[2022-07-17 19:54:36,976] {logging_mixin.py:115} INFO - [2022-07-17 19:54:36,976] {dag.py:2972} INFO - Setting next_dagrun for tutorial to 2022-07-16T19:54:36.975795+00:00, run_after=2022-07-17T19:54:36.975795+00:00
[2022-07-17 19:54:36,993] {processor.py:161} INFO - Processing /home/airflow/.local/lib/python3.7/site-packages/airflow/example_dags/tutorial.py took 0.101 seconds
[2022-07-17 19:55:07,171] {processor.py:153} INFO - Started process (PID=2223) to work on /home/airflow/.local/lib/python3.7/site-packages/airflow/example_dags/tutorial.py
[2022-07-17 19:55:07,172] {processor.py:641} INFO - Processing file /home/airflow/.local/lib/python3.7/site-packages/airflow/example_dags/tutorial.py for tasks to queue
[2022-07-17 19:55:07,173] {logging_mixin.py:115} INFO - [2022-07-17 19:55:07,173] {dagbag.py:508} INFO - Filling up the DagBag from /home/airflow/.local/lib/python3.7/site-packages/airflow/example_dags/tutorial.py
[2022-07-17 19:55:07,179] {processor.py:651} INFO - DAG(s) dict_keys(['tutorial']) retrieved from /home/airflow/.local/lib/python3.7/site-packages/airflow/example_dags/tutorial.py
[2022-07-17 19:55:07,213] {logging_mixin.py:115} INFO - [2022-07-17 19:55:07,213] {dag.py:2420} INFO - Sync 1 DAGs
[2022-07-17 19:55:07,245] {logging_mixin.py:115} INFO - [2022-07-17 19:55:07,245] {dag.py:2972} INFO - Setting next_dagrun for tutorial to 2022-07-16T19:55:07.244837+00:00, run_after=2022-07-17T19:55:07.244837+00:00
[2022-07-17 19:55:07,260] {processor.py:161} INFO - Processing /home/airflow/.local/lib/python3.7/site-packages/airflow/example_dags/tutorial.py took 0.093 seconds
[2022-07-17 19:55:37,666] {processor.py:153} INFO - Started process (PID=2289) to work on /home/airflow/.local/lib/python3.7/site-packages/airflow/example_dags/tutorial.py
[2022-07-17 19:55:37,667] {processor.py:641} INFO - Processing file /home/airflow/.local/lib/python3.7/site-packages/airflow/example_dags/tutorial.py for tasks to queue
[2022-07-17 19:55:37,667] {logging_mixin.py:115} INFO - [2022-07-17 19:55:37,667] {dagbag.py:508} INFO - Filling up the DagBag from /home/airflow/.local/lib/python3.7/site-packages/airflow/example_dags/tutorial.py
[2022-07-17 19:55:37,674] {processor.py:651} INFO - DAG(s) dict_keys(['tutorial']) retrieved from /home/airflow/.local/lib/python3.7/site-packages/airflow/example_dags/tutorial.py
[2022-07-17 19:55:37,702] {logging_mixin.py:115} INFO - [2022-07-17 19:55:37,702] {dag.py:2420} INFO - Sync 1 DAGs
[2022-07-17 19:55:37,727] {logging_mixin.py:115} INFO - [2022-07-17 19:55:37,727] {dag.py:2972} INFO - Setting next_dagrun for tutorial to 2022-07-16T19:55:37.727487+00:00, run_after=2022-07-17T19:55:37.727487+00:00
[2022-07-17 19:55:37,742] {processor.py:161} INFO - Processing /home/airflow/.local/lib/python3.7/site-packages/airflow/example_dags/tutorial.py took 0.080 seconds
[2022-07-17 19:56:08,285] {processor.py:153} INFO - Started process (PID=2355) to work on /home/airflow/.local/lib/python3.7/site-packages/airflow/example_dags/tutorial.py
[2022-07-17 19:56:08,286] {processor.py:641} INFO - Processing file /home/airflow/.local/lib/python3.7/site-packages/airflow/example_dags/tutorial.py for tasks to queue
[2022-07-17 19:56:08,286] {logging_mixin.py:115} INFO - [2022-07-17 19:56:08,286] {dagbag.py:508} INFO - Filling up the DagBag from /home/airflow/.local/lib/python3.7/site-packages/airflow/example_dags/tutorial.py
[2022-07-17 19:56:08,294] {processor.py:651} INFO - DAG(s) dict_keys(['tutorial']) retrieved from /home/airflow/.local/lib/python3.7/site-packages/airflow/example_dags/tutorial.py
[2022-07-17 19:56:08,330] {logging_mixin.py:115} INFO - [2022-07-17 19:56:08,330] {dag.py:2420} INFO - Sync 1 DAGs
[2022-07-17 19:56:08,367] {logging_mixin.py:115} INFO - [2022-07-17 19:56:08,367] {dag.py:2972} INFO - Setting next_dagrun for tutorial to 2022-07-16T19:56:08.367174+00:00, run_after=2022-07-17T19:56:08.367174+00:00
[2022-07-17 19:56:08,387] {processor.py:161} INFO - Processing /home/airflow/.local/lib/python3.7/site-packages/airflow/example_dags/tutorial.py took 0.107 seconds
[2022-07-17 19:56:38,531] {processor.py:153} INFO - Started process (PID=2410) to work on /home/airflow/.local/lib/python3.7/site-packages/airflow/example_dags/tutorial.py
[2022-07-17 19:56:38,531] {processor.py:641} INFO - Processing file /home/airflow/.local/lib/python3.7/site-packages/airflow/example_dags/tutorial.py for tasks to queue
[2022-07-17 19:56:38,532] {logging_mixin.py:115} INFO - [2022-07-17 19:56:38,532] {dagbag.py:508} INFO - Filling up the DagBag from /home/airflow/.local/lib/python3.7/site-packages/airflow/example_dags/tutorial.py
[2022-07-17 19:56:38,537] {processor.py:651} INFO - DAG(s) dict_keys(['tutorial']) retrieved from /home/airflow/.local/lib/python3.7/site-packages/airflow/example_dags/tutorial.py
[2022-07-17 19:56:38,563] {logging_mixin.py:115} INFO - [2022-07-17 19:56:38,563] {dag.py:2420} INFO - Sync 1 DAGs
[2022-07-17 19:56:38,588] {logging_mixin.py:115} INFO - [2022-07-17 19:56:38,588] {dag.py:2972} INFO - Setting next_dagrun for tutorial to 2022-07-16T19:56:38.587803+00:00, run_after=2022-07-17T19:56:38.587803+00:00
[2022-07-17 19:56:38,600] {processor.py:161} INFO - Processing /home/airflow/.local/lib/python3.7/site-packages/airflow/example_dags/tutorial.py took 0.072 seconds
[2022-07-17 19:57:08,809] {processor.py:153} INFO - Started process (PID=2474) to work on /home/airflow/.local/lib/python3.7/site-packages/airflow/example_dags/tutorial.py
[2022-07-17 19:57:08,809] {processor.py:641} INFO - Processing file /home/airflow/.local/lib/python3.7/site-packages/airflow/example_dags/tutorial.py for tasks to queue
[2022-07-17 19:57:08,810] {logging_mixin.py:115} INFO - [2022-07-17 19:57:08,810] {dagbag.py:508} INFO - Filling up the DagBag from /home/airflow/.local/lib/python3.7/site-packages/airflow/example_dags/tutorial.py
[2022-07-17 19:57:08,815] {processor.py:651} INFO - DAG(s) dict_keys(['tutorial']) retrieved from /home/airflow/.local/lib/python3.7/site-packages/airflow/example_dags/tutorial.py
[2022-07-17 19:57:08,846] {logging_mixin.py:115} INFO - [2022-07-17 19:57:08,846] {dag.py:2420} INFO - Sync 1 DAGs
[2022-07-17 19:57:08,876] {logging_mixin.py:115} INFO - [2022-07-17 19:57:08,876] {dag.py:2972} INFO - Setting next_dagrun for tutorial to 2022-07-16T19:57:08.876113+00:00, run_after=2022-07-17T19:57:08.876113+00:00
[2022-07-17 19:57:08,893] {processor.py:161} INFO - Processing /home/airflow/.local/lib/python3.7/site-packages/airflow/example_dags/tutorial.py took 0.087 seconds
[2022-07-17 19:57:38,976] {processor.py:153} INFO - Started process (PID=2529) to work on /home/airflow/.local/lib/python3.7/site-packages/airflow/example_dags/tutorial.py
[2022-07-17 19:57:38,977] {processor.py:641} INFO - Processing file /home/airflow/.local/lib/python3.7/site-packages/airflow/example_dags/tutorial.py for tasks to queue
[2022-07-17 19:57:38,977] {logging_mixin.py:115} INFO - [2022-07-17 19:57:38,977] {dagbag.py:508} INFO - Filling up the DagBag from /home/airflow/.local/lib/python3.7/site-packages/airflow/example_dags/tutorial.py
[2022-07-17 19:57:38,982] {processor.py:651} INFO - DAG(s) dict_keys(['tutorial']) retrieved from /home/airflow/.local/lib/python3.7/site-packages/airflow/example_dags/tutorial.py
[2022-07-17 19:57:39,012] {logging_mixin.py:115} INFO - [2022-07-17 19:57:39,012] {dag.py:2420} INFO - Sync 1 DAGs
[2022-07-17 19:57:39,043] {logging_mixin.py:115} INFO - [2022-07-17 19:57:39,042] {dag.py:2972} INFO - Setting next_dagrun for tutorial to 2022-07-16T19:57:39.042705+00:00, run_after=2022-07-17T19:57:39.042705+00:00
[2022-07-17 19:57:39,055] {processor.py:161} INFO - Processing /home/airflow/.local/lib/python3.7/site-packages/airflow/example_dags/tutorial.py took 0.082 seconds
[2022-07-17 19:58:09,165] {processor.py:153} INFO - Started process (PID=2593) to work on /home/airflow/.local/lib/python3.7/site-packages/airflow/example_dags/tutorial.py
[2022-07-17 19:58:09,166] {processor.py:641} INFO - Processing file /home/airflow/.local/lib/python3.7/site-packages/airflow/example_dags/tutorial.py for tasks to queue
[2022-07-17 19:58:09,167] {logging_mixin.py:115} INFO - [2022-07-17 19:58:09,167] {dagbag.py:508} INFO - Filling up the DagBag from /home/airflow/.local/lib/python3.7/site-packages/airflow/example_dags/tutorial.py
[2022-07-17 19:58:09,172] {processor.py:651} INFO - DAG(s) dict_keys(['tutorial']) retrieved from /home/airflow/.local/lib/python3.7/site-packages/airflow/example_dags/tutorial.py
[2022-07-17 19:58:09,200] {logging_mixin.py:115} INFO - [2022-07-17 19:58:09,200] {dag.py:2420} INFO - Sync 1 DAGs
[2022-07-17 19:58:09,229] {logging_mixin.py:115} INFO - [2022-07-17 19:58:09,229] {dag.py:2972} INFO - Setting next_dagrun for tutorial to 2022-07-16T19:58:09.229092+00:00, run_after=2022-07-17T19:58:09.229092+00:00
[2022-07-17 19:58:09,244] {processor.py:161} INFO - Processing /home/airflow/.local/lib/python3.7/site-packages/airflow/example_dags/tutorial.py took 0.082 seconds
[2022-07-17 19:58:39,289] {processor.py:153} INFO - Started process (PID=2647) to work on /home/airflow/.local/lib/python3.7/site-packages/airflow/example_dags/tutorial.py
[2022-07-17 19:58:39,290] {processor.py:641} INFO - Processing file /home/airflow/.local/lib/python3.7/site-packages/airflow/example_dags/tutorial.py for tasks to queue
[2022-07-17 19:58:39,290] {logging_mixin.py:115} INFO - [2022-07-17 19:58:39,290] {dagbag.py:508} INFO - Filling up the DagBag from /home/airflow/.local/lib/python3.7/site-packages/airflow/example_dags/tutorial.py
[2022-07-17 19:58:39,296] {processor.py:651} INFO - DAG(s) dict_keys(['tutorial']) retrieved from /home/airflow/.local/lib/python3.7/site-packages/airflow/example_dags/tutorial.py
[2022-07-17 19:58:39,323] {logging_mixin.py:115} INFO - [2022-07-17 19:58:39,323] {dag.py:2420} INFO - Sync 1 DAGs
[2022-07-17 19:58:39,347] {logging_mixin.py:115} INFO - [2022-07-17 19:58:39,347] {dag.py:2972} INFO - Setting next_dagrun for tutorial to 2022-07-16T19:58:39.347445+00:00, run_after=2022-07-17T19:58:39.347445+00:00
[2022-07-17 19:58:39,364] {processor.py:161} INFO - Processing /home/airflow/.local/lib/python3.7/site-packages/airflow/example_dags/tutorial.py took 0.078 seconds
[2022-07-17 19:59:09,733] {processor.py:153} INFO - Started process (PID=2711) to work on /home/airflow/.local/lib/python3.7/site-packages/airflow/example_dags/tutorial.py
[2022-07-17 19:59:09,733] {processor.py:641} INFO - Processing file /home/airflow/.local/lib/python3.7/site-packages/airflow/example_dags/tutorial.py for tasks to queue
[2022-07-17 19:59:09,734] {logging_mixin.py:115} INFO - [2022-07-17 19:59:09,734] {dagbag.py:508} INFO - Filling up the DagBag from /home/airflow/.local/lib/python3.7/site-packages/airflow/example_dags/tutorial.py
[2022-07-17 19:59:09,740] {processor.py:651} INFO - DAG(s) dict_keys(['tutorial']) retrieved from /home/airflow/.local/lib/python3.7/site-packages/airflow/example_dags/tutorial.py
[2022-07-17 19:59:09,769] {logging_mixin.py:115} INFO - [2022-07-17 19:59:09,769] {dag.py:2420} INFO - Sync 1 DAGs
[2022-07-17 19:59:09,798] {logging_mixin.py:115} INFO - [2022-07-17 19:59:09,798] {dag.py:2972} INFO - Setting next_dagrun for tutorial to 2022-07-16T19:59:09.798096+00:00, run_after=2022-07-17T19:59:09.798096+00:00
[2022-07-17 19:59:09,815] {processor.py:161} INFO - Processing /home/airflow/.local/lib/python3.7/site-packages/airflow/example_dags/tutorial.py took 0.086 seconds
[2022-07-17 19:59:39,934] {processor.py:153} INFO - Started process (PID=2776) to work on /home/airflow/.local/lib/python3.7/site-packages/airflow/example_dags/tutorial.py
[2022-07-17 19:59:39,934] {processor.py:641} INFO - Processing file /home/airflow/.local/lib/python3.7/site-packages/airflow/example_dags/tutorial.py for tasks to queue
[2022-07-17 19:59:39,935] {logging_mixin.py:115} INFO - [2022-07-17 19:59:39,935] {dagbag.py:508} INFO - Filling up the DagBag from /home/airflow/.local/lib/python3.7/site-packages/airflow/example_dags/tutorial.py
[2022-07-17 19:59:39,940] {processor.py:651} INFO - DAG(s) dict_keys(['tutorial']) retrieved from /home/airflow/.local/lib/python3.7/site-packages/airflow/example_dags/tutorial.py
[2022-07-17 19:59:39,976] {logging_mixin.py:115} INFO - [2022-07-17 19:59:39,976] {dag.py:2420} INFO - Sync 1 DAGs
[2022-07-17 19:59:40,010] {logging_mixin.py:115} INFO - [2022-07-17 19:59:40,010] {dag.py:2972} INFO - Setting next_dagrun for tutorial to 2022-07-16T19:59:40.010098+00:00, run_after=2022-07-17T19:59:40.010098+00:00
[2022-07-17 19:59:40,024] {processor.py:161} INFO - Processing /home/airflow/.local/lib/python3.7/site-packages/airflow/example_dags/tutorial.py took 0.094 seconds
[2022-07-17 20:00:10,303] {processor.py:153} INFO - Started process (PID=2832) to work on /home/airflow/.local/lib/python3.7/site-packages/airflow/example_dags/tutorial.py
[2022-07-17 20:00:10,304] {processor.py:641} INFO - Processing file /home/airflow/.local/lib/python3.7/site-packages/airflow/example_dags/tutorial.py for tasks to queue
[2022-07-17 20:00:10,304] {logging_mixin.py:115} INFO - [2022-07-17 20:00:10,304] {dagbag.py:508} INFO - Filling up the DagBag from /home/airflow/.local/lib/python3.7/site-packages/airflow/example_dags/tutorial.py
[2022-07-17 20:00:10,309] {processor.py:651} INFO - DAG(s) dict_keys(['tutorial']) retrieved from /home/airflow/.local/lib/python3.7/site-packages/airflow/example_dags/tutorial.py
[2022-07-17 20:00:10,335] {logging_mixin.py:115} INFO - [2022-07-17 20:00:10,335] {dag.py:2420} INFO - Sync 1 DAGs
[2022-07-17 20:00:10,361] {logging_mixin.py:115} INFO - [2022-07-17 20:00:10,361] {dag.py:2972} INFO - Setting next_dagrun for tutorial to 2022-07-16T20:00:10.361005+00:00, run_after=2022-07-17T20:00:10.361005+00:00
[2022-07-17 20:00:10,375] {processor.py:161} INFO - Processing /home/airflow/.local/lib/python3.7/site-packages/airflow/example_dags/tutorial.py took 0.075 seconds
[2022-07-17 20:00:40,857] {processor.py:153} INFO - Started process (PID=2898) to work on /home/airflow/.local/lib/python3.7/site-packages/airflow/example_dags/tutorial.py
[2022-07-17 20:00:40,858] {processor.py:641} INFO - Processing file /home/airflow/.local/lib/python3.7/site-packages/airflow/example_dags/tutorial.py for tasks to queue
[2022-07-17 20:00:40,858] {logging_mixin.py:115} INFO - [2022-07-17 20:00:40,858] {dagbag.py:508} INFO - Filling up the DagBag from /home/airflow/.local/lib/python3.7/site-packages/airflow/example_dags/tutorial.py
[2022-07-17 20:00:40,864] {processor.py:651} INFO - DAG(s) dict_keys(['tutorial']) retrieved from /home/airflow/.local/lib/python3.7/site-packages/airflow/example_dags/tutorial.py
[2022-07-17 20:00:40,890] {logging_mixin.py:115} INFO - [2022-07-17 20:00:40,890] {dag.py:2420} INFO - Sync 1 DAGs
[2022-07-17 20:00:40,914] {logging_mixin.py:115} INFO - [2022-07-17 20:00:40,914] {dag.py:2972} INFO - Setting next_dagrun for tutorial to 2022-07-16T20:00:40.914459+00:00, run_after=2022-07-17T20:00:40.914459+00:00
[2022-07-17 20:00:40,927] {processor.py:161} INFO - Processing /home/airflow/.local/lib/python3.7/site-packages/airflow/example_dags/tutorial.py took 0.073 seconds
[2022-07-17 20:01:12,088] {processor.py:153} INFO - Started process (PID=2953) to work on /home/airflow/.local/lib/python3.7/site-packages/airflow/example_dags/tutorial.py
[2022-07-17 20:01:12,089] {processor.py:641} INFO - Processing file /home/airflow/.local/lib/python3.7/site-packages/airflow/example_dags/tutorial.py for tasks to queue
[2022-07-17 20:01:12,089] {logging_mixin.py:115} INFO - [2022-07-17 20:01:12,089] {dagbag.py:508} INFO - Filling up the DagBag from /home/airflow/.local/lib/python3.7/site-packages/airflow/example_dags/tutorial.py
[2022-07-17 20:01:12,094] {processor.py:651} INFO - DAG(s) dict_keys(['tutorial']) retrieved from /home/airflow/.local/lib/python3.7/site-packages/airflow/example_dags/tutorial.py
[2022-07-17 20:01:12,118] {logging_mixin.py:115} INFO - [2022-07-17 20:01:12,118] {dag.py:2420} INFO - Sync 1 DAGs
[2022-07-17 20:01:12,141] {logging_mixin.py:115} INFO - [2022-07-17 20:01:12,141] {dag.py:2972} INFO - Setting next_dagrun for tutorial to 2022-07-16T20:01:12.141316+00:00, run_after=2022-07-17T20:01:12.141316+00:00
[2022-07-17 20:01:12,155] {processor.py:161} INFO - Processing /home/airflow/.local/lib/python3.7/site-packages/airflow/example_dags/tutorial.py took 0.069 seconds
[2022-07-17 20:01:42,482] {processor.py:153} INFO - Started process (PID=3017) to work on /home/airflow/.local/lib/python3.7/site-packages/airflow/example_dags/tutorial.py
[2022-07-17 20:01:42,483] {processor.py:641} INFO - Processing file /home/airflow/.local/lib/python3.7/site-packages/airflow/example_dags/tutorial.py for tasks to queue
[2022-07-17 20:01:42,483] {logging_mixin.py:115} INFO - [2022-07-17 20:01:42,483] {dagbag.py:508} INFO - Filling up the DagBag from /home/airflow/.local/lib/python3.7/site-packages/airflow/example_dags/tutorial.py
[2022-07-17 20:01:42,488] {processor.py:651} INFO - DAG(s) dict_keys(['tutorial']) retrieved from /home/airflow/.local/lib/python3.7/site-packages/airflow/example_dags/tutorial.py
[2022-07-17 20:01:42,515] {logging_mixin.py:115} INFO - [2022-07-17 20:01:42,515] {dag.py:2420} INFO - Sync 1 DAGs
[2022-07-17 20:01:42,539] {logging_mixin.py:115} INFO - [2022-07-17 20:01:42,539] {dag.py:2972} INFO - Setting next_dagrun for tutorial to 2022-07-16T20:01:42.539033+00:00, run_after=2022-07-17T20:01:42.539033+00:00
[2022-07-17 20:01:42,553] {processor.py:161} INFO - Processing /home/airflow/.local/lib/python3.7/site-packages/airflow/example_dags/tutorial.py took 0.073 seconds
[2022-07-17 20:02:12,752] {processor.py:153} INFO - Started process (PID=3082) to work on /home/airflow/.local/lib/python3.7/site-packages/airflow/example_dags/tutorial.py
[2022-07-17 20:02:12,752] {processor.py:641} INFO - Processing file /home/airflow/.local/lib/python3.7/site-packages/airflow/example_dags/tutorial.py for tasks to queue
[2022-07-17 20:02:12,753] {logging_mixin.py:115} INFO - [2022-07-17 20:02:12,753] {dagbag.py:508} INFO - Filling up the DagBag from /home/airflow/.local/lib/python3.7/site-packages/airflow/example_dags/tutorial.py
[2022-07-17 20:02:12,760] {processor.py:651} INFO - DAG(s) dict_keys(['tutorial']) retrieved from /home/airflow/.local/lib/python3.7/site-packages/airflow/example_dags/tutorial.py
[2022-07-17 20:02:12,793] {logging_mixin.py:115} INFO - [2022-07-17 20:02:12,793] {dag.py:2420} INFO - Sync 1 DAGs
[2022-07-17 20:02:12,831] {logging_mixin.py:115} INFO - [2022-07-17 20:02:12,831] {dag.py:2972} INFO - Setting next_dagrun for tutorial to 2022-07-16T20:02:12.831265+00:00, run_after=2022-07-17T20:02:12.831265+00:00
[2022-07-17 20:02:12,850] {processor.py:161} INFO - Processing /home/airflow/.local/lib/python3.7/site-packages/airflow/example_dags/tutorial.py took 0.102 seconds
[2022-07-17 20:02:43,322] {processor.py:153} INFO - Started process (PID=3137) to work on /home/airflow/.local/lib/python3.7/site-packages/airflow/example_dags/tutorial.py
[2022-07-17 20:02:43,323] {processor.py:641} INFO - Processing file /home/airflow/.local/lib/python3.7/site-packages/airflow/example_dags/tutorial.py for tasks to queue
[2022-07-17 20:02:43,323] {logging_mixin.py:115} INFO - [2022-07-17 20:02:43,323] {dagbag.py:508} INFO - Filling up the DagBag from /home/airflow/.local/lib/python3.7/site-packages/airflow/example_dags/tutorial.py
[2022-07-17 20:02:43,330] {processor.py:651} INFO - DAG(s) dict_keys(['tutorial']) retrieved from /home/airflow/.local/lib/python3.7/site-packages/airflow/example_dags/tutorial.py
[2022-07-17 20:02:43,364] {logging_mixin.py:115} INFO - [2022-07-17 20:02:43,364] {dag.py:2420} INFO - Sync 1 DAGs
[2022-07-17 20:02:43,392] {logging_mixin.py:115} INFO - [2022-07-17 20:02:43,392] {dag.py:2972} INFO - Setting next_dagrun for tutorial to 2022-07-16T20:02:43.392431+00:00, run_after=2022-07-17T20:02:43.392431+00:00
[2022-07-17 20:02:43,407] {processor.py:161} INFO - Processing /home/airflow/.local/lib/python3.7/site-packages/airflow/example_dags/tutorial.py took 0.089 seconds
[2022-07-17 20:03:13,753] {processor.py:153} INFO - Started process (PID=3201) to work on /home/airflow/.local/lib/python3.7/site-packages/airflow/example_dags/tutorial.py
[2022-07-17 20:03:13,754] {processor.py:641} INFO - Processing file /home/airflow/.local/lib/python3.7/site-packages/airflow/example_dags/tutorial.py for tasks to queue
[2022-07-17 20:03:13,755] {logging_mixin.py:115} INFO - [2022-07-17 20:03:13,755] {dagbag.py:508} INFO - Filling up the DagBag from /home/airflow/.local/lib/python3.7/site-packages/airflow/example_dags/tutorial.py
[2022-07-17 20:03:13,764] {processor.py:651} INFO - DAG(s) dict_keys(['tutorial']) retrieved from /home/airflow/.local/lib/python3.7/site-packages/airflow/example_dags/tutorial.py
[2022-07-17 20:03:13,803] {logging_mixin.py:115} INFO - [2022-07-17 20:03:13,803] {dag.py:2420} INFO - Sync 1 DAGs
[2022-07-17 20:03:13,845] {logging_mixin.py:115} INFO - [2022-07-17 20:03:13,845] {dag.py:2972} INFO - Setting next_dagrun for tutorial to 2022-07-16T20:03:13.845310+00:00, run_after=2022-07-17T20:03:13.845310+00:00
[2022-07-17 20:03:13,868] {processor.py:161} INFO - Processing /home/airflow/.local/lib/python3.7/site-packages/airflow/example_dags/tutorial.py took 0.119 seconds
[2022-07-17 20:03:44,384] {processor.py:153} INFO - Started process (PID=3256) to work on /home/airflow/.local/lib/python3.7/site-packages/airflow/example_dags/tutorial.py
[2022-07-17 20:03:44,385] {processor.py:641} INFO - Processing file /home/airflow/.local/lib/python3.7/site-packages/airflow/example_dags/tutorial.py for tasks to queue
[2022-07-17 20:03:44,385] {logging_mixin.py:115} INFO - [2022-07-17 20:03:44,385] {dagbag.py:508} INFO - Filling up the DagBag from /home/airflow/.local/lib/python3.7/site-packages/airflow/example_dags/tutorial.py
[2022-07-17 20:03:44,391] {processor.py:651} INFO - DAG(s) dict_keys(['tutorial']) retrieved from /home/airflow/.local/lib/python3.7/site-packages/airflow/example_dags/tutorial.py
[2022-07-17 20:03:44,420] {logging_mixin.py:115} INFO - [2022-07-17 20:03:44,420] {dag.py:2420} INFO - Sync 1 DAGs
[2022-07-17 20:03:44,448] {logging_mixin.py:115} INFO - [2022-07-17 20:03:44,448] {dag.py:2972} INFO - Setting next_dagrun for tutorial to 2022-07-16T20:03:44.448130+00:00, run_after=2022-07-17T20:03:44.448130+00:00
[2022-07-17 20:03:44,463] {processor.py:161} INFO - Processing /home/airflow/.local/lib/python3.7/site-packages/airflow/example_dags/tutorial.py took 0.082 seconds
