[2022-07-18 13:38:26,761] {taskinstance.py:1179} INFO - Dependencies all met for <TaskInstance: etl_dag.sleep manual__2022-07-18T13:38:22.325671+00:00 [queued]>
[2022-07-18 13:38:26,781] {taskinstance.py:1179} INFO - Dependencies all met for <TaskInstance: etl_dag.sleep manual__2022-07-18T13:38:22.325671+00:00 [queued]>
[2022-07-18 13:38:26,781] {taskinstance.py:1376} INFO - 
--------------------------------------------------------------------------------
[2022-07-18 13:38:26,781] {taskinstance.py:1377} INFO - Starting attempt 1 of 1
[2022-07-18 13:38:26,781] {taskinstance.py:1378} INFO - 
--------------------------------------------------------------------------------
[2022-07-18 13:38:26,813] {taskinstance.py:1397} INFO - Executing <Task(BashOperator): sleep> on 2022-07-18 13:38:22.325671+00:00
[2022-07-18 13:38:26,821] {standard_task_runner.py:52} INFO - Started process 2243 to run task
[2022-07-18 13:38:26,826] {standard_task_runner.py:79} INFO - Running: ['***', 'tasks', 'run', 'etl_dag', 'sleep', 'manual__2022-07-18T13:38:22.325671+00:00', '--job-id', '23', '--raw', '--subdir', 'DAGS_FOLDER/etl_dag.py', '--cfg-path', '/tmp/tmpq6jt3nel', '--error-file', '/tmp/tmpjmonnmgt']
[2022-07-18 13:38:26,827] {standard_task_runner.py:80} INFO - Job 23: Subtask sleep
[2022-07-18 13:38:26,918] {task_command.py:371} INFO - Running <TaskInstance: etl_dag.sleep manual__2022-07-18T13:38:22.325671+00:00 [running]> on host 70b17816bd7e
[2022-07-18 13:38:27,044] {taskinstance.py:1591} INFO - Exporting the following env vars:
AIRFLOW_CTX_DAG_OWNER=***
AIRFLOW_CTX_DAG_ID=etl_dag
AIRFLOW_CTX_TASK_ID=sleep
AIRFLOW_CTX_EXECUTION_DATE=2022-07-18T13:38:22.325671+00:00
AIRFLOW_CTX_TRY_NUMBER=1
AIRFLOW_CTX_DAG_RUN_ID=manual__2022-07-18T13:38:22.325671+00:00
[2022-07-18 13:38:27,046] {subprocess.py:62} INFO - Tmp dir root location: 
 /tmp
[2022-07-18 13:38:27,047] {subprocess.py:74} INFO - Running command: ['bash', '-c', 'sleep 3']
[2022-07-18 13:38:27,064] {subprocess.py:85} INFO - Output:
[2022-07-18 13:38:30,069] {subprocess.py:96} INFO - Command exited with return code 0
[2022-07-18 13:38:30,158] {taskinstance.py:1420} INFO - Marking task as SUCCESS. dag_id=etl_dag, task_id=sleep, execution_date=20220718T133822, start_date=20220718T133826, end_date=20220718T133830
[2022-07-18 13:38:30,211] {local_task_job.py:156} INFO - Task exited with return code 0
[2022-07-18 13:38:30,289] {local_task_job.py:273} INFO - 1 downstream tasks scheduled from follow-on schedule check
