[2022-07-21 06:28:01,022] {processor.py:153} INFO - Started process (PID=57) to work on /home/airflow/.local/lib/python3.7/site-packages/airflow/example_dags/example_kubernetes_executor.py
[2022-07-21 06:28:01,023] {processor.py:641} INFO - Processing file /home/airflow/.local/lib/python3.7/site-packages/airflow/example_dags/example_kubernetes_executor.py for tasks to queue
[2022-07-21 06:28:01,024] {logging_mixin.py:115} INFO - [2022-07-21 06:28:01,024] {dagbag.py:508} INFO - Filling up the DagBag from /home/airflow/.local/lib/python3.7/site-packages/airflow/example_dags/example_kubernetes_executor.py
[2022-07-21 06:28:01,072] {processor.py:651} INFO - DAG(s) dict_keys(['example_kubernetes_executor']) retrieved from /home/airflow/.local/lib/python3.7/site-packages/airflow/example_dags/example_kubernetes_executor.py
[2022-07-21 06:28:01,113] {logging_mixin.py:115} INFO - [2022-07-21 06:28:01,112] {dag.py:2420} INFO - Sync 1 DAGs
[2022-07-21 06:28:01,156] {logging_mixin.py:115} INFO - [2022-07-21 06:28:01,156] {dag.py:2972} INFO - Setting next_dagrun for example_kubernetes_executor to None, run_after=None
[2022-07-21 06:28:01,179] {processor.py:161} INFO - Processing /home/airflow/.local/lib/python3.7/site-packages/airflow/example_dags/example_kubernetes_executor.py took 0.162 seconds
[2022-07-21 06:28:32,151] {processor.py:153} INFO - Started process (PID=129) to work on /home/airflow/.local/lib/python3.7/site-packages/airflow/example_dags/example_kubernetes_executor.py
[2022-07-21 06:28:32,151] {processor.py:641} INFO - Processing file /home/airflow/.local/lib/python3.7/site-packages/airflow/example_dags/example_kubernetes_executor.py for tasks to queue
[2022-07-21 06:28:32,152] {logging_mixin.py:115} INFO - [2022-07-21 06:28:32,152] {dagbag.py:508} INFO - Filling up the DagBag from /home/airflow/.local/lib/python3.7/site-packages/airflow/example_dags/example_kubernetes_executor.py
[2022-07-21 06:28:32,194] {processor.py:651} INFO - DAG(s) dict_keys(['example_kubernetes_executor']) retrieved from /home/airflow/.local/lib/python3.7/site-packages/airflow/example_dags/example_kubernetes_executor.py
[2022-07-21 06:28:32,234] {logging_mixin.py:115} INFO - [2022-07-21 06:28:32,234] {dag.py:2420} INFO - Sync 1 DAGs
[2022-07-21 06:28:32,273] {logging_mixin.py:115} INFO - [2022-07-21 06:28:32,273] {dag.py:2972} INFO - Setting next_dagrun for example_kubernetes_executor to None, run_after=None
[2022-07-21 06:28:32,289] {processor.py:161} INFO - Processing /home/airflow/.local/lib/python3.7/site-packages/airflow/example_dags/example_kubernetes_executor.py took 0.143 seconds
[2022-07-21 06:29:02,538] {processor.py:153} INFO - Started process (PID=185) to work on /home/airflow/.local/lib/python3.7/site-packages/airflow/example_dags/example_kubernetes_executor.py
[2022-07-21 06:29:02,539] {processor.py:641} INFO - Processing file /home/airflow/.local/lib/python3.7/site-packages/airflow/example_dags/example_kubernetes_executor.py for tasks to queue
[2022-07-21 06:29:02,540] {logging_mixin.py:115} INFO - [2022-07-21 06:29:02,540] {dagbag.py:508} INFO - Filling up the DagBag from /home/airflow/.local/lib/python3.7/site-packages/airflow/example_dags/example_kubernetes_executor.py
[2022-07-21 06:29:02,568] {processor.py:651} INFO - DAG(s) dict_keys(['example_kubernetes_executor']) retrieved from /home/airflow/.local/lib/python3.7/site-packages/airflow/example_dags/example_kubernetes_executor.py
[2022-07-21 06:29:02,597] {logging_mixin.py:115} INFO - [2022-07-21 06:29:02,597] {dag.py:2420} INFO - Sync 1 DAGs
[2022-07-21 06:29:02,622] {logging_mixin.py:115} INFO - [2022-07-21 06:29:02,622] {dag.py:2972} INFO - Setting next_dagrun for example_kubernetes_executor to None, run_after=None
[2022-07-21 06:29:02,636] {processor.py:161} INFO - Processing /home/airflow/.local/lib/python3.7/site-packages/airflow/example_dags/example_kubernetes_executor.py took 0.102 seconds
[2022-07-21 06:29:32,784] {processor.py:153} INFO - Started process (PID=249) to work on /home/airflow/.local/lib/python3.7/site-packages/airflow/example_dags/example_kubernetes_executor.py
[2022-07-21 06:29:32,784] {processor.py:641} INFO - Processing file /home/airflow/.local/lib/python3.7/site-packages/airflow/example_dags/example_kubernetes_executor.py for tasks to queue
[2022-07-21 06:29:32,785] {logging_mixin.py:115} INFO - [2022-07-21 06:29:32,785] {dagbag.py:508} INFO - Filling up the DagBag from /home/airflow/.local/lib/python3.7/site-packages/airflow/example_dags/example_kubernetes_executor.py
[2022-07-21 06:29:32,815] {processor.py:651} INFO - DAG(s) dict_keys(['example_kubernetes_executor']) retrieved from /home/airflow/.local/lib/python3.7/site-packages/airflow/example_dags/example_kubernetes_executor.py
[2022-07-21 06:29:32,848] {logging_mixin.py:115} INFO - [2022-07-21 06:29:32,848] {dag.py:2420} INFO - Sync 1 DAGs
[2022-07-21 06:29:32,876] {logging_mixin.py:115} INFO - [2022-07-21 06:29:32,875] {dag.py:2972} INFO - Setting next_dagrun for example_kubernetes_executor to None, run_after=None
[2022-07-21 06:29:32,891] {processor.py:161} INFO - Processing /home/airflow/.local/lib/python3.7/site-packages/airflow/example_dags/example_kubernetes_executor.py took 0.110 seconds
[2022-07-21 06:30:03,358] {processor.py:153} INFO - Started process (PID=303) to work on /home/airflow/.local/lib/python3.7/site-packages/airflow/example_dags/example_kubernetes_executor.py
[2022-07-21 06:30:03,359] {processor.py:641} INFO - Processing file /home/airflow/.local/lib/python3.7/site-packages/airflow/example_dags/example_kubernetes_executor.py for tasks to queue
[2022-07-21 06:30:03,360] {logging_mixin.py:115} INFO - [2022-07-21 06:30:03,359] {dagbag.py:508} INFO - Filling up the DagBag from /home/airflow/.local/lib/python3.7/site-packages/airflow/example_dags/example_kubernetes_executor.py
[2022-07-21 06:30:03,396] {processor.py:651} INFO - DAG(s) dict_keys(['example_kubernetes_executor']) retrieved from /home/airflow/.local/lib/python3.7/site-packages/airflow/example_dags/example_kubernetes_executor.py
[2022-07-21 06:30:03,429] {logging_mixin.py:115} INFO - [2022-07-21 06:30:03,429] {dag.py:2420} INFO - Sync 1 DAGs
[2022-07-21 06:30:03,461] {logging_mixin.py:115} INFO - [2022-07-21 06:30:03,461] {dag.py:2972} INFO - Setting next_dagrun for example_kubernetes_executor to None, run_after=None
[2022-07-21 06:30:03,478] {processor.py:161} INFO - Processing /home/airflow/.local/lib/python3.7/site-packages/airflow/example_dags/example_kubernetes_executor.py took 0.125 seconds
[2022-07-21 06:30:33,672] {processor.py:153} INFO - Started process (PID=368) to work on /home/airflow/.local/lib/python3.7/site-packages/airflow/example_dags/example_kubernetes_executor.py
[2022-07-21 06:30:33,673] {processor.py:641} INFO - Processing file /home/airflow/.local/lib/python3.7/site-packages/airflow/example_dags/example_kubernetes_executor.py for tasks to queue
[2022-07-21 06:30:33,673] {logging_mixin.py:115} INFO - [2022-07-21 06:30:33,673] {dagbag.py:508} INFO - Filling up the DagBag from /home/airflow/.local/lib/python3.7/site-packages/airflow/example_dags/example_kubernetes_executor.py
[2022-07-21 06:30:33,708] {processor.py:651} INFO - DAG(s) dict_keys(['example_kubernetes_executor']) retrieved from /home/airflow/.local/lib/python3.7/site-packages/airflow/example_dags/example_kubernetes_executor.py
[2022-07-21 06:30:33,746] {logging_mixin.py:115} INFO - [2022-07-21 06:30:33,746] {dag.py:2420} INFO - Sync 1 DAGs
[2022-07-21 06:30:33,781] {logging_mixin.py:115} INFO - [2022-07-21 06:30:33,781] {dag.py:2972} INFO - Setting next_dagrun for example_kubernetes_executor to None, run_after=None
[2022-07-21 06:30:33,805] {processor.py:161} INFO - Processing /home/airflow/.local/lib/python3.7/site-packages/airflow/example_dags/example_kubernetes_executor.py took 0.137 seconds
[2022-07-21 06:31:04,329] {processor.py:153} INFO - Started process (PID=422) to work on /home/airflow/.local/lib/python3.7/site-packages/airflow/example_dags/example_kubernetes_executor.py
[2022-07-21 06:31:04,330] {processor.py:641} INFO - Processing file /home/airflow/.local/lib/python3.7/site-packages/airflow/example_dags/example_kubernetes_executor.py for tasks to queue
[2022-07-21 06:31:04,330] {logging_mixin.py:115} INFO - [2022-07-21 06:31:04,330] {dagbag.py:508} INFO - Filling up the DagBag from /home/airflow/.local/lib/python3.7/site-packages/airflow/example_dags/example_kubernetes_executor.py
[2022-07-21 06:31:04,362] {processor.py:651} INFO - DAG(s) dict_keys(['example_kubernetes_executor']) retrieved from /home/airflow/.local/lib/python3.7/site-packages/airflow/example_dags/example_kubernetes_executor.py
[2022-07-21 06:31:04,396] {logging_mixin.py:115} INFO - [2022-07-21 06:31:04,396] {dag.py:2420} INFO - Sync 1 DAGs
[2022-07-21 06:31:04,429] {logging_mixin.py:115} INFO - [2022-07-21 06:31:04,429] {dag.py:2972} INFO - Setting next_dagrun for example_kubernetes_executor to None, run_after=None
[2022-07-21 06:31:04,447] {processor.py:161} INFO - Processing /home/airflow/.local/lib/python3.7/site-packages/airflow/example_dags/example_kubernetes_executor.py took 0.121 seconds
[2022-07-21 06:31:35,096] {processor.py:153} INFO - Started process (PID=486) to work on /home/airflow/.local/lib/python3.7/site-packages/airflow/example_dags/example_kubernetes_executor.py
[2022-07-21 06:31:35,097] {processor.py:641} INFO - Processing file /home/airflow/.local/lib/python3.7/site-packages/airflow/example_dags/example_kubernetes_executor.py for tasks to queue
[2022-07-21 06:31:35,098] {logging_mixin.py:115} INFO - [2022-07-21 06:31:35,098] {dagbag.py:508} INFO - Filling up the DagBag from /home/airflow/.local/lib/python3.7/site-packages/airflow/example_dags/example_kubernetes_executor.py
[2022-07-21 06:31:35,131] {processor.py:651} INFO - DAG(s) dict_keys(['example_kubernetes_executor']) retrieved from /home/airflow/.local/lib/python3.7/site-packages/airflow/example_dags/example_kubernetes_executor.py
[2022-07-21 06:31:35,165] {logging_mixin.py:115} INFO - [2022-07-21 06:31:35,165] {dag.py:2420} INFO - Sync 1 DAGs
[2022-07-21 06:31:35,192] {logging_mixin.py:115} INFO - [2022-07-21 06:31:35,192] {dag.py:2972} INFO - Setting next_dagrun for example_kubernetes_executor to None, run_after=None
[2022-07-21 06:31:35,210] {processor.py:161} INFO - Processing /home/airflow/.local/lib/python3.7/site-packages/airflow/example_dags/example_kubernetes_executor.py took 0.118 seconds
[2022-07-21 06:32:05,605] {processor.py:153} INFO - Started process (PID=541) to work on /home/airflow/.local/lib/python3.7/site-packages/airflow/example_dags/example_kubernetes_executor.py
[2022-07-21 06:32:05,606] {processor.py:641} INFO - Processing file /home/airflow/.local/lib/python3.7/site-packages/airflow/example_dags/example_kubernetes_executor.py for tasks to queue
[2022-07-21 06:32:05,607] {logging_mixin.py:115} INFO - [2022-07-21 06:32:05,607] {dagbag.py:508} INFO - Filling up the DagBag from /home/airflow/.local/lib/python3.7/site-packages/airflow/example_dags/example_kubernetes_executor.py
[2022-07-21 06:32:05,637] {processor.py:651} INFO - DAG(s) dict_keys(['example_kubernetes_executor']) retrieved from /home/airflow/.local/lib/python3.7/site-packages/airflow/example_dags/example_kubernetes_executor.py
[2022-07-21 06:32:05,669] {logging_mixin.py:115} INFO - [2022-07-21 06:32:05,669] {dag.py:2420} INFO - Sync 1 DAGs
[2022-07-21 06:32:05,695] {logging_mixin.py:115} INFO - [2022-07-21 06:32:05,695] {dag.py:2972} INFO - Setting next_dagrun for example_kubernetes_executor to None, run_after=None
[2022-07-21 06:32:05,715] {processor.py:161} INFO - Processing /home/airflow/.local/lib/python3.7/site-packages/airflow/example_dags/example_kubernetes_executor.py took 0.113 seconds
[2022-07-21 06:32:36,043] {processor.py:153} INFO - Started process (PID=608) to work on /home/airflow/.local/lib/python3.7/site-packages/airflow/example_dags/example_kubernetes_executor.py
[2022-07-21 06:32:36,043] {processor.py:641} INFO - Processing file /home/airflow/.local/lib/python3.7/site-packages/airflow/example_dags/example_kubernetes_executor.py for tasks to queue
[2022-07-21 06:32:36,044] {logging_mixin.py:115} INFO - [2022-07-21 06:32:36,044] {dagbag.py:508} INFO - Filling up the DagBag from /home/airflow/.local/lib/python3.7/site-packages/airflow/example_dags/example_kubernetes_executor.py
[2022-07-21 06:32:36,077] {processor.py:651} INFO - DAG(s) dict_keys(['example_kubernetes_executor']) retrieved from /home/airflow/.local/lib/python3.7/site-packages/airflow/example_dags/example_kubernetes_executor.py
[2022-07-21 06:32:36,111] {logging_mixin.py:115} INFO - [2022-07-21 06:32:36,111] {dag.py:2420} INFO - Sync 1 DAGs
[2022-07-21 06:32:36,139] {logging_mixin.py:115} INFO - [2022-07-21 06:32:36,139] {dag.py:2972} INFO - Setting next_dagrun for example_kubernetes_executor to None, run_after=None
[2022-07-21 06:32:36,155] {processor.py:161} INFO - Processing /home/airflow/.local/lib/python3.7/site-packages/airflow/example_dags/example_kubernetes_executor.py took 0.117 seconds
