[2022-07-21 06:28:02,249] {processor.py:153} INFO - Started process (PID=68) to work on /home/airflow/.local/lib/python3.7/site-packages/airflow/example_dags/example_branch_day_of_week_operator.py
[2022-07-21 06:28:02,249] {processor.py:641} INFO - Processing file /home/airflow/.local/lib/python3.7/site-packages/airflow/example_dags/example_branch_day_of_week_operator.py for tasks to queue
[2022-07-21 06:28:02,250] {logging_mixin.py:115} INFO - [2022-07-21 06:28:02,250] {dagbag.py:508} INFO - Filling up the DagBag from /home/airflow/.local/lib/python3.7/site-packages/airflow/example_dags/example_branch_day_of_week_operator.py
[2022-07-21 06:28:02,263] {processor.py:651} INFO - DAG(s) dict_keys(['example_weekday_branch_operator']) retrieved from /home/airflow/.local/lib/python3.7/site-packages/airflow/example_dags/example_branch_day_of_week_operator.py
[2022-07-21 06:28:02,295] {logging_mixin.py:115} INFO - [2022-07-21 06:28:02,295] {dag.py:2420} INFO - Sync 1 DAGs
[2022-07-21 06:28:02,328] {logging_mixin.py:115} INFO - [2022-07-21 06:28:02,328] {dag.py:2972} INFO - Setting next_dagrun for example_weekday_branch_operator to 2022-07-20T00:00:00+00:00, run_after=2022-07-21T00:00:00+00:00
[2022-07-21 06:28:02,346] {processor.py:161} INFO - Processing /home/airflow/.local/lib/python3.7/site-packages/airflow/example_dags/example_branch_day_of_week_operator.py took 0.101 seconds
[2022-07-21 06:28:33,212] {processor.py:153} INFO - Started process (PID=143) to work on /home/airflow/.local/lib/python3.7/site-packages/airflow/example_dags/example_branch_day_of_week_operator.py
[2022-07-21 06:28:33,212] {processor.py:641} INFO - Processing file /home/airflow/.local/lib/python3.7/site-packages/airflow/example_dags/example_branch_day_of_week_operator.py for tasks to queue
[2022-07-21 06:28:33,213] {logging_mixin.py:115} INFO - [2022-07-21 06:28:33,213] {dagbag.py:508} INFO - Filling up the DagBag from /home/airflow/.local/lib/python3.7/site-packages/airflow/example_dags/example_branch_day_of_week_operator.py
[2022-07-21 06:28:33,224] {processor.py:651} INFO - DAG(s) dict_keys(['example_weekday_branch_operator']) retrieved from /home/airflow/.local/lib/python3.7/site-packages/airflow/example_dags/example_branch_day_of_week_operator.py
[2022-07-21 06:28:33,262] {logging_mixin.py:115} INFO - [2022-07-21 06:28:33,262] {dag.py:2420} INFO - Sync 1 DAGs
[2022-07-21 06:28:33,308] {logging_mixin.py:115} INFO - [2022-07-21 06:28:33,308] {dag.py:2972} INFO - Setting next_dagrun for example_weekday_branch_operator to 2022-07-20T00:00:00+00:00, run_after=2022-07-21T00:00:00+00:00
[2022-07-21 06:28:33,328] {processor.py:161} INFO - Processing /home/airflow/.local/lib/python3.7/site-packages/airflow/example_dags/example_branch_day_of_week_operator.py took 0.120 seconds
[2022-07-21 06:29:03,523] {processor.py:153} INFO - Started process (PID=198) to work on /home/airflow/.local/lib/python3.7/site-packages/airflow/example_dags/example_branch_day_of_week_operator.py
[2022-07-21 06:29:03,524] {processor.py:641} INFO - Processing file /home/airflow/.local/lib/python3.7/site-packages/airflow/example_dags/example_branch_day_of_week_operator.py for tasks to queue
[2022-07-21 06:29:03,525] {logging_mixin.py:115} INFO - [2022-07-21 06:29:03,525] {dagbag.py:508} INFO - Filling up the DagBag from /home/airflow/.local/lib/python3.7/site-packages/airflow/example_dags/example_branch_day_of_week_operator.py
[2022-07-21 06:29:03,535] {processor.py:651} INFO - DAG(s) dict_keys(['example_weekday_branch_operator']) retrieved from /home/airflow/.local/lib/python3.7/site-packages/airflow/example_dags/example_branch_day_of_week_operator.py
[2022-07-21 06:29:03,566] {logging_mixin.py:115} INFO - [2022-07-21 06:29:03,566] {dag.py:2420} INFO - Sync 1 DAGs
[2022-07-21 06:29:03,596] {logging_mixin.py:115} INFO - [2022-07-21 06:29:03,596] {dag.py:2972} INFO - Setting next_dagrun for example_weekday_branch_operator to 2022-07-20T00:00:00+00:00, run_after=2022-07-21T00:00:00+00:00
[2022-07-21 06:29:03,611] {processor.py:161} INFO - Processing /home/airflow/.local/lib/python3.7/site-packages/airflow/example_dags/example_branch_day_of_week_operator.py took 0.091 seconds
[2022-07-21 06:29:34,636] {processor.py:153} INFO - Started process (PID=262) to work on /home/airflow/.local/lib/python3.7/site-packages/airflow/example_dags/example_branch_day_of_week_operator.py
[2022-07-21 06:29:34,637] {processor.py:641} INFO - Processing file /home/airflow/.local/lib/python3.7/site-packages/airflow/example_dags/example_branch_day_of_week_operator.py for tasks to queue
[2022-07-21 06:29:34,638] {logging_mixin.py:115} INFO - [2022-07-21 06:29:34,638] {dagbag.py:508} INFO - Filling up the DagBag from /home/airflow/.local/lib/python3.7/site-packages/airflow/example_dags/example_branch_day_of_week_operator.py
[2022-07-21 06:29:34,648] {processor.py:651} INFO - DAG(s) dict_keys(['example_weekday_branch_operator']) retrieved from /home/airflow/.local/lib/python3.7/site-packages/airflow/example_dags/example_branch_day_of_week_operator.py
[2022-07-21 06:29:34,679] {logging_mixin.py:115} INFO - [2022-07-21 06:29:34,679] {dag.py:2420} INFO - Sync 1 DAGs
[2022-07-21 06:29:34,709] {logging_mixin.py:115} INFO - [2022-07-21 06:29:34,709] {dag.py:2972} INFO - Setting next_dagrun for example_weekday_branch_operator to 2022-07-20T00:00:00+00:00, run_after=2022-07-21T00:00:00+00:00
[2022-07-21 06:29:34,724] {processor.py:161} INFO - Processing /home/airflow/.local/lib/python3.7/site-packages/airflow/example_dags/example_branch_day_of_week_operator.py took 0.092 seconds
[2022-07-21 06:30:05,343] {processor.py:153} INFO - Started process (PID=316) to work on /home/airflow/.local/lib/python3.7/site-packages/airflow/example_dags/example_branch_day_of_week_operator.py
[2022-07-21 06:30:05,344] {processor.py:641} INFO - Processing file /home/airflow/.local/lib/python3.7/site-packages/airflow/example_dags/example_branch_day_of_week_operator.py for tasks to queue
[2022-07-21 06:30:05,345] {logging_mixin.py:115} INFO - [2022-07-21 06:30:05,345] {dagbag.py:508} INFO - Filling up the DagBag from /home/airflow/.local/lib/python3.7/site-packages/airflow/example_dags/example_branch_day_of_week_operator.py
[2022-07-21 06:30:05,357] {processor.py:651} INFO - DAG(s) dict_keys(['example_weekday_branch_operator']) retrieved from /home/airflow/.local/lib/python3.7/site-packages/airflow/example_dags/example_branch_day_of_week_operator.py
[2022-07-21 06:30:05,386] {logging_mixin.py:115} INFO - [2022-07-21 06:30:05,386] {dag.py:2420} INFO - Sync 1 DAGs
[2022-07-21 06:30:05,414] {logging_mixin.py:115} INFO - [2022-07-21 06:30:05,414] {dag.py:2972} INFO - Setting next_dagrun for example_weekday_branch_operator to 2022-07-20T00:00:00+00:00, run_after=2022-07-21T00:00:00+00:00
[2022-07-21 06:30:05,429] {processor.py:161} INFO - Processing /home/airflow/.local/lib/python3.7/site-packages/airflow/example_dags/example_branch_day_of_week_operator.py took 0.090 seconds
[2022-07-21 06:30:35,540] {processor.py:153} INFO - Started process (PID=379) to work on /home/airflow/.local/lib/python3.7/site-packages/airflow/example_dags/example_branch_day_of_week_operator.py
[2022-07-21 06:30:35,540] {processor.py:641} INFO - Processing file /home/airflow/.local/lib/python3.7/site-packages/airflow/example_dags/example_branch_day_of_week_operator.py for tasks to queue
[2022-07-21 06:30:35,541] {logging_mixin.py:115} INFO - [2022-07-21 06:30:35,541] {dagbag.py:508} INFO - Filling up the DagBag from /home/airflow/.local/lib/python3.7/site-packages/airflow/example_dags/example_branch_day_of_week_operator.py
[2022-07-21 06:30:35,552] {processor.py:651} INFO - DAG(s) dict_keys(['example_weekday_branch_operator']) retrieved from /home/airflow/.local/lib/python3.7/site-packages/airflow/example_dags/example_branch_day_of_week_operator.py
[2022-07-21 06:30:35,582] {logging_mixin.py:115} INFO - [2022-07-21 06:30:35,582] {dag.py:2420} INFO - Sync 1 DAGs
[2022-07-21 06:30:35,612] {logging_mixin.py:115} INFO - [2022-07-21 06:30:35,612] {dag.py:2972} INFO - Setting next_dagrun for example_weekday_branch_operator to 2022-07-20T00:00:00+00:00, run_after=2022-07-21T00:00:00+00:00
[2022-07-21 06:30:35,626] {processor.py:161} INFO - Processing /home/airflow/.local/lib/python3.7/site-packages/airflow/example_dags/example_branch_day_of_week_operator.py took 0.090 seconds
[2022-07-21 06:31:06,027] {processor.py:153} INFO - Started process (PID=433) to work on /home/airflow/.local/lib/python3.7/site-packages/airflow/example_dags/example_branch_day_of_week_operator.py
[2022-07-21 06:31:06,028] {processor.py:641} INFO - Processing file /home/airflow/.local/lib/python3.7/site-packages/airflow/example_dags/example_branch_day_of_week_operator.py for tasks to queue
[2022-07-21 06:31:06,028] {logging_mixin.py:115} INFO - [2022-07-21 06:31:06,028] {dagbag.py:508} INFO - Filling up the DagBag from /home/airflow/.local/lib/python3.7/site-packages/airflow/example_dags/example_branch_day_of_week_operator.py
[2022-07-21 06:31:06,038] {processor.py:651} INFO - DAG(s) dict_keys(['example_weekday_branch_operator']) retrieved from /home/airflow/.local/lib/python3.7/site-packages/airflow/example_dags/example_branch_day_of_week_operator.py
[2022-07-21 06:31:06,066] {logging_mixin.py:115} INFO - [2022-07-21 06:31:06,066] {dag.py:2420} INFO - Sync 1 DAGs
[2022-07-21 06:31:06,097] {logging_mixin.py:115} INFO - [2022-07-21 06:31:06,096] {dag.py:2972} INFO - Setting next_dagrun for example_weekday_branch_operator to 2022-07-20T00:00:00+00:00, run_after=2022-07-21T00:00:00+00:00
[2022-07-21 06:31:06,113] {processor.py:161} INFO - Processing /home/airflow/.local/lib/python3.7/site-packages/airflow/example_dags/example_branch_day_of_week_operator.py took 0.089 seconds
[2022-07-21 06:31:36,761] {processor.py:153} INFO - Started process (PID=497) to work on /home/airflow/.local/lib/python3.7/site-packages/airflow/example_dags/example_branch_day_of_week_operator.py
[2022-07-21 06:31:36,761] {processor.py:641} INFO - Processing file /home/airflow/.local/lib/python3.7/site-packages/airflow/example_dags/example_branch_day_of_week_operator.py for tasks to queue
[2022-07-21 06:31:36,762] {logging_mixin.py:115} INFO - [2022-07-21 06:31:36,762] {dagbag.py:508} INFO - Filling up the DagBag from /home/airflow/.local/lib/python3.7/site-packages/airflow/example_dags/example_branch_day_of_week_operator.py
[2022-07-21 06:31:36,773] {processor.py:651} INFO - DAG(s) dict_keys(['example_weekday_branch_operator']) retrieved from /home/airflow/.local/lib/python3.7/site-packages/airflow/example_dags/example_branch_day_of_week_operator.py
[2022-07-21 06:31:36,828] {logging_mixin.py:115} INFO - [2022-07-21 06:31:36,828] {dag.py:2420} INFO - Sync 1 DAGs
[2022-07-21 06:31:36,858] {logging_mixin.py:115} INFO - [2022-07-21 06:31:36,857] {dag.py:2972} INFO - Setting next_dagrun for example_weekday_branch_operator to 2022-07-20T00:00:00+00:00, run_after=2022-07-21T00:00:00+00:00
[2022-07-21 06:31:36,871] {processor.py:161} INFO - Processing /home/airflow/.local/lib/python3.7/site-packages/airflow/example_dags/example_branch_day_of_week_operator.py took 0.114 seconds
[2022-07-21 06:32:07,624] {processor.py:153} INFO - Started process (PID=552) to work on /home/airflow/.local/lib/python3.7/site-packages/airflow/example_dags/example_branch_day_of_week_operator.py
[2022-07-21 06:32:07,625] {processor.py:641} INFO - Processing file /home/airflow/.local/lib/python3.7/site-packages/airflow/example_dags/example_branch_day_of_week_operator.py for tasks to queue
[2022-07-21 06:32:07,626] {logging_mixin.py:115} INFO - [2022-07-21 06:32:07,626] {dagbag.py:508} INFO - Filling up the DagBag from /home/airflow/.local/lib/python3.7/site-packages/airflow/example_dags/example_branch_day_of_week_operator.py
[2022-07-21 06:32:07,636] {processor.py:651} INFO - DAG(s) dict_keys(['example_weekday_branch_operator']) retrieved from /home/airflow/.local/lib/python3.7/site-packages/airflow/example_dags/example_branch_day_of_week_operator.py
[2022-07-21 06:32:07,668] {logging_mixin.py:115} INFO - [2022-07-21 06:32:07,668] {dag.py:2420} INFO - Sync 1 DAGs
[2022-07-21 06:32:07,698] {logging_mixin.py:115} INFO - [2022-07-21 06:32:07,697] {dag.py:2972} INFO - Setting next_dagrun for example_weekday_branch_operator to 2022-07-20T00:00:00+00:00, run_after=2022-07-21T00:00:00+00:00
[2022-07-21 06:32:07,712] {processor.py:161} INFO - Processing /home/airflow/.local/lib/python3.7/site-packages/airflow/example_dags/example_branch_day_of_week_operator.py took 0.091 seconds
[2022-07-21 06:32:37,887] {processor.py:153} INFO - Started process (PID=619) to work on /home/airflow/.local/lib/python3.7/site-packages/airflow/example_dags/example_branch_day_of_week_operator.py
[2022-07-21 06:32:37,888] {processor.py:641} INFO - Processing file /home/airflow/.local/lib/python3.7/site-packages/airflow/example_dags/example_branch_day_of_week_operator.py for tasks to queue
[2022-07-21 06:32:37,888] {logging_mixin.py:115} INFO - [2022-07-21 06:32:37,888] {dagbag.py:508} INFO - Filling up the DagBag from /home/airflow/.local/lib/python3.7/site-packages/airflow/example_dags/example_branch_day_of_week_operator.py
[2022-07-21 06:32:37,899] {processor.py:651} INFO - DAG(s) dict_keys(['example_weekday_branch_operator']) retrieved from /home/airflow/.local/lib/python3.7/site-packages/airflow/example_dags/example_branch_day_of_week_operator.py
[2022-07-21 06:32:37,932] {logging_mixin.py:115} INFO - [2022-07-21 06:32:37,931] {dag.py:2420} INFO - Sync 1 DAGs
[2022-07-21 06:32:37,966] {logging_mixin.py:115} INFO - [2022-07-21 06:32:37,966] {dag.py:2972} INFO - Setting next_dagrun for example_weekday_branch_operator to 2022-07-20T00:00:00+00:00, run_after=2022-07-21T00:00:00+00:00
[2022-07-21 06:32:37,982] {processor.py:161} INFO - Processing /home/airflow/.local/lib/python3.7/site-packages/airflow/example_dags/example_branch_day_of_week_operator.py took 0.099 seconds
