[2022-07-21 06:28:02,504] {processor.py:153} INFO - Started process (PID=71) to work on /home/airflow/.local/lib/python3.7/site-packages/airflow/example_dags/example_skip_dag.py
[2022-07-21 06:28:02,505] {processor.py:641} INFO - Processing file /home/airflow/.local/lib/python3.7/site-packages/airflow/example_dags/example_skip_dag.py for tasks to queue
[2022-07-21 06:28:02,505] {logging_mixin.py:115} INFO - [2022-07-21 06:28:02,505] {dagbag.py:508} INFO - Filling up the DagBag from /home/airflow/.local/lib/python3.7/site-packages/airflow/example_dags/example_skip_dag.py
[2022-07-21 06:28:02,513] {processor.py:651} INFO - DAG(s) dict_keys(['example_skip_dag']) retrieved from /home/airflow/.local/lib/python3.7/site-packages/airflow/example_dags/example_skip_dag.py
[2022-07-21 06:28:02,553] {logging_mixin.py:115} INFO - [2022-07-21 06:28:02,552] {dag.py:2420} INFO - Sync 1 DAGs
[2022-07-21 06:28:02,584] {logging_mixin.py:115} INFO - [2022-07-21 06:28:02,583] {dag.py:2972} INFO - Setting next_dagrun for example_skip_dag to 2022-07-20T06:28:02.583657+00:00, run_after=2022-07-21T06:28:02.583657+00:00
[2022-07-21 06:28:02,604] {processor.py:161} INFO - Processing /home/airflow/.local/lib/python3.7/site-packages/airflow/example_dags/example_skip_dag.py took 0.103 seconds
[2022-07-21 06:28:33,464] {processor.py:153} INFO - Started process (PID=146) to work on /home/airflow/.local/lib/python3.7/site-packages/airflow/example_dags/example_skip_dag.py
[2022-07-21 06:28:33,464] {processor.py:641} INFO - Processing file /home/airflow/.local/lib/python3.7/site-packages/airflow/example_dags/example_skip_dag.py for tasks to queue
[2022-07-21 06:28:33,465] {logging_mixin.py:115} INFO - [2022-07-21 06:28:33,465] {dagbag.py:508} INFO - Filling up the DagBag from /home/airflow/.local/lib/python3.7/site-packages/airflow/example_dags/example_skip_dag.py
[2022-07-21 06:28:33,475] {processor.py:651} INFO - DAG(s) dict_keys(['example_skip_dag']) retrieved from /home/airflow/.local/lib/python3.7/site-packages/airflow/example_dags/example_skip_dag.py
[2022-07-21 06:28:33,524] {logging_mixin.py:115} INFO - [2022-07-21 06:28:33,524] {dag.py:2420} INFO - Sync 1 DAGs
[2022-07-21 06:28:33,579] {logging_mixin.py:115} INFO - [2022-07-21 06:28:33,579] {dag.py:2972} INFO - Setting next_dagrun for example_skip_dag to 2022-07-20T06:28:33.576061+00:00, run_after=2022-07-21T06:28:33.576061+00:00
[2022-07-21 06:28:33,675] {processor.py:161} INFO - Processing /home/airflow/.local/lib/python3.7/site-packages/airflow/example_dags/example_skip_dag.py took 0.216 seconds
[2022-07-21 06:29:03,740] {processor.py:153} INFO - Started process (PID=201) to work on /home/airflow/.local/lib/python3.7/site-packages/airflow/example_dags/example_skip_dag.py
[2022-07-21 06:29:03,741] {processor.py:641} INFO - Processing file /home/airflow/.local/lib/python3.7/site-packages/airflow/example_dags/example_skip_dag.py for tasks to queue
[2022-07-21 06:29:03,741] {logging_mixin.py:115} INFO - [2022-07-21 06:29:03,741] {dagbag.py:508} INFO - Filling up the DagBag from /home/airflow/.local/lib/python3.7/site-packages/airflow/example_dags/example_skip_dag.py
[2022-07-21 06:29:03,748] {processor.py:651} INFO - DAG(s) dict_keys(['example_skip_dag']) retrieved from /home/airflow/.local/lib/python3.7/site-packages/airflow/example_dags/example_skip_dag.py
[2022-07-21 06:29:03,778] {logging_mixin.py:115} INFO - [2022-07-21 06:29:03,778] {dag.py:2420} INFO - Sync 1 DAGs
[2022-07-21 06:29:03,802] {logging_mixin.py:115} INFO - [2022-07-21 06:29:03,802] {dag.py:2972} INFO - Setting next_dagrun for example_skip_dag to 2022-07-20T06:29:03.802595+00:00, run_after=2022-07-21T06:29:03.802595+00:00
[2022-07-21 06:29:03,818] {processor.py:161} INFO - Processing /home/airflow/.local/lib/python3.7/site-packages/airflow/example_dags/example_skip_dag.py took 0.082 seconds
[2022-07-21 06:29:34,770] {processor.py:153} INFO - Started process (PID=265) to work on /home/airflow/.local/lib/python3.7/site-packages/airflow/example_dags/example_skip_dag.py
[2022-07-21 06:29:34,771] {processor.py:641} INFO - Processing file /home/airflow/.local/lib/python3.7/site-packages/airflow/example_dags/example_skip_dag.py for tasks to queue
[2022-07-21 06:29:34,772] {logging_mixin.py:115} INFO - [2022-07-21 06:29:34,772] {dagbag.py:508} INFO - Filling up the DagBag from /home/airflow/.local/lib/python3.7/site-packages/airflow/example_dags/example_skip_dag.py
[2022-07-21 06:29:34,778] {processor.py:651} INFO - DAG(s) dict_keys(['example_skip_dag']) retrieved from /home/airflow/.local/lib/python3.7/site-packages/airflow/example_dags/example_skip_dag.py
[2022-07-21 06:29:34,810] {logging_mixin.py:115} INFO - [2022-07-21 06:29:34,810] {dag.py:2420} INFO - Sync 1 DAGs
[2022-07-21 06:29:34,838] {logging_mixin.py:115} INFO - [2022-07-21 06:29:34,838] {dag.py:2972} INFO - Setting next_dagrun for example_skip_dag to 2022-07-20T06:29:34.837882+00:00, run_after=2022-07-21T06:29:34.837882+00:00
[2022-07-21 06:29:34,857] {processor.py:161} INFO - Processing /home/airflow/.local/lib/python3.7/site-packages/airflow/example_dags/example_skip_dag.py took 0.090 seconds
[2022-07-21 06:30:05,562] {processor.py:153} INFO - Started process (PID=319) to work on /home/airflow/.local/lib/python3.7/site-packages/airflow/example_dags/example_skip_dag.py
[2022-07-21 06:30:05,562] {processor.py:641} INFO - Processing file /home/airflow/.local/lib/python3.7/site-packages/airflow/example_dags/example_skip_dag.py for tasks to queue
[2022-07-21 06:30:05,563] {logging_mixin.py:115} INFO - [2022-07-21 06:30:05,563] {dagbag.py:508} INFO - Filling up the DagBag from /home/airflow/.local/lib/python3.7/site-packages/airflow/example_dags/example_skip_dag.py
[2022-07-21 06:30:05,571] {processor.py:651} INFO - DAG(s) dict_keys(['example_skip_dag']) retrieved from /home/airflow/.local/lib/python3.7/site-packages/airflow/example_dags/example_skip_dag.py
[2022-07-21 06:30:05,612] {logging_mixin.py:115} INFO - [2022-07-21 06:30:05,612] {dag.py:2420} INFO - Sync 1 DAGs
[2022-07-21 06:30:05,657] {logging_mixin.py:115} INFO - [2022-07-21 06:30:05,657] {dag.py:2972} INFO - Setting next_dagrun for example_skip_dag to 2022-07-20T06:30:05.656695+00:00, run_after=2022-07-21T06:30:05.656695+00:00
[2022-07-21 06:30:05,680] {processor.py:161} INFO - Processing /home/airflow/.local/lib/python3.7/site-packages/airflow/example_dags/example_skip_dag.py took 0.122 seconds
[2022-07-21 06:30:35,824] {processor.py:153} INFO - Started process (PID=382) to work on /home/airflow/.local/lib/python3.7/site-packages/airflow/example_dags/example_skip_dag.py
[2022-07-21 06:30:35,824] {processor.py:641} INFO - Processing file /home/airflow/.local/lib/python3.7/site-packages/airflow/example_dags/example_skip_dag.py for tasks to queue
[2022-07-21 06:30:35,825] {logging_mixin.py:115} INFO - [2022-07-21 06:30:35,825] {dagbag.py:508} INFO - Filling up the DagBag from /home/airflow/.local/lib/python3.7/site-packages/airflow/example_dags/example_skip_dag.py
[2022-07-21 06:30:35,833] {processor.py:651} INFO - DAG(s) dict_keys(['example_skip_dag']) retrieved from /home/airflow/.local/lib/python3.7/site-packages/airflow/example_dags/example_skip_dag.py
[2022-07-21 06:30:35,868] {logging_mixin.py:115} INFO - [2022-07-21 06:30:35,868] {dag.py:2420} INFO - Sync 1 DAGs
[2022-07-21 06:30:35,897] {logging_mixin.py:115} INFO - [2022-07-21 06:30:35,897] {dag.py:2972} INFO - Setting next_dagrun for example_skip_dag to 2022-07-20T06:30:35.897324+00:00, run_after=2022-07-21T06:30:35.897324+00:00
[2022-07-21 06:30:35,912] {processor.py:161} INFO - Processing /home/airflow/.local/lib/python3.7/site-packages/airflow/example_dags/example_skip_dag.py took 0.093 seconds
[2022-07-21 06:31:06,390] {processor.py:153} INFO - Started process (PID=436) to work on /home/airflow/.local/lib/python3.7/site-packages/airflow/example_dags/example_skip_dag.py
[2022-07-21 06:31:06,391] {processor.py:641} INFO - Processing file /home/airflow/.local/lib/python3.7/site-packages/airflow/example_dags/example_skip_dag.py for tasks to queue
[2022-07-21 06:31:06,391] {logging_mixin.py:115} INFO - [2022-07-21 06:31:06,391] {dagbag.py:508} INFO - Filling up the DagBag from /home/airflow/.local/lib/python3.7/site-packages/airflow/example_dags/example_skip_dag.py
[2022-07-21 06:31:06,398] {processor.py:651} INFO - DAG(s) dict_keys(['example_skip_dag']) retrieved from /home/airflow/.local/lib/python3.7/site-packages/airflow/example_dags/example_skip_dag.py
[2022-07-21 06:31:06,432] {logging_mixin.py:115} INFO - [2022-07-21 06:31:06,432] {dag.py:2420} INFO - Sync 1 DAGs
[2022-07-21 06:31:06,461] {logging_mixin.py:115} INFO - [2022-07-21 06:31:06,461] {dag.py:2972} INFO - Setting next_dagrun for example_skip_dag to 2022-07-20T06:31:06.461577+00:00, run_after=2022-07-21T06:31:06.461577+00:00
[2022-07-21 06:31:06,477] {processor.py:161} INFO - Processing /home/airflow/.local/lib/python3.7/site-packages/airflow/example_dags/example_skip_dag.py took 0.090 seconds
[2022-07-21 06:31:37,002] {processor.py:153} INFO - Started process (PID=500) to work on /home/airflow/.local/lib/python3.7/site-packages/airflow/example_dags/example_skip_dag.py
[2022-07-21 06:31:37,002] {processor.py:641} INFO - Processing file /home/airflow/.local/lib/python3.7/site-packages/airflow/example_dags/example_skip_dag.py for tasks to queue
[2022-07-21 06:31:37,003] {logging_mixin.py:115} INFO - [2022-07-21 06:31:37,003] {dagbag.py:508} INFO - Filling up the DagBag from /home/airflow/.local/lib/python3.7/site-packages/airflow/example_dags/example_skip_dag.py
[2022-07-21 06:31:37,010] {processor.py:651} INFO - DAG(s) dict_keys(['example_skip_dag']) retrieved from /home/airflow/.local/lib/python3.7/site-packages/airflow/example_dags/example_skip_dag.py
[2022-07-21 06:31:37,044] {logging_mixin.py:115} INFO - [2022-07-21 06:31:37,044] {dag.py:2420} INFO - Sync 1 DAGs
[2022-07-21 06:31:37,072] {logging_mixin.py:115} INFO - [2022-07-21 06:31:37,072] {dag.py:2972} INFO - Setting next_dagrun for example_skip_dag to 2022-07-20T06:31:37.072095+00:00, run_after=2022-07-21T06:31:37.072095+00:00
[2022-07-21 06:31:37,087] {processor.py:161} INFO - Processing /home/airflow/.local/lib/python3.7/site-packages/airflow/example_dags/example_skip_dag.py took 0.089 seconds
[2022-07-21 06:32:07,757] {processor.py:153} INFO - Started process (PID=555) to work on /home/airflow/.local/lib/python3.7/site-packages/airflow/example_dags/example_skip_dag.py
[2022-07-21 06:32:07,757] {processor.py:641} INFO - Processing file /home/airflow/.local/lib/python3.7/site-packages/airflow/example_dags/example_skip_dag.py for tasks to queue
[2022-07-21 06:32:07,758] {logging_mixin.py:115} INFO - [2022-07-21 06:32:07,758] {dagbag.py:508} INFO - Filling up the DagBag from /home/airflow/.local/lib/python3.7/site-packages/airflow/example_dags/example_skip_dag.py
[2022-07-21 06:32:07,772] {processor.py:651} INFO - DAG(s) dict_keys(['example_skip_dag']) retrieved from /home/airflow/.local/lib/python3.7/site-packages/airflow/example_dags/example_skip_dag.py
[2022-07-21 06:32:07,813] {logging_mixin.py:115} INFO - [2022-07-21 06:32:07,813] {dag.py:2420} INFO - Sync 1 DAGs
[2022-07-21 06:32:07,844] {logging_mixin.py:115} INFO - [2022-07-21 06:32:07,844] {dag.py:2972} INFO - Setting next_dagrun for example_skip_dag to 2022-07-20T06:32:07.843952+00:00, run_after=2022-07-21T06:32:07.843952+00:00
[2022-07-21 06:32:07,861] {processor.py:161} INFO - Processing /home/airflow/.local/lib/python3.7/site-packages/airflow/example_dags/example_skip_dag.py took 0.108 seconds
[2022-07-21 06:32:38,143] {processor.py:153} INFO - Started process (PID=622) to work on /home/airflow/.local/lib/python3.7/site-packages/airflow/example_dags/example_skip_dag.py
[2022-07-21 06:32:38,144] {processor.py:641} INFO - Processing file /home/airflow/.local/lib/python3.7/site-packages/airflow/example_dags/example_skip_dag.py for tasks to queue
[2022-07-21 06:32:38,145] {logging_mixin.py:115} INFO - [2022-07-21 06:32:38,145] {dagbag.py:508} INFO - Filling up the DagBag from /home/airflow/.local/lib/python3.7/site-packages/airflow/example_dags/example_skip_dag.py
[2022-07-21 06:32:38,155] {processor.py:651} INFO - DAG(s) dict_keys(['example_skip_dag']) retrieved from /home/airflow/.local/lib/python3.7/site-packages/airflow/example_dags/example_skip_dag.py
[2022-07-21 06:32:38,192] {logging_mixin.py:115} INFO - [2022-07-21 06:32:38,191] {dag.py:2420} INFO - Sync 1 DAGs
[2022-07-21 06:32:38,221] {logging_mixin.py:115} INFO - [2022-07-21 06:32:38,221] {dag.py:2972} INFO - Setting next_dagrun for example_skip_dag to 2022-07-20T06:32:38.220742+00:00, run_after=2022-07-21T06:32:38.220742+00:00
[2022-07-21 06:32:38,236] {processor.py:161} INFO - Processing /home/airflow/.local/lib/python3.7/site-packages/airflow/example_dags/example_skip_dag.py took 0.098 seconds
