[2022-07-21 06:28:01,935] {processor.py:153} INFO - Started process (PID=65) to work on /home/airflow/.local/lib/python3.7/site-packages/airflow/example_dags/example_short_circuit_operator.py
[2022-07-21 06:28:01,936] {processor.py:641} INFO - Processing file /home/airflow/.local/lib/python3.7/site-packages/airflow/example_dags/example_short_circuit_operator.py for tasks to queue
[2022-07-21 06:28:01,936] {logging_mixin.py:115} INFO - [2022-07-21 06:28:01,936] {dagbag.py:508} INFO - Filling up the DagBag from /home/airflow/.local/lib/python3.7/site-packages/airflow/example_dags/example_short_circuit_operator.py
[2022-07-21 06:28:01,950] {processor.py:651} INFO - DAG(s) dict_keys(['example_short_circuit_operator']) retrieved from /home/airflow/.local/lib/python3.7/site-packages/airflow/example_dags/example_short_circuit_operator.py
[2022-07-21 06:28:01,998] {logging_mixin.py:115} INFO - [2022-07-21 06:28:01,998] {dag.py:2420} INFO - Sync 1 DAGs
[2022-07-21 06:28:02,037] {logging_mixin.py:115} INFO - [2022-07-21 06:28:02,037] {dag.py:2972} INFO - Setting next_dagrun for example_short_circuit_operator to 2022-07-20T06:28:02.036821+00:00, run_after=2022-07-21T06:28:02.036821+00:00
[2022-07-21 06:28:02,060] {processor.py:161} INFO - Processing /home/airflow/.local/lib/python3.7/site-packages/airflow/example_dags/example_short_circuit_operator.py took 0.128 seconds
[2022-07-21 06:28:32,994] {processor.py:153} INFO - Started process (PID=140) to work on /home/airflow/.local/lib/python3.7/site-packages/airflow/example_dags/example_short_circuit_operator.py
[2022-07-21 06:28:32,995] {processor.py:641} INFO - Processing file /home/airflow/.local/lib/python3.7/site-packages/airflow/example_dags/example_short_circuit_operator.py for tasks to queue
[2022-07-21 06:28:32,996] {logging_mixin.py:115} INFO - [2022-07-21 06:28:32,995] {dagbag.py:508} INFO - Filling up the DagBag from /home/airflow/.local/lib/python3.7/site-packages/airflow/example_dags/example_short_circuit_operator.py
[2022-07-21 06:28:33,013] {processor.py:651} INFO - DAG(s) dict_keys(['example_short_circuit_operator']) retrieved from /home/airflow/.local/lib/python3.7/site-packages/airflow/example_dags/example_short_circuit_operator.py
[2022-07-21 06:28:33,061] {logging_mixin.py:115} INFO - [2022-07-21 06:28:33,061] {dag.py:2420} INFO - Sync 1 DAGs
[2022-07-21 06:28:33,101] {logging_mixin.py:115} INFO - [2022-07-21 06:28:33,101] {dag.py:2972} INFO - Setting next_dagrun for example_short_circuit_operator to 2022-07-20T06:28:33.101306+00:00, run_after=2022-07-21T06:28:33.101306+00:00
[2022-07-21 06:28:33,124] {processor.py:161} INFO - Processing /home/airflow/.local/lib/python3.7/site-packages/airflow/example_dags/example_short_circuit_operator.py took 0.134 seconds
[2022-07-21 06:29:03,295] {processor.py:153} INFO - Started process (PID=195) to work on /home/airflow/.local/lib/python3.7/site-packages/airflow/example_dags/example_short_circuit_operator.py
[2022-07-21 06:29:03,296] {processor.py:641} INFO - Processing file /home/airflow/.local/lib/python3.7/site-packages/airflow/example_dags/example_short_circuit_operator.py for tasks to queue
[2022-07-21 06:29:03,296] {logging_mixin.py:115} INFO - [2022-07-21 06:29:03,296] {dagbag.py:508} INFO - Filling up the DagBag from /home/airflow/.local/lib/python3.7/site-packages/airflow/example_dags/example_short_circuit_operator.py
[2022-07-21 06:29:03,308] {processor.py:651} INFO - DAG(s) dict_keys(['example_short_circuit_operator']) retrieved from /home/airflow/.local/lib/python3.7/site-packages/airflow/example_dags/example_short_circuit_operator.py
[2022-07-21 06:29:03,344] {logging_mixin.py:115} INFO - [2022-07-21 06:29:03,344] {dag.py:2420} INFO - Sync 1 DAGs
[2022-07-21 06:29:03,376] {logging_mixin.py:115} INFO - [2022-07-21 06:29:03,376] {dag.py:2972} INFO - Setting next_dagrun for example_short_circuit_operator to 2022-07-20T06:29:03.376110+00:00, run_after=2022-07-21T06:29:03.376110+00:00
[2022-07-21 06:29:03,393] {processor.py:161} INFO - Processing /home/airflow/.local/lib/python3.7/site-packages/airflow/example_dags/example_short_circuit_operator.py took 0.101 seconds
[2022-07-21 06:29:34,403] {processor.py:153} INFO - Started process (PID=259) to work on /home/airflow/.local/lib/python3.7/site-packages/airflow/example_dags/example_short_circuit_operator.py
[2022-07-21 06:29:34,404] {processor.py:641} INFO - Processing file /home/airflow/.local/lib/python3.7/site-packages/airflow/example_dags/example_short_circuit_operator.py for tasks to queue
[2022-07-21 06:29:34,405] {logging_mixin.py:115} INFO - [2022-07-21 06:29:34,405] {dagbag.py:508} INFO - Filling up the DagBag from /home/airflow/.local/lib/python3.7/site-packages/airflow/example_dags/example_short_circuit_operator.py
[2022-07-21 06:29:34,415] {processor.py:651} INFO - DAG(s) dict_keys(['example_short_circuit_operator']) retrieved from /home/airflow/.local/lib/python3.7/site-packages/airflow/example_dags/example_short_circuit_operator.py
[2022-07-21 06:29:34,448] {logging_mixin.py:115} INFO - [2022-07-21 06:29:34,448] {dag.py:2420} INFO - Sync 1 DAGs
[2022-07-21 06:29:34,478] {logging_mixin.py:115} INFO - [2022-07-21 06:29:34,478] {dag.py:2972} INFO - Setting next_dagrun for example_short_circuit_operator to 2022-07-20T06:29:34.478344+00:00, run_after=2022-07-21T06:29:34.478344+00:00
[2022-07-21 06:29:34,494] {processor.py:161} INFO - Processing /home/airflow/.local/lib/python3.7/site-packages/airflow/example_dags/example_short_circuit_operator.py took 0.094 seconds
[2022-07-21 06:30:05,063] {processor.py:153} INFO - Started process (PID=313) to work on /home/airflow/.local/lib/python3.7/site-packages/airflow/example_dags/example_short_circuit_operator.py
[2022-07-21 06:30:05,063] {processor.py:641} INFO - Processing file /home/airflow/.local/lib/python3.7/site-packages/airflow/example_dags/example_short_circuit_operator.py for tasks to queue
[2022-07-21 06:30:05,064] {logging_mixin.py:115} INFO - [2022-07-21 06:30:05,064] {dagbag.py:508} INFO - Filling up the DagBag from /home/airflow/.local/lib/python3.7/site-packages/airflow/example_dags/example_short_circuit_operator.py
[2022-07-21 06:30:05,075] {processor.py:651} INFO - DAG(s) dict_keys(['example_short_circuit_operator']) retrieved from /home/airflow/.local/lib/python3.7/site-packages/airflow/example_dags/example_short_circuit_operator.py
[2022-07-21 06:30:05,106] {logging_mixin.py:115} INFO - [2022-07-21 06:30:05,106] {dag.py:2420} INFO - Sync 1 DAGs
[2022-07-21 06:30:05,132] {logging_mixin.py:115} INFO - [2022-07-21 06:30:05,132] {dag.py:2972} INFO - Setting next_dagrun for example_short_circuit_operator to 2022-07-20T06:30:05.132158+00:00, run_after=2022-07-21T06:30:05.132158+00:00
[2022-07-21 06:30:05,147] {processor.py:161} INFO - Processing /home/airflow/.local/lib/python3.7/site-packages/airflow/example_dags/example_short_circuit_operator.py took 0.088 seconds
[2022-07-21 06:30:35,190] {processor.py:153} INFO - Started process (PID=376) to work on /home/airflow/.local/lib/python3.7/site-packages/airflow/example_dags/example_short_circuit_operator.py
[2022-07-21 06:30:35,191] {processor.py:641} INFO - Processing file /home/airflow/.local/lib/python3.7/site-packages/airflow/example_dags/example_short_circuit_operator.py for tasks to queue
[2022-07-21 06:30:35,191] {logging_mixin.py:115} INFO - [2022-07-21 06:30:35,191] {dagbag.py:508} INFO - Filling up the DagBag from /home/airflow/.local/lib/python3.7/site-packages/airflow/example_dags/example_short_circuit_operator.py
[2022-07-21 06:30:35,203] {processor.py:651} INFO - DAG(s) dict_keys(['example_short_circuit_operator']) retrieved from /home/airflow/.local/lib/python3.7/site-packages/airflow/example_dags/example_short_circuit_operator.py
[2022-07-21 06:30:35,238] {logging_mixin.py:115} INFO - [2022-07-21 06:30:35,238] {dag.py:2420} INFO - Sync 1 DAGs
[2022-07-21 06:30:35,267] {logging_mixin.py:115} INFO - [2022-07-21 06:30:35,267] {dag.py:2972} INFO - Setting next_dagrun for example_short_circuit_operator to 2022-07-20T06:30:35.267019+00:00, run_after=2022-07-21T06:30:35.267019+00:00
[2022-07-21 06:30:35,284] {processor.py:161} INFO - Processing /home/airflow/.local/lib/python3.7/site-packages/airflow/example_dags/example_short_circuit_operator.py took 0.097 seconds
[2022-07-21 06:31:05,770] {processor.py:153} INFO - Started process (PID=430) to work on /home/airflow/.local/lib/python3.7/site-packages/airflow/example_dags/example_short_circuit_operator.py
[2022-07-21 06:31:05,770] {processor.py:641} INFO - Processing file /home/airflow/.local/lib/python3.7/site-packages/airflow/example_dags/example_short_circuit_operator.py for tasks to queue
[2022-07-21 06:31:05,771] {logging_mixin.py:115} INFO - [2022-07-21 06:31:05,771] {dagbag.py:508} INFO - Filling up the DagBag from /home/airflow/.local/lib/python3.7/site-packages/airflow/example_dags/example_short_circuit_operator.py
[2022-07-21 06:31:05,783] {processor.py:651} INFO - DAG(s) dict_keys(['example_short_circuit_operator']) retrieved from /home/airflow/.local/lib/python3.7/site-packages/airflow/example_dags/example_short_circuit_operator.py
[2022-07-21 06:31:05,825] {logging_mixin.py:115} INFO - [2022-07-21 06:31:05,825] {dag.py:2420} INFO - Sync 1 DAGs
[2022-07-21 06:31:05,861] {logging_mixin.py:115} INFO - [2022-07-21 06:31:05,861] {dag.py:2972} INFO - Setting next_dagrun for example_short_circuit_operator to 2022-07-20T06:31:05.860726+00:00, run_after=2022-07-21T06:31:05.860726+00:00
[2022-07-21 06:31:05,878] {processor.py:161} INFO - Processing /home/airflow/.local/lib/python3.7/site-packages/airflow/example_dags/example_short_circuit_operator.py took 0.113 seconds
[2022-07-21 06:31:36,526] {processor.py:153} INFO - Started process (PID=494) to work on /home/airflow/.local/lib/python3.7/site-packages/airflow/example_dags/example_short_circuit_operator.py
[2022-07-21 06:31:36,527] {processor.py:641} INFO - Processing file /home/airflow/.local/lib/python3.7/site-packages/airflow/example_dags/example_short_circuit_operator.py for tasks to queue
[2022-07-21 06:31:36,527] {logging_mixin.py:115} INFO - [2022-07-21 06:31:36,527] {dagbag.py:508} INFO - Filling up the DagBag from /home/airflow/.local/lib/python3.7/site-packages/airflow/example_dags/example_short_circuit_operator.py
[2022-07-21 06:31:36,539] {processor.py:651} INFO - DAG(s) dict_keys(['example_short_circuit_operator']) retrieved from /home/airflow/.local/lib/python3.7/site-packages/airflow/example_dags/example_short_circuit_operator.py
[2022-07-21 06:31:36,573] {logging_mixin.py:115} INFO - [2022-07-21 06:31:36,573] {dag.py:2420} INFO - Sync 1 DAGs
[2022-07-21 06:31:36,600] {logging_mixin.py:115} INFO - [2022-07-21 06:31:36,600] {dag.py:2972} INFO - Setting next_dagrun for example_short_circuit_operator to 2022-07-20T06:31:36.600319+00:00, run_after=2022-07-21T06:31:36.600319+00:00
[2022-07-21 06:31:36,615] {processor.py:161} INFO - Processing /home/airflow/.local/lib/python3.7/site-packages/airflow/example_dags/example_short_circuit_operator.py took 0.092 seconds
[2022-07-21 06:32:07,379] {processor.py:153} INFO - Started process (PID=549) to work on /home/airflow/.local/lib/python3.7/site-packages/airflow/example_dags/example_short_circuit_operator.py
[2022-07-21 06:32:07,380] {processor.py:641} INFO - Processing file /home/airflow/.local/lib/python3.7/site-packages/airflow/example_dags/example_short_circuit_operator.py for tasks to queue
[2022-07-21 06:32:07,381] {logging_mixin.py:115} INFO - [2022-07-21 06:32:07,381] {dagbag.py:508} INFO - Filling up the DagBag from /home/airflow/.local/lib/python3.7/site-packages/airflow/example_dags/example_short_circuit_operator.py
[2022-07-21 06:32:07,393] {processor.py:651} INFO - DAG(s) dict_keys(['example_short_circuit_operator']) retrieved from /home/airflow/.local/lib/python3.7/site-packages/airflow/example_dags/example_short_circuit_operator.py
[2022-07-21 06:32:07,436] {logging_mixin.py:115} INFO - [2022-07-21 06:32:07,436] {dag.py:2420} INFO - Sync 1 DAGs
[2022-07-21 06:32:07,473] {logging_mixin.py:115} INFO - [2022-07-21 06:32:07,473] {dag.py:2972} INFO - Setting next_dagrun for example_short_circuit_operator to 2022-07-20T06:32:07.472985+00:00, run_after=2022-07-21T06:32:07.472985+00:00
[2022-07-21 06:32:07,487] {processor.py:161} INFO - Processing /home/airflow/.local/lib/python3.7/site-packages/airflow/example_dags/example_short_circuit_operator.py took 0.112 seconds
[2022-07-21 06:32:37,584] {processor.py:153} INFO - Started process (PID=616) to work on /home/airflow/.local/lib/python3.7/site-packages/airflow/example_dags/example_short_circuit_operator.py
[2022-07-21 06:32:37,585] {processor.py:641} INFO - Processing file /home/airflow/.local/lib/python3.7/site-packages/airflow/example_dags/example_short_circuit_operator.py for tasks to queue
[2022-07-21 06:32:37,585] {logging_mixin.py:115} INFO - [2022-07-21 06:32:37,585] {dagbag.py:508} INFO - Filling up the DagBag from /home/airflow/.local/lib/python3.7/site-packages/airflow/example_dags/example_short_circuit_operator.py
[2022-07-21 06:32:37,601] {processor.py:651} INFO - DAG(s) dict_keys(['example_short_circuit_operator']) retrieved from /home/airflow/.local/lib/python3.7/site-packages/airflow/example_dags/example_short_circuit_operator.py
[2022-07-21 06:32:37,674] {logging_mixin.py:115} INFO - [2022-07-21 06:32:37,674] {dag.py:2420} INFO - Sync 1 DAGs
[2022-07-21 06:32:37,709] {logging_mixin.py:115} INFO - [2022-07-21 06:32:37,708] {dag.py:2972} INFO - Setting next_dagrun for example_short_circuit_operator to 2022-07-20T06:32:37.708720+00:00, run_after=2022-07-21T06:32:37.708720+00:00
[2022-07-21 06:32:37,726] {processor.py:161} INFO - Processing /home/airflow/.local/lib/python3.7/site-packages/airflow/example_dags/example_short_circuit_operator.py took 0.146 seconds
