[2022-07-21 06:28:01,806] {processor.py:153} INFO - Started process (PID=63) to work on /home/airflow/.local/lib/python3.7/site-packages/airflow/example_dags/example_branch_python_dop_operator_3.py
[2022-07-21 06:28:01,806] {processor.py:641} INFO - Processing file /home/airflow/.local/lib/python3.7/site-packages/airflow/example_dags/example_branch_python_dop_operator_3.py for tasks to queue
[2022-07-21 06:28:01,807] {logging_mixin.py:115} INFO - [2022-07-21 06:28:01,807] {dagbag.py:508} INFO - Filling up the DagBag from /home/airflow/.local/lib/python3.7/site-packages/airflow/example_dags/example_branch_python_dop_operator_3.py
[2022-07-21 06:28:01,822] {processor.py:651} INFO - DAG(s) dict_keys(['example_branch_dop_operator_v3']) retrieved from /home/airflow/.local/lib/python3.7/site-packages/airflow/example_dags/example_branch_python_dop_operator_3.py
[2022-07-21 06:28:01,855] {logging_mixin.py:115} INFO - [2022-07-21 06:28:01,855] {dag.py:2420} INFO - Sync 1 DAGs
[2022-07-21 06:28:01,897] {logging_mixin.py:115} INFO - [2022-07-21 06:28:01,897] {dag.py:2972} INFO - Setting next_dagrun for example_branch_dop_operator_v3 to 2022-07-21T06:27:00+00:00, run_after=2022-07-21T06:28:00+00:00
[2022-07-21 06:28:01,913] {processor.py:161} INFO - Processing /home/airflow/.local/lib/python3.7/site-packages/airflow/example_dags/example_branch_python_dop_operator_3.py took 0.111 seconds
[2022-07-21 06:28:32,826] {processor.py:153} INFO - Started process (PID=138) to work on /home/airflow/.local/lib/python3.7/site-packages/airflow/example_dags/example_branch_python_dop_operator_3.py
[2022-07-21 06:28:32,826] {processor.py:641} INFO - Processing file /home/airflow/.local/lib/python3.7/site-packages/airflow/example_dags/example_branch_python_dop_operator_3.py for tasks to queue
[2022-07-21 06:28:32,827] {logging_mixin.py:115} INFO - [2022-07-21 06:28:32,827] {dagbag.py:508} INFO - Filling up the DagBag from /home/airflow/.local/lib/python3.7/site-packages/airflow/example_dags/example_branch_python_dop_operator_3.py
[2022-07-21 06:28:32,849] {processor.py:651} INFO - DAG(s) dict_keys(['example_branch_dop_operator_v3']) retrieved from /home/airflow/.local/lib/python3.7/site-packages/airflow/example_dags/example_branch_python_dop_operator_3.py
[2022-07-21 06:28:32,887] {logging_mixin.py:115} INFO - [2022-07-21 06:28:32,887] {dag.py:2420} INFO - Sync 1 DAGs
[2022-07-21 06:28:32,945] {logging_mixin.py:115} INFO - [2022-07-21 06:28:32,945] {dag.py:2972} INFO - Setting next_dagrun for example_branch_dop_operator_v3 to 2022-07-21T06:27:00+00:00, run_after=2022-07-21T06:28:00+00:00
[2022-07-21 06:28:32,967] {processor.py:161} INFO - Processing /home/airflow/.local/lib/python3.7/site-packages/airflow/example_dags/example_branch_python_dop_operator_3.py took 0.146 seconds
[2022-07-21 06:29:03,154] {processor.py:153} INFO - Started process (PID=193) to work on /home/airflow/.local/lib/python3.7/site-packages/airflow/example_dags/example_branch_python_dop_operator_3.py
[2022-07-21 06:29:03,155] {processor.py:641} INFO - Processing file /home/airflow/.local/lib/python3.7/site-packages/airflow/example_dags/example_branch_python_dop_operator_3.py for tasks to queue
[2022-07-21 06:29:03,156] {logging_mixin.py:115} INFO - [2022-07-21 06:29:03,156] {dagbag.py:508} INFO - Filling up the DagBag from /home/airflow/.local/lib/python3.7/site-packages/airflow/example_dags/example_branch_python_dop_operator_3.py
[2022-07-21 06:29:03,166] {processor.py:651} INFO - DAG(s) dict_keys(['example_branch_dop_operator_v3']) retrieved from /home/airflow/.local/lib/python3.7/site-packages/airflow/example_dags/example_branch_python_dop_operator_3.py
[2022-07-21 06:29:03,195] {logging_mixin.py:115} INFO - [2022-07-21 06:29:03,194] {dag.py:2420} INFO - Sync 1 DAGs
[2022-07-21 06:29:03,230] {logging_mixin.py:115} INFO - [2022-07-21 06:29:03,230] {dag.py:2972} INFO - Setting next_dagrun for example_branch_dop_operator_v3 to 2022-07-21T06:28:00+00:00, run_after=2022-07-21T06:29:00+00:00
[2022-07-21 06:29:03,246] {processor.py:161} INFO - Processing /home/airflow/.local/lib/python3.7/site-packages/airflow/example_dags/example_branch_python_dop_operator_3.py took 0.095 seconds
[2022-07-21 06:29:34,186] {processor.py:153} INFO - Started process (PID=257) to work on /home/airflow/.local/lib/python3.7/site-packages/airflow/example_dags/example_branch_python_dop_operator_3.py
[2022-07-21 06:29:34,187] {processor.py:641} INFO - Processing file /home/airflow/.local/lib/python3.7/site-packages/airflow/example_dags/example_branch_python_dop_operator_3.py for tasks to queue
[2022-07-21 06:29:34,188] {logging_mixin.py:115} INFO - [2022-07-21 06:29:34,188] {dagbag.py:508} INFO - Filling up the DagBag from /home/airflow/.local/lib/python3.7/site-packages/airflow/example_dags/example_branch_python_dop_operator_3.py
[2022-07-21 06:29:34,199] {processor.py:651} INFO - DAG(s) dict_keys(['example_branch_dop_operator_v3']) retrieved from /home/airflow/.local/lib/python3.7/site-packages/airflow/example_dags/example_branch_python_dop_operator_3.py
[2022-07-21 06:29:34,226] {logging_mixin.py:115} INFO - [2022-07-21 06:29:34,226] {dag.py:2420} INFO - Sync 1 DAGs
[2022-07-21 06:29:34,258] {logging_mixin.py:115} INFO - [2022-07-21 06:29:34,258] {dag.py:2972} INFO - Setting next_dagrun for example_branch_dop_operator_v3 to 2022-07-21T06:28:00+00:00, run_after=2022-07-21T06:29:00+00:00
[2022-07-21 06:29:34,271] {processor.py:161} INFO - Processing /home/airflow/.local/lib/python3.7/site-packages/airflow/example_dags/example_branch_python_dop_operator_3.py took 0.089 seconds
[2022-07-21 06:30:04,825] {processor.py:153} INFO - Started process (PID=311) to work on /home/airflow/.local/lib/python3.7/site-packages/airflow/example_dags/example_branch_python_dop_operator_3.py
[2022-07-21 06:30:04,826] {processor.py:641} INFO - Processing file /home/airflow/.local/lib/python3.7/site-packages/airflow/example_dags/example_branch_python_dop_operator_3.py for tasks to queue
[2022-07-21 06:30:04,827] {logging_mixin.py:115} INFO - [2022-07-21 06:30:04,826] {dagbag.py:508} INFO - Filling up the DagBag from /home/airflow/.local/lib/python3.7/site-packages/airflow/example_dags/example_branch_python_dop_operator_3.py
[2022-07-21 06:30:04,840] {processor.py:651} INFO - DAG(s) dict_keys(['example_branch_dop_operator_v3']) retrieved from /home/airflow/.local/lib/python3.7/site-packages/airflow/example_dags/example_branch_python_dop_operator_3.py
[2022-07-21 06:30:04,869] {logging_mixin.py:115} INFO - [2022-07-21 06:30:04,869] {dag.py:2420} INFO - Sync 1 DAGs
[2022-07-21 06:30:04,904] {logging_mixin.py:115} INFO - [2022-07-21 06:30:04,904] {dag.py:2972} INFO - Setting next_dagrun for example_branch_dop_operator_v3 to 2022-07-21T06:29:00+00:00, run_after=2022-07-21T06:30:00+00:00
[2022-07-21 06:30:04,918] {processor.py:161} INFO - Processing /home/airflow/.local/lib/python3.7/site-packages/airflow/example_dags/example_branch_python_dop_operator_3.py took 0.096 seconds
[2022-07-21 06:30:35,025] {processor.py:153} INFO - Started process (PID=374) to work on /home/airflow/.local/lib/python3.7/site-packages/airflow/example_dags/example_branch_python_dop_operator_3.py
[2022-07-21 06:30:35,026] {processor.py:641} INFO - Processing file /home/airflow/.local/lib/python3.7/site-packages/airflow/example_dags/example_branch_python_dop_operator_3.py for tasks to queue
[2022-07-21 06:30:35,028] {logging_mixin.py:115} INFO - [2022-07-21 06:30:35,028] {dagbag.py:508} INFO - Filling up the DagBag from /home/airflow/.local/lib/python3.7/site-packages/airflow/example_dags/example_branch_python_dop_operator_3.py
[2022-07-21 06:30:35,065] {processor.py:651} INFO - DAG(s) dict_keys(['example_branch_dop_operator_v3']) retrieved from /home/airflow/.local/lib/python3.7/site-packages/airflow/example_dags/example_branch_python_dop_operator_3.py
[2022-07-21 06:30:35,103] {logging_mixin.py:115} INFO - [2022-07-21 06:30:35,103] {dag.py:2420} INFO - Sync 1 DAGs
[2022-07-21 06:30:35,143] {logging_mixin.py:115} INFO - [2022-07-21 06:30:35,143] {dag.py:2972} INFO - Setting next_dagrun for example_branch_dop_operator_v3 to 2022-07-21T06:29:00+00:00, run_after=2022-07-21T06:30:00+00:00
[2022-07-21 06:30:35,160] {processor.py:161} INFO - Processing /home/airflow/.local/lib/python3.7/site-packages/airflow/example_dags/example_branch_python_dop_operator_3.py took 0.147 seconds
[2022-07-21 06:31:05,635] {processor.py:153} INFO - Started process (PID=428) to work on /home/airflow/.local/lib/python3.7/site-packages/airflow/example_dags/example_branch_python_dop_operator_3.py
[2022-07-21 06:31:05,636] {processor.py:641} INFO - Processing file /home/airflow/.local/lib/python3.7/site-packages/airflow/example_dags/example_branch_python_dop_operator_3.py for tasks to queue
[2022-07-21 06:31:05,637] {logging_mixin.py:115} INFO - [2022-07-21 06:31:05,637] {dagbag.py:508} INFO - Filling up the DagBag from /home/airflow/.local/lib/python3.7/site-packages/airflow/example_dags/example_branch_python_dop_operator_3.py
[2022-07-21 06:31:05,650] {processor.py:651} INFO - DAG(s) dict_keys(['example_branch_dop_operator_v3']) retrieved from /home/airflow/.local/lib/python3.7/site-packages/airflow/example_dags/example_branch_python_dop_operator_3.py
[2022-07-21 06:31:05,680] {logging_mixin.py:115} INFO - [2022-07-21 06:31:05,679] {dag.py:2420} INFO - Sync 1 DAGs
[2022-07-21 06:31:05,718] {logging_mixin.py:115} INFO - [2022-07-21 06:31:05,718] {dag.py:2972} INFO - Setting next_dagrun for example_branch_dop_operator_v3 to 2022-07-21T06:30:00+00:00, run_after=2022-07-21T06:31:00+00:00
[2022-07-21 06:31:05,736] {processor.py:161} INFO - Processing /home/airflow/.local/lib/python3.7/site-packages/airflow/example_dags/example_branch_python_dop_operator_3.py took 0.105 seconds
[2022-07-21 06:31:36,402] {processor.py:153} INFO - Started process (PID=492) to work on /home/airflow/.local/lib/python3.7/site-packages/airflow/example_dags/example_branch_python_dop_operator_3.py
[2022-07-21 06:31:36,403] {processor.py:641} INFO - Processing file /home/airflow/.local/lib/python3.7/site-packages/airflow/example_dags/example_branch_python_dop_operator_3.py for tasks to queue
[2022-07-21 06:31:36,403] {logging_mixin.py:115} INFO - [2022-07-21 06:31:36,403] {dagbag.py:508} INFO - Filling up the DagBag from /home/airflow/.local/lib/python3.7/site-packages/airflow/example_dags/example_branch_python_dop_operator_3.py
[2022-07-21 06:31:36,417] {processor.py:651} INFO - DAG(s) dict_keys(['example_branch_dop_operator_v3']) retrieved from /home/airflow/.local/lib/python3.7/site-packages/airflow/example_dags/example_branch_python_dop_operator_3.py
[2022-07-21 06:31:36,447] {logging_mixin.py:115} INFO - [2022-07-21 06:31:36,447] {dag.py:2420} INFO - Sync 1 DAGs
[2022-07-21 06:31:36,485] {logging_mixin.py:115} INFO - [2022-07-21 06:31:36,485] {dag.py:2972} INFO - Setting next_dagrun for example_branch_dop_operator_v3 to 2022-07-21T06:30:00+00:00, run_after=2022-07-21T06:31:00+00:00
[2022-07-21 06:31:36,499] {processor.py:161} INFO - Processing /home/airflow/.local/lib/python3.7/site-packages/airflow/example_dags/example_branch_python_dop_operator_3.py took 0.104 seconds
[2022-07-21 06:32:07,053] {processor.py:153} INFO - Started process (PID=547) to work on /home/airflow/.local/lib/python3.7/site-packages/airflow/example_dags/example_branch_python_dop_operator_3.py
[2022-07-21 06:32:07,054] {processor.py:641} INFO - Processing file /home/airflow/.local/lib/python3.7/site-packages/airflow/example_dags/example_branch_python_dop_operator_3.py for tasks to queue
[2022-07-21 06:32:07,055] {logging_mixin.py:115} INFO - [2022-07-21 06:32:07,054] {dagbag.py:508} INFO - Filling up the DagBag from /home/airflow/.local/lib/python3.7/site-packages/airflow/example_dags/example_branch_python_dop_operator_3.py
[2022-07-21 06:32:07,068] {processor.py:651} INFO - DAG(s) dict_keys(['example_branch_dop_operator_v3']) retrieved from /home/airflow/.local/lib/python3.7/site-packages/airflow/example_dags/example_branch_python_dop_operator_3.py
[2022-07-21 06:32:07,103] {logging_mixin.py:115} INFO - [2022-07-21 06:32:07,103] {dag.py:2420} INFO - Sync 1 DAGs
[2022-07-21 06:32:07,158] {logging_mixin.py:115} INFO - [2022-07-21 06:32:07,158] {dag.py:2972} INFO - Setting next_dagrun for example_branch_dop_operator_v3 to 2022-07-21T06:31:00+00:00, run_after=2022-07-21T06:32:00+00:00
[2022-07-21 06:32:07,182] {processor.py:161} INFO - Processing /home/airflow/.local/lib/python3.7/site-packages/airflow/example_dags/example_branch_python_dop_operator_3.py took 0.132 seconds
[2022-07-21 06:32:37,305] {processor.py:153} INFO - Started process (PID=614) to work on /home/airflow/.local/lib/python3.7/site-packages/airflow/example_dags/example_branch_python_dop_operator_3.py
[2022-07-21 06:32:37,306] {processor.py:641} INFO - Processing file /home/airflow/.local/lib/python3.7/site-packages/airflow/example_dags/example_branch_python_dop_operator_3.py for tasks to queue
[2022-07-21 06:32:37,307] {logging_mixin.py:115} INFO - [2022-07-21 06:32:37,307] {dagbag.py:508} INFO - Filling up the DagBag from /home/airflow/.local/lib/python3.7/site-packages/airflow/example_dags/example_branch_python_dop_operator_3.py
[2022-07-21 06:32:37,321] {processor.py:651} INFO - DAG(s) dict_keys(['example_branch_dop_operator_v3']) retrieved from /home/airflow/.local/lib/python3.7/site-packages/airflow/example_dags/example_branch_python_dop_operator_3.py
[2022-07-21 06:32:37,356] {logging_mixin.py:115} INFO - [2022-07-21 06:32:37,356] {dag.py:2420} INFO - Sync 1 DAGs
[2022-07-21 06:32:37,397] {logging_mixin.py:115} INFO - [2022-07-21 06:32:37,397] {dag.py:2972} INFO - Setting next_dagrun for example_branch_dop_operator_v3 to 2022-07-21T06:31:00+00:00, run_after=2022-07-21T06:32:00+00:00
[2022-07-21 06:32:37,414] {processor.py:161} INFO - Processing /home/airflow/.local/lib/python3.7/site-packages/airflow/example_dags/example_branch_python_dop_operator_3.py took 0.114 seconds
