[2022-07-21 06:28:02,368] {processor.py:153} INFO - Started process (PID=69) to work on /home/airflow/.local/lib/python3.7/site-packages/airflow/example_dags/example_branch_datetime_operator.py
[2022-07-21 06:28:02,369] {processor.py:641} INFO - Processing file /home/airflow/.local/lib/python3.7/site-packages/airflow/example_dags/example_branch_datetime_operator.py for tasks to queue
[2022-07-21 06:28:02,370] {logging_mixin.py:115} INFO - [2022-07-21 06:28:02,370] {dagbag.py:508} INFO - Filling up the DagBag from /home/airflow/.local/lib/python3.7/site-packages/airflow/example_dags/example_branch_datetime_operator.py
[2022-07-21 06:28:02,391] {processor.py:651} INFO - DAG(s) dict_keys(['example_branch_datetime_operator', 'example_branch_datetime_operator_2']) retrieved from /home/airflow/.local/lib/python3.7/site-packages/airflow/example_dags/example_branch_datetime_operator.py
[2022-07-21 06:28:02,434] {logging_mixin.py:115} INFO - [2022-07-21 06:28:02,434] {dag.py:2420} INFO - Sync 2 DAGs
[2022-07-21 06:28:02,474] {logging_mixin.py:115} INFO - [2022-07-21 06:28:02,474] {dag.py:2972} INFO - Setting next_dagrun for example_branch_datetime_operator to 2022-07-20T00:00:00+00:00, run_after=2022-07-21T00:00:00+00:00
[2022-07-21 06:28:02,477] {logging_mixin.py:115} INFO - [2022-07-21 06:28:02,477] {dag.py:2972} INFO - Setting next_dagrun for example_branch_datetime_operator_2 to 2022-07-20T00:00:00+00:00, run_after=2022-07-21T00:00:00+00:00
[2022-07-21 06:28:02,497] {processor.py:161} INFO - Processing /home/airflow/.local/lib/python3.7/site-packages/airflow/example_dags/example_branch_datetime_operator.py took 0.133 seconds
[2022-07-21 06:28:33,312] {processor.py:153} INFO - Started process (PID=144) to work on /home/airflow/.local/lib/python3.7/site-packages/airflow/example_dags/example_branch_datetime_operator.py
[2022-07-21 06:28:33,313] {processor.py:641} INFO - Processing file /home/airflow/.local/lib/python3.7/site-packages/airflow/example_dags/example_branch_datetime_operator.py for tasks to queue
[2022-07-21 06:28:33,313] {logging_mixin.py:115} INFO - [2022-07-21 06:28:33,313] {dagbag.py:508} INFO - Filling up the DagBag from /home/airflow/.local/lib/python3.7/site-packages/airflow/example_dags/example_branch_datetime_operator.py
[2022-07-21 06:28:33,327] {processor.py:651} INFO - DAG(s) dict_keys(['example_branch_datetime_operator', 'example_branch_datetime_operator_2']) retrieved from /home/airflow/.local/lib/python3.7/site-packages/airflow/example_dags/example_branch_datetime_operator.py
[2022-07-21 06:28:33,368] {logging_mixin.py:115} INFO - [2022-07-21 06:28:33,368] {dag.py:2420} INFO - Sync 2 DAGs
[2022-07-21 06:28:33,412] {logging_mixin.py:115} INFO - [2022-07-21 06:28:33,412] {dag.py:2972} INFO - Setting next_dagrun for example_branch_datetime_operator to 2022-07-20T00:00:00+00:00, run_after=2022-07-21T00:00:00+00:00
[2022-07-21 06:28:33,415] {logging_mixin.py:115} INFO - [2022-07-21 06:28:33,415] {dag.py:2972} INFO - Setting next_dagrun for example_branch_datetime_operator_2 to 2022-07-20T00:00:00+00:00, run_after=2022-07-21T00:00:00+00:00
[2022-07-21 06:28:33,434] {processor.py:161} INFO - Processing /home/airflow/.local/lib/python3.7/site-packages/airflow/example_dags/example_branch_datetime_operator.py took 0.127 seconds
[2022-07-21 06:29:03,533] {processor.py:153} INFO - Started process (PID=199) to work on /home/airflow/.local/lib/python3.7/site-packages/airflow/example_dags/example_branch_datetime_operator.py
[2022-07-21 06:29:03,533] {processor.py:641} INFO - Processing file /home/airflow/.local/lib/python3.7/site-packages/airflow/example_dags/example_branch_datetime_operator.py for tasks to queue
[2022-07-21 06:29:03,534] {logging_mixin.py:115} INFO - [2022-07-21 06:29:03,534] {dagbag.py:508} INFO - Filling up the DagBag from /home/airflow/.local/lib/python3.7/site-packages/airflow/example_dags/example_branch_datetime_operator.py
[2022-07-21 06:29:03,547] {processor.py:651} INFO - DAG(s) dict_keys(['example_branch_datetime_operator', 'example_branch_datetime_operator_2']) retrieved from /home/airflow/.local/lib/python3.7/site-packages/airflow/example_dags/example_branch_datetime_operator.py
[2022-07-21 06:29:03,583] {logging_mixin.py:115} INFO - [2022-07-21 06:29:03,583] {dag.py:2420} INFO - Sync 2 DAGs
[2022-07-21 06:29:03,613] {logging_mixin.py:115} INFO - [2022-07-21 06:29:03,613] {dag.py:2972} INFO - Setting next_dagrun for example_branch_datetime_operator to 2022-07-20T00:00:00+00:00, run_after=2022-07-21T00:00:00+00:00
[2022-07-21 06:29:03,616] {logging_mixin.py:115} INFO - [2022-07-21 06:29:03,615] {dag.py:2972} INFO - Setting next_dagrun for example_branch_datetime_operator_2 to 2022-07-20T00:00:00+00:00, run_after=2022-07-21T00:00:00+00:00
[2022-07-21 06:29:03,630] {processor.py:161} INFO - Processing /home/airflow/.local/lib/python3.7/site-packages/airflow/example_dags/example_branch_datetime_operator.py took 0.101 seconds
[2022-07-21 06:29:34,652] {processor.py:153} INFO - Started process (PID=263) to work on /home/airflow/.local/lib/python3.7/site-packages/airflow/example_dags/example_branch_datetime_operator.py
[2022-07-21 06:29:34,653] {processor.py:641} INFO - Processing file /home/airflow/.local/lib/python3.7/site-packages/airflow/example_dags/example_branch_datetime_operator.py for tasks to queue
[2022-07-21 06:29:34,653] {logging_mixin.py:115} INFO - [2022-07-21 06:29:34,653] {dagbag.py:508} INFO - Filling up the DagBag from /home/airflow/.local/lib/python3.7/site-packages/airflow/example_dags/example_branch_datetime_operator.py
[2022-07-21 06:29:34,666] {processor.py:651} INFO - DAG(s) dict_keys(['example_branch_datetime_operator', 'example_branch_datetime_operator_2']) retrieved from /home/airflow/.local/lib/python3.7/site-packages/airflow/example_dags/example_branch_datetime_operator.py
[2022-07-21 06:29:34,701] {logging_mixin.py:115} INFO - [2022-07-21 06:29:34,701] {dag.py:2420} INFO - Sync 2 DAGs
[2022-07-21 06:29:34,730] {logging_mixin.py:115} INFO - [2022-07-21 06:29:34,730] {dag.py:2972} INFO - Setting next_dagrun for example_branch_datetime_operator to 2022-07-20T00:00:00+00:00, run_after=2022-07-21T00:00:00+00:00
[2022-07-21 06:29:34,733] {logging_mixin.py:115} INFO - [2022-07-21 06:29:34,732] {dag.py:2972} INFO - Setting next_dagrun for example_branch_datetime_operator_2 to 2022-07-20T00:00:00+00:00, run_after=2022-07-21T00:00:00+00:00
[2022-07-21 06:29:34,749] {processor.py:161} INFO - Processing /home/airflow/.local/lib/python3.7/site-packages/airflow/example_dags/example_branch_datetime_operator.py took 0.101 seconds
[2022-07-21 06:30:05,451] {processor.py:153} INFO - Started process (PID=317) to work on /home/airflow/.local/lib/python3.7/site-packages/airflow/example_dags/example_branch_datetime_operator.py
[2022-07-21 06:30:05,451] {processor.py:641} INFO - Processing file /home/airflow/.local/lib/python3.7/site-packages/airflow/example_dags/example_branch_datetime_operator.py for tasks to queue
[2022-07-21 06:30:05,452] {logging_mixin.py:115} INFO - [2022-07-21 06:30:05,452] {dagbag.py:508} INFO - Filling up the DagBag from /home/airflow/.local/lib/python3.7/site-packages/airflow/example_dags/example_branch_datetime_operator.py
[2022-07-21 06:30:05,465] {processor.py:651} INFO - DAG(s) dict_keys(['example_branch_datetime_operator', 'example_branch_datetime_operator_2']) retrieved from /home/airflow/.local/lib/python3.7/site-packages/airflow/example_dags/example_branch_datetime_operator.py
[2022-07-21 06:30:05,500] {logging_mixin.py:115} INFO - [2022-07-21 06:30:05,500] {dag.py:2420} INFO - Sync 2 DAGs
[2022-07-21 06:30:05,531] {logging_mixin.py:115} INFO - [2022-07-21 06:30:05,531] {dag.py:2972} INFO - Setting next_dagrun for example_branch_datetime_operator to 2022-07-20T00:00:00+00:00, run_after=2022-07-21T00:00:00+00:00
[2022-07-21 06:30:05,536] {logging_mixin.py:115} INFO - [2022-07-21 06:30:05,536] {dag.py:2972} INFO - Setting next_dagrun for example_branch_datetime_operator_2 to 2022-07-20T00:00:00+00:00, run_after=2022-07-21T00:00:00+00:00
[2022-07-21 06:30:05,557] {processor.py:161} INFO - Processing /home/airflow/.local/lib/python3.7/site-packages/airflow/example_dags/example_branch_datetime_operator.py took 0.111 seconds
[2022-07-21 06:30:35,647] {processor.py:153} INFO - Started process (PID=380) to work on /home/airflow/.local/lib/python3.7/site-packages/airflow/example_dags/example_branch_datetime_operator.py
[2022-07-21 06:30:35,648] {processor.py:641} INFO - Processing file /home/airflow/.local/lib/python3.7/site-packages/airflow/example_dags/example_branch_datetime_operator.py for tasks to queue
[2022-07-21 06:30:35,649] {logging_mixin.py:115} INFO - [2022-07-21 06:30:35,649] {dagbag.py:508} INFO - Filling up the DagBag from /home/airflow/.local/lib/python3.7/site-packages/airflow/example_dags/example_branch_datetime_operator.py
[2022-07-21 06:30:35,666] {processor.py:651} INFO - DAG(s) dict_keys(['example_branch_datetime_operator', 'example_branch_datetime_operator_2']) retrieved from /home/airflow/.local/lib/python3.7/site-packages/airflow/example_dags/example_branch_datetime_operator.py
[2022-07-21 06:30:35,703] {logging_mixin.py:115} INFO - [2022-07-21 06:30:35,703] {dag.py:2420} INFO - Sync 2 DAGs
[2022-07-21 06:30:35,753] {logging_mixin.py:115} INFO - [2022-07-21 06:30:35,753] {dag.py:2972} INFO - Setting next_dagrun for example_branch_datetime_operator to 2022-07-20T00:00:00+00:00, run_after=2022-07-21T00:00:00+00:00
[2022-07-21 06:30:35,756] {logging_mixin.py:115} INFO - [2022-07-21 06:30:35,756] {dag.py:2972} INFO - Setting next_dagrun for example_branch_datetime_operator_2 to 2022-07-20T00:00:00+00:00, run_after=2022-07-21T00:00:00+00:00
[2022-07-21 06:30:35,780] {processor.py:161} INFO - Processing /home/airflow/.local/lib/python3.7/site-packages/airflow/example_dags/example_branch_datetime_operator.py took 0.136 seconds
[2022-07-21 06:31:06,208] {processor.py:153} INFO - Started process (PID=434) to work on /home/airflow/.local/lib/python3.7/site-packages/airflow/example_dags/example_branch_datetime_operator.py
[2022-07-21 06:31:06,210] {processor.py:641} INFO - Processing file /home/airflow/.local/lib/python3.7/site-packages/airflow/example_dags/example_branch_datetime_operator.py for tasks to queue
[2022-07-21 06:31:06,212] {logging_mixin.py:115} INFO - [2022-07-21 06:31:06,211] {dagbag.py:508} INFO - Filling up the DagBag from /home/airflow/.local/lib/python3.7/site-packages/airflow/example_dags/example_branch_datetime_operator.py
[2022-07-21 06:31:06,248] {processor.py:651} INFO - DAG(s) dict_keys(['example_branch_datetime_operator', 'example_branch_datetime_operator_2']) retrieved from /home/airflow/.local/lib/python3.7/site-packages/airflow/example_dags/example_branch_datetime_operator.py
[2022-07-21 06:31:06,323] {logging_mixin.py:115} INFO - [2022-07-21 06:31:06,323] {dag.py:2420} INFO - Sync 2 DAGs
[2022-07-21 06:31:06,358] {logging_mixin.py:115} INFO - [2022-07-21 06:31:06,358] {dag.py:2972} INFO - Setting next_dagrun for example_branch_datetime_operator to 2022-07-20T00:00:00+00:00, run_after=2022-07-21T00:00:00+00:00
[2022-07-21 06:31:06,361] {logging_mixin.py:115} INFO - [2022-07-21 06:31:06,361] {dag.py:2972} INFO - Setting next_dagrun for example_branch_datetime_operator_2 to 2022-07-20T00:00:00+00:00, run_after=2022-07-21T00:00:00+00:00
[2022-07-21 06:31:06,376] {processor.py:161} INFO - Processing /home/airflow/.local/lib/python3.7/site-packages/airflow/example_dags/example_branch_datetime_operator.py took 0.180 seconds
[2022-07-21 06:31:36,892] {processor.py:153} INFO - Started process (PID=498) to work on /home/airflow/.local/lib/python3.7/site-packages/airflow/example_dags/example_branch_datetime_operator.py
[2022-07-21 06:31:36,892] {processor.py:641} INFO - Processing file /home/airflow/.local/lib/python3.7/site-packages/airflow/example_dags/example_branch_datetime_operator.py for tasks to queue
[2022-07-21 06:31:36,893] {logging_mixin.py:115} INFO - [2022-07-21 06:31:36,893] {dagbag.py:508} INFO - Filling up the DagBag from /home/airflow/.local/lib/python3.7/site-packages/airflow/example_dags/example_branch_datetime_operator.py
[2022-07-21 06:31:36,906] {processor.py:651} INFO - DAG(s) dict_keys(['example_branch_datetime_operator', 'example_branch_datetime_operator_2']) retrieved from /home/airflow/.local/lib/python3.7/site-packages/airflow/example_dags/example_branch_datetime_operator.py
[2022-07-21 06:31:36,941] {logging_mixin.py:115} INFO - [2022-07-21 06:31:36,941] {dag.py:2420} INFO - Sync 2 DAGs
[2022-07-21 06:31:36,971] {logging_mixin.py:115} INFO - [2022-07-21 06:31:36,971] {dag.py:2972} INFO - Setting next_dagrun for example_branch_datetime_operator to 2022-07-20T00:00:00+00:00, run_after=2022-07-21T00:00:00+00:00
[2022-07-21 06:31:36,974] {logging_mixin.py:115} INFO - [2022-07-21 06:31:36,974] {dag.py:2972} INFO - Setting next_dagrun for example_branch_datetime_operator_2 to 2022-07-20T00:00:00+00:00, run_after=2022-07-21T00:00:00+00:00
[2022-07-21 06:31:36,990] {processor.py:161} INFO - Processing /home/airflow/.local/lib/python3.7/site-packages/airflow/example_dags/example_branch_datetime_operator.py took 0.102 seconds
[2022-07-21 06:32:07,630] {processor.py:153} INFO - Started process (PID=553) to work on /home/airflow/.local/lib/python3.7/site-packages/airflow/example_dags/example_branch_datetime_operator.py
[2022-07-21 06:32:07,631] {processor.py:641} INFO - Processing file /home/airflow/.local/lib/python3.7/site-packages/airflow/example_dags/example_branch_datetime_operator.py for tasks to queue
[2022-07-21 06:32:07,632] {logging_mixin.py:115} INFO - [2022-07-21 06:32:07,631] {dagbag.py:508} INFO - Filling up the DagBag from /home/airflow/.local/lib/python3.7/site-packages/airflow/example_dags/example_branch_datetime_operator.py
[2022-07-21 06:32:07,644] {processor.py:651} INFO - DAG(s) dict_keys(['example_branch_datetime_operator', 'example_branch_datetime_operator_2']) retrieved from /home/airflow/.local/lib/python3.7/site-packages/airflow/example_dags/example_branch_datetime_operator.py
[2022-07-21 06:32:07,680] {logging_mixin.py:115} INFO - [2022-07-21 06:32:07,680] {dag.py:2420} INFO - Sync 2 DAGs
[2022-07-21 06:32:07,711] {logging_mixin.py:115} INFO - [2022-07-21 06:32:07,711] {dag.py:2972} INFO - Setting next_dagrun for example_branch_datetime_operator to 2022-07-20T00:00:00+00:00, run_after=2022-07-21T00:00:00+00:00
[2022-07-21 06:32:07,714] {logging_mixin.py:115} INFO - [2022-07-21 06:32:07,714] {dag.py:2972} INFO - Setting next_dagrun for example_branch_datetime_operator_2 to 2022-07-20T00:00:00+00:00, run_after=2022-07-21T00:00:00+00:00
[2022-07-21 06:32:07,731] {processor.py:161} INFO - Processing /home/airflow/.local/lib/python3.7/site-packages/airflow/example_dags/example_branch_datetime_operator.py took 0.104 seconds
[2022-07-21 06:32:38,005] {processor.py:153} INFO - Started process (PID=620) to work on /home/airflow/.local/lib/python3.7/site-packages/airflow/example_dags/example_branch_datetime_operator.py
[2022-07-21 06:32:38,005] {processor.py:641} INFO - Processing file /home/airflow/.local/lib/python3.7/site-packages/airflow/example_dags/example_branch_datetime_operator.py for tasks to queue
[2022-07-21 06:32:38,006] {logging_mixin.py:115} INFO - [2022-07-21 06:32:38,006] {dagbag.py:508} INFO - Filling up the DagBag from /home/airflow/.local/lib/python3.7/site-packages/airflow/example_dags/example_branch_datetime_operator.py
[2022-07-21 06:32:38,019] {processor.py:651} INFO - DAG(s) dict_keys(['example_branch_datetime_operator', 'example_branch_datetime_operator_2']) retrieved from /home/airflow/.local/lib/python3.7/site-packages/airflow/example_dags/example_branch_datetime_operator.py
[2022-07-21 06:32:38,061] {logging_mixin.py:115} INFO - [2022-07-21 06:32:38,061] {dag.py:2420} INFO - Sync 2 DAGs
[2022-07-21 06:32:38,095] {logging_mixin.py:115} INFO - [2022-07-21 06:32:38,094] {dag.py:2972} INFO - Setting next_dagrun for example_branch_datetime_operator to 2022-07-20T00:00:00+00:00, run_after=2022-07-21T00:00:00+00:00
[2022-07-21 06:32:38,097] {logging_mixin.py:115} INFO - [2022-07-21 06:32:38,097] {dag.py:2972} INFO - Setting next_dagrun for example_branch_datetime_operator_2 to 2022-07-20T00:00:00+00:00, run_after=2022-07-21T00:00:00+00:00
[2022-07-21 06:32:38,118] {processor.py:161} INFO - Processing /home/airflow/.local/lib/python3.7/site-packages/airflow/example_dags/example_branch_datetime_operator.py took 0.117 seconds
