[2022-07-18 13:38:31,206] {taskinstance.py:1179} INFO - Dependencies all met for <TaskInstance: etl_dag.transform manual__2022-07-18T13:38:22.325671+00:00 [queued]>
[2022-07-18 13:38:31,219] {taskinstance.py:1179} INFO - Dependencies all met for <TaskInstance: etl_dag.transform manual__2022-07-18T13:38:22.325671+00:00 [queued]>
[2022-07-18 13:38:31,219] {taskinstance.py:1376} INFO - 
--------------------------------------------------------------------------------
[2022-07-18 13:38:31,220] {taskinstance.py:1377} INFO - Starting attempt 1 of 1
[2022-07-18 13:38:31,220] {taskinstance.py:1378} INFO - 
--------------------------------------------------------------------------------
[2022-07-18 13:38:31,241] {taskinstance.py:1397} INFO - Executing <Task(PythonOperator): transform> on 2022-07-18 13:38:22.325671+00:00
[2022-07-18 13:38:31,246] {standard_task_runner.py:52} INFO - Started process 2247 to run task
[2022-07-18 13:38:31,250] {standard_task_runner.py:79} INFO - Running: ['***', 'tasks', 'run', 'etl_dag', 'transform', 'manual__2022-07-18T13:38:22.325671+00:00', '--job-id', '24', '--raw', '--subdir', 'DAGS_FOLDER/etl_dag.py', '--cfg-path', '/tmp/tmpeunjuyiv', '--error-file', '/tmp/tmpiavenjyj']
[2022-07-18 13:38:31,251] {standard_task_runner.py:80} INFO - Job 24: Subtask transform
[2022-07-18 13:38:31,336] {task_command.py:371} INFO - Running <TaskInstance: etl_dag.transform manual__2022-07-18T13:38:22.325671+00:00 [running]> on host 70b17816bd7e
[2022-07-18 13:38:31,424] {taskinstance.py:1591} INFO - Exporting the following env vars:
AIRFLOW_CTX_DAG_OWNER=***
AIRFLOW_CTX_DAG_ID=etl_dag
AIRFLOW_CTX_TASK_ID=transform
AIRFLOW_CTX_EXECUTION_DATE=2022-07-18T13:38:22.325671+00:00
AIRFLOW_CTX_TRY_NUMBER=1
AIRFLOW_CTX_DAG_RUN_ID=manual__2022-07-18T13:38:22.325671+00:00
[2022-07-18 13:38:31,435] {logging_mixin.py:115} INFO - {'song_name': ['Avareh', 'Arezou', 'Tabiat', 'Setareh', 'Tasavor Kon', 'Daryaye Maghreb', 'Parandeh', 'Yadegari'], 'artist_name': ['Siavash Ghomayshi', 'Siavash Ghomayshi', 'Siavash Ghomayshi', 'Siavash Ghomayshi', 'Siavash Ghomayshi', 'Siavash Ghomayshi', 'Siavash Ghomayshi', 'Siavash Ghomayshi'], 'played_at': ['2022-07-18T05:48:12.234Z', '2022-07-17T20:44:56.091Z', '2022-07-17T20:41:01.954Z', '2022-07-17T20:37:43.707Z', '2022-07-17T20:34:02.940Z', '2022-07-17T20:29:53.538Z', '2022-07-17T20:25:50.882Z', '2022-07-17T20:22:27.220Z'], 'timestamp': ['2022-07-18', '2022-07-17', '2022-07-17', '2022-07-17', '2022-07-17', '2022-07-17', '2022-07-17', '2022-07-17']}
[2022-07-18 13:38:31,450] {logging_mixin.py:115} INFO -          song_name        artist_name                 played_at   timestamp
0           Avareh  Siavash Ghomayshi  2022-07-18T05:48:12.234Z  2022-07-18
1           Arezou  Siavash Ghomayshi  2022-07-17T20:44:56.091Z  2022-07-17
2           Tabiat  Siavash Ghomayshi  2022-07-17T20:41:01.954Z  2022-07-17
3          Setareh  Siavash Ghomayshi  2022-07-17T20:37:43.707Z  2022-07-17
4      Tasavor Kon  Siavash Ghomayshi  2022-07-17T20:34:02.940Z  2022-07-17
5  Daryaye Maghreb  Siavash Ghomayshi  2022-07-17T20:29:53.538Z  2022-07-17
6         Parandeh  Siavash Ghomayshi  2022-07-17T20:25:50.882Z  2022-07-17
7         Yadegari  Siavash Ghomayshi  2022-07-17T20:22:27.220Z  2022-07-17
[2022-07-18 13:38:31,451] {taskinstance.py:1909} ERROR - Task failed with exception
Traceback (most recent call last):
  File "/home/airflow/.local/lib/python3.7/site-packages/airflow/operators/python.py", line 171, in execute
    return_value = self.execute_callable()
  File "/home/airflow/.local/lib/python3.7/site-packages/airflow/operators/python.py", line 189, in execute_callable
    return self.python_callable(*self.op_args, **self.op_kwargs)
  File "/opt/airflow/dags/etl_dag.py", line 92, in transform
    if check_if_valid_data(song_df):
  File "/opt/airflow/dags/etl_dag.py", line 41, in check_if_valid_data
    if datetime.strptime(timestamp, '%Y-%m-%d') != yesterday:
AttributeError: module 'datetime' has no attribute 'strptime'
[2022-07-18 13:38:31,460] {taskinstance.py:1420} INFO - Marking task as FAILED. dag_id=etl_dag, task_id=transform, execution_date=20220718T133822, start_date=20220718T133831, end_date=20220718T133831
[2022-07-18 13:38:31,474] {standard_task_runner.py:97} ERROR - Failed to execute job 24 for task transform (module 'datetime' has no attribute 'strptime'; 2247)
[2022-07-18 13:38:31,501] {local_task_job.py:156} INFO - Task exited with return code 1
[2022-07-18 13:38:31,562] {local_task_job.py:273} INFO - 0 downstream tasks scheduled from follow-on schedule check
