[2022-07-21 06:30:17,794] {taskinstance.py:1179} INFO - Dependencies all met for <TaskInstance: etl_dag.sleep manual__2022-07-21T06:30:12.867044+00:00 [queued]>
[2022-07-21 06:30:17,806] {taskinstance.py:1179} INFO - Dependencies all met for <TaskInstance: etl_dag.sleep manual__2022-07-21T06:30:12.867044+00:00 [queued]>
[2022-07-21 06:30:17,807] {taskinstance.py:1376} INFO - 
--------------------------------------------------------------------------------
[2022-07-21 06:30:17,807] {taskinstance.py:1377} INFO - Starting attempt 1 of 1
[2022-07-21 06:30:17,807] {taskinstance.py:1378} INFO - 
--------------------------------------------------------------------------------
[2022-07-21 06:30:17,827] {taskinstance.py:1397} INFO - Executing <Task(BashOperator): sleep> on 2022-07-21 06:30:12.867044+00:00
[2022-07-21 06:30:17,834] {standard_task_runner.py:52} INFO - Started process 206 to run task
[2022-07-21 06:30:17,838] {standard_task_runner.py:79} INFO - Running: ['***', 'tasks', 'run', 'etl_dag', 'sleep', 'manual__2022-07-21T06:30:12.867044+00:00', '--job-id', '71', '--raw', '--subdir', 'DAGS_FOLDER/etl_dag.py', '--cfg-path', '/tmp/tmpc2n0p511', '--error-file', '/tmp/tmpnw639_hp']
[2022-07-21 06:30:17,839] {standard_task_runner.py:80} INFO - Job 71: Subtask sleep
[2022-07-21 06:30:17,923] {task_command.py:371} INFO - Running <TaskInstance: etl_dag.sleep manual__2022-07-21T06:30:12.867044+00:00 [running]> on host 4514cd19035a
[2022-07-21 06:30:18,023] {taskinstance.py:1591} INFO - Exporting the following env vars:
AIRFLOW_CTX_DAG_OWNER=***
AIRFLOW_CTX_DAG_ID=etl_dag
AIRFLOW_CTX_TASK_ID=sleep
AIRFLOW_CTX_EXECUTION_DATE=2022-07-21T06:30:12.867044+00:00
AIRFLOW_CTX_TRY_NUMBER=1
AIRFLOW_CTX_DAG_RUN_ID=manual__2022-07-21T06:30:12.867044+00:00
[2022-07-21 06:30:18,024] {subprocess.py:62} INFO - Tmp dir root location: 
 /tmp
[2022-07-21 06:30:18,024] {subprocess.py:74} INFO - Running command: ['bash', '-c', 'sleep 3']
[2022-07-21 06:30:18,040] {subprocess.py:85} INFO - Output:
[2022-07-21 06:30:21,044] {subprocess.py:96} INFO - Command exited with return code 0
[2022-07-21 06:30:21,091] {taskinstance.py:1420} INFO - Marking task as SUCCESS. dag_id=etl_dag, task_id=sleep, execution_date=20220721T063012, start_date=20220721T063017, end_date=20220721T063021
[2022-07-21 06:30:21,138] {local_task_job.py:156} INFO - Task exited with return code 0
[2022-07-21 06:30:21,211] {local_task_job.py:273} INFO - 1 downstream tasks scheduled from follow-on schedule check
