[2022-07-16 15:32:36,190] {taskinstance.py:1179} INFO - Dependencies all met for <TaskInstance: my_dag.training_model_B scheduled__2022-07-15T00:00:00+00:00 [queued]>
[2022-07-16 15:32:36,215] {taskinstance.py:1179} INFO - Dependencies all met for <TaskInstance: my_dag.training_model_B scheduled__2022-07-15T00:00:00+00:00 [queued]>
[2022-07-16 15:32:36,216] {taskinstance.py:1376} INFO - 
--------------------------------------------------------------------------------
[2022-07-16 15:32:36,216] {taskinstance.py:1377} INFO - Starting attempt 1 of 1
[2022-07-16 15:32:36,216] {taskinstance.py:1378} INFO - 
--------------------------------------------------------------------------------
[2022-07-16 15:32:36,245] {taskinstance.py:1397} INFO - Executing <Task(PythonOperator): training_model_B> on 2022-07-15 00:00:00+00:00
[2022-07-16 15:32:36,254] {standard_task_runner.py:52} INFO - Started process 1726 to run task
[2022-07-16 15:32:36,260] {standard_task_runner.py:79} INFO - Running: ['***', 'tasks', 'run', 'my_dag', 'training_model_B', 'scheduled__2022-07-15T00:00:00+00:00', '--job-id', '38', '--raw', '--subdir', 'DAGS_FOLDER/my_dag.py', '--cfg-path', '/tmp/tmp1jj2m1wk', '--error-file', '/tmp/tmpgywpsgkb']
[2022-07-16 15:32:36,261] {standard_task_runner.py:80} INFO - Job 38: Subtask training_model_B
[2022-07-16 15:32:36,395] {task_command.py:371} INFO - Running <TaskInstance: my_dag.training_model_B scheduled__2022-07-15T00:00:00+00:00 [running]> on host f32a6ddd91ec
[2022-07-16 15:32:36,726] {taskinstance.py:1591} INFO - Exporting the following env vars:
AIRFLOW_CTX_DAG_OWNER=***
AIRFLOW_CTX_DAG_ID=my_dag
AIRFLOW_CTX_TASK_ID=training_model_B
AIRFLOW_CTX_EXECUTION_DATE=2022-07-15T00:00:00+00:00
AIRFLOW_CTX_TRY_NUMBER=1
AIRFLOW_CTX_DAG_RUN_ID=scheduled__2022-07-15T00:00:00+00:00
[2022-07-16 15:32:36,727] {python.py:173} INFO - Done. Returned value was: 10
[2022-07-16 15:32:36,819] {taskinstance.py:1420} INFO - Marking task as SUCCESS. dag_id=my_dag, task_id=training_model_B, execution_date=20220715T000000, start_date=20220716T153236, end_date=20220716T153236
[2022-07-16 15:32:36,913] {local_task_job.py:156} INFO - Task exited with return code 0
[2022-07-16 15:32:37,144] {local_task_job.py:273} INFO - 0 downstream tasks scheduled from follow-on schedule check
