[2022-07-18 14:04:36,966] {taskinstance.py:1179} INFO - Dependencies all met for <TaskInstance: etl_dag.load manual__2022-07-18T14:04:28.242114+00:00 [queued]>
[2022-07-18 14:04:36,980] {taskinstance.py:1179} INFO - Dependencies all met for <TaskInstance: etl_dag.load manual__2022-07-18T14:04:28.242114+00:00 [queued]>
[2022-07-18 14:04:36,980] {taskinstance.py:1376} INFO - 
--------------------------------------------------------------------------------
[2022-07-18 14:04:36,980] {taskinstance.py:1377} INFO - Starting attempt 1 of 1
[2022-07-18 14:04:36,980] {taskinstance.py:1378} INFO - 
--------------------------------------------------------------------------------
[2022-07-18 14:04:36,997] {taskinstance.py:1397} INFO - Executing <Task(PythonOperator): load> on 2022-07-18 14:04:28.242114+00:00
[2022-07-18 14:04:37,002] {standard_task_runner.py:52} INFO - Started process 3492 to run task
[2022-07-18 14:04:37,005] {standard_task_runner.py:79} INFO - Running: ['***', 'tasks', 'run', 'etl_dag', 'load', 'manual__2022-07-18T14:04:28.242114+00:00', '--job-id', '51', '--raw', '--subdir', 'DAGS_FOLDER/etl_dag.py', '--cfg-path', '/tmp/tmpt48le4bh', '--error-file', '/tmp/tmph_joql7q']
[2022-07-18 14:04:37,007] {standard_task_runner.py:80} INFO - Job 51: Subtask load
[2022-07-18 14:04:37,113] {task_command.py:371} INFO - Running <TaskInstance: etl_dag.load manual__2022-07-18T14:04:28.242114+00:00 [running]> on host 70b17816bd7e
[2022-07-18 14:04:37,239] {taskinstance.py:1591} INFO - Exporting the following env vars:
AIRFLOW_CTX_DAG_OWNER=***
AIRFLOW_CTX_DAG_ID=etl_dag
AIRFLOW_CTX_TASK_ID=load
AIRFLOW_CTX_EXECUTION_DATE=2022-07-18T14:04:28.242114+00:00
AIRFLOW_CTX_TRY_NUMBER=1
AIRFLOW_CTX_DAG_RUN_ID=manual__2022-07-18T14:04:28.242114+00:00
[2022-07-18 14:04:37,267] {logging_mixin.py:115} INFO -          song_name        artist_name                 played_at   timestamp
0           Avareh  Siavash Ghomayshi  2022-07-18T05:48:12.234Z  2022-07-18
1           Arezou  Siavash Ghomayshi  2022-07-17T20:44:56.091Z  2022-07-17
2           Tabiat  Siavash Ghomayshi  2022-07-17T20:41:01.954Z  2022-07-17
3          Setareh  Siavash Ghomayshi  2022-07-17T20:37:43.707Z  2022-07-17
4      Tasavor Kon  Siavash Ghomayshi  2022-07-17T20:34:02.940Z  2022-07-17
5  Daryaye Maghreb  Siavash Ghomayshi  2022-07-17T20:29:53.538Z  2022-07-17
6         Parandeh  Siavash Ghomayshi  2022-07-17T20:25:50.882Z  2022-07-17
7         Yadegari  Siavash Ghomayshi  2022-07-17T20:22:27.220Z  2022-07-17
[2022-07-18 14:04:37,267] {logging_mixin.py:115} INFO - /opt/***/song_data.csv
[2022-07-18 14:04:37,517] {python.py:173} INFO - Done. Returned value was: None
[2022-07-18 14:04:37,536] {taskinstance.py:1420} INFO - Marking task as SUCCESS. dag_id=etl_dag, task_id=load, execution_date=20220718T140428, start_date=20220718T140436, end_date=20220718T140437
[2022-07-18 14:04:37,580] {local_task_job.py:156} INFO - Task exited with return code 0
[2022-07-18 14:04:37,615] {local_task_job.py:273} INFO - 0 downstream tasks scheduled from follow-on schedule check
