[2022-07-18 13:43:21,842] {taskinstance.py:1179} INFO - Dependencies all met for <TaskInstance: etl_dag.transform manual__2022-07-18T13:43:13.106049+00:00 [queued]>
[2022-07-18 13:43:21,853] {taskinstance.py:1179} INFO - Dependencies all met for <TaskInstance: etl_dag.transform manual__2022-07-18T13:43:13.106049+00:00 [queued]>
[2022-07-18 13:43:21,853] {taskinstance.py:1376} INFO - 
--------------------------------------------------------------------------------
[2022-07-18 13:43:21,853] {taskinstance.py:1377} INFO - Starting attempt 1 of 1
[2022-07-18 13:43:21,853] {taskinstance.py:1378} INFO - 
--------------------------------------------------------------------------------
[2022-07-18 13:43:21,871] {taskinstance.py:1397} INFO - Executing <Task(PythonOperator): transform> on 2022-07-18 13:43:13.106049+00:00
[2022-07-18 13:43:21,877] {standard_task_runner.py:52} INFO - Started process 2471 to run task
[2022-07-18 13:43:21,881] {standard_task_runner.py:79} INFO - Running: ['***', 'tasks', 'run', 'etl_dag', 'transform', 'manual__2022-07-18T13:43:13.106049+00:00', '--job-id', '27', '--raw', '--subdir', 'DAGS_FOLDER/etl_dag.py', '--cfg-path', '/tmp/tmp70leyszx', '--error-file', '/tmp/tmp3gqbs8nv']
[2022-07-18 13:43:21,882] {standard_task_runner.py:80} INFO - Job 27: Subtask transform
[2022-07-18 13:43:21,957] {task_command.py:371} INFO - Running <TaskInstance: etl_dag.transform manual__2022-07-18T13:43:13.106049+00:00 [running]> on host 70b17816bd7e
[2022-07-18 13:43:22,050] {taskinstance.py:1591} INFO - Exporting the following env vars:
AIRFLOW_CTX_DAG_OWNER=***
AIRFLOW_CTX_DAG_ID=etl_dag
AIRFLOW_CTX_TASK_ID=transform
AIRFLOW_CTX_EXECUTION_DATE=2022-07-18T13:43:13.106049+00:00
AIRFLOW_CTX_TRY_NUMBER=1
AIRFLOW_CTX_DAG_RUN_ID=manual__2022-07-18T13:43:13.106049+00:00
[2022-07-18 13:43:22,061] {logging_mixin.py:115} INFO - {'song_name': ['Avareh', 'Arezou', 'Tabiat', 'Setareh', 'Tasavor Kon', 'Daryaye Maghreb', 'Parandeh', 'Yadegari'], 'artist_name': ['Siavash Ghomayshi', 'Siavash Ghomayshi', 'Siavash Ghomayshi', 'Siavash Ghomayshi', 'Siavash Ghomayshi', 'Siavash Ghomayshi', 'Siavash Ghomayshi', 'Siavash Ghomayshi'], 'played_at': ['2022-07-18T05:48:12.234Z', '2022-07-17T20:44:56.091Z', '2022-07-17T20:41:01.954Z', '2022-07-17T20:37:43.707Z', '2022-07-17T20:34:02.940Z', '2022-07-17T20:29:53.538Z', '2022-07-17T20:25:50.882Z', '2022-07-17T20:22:27.220Z'], 'timestamp': ['2022-07-18', '2022-07-17', '2022-07-17', '2022-07-17', '2022-07-17', '2022-07-17', '2022-07-17', '2022-07-17']}
[2022-07-18 13:43:22,074] {logging_mixin.py:115} INFO -          song_name        artist_name                 played_at   timestamp
0           Avareh  Siavash Ghomayshi  2022-07-18T05:48:12.234Z  2022-07-18
1           Arezou  Siavash Ghomayshi  2022-07-17T20:44:56.091Z  2022-07-17
2           Tabiat  Siavash Ghomayshi  2022-07-17T20:41:01.954Z  2022-07-17
3          Setareh  Siavash Ghomayshi  2022-07-17T20:37:43.707Z  2022-07-17
4      Tasavor Kon  Siavash Ghomayshi  2022-07-17T20:34:02.940Z  2022-07-17
5  Daryaye Maghreb  Siavash Ghomayshi  2022-07-17T20:29:53.538Z  2022-07-17
6         Parandeh  Siavash Ghomayshi  2022-07-17T20:25:50.882Z  2022-07-17
7         Yadegari  Siavash Ghomayshi  2022-07-17T20:22:27.220Z  2022-07-17
[2022-07-18 13:43:22,093] {logging_mixin.py:115} INFO - Data valid, proceed to Load stage
[2022-07-18 13:43:22,093] {python.py:173} INFO - Done. Returned value was:          song_name        artist_name                 played_at   timestamp
0           Avareh  Siavash Ghomayshi  2022-07-18T05:48:12.234Z  2022-07-18
1           Arezou  Siavash Ghomayshi  2022-07-17T20:44:56.091Z  2022-07-17
2           Tabiat  Siavash Ghomayshi  2022-07-17T20:41:01.954Z  2022-07-17
3          Setareh  Siavash Ghomayshi  2022-07-17T20:37:43.707Z  2022-07-17
4      Tasavor Kon  Siavash Ghomayshi  2022-07-17T20:34:02.940Z  2022-07-17
5  Daryaye Maghreb  Siavash Ghomayshi  2022-07-17T20:29:53.538Z  2022-07-17
6         Parandeh  Siavash Ghomayshi  2022-07-17T20:25:50.882Z  2022-07-17
7         Yadegari  Siavash Ghomayshi  2022-07-17T20:22:27.220Z  2022-07-17
[2022-07-18 13:43:22,109] {xcom.py:586} ERROR - Could not serialize the XCom value into JSON. If you are using pickle instead of JSON for XCom, then you need to enable pickle support for XCom in your *** config.
[2022-07-18 13:43:22,110] {taskinstance.py:1909} ERROR - Task failed with exception
Traceback (most recent call last):
  File "/home/airflow/.local/lib/python3.7/site-packages/airflow/utils/session.py", line 68, in wrapper
    return func(*args, **kwargs)
  File "/home/airflow/.local/lib/python3.7/site-packages/airflow/models/taskinstance.py", line 2412, in xcom_push
    session=session,
  File "/home/airflow/.local/lib/python3.7/site-packages/airflow/utils/session.py", line 68, in wrapper
    return func(*args, **kwargs)
  File "/home/airflow/.local/lib/python3.7/site-packages/airflow/models/xcom.py", line 198, in set
    map_index=map_index,
  File "/home/airflow/.local/lib/python3.7/site-packages/airflow/models/xcom.py", line 583, in serialize_value
    return json.dumps(value).encode('UTF-8')
  File "/usr/local/lib/python3.7/json/__init__.py", line 231, in dumps
    return _default_encoder.encode(obj)
  File "/usr/local/lib/python3.7/json/encoder.py", line 199, in encode
    chunks = self.iterencode(o, _one_shot=True)
  File "/usr/local/lib/python3.7/json/encoder.py", line 257, in iterencode
    return _iterencode(o, 0)
  File "/usr/local/lib/python3.7/json/encoder.py", line 179, in default
    raise TypeError(f'Object of type {o.__class__.__name__} '
TypeError: Object of type DataFrame is not JSON serializable
[2022-07-18 13:43:22,120] {taskinstance.py:1420} INFO - Marking task as FAILED. dag_id=etl_dag, task_id=transform, execution_date=20220718T134313, start_date=20220718T134321, end_date=20220718T134322
[2022-07-18 13:43:22,138] {standard_task_runner.py:97} ERROR - Failed to execute job 27 for task transform (Object of type DataFrame is not JSON serializable; 2471)
[2022-07-18 13:43:22,172] {local_task_job.py:156} INFO - Task exited with return code 1
[2022-07-18 13:43:22,225] {local_task_job.py:273} INFO - 0 downstream tasks scheduled from follow-on schedule check
