[2022-07-18 13:51:36,334] {taskinstance.py:1179} INFO - Dependencies all met for <TaskInstance: etl_dag.load manual__2022-07-18T13:51:26.720789+00:00 [queued]>
[2022-07-18 13:51:36,348] {taskinstance.py:1179} INFO - Dependencies all met for <TaskInstance: etl_dag.load manual__2022-07-18T13:51:26.720789+00:00 [queued]>
[2022-07-18 13:51:36,348] {taskinstance.py:1376} INFO - 
--------------------------------------------------------------------------------
[2022-07-18 13:51:36,349] {taskinstance.py:1377} INFO - Starting attempt 1 of 1
[2022-07-18 13:51:36,349] {taskinstance.py:1378} INFO - 
--------------------------------------------------------------------------------
[2022-07-18 13:51:36,370] {taskinstance.py:1397} INFO - Executing <Task(PythonOperator): load> on 2022-07-18 13:51:26.720789+00:00
[2022-07-18 13:51:36,377] {standard_task_runner.py:52} INFO - Started process 2868 to run task
[2022-07-18 13:51:36,381] {standard_task_runner.py:79} INFO - Running: ['***', 'tasks', 'run', 'etl_dag', 'load', 'manual__2022-07-18T13:51:26.720789+00:00', '--job-id', '35', '--raw', '--subdir', 'DAGS_FOLDER/etl_dag.py', '--cfg-path', '/tmp/tmpptp2avo7', '--error-file', '/tmp/tmpfqm21nrn']
[2022-07-18 13:51:36,382] {standard_task_runner.py:80} INFO - Job 35: Subtask load
[2022-07-18 13:51:36,476] {task_command.py:371} INFO - Running <TaskInstance: etl_dag.load manual__2022-07-18T13:51:26.720789+00:00 [running]> on host 70b17816bd7e
[2022-07-18 13:51:36,586] {taskinstance.py:1591} INFO - Exporting the following env vars:
AIRFLOW_CTX_DAG_OWNER=***
AIRFLOW_CTX_DAG_ID=etl_dag
AIRFLOW_CTX_TASK_ID=load
AIRFLOW_CTX_EXECUTION_DATE=2022-07-18T13:51:26.720789+00:00
AIRFLOW_CTX_TRY_NUMBER=1
AIRFLOW_CTX_DAG_RUN_ID=manual__2022-07-18T13:51:26.720789+00:00
[2022-07-18 13:51:36,627] {logging_mixin.py:115} INFO -          song_name        artist_name                 played_at   timestamp
0           Avareh  Siavash Ghomayshi  2022-07-18T05:48:12.234Z  2022-07-18
1           Arezou  Siavash Ghomayshi  2022-07-17T20:44:56.091Z  2022-07-17
2           Tabiat  Siavash Ghomayshi  2022-07-17T20:41:01.954Z  2022-07-17
3          Setareh  Siavash Ghomayshi  2022-07-17T20:37:43.707Z  2022-07-17
4      Tasavor Kon  Siavash Ghomayshi  2022-07-17T20:34:02.940Z  2022-07-17
5  Daryaye Maghreb  Siavash Ghomayshi  2022-07-17T20:29:53.538Z  2022-07-17
6         Parandeh  Siavash Ghomayshi  2022-07-17T20:25:50.882Z  2022-07-17
7         Yadegari  Siavash Ghomayshi  2022-07-17T20:22:27.220Z  2022-07-17
[2022-07-18 13:51:36,627] {taskinstance.py:1909} ERROR - Task failed with exception
Traceback (most recent call last):
  File "/home/airflow/.local/lib/python3.7/site-packages/airflow/operators/python.py", line 171, in execute
    return_value = self.execute_callable()
  File "/home/airflow/.local/lib/python3.7/site-packages/airflow/operators/python.py", line 189, in execute_callable
    return self.python_callable(*self.op_args, **self.op_kwargs)
  File "/opt/airflow/dags/etl_dag.py", line 107, in load
    song_df.to_csv(file_path,exist_ok=True)
TypeError: to_csv() got an unexpected keyword argument 'exist_ok'
[2022-07-18 13:51:36,642] {taskinstance.py:1420} INFO - Marking task as FAILED. dag_id=etl_dag, task_id=load, execution_date=20220718T135126, start_date=20220718T135136, end_date=20220718T135136
[2022-07-18 13:51:36,664] {standard_task_runner.py:97} ERROR - Failed to execute job 35 for task load (to_csv() got an unexpected keyword argument 'exist_ok'; 2868)
[2022-07-18 13:51:36,712] {local_task_job.py:156} INFO - Task exited with return code 1
[2022-07-18 13:51:36,766] {local_task_job.py:273} INFO - 0 downstream tasks scheduled from follow-on schedule check
