[2022-07-18 13:33:04,653] {taskinstance.py:1179} INFO - Dependencies all met for <TaskInstance: etl_dag.sleep manual__2022-07-18T13:33:01.396582+00:00 [queued]>
[2022-07-18 13:33:04,666] {taskinstance.py:1179} INFO - Dependencies all met for <TaskInstance: etl_dag.sleep manual__2022-07-18T13:33:01.396582+00:00 [queued]>
[2022-07-18 13:33:04,666] {taskinstance.py:1376} INFO - 
--------------------------------------------------------------------------------
[2022-07-18 13:33:04,666] {taskinstance.py:1377} INFO - Starting attempt 1 of 1
[2022-07-18 13:33:04,667] {taskinstance.py:1378} INFO - 
--------------------------------------------------------------------------------
[2022-07-18 13:33:04,686] {taskinstance.py:1397} INFO - Executing <Task(BashOperator): sleep> on 2022-07-18 13:33:01.396582+00:00
[2022-07-18 13:33:04,692] {standard_task_runner.py:52} INFO - Started process 1980 to run task
[2022-07-18 13:33:04,695] {standard_task_runner.py:79} INFO - Running: ['***', 'tasks', 'run', 'etl_dag', 'sleep', 'manual__2022-07-18T13:33:01.396582+00:00', '--job-id', '17', '--raw', '--subdir', 'DAGS_FOLDER/etl_dag.py', '--cfg-path', '/tmp/tmphmiel15a', '--error-file', '/tmp/tmpe_1pxse7']
[2022-07-18 13:33:04,697] {standard_task_runner.py:80} INFO - Job 17: Subtask sleep
[2022-07-18 13:33:04,771] {task_command.py:371} INFO - Running <TaskInstance: etl_dag.sleep manual__2022-07-18T13:33:01.396582+00:00 [running]> on host 70b17816bd7e
[2022-07-18 13:33:04,869] {taskinstance.py:1591} INFO - Exporting the following env vars:
AIRFLOW_CTX_DAG_OWNER=***
AIRFLOW_CTX_DAG_ID=etl_dag
AIRFLOW_CTX_TASK_ID=sleep
AIRFLOW_CTX_EXECUTION_DATE=2022-07-18T13:33:01.396582+00:00
AIRFLOW_CTX_TRY_NUMBER=1
AIRFLOW_CTX_DAG_RUN_ID=manual__2022-07-18T13:33:01.396582+00:00
[2022-07-18 13:33:04,870] {subprocess.py:62} INFO - Tmp dir root location: 
 /tmp
[2022-07-18 13:33:04,871] {subprocess.py:74} INFO - Running command: ['bash', '-c', 'sleep 3']
[2022-07-18 13:33:04,885] {subprocess.py:85} INFO - Output:
[2022-07-18 13:33:07,889] {subprocess.py:96} INFO - Command exited with return code 0
[2022-07-18 13:33:07,926] {taskinstance.py:1420} INFO - Marking task as SUCCESS. dag_id=etl_dag, task_id=sleep, execution_date=20220718T133301, start_date=20220718T133304, end_date=20220718T133307
[2022-07-18 13:33:07,956] {local_task_job.py:156} INFO - Task exited with return code 0
[2022-07-18 13:33:08,033] {local_task_job.py:273} INFO - 1 downstream tasks scheduled from follow-on schedule check
