[2022-07-21 06:30:22,900] {taskinstance.py:1179} INFO - Dependencies all met for <TaskInstance: etl_dag.transform manual__2022-07-21T06:30:12.867044+00:00 [queued]>
[2022-07-21 06:30:22,912] {taskinstance.py:1179} INFO - Dependencies all met for <TaskInstance: etl_dag.transform manual__2022-07-21T06:30:12.867044+00:00 [queued]>
[2022-07-21 06:30:22,912] {taskinstance.py:1376} INFO - 
--------------------------------------------------------------------------------
[2022-07-21 06:30:22,912] {taskinstance.py:1377} INFO - Starting attempt 1 of 1
[2022-07-21 06:30:22,912] {taskinstance.py:1378} INFO - 
--------------------------------------------------------------------------------
[2022-07-21 06:30:22,931] {taskinstance.py:1397} INFO - Executing <Task(PythonOperator): transform> on 2022-07-21 06:30:12.867044+00:00
[2022-07-21 06:30:22,938] {standard_task_runner.py:52} INFO - Started process 210 to run task
[2022-07-21 06:30:22,942] {standard_task_runner.py:79} INFO - Running: ['***', 'tasks', 'run', 'etl_dag', 'transform', 'manual__2022-07-21T06:30:12.867044+00:00', '--job-id', '72', '--raw', '--subdir', 'DAGS_FOLDER/etl_dag.py', '--cfg-path', '/tmp/tmp3qxs7ce5', '--error-file', '/tmp/tmpzxcr0xb9']
[2022-07-21 06:30:22,943] {standard_task_runner.py:80} INFO - Job 72: Subtask transform
[2022-07-21 06:30:23,025] {task_command.py:371} INFO - Running <TaskInstance: etl_dag.transform manual__2022-07-21T06:30:12.867044+00:00 [running]> on host 4514cd19035a
[2022-07-21 06:30:23,142] {taskinstance.py:1591} INFO - Exporting the following env vars:
AIRFLOW_CTX_DAG_OWNER=***
AIRFLOW_CTX_DAG_ID=etl_dag
AIRFLOW_CTX_TASK_ID=transform
AIRFLOW_CTX_EXECUTION_DATE=2022-07-21T06:30:12.867044+00:00
AIRFLOW_CTX_TRY_NUMBER=1
AIRFLOW_CTX_DAG_RUN_ID=manual__2022-07-21T06:30:12.867044+00:00
[2022-07-21 06:30:23,156] {logging_mixin.py:115} INFO - {'song_name': ['Miras'], 'artist_name': ['Siavash Ghomayshi'], 'played_at': ['2022-07-21T06:26:06.330Z'], 'timestamp': ['2022-07-21']}
[2022-07-21 06:30:23,168] {logging_mixin.py:115} INFO - Data valid, proceed to Load stage
[2022-07-21 06:30:23,169] {python.py:173} INFO - Done. Returned value was: {'song_name': ['Miras'], 'artist_name': ['Siavash Ghomayshi'], 'played_at': ['2022-07-21T06:26:06.330Z'], 'timestamp': ['2022-07-21']}
[2022-07-21 06:30:23,205] {taskinstance.py:1420} INFO - Marking task as SUCCESS. dag_id=etl_dag, task_id=transform, execution_date=20220721T063012, start_date=20220721T063022, end_date=20220721T063023
[2022-07-21 06:30:23,233] {local_task_job.py:156} INFO - Task exited with return code 0
[2022-07-21 06:30:23,283] {local_task_job.py:273} INFO - 0 downstream tasks scheduled from follow-on schedule check
