[2022-07-18 13:50:20,928] {taskinstance.py:1179} INFO - Dependencies all met for <TaskInstance: etl_dag.sleep manual__2022-07-18T13:50:17.454943+00:00 [queued]>
[2022-07-18 13:50:20,941] {taskinstance.py:1179} INFO - Dependencies all met for <TaskInstance: etl_dag.sleep manual__2022-07-18T13:50:17.454943+00:00 [queued]>
[2022-07-18 13:50:20,941] {taskinstance.py:1376} INFO - 
--------------------------------------------------------------------------------
[2022-07-18 13:50:20,941] {taskinstance.py:1377} INFO - Starting attempt 1 of 1
[2022-07-18 13:50:20,941] {taskinstance.py:1378} INFO - 
--------------------------------------------------------------------------------
[2022-07-18 13:50:20,962] {taskinstance.py:1397} INFO - Executing <Task(BashOperator): sleep> on 2022-07-18 13:50:17.454943+00:00
[2022-07-18 13:50:20,968] {standard_task_runner.py:52} INFO - Started process 2795 to run task
[2022-07-18 13:50:20,972] {standard_task_runner.py:79} INFO - Running: ['***', 'tasks', 'run', 'etl_dag', 'sleep', 'manual__2022-07-18T13:50:17.454943+00:00', '--job-id', '29', '--raw', '--subdir', 'DAGS_FOLDER/etl_dag.py', '--cfg-path', '/tmp/tmpoieo840t', '--error-file', '/tmp/tmp68iio3z7']
[2022-07-18 13:50:20,974] {standard_task_runner.py:80} INFO - Job 29: Subtask sleep
[2022-07-18 13:50:21,052] {task_command.py:371} INFO - Running <TaskInstance: etl_dag.sleep manual__2022-07-18T13:50:17.454943+00:00 [running]> on host 70b17816bd7e
[2022-07-18 13:50:21,190] {taskinstance.py:1591} INFO - Exporting the following env vars:
AIRFLOW_CTX_DAG_OWNER=***
AIRFLOW_CTX_DAG_ID=etl_dag
AIRFLOW_CTX_TASK_ID=sleep
AIRFLOW_CTX_EXECUTION_DATE=2022-07-18T13:50:17.454943+00:00
AIRFLOW_CTX_TRY_NUMBER=1
AIRFLOW_CTX_DAG_RUN_ID=manual__2022-07-18T13:50:17.454943+00:00
[2022-07-18 13:50:21,191] {subprocess.py:62} INFO - Tmp dir root location: 
 /tmp
[2022-07-18 13:50:21,192] {subprocess.py:74} INFO - Running command: ['bash', '-c', 'sleep 3']
[2022-07-18 13:50:21,206] {subprocess.py:85} INFO - Output:
[2022-07-18 13:50:24,210] {subprocess.py:96} INFO - Command exited with return code 0
[2022-07-18 13:50:24,270] {taskinstance.py:1420} INFO - Marking task as SUCCESS. dag_id=etl_dag, task_id=sleep, execution_date=20220718T135017, start_date=20220718T135020, end_date=20220718T135024
[2022-07-18 13:50:24,316] {local_task_job.py:156} INFO - Task exited with return code 0
[2022-07-18 13:50:24,377] {local_task_job.py:273} INFO - 1 downstream tasks scheduled from follow-on schedule check
