[2022-07-21 06:28:07,460] {taskinstance.py:1179} INFO - Dependencies all met for <TaskInstance: etl_dag.extract scheduled__2022-07-18T00:00:00+00:00 [queued]>
[2022-07-21 06:28:07,476] {taskinstance.py:1179} INFO - Dependencies all met for <TaskInstance: etl_dag.extract scheduled__2022-07-18T00:00:00+00:00 [queued]>
[2022-07-21 06:28:07,476] {taskinstance.py:1376} INFO - 
--------------------------------------------------------------------------------
[2022-07-21 06:28:07,476] {taskinstance.py:1377} INFO - Starting attempt 1 of 1
[2022-07-21 06:28:07,477] {taskinstance.py:1378} INFO - 
--------------------------------------------------------------------------------
[2022-07-21 06:28:07,507] {taskinstance.py:1397} INFO - Executing <Task(PythonOperator): extract> on 2022-07-18 00:00:00+00:00
[2022-07-21 06:28:07,516] {standard_task_runner.py:52} INFO - Started process 69 to run task
[2022-07-21 06:28:07,523] {standard_task_runner.py:79} INFO - Running: ['***', 'tasks', 'run', 'etl_dag', 'extract', 'scheduled__2022-07-18T00:00:00+00:00', '--job-id', '59', '--raw', '--subdir', 'DAGS_FOLDER/etl_dag.py', '--cfg-path', '/tmp/tmp9p31y7gl', '--error-file', '/tmp/tmpc4dg_wtw']
[2022-07-21 06:28:07,524] {standard_task_runner.py:80} INFO - Job 59: Subtask extract
[2022-07-21 06:28:07,694] {task_command.py:371} INFO - Running <TaskInstance: etl_dag.extract scheduled__2022-07-18T00:00:00+00:00 [running]> on host 4514cd19035a
[2022-07-21 06:28:07,959] {taskinstance.py:1591} INFO - Exporting the following env vars:
AIRFLOW_CTX_DAG_OWNER=***
AIRFLOW_CTX_DAG_ID=etl_dag
AIRFLOW_CTX_TASK_ID=extract
AIRFLOW_CTX_EXECUTION_DATE=2022-07-18T00:00:00+00:00
AIRFLOW_CTX_TRY_NUMBER=1
AIRFLOW_CTX_DAG_RUN_ID=scheduled__2022-07-18T00:00:00+00:00
[2022-07-21 06:28:07,962] {logging_mixin.py:115} INFO - extracting
[2022-07-21 06:28:09,071] {python.py:173} INFO - Done. Returned value was: {'song_name': ['Miras'], 'artist_name': ['Siavash Ghomayshi'], 'played_at': ['2022-07-21T06:26:06.330Z'], 'timestamp': ['2022-07-21']}
[2022-07-21 06:28:09,150] {taskinstance.py:1420} INFO - Marking task as SUCCESS. dag_id=etl_dag, task_id=extract, execution_date=20220718T000000, start_date=20220721T062807, end_date=20220721T062809
[2022-07-21 06:28:09,203] {local_task_job.py:156} INFO - Task exited with return code 0
[2022-07-21 06:28:09,353] {local_task_job.py:273} INFO - 1 downstream tasks scheduled from follow-on schedule check
