[2022-07-16 15:32:36,366] {taskinstance.py:1179} INFO - Dependencies all met for <TaskInstance: my_dag.training_model_A scheduled__2022-07-15T00:00:00+00:00 [queued]>
[2022-07-16 15:32:36,387] {taskinstance.py:1179} INFO - Dependencies all met for <TaskInstance: my_dag.training_model_A scheduled__2022-07-15T00:00:00+00:00 [queued]>
[2022-07-16 15:32:36,387] {taskinstance.py:1376} INFO - 
--------------------------------------------------------------------------------
[2022-07-16 15:32:36,388] {taskinstance.py:1377} INFO - Starting attempt 1 of 1
[2022-07-16 15:32:36,388] {taskinstance.py:1378} INFO - 
--------------------------------------------------------------------------------
[2022-07-16 15:32:36,422] {taskinstance.py:1397} INFO - Executing <Task(PythonOperator): training_model_A> on 2022-07-15 00:00:00+00:00
[2022-07-16 15:32:36,430] {standard_task_runner.py:52} INFO - Started process 1728 to run task
[2022-07-16 15:32:36,436] {standard_task_runner.py:79} INFO - Running: ['***', 'tasks', 'run', 'my_dag', 'training_model_A', 'scheduled__2022-07-15T00:00:00+00:00', '--job-id', '40', '--raw', '--subdir', 'DAGS_FOLDER/my_dag.py', '--cfg-path', '/tmp/tmpmku5h73s', '--error-file', '/tmp/tmpsasz1rd6']
[2022-07-16 15:32:36,437] {standard_task_runner.py:80} INFO - Job 40: Subtask training_model_A
[2022-07-16 15:32:36,667] {task_command.py:371} INFO - Running <TaskInstance: my_dag.training_model_A scheduled__2022-07-15T00:00:00+00:00 [running]> on host f32a6ddd91ec
[2022-07-16 15:32:36,939] {taskinstance.py:1591} INFO - Exporting the following env vars:
AIRFLOW_CTX_DAG_OWNER=***
AIRFLOW_CTX_DAG_ID=my_dag
AIRFLOW_CTX_TASK_ID=training_model_A
AIRFLOW_CTX_EXECUTION_DATE=2022-07-15T00:00:00+00:00
AIRFLOW_CTX_TRY_NUMBER=1
AIRFLOW_CTX_DAG_RUN_ID=scheduled__2022-07-15T00:00:00+00:00
[2022-07-16 15:32:36,940] {python.py:173} INFO - Done. Returned value was: 4
[2022-07-16 15:32:37,147] {taskinstance.py:1420} INFO - Marking task as SUCCESS. dag_id=my_dag, task_id=training_model_A, execution_date=20220715T000000, start_date=20220716T153236, end_date=20220716T153237
[2022-07-16 15:32:37,223] {local_task_job.py:156} INFO - Task exited with return code 0
[2022-07-16 15:32:37,329] {local_task_job.py:273} INFO - 1 downstream tasks scheduled from follow-on schedule check
