[2022-07-18 13:43:17,039] {taskinstance.py:1179} INFO - Dependencies all met for <TaskInstance: etl_dag.sleep manual__2022-07-18T13:43:13.106049+00:00 [queued]>
[2022-07-18 13:43:17,053] {taskinstance.py:1179} INFO - Dependencies all met for <TaskInstance: etl_dag.sleep manual__2022-07-18T13:43:13.106049+00:00 [queued]>
[2022-07-18 13:43:17,053] {taskinstance.py:1376} INFO - 
--------------------------------------------------------------------------------
[2022-07-18 13:43:17,054] {taskinstance.py:1377} INFO - Starting attempt 1 of 1
[2022-07-18 13:43:17,054] {taskinstance.py:1378} INFO - 
--------------------------------------------------------------------------------
[2022-07-18 13:43:17,077] {taskinstance.py:1397} INFO - Executing <Task(BashOperator): sleep> on 2022-07-18 13:43:13.106049+00:00
[2022-07-18 13:43:17,083] {standard_task_runner.py:52} INFO - Started process 2465 to run task
[2022-07-18 13:43:17,086] {standard_task_runner.py:79} INFO - Running: ['***', 'tasks', 'run', 'etl_dag', 'sleep', 'manual__2022-07-18T13:43:13.106049+00:00', '--job-id', '26', '--raw', '--subdir', 'DAGS_FOLDER/etl_dag.py', '--cfg-path', '/tmp/tmp2atzafpw', '--error-file', '/tmp/tmpo55biwod']
[2022-07-18 13:43:17,088] {standard_task_runner.py:80} INFO - Job 26: Subtask sleep
[2022-07-18 13:43:17,155] {task_command.py:371} INFO - Running <TaskInstance: etl_dag.sleep manual__2022-07-18T13:43:13.106049+00:00 [running]> on host 70b17816bd7e
[2022-07-18 13:43:17,247] {taskinstance.py:1591} INFO - Exporting the following env vars:
AIRFLOW_CTX_DAG_OWNER=***
AIRFLOW_CTX_DAG_ID=etl_dag
AIRFLOW_CTX_TASK_ID=sleep
AIRFLOW_CTX_EXECUTION_DATE=2022-07-18T13:43:13.106049+00:00
AIRFLOW_CTX_TRY_NUMBER=1
AIRFLOW_CTX_DAG_RUN_ID=manual__2022-07-18T13:43:13.106049+00:00
[2022-07-18 13:43:17,248] {subprocess.py:62} INFO - Tmp dir root location: 
 /tmp
[2022-07-18 13:43:17,249] {subprocess.py:74} INFO - Running command: ['bash', '-c', 'sleep 3']
[2022-07-18 13:43:17,262] {subprocess.py:85} INFO - Output:
[2022-07-18 13:43:20,266] {subprocess.py:96} INFO - Command exited with return code 0
[2022-07-18 13:43:20,329] {taskinstance.py:1420} INFO - Marking task as SUCCESS. dag_id=etl_dag, task_id=sleep, execution_date=20220718T134313, start_date=20220718T134317, end_date=20220718T134320
[2022-07-18 13:43:20,389] {local_task_job.py:156} INFO - Task exited with return code 0
[2022-07-18 13:43:20,454] {local_task_job.py:273} INFO - 1 downstream tasks scheduled from follow-on schedule check
