[2022-07-17 19:36:51,084] {processor.py:153} INFO - Started process (PID=48) to work on /opt/airflow/dags/my_dag.py
[2022-07-17 19:36:51,084] {processor.py:641} INFO - Processing file /opt/airflow/dags/my_dag.py for tasks to queue
[2022-07-17 19:36:51,085] {logging_mixin.py:115} INFO - [2022-07-17 19:36:51,085] {dagbag.py:508} INFO - Filling up the DagBag from /opt/airflow/dags/my_dag.py
[2022-07-17 19:36:51,109] {processor.py:651} INFO - DAG(s) dict_keys(['my_dag']) retrieved from /opt/airflow/dags/my_dag.py
[2022-07-17 19:36:51,231] {logging_mixin.py:115} INFO - [2022-07-17 19:36:51,230] {manager.py:508} INFO - Created Permission View: can delete on DAG:my_dag
[2022-07-17 19:36:51,244] {logging_mixin.py:115} INFO - [2022-07-17 19:36:51,243] {manager.py:508} INFO - Created Permission View: can read on DAG:my_dag
[2022-07-17 19:36:51,253] {logging_mixin.py:115} INFO - [2022-07-17 19:36:51,253] {manager.py:508} INFO - Created Permission View: can edit on DAG:my_dag
[2022-07-17 19:36:51,253] {logging_mixin.py:115} INFO - [2022-07-17 19:36:51,253] {dag.py:2420} INFO - Sync 1 DAGs
[2022-07-17 19:36:51,265] {logging_mixin.py:115} INFO - [2022-07-17 19:36:51,265] {dag.py:2439} INFO - Creating ORM DAG for my_dag
[2022-07-17 19:36:51,281] {logging_mixin.py:115} INFO - [2022-07-17 19:36:51,281] {dag.py:2972} INFO - Setting next_dagrun for my_dag to 2022-07-16T00:00:00+00:00, run_after=2022-07-17T00:00:00+00:00
[2022-07-17 19:36:51,295] {processor.py:161} INFO - Processing /opt/airflow/dags/my_dag.py took 0.216 seconds
[2022-07-17 19:37:21,617] {processor.py:153} INFO - Started process (PID=103) to work on /opt/airflow/dags/my_dag.py
[2022-07-17 19:37:21,618] {processor.py:641} INFO - Processing file /opt/airflow/dags/my_dag.py for tasks to queue
[2022-07-17 19:37:21,618] {logging_mixin.py:115} INFO - [2022-07-17 19:37:21,618] {dagbag.py:508} INFO - Filling up the DagBag from /opt/airflow/dags/my_dag.py
[2022-07-17 19:37:21,634] {processor.py:651} INFO - DAG(s) dict_keys(['my_dag']) retrieved from /opt/airflow/dags/my_dag.py
[2022-07-17 19:37:21,667] {logging_mixin.py:115} INFO - [2022-07-17 19:37:21,667] {dag.py:2420} INFO - Sync 1 DAGs
[2022-07-17 19:37:21,697] {logging_mixin.py:115} INFO - [2022-07-17 19:37:21,697] {dag.py:2972} INFO - Setting next_dagrun for my_dag to 2022-07-16T00:00:00+00:00, run_after=2022-07-17T00:00:00+00:00
[2022-07-17 19:37:21,710] {processor.py:161} INFO - Processing /opt/airflow/dags/my_dag.py took 0.097 seconds
[2022-07-17 19:37:51,802] {processor.py:153} INFO - Started process (PID=167) to work on /opt/airflow/dags/my_dag.py
[2022-07-17 19:37:51,802] {processor.py:641} INFO - Processing file /opt/airflow/dags/my_dag.py for tasks to queue
[2022-07-17 19:37:51,803] {logging_mixin.py:115} INFO - [2022-07-17 19:37:51,803] {dagbag.py:508} INFO - Filling up the DagBag from /opt/airflow/dags/my_dag.py
[2022-07-17 19:37:51,823] {processor.py:651} INFO - DAG(s) dict_keys(['my_dag']) retrieved from /opt/airflow/dags/my_dag.py
[2022-07-17 19:37:51,878] {logging_mixin.py:115} INFO - [2022-07-17 19:37:51,878] {dag.py:2420} INFO - Sync 1 DAGs
[2022-07-17 19:37:51,937] {logging_mixin.py:115} INFO - [2022-07-17 19:37:51,937] {dag.py:2972} INFO - Setting next_dagrun for my_dag to 2022-07-16T00:00:00+00:00, run_after=2022-07-17T00:00:00+00:00
[2022-07-17 19:37:51,957] {processor.py:161} INFO - Processing /opt/airflow/dags/my_dag.py took 0.160 seconds
[2022-07-17 19:38:22,577] {processor.py:153} INFO - Started process (PID=221) to work on /opt/airflow/dags/my_dag.py
[2022-07-17 19:38:22,579] {processor.py:641} INFO - Processing file /opt/airflow/dags/my_dag.py for tasks to queue
[2022-07-17 19:38:22,579] {logging_mixin.py:115} INFO - [2022-07-17 19:38:22,579] {dagbag.py:508} INFO - Filling up the DagBag from /opt/airflow/dags/my_dag.py
[2022-07-17 19:38:22,595] {processor.py:651} INFO - DAG(s) dict_keys(['my_dag']) retrieved from /opt/airflow/dags/my_dag.py
[2022-07-17 19:38:22,630] {logging_mixin.py:115} INFO - [2022-07-17 19:38:22,630] {dag.py:2420} INFO - Sync 1 DAGs
[2022-07-17 19:38:22,659] {logging_mixin.py:115} INFO - [2022-07-17 19:38:22,659] {dag.py:2972} INFO - Setting next_dagrun for my_dag to 2022-07-16T00:00:00+00:00, run_after=2022-07-17T00:00:00+00:00
[2022-07-17 19:38:22,673] {processor.py:161} INFO - Processing /opt/airflow/dags/my_dag.py took 0.103 seconds
[2022-07-17 19:38:53,374] {processor.py:153} INFO - Started process (PID=285) to work on /opt/airflow/dags/my_dag.py
[2022-07-17 19:38:53,375] {processor.py:641} INFO - Processing file /opt/airflow/dags/my_dag.py for tasks to queue
[2022-07-17 19:38:53,376] {logging_mixin.py:115} INFO - [2022-07-17 19:38:53,376] {dagbag.py:508} INFO - Filling up the DagBag from /opt/airflow/dags/my_dag.py
[2022-07-17 19:38:53,393] {processor.py:651} INFO - DAG(s) dict_keys(['my_dag']) retrieved from /opt/airflow/dags/my_dag.py
[2022-07-17 19:38:53,423] {logging_mixin.py:115} INFO - [2022-07-17 19:38:53,423] {dag.py:2420} INFO - Sync 1 DAGs
[2022-07-17 19:38:53,450] {logging_mixin.py:115} INFO - [2022-07-17 19:38:53,450] {dag.py:2972} INFO - Setting next_dagrun for my_dag to 2022-07-16T00:00:00+00:00, run_after=2022-07-17T00:00:00+00:00
[2022-07-17 19:38:53,464] {processor.py:161} INFO - Processing /opt/airflow/dags/my_dag.py took 0.100 seconds
[2022-07-17 19:39:23,857] {processor.py:153} INFO - Started process (PID=349) to work on /opt/airflow/dags/my_dag.py
[2022-07-17 19:39:23,858] {processor.py:641} INFO - Processing file /opt/airflow/dags/my_dag.py for tasks to queue
[2022-07-17 19:39:23,858] {logging_mixin.py:115} INFO - [2022-07-17 19:39:23,858] {dagbag.py:508} INFO - Filling up the DagBag from /opt/airflow/dags/my_dag.py
[2022-07-17 19:39:23,869] {processor.py:651} INFO - DAG(s) dict_keys(['my_dag']) retrieved from /opt/airflow/dags/my_dag.py
[2022-07-17 19:39:23,894] {logging_mixin.py:115} INFO - [2022-07-17 19:39:23,893] {dag.py:2420} INFO - Sync 1 DAGs
[2022-07-17 19:39:23,919] {logging_mixin.py:115} INFO - [2022-07-17 19:39:23,919] {dag.py:2972} INFO - Setting next_dagrun for my_dag to 2022-07-16T00:00:00+00:00, run_after=2022-07-17T00:00:00+00:00
[2022-07-17 19:39:23,930] {processor.py:161} INFO - Processing /opt/airflow/dags/my_dag.py took 0.076 seconds
[2022-07-17 19:39:54,077] {processor.py:153} INFO - Started process (PID=404) to work on /opt/airflow/dags/my_dag.py
[2022-07-17 19:39:54,078] {processor.py:641} INFO - Processing file /opt/airflow/dags/my_dag.py for tasks to queue
[2022-07-17 19:39:54,079] {logging_mixin.py:115} INFO - [2022-07-17 19:39:54,079] {dagbag.py:508} INFO - Filling up the DagBag from /opt/airflow/dags/my_dag.py
[2022-07-17 19:39:54,095] {processor.py:651} INFO - DAG(s) dict_keys(['my_dag']) retrieved from /opt/airflow/dags/my_dag.py
[2022-07-17 19:39:54,124] {logging_mixin.py:115} INFO - [2022-07-17 19:39:54,124] {dag.py:2420} INFO - Sync 1 DAGs
[2022-07-17 19:39:54,151] {logging_mixin.py:115} INFO - [2022-07-17 19:39:54,151] {dag.py:2972} INFO - Setting next_dagrun for my_dag to 2022-07-16T00:00:00+00:00, run_after=2022-07-17T00:00:00+00:00
[2022-07-17 19:39:54,163] {processor.py:161} INFO - Processing /opt/airflow/dags/my_dag.py took 0.095 seconds
[2022-07-17 19:40:24,651] {processor.py:153} INFO - Started process (PID=469) to work on /opt/airflow/dags/my_dag.py
[2022-07-17 19:40:24,652] {processor.py:641} INFO - Processing file /opt/airflow/dags/my_dag.py for tasks to queue
[2022-07-17 19:40:24,654] {logging_mixin.py:115} INFO - [2022-07-17 19:40:24,653] {dagbag.py:508} INFO - Filling up the DagBag from /opt/airflow/dags/my_dag.py
[2022-07-17 19:40:24,670] {processor.py:651} INFO - DAG(s) dict_keys(['my_dag']) retrieved from /opt/airflow/dags/my_dag.py
[2022-07-17 19:40:24,697] {logging_mixin.py:115} INFO - [2022-07-17 19:40:24,697] {dag.py:2420} INFO - Sync 1 DAGs
[2022-07-17 19:40:24,723] {logging_mixin.py:115} INFO - [2022-07-17 19:40:24,723] {dag.py:2972} INFO - Setting next_dagrun for my_dag to 2022-07-16T00:00:00+00:00, run_after=2022-07-17T00:00:00+00:00
[2022-07-17 19:40:24,736] {processor.py:161} INFO - Processing /opt/airflow/dags/my_dag.py took 0.094 seconds
[2022-07-17 19:40:55,585] {processor.py:153} INFO - Started process (PID=524) to work on /opt/airflow/dags/my_dag.py
[2022-07-17 19:40:55,587] {processor.py:641} INFO - Processing file /opt/airflow/dags/my_dag.py for tasks to queue
[2022-07-17 19:40:55,588] {logging_mixin.py:115} INFO - [2022-07-17 19:40:55,588] {dagbag.py:508} INFO - Filling up the DagBag from /opt/airflow/dags/my_dag.py
[2022-07-17 19:40:55,604] {processor.py:651} INFO - DAG(s) dict_keys(['my_dag']) retrieved from /opt/airflow/dags/my_dag.py
[2022-07-17 19:40:55,635] {logging_mixin.py:115} INFO - [2022-07-17 19:40:55,635] {dag.py:2420} INFO - Sync 1 DAGs
[2022-07-17 19:40:55,670] {logging_mixin.py:115} INFO - [2022-07-17 19:40:55,670] {dag.py:2972} INFO - Setting next_dagrun for my_dag to 2022-07-16T00:00:00+00:00, run_after=2022-07-17T00:00:00+00:00
[2022-07-17 19:40:55,685] {processor.py:161} INFO - Processing /opt/airflow/dags/my_dag.py took 0.109 seconds
[2022-07-17 19:41:25,816] {processor.py:153} INFO - Started process (PID=590) to work on /opt/airflow/dags/my_dag.py
[2022-07-17 19:41:25,817] {processor.py:641} INFO - Processing file /opt/airflow/dags/my_dag.py for tasks to queue
[2022-07-17 19:41:25,818] {logging_mixin.py:115} INFO - [2022-07-17 19:41:25,818] {dagbag.py:508} INFO - Filling up the DagBag from /opt/airflow/dags/my_dag.py
[2022-07-17 19:41:25,834] {processor.py:651} INFO - DAG(s) dict_keys(['my_dag']) retrieved from /opt/airflow/dags/my_dag.py
[2022-07-17 19:41:25,863] {logging_mixin.py:115} INFO - [2022-07-17 19:41:25,863] {dag.py:2420} INFO - Sync 1 DAGs
[2022-07-17 19:41:25,890] {logging_mixin.py:115} INFO - [2022-07-17 19:41:25,890] {dag.py:2972} INFO - Setting next_dagrun for my_dag to 2022-07-16T00:00:00+00:00, run_after=2022-07-17T00:00:00+00:00
[2022-07-17 19:41:25,901] {processor.py:161} INFO - Processing /opt/airflow/dags/my_dag.py took 0.096 seconds
[2022-07-17 19:41:56,032] {processor.py:153} INFO - Started process (PID=652) to work on /opt/airflow/dags/my_dag.py
[2022-07-17 19:41:56,033] {processor.py:641} INFO - Processing file /opt/airflow/dags/my_dag.py for tasks to queue
[2022-07-17 19:41:56,034] {logging_mixin.py:115} INFO - [2022-07-17 19:41:56,033] {dagbag.py:508} INFO - Filling up the DagBag from /opt/airflow/dags/my_dag.py
[2022-07-17 19:41:56,049] {processor.py:651} INFO - DAG(s) dict_keys(['my_dag']) retrieved from /opt/airflow/dags/my_dag.py
[2022-07-17 19:41:56,077] {logging_mixin.py:115} INFO - [2022-07-17 19:41:56,077] {dag.py:2420} INFO - Sync 1 DAGs
[2022-07-17 19:41:56,104] {logging_mixin.py:115} INFO - [2022-07-17 19:41:56,104] {dag.py:2972} INFO - Setting next_dagrun for my_dag to 2022-07-16T00:00:00+00:00, run_after=2022-07-17T00:00:00+00:00
[2022-07-17 19:41:56,117] {processor.py:161} INFO - Processing /opt/airflow/dags/my_dag.py took 0.088 seconds
[2022-07-17 19:42:26,290] {processor.py:153} INFO - Started process (PID=710) to work on /opt/airflow/dags/my_dag.py
[2022-07-17 19:42:26,291] {processor.py:641} INFO - Processing file /opt/airflow/dags/my_dag.py for tasks to queue
[2022-07-17 19:42:26,291] {logging_mixin.py:115} INFO - [2022-07-17 19:42:26,291] {dagbag.py:508} INFO - Filling up the DagBag from /opt/airflow/dags/my_dag.py
[2022-07-17 19:42:26,304] {processor.py:651} INFO - DAG(s) dict_keys(['my_dag']) retrieved from /opt/airflow/dags/my_dag.py
[2022-07-17 19:42:26,332] {logging_mixin.py:115} INFO - [2022-07-17 19:42:26,332] {dag.py:2420} INFO - Sync 1 DAGs
[2022-07-17 19:42:26,361] {logging_mixin.py:115} INFO - [2022-07-17 19:42:26,361] {dag.py:2972} INFO - Setting next_dagrun for my_dag to 2022-07-16T00:00:00+00:00, run_after=2022-07-17T00:00:00+00:00
[2022-07-17 19:42:26,373] {processor.py:161} INFO - Processing /opt/airflow/dags/my_dag.py took 0.086 seconds
[2022-07-17 19:42:56,817] {processor.py:153} INFO - Started process (PID=773) to work on /opt/airflow/dags/my_dag.py
[2022-07-17 19:42:56,818] {processor.py:641} INFO - Processing file /opt/airflow/dags/my_dag.py for tasks to queue
[2022-07-17 19:42:56,818] {logging_mixin.py:115} INFO - [2022-07-17 19:42:56,818] {dagbag.py:508} INFO - Filling up the DagBag from /opt/airflow/dags/my_dag.py
[2022-07-17 19:42:56,829] {processor.py:651} INFO - DAG(s) dict_keys(['my_dag']) retrieved from /opt/airflow/dags/my_dag.py
[2022-07-17 19:42:56,860] {logging_mixin.py:115} INFO - [2022-07-17 19:42:56,860] {dag.py:2420} INFO - Sync 1 DAGs
[2022-07-17 19:42:56,900] {logging_mixin.py:115} INFO - [2022-07-17 19:42:56,900] {dag.py:2972} INFO - Setting next_dagrun for my_dag to 2022-07-16T00:00:00+00:00, run_after=2022-07-17T00:00:00+00:00
[2022-07-17 19:42:56,919] {processor.py:161} INFO - Processing /opt/airflow/dags/my_dag.py took 0.106 seconds
[2022-07-17 19:43:26,957] {processor.py:153} INFO - Started process (PID=828) to work on /opt/airflow/dags/my_dag.py
[2022-07-17 19:43:26,957] {processor.py:641} INFO - Processing file /opt/airflow/dags/my_dag.py for tasks to queue
[2022-07-17 19:43:26,957] {logging_mixin.py:115} INFO - [2022-07-17 19:43:26,957] {dagbag.py:508} INFO - Filling up the DagBag from /opt/airflow/dags/my_dag.py
[2022-07-17 19:43:26,968] {processor.py:651} INFO - DAG(s) dict_keys(['my_dag']) retrieved from /opt/airflow/dags/my_dag.py
[2022-07-17 19:43:26,991] {logging_mixin.py:115} INFO - [2022-07-17 19:43:26,991] {dag.py:2420} INFO - Sync 1 DAGs
[2022-07-17 19:43:27,015] {logging_mixin.py:115} INFO - [2022-07-17 19:43:27,015] {dag.py:2972} INFO - Setting next_dagrun for my_dag to 2022-07-16T00:00:00+00:00, run_after=2022-07-17T00:00:00+00:00
[2022-07-17 19:43:27,026] {processor.py:161} INFO - Processing /opt/airflow/dags/my_dag.py took 0.072 seconds
[2022-07-17 19:43:57,610] {processor.py:153} INFO - Started process (PID=892) to work on /opt/airflow/dags/my_dag.py
[2022-07-17 19:43:57,611] {processor.py:641} INFO - Processing file /opt/airflow/dags/my_dag.py for tasks to queue
[2022-07-17 19:43:57,612] {logging_mixin.py:115} INFO - [2022-07-17 19:43:57,612] {dagbag.py:508} INFO - Filling up the DagBag from /opt/airflow/dags/my_dag.py
[2022-07-17 19:43:57,629] {processor.py:651} INFO - DAG(s) dict_keys(['my_dag']) retrieved from /opt/airflow/dags/my_dag.py
[2022-07-17 19:43:57,656] {logging_mixin.py:115} INFO - [2022-07-17 19:43:57,655] {dag.py:2420} INFO - Sync 1 DAGs
[2022-07-17 19:43:57,682] {logging_mixin.py:115} INFO - [2022-07-17 19:43:57,682] {dag.py:2972} INFO - Setting next_dagrun for my_dag to 2022-07-16T00:00:00+00:00, run_after=2022-07-17T00:00:00+00:00
[2022-07-17 19:43:57,697] {processor.py:161} INFO - Processing /opt/airflow/dags/my_dag.py took 0.098 seconds
[2022-07-17 19:44:28,543] {processor.py:153} INFO - Started process (PID=947) to work on /opt/airflow/dags/my_dag.py
[2022-07-17 19:44:28,545] {processor.py:641} INFO - Processing file /opt/airflow/dags/my_dag.py for tasks to queue
[2022-07-17 19:44:28,546] {logging_mixin.py:115} INFO - [2022-07-17 19:44:28,545] {dagbag.py:508} INFO - Filling up the DagBag from /opt/airflow/dags/my_dag.py
[2022-07-17 19:44:28,561] {processor.py:651} INFO - DAG(s) dict_keys(['my_dag']) retrieved from /opt/airflow/dags/my_dag.py
[2022-07-17 19:44:28,588] {logging_mixin.py:115} INFO - [2022-07-17 19:44:28,588] {dag.py:2420} INFO - Sync 1 DAGs
[2022-07-17 19:44:28,614] {logging_mixin.py:115} INFO - [2022-07-17 19:44:28,614] {dag.py:2972} INFO - Setting next_dagrun for my_dag to 2022-07-16T00:00:00+00:00, run_after=2022-07-17T00:00:00+00:00
[2022-07-17 19:44:28,625] {processor.py:161} INFO - Processing /opt/airflow/dags/my_dag.py took 0.090 seconds
[2022-07-17 19:44:58,718] {processor.py:153} INFO - Started process (PID=1011) to work on /opt/airflow/dags/my_dag.py
[2022-07-17 19:44:58,719] {processor.py:641} INFO - Processing file /opt/airflow/dags/my_dag.py for tasks to queue
[2022-07-17 19:44:58,720] {logging_mixin.py:115} INFO - [2022-07-17 19:44:58,720] {dagbag.py:508} INFO - Filling up the DagBag from /opt/airflow/dags/my_dag.py
[2022-07-17 19:44:58,735] {processor.py:651} INFO - DAG(s) dict_keys(['my_dag']) retrieved from /opt/airflow/dags/my_dag.py
[2022-07-17 19:44:58,764] {logging_mixin.py:115} INFO - [2022-07-17 19:44:58,764] {dag.py:2420} INFO - Sync 1 DAGs
[2022-07-17 19:44:58,789] {logging_mixin.py:115} INFO - [2022-07-17 19:44:58,789] {dag.py:2972} INFO - Setting next_dagrun for my_dag to 2022-07-16T00:00:00+00:00, run_after=2022-07-17T00:00:00+00:00
[2022-07-17 19:44:58,801] {processor.py:161} INFO - Processing /opt/airflow/dags/my_dag.py took 0.092 seconds
[2022-07-17 19:45:29,228] {processor.py:153} INFO - Started process (PID=1075) to work on /opt/airflow/dags/my_dag.py
[2022-07-17 19:45:29,229] {processor.py:641} INFO - Processing file /opt/airflow/dags/my_dag.py for tasks to queue
[2022-07-17 19:45:29,229] {logging_mixin.py:115} INFO - [2022-07-17 19:45:29,229] {dagbag.py:508} INFO - Filling up the DagBag from /opt/airflow/dags/my_dag.py
[2022-07-17 19:45:29,240] {processor.py:651} INFO - DAG(s) dict_keys(['my_dag']) retrieved from /opt/airflow/dags/my_dag.py
[2022-07-17 19:45:29,268] {logging_mixin.py:115} INFO - [2022-07-17 19:45:29,268] {dag.py:2420} INFO - Sync 1 DAGs
[2022-07-17 19:45:29,294] {logging_mixin.py:115} INFO - [2022-07-17 19:45:29,294] {dag.py:2972} INFO - Setting next_dagrun for my_dag to 2022-07-16T00:00:00+00:00, run_after=2022-07-17T00:00:00+00:00
[2022-07-17 19:45:29,307] {processor.py:161} INFO - Processing /opt/airflow/dags/my_dag.py took 0.082 seconds
[2022-07-17 19:46:00,037] {processor.py:153} INFO - Started process (PID=1129) to work on /opt/airflow/dags/my_dag.py
[2022-07-17 19:46:00,038] {processor.py:641} INFO - Processing file /opt/airflow/dags/my_dag.py for tasks to queue
[2022-07-17 19:46:00,038] {logging_mixin.py:115} INFO - [2022-07-17 19:46:00,038] {dagbag.py:508} INFO - Filling up the DagBag from /opt/airflow/dags/my_dag.py
[2022-07-17 19:46:00,055] {processor.py:651} INFO - DAG(s) dict_keys(['my_dag']) retrieved from /opt/airflow/dags/my_dag.py
[2022-07-17 19:46:00,091] {logging_mixin.py:115} INFO - [2022-07-17 19:46:00,090] {dag.py:2420} INFO - Sync 1 DAGs
[2022-07-17 19:46:00,126] {logging_mixin.py:115} INFO - [2022-07-17 19:46:00,126] {dag.py:2972} INFO - Setting next_dagrun for my_dag to 2022-07-16T00:00:00+00:00, run_after=2022-07-17T00:00:00+00:00
[2022-07-17 19:46:00,144] {processor.py:161} INFO - Processing /opt/airflow/dags/my_dag.py took 0.111 seconds
[2022-07-17 19:46:30,464] {processor.py:153} INFO - Started process (PID=1193) to work on /opt/airflow/dags/my_dag.py
[2022-07-17 19:46:30,465] {processor.py:641} INFO - Processing file /opt/airflow/dags/my_dag.py for tasks to queue
[2022-07-17 19:46:30,465] {logging_mixin.py:115} INFO - [2022-07-17 19:46:30,465] {dagbag.py:508} INFO - Filling up the DagBag from /opt/airflow/dags/my_dag.py
[2022-07-17 19:46:30,481] {processor.py:651} INFO - DAG(s) dict_keys(['my_dag']) retrieved from /opt/airflow/dags/my_dag.py
[2022-07-17 19:46:30,511] {logging_mixin.py:115} INFO - [2022-07-17 19:46:30,511] {dag.py:2420} INFO - Sync 1 DAGs
[2022-07-17 19:46:30,542] {logging_mixin.py:115} INFO - [2022-07-17 19:46:30,542] {dag.py:2972} INFO - Setting next_dagrun for my_dag to 2022-07-16T00:00:00+00:00, run_after=2022-07-17T00:00:00+00:00
[2022-07-17 19:46:30,554] {processor.py:161} INFO - Processing /opt/airflow/dags/my_dag.py took 0.096 seconds
[2022-07-17 19:47:00,619] {processor.py:153} INFO - Started process (PID=1248) to work on /opt/airflow/dags/my_dag.py
[2022-07-17 19:47:00,619] {processor.py:641} INFO - Processing file /opt/airflow/dags/my_dag.py for tasks to queue
[2022-07-17 19:47:00,620] {logging_mixin.py:115} INFO - [2022-07-17 19:47:00,620] {dagbag.py:508} INFO - Filling up the DagBag from /opt/airflow/dags/my_dag.py
[2022-07-17 19:47:00,635] {processor.py:651} INFO - DAG(s) dict_keys(['my_dag']) retrieved from /opt/airflow/dags/my_dag.py
[2022-07-17 19:47:00,663] {logging_mixin.py:115} INFO - [2022-07-17 19:47:00,663] {dag.py:2420} INFO - Sync 1 DAGs
[2022-07-17 19:47:00,689] {logging_mixin.py:115} INFO - [2022-07-17 19:47:00,689] {dag.py:2972} INFO - Setting next_dagrun for my_dag to 2022-07-16T00:00:00+00:00, run_after=2022-07-17T00:00:00+00:00
[2022-07-17 19:47:00,700] {processor.py:161} INFO - Processing /opt/airflow/dags/my_dag.py took 0.086 seconds
[2022-07-17 19:47:30,878] {processor.py:153} INFO - Started process (PID=1313) to work on /opt/airflow/dags/my_dag.py
[2022-07-17 19:47:30,879] {processor.py:641} INFO - Processing file /opt/airflow/dags/my_dag.py for tasks to queue
[2022-07-17 19:47:30,879] {logging_mixin.py:115} INFO - [2022-07-17 19:47:30,879] {dagbag.py:508} INFO - Filling up the DagBag from /opt/airflow/dags/my_dag.py
[2022-07-17 19:47:30,896] {processor.py:651} INFO - DAG(s) dict_keys(['my_dag']) retrieved from /opt/airflow/dags/my_dag.py
[2022-07-17 19:47:30,931] {logging_mixin.py:115} INFO - [2022-07-17 19:47:30,931] {dag.py:2420} INFO - Sync 1 DAGs
[2022-07-17 19:47:30,967] {logging_mixin.py:115} INFO - [2022-07-17 19:47:30,967] {dag.py:2972} INFO - Setting next_dagrun for my_dag to 2022-07-16T00:00:00+00:00, run_after=2022-07-17T00:00:00+00:00
[2022-07-17 19:47:30,984] {processor.py:161} INFO - Processing /opt/airflow/dags/my_dag.py took 0.110 seconds
[2022-07-17 19:48:01,055] {processor.py:153} INFO - Started process (PID=1369) to work on /opt/airflow/dags/my_dag.py
[2022-07-17 19:48:01,056] {processor.py:641} INFO - Processing file /opt/airflow/dags/my_dag.py for tasks to queue
[2022-07-17 19:48:01,057] {logging_mixin.py:115} INFO - [2022-07-17 19:48:01,057] {dagbag.py:508} INFO - Filling up the DagBag from /opt/airflow/dags/my_dag.py
[2022-07-17 19:48:01,071] {processor.py:651} INFO - DAG(s) dict_keys(['my_dag']) retrieved from /opt/airflow/dags/my_dag.py
[2022-07-17 19:48:01,102] {logging_mixin.py:115} INFO - [2022-07-17 19:48:01,102] {dag.py:2420} INFO - Sync 1 DAGs
[2022-07-17 19:48:01,130] {logging_mixin.py:115} INFO - [2022-07-17 19:48:01,130] {dag.py:2972} INFO - Setting next_dagrun for my_dag to 2022-07-16T00:00:00+00:00, run_after=2022-07-17T00:00:00+00:00
[2022-07-17 19:48:01,143] {processor.py:161} INFO - Processing /opt/airflow/dags/my_dag.py took 0.093 seconds
[2022-07-17 19:48:31,361] {processor.py:153} INFO - Started process (PID=1433) to work on /opt/airflow/dags/my_dag.py
[2022-07-17 19:48:31,362] {processor.py:641} INFO - Processing file /opt/airflow/dags/my_dag.py for tasks to queue
[2022-07-17 19:48:31,363] {logging_mixin.py:115} INFO - [2022-07-17 19:48:31,363] {dagbag.py:508} INFO - Filling up the DagBag from /opt/airflow/dags/my_dag.py
[2022-07-17 19:48:31,377] {processor.py:651} INFO - DAG(s) dict_keys(['my_dag']) retrieved from /opt/airflow/dags/my_dag.py
[2022-07-17 19:48:31,404] {logging_mixin.py:115} INFO - [2022-07-17 19:48:31,404] {dag.py:2420} INFO - Sync 1 DAGs
[2022-07-17 19:48:31,429] {logging_mixin.py:115} INFO - [2022-07-17 19:48:31,429] {dag.py:2972} INFO - Setting next_dagrun for my_dag to 2022-07-16T00:00:00+00:00, run_after=2022-07-17T00:00:00+00:00
[2022-07-17 19:48:31,441] {processor.py:161} INFO - Processing /opt/airflow/dags/my_dag.py took 0.085 seconds
[2022-07-17 19:49:01,669] {processor.py:153} INFO - Started process (PID=1488) to work on /opt/airflow/dags/my_dag.py
[2022-07-17 19:49:01,670] {processor.py:641} INFO - Processing file /opt/airflow/dags/my_dag.py for tasks to queue
[2022-07-17 19:49:01,671] {logging_mixin.py:115} INFO - [2022-07-17 19:49:01,671] {dagbag.py:508} INFO - Filling up the DagBag from /opt/airflow/dags/my_dag.py
[2022-07-17 19:49:01,684] {processor.py:651} INFO - DAG(s) dict_keys(['my_dag']) retrieved from /opt/airflow/dags/my_dag.py
[2022-07-17 19:49:01,713] {logging_mixin.py:115} INFO - [2022-07-17 19:49:01,712] {dag.py:2420} INFO - Sync 1 DAGs
[2022-07-17 19:49:01,743] {logging_mixin.py:115} INFO - [2022-07-17 19:49:01,743] {dag.py:2972} INFO - Setting next_dagrun for my_dag to 2022-07-16T00:00:00+00:00, run_after=2022-07-17T00:00:00+00:00
[2022-07-17 19:49:01,753] {processor.py:161} INFO - Processing /opt/airflow/dags/my_dag.py took 0.088 seconds
[2022-07-17 19:49:32,188] {processor.py:153} INFO - Started process (PID=1553) to work on /opt/airflow/dags/my_dag.py
[2022-07-17 19:49:32,189] {processor.py:641} INFO - Processing file /opt/airflow/dags/my_dag.py for tasks to queue
[2022-07-17 19:49:32,189] {logging_mixin.py:115} INFO - [2022-07-17 19:49:32,189] {dagbag.py:508} INFO - Filling up the DagBag from /opt/airflow/dags/my_dag.py
[2022-07-17 19:49:32,204] {processor.py:651} INFO - DAG(s) dict_keys(['my_dag']) retrieved from /opt/airflow/dags/my_dag.py
[2022-07-17 19:49:32,236] {logging_mixin.py:115} INFO - [2022-07-17 19:49:32,236] {dag.py:2420} INFO - Sync 1 DAGs
[2022-07-17 19:49:32,264] {logging_mixin.py:115} INFO - [2022-07-17 19:49:32,264] {dag.py:2972} INFO - Setting next_dagrun for my_dag to 2022-07-16T00:00:00+00:00, run_after=2022-07-17T00:00:00+00:00
[2022-07-17 19:49:32,278] {processor.py:161} INFO - Processing /opt/airflow/dags/my_dag.py took 0.095 seconds
[2022-07-17 19:50:02,626] {processor.py:153} INFO - Started process (PID=1617) to work on /opt/airflow/dags/my_dag.py
[2022-07-17 19:50:02,626] {processor.py:641} INFO - Processing file /opt/airflow/dags/my_dag.py for tasks to queue
[2022-07-17 19:50:02,627] {logging_mixin.py:115} INFO - [2022-07-17 19:50:02,627] {dagbag.py:508} INFO - Filling up the DagBag from /opt/airflow/dags/my_dag.py
[2022-07-17 19:50:02,640] {processor.py:651} INFO - DAG(s) dict_keys(['my_dag']) retrieved from /opt/airflow/dags/my_dag.py
[2022-07-17 19:50:02,671] {logging_mixin.py:115} INFO - [2022-07-17 19:50:02,671] {dag.py:2420} INFO - Sync 1 DAGs
[2022-07-17 19:50:02,702] {logging_mixin.py:115} INFO - [2022-07-17 19:50:02,702] {dag.py:2972} INFO - Setting next_dagrun for my_dag to 2022-07-16T00:00:00+00:00, run_after=2022-07-17T00:00:00+00:00
[2022-07-17 19:50:02,714] {processor.py:161} INFO - Processing /opt/airflow/dags/my_dag.py took 0.092 seconds
[2022-07-17 19:50:33,007] {processor.py:153} INFO - Started process (PID=1674) to work on /opt/airflow/dags/my_dag.py
[2022-07-17 19:50:33,009] {processor.py:641} INFO - Processing file /opt/airflow/dags/my_dag.py for tasks to queue
[2022-07-17 19:50:33,010] {logging_mixin.py:115} INFO - [2022-07-17 19:50:33,010] {dagbag.py:508} INFO - Filling up the DagBag from /opt/airflow/dags/my_dag.py
[2022-07-17 19:50:33,049] {processor.py:651} INFO - DAG(s) dict_keys(['my_dag']) retrieved from /opt/airflow/dags/my_dag.py
[2022-07-17 19:50:33,089] {logging_mixin.py:115} INFO - [2022-07-17 19:50:33,089] {dag.py:2420} INFO - Sync 1 DAGs
[2022-07-17 19:50:33,117] {logging_mixin.py:115} INFO - [2022-07-17 19:50:33,117] {dag.py:2972} INFO - Setting next_dagrun for my_dag to 2022-07-16T00:00:00+00:00, run_after=2022-07-17T00:00:00+00:00
[2022-07-17 19:50:33,130] {processor.py:161} INFO - Processing /opt/airflow/dags/my_dag.py took 0.133 seconds
[2022-07-17 19:51:03,452] {processor.py:153} INFO - Started process (PID=1739) to work on /opt/airflow/dags/my_dag.py
[2022-07-17 19:51:03,453] {processor.py:641} INFO - Processing file /opt/airflow/dags/my_dag.py for tasks to queue
[2022-07-17 19:51:03,454] {logging_mixin.py:115} INFO - [2022-07-17 19:51:03,454] {dagbag.py:508} INFO - Filling up the DagBag from /opt/airflow/dags/my_dag.py
[2022-07-17 19:51:03,474] {processor.py:651} INFO - DAG(s) dict_keys(['my_dag']) retrieved from /opt/airflow/dags/my_dag.py
[2022-07-17 19:51:03,503] {logging_mixin.py:115} INFO - [2022-07-17 19:51:03,503] {dag.py:2420} INFO - Sync 1 DAGs
[2022-07-17 19:51:03,532] {logging_mixin.py:115} INFO - [2022-07-17 19:51:03,532] {dag.py:2972} INFO - Setting next_dagrun for my_dag to 2022-07-16T00:00:00+00:00, run_after=2022-07-17T00:00:00+00:00
[2022-07-17 19:51:03,545] {processor.py:161} INFO - Processing /opt/airflow/dags/my_dag.py took 0.099 seconds
[2022-07-17 19:51:33,709] {processor.py:153} INFO - Started process (PID=1794) to work on /opt/airflow/dags/my_dag.py
[2022-07-17 19:51:33,710] {processor.py:641} INFO - Processing file /opt/airflow/dags/my_dag.py for tasks to queue
[2022-07-17 19:51:33,711] {logging_mixin.py:115} INFO - [2022-07-17 19:51:33,711] {dagbag.py:508} INFO - Filling up the DagBag from /opt/airflow/dags/my_dag.py
[2022-07-17 19:51:33,723] {processor.py:651} INFO - DAG(s) dict_keys(['my_dag']) retrieved from /opt/airflow/dags/my_dag.py
[2022-07-17 19:51:33,752] {logging_mixin.py:115} INFO - [2022-07-17 19:51:33,752] {dag.py:2420} INFO - Sync 1 DAGs
[2022-07-17 19:51:33,782] {logging_mixin.py:115} INFO - [2022-07-17 19:51:33,781] {dag.py:2972} INFO - Setting next_dagrun for my_dag to 2022-07-16T00:00:00+00:00, run_after=2022-07-17T00:00:00+00:00
[2022-07-17 19:51:33,795] {processor.py:161} INFO - Processing /opt/airflow/dags/my_dag.py took 0.089 seconds
[2022-07-17 19:52:03,889] {processor.py:153} INFO - Started process (PID=1858) to work on /opt/airflow/dags/my_dag.py
[2022-07-17 19:52:03,891] {processor.py:641} INFO - Processing file /opt/airflow/dags/my_dag.py for tasks to queue
[2022-07-17 19:52:03,892] {logging_mixin.py:115} INFO - [2022-07-17 19:52:03,892] {dagbag.py:508} INFO - Filling up the DagBag from /opt/airflow/dags/my_dag.py
[2022-07-17 19:52:03,915] {processor.py:651} INFO - DAG(s) dict_keys(['my_dag']) retrieved from /opt/airflow/dags/my_dag.py
[2022-07-17 19:52:03,944] {logging_mixin.py:115} INFO - [2022-07-17 19:52:03,944] {dag.py:2420} INFO - Sync 1 DAGs
[2022-07-17 19:52:03,972] {logging_mixin.py:115} INFO - [2022-07-17 19:52:03,971] {dag.py:2972} INFO - Setting next_dagrun for my_dag to 2022-07-16T00:00:00+00:00, run_after=2022-07-17T00:00:00+00:00
[2022-07-17 19:52:03,984] {processor.py:161} INFO - Processing /opt/airflow/dags/my_dag.py took 0.106 seconds
[2022-07-17 19:52:34,457] {processor.py:153} INFO - Started process (PID=1922) to work on /opt/airflow/dags/my_dag.py
[2022-07-17 19:52:34,458] {processor.py:641} INFO - Processing file /opt/airflow/dags/my_dag.py for tasks to queue
[2022-07-17 19:52:34,458] {logging_mixin.py:115} INFO - [2022-07-17 19:52:34,458] {dagbag.py:508} INFO - Filling up the DagBag from /opt/airflow/dags/my_dag.py
[2022-07-17 19:52:34,469] {processor.py:651} INFO - DAG(s) dict_keys(['my_dag']) retrieved from /opt/airflow/dags/my_dag.py
[2022-07-17 19:52:34,493] {logging_mixin.py:115} INFO - [2022-07-17 19:52:34,493] {dag.py:2420} INFO - Sync 1 DAGs
[2022-07-17 19:52:34,517] {logging_mixin.py:115} INFO - [2022-07-17 19:52:34,517] {dag.py:2972} INFO - Setting next_dagrun for my_dag to 2022-07-16T00:00:00+00:00, run_after=2022-07-17T00:00:00+00:00
[2022-07-17 19:52:34,529] {processor.py:161} INFO - Processing /opt/airflow/dags/my_dag.py took 0.075 seconds
[2022-07-17 19:53:04,752] {processor.py:153} INFO - Started process (PID=1978) to work on /opt/airflow/dags/my_dag.py
[2022-07-17 19:53:04,754] {processor.py:641} INFO - Processing file /opt/airflow/dags/my_dag.py for tasks to queue
[2022-07-17 19:53:04,755] {logging_mixin.py:115} INFO - [2022-07-17 19:53:04,755] {dagbag.py:508} INFO - Filling up the DagBag from /opt/airflow/dags/my_dag.py
[2022-07-17 19:53:04,783] {processor.py:651} INFO - DAG(s) dict_keys(['my_dag']) retrieved from /opt/airflow/dags/my_dag.py
[2022-07-17 19:53:04,819] {logging_mixin.py:115} INFO - [2022-07-17 19:53:04,819] {dag.py:2420} INFO - Sync 1 DAGs
[2022-07-17 19:53:04,848] {logging_mixin.py:115} INFO - [2022-07-17 19:53:04,848] {dag.py:2972} INFO - Setting next_dagrun for my_dag to 2022-07-16T00:00:00+00:00, run_after=2022-07-17T00:00:00+00:00
[2022-07-17 19:53:04,860] {processor.py:161} INFO - Processing /opt/airflow/dags/my_dag.py took 0.118 seconds
[2022-07-17 19:53:35,159] {processor.py:153} INFO - Started process (PID=2041) to work on /opt/airflow/dags/my_dag.py
[2022-07-17 19:53:35,160] {processor.py:641} INFO - Processing file /opt/airflow/dags/my_dag.py for tasks to queue
[2022-07-17 19:53:35,160] {logging_mixin.py:115} INFO - [2022-07-17 19:53:35,160] {dagbag.py:508} INFO - Filling up the DagBag from /opt/airflow/dags/my_dag.py
[2022-07-17 19:53:35,171] {processor.py:651} INFO - DAG(s) dict_keys(['my_dag']) retrieved from /opt/airflow/dags/my_dag.py
[2022-07-17 19:53:35,196] {logging_mixin.py:115} INFO - [2022-07-17 19:53:35,196] {dag.py:2420} INFO - Sync 1 DAGs
[2022-07-17 19:53:35,222] {logging_mixin.py:115} INFO - [2022-07-17 19:53:35,222] {dag.py:2972} INFO - Setting next_dagrun for my_dag to 2022-07-16T00:00:00+00:00, run_after=2022-07-17T00:00:00+00:00
[2022-07-17 19:53:35,234] {processor.py:161} INFO - Processing /opt/airflow/dags/my_dag.py took 0.077 seconds
[2022-07-17 19:54:05,326] {processor.py:153} INFO - Started process (PID=2097) to work on /opt/airflow/dags/my_dag.py
[2022-07-17 19:54:05,328] {processor.py:641} INFO - Processing file /opt/airflow/dags/my_dag.py for tasks to queue
[2022-07-17 19:54:05,330] {logging_mixin.py:115} INFO - [2022-07-17 19:54:05,330] {dagbag.py:508} INFO - Filling up the DagBag from /opt/airflow/dags/my_dag.py
[2022-07-17 19:54:05,349] {processor.py:651} INFO - DAG(s) dict_keys(['my_dag']) retrieved from /opt/airflow/dags/my_dag.py
[2022-07-17 19:54:05,379] {logging_mixin.py:115} INFO - [2022-07-17 19:54:05,379] {dag.py:2420} INFO - Sync 1 DAGs
[2022-07-17 19:54:05,406] {logging_mixin.py:115} INFO - [2022-07-17 19:54:05,405] {dag.py:2972} INFO - Setting next_dagrun for my_dag to 2022-07-16T00:00:00+00:00, run_after=2022-07-17T00:00:00+00:00
[2022-07-17 19:54:05,417] {processor.py:161} INFO - Processing /opt/airflow/dags/my_dag.py took 0.102 seconds
[2022-07-17 19:54:35,560] {processor.py:153} INFO - Started process (PID=2161) to work on /opt/airflow/dags/my_dag.py
[2022-07-17 19:54:35,562] {processor.py:641} INFO - Processing file /opt/airflow/dags/my_dag.py for tasks to queue
[2022-07-17 19:54:35,563] {logging_mixin.py:115} INFO - [2022-07-17 19:54:35,563] {dagbag.py:508} INFO - Filling up the DagBag from /opt/airflow/dags/my_dag.py
[2022-07-17 19:54:35,584] {processor.py:651} INFO - DAG(s) dict_keys(['my_dag']) retrieved from /opt/airflow/dags/my_dag.py
[2022-07-17 19:54:35,611] {logging_mixin.py:115} INFO - [2022-07-17 19:54:35,611] {dag.py:2420} INFO - Sync 1 DAGs
[2022-07-17 19:54:35,636] {logging_mixin.py:115} INFO - [2022-07-17 19:54:35,636] {dag.py:2972} INFO - Setting next_dagrun for my_dag to 2022-07-16T00:00:00+00:00, run_after=2022-07-17T00:00:00+00:00
[2022-07-17 19:54:35,648] {processor.py:161} INFO - Processing /opt/airflow/dags/my_dag.py took 0.097 seconds
[2022-07-17 19:55:05,795] {processor.py:153} INFO - Started process (PID=2216) to work on /opt/airflow/dags/my_dag.py
[2022-07-17 19:55:05,796] {processor.py:641} INFO - Processing file /opt/airflow/dags/my_dag.py for tasks to queue
[2022-07-17 19:55:05,798] {logging_mixin.py:115} INFO - [2022-07-17 19:55:05,797] {dagbag.py:508} INFO - Filling up the DagBag from /opt/airflow/dags/my_dag.py
[2022-07-17 19:55:05,817] {processor.py:651} INFO - DAG(s) dict_keys(['my_dag']) retrieved from /opt/airflow/dags/my_dag.py
[2022-07-17 19:55:05,847] {logging_mixin.py:115} INFO - [2022-07-17 19:55:05,847] {dag.py:2420} INFO - Sync 1 DAGs
[2022-07-17 19:55:05,875] {logging_mixin.py:115} INFO - [2022-07-17 19:55:05,875] {dag.py:2972} INFO - Setting next_dagrun for my_dag to 2022-07-16T00:00:00+00:00, run_after=2022-07-17T00:00:00+00:00
[2022-07-17 19:55:05,889] {processor.py:161} INFO - Processing /opt/airflow/dags/my_dag.py took 0.104 seconds
[2022-07-17 19:55:36,294] {processor.py:153} INFO - Started process (PID=2282) to work on /opt/airflow/dags/my_dag.py
[2022-07-17 19:55:36,296] {processor.py:641} INFO - Processing file /opt/airflow/dags/my_dag.py for tasks to queue
[2022-07-17 19:55:36,298] {logging_mixin.py:115} INFO - [2022-07-17 19:55:36,297] {dagbag.py:508} INFO - Filling up the DagBag from /opt/airflow/dags/my_dag.py
[2022-07-17 19:55:36,318] {processor.py:651} INFO - DAG(s) dict_keys(['my_dag']) retrieved from /opt/airflow/dags/my_dag.py
[2022-07-17 19:55:36,347] {logging_mixin.py:115} INFO - [2022-07-17 19:55:36,347] {dag.py:2420} INFO - Sync 1 DAGs
[2022-07-17 19:55:36,373] {logging_mixin.py:115} INFO - [2022-07-17 19:55:36,373] {dag.py:2972} INFO - Setting next_dagrun for my_dag to 2022-07-16T00:00:00+00:00, run_after=2022-07-17T00:00:00+00:00
[2022-07-17 19:55:36,387] {processor.py:161} INFO - Processing /opt/airflow/dags/my_dag.py took 0.104 seconds
[2022-07-17 19:56:06,817] {processor.py:153} INFO - Started process (PID=2346) to work on /opt/airflow/dags/my_dag.py
[2022-07-17 19:56:06,818] {processor.py:641} INFO - Processing file /opt/airflow/dags/my_dag.py for tasks to queue
[2022-07-17 19:56:06,819] {logging_mixin.py:115} INFO - [2022-07-17 19:56:06,819] {dagbag.py:508} INFO - Filling up the DagBag from /opt/airflow/dags/my_dag.py
[2022-07-17 19:56:06,829] {processor.py:651} INFO - DAG(s) dict_keys(['my_dag']) retrieved from /opt/airflow/dags/my_dag.py
[2022-07-17 19:56:06,854] {logging_mixin.py:115} INFO - [2022-07-17 19:56:06,854] {dag.py:2420} INFO - Sync 1 DAGs
[2022-07-17 19:56:06,884] {logging_mixin.py:115} INFO - [2022-07-17 19:56:06,884] {dag.py:2972} INFO - Setting next_dagrun for my_dag to 2022-07-16T00:00:00+00:00, run_after=2022-07-17T00:00:00+00:00
[2022-07-17 19:56:06,901] {processor.py:161} INFO - Processing /opt/airflow/dags/my_dag.py took 0.086 seconds
[2022-07-17 19:56:37,151] {processor.py:153} INFO - Started process (PID=2403) to work on /opt/airflow/dags/my_dag.py
[2022-07-17 19:56:37,152] {processor.py:641} INFO - Processing file /opt/airflow/dags/my_dag.py for tasks to queue
[2022-07-17 19:56:37,152] {logging_mixin.py:115} INFO - [2022-07-17 19:56:37,152] {dagbag.py:508} INFO - Filling up the DagBag from /opt/airflow/dags/my_dag.py
[2022-07-17 19:56:37,167] {processor.py:651} INFO - DAG(s) dict_keys(['my_dag']) retrieved from /opt/airflow/dags/my_dag.py
[2022-07-17 19:56:37,197] {logging_mixin.py:115} INFO - [2022-07-17 19:56:37,197] {dag.py:2420} INFO - Sync 1 DAGs
[2022-07-17 19:56:37,230] {logging_mixin.py:115} INFO - [2022-07-17 19:56:37,230] {dag.py:2972} INFO - Setting next_dagrun for my_dag to 2022-07-16T00:00:00+00:00, run_after=2022-07-17T00:00:00+00:00
[2022-07-17 19:56:37,248] {processor.py:161} INFO - Processing /opt/airflow/dags/my_dag.py took 0.101 seconds
[2022-07-17 19:57:07,359] {processor.py:153} INFO - Started process (PID=2467) to work on /opt/airflow/dags/my_dag.py
[2022-07-17 19:57:07,360] {processor.py:641} INFO - Processing file /opt/airflow/dags/my_dag.py for tasks to queue
[2022-07-17 19:57:07,360] {logging_mixin.py:115} INFO - [2022-07-17 19:57:07,360] {dagbag.py:508} INFO - Filling up the DagBag from /opt/airflow/dags/my_dag.py
[2022-07-17 19:57:07,370] {processor.py:651} INFO - DAG(s) dict_keys(['my_dag']) retrieved from /opt/airflow/dags/my_dag.py
[2022-07-17 19:57:07,395] {logging_mixin.py:115} INFO - [2022-07-17 19:57:07,395] {dag.py:2420} INFO - Sync 1 DAGs
[2022-07-17 19:57:07,419] {logging_mixin.py:115} INFO - [2022-07-17 19:57:07,419] {dag.py:2972} INFO - Setting next_dagrun for my_dag to 2022-07-16T00:00:00+00:00, run_after=2022-07-17T00:00:00+00:00
[2022-07-17 19:57:07,430] {processor.py:161} INFO - Processing /opt/airflow/dags/my_dag.py took 0.074 seconds
[2022-07-17 19:57:37,515] {processor.py:153} INFO - Started process (PID=2522) to work on /opt/airflow/dags/my_dag.py
[2022-07-17 19:57:37,515] {processor.py:641} INFO - Processing file /opt/airflow/dags/my_dag.py for tasks to queue
[2022-07-17 19:57:37,516] {logging_mixin.py:115} INFO - [2022-07-17 19:57:37,516] {dagbag.py:508} INFO - Filling up the DagBag from /opt/airflow/dags/my_dag.py
[2022-07-17 19:57:37,531] {processor.py:651} INFO - DAG(s) dict_keys(['my_dag']) retrieved from /opt/airflow/dags/my_dag.py
[2022-07-17 19:57:37,564] {logging_mixin.py:115} INFO - [2022-07-17 19:57:37,564] {dag.py:2420} INFO - Sync 1 DAGs
[2022-07-17 19:57:37,599] {logging_mixin.py:115} INFO - [2022-07-17 19:57:37,598] {dag.py:2972} INFO - Setting next_dagrun for my_dag to 2022-07-16T00:00:00+00:00, run_after=2022-07-17T00:00:00+00:00
[2022-07-17 19:57:37,613] {processor.py:161} INFO - Processing /opt/airflow/dags/my_dag.py took 0.103 seconds
[2022-07-17 19:58:07,714] {processor.py:153} INFO - Started process (PID=2586) to work on /opt/airflow/dags/my_dag.py
[2022-07-17 19:58:07,714] {processor.py:641} INFO - Processing file /opt/airflow/dags/my_dag.py for tasks to queue
[2022-07-17 19:58:07,715] {logging_mixin.py:115} INFO - [2022-07-17 19:58:07,715] {dagbag.py:508} INFO - Filling up the DagBag from /opt/airflow/dags/my_dag.py
[2022-07-17 19:58:07,729] {processor.py:651} INFO - DAG(s) dict_keys(['my_dag']) retrieved from /opt/airflow/dags/my_dag.py
[2022-07-17 19:58:07,761] {logging_mixin.py:115} INFO - [2022-07-17 19:58:07,761] {dag.py:2420} INFO - Sync 1 DAGs
[2022-07-17 19:58:07,794] {logging_mixin.py:115} INFO - [2022-07-17 19:58:07,794] {dag.py:2972} INFO - Setting next_dagrun for my_dag to 2022-07-16T00:00:00+00:00, run_after=2022-07-17T00:00:00+00:00
[2022-07-17 19:58:07,809] {processor.py:161} INFO - Processing /opt/airflow/dags/my_dag.py took 0.100 seconds
[2022-07-17 19:58:38,007] {processor.py:153} INFO - Started process (PID=2641) to work on /opt/airflow/dags/my_dag.py
[2022-07-17 19:58:38,008] {processor.py:641} INFO - Processing file /opt/airflow/dags/my_dag.py for tasks to queue
[2022-07-17 19:58:38,010] {logging_mixin.py:115} INFO - [2022-07-17 19:58:38,009] {dagbag.py:508} INFO - Filling up the DagBag from /opt/airflow/dags/my_dag.py
[2022-07-17 19:58:38,033] {processor.py:651} INFO - DAG(s) dict_keys(['my_dag']) retrieved from /opt/airflow/dags/my_dag.py
[2022-07-17 19:58:38,062] {logging_mixin.py:115} INFO - [2022-07-17 19:58:38,062] {dag.py:2420} INFO - Sync 1 DAGs
[2022-07-17 19:58:38,089] {logging_mixin.py:115} INFO - [2022-07-17 19:58:38,089] {dag.py:2972} INFO - Setting next_dagrun for my_dag to 2022-07-16T00:00:00+00:00, run_after=2022-07-17T00:00:00+00:00
[2022-07-17 19:58:38,103] {processor.py:161} INFO - Processing /opt/airflow/dags/my_dag.py took 0.107 seconds
[2022-07-17 19:59:08,463] {processor.py:153} INFO - Started process (PID=2705) to work on /opt/airflow/dags/my_dag.py
[2022-07-17 19:59:08,464] {processor.py:641} INFO - Processing file /opt/airflow/dags/my_dag.py for tasks to queue
[2022-07-17 19:59:08,464] {logging_mixin.py:115} INFO - [2022-07-17 19:59:08,464] {dagbag.py:508} INFO - Filling up the DagBag from /opt/airflow/dags/my_dag.py
[2022-07-17 19:59:08,476] {processor.py:651} INFO - DAG(s) dict_keys(['my_dag']) retrieved from /opt/airflow/dags/my_dag.py
[2022-07-17 19:59:08,501] {logging_mixin.py:115} INFO - [2022-07-17 19:59:08,500] {dag.py:2420} INFO - Sync 1 DAGs
[2022-07-17 19:59:08,526] {logging_mixin.py:115} INFO - [2022-07-17 19:59:08,526] {dag.py:2972} INFO - Setting next_dagrun for my_dag to 2022-07-16T00:00:00+00:00, run_after=2022-07-17T00:00:00+00:00
[2022-07-17 19:59:08,538] {processor.py:161} INFO - Processing /opt/airflow/dags/my_dag.py took 0.078 seconds
[2022-07-17 19:59:38,588] {processor.py:153} INFO - Started process (PID=2759) to work on /opt/airflow/dags/my_dag.py
[2022-07-17 19:59:38,589] {processor.py:641} INFO - Processing file /opt/airflow/dags/my_dag.py for tasks to queue
[2022-07-17 19:59:38,589] {logging_mixin.py:115} INFO - [2022-07-17 19:59:38,589] {dagbag.py:508} INFO - Filling up the DagBag from /opt/airflow/dags/my_dag.py
[2022-07-17 19:59:38,603] {processor.py:651} INFO - DAG(s) dict_keys(['my_dag']) retrieved from /opt/airflow/dags/my_dag.py
[2022-07-17 19:59:38,631] {logging_mixin.py:115} INFO - [2022-07-17 19:59:38,631] {dag.py:2420} INFO - Sync 1 DAGs
[2022-07-17 19:59:38,658] {logging_mixin.py:115} INFO - [2022-07-17 19:59:38,658] {dag.py:2972} INFO - Setting next_dagrun for my_dag to 2022-07-16T00:00:00+00:00, run_after=2022-07-17T00:00:00+00:00
[2022-07-17 19:59:38,670] {processor.py:161} INFO - Processing /opt/airflow/dags/my_dag.py took 0.086 seconds
[2022-07-17 20:00:08,773] {processor.py:153} INFO - Started process (PID=2824) to work on /opt/airflow/dags/my_dag.py
[2022-07-17 20:00:08,773] {processor.py:641} INFO - Processing file /opt/airflow/dags/my_dag.py for tasks to queue
[2022-07-17 20:00:08,773] {logging_mixin.py:115} INFO - [2022-07-17 20:00:08,773] {dagbag.py:508} INFO - Filling up the DagBag from /opt/airflow/dags/my_dag.py
[2022-07-17 20:00:08,784] {processor.py:651} INFO - DAG(s) dict_keys(['my_dag']) retrieved from /opt/airflow/dags/my_dag.py
[2022-07-17 20:00:08,809] {logging_mixin.py:115} INFO - [2022-07-17 20:00:08,809] {dag.py:2420} INFO - Sync 1 DAGs
[2022-07-17 20:00:08,835] {logging_mixin.py:115} INFO - [2022-07-17 20:00:08,835] {dag.py:2972} INFO - Setting next_dagrun for my_dag to 2022-07-16T00:00:00+00:00, run_after=2022-07-17T00:00:00+00:00
[2022-07-17 20:00:08,846] {processor.py:161} INFO - Processing /opt/airflow/dags/my_dag.py took 0.076 seconds
[2022-07-17 20:00:38,924] {processor.py:153} INFO - Started process (PID=2889) to work on /opt/airflow/dags/my_dag.py
[2022-07-17 20:00:38,925] {processor.py:641} INFO - Processing file /opt/airflow/dags/my_dag.py for tasks to queue
[2022-07-17 20:00:38,925] {logging_mixin.py:115} INFO - [2022-07-17 20:00:38,925] {dagbag.py:508} INFO - Filling up the DagBag from /opt/airflow/dags/my_dag.py
[2022-07-17 20:00:38,939] {processor.py:651} INFO - DAG(s) dict_keys(['my_dag']) retrieved from /opt/airflow/dags/my_dag.py
[2022-07-17 20:00:38,972] {logging_mixin.py:115} INFO - [2022-07-17 20:00:38,972] {dag.py:2420} INFO - Sync 1 DAGs
[2022-07-17 20:00:39,009] {logging_mixin.py:115} INFO - [2022-07-17 20:00:39,009] {dag.py:2972} INFO - Setting next_dagrun for my_dag to 2022-07-16T00:00:00+00:00, run_after=2022-07-17T00:00:00+00:00
[2022-07-17 20:00:39,025] {processor.py:161} INFO - Processing /opt/airflow/dags/my_dag.py took 0.105 seconds
[2022-07-17 20:01:09,400] {processor.py:153} INFO - Started process (PID=2944) to work on /opt/airflow/dags/my_dag.py
[2022-07-17 20:01:09,401] {processor.py:641} INFO - Processing file /opt/airflow/dags/my_dag.py for tasks to queue
[2022-07-17 20:01:09,401] {logging_mixin.py:115} INFO - [2022-07-17 20:01:09,401] {dagbag.py:508} INFO - Filling up the DagBag from /opt/airflow/dags/my_dag.py
[2022-07-17 20:01:09,412] {processor.py:651} INFO - DAG(s) dict_keys(['my_dag']) retrieved from /opt/airflow/dags/my_dag.py
[2022-07-17 20:01:09,437] {logging_mixin.py:115} INFO - [2022-07-17 20:01:09,437] {dag.py:2420} INFO - Sync 1 DAGs
[2022-07-17 20:01:09,462] {logging_mixin.py:115} INFO - [2022-07-17 20:01:09,462] {dag.py:2972} INFO - Setting next_dagrun for my_dag to 2022-07-16T00:00:00+00:00, run_after=2022-07-17T00:00:00+00:00
[2022-07-17 20:01:09,474] {processor.py:161} INFO - Processing /opt/airflow/dags/my_dag.py took 0.076 seconds
[2022-07-17 20:01:39,887] {processor.py:153} INFO - Started process (PID=3008) to work on /opt/airflow/dags/my_dag.py
[2022-07-17 20:01:39,887] {processor.py:641} INFO - Processing file /opt/airflow/dags/my_dag.py for tasks to queue
[2022-07-17 20:01:39,888] {logging_mixin.py:115} INFO - [2022-07-17 20:01:39,888] {dagbag.py:508} INFO - Filling up the DagBag from /opt/airflow/dags/my_dag.py
[2022-07-17 20:01:39,901] {processor.py:651} INFO - DAG(s) dict_keys(['my_dag']) retrieved from /opt/airflow/dags/my_dag.py
[2022-07-17 20:01:39,933] {logging_mixin.py:115} INFO - [2022-07-17 20:01:39,932] {dag.py:2420} INFO - Sync 1 DAGs
[2022-07-17 20:01:39,967] {logging_mixin.py:115} INFO - [2022-07-17 20:01:39,967] {dag.py:2972} INFO - Setting next_dagrun for my_dag to 2022-07-16T00:00:00+00:00, run_after=2022-07-17T00:00:00+00:00
[2022-07-17 20:01:39,980] {processor.py:161} INFO - Processing /opt/airflow/dags/my_dag.py took 0.097 seconds
[2022-07-17 20:02:10,065] {processor.py:153} INFO - Started process (PID=3063) to work on /opt/airflow/dags/my_dag.py
[2022-07-17 20:02:10,066] {processor.py:641} INFO - Processing file /opt/airflow/dags/my_dag.py for tasks to queue
[2022-07-17 20:02:10,066] {logging_mixin.py:115} INFO - [2022-07-17 20:02:10,066] {dagbag.py:508} INFO - Filling up the DagBag from /opt/airflow/dags/my_dag.py
[2022-07-17 20:02:10,080] {processor.py:651} INFO - DAG(s) dict_keys(['my_dag']) retrieved from /opt/airflow/dags/my_dag.py
[2022-07-17 20:02:10,113] {logging_mixin.py:115} INFO - [2022-07-17 20:02:10,113] {dag.py:2420} INFO - Sync 1 DAGs
[2022-07-17 20:02:10,146] {logging_mixin.py:115} INFO - [2022-07-17 20:02:10,146] {dag.py:2972} INFO - Setting next_dagrun for my_dag to 2022-07-16T00:00:00+00:00, run_after=2022-07-17T00:00:00+00:00
[2022-07-17 20:02:10,160] {processor.py:161} INFO - Processing /opt/airflow/dags/my_dag.py took 0.098 seconds
[2022-07-17 20:02:40,933] {processor.py:153} INFO - Started process (PID=3130) to work on /opt/airflow/dags/my_dag.py
[2022-07-17 20:02:40,934] {processor.py:641} INFO - Processing file /opt/airflow/dags/my_dag.py for tasks to queue
[2022-07-17 20:02:40,934] {logging_mixin.py:115} INFO - [2022-07-17 20:02:40,934] {dagbag.py:508} INFO - Filling up the DagBag from /opt/airflow/dags/my_dag.py
[2022-07-17 20:02:40,950] {processor.py:651} INFO - DAG(s) dict_keys(['my_dag']) retrieved from /opt/airflow/dags/my_dag.py
[2022-07-17 20:02:40,991] {logging_mixin.py:115} INFO - [2022-07-17 20:02:40,991] {dag.py:2420} INFO - Sync 1 DAGs
[2022-07-17 20:02:41,039] {logging_mixin.py:115} INFO - [2022-07-17 20:02:41,039] {dag.py:2972} INFO - Setting next_dagrun for my_dag to 2022-07-16T00:00:00+00:00, run_after=2022-07-17T00:00:00+00:00
[2022-07-17 20:02:41,060] {processor.py:161} INFO - Processing /opt/airflow/dags/my_dag.py took 0.133 seconds
[2022-07-17 20:03:11,391] {processor.py:153} INFO - Started process (PID=3194) to work on /opt/airflow/dags/my_dag.py
[2022-07-17 20:03:11,392] {processor.py:641} INFO - Processing file /opt/airflow/dags/my_dag.py for tasks to queue
[2022-07-17 20:03:11,393] {logging_mixin.py:115} INFO - [2022-07-17 20:03:11,392] {dagbag.py:508} INFO - Filling up the DagBag from /opt/airflow/dags/my_dag.py
[2022-07-17 20:03:11,408] {processor.py:651} INFO - DAG(s) dict_keys(['my_dag']) retrieved from /opt/airflow/dags/my_dag.py
[2022-07-17 20:03:11,467] {logging_mixin.py:115} INFO - [2022-07-17 20:03:11,467] {dag.py:2420} INFO - Sync 1 DAGs
[2022-07-17 20:03:11,514] {logging_mixin.py:115} INFO - [2022-07-17 20:03:11,514] {dag.py:2972} INFO - Setting next_dagrun for my_dag to 2022-07-16T00:00:00+00:00, run_after=2022-07-17T00:00:00+00:00
[2022-07-17 20:03:11,532] {processor.py:161} INFO - Processing /opt/airflow/dags/my_dag.py took 0.144 seconds
[2022-07-17 20:03:41,936] {processor.py:153} INFO - Started process (PID=3249) to work on /opt/airflow/dags/my_dag.py
[2022-07-17 20:03:41,937] {processor.py:641} INFO - Processing file /opt/airflow/dags/my_dag.py for tasks to queue
[2022-07-17 20:03:41,938] {logging_mixin.py:115} INFO - [2022-07-17 20:03:41,938] {dagbag.py:508} INFO - Filling up the DagBag from /opt/airflow/dags/my_dag.py
[2022-07-17 20:03:41,956] {processor.py:651} INFO - DAG(s) dict_keys(['my_dag']) retrieved from /opt/airflow/dags/my_dag.py
[2022-07-17 20:03:41,986] {logging_mixin.py:115} INFO - [2022-07-17 20:03:41,985] {dag.py:2420} INFO - Sync 1 DAGs
[2022-07-17 20:03:42,014] {logging_mixin.py:115} INFO - [2022-07-17 20:03:42,014] {dag.py:2972} INFO - Setting next_dagrun for my_dag to 2022-07-16T00:00:00+00:00, run_after=2022-07-17T00:00:00+00:00
[2022-07-17 20:03:42,026] {processor.py:161} INFO - Processing /opt/airflow/dags/my_dag.py took 0.097 seconds
