[2022-07-21 06:30:14,689] {taskinstance.py:1179} INFO - Dependencies all met for <TaskInstance: etl_dag.extract manual__2022-07-21T06:30:12.867044+00:00 [queued]>
[2022-07-21 06:30:14,700] {taskinstance.py:1179} INFO - Dependencies all met for <TaskInstance: etl_dag.extract manual__2022-07-21T06:30:12.867044+00:00 [queued]>
[2022-07-21 06:30:14,701] {taskinstance.py:1376} INFO - 
--------------------------------------------------------------------------------
[2022-07-21 06:30:14,701] {taskinstance.py:1377} INFO - Starting attempt 1 of 1
[2022-07-21 06:30:14,701] {taskinstance.py:1378} INFO - 
--------------------------------------------------------------------------------
[2022-07-21 06:30:14,721] {taskinstance.py:1397} INFO - Executing <Task(PythonOperator): extract> on 2022-07-21 06:30:12.867044+00:00
[2022-07-21 06:30:14,727] {standard_task_runner.py:52} INFO - Started process 203 to run task
[2022-07-21 06:30:14,730] {standard_task_runner.py:79} INFO - Running: ['***', 'tasks', 'run', 'etl_dag', 'extract', 'manual__2022-07-21T06:30:12.867044+00:00', '--job-id', '70', '--raw', '--subdir', 'DAGS_FOLDER/etl_dag.py', '--cfg-path', '/tmp/tmp0sf_pkvd', '--error-file', '/tmp/tmp8lrfrxt0']
[2022-07-21 06:30:14,731] {standard_task_runner.py:80} INFO - Job 70: Subtask extract
[2022-07-21 06:30:14,810] {task_command.py:371} INFO - Running <TaskInstance: etl_dag.extract manual__2022-07-21T06:30:12.867044+00:00 [running]> on host 4514cd19035a
[2022-07-21 06:30:14,912] {taskinstance.py:1591} INFO - Exporting the following env vars:
AIRFLOW_CTX_DAG_OWNER=***
AIRFLOW_CTX_DAG_ID=etl_dag
AIRFLOW_CTX_TASK_ID=extract
AIRFLOW_CTX_EXECUTION_DATE=2022-07-21T06:30:12.867044+00:00
AIRFLOW_CTX_TRY_NUMBER=1
AIRFLOW_CTX_DAG_RUN_ID=manual__2022-07-21T06:30:12.867044+00:00
[2022-07-21 06:30:14,913] {logging_mixin.py:115} INFO - extracting
[2022-07-21 06:30:16,151] {python.py:173} INFO - Done. Returned value was: {'song_name': ['Miras'], 'artist_name': ['Siavash Ghomayshi'], 'played_at': ['2022-07-21T06:26:06.330Z'], 'timestamp': ['2022-07-21']}
[2022-07-21 06:30:16,266] {taskinstance.py:1420} INFO - Marking task as SUCCESS. dag_id=etl_dag, task_id=extract, execution_date=20220721T063012, start_date=20220721T063014, end_date=20220721T063016
[2022-07-21 06:30:16,348] {local_task_job.py:156} INFO - Task exited with return code 0
[2022-07-21 06:30:16,419] {local_task_job.py:273} INFO - 1 downstream tasks scheduled from follow-on schedule check
