[2022-07-16 15:32:36,271] {taskinstance.py:1179} INFO - Dependencies all met for <TaskInstance: my_dag.training_model_C scheduled__2022-07-15T00:00:00+00:00 [queued]>
[2022-07-16 15:32:36,293] {taskinstance.py:1179} INFO - Dependencies all met for <TaskInstance: my_dag.training_model_C scheduled__2022-07-15T00:00:00+00:00 [queued]>
[2022-07-16 15:32:36,294] {taskinstance.py:1376} INFO - 
--------------------------------------------------------------------------------
[2022-07-16 15:32:36,294] {taskinstance.py:1377} INFO - Starting attempt 1 of 1
[2022-07-16 15:32:36,294] {taskinstance.py:1378} INFO - 
--------------------------------------------------------------------------------
[2022-07-16 15:32:36,334] {taskinstance.py:1397} INFO - Executing <Task(PythonOperator): training_model_C> on 2022-07-15 00:00:00+00:00
[2022-07-16 15:32:36,343] {standard_task_runner.py:52} INFO - Started process 1727 to run task
[2022-07-16 15:32:36,349] {standard_task_runner.py:79} INFO - Running: ['***', 'tasks', 'run', 'my_dag', 'training_model_C', 'scheduled__2022-07-15T00:00:00+00:00', '--job-id', '39', '--raw', '--subdir', 'DAGS_FOLDER/my_dag.py', '--cfg-path', '/tmp/tmpi44bawun', '--error-file', '/tmp/tmpw1ajqsl6']
[2022-07-16 15:32:36,349] {standard_task_runner.py:80} INFO - Job 39: Subtask training_model_C
[2022-07-16 15:32:36,517] {task_command.py:371} INFO - Running <TaskInstance: my_dag.training_model_C scheduled__2022-07-15T00:00:00+00:00 [running]> on host f32a6ddd91ec
[2022-07-16 15:32:36,773] {taskinstance.py:1591} INFO - Exporting the following env vars:
AIRFLOW_CTX_DAG_OWNER=***
AIRFLOW_CTX_DAG_ID=my_dag
AIRFLOW_CTX_TASK_ID=training_model_C
AIRFLOW_CTX_EXECUTION_DATE=2022-07-15T00:00:00+00:00
AIRFLOW_CTX_TRY_NUMBER=1
AIRFLOW_CTX_DAG_RUN_ID=scheduled__2022-07-15T00:00:00+00:00
[2022-07-16 15:32:36,775] {python.py:173} INFO - Done. Returned value was: 3
[2022-07-16 15:32:36,859] {taskinstance.py:1420} INFO - Marking task as SUCCESS. dag_id=my_dag, task_id=training_model_C, execution_date=20220715T000000, start_date=20220716T153236, end_date=20220716T153236
[2022-07-16 15:32:36,930] {local_task_job.py:156} INFO - Task exited with return code 0
[2022-07-16 15:32:37,077] {local_task_job.py:273} INFO - 0 downstream tasks scheduled from follow-on schedule check
