[2022-07-18 13:59:56,376] {taskinstance.py:1179} INFO - Dependencies all met for <TaskInstance: etl_dag.sleep manual__2022-07-18T13:59:53.122338+00:00 [queued]>
[2022-07-18 13:59:56,387] {taskinstance.py:1179} INFO - Dependencies all met for <TaskInstance: etl_dag.sleep manual__2022-07-18T13:59:53.122338+00:00 [queued]>
[2022-07-18 13:59:56,387] {taskinstance.py:1376} INFO - 
--------------------------------------------------------------------------------
[2022-07-18 13:59:56,387] {taskinstance.py:1377} INFO - Starting attempt 1 of 1
[2022-07-18 13:59:56,387] {taskinstance.py:1378} INFO - 
--------------------------------------------------------------------------------
[2022-07-18 13:59:56,403] {taskinstance.py:1397} INFO - Executing <Task(BashOperator): sleep> on 2022-07-18 13:59:53.122338+00:00
[2022-07-18 13:59:56,409] {standard_task_runner.py:52} INFO - Started process 3267 to run task
[2022-07-18 13:59:56,412] {standard_task_runner.py:79} INFO - Running: ['***', 'tasks', 'run', 'etl_dag', 'sleep', 'manual__2022-07-18T13:59:53.122338+00:00', '--job-id', '45', '--raw', '--subdir', 'DAGS_FOLDER/etl_dag.py', '--cfg-path', '/tmp/tmp9ug66ps0', '--error-file', '/tmp/tmpau7a_09k']
[2022-07-18 13:59:56,413] {standard_task_runner.py:80} INFO - Job 45: Subtask sleep
[2022-07-18 13:59:56,481] {task_command.py:371} INFO - Running <TaskInstance: etl_dag.sleep manual__2022-07-18T13:59:53.122338+00:00 [running]> on host 70b17816bd7e
[2022-07-18 13:59:56,563] {taskinstance.py:1591} INFO - Exporting the following env vars:
AIRFLOW_CTX_DAG_OWNER=***
AIRFLOW_CTX_DAG_ID=etl_dag
AIRFLOW_CTX_TASK_ID=sleep
AIRFLOW_CTX_EXECUTION_DATE=2022-07-18T13:59:53.122338+00:00
AIRFLOW_CTX_TRY_NUMBER=1
AIRFLOW_CTX_DAG_RUN_ID=manual__2022-07-18T13:59:53.122338+00:00
[2022-07-18 13:59:56,564] {subprocess.py:62} INFO - Tmp dir root location: 
 /tmp
[2022-07-18 13:59:56,565] {subprocess.py:74} INFO - Running command: ['bash', '-c', 'sleep 3']
[2022-07-18 13:59:56,577] {subprocess.py:85} INFO - Output:
[2022-07-18 13:59:59,581] {subprocess.py:96} INFO - Command exited with return code 0
[2022-07-18 13:59:59,617] {taskinstance.py:1420} INFO - Marking task as SUCCESS. dag_id=etl_dag, task_id=sleep, execution_date=20220718T135953, start_date=20220718T135956, end_date=20220718T135959
[2022-07-18 13:59:59,676] {local_task_job.py:156} INFO - Task exited with return code 0
[2022-07-18 13:59:59,730] {local_task_job.py:273} INFO - 1 downstream tasks scheduled from follow-on schedule check
