[2022-07-18 13:58:21,266] {taskinstance.py:1179} INFO - Dependencies all met for <TaskInstance: etl_dag.sleep manual__2022-07-18T13:58:17.504517+00:00 [queued]>
[2022-07-18 13:58:21,277] {taskinstance.py:1179} INFO - Dependencies all met for <TaskInstance: etl_dag.sleep manual__2022-07-18T13:58:17.504517+00:00 [queued]>
[2022-07-18 13:58:21,277] {taskinstance.py:1376} INFO - 
--------------------------------------------------------------------------------
[2022-07-18 13:58:21,277] {taskinstance.py:1377} INFO - Starting attempt 1 of 1
[2022-07-18 13:58:21,277] {taskinstance.py:1378} INFO - 
--------------------------------------------------------------------------------
[2022-07-18 13:58:21,295] {taskinstance.py:1397} INFO - Executing <Task(BashOperator): sleep> on 2022-07-18 13:58:17.504517+00:00
[2022-07-18 13:58:21,301] {standard_task_runner.py:52} INFO - Started process 3182 to run task
[2022-07-18 13:58:21,305] {standard_task_runner.py:79} INFO - Running: ['***', 'tasks', 'run', 'etl_dag', 'sleep', 'manual__2022-07-18T13:58:17.504517+00:00', '--job-id', '41', '--raw', '--subdir', 'DAGS_FOLDER/etl_dag.py', '--cfg-path', '/tmp/tmpwhwax2lb', '--error-file', '/tmp/tmpzwwsggqn']
[2022-07-18 13:58:21,306] {standard_task_runner.py:80} INFO - Job 41: Subtask sleep
[2022-07-18 13:58:21,375] {task_command.py:371} INFO - Running <TaskInstance: etl_dag.sleep manual__2022-07-18T13:58:17.504517+00:00 [running]> on host 70b17816bd7e
[2022-07-18 13:58:21,466] {taskinstance.py:1591} INFO - Exporting the following env vars:
AIRFLOW_CTX_DAG_OWNER=***
AIRFLOW_CTX_DAG_ID=etl_dag
AIRFLOW_CTX_TASK_ID=sleep
AIRFLOW_CTX_EXECUTION_DATE=2022-07-18T13:58:17.504517+00:00
AIRFLOW_CTX_TRY_NUMBER=1
AIRFLOW_CTX_DAG_RUN_ID=manual__2022-07-18T13:58:17.504517+00:00
[2022-07-18 13:58:21,467] {subprocess.py:62} INFO - Tmp dir root location: 
 /tmp
[2022-07-18 13:58:21,468] {subprocess.py:74} INFO - Running command: ['bash', '-c', 'sleep 3']
[2022-07-18 13:58:21,481] {subprocess.py:85} INFO - Output:
[2022-07-18 13:58:24,485] {subprocess.py:96} INFO - Command exited with return code 0
[2022-07-18 13:58:24,517] {taskinstance.py:1420} INFO - Marking task as SUCCESS. dag_id=etl_dag, task_id=sleep, execution_date=20220718T135817, start_date=20220718T135821, end_date=20220718T135824
[2022-07-18 13:58:24,572] {local_task_job.py:156} INFO - Task exited with return code 0
[2022-07-18 13:58:24,637] {local_task_job.py:273} INFO - 1 downstream tasks scheduled from follow-on schedule check
