[2022-07-18 14:54:53,133] {taskinstance.py:1179} INFO - Dependencies all met for <TaskInstance: etl_dag.load manual__2022-07-18T14:54:43.070599+00:00 [queued]>
[2022-07-18 14:54:53,144] {taskinstance.py:1179} INFO - Dependencies all met for <TaskInstance: etl_dag.load manual__2022-07-18T14:54:43.070599+00:00 [queued]>
[2022-07-18 14:54:53,144] {taskinstance.py:1376} INFO - 
--------------------------------------------------------------------------------
[2022-07-18 14:54:53,144] {taskinstance.py:1377} INFO - Starting attempt 1 of 1
[2022-07-18 14:54:53,144] {taskinstance.py:1378} INFO - 
--------------------------------------------------------------------------------
[2022-07-18 14:54:53,167] {taskinstance.py:1397} INFO - Executing <Task(PythonOperator): load> on 2022-07-18 14:54:43.070599+00:00
[2022-07-18 14:54:53,175] {standard_task_runner.py:52} INFO - Started process 5783 to run task
[2022-07-18 14:54:53,179] {standard_task_runner.py:79} INFO - Running: ['***', 'tasks', 'run', 'etl_dag', 'load', 'manual__2022-07-18T14:54:43.070599+00:00', '--job-id', '55', '--raw', '--subdir', 'DAGS_FOLDER/etl_dag.py', '--cfg-path', '/tmp/tmpaeeq_2t4', '--error-file', '/tmp/tmp9akhmwfl']
[2022-07-18 14:54:53,182] {standard_task_runner.py:80} INFO - Job 55: Subtask load
[2022-07-18 14:54:53,273] {task_command.py:371} INFO - Running <TaskInstance: etl_dag.load manual__2022-07-18T14:54:43.070599+00:00 [running]> on host 70b17816bd7e
[2022-07-18 14:54:53,376] {taskinstance.py:1591} INFO - Exporting the following env vars:
AIRFLOW_CTX_DAG_OWNER=***
AIRFLOW_CTX_DAG_ID=etl_dag
AIRFLOW_CTX_TASK_ID=load
AIRFLOW_CTX_EXECUTION_DATE=2022-07-18T14:54:43.070599+00:00
AIRFLOW_CTX_TRY_NUMBER=1
AIRFLOW_CTX_DAG_RUN_ID=manual__2022-07-18T14:54:43.070599+00:00
[2022-07-18 14:54:53,404] {logging_mixin.py:115} INFO -          song_name        artist_name                 played_at   timestamp
0           Avareh  Siavash Ghomayshi  2022-07-18T05:48:12.234Z  2022-07-18
1           Arezou  Siavash Ghomayshi  2022-07-17T20:44:56.091Z  2022-07-17
2           Tabiat  Siavash Ghomayshi  2022-07-17T20:41:01.954Z  2022-07-17
3          Setareh  Siavash Ghomayshi  2022-07-17T20:37:43.707Z  2022-07-17
4      Tasavor Kon  Siavash Ghomayshi  2022-07-17T20:34:02.940Z  2022-07-17
5  Daryaye Maghreb  Siavash Ghomayshi  2022-07-17T20:29:53.538Z  2022-07-17
6         Parandeh  Siavash Ghomayshi  2022-07-17T20:25:50.882Z  2022-07-17
7         Yadegari  Siavash Ghomayshi  2022-07-17T20:22:27.220Z  2022-07-17
[2022-07-18 14:54:53,404] {logging_mixin.py:115} INFO - /home/mahdis/my_projects/***_marc/song_data.csv
[2022-07-18 14:54:53,406] {taskinstance.py:1909} ERROR - Task failed with exception
Traceback (most recent call last):
  File "/home/airflow/.local/lib/python3.7/site-packages/airflow/operators/python.py", line 171, in execute
    return_value = self.execute_callable()
  File "/home/airflow/.local/lib/python3.7/site-packages/airflow/operators/python.py", line 189, in execute_callable
    return self.python_callable(*self.op_args, **self.op_kwargs)
  File "/opt/airflow/dags/etl_dag.py", line 107, in load
    song_df.to_csv(file_path)
  File "/home/airflow/.local/lib/python3.7/site-packages/pandas/core/generic.py", line 3482, in to_csv
    storage_options=storage_options,
  File "/home/airflow/.local/lib/python3.7/site-packages/pandas/io/formats/format.py", line 1105, in to_csv
    csv_formatter.save()
  File "/home/airflow/.local/lib/python3.7/site-packages/pandas/io/formats/csvs.py", line 243, in save
    storage_options=self.storage_options,
  File "/home/airflow/.local/lib/python3.7/site-packages/pandas/io/common.py", line 707, in get_handle
    newline="",
FileNotFoundError: [Errno 2] No such file or directory: '/home/mahdis/my_projects/airflow_marc/song_data.csv'
[2022-07-18 14:54:53,423] {taskinstance.py:1420} INFO - Marking task as FAILED. dag_id=etl_dag, task_id=load, execution_date=20220718T145443, start_date=20220718T145453, end_date=20220718T145453
[2022-07-18 14:54:53,442] {standard_task_runner.py:97} ERROR - Failed to execute job 55 for task load ([Errno 2] No such file or directory: '/home/mahdis/my_projects/airflow_marc/song_data.csv'; 5783)
[2022-07-18 14:54:53,470] {local_task_job.py:156} INFO - Task exited with return code 1
[2022-07-18 14:54:53,531] {local_task_job.py:273} INFO - 0 downstream tasks scheduled from follow-on schedule check
